#
# There is insufficient memory for the Java Runtime Environment to continue.
# Native memory allocation (malloc) failed to allocate 1266256 bytes. Error detail: Chunk::new
# Possible reasons:
#   The system is out of physical RAM or swap space
#   This process is running with CompressedOops enabled, and the Java Heap may be blocking the growth of the native heap
# Possible solutions:
#   Reduce memory load on the system
#   Increase physical memory or swap space
#   Check if swap backing store is full
#   Decrease Java heap size (-Xmx/-Xms)
#   Decrease number of Java threads
#   Decrease Java thread stack sizes (-Xss)
#   Set larger code cache with -XX:ReservedCodeCacheSize=
#   JVM is running with Unscaled Compressed Oops mode in which the Java heap is
#     placed in the first 4GB address space. The Java Heap base address is the
#     maximum limit for the native heap growth. Please use -XX:HeapBaseMinAddress
#     to set the Java Heap base and to place the Java Heap above 4GB virtual address.
# This output file may be truncated or incomplete.
#
#  Out of Memory Error (arena.cpp:150), pid=13552, tid=14108
#
# JRE version: OpenJDK Runtime Environment (22.0.2+9) (build 22.0.2+9-70)
# Java VM: OpenJDK 64-Bit Server VM (22.0.2+9-70, mixed mode, sharing, tiered, compressed oops, compressed class ptrs, g1 gc, windows-amd64)
# No core dump will be written. Minidumps are not enabled by default on client versions of Windows
#

---------------  S U M M A R Y ------------

Command Line: -DkotlinLanguageServer.version=1.3.13 org.javacs.kt.MainKt

Host: Intel(R) Core(TM) i5-4300U CPU @ 1.90GHz, 4 cores, 7G,  Windows 10 , 64 bit Build 19041 (10.0.19041.5915)
Time: Mon Jun 30 14:40:38 2025 Pakistan Standard Time elapsed time: 3556.551898 seconds (0d 0h 59m 16s)

---------------  T H R E A D  ---------------

Current thread (0x00000192a003d370):  JavaThread "C2 CompilerThread0" daemon [_thread_in_native, id=14108, stack(0x000000207e800000,0x000000207e900000) (1024K)]


Current CompileTask:
C2:3556555 14874   !   4       org.jetbrains.kotlin.metadata.ProtoBuf$Constructor::<init> (520 bytes)

Stack: [0x000000207e800000,0x000000207e900000]
Native frames: (J=compiled Java code, j=interpreted, Vv=VM code, C=native code)
V  [jvm.dll+0x6e26e9]  (no source info available)
V  [jvm.dll+0x875753]  (no source info available)
V  [jvm.dll+0x877b7e]  (no source info available)
V  [jvm.dll+0x878253]  (no source info available)
V  [jvm.dll+0x27fc86]  (no source info available)
V  [jvm.dll+0xc3d0f]  (no source info available)
V  [jvm.dll+0xc3f6b]  (no source info available)
V  [jvm.dll+0x3bb442]  (no source info available)
V  [jvm.dll+0x387d4b]  (no source info available)
V  [jvm.dll+0x3871ba]  (no source info available)
V  [jvm.dll+0x2477f8]  (no source info available)
V  [jvm.dll+0x246e9f]  (no source info available)
V  [jvm.dll+0x1c4e80]  (no source info available)
V  [jvm.dll+0x2568f3]  (no source info available)
V  [jvm.dll+0x254baa]  (no source info available)
V  [jvm.dll+0x3f57a6]  (no source info available)
V  [jvm.dll+0x81dc0b]  (no source info available)
V  [jvm.dll+0x6e0d85]  (no source info available)
C  [ucrtbase.dll+0x21bb2]  (no source info available)
C  [KERNEL32.DLL+0x17374]  (no source info available)
C  [ntdll.dll+0x4cc91]  (no source info available)


---------------  P R O C E S S  ---------------

Threads class SMR info:
_java_thread_list=0x00000192f0c9f710, length=17, elements={
0x00000192a0033a60, 0x00000192a0034930, 0x00000192a003a6c0, 0x00000192a003b120,
0x00000192a003bb80, 0x00000192a003c5e0, 0x00000192a003d370, 0x00000192a01a8730,
0x00000192a02197e0, 0x00000192a021e680, 0x00000192e70420a0, 0x00000192820cbd90,
0x00000192e6b108d0, 0x00000192e7300f10, 0x00000192e7301c30, 0x00000192e6663970,
0x00000192f047d980
}

Java Threads: ( => current thread )
  0x00000192a0033a60 JavaThread "Reference Handler"          daemon [_thread_blocked, id=1436, stack(0x000000207e200000,0x000000207e300000) (1024K)]
  0x00000192a0034930 JavaThread "Finalizer"                  daemon [_thread_blocked, id=14244, stack(0x000000207e300000,0x000000207e400000) (1024K)]
  0x00000192a003a6c0 JavaThread "Signal Dispatcher"          daemon [_thread_blocked, id=6316, stack(0x000000207e400000,0x000000207e500000) (1024K)]
  0x00000192a003b120 JavaThread "Attach Listener"            daemon [_thread_blocked, id=8100, stack(0x000000207e500000,0x000000207e600000) (1024K)]
  0x00000192a003bb80 JavaThread "Service Thread"             daemon [_thread_blocked, id=672, stack(0x000000207e600000,0x000000207e700000) (1024K)]
  0x00000192a003c5e0 JavaThread "Monitor Deflation Thread"   daemon [_thread_blocked, id=5300, stack(0x000000207e700000,0x000000207e800000) (1024K)]
=>0x00000192a003d370 JavaThread "C2 CompilerThread0"         daemon [_thread_in_native, id=14108, stack(0x000000207e800000,0x000000207e900000) (1024K)]
  0x00000192a01a8730 JavaThread "C1 CompilerThread0"         daemon [_thread_blocked, id=8884, stack(0x000000207e900000,0x000000207ea00000) (1024K)]
  0x00000192a02197e0 JavaThread "Notification Thread"        daemon [_thread_blocked, id=11980, stack(0x000000207ea00000,0x000000207eb00000) (1024K)]
  0x00000192a021e680 JavaThread "Common-Cleaner"             daemon [_thread_blocked, id=11984, stack(0x000000207eb00000,0x000000207ec00000) (1024K)]
  0x00000192e70420a0 JavaThread "client"                            [_thread_in_vm, id=11032, stack(0x000000207ef00000,0x000000207f000000) (1024K)]
  0x00000192820cbd90 JavaThread "DestroyJavaVM"                     [_thread_blocked, id=13904, stack(0x000000207d900000,0x000000207da00000) (1024K)]
  0x00000192e6b108d0 JavaThread "async0"                            [_thread_blocked, id=4164, stack(0x000000207f000000,0x000000207f100000) (1024K)]
  0x00000192e7300f10 JavaThread "async1"                            [_thread_blocked, id=8888, stack(0x000000207d800000,0x000000207d900000) (1024K)]
  0x00000192e7301c30 JavaThread "debounce0"                         [_thread_blocked, id=10320, stack(0x000000207da00000,0x000000207db00000) (1024K)]
  0x00000192e6663970 JavaThread "async2"                            [_thread_blocked, id=2780, stack(0x000000207f100000,0x000000207f200000) (1024K)]
  0x00000192f047d980 JavaThread "C2 CompilerThread1"         daemon [_thread_in_native, id=13512, stack(0x000000207f200000,0x000000207f300000) (1024K)]
Total: 17

Other Threads:
  0x00000192a0016320 VMThread "VM Thread"                           [id=12656, stack(0x000000207e100000,0x000000207e200000) (1024K)]
  0x000001929fffbff0 WatcherThread "VM Periodic Task Thread"        [id=3732, stack(0x000000207e000000,0x000000207e100000) (1024K)]
  0x00000192841f4580 WorkerThread "GC Thread#0"                     [id=5132, stack(0x000000207db00000,0x000000207dc00000) (1024K)]
  0x00000192a07c1760 WorkerThread "GC Thread#1"                     [id=6772, stack(0x000000207ec00000,0x000000207ed00000) (1024K)]
  0x00000192a05b98e0 WorkerThread "GC Thread#2"                     [id=6652, stack(0x000000207ed00000,0x000000207ee00000) (1024K)]
  0x00000192a05b9c90 WorkerThread "GC Thread#3"                     [id=8276, stack(0x000000207ee00000,0x000000207ef00000) (1024K)]
  0x0000019284204bb0 ConcurrentGCThread "G1 Main Marker"            [id=6568, stack(0x000000207dc00000,0x000000207dd00000) (1024K)]
  0x0000019284205870 WorkerThread "G1 Conc#0"                       [id=2020, stack(0x000000207dd00000,0x000000207de00000) (1024K)]
  0x000001928425eaa0 ConcurrentGCThread "G1 Refine#0"               [id=3804, stack(0x000000207de00000,0x000000207df00000) (1024K)]
  0x000001929fece930 ConcurrentGCThread "G1 Service"                [id=13128, stack(0x000000207df00000,0x000000207e000000) (1024K)]
Total: 10

Threads with active compile tasks:
C2 CompilerThread0  3556807 14874   !   4       org.jetbrains.kotlin.metadata.ProtoBuf$Constructor::<init> (520 bytes)
C2 CompilerThread1  3556808 14924       4       org.jetbrains.kotlin.protobuf.FieldSet::writeElementNoTag (378 bytes)
Total: 2

VM state: not at safepoint (normal execution)

VM Mutex/Monitor currently owned by a thread: None

Heap address: 0x0000000084e00000, size: 1970 MB, Compressed Oops mode: 32-bit

CDS archive(s) mapped at: [0x00000192a1000000-0x00000192a1c60000-0x00000192a1c60000), size 12976128, SharedBaseAddress: 0x00000192a1000000, ArchiveRelocationMode: 1.
Compressed class space mapped at: 0x00000192a2000000-0x00000192e2000000, reserved size: 1073741824
Narrow klass base: 0x00000192a1000000, Narrow klass shift: 0, Narrow klass range: 0x41000000

GC Precious Log:
 CardTable entry size: 512
 Card Set container configuration: InlinePtr #cards 5 size 8 Array Of Cards #cards 12 size 40 Howl #buckets 4 coarsen threshold 1843 Howl Bitmap #cards 512 size 80 coarsen threshold 460 Card regions per heap region 1 cards per card region 2048
 CPUs: 4 total, 4 available
 Memory: 7878M
 Large Page Support: Disabled
 NUMA Support: Disabled
 Compressed Oops: Enabled (32-bit)
 Heap Region Size: 1M
 Heap Min Capacity: 8M
 Heap Initial Capacity: 124M
 Heap Max Capacity: 1970M
 Pre-touch: Disabled
 Parallel Workers: 4
 Concurrent Workers: 1
 Concurrent Refinement Workers: 4
 Periodic GC: Disabled

Heap:
 garbage-first heap   total reserved 2017280K, committed 225280K, used 121684K [0x0000000084e00000, 0x0000000100000000)
  region size 1024K, 59 young (60416K), 4 survivors (4096K)
 Metaspace       used 71149K, committed 71936K, reserved 1114112K
  class space    used 8080K, committed 8448K, reserved 1048576K

Heap Regions: E=young(eden), S=young(survivor), O=old, HS=humongous(starts), HC=humongous(continues), CS=collection set, F=free, TAMS=top-at-mark-start, PB=parsable bottom
|   0|0x0000000084e00000, 0x0000000084f00000, 0x0000000084f00000|100%|HS|  |TAMS 0x0000000084e00000| PB 0x0000000084e00000| Complete |  0
|   1|0x0000000084f00000, 0x0000000085000000, 0x0000000085000000|100%|HC|  |TAMS 0x0000000084f00000| PB 0x0000000084f00000| Complete |  0
|   2|0x0000000085000000, 0x0000000085100000, 0x0000000085100000|100%|HC|  |TAMS 0x0000000085000000| PB 0x0000000085000000| Complete |  0
|   3|0x0000000085100000, 0x0000000085200000, 0x0000000085200000|100%|HC|  |TAMS 0x0000000085100000| PB 0x0000000085100000| Complete |  0
|   4|0x0000000085200000, 0x0000000085300000, 0x0000000085300000|100%| O|  |TAMS 0x0000000085200000| PB 0x0000000085200000| Untracked |  0
|   5|0x0000000085300000, 0x0000000085400000, 0x0000000085400000|100%| O|  |TAMS 0x0000000085300000| PB 0x0000000085300000| Untracked |  0
|   6|0x0000000085400000, 0x0000000085500000, 0x0000000085500000|100%| O|  |TAMS 0x0000000085400000| PB 0x0000000085400000| Untracked |  0
|   7|0x0000000085500000, 0x0000000085600000, 0x0000000085600000|100%| O|  |TAMS 0x0000000085500000| PB 0x0000000085500000| Untracked |  0
|   8|0x0000000085600000, 0x0000000085700000, 0x0000000085700000|100%| O|  |TAMS 0x0000000085600000| PB 0x0000000085600000| Untracked |  0
|   9|0x0000000085700000, 0x0000000085800000, 0x0000000085800000|100%| O|  |TAMS 0x0000000085700000| PB 0x0000000085700000| Untracked |  0
|  10|0x0000000085800000, 0x0000000085800000, 0x0000000085900000|  0%| F|  |TAMS 0x0000000085800000| PB 0x0000000085800000| Untracked |  0
|  11|0x0000000085900000, 0x00000000859d7c58, 0x0000000085a00000| 84%| O|  |TAMS 0x0000000085900000| PB 0x0000000085900000| Untracked |  0
|  12|0x0000000085a00000, 0x0000000085b00000, 0x0000000085b00000|100%| O|  |TAMS 0x0000000085a00000| PB 0x0000000085a00000| Untracked |  0
|  13|0x0000000085b00000, 0x0000000085b00000, 0x0000000085c00000|  0%| F|  |TAMS 0x0000000085b00000| PB 0x0000000085b00000| Untracked |  0
|  14|0x0000000085c00000, 0x0000000085d00000, 0x0000000085d00000|100%| O|  |TAMS 0x0000000085c00000| PB 0x0000000085c00000| Untracked |  0
|  15|0x0000000085d00000, 0x0000000085d00000, 0x0000000085e00000|  0%| F|  |TAMS 0x0000000085d00000| PB 0x0000000085d00000| Untracked |  0
|  16|0x0000000085e00000, 0x0000000085f00000, 0x0000000085f00000|100%| O|  |TAMS 0x0000000085e00000| PB 0x0000000085e00000| Untracked |  0
|  17|0x0000000085f00000, 0x0000000086000000, 0x0000000086000000|100%| O|  |TAMS 0x0000000085f00000| PB 0x0000000085f00000| Untracked |  0
|  18|0x0000000086000000, 0x0000000086100000, 0x0000000086100000|100%| O|  |TAMS 0x0000000086000000| PB 0x0000000086000000| Untracked |  0
|  19|0x0000000086100000, 0x0000000086200000, 0x0000000086200000|100%| O|  |TAMS 0x0000000086100000| PB 0x0000000086100000| Untracked |  0
|  20|0x0000000086200000, 0x0000000086300000, 0x0000000086300000|100%| O|  |TAMS 0x0000000086200000| PB 0x0000000086200000| Untracked |  0
|  21|0x0000000086300000, 0x0000000086400000, 0x0000000086400000|100%| O|  |TAMS 0x0000000086300000| PB 0x0000000086300000| Untracked |  0
|  22|0x0000000086400000, 0x0000000086500000, 0x0000000086500000|100%| O|  |TAMS 0x0000000086400000| PB 0x0000000086400000| Untracked |  0
|  23|0x0000000086500000, 0x0000000086600000, 0x0000000086600000|100%| O|  |TAMS 0x0000000086500000| PB 0x0000000086500000| Untracked |  0
|  24|0x0000000086600000, 0x0000000086700000, 0x0000000086700000|100%| O|  |TAMS 0x0000000086600000| PB 0x0000000086600000| Untracked |  0
|  25|0x0000000086700000, 0x0000000086800000, 0x0000000086800000|100%| O|Cm|TAMS 0x0000000086700000| PB 0x0000000086700000| Complete |  0
|  26|0x0000000086800000, 0x0000000086900000, 0x0000000086900000|100%| O|  |TAMS 0x0000000086800000| PB 0x0000000086800000| Untracked |  0
|  27|0x0000000086900000, 0x0000000086a00000, 0x0000000086a00000|100%| O|  |TAMS 0x0000000086900000| PB 0x0000000086900000| Untracked |  0
|  28|0x0000000086a00000, 0x0000000086b00000, 0x0000000086b00000|100%| O|  |TAMS 0x0000000086a00000| PB 0x0000000086a00000| Untracked |  0
|  29|0x0000000086b00000, 0x0000000086c00000, 0x0000000086c00000|100%| O|  |TAMS 0x0000000086b00000| PB 0x0000000086b00000| Untracked |  0
|  30|0x0000000086c00000, 0x0000000086d00000, 0x0000000086d00000|100%| O|  |TAMS 0x0000000086c00000| PB 0x0000000086c00000| Untracked |  0
|  31|0x0000000086d00000, 0x0000000086e00000, 0x0000000086e00000|100%| O|  |TAMS 0x0000000086d00000| PB 0x0000000086d00000| Untracked |  0
|  32|0x0000000086e00000, 0x0000000086f00000, 0x0000000086f00000|100%| O|  |TAMS 0x0000000086e00000| PB 0x0000000086e00000| Untracked |  0
|  33|0x0000000086f00000, 0x0000000087000000, 0x0000000087000000|100%| O|  |TAMS 0x0000000086f00000| PB 0x0000000086f00000| Untracked |  0
|  34|0x0000000087000000, 0x0000000087100000, 0x0000000087100000|100%| O|  |TAMS 0x0000000087000000| PB 0x0000000087000000| Untracked |  0
|  35|0x0000000087100000, 0x0000000087200000, 0x0000000087200000|100%| O|  |TAMS 0x0000000087100000| PB 0x0000000087100000| Untracked |  0
|  36|0x0000000087200000, 0x0000000087300000, 0x0000000087300000|100%| O|  |TAMS 0x0000000087200000| PB 0x0000000087200000| Untracked |  0
|  37|0x0000000087300000, 0x0000000087400000, 0x0000000087400000|100%| O|  |TAMS 0x0000000087300000| PB 0x0000000087300000| Untracked |  0
|  38|0x0000000087400000, 0x0000000087500000, 0x0000000087500000|100%| O|  |TAMS 0x0000000087400000| PB 0x0000000087400000| Untracked |  0
|  39|0x0000000087500000, 0x0000000087600000, 0x0000000087600000|100%| O|  |TAMS 0x0000000087500000| PB 0x0000000087500000| Untracked |  0
|  40|0x0000000087600000, 0x0000000087700000, 0x0000000087700000|100%| O|  |TAMS 0x0000000087600000| PB 0x0000000087600000| Untracked |  0
|  41|0x0000000087700000, 0x0000000087800000, 0x0000000087800000|100%| O|  |TAMS 0x0000000087700000| PB 0x0000000087700000| Untracked |  0
|  42|0x0000000087800000, 0x0000000087900000, 0x0000000087900000|100%| O|  |TAMS 0x0000000087800000| PB 0x0000000087800000| Untracked |  0
|  43|0x0000000087900000, 0x0000000087a00000, 0x0000000087a00000|100%| O|  |TAMS 0x0000000087900000| PB 0x0000000087900000| Untracked |  0
|  44|0x0000000087a00000, 0x0000000087aaf240, 0x0000000087b00000| 68%| O|  |TAMS 0x0000000087a00000| PB 0x0000000087a00000| Untracked |  0
|  45|0x0000000087b00000, 0x0000000087c00000, 0x0000000087c00000|100%| O|  |TAMS 0x0000000087b00000| PB 0x0000000087b00000| Untracked |  0
|  46|0x0000000087c00000, 0x0000000087d00000, 0x0000000087d00000|100%| O|  |TAMS 0x0000000087c00000| PB 0x0000000087c00000| Untracked |  0
|  47|0x0000000087d00000, 0x0000000087e00000, 0x0000000087e00000|100%| O|  |TAMS 0x0000000087d00000| PB 0x0000000087d00000| Untracked |  0
|  48|0x0000000087e00000, 0x0000000087f00000, 0x0000000087f00000|100%| O|  |TAMS 0x0000000087e00000| PB 0x0000000087e00000| Untracked |  0
|  49|0x0000000087f00000, 0x0000000088000000, 0x0000000088000000|100%| O|  |TAMS 0x0000000087f00000| PB 0x0000000087f00000| Untracked |  0
|  50|0x0000000088000000, 0x0000000088100000, 0x0000000088100000|100%| O|  |TAMS 0x0000000088000000| PB 0x0000000088000000| Untracked |  0
|  51|0x0000000088100000, 0x0000000088200000, 0x0000000088200000|100%| O|  |TAMS 0x0000000088100000| PB 0x0000000088100000| Untracked |  0
|  52|0x0000000088200000, 0x0000000088300000, 0x0000000088300000|100%| O|  |TAMS 0x0000000088200000| PB 0x0000000088200000| Untracked |  0
|  53|0x0000000088300000, 0x0000000088400000, 0x0000000088400000|100%| O|  |TAMS 0x0000000088300000| PB 0x0000000088300000| Untracked |  0
|  54|0x0000000088400000, 0x0000000088500000, 0x0000000088500000|100%| O|  |TAMS 0x0000000088400000| PB 0x0000000088400000| Untracked |  0
|  55|0x0000000088500000, 0x0000000088600000, 0x0000000088600000|100%| O|  |TAMS 0x0000000088500000| PB 0x0000000088500000| Untracked |  0
|  56|0x0000000088600000, 0x0000000088600000, 0x0000000088700000|  0%| F|  |TAMS 0x0000000088600000| PB 0x0000000088600000| Untracked |  0
|  57|0x0000000088700000, 0x0000000088800000, 0x0000000088800000|100%| O|  |TAMS 0x0000000088700000| PB 0x0000000088700000| Untracked |  0
|  58|0x0000000088800000, 0x0000000088900000, 0x0000000088900000|100%| O|  |TAMS 0x0000000088800000| PB 0x0000000088800000| Untracked |  0
|  59|0x0000000088900000, 0x0000000088900000, 0x0000000088a00000|  0%| F|  |TAMS 0x0000000088900000| PB 0x0000000088900000| Untracked |  0
|  60|0x0000000088a00000, 0x0000000088b00000, 0x0000000088b00000|100%| O|  |TAMS 0x0000000088a00000| PB 0x0000000088a00000| Untracked |  0
|  61|0x0000000088b00000, 0x0000000088c00000, 0x0000000088c00000|100%| O|  |TAMS 0x0000000088b00000| PB 0x0000000088b00000| Untracked |  0
|  62|0x0000000088c00000, 0x0000000088c00000, 0x0000000088d00000|  0%| F|  |TAMS 0x0000000088c00000| PB 0x0000000088c00000| Untracked |  0
|  63|0x0000000088d00000, 0x0000000088d00000, 0x0000000088e00000|  0%| F|  |TAMS 0x0000000088d00000| PB 0x0000000088d00000| Untracked |  0
|  64|0x0000000088e00000, 0x0000000088e00000, 0x0000000088f00000|  0%| F|  |TAMS 0x0000000088e00000| PB 0x0000000088e00000| Untracked |  0
|  65|0x0000000088f00000, 0x0000000088f00000, 0x0000000089000000|  0%| F|  |TAMS 0x0000000088f00000| PB 0x0000000088f00000| Untracked |  0
|  66|0x0000000089000000, 0x0000000089000000, 0x0000000089100000|  0%| F|  |TAMS 0x0000000089000000| PB 0x0000000089000000| Untracked |  0
|  67|0x0000000089100000, 0x0000000089100000, 0x0000000089200000|  0%| F|  |TAMS 0x0000000089100000| PB 0x0000000089100000| Untracked |  0
|  68|0x0000000089200000, 0x0000000089200000, 0x0000000089300000|  0%| F|  |TAMS 0x0000000089200000| PB 0x0000000089200000| Untracked |  0
|  69|0x0000000089300000, 0x0000000089300000, 0x0000000089400000|  0%| F|  |TAMS 0x0000000089300000| PB 0x0000000089300000| Untracked |  0
|  70|0x0000000089400000, 0x0000000089400000, 0x0000000089500000|  0%| F|  |TAMS 0x0000000089400000| PB 0x0000000089400000| Untracked |  0
|  71|0x0000000089500000, 0x0000000089500000, 0x0000000089600000|  0%| F|  |TAMS 0x0000000089500000| PB 0x0000000089500000| Untracked |  0
|  72|0x0000000089600000, 0x0000000089600000, 0x0000000089700000|  0%| F|  |TAMS 0x0000000089600000| PB 0x0000000089600000| Untracked |  0
|  73|0x0000000089700000, 0x0000000089700000, 0x0000000089800000|  0%| F|  |TAMS 0x0000000089700000| PB 0x0000000089700000| Untracked |  0
|  74|0x0000000089800000, 0x0000000089800000, 0x0000000089900000|  0%| F|  |TAMS 0x0000000089800000| PB 0x0000000089800000| Untracked |  0
|  75|0x0000000089900000, 0x0000000089900000, 0x0000000089a00000|  0%| F|  |TAMS 0x0000000089900000| PB 0x0000000089900000| Untracked |  0
|  76|0x0000000089a00000, 0x0000000089a00000, 0x0000000089b00000|  0%| F|  |TAMS 0x0000000089a00000| PB 0x0000000089a00000| Untracked |  0
|  77|0x0000000089b00000, 0x0000000089b00000, 0x0000000089c00000|  0%| F|  |TAMS 0x0000000089b00000| PB 0x0000000089b00000| Untracked |  0
|  78|0x0000000089c00000, 0x0000000089c00000, 0x0000000089d00000|  0%| F|  |TAMS 0x0000000089c00000| PB 0x0000000089c00000| Untracked |  0
|  79|0x0000000089d00000, 0x0000000089d00000, 0x0000000089e00000|  0%| F|  |TAMS 0x0000000089d00000| PB 0x0000000089d00000| Untracked |  0
|  80|0x0000000089e00000, 0x0000000089e00000, 0x0000000089f00000|  0%| F|  |TAMS 0x0000000089e00000| PB 0x0000000089e00000| Untracked |  0
|  81|0x0000000089f00000, 0x0000000089f00000, 0x000000008a000000|  0%| F|  |TAMS 0x0000000089f00000| PB 0x0000000089f00000| Untracked |  0
|  82|0x000000008a000000, 0x000000008a100000, 0x000000008a100000|100%| O|  |TAMS 0x000000008a000000| PB 0x000000008a000000| Untracked |  0
|  83|0x000000008a100000, 0x000000008a100000, 0x000000008a200000|  0%| F|  |TAMS 0x000000008a100000| PB 0x000000008a100000| Untracked |  0
|  84|0x000000008a200000, 0x000000008a24e520, 0x000000008a300000| 30%| S|CS|TAMS 0x000000008a200000| PB 0x000000008a200000| Complete |  0
|  85|0x000000008a300000, 0x000000008a400000, 0x000000008a400000|100%| S|CS|TAMS 0x000000008a300000| PB 0x000000008a300000| Complete |  0
|  86|0x000000008a400000, 0x000000008a500000, 0x000000008a500000|100%| S|CS|TAMS 0x000000008a400000| PB 0x000000008a400000| Complete |  0
|  87|0x000000008a500000, 0x000000008a600000, 0x000000008a600000|100%| S|CS|TAMS 0x000000008a500000| PB 0x000000008a500000| Complete |  0
|  88|0x000000008a600000, 0x000000008a600000, 0x000000008a700000|  0%| F|  |TAMS 0x000000008a600000| PB 0x000000008a600000| Untracked |  0
|  89|0x000000008a700000, 0x000000008a700000, 0x000000008a800000|  0%| F|  |TAMS 0x000000008a700000| PB 0x000000008a700000| Untracked |  0
|  90|0x000000008a800000, 0x000000008a800000, 0x000000008a900000|  0%| F|  |TAMS 0x000000008a800000| PB 0x000000008a800000| Untracked |  0
|  91|0x000000008a900000, 0x000000008a900000, 0x000000008aa00000|  0%| F|  |TAMS 0x000000008a900000| PB 0x000000008a900000| Untracked |  0
|  92|0x000000008aa00000, 0x000000008aa00000, 0x000000008ab00000|  0%| F|  |TAMS 0x000000008aa00000| PB 0x000000008aa00000| Untracked |  0
|  93|0x000000008ab00000, 0x000000008ab00000, 0x000000008ac00000|  0%| F|  |TAMS 0x000000008ab00000| PB 0x000000008ab00000| Untracked |  0
|  94|0x000000008ac00000, 0x000000008ac00000, 0x000000008ad00000|  0%| F|  |TAMS 0x000000008ac00000| PB 0x000000008ac00000| Untracked |  0
|  95|0x000000008ad00000, 0x000000008ad00000, 0x000000008ae00000|  0%| F|  |TAMS 0x000000008ad00000| PB 0x000000008ad00000| Untracked |  0
|  96|0x000000008ae00000, 0x000000008ae00000, 0x000000008af00000|  0%| F|  |TAMS 0x000000008ae00000| PB 0x000000008ae00000| Untracked |  0
|  97|0x000000008af00000, 0x000000008af00000, 0x000000008b000000|  0%| F|  |TAMS 0x000000008af00000| PB 0x000000008af00000| Untracked |  0
|  98|0x000000008b000000, 0x000000008b000000, 0x000000008b100000|  0%| F|  |TAMS 0x000000008b000000| PB 0x000000008b000000| Untracked |  0
|  99|0x000000008b100000, 0x000000008b100000, 0x000000008b200000|  0%| F|  |TAMS 0x000000008b100000| PB 0x000000008b100000| Untracked |  0
| 100|0x000000008b200000, 0x000000008b200000, 0x000000008b300000|  0%| F|  |TAMS 0x000000008b200000| PB 0x000000008b200000| Untracked |  0
| 101|0x000000008b300000, 0x000000008b300000, 0x000000008b400000|  0%| F|  |TAMS 0x000000008b300000| PB 0x000000008b300000| Untracked |  0
| 102|0x000000008b400000, 0x000000008b400000, 0x000000008b500000|  0%| F|  |TAMS 0x000000008b400000| PB 0x000000008b400000| Untracked |  0
| 103|0x000000008b500000, 0x000000008b500000, 0x000000008b600000|  0%| F|  |TAMS 0x000000008b500000| PB 0x000000008b500000| Untracked |  0
| 104|0x000000008b600000, 0x000000008b600000, 0x000000008b700000|  0%| F|  |TAMS 0x000000008b600000| PB 0x000000008b600000| Untracked |  0
| 105|0x000000008b700000, 0x000000008b700000, 0x000000008b800000|  0%| F|  |TAMS 0x000000008b700000| PB 0x000000008b700000| Untracked |  0
| 106|0x000000008b800000, 0x000000008b800000, 0x000000008b900000|  0%| F|  |TAMS 0x000000008b800000| PB 0x000000008b800000| Untracked |  0
| 107|0x000000008b900000, 0x000000008b900000, 0x000000008ba00000|  0%| F|  |TAMS 0x000000008b900000| PB 0x000000008b900000| Untracked |  0
| 108|0x000000008ba00000, 0x000000008ba00000, 0x000000008bb00000|  0%| F|  |TAMS 0x000000008ba00000| PB 0x000000008ba00000| Untracked |  0
| 109|0x000000008bb00000, 0x000000008bb00000, 0x000000008bc00000|  0%| F|  |TAMS 0x000000008bb00000| PB 0x000000008bb00000| Untracked |  0
| 110|0x000000008bc00000, 0x000000008bc00000, 0x000000008bd00000|  0%| F|  |TAMS 0x000000008bc00000| PB 0x000000008bc00000| Untracked |  0
| 111|0x000000008bd00000, 0x000000008bd00000, 0x000000008be00000|  0%| F|  |TAMS 0x000000008bd00000| PB 0x000000008bd00000| Untracked |  0
| 112|0x000000008be00000, 0x000000008be00000, 0x000000008bf00000|  0%| F|  |TAMS 0x000000008be00000| PB 0x000000008be00000| Untracked |  0
| 113|0x000000008bf00000, 0x000000008bf00000, 0x000000008c000000|  0%| F|  |TAMS 0x000000008bf00000| PB 0x000000008bf00000| Untracked |  0
| 114|0x000000008c000000, 0x000000008c000000, 0x000000008c100000|  0%| F|  |TAMS 0x000000008c000000| PB 0x000000008c000000| Untracked |  0
| 115|0x000000008c100000, 0x000000008c100000, 0x000000008c200000|  0%| F|  |TAMS 0x000000008c100000| PB 0x000000008c100000| Untracked |  0
| 116|0x000000008c200000, 0x000000008c200000, 0x000000008c300000|  0%| F|  |TAMS 0x000000008c200000| PB 0x000000008c200000| Untracked |  0
| 117|0x000000008c300000, 0x000000008c300000, 0x000000008c400000|  0%| F|  |TAMS 0x000000008c300000| PB 0x000000008c300000| Untracked |  0
| 118|0x000000008c400000, 0x000000008c400000, 0x000000008c500000|  0%| F|  |TAMS 0x000000008c400000| PB 0x000000008c400000| Untracked |  0
| 119|0x000000008c500000, 0x000000008c500000, 0x000000008c600000|  0%| F|  |TAMS 0x000000008c500000| PB 0x000000008c500000| Untracked |  0
| 120|0x000000008c600000, 0x000000008c600000, 0x000000008c700000|  0%| F|  |TAMS 0x000000008c600000| PB 0x000000008c600000| Untracked |  0
| 121|0x000000008c700000, 0x000000008c700000, 0x000000008c800000|  0%| F|  |TAMS 0x000000008c700000| PB 0x000000008c700000| Untracked |  0
| 122|0x000000008c800000, 0x000000008c800000, 0x000000008c900000|  0%| F|  |TAMS 0x000000008c800000| PB 0x000000008c800000| Untracked |  0
| 123|0x000000008c900000, 0x000000008c900000, 0x000000008ca00000|  0%| F|  |TAMS 0x000000008c900000| PB 0x000000008c900000| Untracked |  0
| 124|0x000000008ca00000, 0x000000008ca00000, 0x000000008cb00000|  0%| F|  |TAMS 0x000000008ca00000| PB 0x000000008ca00000| Untracked |  0
| 125|0x000000008cb00000, 0x000000008cb00000, 0x000000008cc00000|  0%| F|  |TAMS 0x000000008cb00000| PB 0x000000008cb00000| Untracked |  0
| 126|0x000000008cc00000, 0x000000008cc00000, 0x000000008cd00000|  0%| F|  |TAMS 0x000000008cc00000| PB 0x000000008cc00000| Untracked |  0
| 127|0x000000008cd00000, 0x000000008cd00000, 0x000000008ce00000|  0%| F|  |TAMS 0x000000008cd00000| PB 0x000000008cd00000| Untracked |  0
| 128|0x000000008ce00000, 0x000000008ce00000, 0x000000008cf00000|  0%| F|  |TAMS 0x000000008ce00000| PB 0x000000008ce00000| Untracked |  0
| 129|0x000000008cf00000, 0x000000008cf00000, 0x000000008d000000|  0%| F|  |TAMS 0x000000008cf00000| PB 0x000000008cf00000| Untracked |  0
| 130|0x000000008d000000, 0x000000008d000000, 0x000000008d100000|  0%| F|  |TAMS 0x000000008d000000| PB 0x000000008d000000| Untracked |  0
| 131|0x000000008d100000, 0x000000008d100000, 0x000000008d200000|  0%| F|  |TAMS 0x000000008d100000| PB 0x000000008d100000| Untracked |  0
| 132|0x000000008d200000, 0x000000008d200000, 0x000000008d300000|  0%| F|  |TAMS 0x000000008d200000| PB 0x000000008d200000| Untracked |  0
| 133|0x000000008d300000, 0x000000008d300000, 0x000000008d400000|  0%| F|  |TAMS 0x000000008d300000| PB 0x000000008d300000| Untracked |  0
| 134|0x000000008d400000, 0x000000008d400000, 0x000000008d500000|  0%| F|  |TAMS 0x000000008d400000| PB 0x000000008d400000| Untracked |  0
| 135|0x000000008d500000, 0x000000008d500000, 0x000000008d600000|  0%| F|  |TAMS 0x000000008d500000| PB 0x000000008d500000| Untracked |  0
| 136|0x000000008d600000, 0x000000008d600000, 0x000000008d700000|  0%| F|  |TAMS 0x000000008d600000| PB 0x000000008d600000| Untracked |  0
| 137|0x000000008d700000, 0x000000008d700000, 0x000000008d800000|  0%| F|  |TAMS 0x000000008d700000| PB 0x000000008d700000| Untracked |  0
| 138|0x000000008d800000, 0x000000008d800000, 0x000000008d900000|  0%| F|  |TAMS 0x000000008d800000| PB 0x000000008d800000| Untracked |  0
| 139|0x000000008d900000, 0x000000008d900000, 0x000000008da00000|  0%| F|  |TAMS 0x000000008d900000| PB 0x000000008d900000| Untracked |  0
| 140|0x000000008da00000, 0x000000008da00000, 0x000000008db00000|  0%| F|  |TAMS 0x000000008da00000| PB 0x000000008da00000| Untracked |  0
| 141|0x000000008db00000, 0x000000008db00000, 0x000000008dc00000|  0%| F|  |TAMS 0x000000008db00000| PB 0x000000008db00000| Untracked |  0
| 142|0x000000008dc00000, 0x000000008dc00000, 0x000000008dd00000|  0%| F|  |TAMS 0x000000008dc00000| PB 0x000000008dc00000| Untracked |  0
| 143|0x000000008dd00000, 0x000000008dd00000, 0x000000008de00000|  0%| F|  |TAMS 0x000000008dd00000| PB 0x000000008dd00000| Untracked |  0
| 144|0x000000008de00000, 0x000000008de00000, 0x000000008df00000|  0%| F|  |TAMS 0x000000008de00000| PB 0x000000008de00000| Untracked |  0
| 145|0x000000008df00000, 0x000000008df00000, 0x000000008e000000|  0%| F|  |TAMS 0x000000008df00000| PB 0x000000008df00000| Untracked |  0
| 146|0x000000008e000000, 0x000000008e000000, 0x000000008e100000|  0%| F|  |TAMS 0x000000008e000000| PB 0x000000008e000000| Untracked |  0
| 147|0x000000008e100000, 0x000000008e100000, 0x000000008e200000|  0%| F|  |TAMS 0x000000008e100000| PB 0x000000008e100000| Untracked |  0
| 148|0x000000008e200000, 0x000000008e200000, 0x000000008e300000|  0%| F|  |TAMS 0x000000008e200000| PB 0x000000008e200000| Untracked |  0
| 149|0x000000008e300000, 0x000000008e400000, 0x000000008e400000|100%| O|  |TAMS 0x000000008e300000| PB 0x000000008e300000| Untracked |  0
| 150|0x000000008e400000, 0x000000008e400000, 0x000000008e500000|  0%| F|  |TAMS 0x000000008e400000| PB 0x000000008e400000| Untracked |  0
| 151|0x000000008e500000, 0x000000008e500000, 0x000000008e600000|  0%| F|  |TAMS 0x000000008e500000| PB 0x000000008e500000| Untracked |  0
| 152|0x000000008e600000, 0x000000008e600000, 0x000000008e700000|  0%| F|  |TAMS 0x000000008e600000| PB 0x000000008e600000| Untracked |  0
| 153|0x000000008e700000, 0x000000008e700000, 0x000000008e800000|  0%| F|  |TAMS 0x000000008e700000| PB 0x000000008e700000| Untracked |  0
| 154|0x000000008e800000, 0x000000008e800000, 0x000000008e900000|  0%| F|  |TAMS 0x000000008e800000| PB 0x000000008e800000| Untracked |  0
| 155|0x000000008e900000, 0x000000008e900000, 0x000000008ea00000|  0%| F|  |TAMS 0x000000008e900000| PB 0x000000008e900000| Untracked |  0
| 156|0x000000008ea00000, 0x000000008ea00000, 0x000000008eb00000|  0%| F|  |TAMS 0x000000008ea00000| PB 0x000000008ea00000| Untracked |  0
| 157|0x000000008eb00000, 0x000000008eb00000, 0x000000008ec00000|  0%| F|  |TAMS 0x000000008eb00000| PB 0x000000008eb00000| Untracked |  0
| 158|0x000000008ec00000, 0x000000008ec00000, 0x000000008ed00000|  0%| F|  |TAMS 0x000000008ec00000| PB 0x000000008ec00000| Untracked |  0
| 159|0x000000008ed00000, 0x000000008ed00000, 0x000000008ee00000|  0%| F|  |TAMS 0x000000008ed00000| PB 0x000000008ed00000| Untracked |  0
| 160|0x000000008ee00000, 0x000000008ee00000, 0x000000008ef00000|  0%| F|  |TAMS 0x000000008ee00000| PB 0x000000008ee00000| Untracked |  0
| 161|0x000000008ef00000, 0x000000008ef80000, 0x000000008f000000| 50%| E|  |TAMS 0x000000008ef00000| PB 0x000000008ef00000| Complete |  0
| 162|0x000000008f000000, 0x000000008f100000, 0x000000008f100000|100%| E|CS|TAMS 0x000000008f000000| PB 0x000000008f000000| Complete |  0
| 163|0x000000008f100000, 0x000000008f200000, 0x000000008f200000|100%| E|CS|TAMS 0x000000008f100000| PB 0x000000008f100000| Complete |  0
| 164|0x000000008f200000, 0x000000008f300000, 0x000000008f300000|100%| E|CS|TAMS 0x000000008f200000| PB 0x000000008f200000| Complete |  0
| 165|0x000000008f300000, 0x000000008f400000, 0x000000008f400000|100%| E|CS|TAMS 0x000000008f300000| PB 0x000000008f300000| Complete |  0
| 166|0x000000008f400000, 0x000000008f500000, 0x000000008f500000|100%| E|CS|TAMS 0x000000008f400000| PB 0x000000008f400000| Complete |  0
| 167|0x000000008f500000, 0x000000008f600000, 0x000000008f600000|100%| E|CS|TAMS 0x000000008f500000| PB 0x000000008f500000| Complete |  0
| 168|0x000000008f600000, 0x000000008f700000, 0x000000008f700000|100%| E|CS|TAMS 0x000000008f600000| PB 0x000000008f600000| Complete |  0
| 169|0x000000008f700000, 0x000000008f800000, 0x000000008f800000|100%| E|CS|TAMS 0x000000008f700000| PB 0x000000008f700000| Complete |  0
| 170|0x000000008f800000, 0x000000008f900000, 0x000000008f900000|100%| E|CS|TAMS 0x000000008f800000| PB 0x000000008f800000| Complete |  0
| 171|0x000000008f900000, 0x000000008fa00000, 0x000000008fa00000|100%| E|CS|TAMS 0x000000008f900000| PB 0x000000008f900000| Complete |  0
| 172|0x000000008fa00000, 0x000000008fb00000, 0x000000008fb00000|100%| E|CS|TAMS 0x000000008fa00000| PB 0x000000008fa00000| Complete |  0
| 173|0x000000008fb00000, 0x000000008fc00000, 0x000000008fc00000|100%| E|CS|TAMS 0x000000008fb00000| PB 0x000000008fb00000| Complete |  0
| 174|0x000000008fc00000, 0x000000008fd00000, 0x000000008fd00000|100%| E|CS|TAMS 0x000000008fc00000| PB 0x000000008fc00000| Complete |  0
| 175|0x000000008fd00000, 0x000000008fe00000, 0x000000008fe00000|100%| E|CS|TAMS 0x000000008fd00000| PB 0x000000008fd00000| Complete |  0
| 176|0x000000008fe00000, 0x000000008ff00000, 0x000000008ff00000|100%| E|CS|TAMS 0x000000008fe00000| PB 0x000000008fe00000| Complete |  0
| 177|0x000000008ff00000, 0x0000000090000000, 0x0000000090000000|100%| E|CS|TAMS 0x000000008ff00000| PB 0x000000008ff00000| Complete |  0
| 178|0x0000000090000000, 0x0000000090100000, 0x0000000090100000|100%| E|CS|TAMS 0x0000000090000000| PB 0x0000000090000000| Complete |  0
| 179|0x0000000090100000, 0x0000000090200000, 0x0000000090200000|100%| E|CS|TAMS 0x0000000090100000| PB 0x0000000090100000| Complete |  0
| 180|0x0000000090200000, 0x0000000090300000, 0x0000000090300000|100%| E|CS|TAMS 0x0000000090200000| PB 0x0000000090200000| Complete |  0
| 181|0x0000000090300000, 0x0000000090400000, 0x0000000090400000|100%| E|CS|TAMS 0x0000000090300000| PB 0x0000000090300000| Complete |  0
| 182|0x0000000090400000, 0x0000000090500000, 0x0000000090500000|100%| E|CS|TAMS 0x0000000090400000| PB 0x0000000090400000| Complete |  0
| 183|0x0000000090500000, 0x0000000090600000, 0x0000000090600000|100%| E|CS|TAMS 0x0000000090500000| PB 0x0000000090500000| Complete |  0
| 184|0x0000000090600000, 0x0000000090700000, 0x0000000090700000|100%| E|CS|TAMS 0x0000000090600000| PB 0x0000000090600000| Complete |  0
| 185|0x0000000090700000, 0x0000000090800000, 0x0000000090800000|100%| E|CS|TAMS 0x0000000090700000| PB 0x0000000090700000| Complete |  0
| 186|0x0000000090800000, 0x0000000090900000, 0x0000000090900000|100%| E|CS|TAMS 0x0000000090800000| PB 0x0000000090800000| Complete |  0
| 187|0x0000000090900000, 0x0000000090a00000, 0x0000000090a00000|100%| E|CS|TAMS 0x0000000090900000| PB 0x0000000090900000| Complete |  0
| 188|0x0000000090a00000, 0x0000000090b00000, 0x0000000090b00000|100%| E|CS|TAMS 0x0000000090a00000| PB 0x0000000090a00000| Complete |  0
| 189|0x0000000090b00000, 0x0000000090c00000, 0x0000000090c00000|100%| E|CS|TAMS 0x0000000090b00000| PB 0x0000000090b00000| Complete |  0
| 190|0x0000000090c00000, 0x0000000090d00000, 0x0000000090d00000|100%| E|CS|TAMS 0x0000000090c00000| PB 0x0000000090c00000| Complete |  0
| 191|0x0000000090d00000, 0x0000000090e00000, 0x0000000090e00000|100%| E|CS|TAMS 0x0000000090d00000| PB 0x0000000090d00000| Complete |  0
| 192|0x0000000090e00000, 0x0000000090f00000, 0x0000000090f00000|100%| E|CS|TAMS 0x0000000090e00000| PB 0x0000000090e00000| Complete |  0
| 193|0x0000000090f00000, 0x0000000091000000, 0x0000000091000000|100%| E|CS|TAMS 0x0000000090f00000| PB 0x0000000090f00000| Complete |  0
| 194|0x0000000091000000, 0x0000000091100000, 0x0000000091100000|100%| E|CS|TAMS 0x0000000091000000| PB 0x0000000091000000| Complete |  0
| 195|0x0000000091100000, 0x0000000091200000, 0x0000000091200000|100%| E|CS|TAMS 0x0000000091100000| PB 0x0000000091100000| Complete |  0
| 196|0x0000000091200000, 0x0000000091300000, 0x0000000091300000|100%| E|CS|TAMS 0x0000000091200000| PB 0x0000000091200000| Complete |  0
| 197|0x0000000091300000, 0x0000000091400000, 0x0000000091400000|100%| E|CS|TAMS 0x0000000091300000| PB 0x0000000091300000| Complete |  0
| 198|0x0000000091400000, 0x0000000091500000, 0x0000000091500000|100%| E|CS|TAMS 0x0000000091400000| PB 0x0000000091400000| Complete |  0
| 199|0x0000000091500000, 0x0000000091600000, 0x0000000091600000|100%| E|CS|TAMS 0x0000000091500000| PB 0x0000000091500000| Complete |  0
| 200|0x0000000091600000, 0x0000000091700000, 0x0000000091700000|100%| E|CS|TAMS 0x0000000091600000| PB 0x0000000091600000| Complete |  0
| 201|0x0000000091700000, 0x0000000091800000, 0x0000000091800000|100%| E|CS|TAMS 0x0000000091700000| PB 0x0000000091700000| Complete |  0
| 202|0x0000000091800000, 0x0000000091900000, 0x0000000091900000|100%| E|CS|TAMS 0x0000000091800000| PB 0x0000000091800000| Complete |  0
| 203|0x0000000091900000, 0x0000000091a00000, 0x0000000091a00000|100%| E|CS|TAMS 0x0000000091900000| PB 0x0000000091900000| Complete |  0
| 204|0x0000000091a00000, 0x0000000091b00000, 0x0000000091b00000|100%| E|CS|TAMS 0x0000000091a00000| PB 0x0000000091a00000| Complete |  0
| 207|0x0000000091d00000, 0x0000000091e00000, 0x0000000091e00000|100%| E|CS|TAMS 0x0000000091d00000| PB 0x0000000091d00000| Complete |  0
| 271|0x0000000095d00000, 0x0000000095e00000, 0x0000000095e00000|100%| E|CS|TAMS 0x0000000095d00000| PB 0x0000000095d00000| Complete |  0
| 272|0x0000000095e00000, 0x0000000095f00000, 0x0000000095f00000|100%| E|CS|TAMS 0x0000000095e00000| PB 0x0000000095e00000| Complete |  0
| 273|0x0000000095f00000, 0x0000000096000000, 0x0000000096000000|100%| O|  |TAMS 0x0000000095f00000| PB 0x0000000095f00000| Untracked |  0
| 274|0x0000000096000000, 0x0000000096100000, 0x0000000096100000|100%| O|  |TAMS 0x0000000096000000| PB 0x0000000096000000| Untracked |  0
| 275|0x0000000096100000, 0x0000000096200000, 0x0000000096200000|100%| O|  |TAMS 0x0000000096100000| PB 0x0000000096100000| Untracked |  0
| 276|0x0000000096200000, 0x0000000096300000, 0x0000000096300000|100%| E|CS|TAMS 0x0000000096200000| PB 0x0000000096200000| Complete |  0
| 277|0x0000000096300000, 0x0000000096400000, 0x0000000096400000|100%| E|CS|TAMS 0x0000000096300000| PB 0x0000000096300000| Complete |  0
| 278|0x0000000096400000, 0x0000000096500000, 0x0000000096500000|100%| E|CS|TAMS 0x0000000096400000| PB 0x0000000096400000| Complete |  0
| 279|0x0000000096500000, 0x0000000096600000, 0x0000000096600000|100%| E|CS|TAMS 0x0000000096500000| PB 0x0000000096500000| Complete |  0
| 280|0x0000000096600000, 0x0000000096700000, 0x0000000096700000|100%| E|CS|TAMS 0x0000000096600000| PB 0x0000000096600000| Complete |  0
| 281|0x0000000096700000, 0x0000000096800000, 0x0000000096800000|100%| E|CS|TAMS 0x0000000096700000| PB 0x0000000096700000| Complete |  0
| 282|0x0000000096800000, 0x0000000096900000, 0x0000000096900000|100%| E|CS|TAMS 0x0000000096800000| PB 0x0000000096800000| Complete |  0
| 283|0x0000000096900000, 0x0000000096a00000, 0x0000000096a00000|100%| E|CS|TAMS 0x0000000096900000| PB 0x0000000096900000| Complete |  0
| 485|0x00000000a3300000, 0x00000000a3400000, 0x00000000a3400000|100%| E|CS|TAMS 0x00000000a3300000| PB 0x00000000a3300000| Complete |  0

Card table byte_map: [0x000001929b8c0000,0x000001929bca0000] _byte_map_base: 0x000001929b499000

Marking Bits: (CMBitMap*) 0x00000192841f4c90
 Bits: [0x000001929bca0000, 0x000001929db68000)

Polling page: 0x0000019283960000

Metaspace:

Usage:
  Non-class:     61.59 MB used.
      Class:      7.89 MB used.
       Both:     69.48 MB used.

Virtual space:
  Non-class space:       64.00 MB reserved,      62.00 MB ( 97%) committed,  1 nodes.
      Class space:        1.00 GB reserved,       8.25 MB ( <1%) committed,  1 nodes.
             Both:        1.06 GB reserved,      70.25 MB (  6%) committed. 

Chunk freelists:
   Non-Class:  1.84 MB
       Class:  7.77 MB
        Both:  9.61 MB

MaxMetaspaceSize: unlimited
CompressedClassSpaceSize: 1.00 GB
Initial GC threshold: 21.00 MB
Current GC threshold: 116.81 MB
CDS: on
 - commit_granule_bytes: 65536.
 - commit_granule_words: 8192.
 - virtual_space_node_default_size: 8388608.
 - enlarge_chunks_in_place: 1.
 - use_allocation_guard: 0.


Internal statistics:

num_allocs_failed_limit: 3.
num_arena_births: 2024.
num_arena_deaths: 860.
num_vsnodes_births: 2.
num_vsnodes_deaths: 0.
num_space_committed: 1123.
num_space_uncommitted: 0.
num_chunks_returned_to_freelist: 1019.
num_chunks_taken_from_freelist: 5040.
num_chunk_merges: 388.
num_chunk_splits: 3386.
num_chunks_enlarged: 2450.
num_inconsistent_stats: 0.

CodeHeap 'non-profiled nmethods': size=120000Kb used=8597Kb max_used=8597Kb free=111402Kb
 bounds [0x0000019293fb0000, 0x0000019294820000, 0x000001929b4e0000]
CodeHeap 'profiled nmethods': size=120000Kb used=24498Kb max_used=24498Kb free=95501Kb
 bounds [0x000001928c4e0000, 0x000001928dce0000, 0x0000019293a10000]
CodeHeap 'non-nmethods': size=5760Kb used=1742Kb max_used=1806Kb free=4017Kb
 bounds [0x0000019293a10000, 0x0000019293c80000, 0x0000019293fb0000]
 total_blobs=10561 nmethods=9804 adapters=658
 compilation: enabled
              stopped_count=0, restarted_count=0
 full_count=0

Compilation events (20 events):
Event: 3556.510 Thread 0x00000192a01a8730 14878       1       org.javacs.kt.SourcePath$SourceFile::isTemporary (5 bytes)
Event: 3556.510 Thread 0x00000192a01a8730 nmethod 14878 0x000001929480d490 code [0x000001929480d620, 0x000001929480d6f0]
Event: 3556.519 Thread 0x00000192a01a8730 14879       3       java.io.StringWriter::<init> (24 bytes)
Event: 3556.520 Thread 0x00000192a01a8730 nmethod 14879 0x000001928cc48a90 code [0x000001928cc48c60, 0x000001928cc49040]
Event: 3556.520 Thread 0x00000192a01a8730 14880       3       java.io.Writer::<init> (10 bytes)
Event: 3556.520 Thread 0x00000192a01a8730 nmethod 14880 0x000001928cfb1090 code [0x000001928cfb1220, 0x000001928cfb13d8]
Event: 3556.520 Thread 0x00000192a01a8730 14881       3       org.eclipse.lsp4j.jsonrpc.json.adapters.MessageTypeAdapter::getParameterTypes (26 bytes)
Event: 3556.520 Thread 0x00000192a01a8730 nmethod 14881 0x000001928cedfd10 code [0x000001928cedfec0, 0x000001928cee00e0]
Event: 3556.520 Thread 0x00000192a01a8730 14882       3       org.jetbrains.exposed.sql.statements.InsertStatement$prepareSQL$sql$1$1::invoke (16 bytes)
Event: 3556.521 Thread 0x00000192a01a8730 nmethod 14882 0x000001928cedf610 code [0x000001928cedf7c0, 0x000001928cedfab0]
Event: 3556.521 Thread 0x00000192a01a8730 14883       3       org.jetbrains.exposed.sql.statements.InsertStatement$prepareSQL$sql$1$1::invoke (34 bytes)
Event: 3556.522 Thread 0x00000192a01a8730 nmethod 14883 0x000001928cf68d10 code [0x000001928cf68fa0, 0x000001928cf69ac0]
Event: 3556.522 Thread 0x00000192a01a8730 14885       3       org.h2.command.Parser::parseColumn (27 bytes)
Event: 3556.524 Thread 0x00000192a01a8730 nmethod 14885 0x000001928d383810 code [0x000001928d383a20, 0x000001928d383fc8]
Event: 3556.524 Thread 0x00000192a01a8730 14886       3       org.h2.mvstore.db.MVPrimaryIndex::getMVMap (8 bytes)
Event: 3556.524 Thread 0x00000192a01a8730 nmethod 14886 0x000001928d1fd790 code [0x000001928d1fd920, 0x000001928d1fda38]
Event: 3556.525 Thread 0x00000192a01a8730 14884       1       org.jetbrains.exposed.sql.Table$PrimaryKey::getColumns (5 bytes)
Event: 3556.525 Thread 0x00000192a01a8730 nmethod 14884 0x000001929480d790 code [0x000001929480d920, 0x000001929480d9e8]
Event: 3556.527 Thread 0x00000192a01a8730 14887  s    3       java.lang.StringBuffer::toString (44 bytes)
Event: 3556.528 Thread 0x00000192a01a8730 nmethod 14887 0x000001928d382f10 code [0x000001928d383100, 0x000001928d3836c0]

GC Heap History (20 events):
Event: 3518.641 GC heap before
{Heap before GC invocations=283 (full 0):
 garbage-first heap   total reserved 2017280K, committed 225280K, used 197653K [0x0000000084e00000, 0x0000000100000000)
  region size 1024K, 132 young (135168K), 4 survivors (4096K)
 Metaspace       used 70832K, committed 71488K, reserved 1114112K
  class space    used 8056K, committed 8384K, reserved 1048576K
}
Event: 3518.647 GC heap after
{Heap after GC invocations=284 (full 0):
 garbage-first heap   total reserved 2017280K, committed 225280K, used 66700K [0x0000000084e00000, 0x0000000100000000)
  region size 1024K, 4 young (4096K), 4 survivors (4096K)
 Metaspace       used 70832K, committed 71488K, reserved 1114112K
  class space    used 8056K, committed 8384K, reserved 1048576K
}
Event: 3523.693 GC heap before
{Heap before GC invocations=285 (full 0):
 garbage-first heap   total reserved 2017280K, committed 225280K, used 197772K [0x0000000084e00000, 0x0000000100000000)
  region size 1024K, 132 young (135168K), 4 survivors (4096K)
 Metaspace       used 70832K, committed 71488K, reserved 1114112K
  class space    used 8056K, committed 8384K, reserved 1048576K
}
Event: 3523.700 GC heap after
{Heap after GC invocations=286 (full 0):
 garbage-first heap   total reserved 2017280K, committed 225280K, used 66864K [0x0000000084e00000, 0x0000000100000000)
  region size 1024K, 4 young (4096K), 4 survivors (4096K)
 Metaspace       used 70832K, committed 71488K, reserved 1114112K
  class space    used 8056K, committed 8384K, reserved 1048576K
}
Event: 3526.085 GC heap before
{Heap before GC invocations=286 (full 0):
 garbage-first heap   total reserved 2017280K, committed 225280K, used 197936K [0x0000000084e00000, 0x0000000100000000)
  region size 1024K, 132 young (135168K), 4 survivors (4096K)
 Metaspace       used 70832K, committed 71488K, reserved 1114112K
  class space    used 8056K, committed 8384K, reserved 1048576K
}
Event: 3526.094 GC heap after
{Heap after GC invocations=287 (full 0):
 garbage-first heap   total reserved 2017280K, committed 225280K, used 66630K [0x0000000084e00000, 0x0000000100000000)
  region size 1024K, 4 young (4096K), 4 survivors (4096K)
 Metaspace       used 70832K, committed 71488K, reserved 1114112K
  class space    used 8056K, committed 8384K, reserved 1048576K
}
Event: 3529.776 GC heap before
{Heap before GC invocations=287 (full 0):
 garbage-first heap   total reserved 2017280K, committed 225280K, used 197702K [0x0000000084e00000, 0x0000000100000000)
  region size 1024K, 132 young (135168K), 4 survivors (4096K)
 Metaspace       used 70832K, committed 71488K, reserved 1114112K
  class space    used 8056K, committed 8384K, reserved 1048576K
}
Event: 3529.782 GC heap after
{Heap after GC invocations=288 (full 0):
 garbage-first heap   total reserved 2017280K, committed 225280K, used 66642K [0x0000000084e00000, 0x0000000100000000)
  region size 1024K, 4 young (4096K), 4 survivors (4096K)
 Metaspace       used 70832K, committed 71488K, reserved 1114112K
  class space    used 8056K, committed 8384K, reserved 1048576K
}
Event: 3534.081 GC heap before
{Heap before GC invocations=289 (full 0):
 garbage-first heap   total reserved 2017280K, committed 225280K, used 197714K [0x0000000084e00000, 0x0000000100000000)
  region size 1024K, 132 young (135168K), 4 survivors (4096K)
 Metaspace       used 70832K, committed 71488K, reserved 1114112K
  class space    used 8056K, committed 8384K, reserved 1048576K
}
Event: 3534.086 GC heap after
{Heap after GC invocations=290 (full 0):
 garbage-first heap   total reserved 2017280K, committed 225280K, used 66362K [0x0000000084e00000, 0x0000000100000000)
  region size 1024K, 4 young (4096K), 4 survivors (4096K)
 Metaspace       used 70832K, committed 71488K, reserved 1114112K
  class space    used 8056K, committed 8384K, reserved 1048576K
}
Event: 3538.524 GC heap before
{Heap before GC invocations=290 (full 0):
 garbage-first heap   total reserved 2017280K, committed 225280K, used 197434K [0x0000000084e00000, 0x0000000100000000)
  region size 1024K, 132 young (135168K), 4 survivors (4096K)
 Metaspace       used 71026K, committed 71744K, reserved 1114112K
  class space    used 8056K, committed 8384K, reserved 1048576K
}
Event: 3538.540 GC heap after
{Heap after GC invocations=291 (full 0):
 garbage-first heap   total reserved 2017280K, committed 225280K, used 66509K [0x0000000084e00000, 0x0000000100000000)
  region size 1024K, 4 young (4096K), 4 survivors (4096K)
 Metaspace       used 71026K, committed 71744K, reserved 1114112K
  class space    used 8056K, committed 8384K, reserved 1048576K
}
Event: 3542.841 GC heap before
{Heap before GC invocations=291 (full 0):
 garbage-first heap   total reserved 2017280K, committed 225280K, used 197581K [0x0000000084e00000, 0x0000000100000000)
  region size 1024K, 132 young (135168K), 4 survivors (4096K)
 Metaspace       used 71026K, committed 71744K, reserved 1114112K
  class space    used 8056K, committed 8384K, reserved 1048576K
}
Event: 3542.847 GC heap after
{Heap after GC invocations=292 (full 0):
 garbage-first heap   total reserved 2017280K, committed 225280K, used 66188K [0x0000000084e00000, 0x0000000100000000)
  region size 1024K, 4 young (4096K), 4 survivors (4096K)
 Metaspace       used 71026K, committed 71744K, reserved 1114112K
  class space    used 8056K, committed 8384K, reserved 1048576K
}
Event: 3546.856 GC heap before
{Heap before GC invocations=293 (full 0):
 garbage-first heap   total reserved 2017280K, committed 225280K, used 197260K [0x0000000084e00000, 0x0000000100000000)
  region size 1024K, 132 young (135168K), 4 survivors (4096K)
 Metaspace       used 71026K, committed 71744K, reserved 1114112K
  class space    used 8056K, committed 8384K, reserved 1048576K
}
Event: 3546.861 GC heap after
{Heap after GC invocations=294 (full 0):
 garbage-first heap   total reserved 2017280K, committed 225280K, used 66339K [0x0000000084e00000, 0x0000000100000000)
  region size 1024K, 4 young (4096K), 4 survivors (4096K)
 Metaspace       used 71026K, committed 71744K, reserved 1114112K
  class space    used 8056K, committed 8384K, reserved 1048576K
}
Event: 3551.254 GC heap before
{Heap before GC invocations=294 (full 0):
 garbage-first heap   total reserved 2017280K, committed 225280K, used 197411K [0x0000000084e00000, 0x0000000100000000)
  region size 1024K, 132 young (135168K), 4 survivors (4096K)
 Metaspace       used 71026K, committed 71744K, reserved 1114112K
  class space    used 8056K, committed 8384K, reserved 1048576K
}
Event: 3551.265 GC heap after
{Heap after GC invocations=295 (full 0):
 garbage-first heap   total reserved 2017280K, committed 225280K, used 66453K [0x0000000084e00000, 0x0000000100000000)
  region size 1024K, 4 young (4096K), 4 survivors (4096K)
 Metaspace       used 71026K, committed 71744K, reserved 1114112K
  class space    used 8056K, committed 8384K, reserved 1048576K
}
Event: 3555.199 GC heap before
{Heap before GC invocations=295 (full 0):
 garbage-first heap   total reserved 2017280K, committed 225280K, used 197525K [0x0000000084e00000, 0x0000000100000000)
  region size 1024K, 132 young (135168K), 4 survivors (4096K)
 Metaspace       used 71026K, committed 71744K, reserved 1114112K
  class space    used 8056K, committed 8384K, reserved 1048576K
}
Event: 3555.204 GC heap after
{Heap after GC invocations=296 (full 0):
 garbage-first heap   total reserved 2017280K, committed 225280K, used 66388K [0x0000000084e00000, 0x0000000100000000)
  region size 1024K, 4 young (4096K), 4 survivors (4096K)
 Metaspace       used 71026K, committed 71744K, reserved 1114112K
  class space    used 8056K, committed 8384K, reserved 1048576K
}

Dll operation events (8 events):
Event: 0.022 Loaded shared library C:\Program Files\OpenJDK\jdk-22.0.2\bin\java.dll
Event: 0.488 Loaded shared library C:\Program Files\OpenJDK\jdk-22.0.2\bin\jsvml.dll
Event: 1.326 Loaded shared library C:\Program Files\OpenJDK\jdk-22.0.2\bin\net.dll
Event: 1.335 Loaded shared library C:\Program Files\OpenJDK\jdk-22.0.2\bin\nio.dll
Event: 1.351 Loaded shared library C:\Program Files\OpenJDK\jdk-22.0.2\bin\zip.dll
Event: 2.982 Loaded shared library C:\Program Files\OpenJDK\jdk-22.0.2\bin\jimage.dll
Event: 9.120 Loaded shared library C:\Program Files\OpenJDK\jdk-22.0.2\bin\verify.dll
Event: 15.527 Loaded shared library C:\Users\AJ\AppData\Local\Temp\sqlite-3.41.2.1-e44e3993-f093-4016-a249-f7adb07cf17c-sqlitejdbc.dll

Deoptimization events (20 events):
Event: 3511.749 Thread 0x00000192e70420a0 DEOPT PACKING pc=0x00000192947eeaf0 sp=0x000000207effdad0
Event: 3511.749 Thread 0x00000192e70420a0 DEOPT UNPACKING pc=0x0000019293a646a2 sp=0x000000207effda88 mode 2
Event: 3534.850 Thread 0x00000192e70420a0 DEOPT PACKING pc=0x000001928cb5872a sp=0x000000207effd7f0
Event: 3534.850 Thread 0x00000192e70420a0 DEOPT UNPACKING pc=0x0000019293a64e42 sp=0x000000207effcce8 mode 0
Event: 3556.369 Thread 0x00000192e70420a0 Uncommon trap: trap_request=0xffffffbe fr.pc=0x00000192948087bc relative=0x000000000000131c
Event: 3556.369 Thread 0x00000192e70420a0 Uncommon trap: reason=profile_predicate action=maybe_recompile pc=0x00000192948087bc method=org.jetbrains.kotlin.config.LanguageVersionSettingsImpl.isPreRelease()Z @ 48 c2
Event: 3556.369 Thread 0x00000192e70420a0 DEOPT PACKING pc=0x00000192948087bc sp=0x000000207effdee0
Event: 3556.369 Thread 0x00000192e70420a0 DEOPT UNPACKING pc=0x0000019293a646a2 sp=0x000000207effde78 mode 2
Event: 3556.374 Thread 0x00000192e70420a0 Uncommon trap: trap_request=0xffffffbe fr.pc=0x00000192948087bc relative=0x000000000000131c
Event: 3556.374 Thread 0x00000192e70420a0 Uncommon trap: reason=profile_predicate action=maybe_recompile pc=0x00000192948087bc method=org.jetbrains.kotlin.config.LanguageVersionSettingsImpl.isPreRelease()Z @ 48 c2
Event: 3556.374 Thread 0x00000192e70420a0 DEOPT PACKING pc=0x00000192948087bc sp=0x000000207effd860
Event: 3556.374 Thread 0x00000192e70420a0 DEOPT UNPACKING pc=0x0000019293a646a2 sp=0x000000207effd7f8 mode 2
Event: 3556.384 Thread 0x00000192e70420a0 Uncommon trap: trap_request=0xffffffbe fr.pc=0x00000192948087bc relative=0x000000000000131c
Event: 3556.384 Thread 0x00000192e70420a0 Uncommon trap: reason=profile_predicate action=maybe_recompile pc=0x00000192948087bc method=org.jetbrains.kotlin.config.LanguageVersionSettingsImpl.isPreRelease()Z @ 48 c2
Event: 3556.384 Thread 0x00000192e70420a0 DEOPT PACKING pc=0x00000192948087bc sp=0x000000207effdf30
Event: 3556.384 Thread 0x00000192e70420a0 DEOPT UNPACKING pc=0x0000019293a646a2 sp=0x000000207effdec8 mode 2
Event: 3556.386 Thread 0x00000192e70420a0 Uncommon trap: trap_request=0xffffffbe fr.pc=0x00000192948087bc relative=0x000000000000131c
Event: 3556.386 Thread 0x00000192e70420a0 Uncommon trap: reason=profile_predicate action=maybe_recompile pc=0x00000192948087bc method=org.jetbrains.kotlin.config.LanguageVersionSettingsImpl.isPreRelease()Z @ 48 c2
Event: 3556.386 Thread 0x00000192e70420a0 DEOPT PACKING pc=0x00000192948087bc sp=0x000000207effd860
Event: 3556.386 Thread 0x00000192e70420a0 DEOPT UNPACKING pc=0x0000019293a646a2 sp=0x000000207effd7f8 mode 2

Classes loaded (20 events):
Event: 772.767 Loading class java/util/stream/LongStream
Event: 772.771 Loading class java/util/stream/LongStream done
Event: 772.771 Loading class java/util/stream/DoubleStream
Event: 772.808 Loading class java/util/stream/DoubleStream done
Event: 773.086 Loading class java/lang/Character$UnicodeBlock
Event: 773.092 Loading class java/lang/Character$Subset
Event: 773.092 Loading class java/lang/Character$Subset done
Event: 773.095 Loading class java/lang/Character$UnicodeBlock done
Event: 811.132 Loading class java/util/concurrent/ConcurrentHashMap$TreeNode
Event: 811.133 Loading class java/util/concurrent/ConcurrentHashMap$TreeNode done
Event: 811.133 Loading class java/util/concurrent/ConcurrentHashMap$TreeBin
Event: 811.134 Loading class java/util/concurrent/ConcurrentHashMap$TreeBin done
Event: 2662.078 Loading class java/beans/PropertyChangeSupport
Event: 2662.078 Loading class java/beans/PropertyChangeSupport done
Event: 2662.079 Loading class java/beans/PropertyChangeSupport$PropertyChangeListenerMap
Event: 2662.079 Loading class java/beans/ChangeListenerMap
Event: 2662.079 Loading class java/beans/ChangeListenerMap done
Event: 2662.079 Loading class java/beans/PropertyChangeSupport$PropertyChangeListenerMap done
Event: 2662.079 Loading class java/beans/PropertyChangeListener
Event: 2662.079 Loading class java/beans/PropertyChangeListener done

Classes unloaded (20 events):
Event: 2658.757 Thread 0x00000192a0016320 Unloading class 0x00000192a22b8000 'java/lang/invoke/LambdaForm$MH+0x00000192a22b8000'
Event: 2658.757 Thread 0x00000192a0016320 Unloading class 0x00000192a21a8000 'java/lang/invoke/LambdaForm$MH+0x00000192a21a8000'
Event: 2658.757 Thread 0x00000192a0016320 Unloading class 0x00000192a21a7c00 'java/lang/invoke/LambdaForm$MH+0x00000192a21a7c00'
Event: 2658.757 Thread 0x00000192a0016320 Unloading class 0x00000192a21a7800 'java/lang/invoke/LambdaForm$MH+0x00000192a21a7800'
Event: 2658.757 Thread 0x00000192a0016320 Unloading class 0x00000192a21a7400 'java/lang/invoke/LambdaForm$MH+0x00000192a21a7400'
Event: 2658.757 Thread 0x00000192a0016320 Unloading class 0x00000192a21a7000 'java/lang/invoke/LambdaForm$MH+0x00000192a21a7000'
Event: 2658.757 Thread 0x00000192a0016320 Unloading class 0x00000192a21a6c00 'java/lang/invoke/LambdaForm$BMH+0x00000192a21a6c00'
Event: 2658.757 Thread 0x00000192a0016320 Unloading class 0x00000192a20ec000 'java/lang/invoke/LambdaForm$DMH+0x00000192a20ec000'
Event: 2658.757 Thread 0x00000192a0016320 Unloading class 0x00000192a20d3400 'java/lang/invoke/LambdaForm$BMH+0x00000192a20d3400'
Event: 2658.757 Thread 0x00000192a0016320 Unloading class 0x00000192a20d1400 'java/lang/invoke/LambdaForm$BMH+0x00000192a20d1400'
Event: 2658.757 Thread 0x00000192a0016320 Unloading class 0x00000192a20d0400 'java/lang/invoke/LambdaForm$BMH+0x00000192a20d0400'
Event: 2658.757 Thread 0x00000192a0016320 Unloading class 0x00000192a20cb400 'java/lang/invoke/LambdaForm$BMH+0x00000192a20cb400'
Event: 2658.757 Thread 0x00000192a0016320 Unloading class 0x00000192a20ca400 'java/lang/invoke/LambdaForm$BMH+0x00000192a20ca400'
Event: 2658.758 Thread 0x00000192a0016320 Unloading class 0x00000192a20c8c00 'java/lang/invoke/LambdaForm$BMH+0x00000192a20c8c00'
Event: 2658.758 Thread 0x00000192a0016320 Unloading class 0x00000192a20a4c00 'java/lang/invoke/LambdaForm$DMH+0x00000192a20a4c00'
Event: 2658.759 Thread 0x00000192a0016320 Unloading class 0x00000192a2011000 'java/lang/invoke/LambdaForm$DMH+0x00000192a2011000'
Event: 2658.759 Thread 0x00000192a0016320 Unloading class 0x00000192a2010800 'java/lang/invoke/LambdaForm$DMH+0x00000192a2010800'
Event: 2658.759 Thread 0x00000192a0016320 Unloading class 0x00000192a2010400 'java/lang/invoke/LambdaForm$MH+0x00000192a2010400'
Event: 2658.759 Thread 0x00000192a0016320 Unloading class 0x00000192a2009c00 'java/lang/invoke/LambdaForm$MH+0x00000192a2009c00'
Event: 2658.759 Thread 0x00000192a0016320 Unloading class 0x00000192a2008800 'java/lang/invoke/LambdaForm$MH+0x00000192a2008800'

Classes redefined (0 events):
No events

Internal exceptions (20 events):
Event: 3492.027 Thread 0x00000192e70420a0 Exception <a 'sun/nio/fs/WindowsException'{0x000000008d5745d0}> (0x000000008d5745d0) 
thrown [s\open\src\hotspot\share\prims\jni.cpp, line 520]
Event: 3492.028 Thread 0x00000192e70420a0 Exception <a 'sun/nio/fs/WindowsException'{0x000000008d574980}> (0x000000008d574980) 
thrown [s\open\src\hotspot\share\prims\jni.cpp, line 520]
Event: 3511.625 Thread 0x00000192e70420a0 Exception <a 'sun/nio/fs/WindowsException'{0x000000008be17c68}> (0x000000008be17c68) 
thrown [s\open\src\hotspot\share\prims\jni.cpp, line 520]
Event: 3511.626 Thread 0x00000192e70420a0 Exception <a 'sun/nio/fs/WindowsException'{0x000000008be18200}> (0x000000008be18200) 
thrown [s\open\src\hotspot\share\prims\jni.cpp, line 520]
Event: 3512.976 Thread 0x00000192e70420a0 Exception <a 'sun/nio/fs/WindowsException'{0x000000008b218208}> (0x000000008b218208) 
thrown [s\open\src\hotspot\share\prims\jni.cpp, line 520]
Event: 3512.976 Thread 0x00000192e70420a0 Exception <a 'sun/nio/fs/WindowsException'{0x000000008b2185b8}> (0x000000008b2185b8) 
thrown [s\open\src\hotspot\share\prims\jni.cpp, line 520]
Event: 3512.976 Thread 0x00000192e70420a0 Exception <a 'sun/nio/fs/WindowsException'{0x000000008b218968}> (0x000000008b218968) 
thrown [s\open\src\hotspot\share\prims\jni.cpp, line 520]
Event: 3512.976 Thread 0x00000192e70420a0 Exception <a 'sun/nio/fs/WindowsException'{0x000000008b218d18}> (0x000000008b218d18) 
thrown [s\open\src\hotspot\share\prims\jni.cpp, line 520]
Event: 3512.976 Thread 0x00000192e70420a0 Exception <a 'sun/nio/fs/WindowsException'{0x000000008b2190c8}> (0x000000008b2190c8) 
thrown [s\open\src\hotspot\share\prims\jni.cpp, line 520]
Event: 3512.976 Thread 0x00000192e70420a0 Exception <a 'sun/nio/fs/WindowsException'{0x000000008b219478}> (0x000000008b219478) 
thrown [s\open\src\hotspot\share\prims\jni.cpp, line 520]
Event: 3534.444 Thread 0x00000192e70420a0 Exception <a 'sun/nio/fs/WindowsException'{0x0000000095ebb838}> (0x0000000095ebb838) 
thrown [s\open\src\hotspot\share\prims\jni.cpp, line 520]
Event: 3534.444 Thread 0x00000192e70420a0 Exception <a 'sun/nio/fs/WindowsException'{0x0000000095ebbdd0}> (0x0000000095ebbdd0) 
thrown [s\open\src\hotspot\share\prims\jni.cpp, line 520]
Event: 3535.078 Thread 0x00000192e70420a0 Exception <a 'sun/nio/fs/WindowsException'{0x00000000911b95b8}> (0x00000000911b95b8) 
thrown [s\open\src\hotspot\share\prims\jni.cpp, line 520]
Event: 3535.078 Thread 0x00000192e70420a0 Exception <a 'sun/nio/fs/WindowsException'{0x00000000911b9968}> (0x00000000911b9968) 
thrown [s\open\src\hotspot\share\prims\jni.cpp, line 520]
Event: 3535.078 Thread 0x00000192e70420a0 Exception <a 'sun/nio/fs/WindowsException'{0x00000000911b9d18}> (0x00000000911b9d18) 
thrown [s\open\src\hotspot\share\prims\jni.cpp, line 520]
Event: 3535.079 Thread 0x00000192e70420a0 Exception <a 'sun/nio/fs/WindowsException'{0x00000000911ba0c8}> (0x00000000911ba0c8) 
thrown [s\open\src\hotspot\share\prims\jni.cpp, line 520]
Event: 3535.079 Thread 0x00000192e70420a0 Exception <a 'sun/nio/fs/WindowsException'{0x00000000911ba478}> (0x00000000911ba478) 
thrown [s\open\src\hotspot\share\prims\jni.cpp, line 520]
Event: 3535.079 Thread 0x00000192e70420a0 Exception <a 'sun/nio/fs/WindowsException'{0x00000000911ba828}> (0x00000000911ba828) 
thrown [s\open\src\hotspot\share\prims\jni.cpp, line 520]
Event: 3556.342 Thread 0x00000192e70420a0 Exception <a 'sun/nio/fs/WindowsException'{0x000000008fa5d2f0}> (0x000000008fa5d2f0) 
thrown [s\open\src\hotspot\share\prims\jni.cpp, line 520]
Event: 3556.342 Thread 0x00000192e70420a0 Exception <a 'sun/nio/fs/WindowsException'{0x000000008fa5d888}> (0x000000008fa5d888) 
thrown [s\open\src\hotspot\share\prims\jni.cpp, line 520]

ZGC Phase Switch (0 events):
No events

VM Operations (20 events):
Event: 3535.091 Executing VM operation: Cleanup
Event: 3535.091 Executing VM operation: Cleanup done
Event: 3538.524 Executing VM operation: G1CollectForAllocation (G1 Evacuation Pause)
Event: 3538.540 Executing VM operation: G1CollectForAllocation (G1 Evacuation Pause) done
Event: 3542.841 Executing VM operation: G1CollectForAllocation (G1 Evacuation Pause)
Event: 3542.847 Executing VM operation: G1CollectForAllocation (G1 Evacuation Pause) done
Event: 3543.156 Executing VM operation: G1PauseRemark
Event: 3543.170 Executing VM operation: G1PauseRemark done
Event: 3543.312 Executing VM operation: G1PauseCleanup
Event: 3543.312 Executing VM operation: G1PauseCleanup done
Event: 3546.856 Executing VM operation: G1CollectForAllocation (G1 Evacuation Pause)
Event: 3546.861 Executing VM operation: G1CollectForAllocation (G1 Evacuation Pause) done
Event: 3551.254 Executing VM operation: G1CollectForAllocation (G1 Evacuation Pause)
Event: 3551.265 Executing VM operation: G1CollectForAllocation (G1 Evacuation Pause) done
Event: 3555.199 Executing VM operation: G1CollectForAllocation (G1 Evacuation Pause)
Event: 3555.204 Executing VM operation: G1CollectForAllocation (G1 Evacuation Pause) done
Event: 3555.476 Executing VM operation: G1PauseRemark
Event: 3555.489 Executing VM operation: G1PauseRemark done
Event: 3555.603 Executing VM operation: G1PauseCleanup
Event: 3555.603 Executing VM operation: G1PauseCleanup done

Memory protections (0 events):
No events

Nmethod flushes (20 events):
Event: 3530.232 Thread 0x00000192a0016320 flushing  nmethod 0x000001928cb05a10
Event: 3530.232 Thread 0x00000192a0016320 flushing  nmethod 0x000001928d1ed610
Event: 3530.232 Thread 0x00000192a0016320 flushing  nmethod 0x000001928d1f9c90
Event: 3530.232 Thread 0x00000192a0016320 flushing  nmethod 0x000001928c8aa310
Event: 3530.232 Thread 0x00000192a0016320 flushing  nmethod 0x000001928ce0de10
Event: 3530.232 Thread 0x00000192a0016320 flushing  nmethod 0x000001928d01dd10
Event: 3555.487 Thread 0x00000192a0016320 flushing  nmethod 0x000001928cf3a390
Event: 3555.487 Thread 0x00000192a0016320 flushing  nmethod 0x000001928c579590
Event: 3555.487 Thread 0x00000192a0016320 flushing  nmethod 0x000001928c638410
Event: 3555.488 Thread 0x00000192a0016320 flushing  nmethod 0x000001928c5ce810
Event: 3555.488 Thread 0x00000192a0016320 flushing  nmethod 0x000001928c80dc90
Event: 3555.488 Thread 0x00000192a0016320 flushing  nmethod 0x000001928cb56f10
Event: 3555.488 Thread 0x00000192a0016320 flushing  nmethod 0x000001928cc48a90
Event: 3555.488 Thread 0x00000192a0016320 flushing  nmethod 0x000001928cce6590
Event: 3555.489 Thread 0x00000192a0016320 flushing  nmethod 0x000001928cedf610
Event: 3555.489 Thread 0x00000192a0016320 flushing  nmethod 0x000001928cf0bb90
Event: 3555.489 Thread 0x00000192a0016320 flushing  nmethod 0x000001928cf68a10
Event: 3555.489 Thread 0x00000192a0016320 flushing  nmethod 0x000001928c943190
Event: 3555.489 Thread 0x00000192a0016320 flushing  nmethod 0x000001928cfb1090
Event: 3555.489 Thread 0x00000192a0016320 flushing  nmethod 0x000001928d381c90

Events (20 events):
Event: 2905.837 Thread 0x00000192a01a8730 Thread added: 0x00000192f043ec20
Event: 2911.473 Thread 0x00000192f043ec20 Thread exited: 0x00000192f043ec20
Event: 2964.896 Thread 0x00000192a003d370 Thread added: 0x00000192f043e550
Event: 2965.212 Thread 0x00000192f043e550 Thread exited: 0x00000192f043e550
Event: 2991.759 Thread 0x00000192a01a8730 Thread added: 0x00000192f0440090
Event: 2997.687 Thread 0x00000192f0440090 Thread exited: 0x00000192f0440090
Event: 3063.341 Thread 0x00000192a003d370 Thread added: 0x00000192f043d0e0
Event: 3064.046 Thread 0x00000192f043d0e0 Thread exited: 0x00000192f043d0e0
Event: 3118.155 Thread 0x00000192a01a8730 Thread added: 0x00000192f043d0e0
Event: 3123.520 Thread 0x00000192f043d0e0 Thread exited: 0x00000192f043d0e0
Event: 3212.950 Thread 0x00000192a01a8730 Thread added: 0x00000192f043ec20
Event: 3213.433 Thread 0x00000192f043ec20 Thread exited: 0x00000192f043ec20
Event: 3279.624 Thread 0x00000192a003d370 Thread added: 0x00000192f043ec20
Event: 3279.893 Thread 0x00000192f043ec20 Thread exited: 0x00000192f043ec20
Event: 3343.816 Thread 0x00000192a01a8730 Thread added: 0x00000192f043ec20
Event: 3349.006 Thread 0x00000192f043ec20 Thread exited: 0x00000192f043ec20
Event: 3376.024 Thread 0x00000192a003d370 Thread added: 0x00000192f04816d0
Event: 3381.202 Thread 0x00000192f04816d0 Thread exited: 0x00000192f04816d0
Event: 3396.329 Thread 0x00000192a003d370 Thread added: 0x00000192f0482b40
Event: 3401.568 Thread 0x00000192f0482b40 Thread exited: 0x00000192f0482b40


Dynamic libraries:
0x00007ff62ad90000 - 0x00007ff62ad9e000 	C:\Program Files\OpenJDK\jdk-22.0.2\bin\java.exe
0x00007ffb05ad0000 - 0x00007ffb05cc8000 	C:\WINDOWS\SYSTEM32\ntdll.dll
0x00007ffb05620000 - 0x00007ffb056e2000 	C:\WINDOWS\System32\KERNEL32.DLL
0x00007ffb03520000 - 0x00007ffb03816000 	C:\WINDOWS\System32\KERNELBASE.dll
0x00007ffb03820000 - 0x00007ffb03920000 	C:\WINDOWS\System32\ucrtbase.dll
0x00007ffaf9310000 - 0x00007ffaf9327000 	C:\Program Files\OpenJDK\jdk-22.0.2\bin\jli.dll
0x00007ffb03af0000 - 0x00007ffb03c8d000 	C:\WINDOWS\System32\USER32.dll
0x00007ffb03920000 - 0x00007ffb03942000 	C:\WINDOWS\System32\win32u.dll
0x00007ffb05950000 - 0x00007ffb0597b000 	C:\WINDOWS\System32\GDI32.dll
0x00007ffb039d0000 - 0x00007ffb03ae9000 	C:\WINDOWS\System32\gdi32full.dll
0x00007ffb03480000 - 0x00007ffb0351d000 	C:\WINDOWS\System32\msvcp_win.dll
0x00007ffaef0c0000 - 0x00007ffaef0db000 	C:\Program Files\OpenJDK\jdk-22.0.2\bin\VCRUNTIME140.dll
0x00007ffaf2760000 - 0x00007ffaf29fa000 	C:\WINDOWS\WinSxS\amd64_microsoft.windows.common-controls_6595b64144ccf1df_6.0.19041.5915_none_60b4b9d171f9c7c7\COMCTL32.dll
0x00007ffb04070000 - 0x00007ffb0410e000 	C:\WINDOWS\System32\msvcrt.dll
0x00007ffb04940000 - 0x00007ffb0496f000 	C:\WINDOWS\System32\IMM32.DLL
0x00007ffaf0b60000 - 0x00007ffaf0b6c000 	C:\Program Files\OpenJDK\jdk-22.0.2\bin\vcruntime140_1.dll
0x00007ffaef030000 - 0x00007ffaef0be000 	C:\Program Files\OpenJDK\jdk-22.0.2\bin\msvcp140.dll
0x00007ffaa3420000 - 0x00007ffaa4169000 	C:\Program Files\OpenJDK\jdk-22.0.2\bin\server\jvm.dll
0x00007ffb04110000 - 0x00007ffb041c1000 	C:\WINDOWS\System32\ADVAPI32.dll
0x00007ffb05120000 - 0x00007ffb051bf000 	C:\WINDOWS\System32\sechost.dll
0x00007ffb04f90000 - 0x00007ffb050b3000 	C:\WINDOWS\System32\RPCRT4.dll
0x00007ffb03210000 - 0x00007ffb03237000 	C:\WINDOWS\System32\bcrypt.dll
0x00007ffb05520000 - 0x00007ffb0558b000 	C:\WINDOWS\System32\WS2_32.dll
0x00007ffb026a0000 - 0x00007ffb026eb000 	C:\WINDOWS\SYSTEM32\POWRPROF.dll
0x00007ffaf31d0000 - 0x00007ffaf31f7000 	C:\WINDOWS\SYSTEM32\WINMM.dll
0x00007ffaf5a20000 - 0x00007ffaf5a2a000 	C:\WINDOWS\SYSTEM32\VERSION.dll
0x00007ffb02560000 - 0x00007ffb02572000 	C:\WINDOWS\SYSTEM32\UMPDC.dll
0x00007ffb00f00000 - 0x00007ffb00f12000 	C:\WINDOWS\SYSTEM32\kernel.appcore.dll
0x00007ffaef020000 - 0x00007ffaef02a000 	C:\Program Files\OpenJDK\jdk-22.0.2\bin\jimage.dll
0x00007ffaf2e80000 - 0x00007ffaf3081000 	C:\WINDOWS\SYSTEM32\DBGHELP.DLL
0x00007ffaed9b0000 - 0x00007ffaed9e4000 	C:\WINDOWS\SYSTEM32\dbgcore.DLL
0x00007ffb033a0000 - 0x00007ffb03422000 	C:\WINDOWS\System32\bcryptPrimitives.dll
0x00007ffaedb40000 - 0x00007ffaedb5e000 	C:\Program Files\OpenJDK\jdk-22.0.2\bin\java.dll
0x00007ffb041d0000 - 0x00007ffb0493e000 	C:\WINDOWS\System32\SHELL32.dll
0x00007ffb053e0000 - 0x00007ffb0550b000 	C:\WINDOWS\System32\ole32.dll
0x00007ffb03d10000 - 0x00007ffb04063000 	C:\WINDOWS\System32\combase.dll
0x00007ffb011e0000 - 0x00007ffb01984000 	C:\WINDOWS\SYSTEM32\windows.storage.dll
0x00007ffb02b90000 - 0x00007ffb02bbb000 	C:\WINDOWS\SYSTEM32\Wldp.dll
0x00007ffb056f0000 - 0x00007ffb057bd000 	C:\WINDOWS\System32\OLEAUT32.dll
0x00007ffb051c0000 - 0x00007ffb0526d000 	C:\WINDOWS\System32\SHCORE.dll
0x00007ffb03cb0000 - 0x00007ffb03d0b000 	C:\WINDOWS\System32\shlwapi.dll
0x00007ffb03090000 - 0x00007ffb030b5000 	C:\WINDOWS\SYSTEM32\profapi.dll
0x00007ffac55c0000 - 0x00007ffac5697000 	C:\Program Files\OpenJDK\jdk-22.0.2\bin\jsvml.dll
0x00007ffaedb30000 - 0x00007ffaedb40000 	C:\Program Files\OpenJDK\jdk-22.0.2\bin\net.dll
0x00007ffb028f0000 - 0x00007ffb0295a000 	C:\WINDOWS\system32\mswsock.dll
0x00007ffaedb10000 - 0x00007ffaedb26000 	C:\Program Files\OpenJDK\jdk-22.0.2\bin\nio.dll
0x00007ffaedaf0000 - 0x00007ffaedb07000 	C:\Program Files\OpenJDK\jdk-22.0.2\bin\zip.dll
0x00007ffb02ae0000 - 0x00007ffb02af8000 	C:\WINDOWS\SYSTEM32\CRYPTSP.dll
0x00007ffb021a0000 - 0x00007ffb021d8000 	C:\WINDOWS\system32\rsaenh.dll
0x00007ffb03050000 - 0x00007ffb0307e000 	C:\WINDOWS\SYSTEM32\USERENV.dll
0x00007ffb02b00000 - 0x00007ffb02b0c000 	C:\WINDOWS\SYSTEM32\CRYPTBASE.dll
0x00007ffb02580000 - 0x00007ffb025bb000 	C:\WINDOWS\SYSTEM32\IPHLPAPI.DLL
0x00007ffb05940000 - 0x00007ffb05948000 	C:\WINDOWS\System32\NSI.dll
0x00007ffaedae0000 - 0x00007ffaedaf0000 	C:\Program Files\OpenJDK\jdk-22.0.2\bin\verify.dll
0x00007ffaffd50000 - 0x00007ffaffe39000 	C:\Users\AJ\AppData\Local\Temp\sqlite-3.41.2.1-e44e3993-f093-4016-a249-f7adb07cf17c-sqlitejdbc.dll

dbghelp: loaded successfully - version: 4.0.5 - missing functions: none
symbol engine: initialized successfully - sym options: 0x614 - pdb path: .;C:\Program Files\OpenJDK\jdk-22.0.2\bin;C:\WINDOWS\SYSTEM32;C:\WINDOWS\WinSxS\amd64_microsoft.windows.common-controls_6595b64144ccf1df_6.0.19041.5915_none_60b4b9d171f9c7c7;C:\Program Files\OpenJDK\jdk-22.0.2\bin\server;C:\Users\AJ\AppData\Local\Temp

VM Arguments:
jvm_args: -DkotlinLanguageServer.version=1.3.13 
java_command: org.javacs.kt.MainKt
java_class_path (initial): c:\Users\AJ\AppData\Roaming\Code\User\globalStorage\fwcd.kotlin\langServerInstall\server\lib\server-1.3.13.jar;c:\Users\AJ\AppData\Roaming\Code\User\globalStorage\fwcd.kotlin\langServerInstall\server\lib\shared-1.3.13.jar;c:\Users\AJ\AppData\Roaming\Code\User\globalStorage\fwcd.kotlin\langServerInstall\server\lib\kotlin-scripting-jvm-host-unshaded-2.1.0.jar;c:\Users\AJ\AppData\Roaming\Code\User\globalStorage\fwcd.kotlin\langServerInstall\server\lib\kotlin-scripting-compiler-2.1.0.jar;c:\Users\AJ\AppData\Roaming\Code\User\globalStorage\fwcd.kotlin\langServerInstall\server\lib\ktfmt-b5d31d1.jar;c:\Users\AJ\AppData\Roaming\Code\User\globalStorage\fwcd.kotlin\langServerInstall\server\lib\kotlin-compiler-2.1.0.jar;c:\Users\AJ\AppData\Roaming\Code\User\globalStorage\fwcd.kotlin\langServerInstall\server\lib\exposed-dao-0.37.3.jar;c:\Users\AJ\AppData\Roaming\Code\User\globalStorage\fwcd.kotlin\langServerInstall\server\lib\exposed-jdbc-0.37.3.jar;c:\Users\AJ\AppData\Roaming\Code\User\globalStorage\fwcd.kotlin\langServerInstall\server\lib\exposed-core-0.37.3.jar;c:\Users\AJ\AppData\Roaming\Code\User\globalStorage\fwcd.kotlin\langServerInstall\server\lib\kotlin-scripting-compiler-impl-2.1.0.jar;c:\Users\AJ\AppData\Roaming\Code\User\globalStorage\fwcd.kotlin\langServerInstall\server\lib\kotlin-reflect-2.1.0.jar;c:\Users\AJ\AppData\Roaming\Code\User\globalStorage\fwcd.kotlin\langServerInstall\server\lib\kotlin-scripting-jvm-2.1.0.jar;c:\Users\AJ\AppData\Roaming\Code\User\globalStorage\fwcd.kotlin\langServerInstall\server\lib\kotlin-scripting-common-2.1.0.jar;c:\Users\AJ\AppData\Roaming\Code\User\globalStorage\fwcd.kotlin\langServerInstall\server\lib\kotlinx-coroutines-core-jvm-1.6.4.jar;c:\Users\AJ\AppData\Roaming\Code\User\globalStorage\fwcd.kotlin\langServerInstall\server\lib\kotlin-stdlib-jdk8-2.1.0.jar;c:\Users\AJ\AppData\Roaming\Code\User\globalStorage\fwcd.kotlin\langServerInstall\server\lib\kotlin-stdlib-jdk7-2.1.0.jar;c:\Users\AJ\AppData\Roaming\Code\User\globalStorage\fwcd.kotlin\langServerInstall\server\lib\kotlin-stdlib-2.1.0.jar;c:\Users\AJ\AppData\Roaming\Code\User\globalStorage\fwcd.kotlin\langServerInstall\server\lib\org.eclipse.lsp4j-0.21.2.jar;c:\Users\AJ\AppData\Roaming\Code\User\globalStorage\fwcd.kotlin\langServerInstall\server\lib\org.eclipse.lsp4j.jsonrpc-0.21.2.jar;c:\Users\AJ\AppData\Roaming\Code\User\globalStorage\fwcd.kotlin\langServerInstall\server\lib\kotlin-sam-with-receiver-compiler-plugin-2.1.0.jar;c:\Users\AJ\AppData\Roaming\Code\User\globalStorage\fwcd.kotlin\langServerInstall\server\lib\fernflower-1.0.jar;c:\Users\AJ\AppData\Roaming\Code\User\globalStorage\fwcd.kotlin\langServerInstall\server\lib\h2-1.4.200.jar;c:\Users\AJ\AppData\Roaming\Code\User\globalStorage\fwcd.kotlin\langServerInstall\server\lib\jcommander-1.78.jar;c:\Users\AJ\AppData\Roaming\Code\User\globalStorage\fwcd.kotlin\langServerInstall\server\lib\sqlite-jdbc-3.41.2.1.jar;c:\Users\AJ\AppData\Roaming\Code\User\globalStorage\fwcd.kotlin\langServerInstall\server\lib\google-java-format-1.8.jar;c:\Users\AJ\AppData\Roaming\Code\User\globalStorage\fwcd.kotlin\langServerInstall\server\lib\guava-33.3.0-jre.jar;c:\Users\AJ\AppData\Roaming\Code\User\globalStorage\fwcd.kotlin\langServerInstall\server\lib\annotations-13.0.jar;c:\Users\AJ\AppData\Roaming\Code\User\globalStorage\fwcd.kotlin\langServerInstall\server\lib\gson-2.10.1.jar;c:\Users\AJ\AppData\Roaming\Code\User\globalStorage\fwcd.kotlin\langServerInstall\server\lib\kotlin-script-runtime-2.1.0.jar;c:\Users\AJ\AppData\Roaming\Code\User\globalStorage\fwcd.kotlin\langServerInstall\server\lib\trove4j-1.0.20200330.jar;c:\Users\AJ\AppData\Roaming\Code\User\globalStorage\fwcd.kotlin\langServerInstall\server\lib\jline-3.24.1.jar;c:\Users\AJ\AppData\Roaming\Code\User\globalStorage\fwcd.kotlin\langServerInstall\server\lib\slf4j-api-1.7.25.jar;c:\Users\AJ\AppData\Roaming\Code\User\globalStorage\fwcd.kotlin\langServerInstall\server\lib\jna-4.2.2.jar;c:\Users\AJ\AppData\Roaming\Code\User\globalStorage\fwcd.kotlin\langServerInstall\server\lib\failureaccess-1.0.2.jar;c:\Users\AJ\AppData\Roaming\Code\User\globalStorage\fwcd.kotlin\langServerInstall\server\lib\listenablefuture-9999.0-empty-to-avoid-conflict-with-guava.jar;c:\Users\AJ\AppData\Roaming\Code\User\globalStorage\fwcd.kotlin\langServerInstall\server\lib\jsr305-3.0.2.jar;c:\Users\AJ\AppData\Roaming\Code\User\globalStorage\fwcd.kotlin\langServerInstall\server\lib\checker-qual-3.43.0.jar;c:\Users\AJ\AppData\Roaming\Code\User\globalStorage\fwcd.kotlin\langServerInstall\server\lib\error_prone_annotations-2.28.0.jar
Launcher Type: SUN_STANDARD

[Global flags]
     intx CICompilerCount                          = 3                                         {product} {ergonomic}
     uint ConcGCThreads                            = 1                                         {product} {ergonomic}
     uint G1ConcRefinementThreads                  = 4                                         {product} {ergonomic}
   size_t G1HeapRegionSize                         = 1048576                                   {product} {ergonomic}
   size_t InitialHeapSize                          = 130023424                                 {product} {ergonomic}
   size_t MarkStackSize                            = 4194304                                   {product} {ergonomic}
   size_t MaxHeapSize                              = 2065694720                                {product} {ergonomic}
   size_t MaxNewSize                               = 1239416832                                {product} {ergonomic}
   size_t MinHeapDeltaBytes                        = 1048576                                   {product} {ergonomic}
   size_t MinHeapSize                              = 8388608                                   {product} {ergonomic}
    uintx NonNMethodCodeHeapSize                   = 5832780                                {pd product} {ergonomic}
    uintx NonProfiledCodeHeapSize                  = 122912730                              {pd product} {ergonomic}
    uintx ProfiledCodeHeapSize                     = 122912730                              {pd product} {ergonomic}
    uintx ReservedCodeCacheSize                    = 251658240                              {pd product} {ergonomic}
     bool SegmentedCodeCache                       = true                                      {product} {ergonomic}
   size_t SoftMaxHeapSize                          = 2065694720                             {manageable} {ergonomic}
     bool UseCompressedOops                        = true                           {product lp64_product} {ergonomic}
     bool UseG1GC                                  = true                                      {product} {ergonomic}
     bool UseLargePagesIndividualAllocation        = false                                  {pd product} {ergonomic}

Logging:
Log output configuration:
 #0: stdout all=warning uptime,level,tags foldmultilines=false
 #1: stderr all=off uptime,level,tags foldmultilines=false

Environment Variables:
JAVA_HOME=C:\Program Files\OpenJDK\jdk-22.0.2
CLASSPATH=c:\Users\AJ\AppData\Roaming\Code\User\globalStorage\fwcd.kotlin\langServerInstall\server\lib\server-1.3.13.jar;c:\Users\AJ\AppData\Roaming\Code\User\globalStorage\fwcd.kotlin\langServerInstall\server\lib\shared-1.3.13.jar;c:\Users\AJ\AppData\Roaming\Code\User\globalStorage\fwcd.kotlin\langServerInstall\server\lib\kotlin-scripting-jvm-host-unshaded-2.1.0.jar;c:\Users\AJ\AppData\Roaming\Code\User\globalStorage\fwcd.kotlin\langServerInstall\server\lib\kotlin-scripting-compiler-2.1.0.jar;c:\Users\AJ\AppData\Roaming\Code\User\globalStorage\fwcd.kotlin\langServerInstall\server\lib\ktfmt-b5d31d1.jar;c:\Users\AJ\AppData\Roaming\Code\User\globalStorage\fwcd.kotlin\langServerInstall\server\lib\kotlin-compiler-2.1.0.jar;c:\Users\AJ\AppData\Roaming\Code\User\globalStorage\fwcd.kotlin\langServerInstall\server\lib\exposed-dao-0.37.3.jar;c:\Users\AJ\AppData\Roaming\Code\User\globalStorage\fwcd.kotlin\langServerInstall\server\lib\exposed-jdbc-0.37.3.jar;c:\Users\AJ\AppData\Roaming\Code\User\globalStorage\fwcd.kotlin\langServerInstall\server\lib\exposed-core-0.37.3.jar;c:\Users\AJ\AppData\Roaming\Code\User\globalStorage\fwcd.kotlin\langServerInstall\server\lib\kotlin-scripting-compiler-impl-2.1.0.jar;c:\Users\AJ\AppData\Roaming\Code\User\globalStorage\fwcd.kotlin\langServerInstall\server\lib\kotlin-reflect-2.1.0.jar;c:\Users\AJ\AppData\Roaming\Code\User\globalStorage\fwcd.kotlin\langServerInstall\server\lib\kotlin-scripting-jvm-2.1.0.jar;c:\Users\AJ\AppData\Roaming\Code\User\globalStorage\fwcd.kotlin\langServerInstall\server\lib\kotlin-scripting-common-2.1.0.jar;c:\Users\AJ\AppData\Roaming\Code\User\globalStorage\fwcd.kotlin\langServerInstall\server\lib\kotlinx-coroutines-core-jvm-1.6.4.jar;c:\Users\AJ\AppData\Roaming\Code\User\globalStorage\fwcd.kotlin\langServerInstall\server\lib\kotlin-stdlib-jdk8-2.1.0.jar;c:\Users\AJ\AppData\Roaming\Code\User\globalStorage\fwcd.kotlin\langServerInstall\server\lib\kotlin-stdlib-jdk7-2.1.0.jar;c:\Users\AJ\AppData\Roaming\Code\User\globalStorage\fwcd.kotlin\langServerInstall\server\lib\kotlin-stdlib-2.1.0.jar;c:\Users\AJ\AppData\Roaming\Code\User\globalStorage\fwcd.kotlin\langServerInstall\server\lib\org.eclipse.lsp4j-0.21.2.jar;c:\Users\AJ\AppData\Roaming\Code\User\globalStorage\fwcd.kotlin\langServerInstall\server\lib\org.eclipse.lsp4j.jsonrpc-0.21.2.jar;c:\Users\AJ\AppData\Roaming\Code\User\globalStorage\fwcd.kotlin\langServerInstall\server\lib\kotlin-sam-with-receiver-compiler-plugin-2.1.0.jar;c:\Users\AJ\AppData\Roaming\Code\User\globalStorage\fwcd.kotlin\langServerInstall\server\lib\fernflower-1.0.jar;c:\Users\AJ\AppData\Roaming\Code\User\globalStorage\fwcd.kotlin\langServerInstall\server\lib\h2-1.4.200.jar;c:\Users\AJ\AppData\Roaming\Code\User\globalStorage\fwcd.kotlin\langServerInstall\server\lib\jcommander-1.78.jar;c:\Users\AJ\AppData\Roaming\Code\User\globalStorage\fwcd.kotlin\langServerInstall\server\lib\sqlite-jdbc-3.41.2.1.jar;c:\Users\AJ\AppData\Roaming\Code\User\globalStorage\fwcd.kotlin\langServerInstall\server\lib\google-java-format-1.8.jar;c:\Users\AJ\AppData\Roaming\Code\User\globalStorage\fwcd.kotlin\langServerInstall\server\lib\guava-33.3.0-jre.jar;c:\Users\AJ\AppData\Roaming\Code\User\globalStorage\fwcd.kotlin\langServerInstall\server\lib\annotations-13.0.jar;c:\Users\AJ\AppData\Roaming\Code\User\globalStorage\fwcd.kotlin\langServerInstall\server\lib\gson-2.10.1.jar;c:\Users\AJ\AppData\Roaming\Code\User\globalStorage\fwcd.kotlin\langServerInstall\server\lib\kotlin-script-runtime-2.1.0.jar;c:\Users\AJ\AppData\Roaming\Code\User\globalStorage\fwcd.kotlin\langServerInstall\server\lib\trove4j-1.0.20200330.jar;c:\Users\AJ\AppData\Roaming\Code\User\globalStorage\fwcd.kotlin\langServerInstall\server\lib\jline-3.24.1.jar;c:\Users\AJ\AppData\Roaming\Code\User\globalStorage\fwcd.kotlin\langServerInstall\server\lib\slf4j-api-1.7.25.jar;c:\Users\AJ\AppData\Roaming\Code\User\globalStorage\fwcd.kotlin\langServerInstall\server\lib\jna-4.2.2.jar;c:\Users\AJ\AppData\Roaming\Code\User\globalStorage\fwcd.kotlin\langServerInstall\server\lib\failureaccess-1.0.2.jar;c:\Users\AJ\AppData\Roaming\Code\User\globalStorage\fwcd.kotlin\langServerInstall\server\lib\listenablefuture-9999.0-empty-to-avoid-conflict-with-guava.jar;c:\Users\AJ\AppData\Roaming\Code\User\globalStorage\fwcd.kotlin\langServerInstall\server\lib\jsr305-3.0.2.jar;c:\Users\AJ\AppData\Roaming\Code\User\globalStorage\fwcd.kotlin\langServerInstall\server\lib\checker-qual-3.43.0.jar;c:\Users\AJ\AppData\Roaming\Code\User\globalStorage\fwcd.kotlin\langServerInstall\server\lib\error_prone_annotations-2.28.0.jar
PATH=C:\Program Files\Common Files\Oracle\Java\javapath;C:\Program Files (x86)\OpenLogic\jre-8.0.382.05-hotspot\bin;C:\Program Files\Microsoft\jdk-11.0.18.10-hotspot\bin;C:\ProgramData\chocolatey\bin;C:\Users\AJ\AppData\Local\Android\Sdk\platform-tools;C:\WINDOWS\system32;C:\WINDOWS;C:\WINDOWS\System32\Wbem;C:\WINDOWS\System32\WindowsPowerShell\v1.0\;C:\WINDOWS\System32\OpenSSH\;C:\Users\AJ\AppData\Local\Programs\Python\Python312\;C:\Users\AJ\AppData\Local\Programs\Python\Python312\Scripts\;C:\Program Files\Git\cmd;C:\Program Files\Git\bin;C:\Program Files (x86)\Microsoft SQL Server\160\Tools\Binn\;C:\Program Files\Microsoft SQL Server\160\Tools\Binn\;C:\Program Files\Microsoft SQL Server\Client SDK\ODBC\170\Tools\Binn\;C:\Program Files\Microsoft SQL Server\160\DTS\Binn\;C:\Program Files\nodejs\;C:\Program Files (x86)\Microsoft SQL Server\160\DTS\Binn\;C:\Program Files\OpenJDK\jdk-22.0.2\bin;C:\Program Files (x86)\dotnet\;C:\Users\AJ\AppData\Local\Programs\Python\Python313\Scripts\;C:\Users\AJ\AppData\Local\Programs\Python\Python313\;C:\Users\AJ\AppData\Local\Programs\Python\Launcher\;C:\Users\AJ\AppData\Local\Microsoft\WindowsApps;C:\Users\AJ\AppData\Local\Programs\Microsoft VS Code\bin;C:\Users\AJ\AppData\Local\JetBrains\IntelliJ IDEA 2024.1.3\bin;C:\Users\AJ\AppData\Roaming\npm
USERNAME=AJ
OS=Windows_NT
PROCESSOR_IDENTIFIER=Intel64 Family 6 Model 69 Stepping 1, GenuineIntel
TMP=C:\Users\AJ\AppData\Local\Temp
TEMP=C:\Users\AJ\AppData\Local\Temp




Periodic native trim disabled

---------------  S Y S T E M  ---------------

OS:
 Windows 10 , 64 bit Build 19041 (10.0.19041.5915)
OS uptime: 0 days 1:13 hours

CPU: total 4 (initial active 4) (2 cores per cpu, 2 threads per core) family 6 model 69 stepping 1 microcode 0x25, cx8, cmov, fxsr, ht, mmx, sse, sse2, sse3, ssse3, sse4.1, sse4.2, popcnt, lzcnt, tsc, tscinvbit, avx, avx2, aes, erms, clmul, bmi1, bmi2, fma, vzeroupper, clflush, rdtscp, f16c
Processor Information for all 4 processors :
  Max Mhz: 2494, Current Mhz: 1895, Mhz Limit: 1895

Memory: 4k page, system-wide physical 7878M (490M free)
TotalPageFile size 13223M (AvailPageFile size 6M)
current process WorkingSet (physical memory assigned to process): 360M, peak: 702M
current process commit charge ("private bytes"): 458M, peak: 748M

vm_info: OpenJDK 64-Bit Server VM (22.0.2+9-70) for windows-amd64 JRE (22.0.2+9-70), built on 2024-06-04T16:52:23Z by "mach5one" with MS VC++ 17.6 (VS2022)

END.
