#
# There is insufficient memory for the Java Runtime Environment to continue.
# Native memory allocation (malloc) failed to allocate 1048576 bytes. Error detail: AllocateHeap
# Possible reasons:
#   The system is out of physical RAM or swap space
#   This process is running with CompressedOops enabled, and the Java Heap may be blocking the growth of the native heap
# Possible solutions:
#   Reduce memory load on the system
#   Increase physical memory or swap space
#   Check if swap backing store is full
#   Decrease Java heap size (-Xmx/-Xms)
#   Decrease number of Java threads
#   Decrease Java thread stack sizes (-Xss)
#   Set larger code cache with -XX:ReservedCodeCacheSize=
#   JVM is running with Unscaled Compressed Oops mode in which the Java heap is
#     placed in the first 4GB address space. The Java Heap base address is the
#     maximum limit for the native heap growth. Please use -XX:HeapBaseMinAddress
#     to set the Java Heap base and to place the Java Heap above 4GB virtual address.
# This output file may be truncated or incomplete.
#
#  Out of Memory Error (allocation.cpp:44), pid=2880, tid=10168
#
# JRE version: OpenJDK Runtime Environment Temurin-21.0.8+9 (21.0.8+9) (build 21.0.8+9-LTS)
# Java VM: OpenJDK 64-Bit Server VM Temurin-21.0.8+9 (21.0.8+9-LTS, mixed mode, sharing, tiered, compressed oops, compressed class ptrs, parallel gc, windows-amd64)
# No core dump will be written. Minidumps are not enabled by default on client versions of Windows
#

---------------  S U M M A R Y ------------

Command Line: --add-modules=ALL-SYSTEM --add-opens=java.base/java.util=ALL-UNNAMED --add-opens=java.base/java.lang=ALL-UNNAMED --add-opens=java.base/sun.nio.fs=ALL-UNNAMED -Declipse.application=org.eclipse.jdt.ls.core.id1 -Dosgi.bundles.defaultStartLevel=4 -Declipse.product=org.eclipse.jdt.ls.core.product -Djava.import.generatesMetadataFilesAtProjectRoot=false -DDetectVMInstallationsJob.disabled=true -Dfile.encoding=utf8 -XX:+UseParallelGC -XX:GCTimeRatio=4 -XX:AdaptiveSizePolicyWeight=90 -Dsun.zip.disableMemoryMapping=true -Xmx2G -Xms100m -Xlog:disable -javaagent:c:\Users\AJ\.vscode\extensions\redhat.java-1.44.0-win32-x64\lombok\lombok-1.18.39-4050.jar -XX:+HeapDumpOnOutOfMemoryError -XX:HeapDumpPath=c:\Users\AJ\AppData\Roaming\Code\User\workspaceStorage\42d3df7c00ac9b0f7d13d418ec405ff2\redhat.java -Daether.dependencyCollector.impl=bf c:\Users\AJ\.vscode\extensions\redhat.java-1.44.0-win32-x64\server\plugins\org.eclipse.equinox.launcher_1.7.0.v20250519-0528.jar -configuration c:\Users\AJ\AppData\Roaming\Code\User\globalStorage\redhat.java\1.44.0\config_win -data c:\Users\AJ\AppData\Roaming\Code\User\workspaceStorage\42d3df7c00ac9b0f7d13d418ec405ff2\redhat.java\jdt_ws --pipe=\\.\pipe\lsp-3bb04882dd7b5a0e2066bfac02382ebd-sock

Host: Intel(R) Core(TM) i5-4300U CPU @ 1.90GHz, 4 cores, 7G,  Windows 10 , 64 bit Build 19041 (10.0.19041.5915)
Time: Wed Aug  6 13:16:59 2025 Pakistan Standard Time elapsed time: 3343.648605 seconds (0d 0h 55m 43s)

---------------  T H R E A D  ---------------

Current thread (0x00000136b9acddd0):  JavaThread "Attach Listener" daemon [_thread_in_vm, id=10168, stack(0x00000007b5800000,0x00000007b5900000) (1024K)]

Stack: [0x00000007b5800000,0x00000007b5900000]
Native frames: (J=compiled Java code, j=interpreted, Vv=VM code, C=native code)
V  [jvm.dll+0x6d2449]
V  [jvm.dll+0x8ae341]
V  [jvm.dll+0x8b08be]
V  [jvm.dll+0x8b0fa3]
V  [jvm.dll+0x280c96]
V  [jvm.dll+0xc0347]
V  [jvm.dll+0x6d2cf9]
V  [jvm.dll+0x131116]
V  [jvm.dll+0x3f2d16]
V  [jvm.dll+0x857e6b]
V  [jvm.dll+0x6d0b0d]
C  [ucrtbase.dll+0x21bb2]
C  [KERNEL32.DLL+0x17374]
C  [ntdll.dll+0x4cc91]


---------------  P R O C E S S  ---------------

Threads class SMR info:
_java_thread_list=0x000001371b19ba90, length=31, elements={
0x00000136b9be1df0, 0x00000136b9cae460, 0x00000136b9acbfb0, 0x00000136b9accec0,
0x00000136b9acddd0, 0x00000136b9ad1aa0, 0x00000136b9ad24f0, 0x00000136b9ad3320,
0x00000136b9b4b590, 0x00000136b9c4ec40, 0x0000013712482df0, 0x000001371280f1f0,
0x00000137127f7e10, 0x00000137125628a0, 0x00000137125637b0, 0x0000013712d9bf80,
0x0000013712dd2c50, 0x0000013712a3e320, 0x0000013712a3f040, 0x0000013712a403f0,
0x0000013712a3fd60, 0x0000013712a3dc90, 0x0000013718e62b00, 0x0000013718e66ca0,
0x0000013718e65260, 0x0000013718e64bd0, 0x0000013718e658f0, 0x0000013718e63820,
0x0000013718e679c0, 0x0000013718e61750, 0x0000013718e61de0
}

Java Threads: ( => current thread )
  0x00000136b9be1df0 JavaThread "main"                              [_thread_blocked, id=10388, stack(0x00000007b5100000,0x00000007b5200000) (1024K)]
  0x00000136b9cae460 JavaThread "Reference Handler"          daemon [_thread_blocked, id=7160, stack(0x00000007b5500000,0x00000007b5600000) (1024K)]
  0x00000136b9acbfb0 JavaThread "Finalizer"                  daemon [_thread_blocked, id=1740, stack(0x00000007b5600000,0x00000007b5700000) (1024K)]
  0x00000136b9accec0 JavaThread "Signal Dispatcher"          daemon [_thread_blocked, id=14140, stack(0x00000007b5700000,0x00000007b5800000) (1024K)]
=>0x00000136b9acddd0 JavaThread "Attach Listener"            daemon [_thread_in_vm, id=10168, stack(0x00000007b5800000,0x00000007b5900000) (1024K)]
  0x00000136b9ad1aa0 JavaThread "Service Thread"             daemon [_thread_blocked, id=10732, stack(0x00000007b5900000,0x00000007b5a00000) (1024K)]
  0x00000136b9ad24f0 JavaThread "Monitor Deflation Thread"   daemon [_thread_blocked, id=3512, stack(0x00000007b5a00000,0x00000007b5b00000) (1024K)]
  0x00000136b9ad3320 JavaThread "C2 CompilerThread0"         daemon [_thread_blocked, id=14308, stack(0x00000007b5b00000,0x00000007b5c00000) (1024K)]
  0x00000136b9b4b590 JavaThread "C1 CompilerThread0"         daemon [_thread_blocked, id=3212, stack(0x00000007b5c00000,0x00000007b5d00000) (1024K)]
  0x00000136b9c4ec40 JavaThread "Common-Cleaner"             daemon [_thread_blocked, id=13944, stack(0x00000007b5d00000,0x00000007b5e00000) (1024K)]
  0x0000013712482df0 JavaThread "Notification Thread"        daemon [_thread_blocked, id=10328, stack(0x00000007b5e00000,0x00000007b5f00000) (1024K)]
  0x000001371280f1f0 JavaThread "Active Thread: Equinox Container: e52c8edc-fc3c-45dd-8b3e-d02fa66afb5a"        [_thread_blocked, id=3476, stack(0x00000007b6300000,0x00000007b6400000) (1024K)]
  0x00000137127f7e10 JavaThread "Refresh Thread: Equinox Container: e52c8edc-fc3c-45dd-8b3e-d02fa66afb5a" daemon [_thread_blocked, id=4944, stack(0x00000007b6200000,0x00000007b6300000) (1024K)]
  0x00000137125628a0 JavaThread "Framework Event Dispatcher: Equinox Container: e52c8edc-fc3c-45dd-8b3e-d02fa66afb5a" daemon [_thread_blocked, id=8512, stack(0x00000007b6400000,0x00000007b6500000) (1024K)]
  0x00000137125637b0 JavaThread "Start Level: Equinox Container: e52c8edc-fc3c-45dd-8b3e-d02fa66afb5a" daemon [_thread_blocked, id=13012, stack(0x00000007b6500000,0x00000007b6600000) (1024K)]
  0x0000013712d9bf80 JavaThread "Bundle File Closer"         daemon [_thread_blocked, id=4516, stack(0x00000007b6600000,0x00000007b6700000) (1024K)]
  0x0000013712dd2c50 JavaThread "SCR Component Actor"        daemon [_thread_blocked, id=12608, stack(0x00000007b6700000,0x00000007b6800000) (1024K)]
  0x0000013712a3e320 JavaThread "Worker-JM"                         [_thread_blocked, id=9592, stack(0x00000007b6a00000,0x00000007b6b00000) (1024K)]
  0x0000013712a3f040 JavaThread "JNA Cleaner"                daemon [_thread_blocked, id=14284, stack(0x00000007b6900000,0x00000007b6a00000) (1024K)]
  0x0000013712a403f0 JavaThread "Worker-2"                          [_thread_blocked, id=13500, stack(0x00000007b6e00000,0x00000007b6f00000) (1024K)]
  0x0000013712a3fd60 JavaThread "Java indexing"              daemon [_thread_blocked, id=13556, stack(0x00000007b7000000,0x00000007b7100000) (1024K)]
  0x0000013712a3dc90 JavaThread "Worker-4"                          [_thread_blocked, id=13628, stack(0x00000007b7300000,0x00000007b7400000) (1024K)]
  0x0000013718e62b00 JavaThread "Thread-2"                   daemon [_thread_in_native, id=12784, stack(0x00000007b7500000,0x00000007b7600000) (1024K)]
  0x0000013718e66ca0 JavaThread "Thread-3"                   daemon [_thread_in_native, id=11472, stack(0x00000007b7600000,0x00000007b7700000) (1024K)]
  0x0000013718e65260 JavaThread "Thread-4"                   daemon [_thread_in_native, id=10284, stack(0x00000007b7700000,0x00000007b7800000) (1024K)]
  0x0000013718e64bd0 JavaThread "Thread-5"                   daemon [_thread_in_native, id=2768, stack(0x00000007b7800000,0x00000007b7900000) (1024K)]
  0x0000013718e658f0 JavaThread "Thread-6"                   daemon [_thread_in_native, id=5580, stack(0x00000007b7900000,0x00000007b7a00000) (1024K)]
  0x0000013718e63820 JavaThread "pool-2-thread-1"                   [_thread_blocked, id=1212, stack(0x00000007b7a00000,0x00000007b7b00000) (1024K)]
  0x0000013718e679c0 JavaThread "WorkspaceEventsHandler"            [_thread_blocked, id=5024, stack(0x00000007b7c00000,0x00000007b7d00000) (1024K)]
  0x0000013718e61750 JavaThread "pool-1-thread-1"                   [_thread_blocked, id=1100, stack(0x00000007b7d00000,0x00000007b7e00000) (1024K)]
  0x0000013718e61de0 JavaThread "Timer-0"                           [_thread_blocked, id=8256, stack(0x00000007b7e00000,0x00000007b7f00000) (1024K)]
Total: 31

Other Threads:
  0x00000136b9c9e9c0 VMThread "VM Thread"                           [id=11628, stack(0x00000007b5400000,0x00000007b5500000) (1024K)]
  0x00000136b9c4db80 WatcherThread "VM Periodic Task Thread"        [id=7016, stack(0x00000007b5300000,0x00000007b5400000) (1024K)]
  0x00000136b9c00050 WorkerThread "GC Thread#0"                     [id=72, stack(0x00000007b5200000,0x00000007b5300000) (1024K)]
  0x000001371297df00 WorkerThread "GC Thread#1"                     [id=3460, stack(0x00000007b5f00000,0x00000007b6000000) (1024K)]
  0x0000013712b601b0 WorkerThread "GC Thread#2"                     [id=5668, stack(0x00000007b6000000,0x00000007b6100000) (1024K)]
  0x0000013712b60950 WorkerThread "GC Thread#3"                     [id=14260, stack(0x00000007b6100000,0x00000007b6200000) (1024K)]
Total: 6

Threads with active compile tasks:
Total: 0

VM state: not at safepoint (normal execution)

VM Mutex/Monitor currently owned by a thread: None

Heap address: 0x0000000080000000, size: 2048 MB, Compressed Oops mode: 32-bit

CDS archive(s) mapped at: [0x00000136d1000000-0x00000136d1ba0000-0x00000136d1ba0000), size 12189696, SharedBaseAddress: 0x00000136d1000000, ArchiveRelocationMode: 1.
Compressed class space mapped at: 0x00000136d2000000-0x0000013712000000, reserved size: 1073741824
Narrow klass base: 0x00000136d1000000, Narrow klass shift: 0, Narrow klass range: 0x100000000

GC Precious Log:
 CardTable entry size: 512
 CPUs: 4 total, 4 available
 Memory: 7878M
 Large Page Support: Disabled
 NUMA Support: Disabled
 Compressed Oops: Enabled (32-bit)
 Alignments: Space 512K, Generation 512K, Heap 2M
 Heap Min Capacity: 100M
 Heap Initial Capacity: 100M
 Heap Max Capacity: 2G
 Pre-touch: Disabled
 Parallel Workers: 4

Heap:
 PSYoungGen      total 3584K, used 510K [0x00000000d5580000, 0x00000000d5c80000, 0x0000000100000000)
  eden space 3072K, 0% used [0x00000000d5580000,0x00000000d5587948,0x00000000d5880000)
  from space 512K, 93% used [0x00000000d5b80000,0x00000000d5bf8020,0x00000000d5c00000)
  to   space 512K, 0% used [0x00000000d5c00000,0x00000000d5c00000,0x00000000d5c80000)
 ParOldGen       total 199680K, used 199617K [0x0000000080000000, 0x000000008c300000, 0x00000000d5580000)
  object space 199680K, 99% used [0x0000000080000000,0x000000008c2f0760,0x000000008c300000)
 Metaspace       used 69337K, committed 70784K, reserved 1114112K
  class space    used 7896K, committed 8512K, reserved 1048576K

Card table byte_map: [0x00000136b9590000,0x00000136b99a0000] _byte_map_base: 0x00000136b9190000

Marking Bits: (ParMarkBitMap*) 0x00007ffd107aa340
 Begin Bits: [0x00000136cc090000, 0x00000136ce090000)
 End Bits:   [0x00000136ce090000, 0x00000136d0090000)

Polling page: 0x00000136b7880000

Metaspace:

Usage:
  Non-class:     60.00 MB used.
      Class:      7.71 MB used.
       Both:     67.71 MB used.

Virtual space:
  Non-class space:       64.00 MB reserved,      60.81 MB ( 95%) committed,  1 nodes.
      Class space:        1.00 GB reserved,       8.31 MB ( <1%) committed,  1 nodes.
             Both:        1.06 GB reserved,      69.12 MB (  6%) committed. 

Chunk freelists:
   Non-Class:  2.74 MB
       Class:  7.51 MB
        Both:  10.25 MB

MaxMetaspaceSize: unlimited
CompressedClassSpaceSize: 1.00 GB
Initial GC threshold: 21.00 MB
Current GC threshold: 97.31 MB
CDS: on
 - commit_granule_bytes: 65536.
 - commit_granule_words: 8192.
 - virtual_space_node_default_size: 8388608.
 - enlarge_chunks_in_place: 1.
 - use_allocation_guard: 0.


Internal statistics:

num_allocs_failed_limit: 9.
num_arena_births: 1114.
num_arena_deaths: 16.
num_vsnodes_births: 2.
num_vsnodes_deaths: 0.
num_space_committed: 1106.
num_space_uncommitted: 0.
num_chunks_returned_to_freelist: 26.
num_chunks_taken_from_freelist: 3950.
num_chunk_merges: 10.
num_chunk_splits: 2538.
num_chunks_enlarged: 1626.
num_inconsistent_stats: 0.

CodeHeap 'non-profiled nmethods': size=120000Kb used=9314Kb max_used=9314Kb free=110686Kb
 bounds [0x00000136c48b0000, 0x00000136c51d0000, 0x00000136cbde0000]
CodeHeap 'profiled nmethods': size=120000Kb used=23509Kb max_used=23509Kb free=96490Kb
 bounds [0x00000136bcde0000, 0x00000136be4e0000, 0x00000136c4310000]
CodeHeap 'non-nmethods': size=5760Kb used=1452Kb max_used=1504Kb free=4307Kb
 bounds [0x00000136c4310000, 0x00000136c4580000, 0x00000136c48b0000]
CodeCache: size=245760Kb, used=34275Kb, max_used=34327Kb, free=211483Kb
 total_blobs=11885, nmethods=11128, adapters=662, full_count=0
Compilation: enabled, stopped_count=0, restarted_count=0

Compilation events (20 events):
Event: 2887.288 Thread 0x00000136b9b4b590 12020   !   3       java.util.concurrent.ScheduledThreadPoolExecutor$DelayedWorkQueue::take (203 bytes)
Event: 2887.291 Thread 0x00000136b9b4b590 nmethod 12020 0x00000136be4cd410 code [0x00000136be4cd7e0, 0x00000136be4cf080]
Event: 2887.291 Thread 0x00000136b9b4b590 12018       3       java.util.concurrent.ThreadPoolExecutor::ensurePrestart (41 bytes)
Event: 2887.291 Thread 0x00000136b9b4b590 nmethod 12018 0x00000136be4cfb90 code [0x00000136be4cfd60, 0x00000136be4d0010]
Event: 2887.291 Thread 0x00000136b9b4b590 12019       3       java.util.concurrent.ScheduledThreadPoolExecutor$DelayedWorkQueue::take (5 bytes)
Event: 2887.291 Thread 0x00000136b9b4b590 nmethod 12019 0x00000136be4d0110 code [0x00000136be4d02c0, 0x00000136be4d0418]
Event: 2899.406 Thread 0x00000136b9b4b590 12022   !   3       java.util.concurrent.FutureTask::runAndReset (125 bytes)
Event: 2899.419 Thread 0x00000136b9b4b590 nmethod 12022 0x00000136be4d0510 code [0x00000136be4d0980, 0x00000136be4d3038]
Event: 2899.419 Thread 0x00000136b9b4b590 12023       3       java.util.concurrent.ScheduledThreadPoolExecutor$ScheduledFutureTask::setNextRunTime (38 bytes)
Event: 2899.420 Thread 0x00000136b9b4b590 nmethod 12023 0x00000136be4d3b90 code [0x00000136be4d3d40, 0x00000136be4d3f50]
Event: 2899.420 Thread 0x00000136b9b4b590 12024       3       java.util.concurrent.ScheduledThreadPoolExecutor::reExecutePeriodic (49 bytes)
Event: 2899.420 Thread 0x00000136b9b4b590 nmethod 12024 0x00000136be4d4010 code [0x00000136be4d4240, 0x00000136be4d48c0]
Event: 3052.271 Thread 0x00000136b9b4b590 12025       3       org.eclipse.core.internal.dtree.DataTreeNode::storeStrings (28 bytes)
Event: 3052.271 Thread 0x00000136b9b4b590 nmethod 12025 0x00000136be4d4b10 code [0x00000136be4d4ce0, 0x00000136be4d5160]
Event: 3052.277 Thread 0x00000136b9ad3320 12026       4       org.eclipse.core.internal.resources.MarkerSet::shareStrings (57 bytes)
Event: 3052.320 Thread 0x00000136b9ad3320 nmethod 12026 0x00000136c51c6810 code [0x00000136c51c6a80, 0x00000136c51c7758]
Event: 3296.915 Thread 0x00000136b9b4b590 12027       3       java.lang.ref.ReferenceQueue::await (15 bytes)
Event: 3296.916 Thread 0x00000136b9b4b590 nmethod 12027 0x00000136be4d5290 code [0x00000136be4d5440, 0x00000136be4d55e0]
Event: 3318.551 Thread 0x00000136b9ad3320 12028   !   4       java.lang.Object::wait (50 bytes)
Event: 3318.554 Thread 0x00000136b9ad3320 nmethod 12028 0x00000136c51c8210 code [0x00000136c51c83e0, 0x00000136c51c85a0]

GC Heap History (20 events):
Event: 614.938 GC heap before
{Heap before GC invocations=605 (full 3):
 PSYoungGen      total 5120K, used 3360K [0x00000000d5580000, 0x00000000d5d00000, 0x0000000100000000)
  eden space 3072K, 100% used [0x00000000d5580000,0x00000000d5880000,0x00000000d5880000)
  from space 2048K, 14% used [0x00000000d5a00000,0x00000000d5a48000,0x00000000d5c00000)
  to   space 1024K, 0% used [0x00000000d5c00000,0x00000000d5c00000,0x00000000d5d00000)
 ParOldGen       total 199680K, used 199281K [0x0000000080000000, 0x000000008c300000, 0x00000000d5580000)
  object space 199680K, 99% used [0x0000000080000000,0x000000008c29c760,0x000000008c300000)
 Metaspace       used 69237K, committed 70720K, reserved 1114112K
  class space    used 7896K, committed 8512K, reserved 1048576K
}
Event: 614.941 GC heap after
{Heap after GC invocations=605 (full 3):
 PSYoungGen      total 3584K, used 128K [0x00000000d5580000, 0x00000000d5c80000, 0x0000000100000000)
  eden space 3072K, 0% used [0x00000000d5580000,0x00000000d5580000,0x00000000d5880000)
  from space 512K, 25% used [0x00000000d5c00000,0x00000000d5c20000,0x00000000d5c80000)
  to   space 512K, 0% used [0x00000000d5b80000,0x00000000d5b80000,0x00000000d5c00000)
 ParOldGen       total 199680K, used 199481K [0x0000000080000000, 0x000000008c300000, 0x00000000d5580000)
  object space 199680K, 99% used [0x0000000080000000,0x000000008c2ce760,0x000000008c300000)
 Metaspace       used 69237K, committed 70720K, reserved 1114112K
  class space    used 7896K, committed 8512K, reserved 1048576K
}
Event: 692.261 GC heap before
{Heap before GC invocations=606 (full 3):
 PSYoungGen      total 3584K, used 3200K [0x00000000d5580000, 0x00000000d5c80000, 0x0000000100000000)
  eden space 3072K, 100% used [0x00000000d5580000,0x00000000d5880000,0x00000000d5880000)
  from space 512K, 25% used [0x00000000d5c00000,0x00000000d5c20000,0x00000000d5c80000)
  to   space 512K, 0% used [0x00000000d5b80000,0x00000000d5b80000,0x00000000d5c00000)
 ParOldGen       total 199680K, used 199481K [0x0000000080000000, 0x000000008c300000, 0x00000000d5580000)
  object space 199680K, 99% used [0x0000000080000000,0x000000008c2ce760,0x000000008c300000)
 Metaspace       used 69249K, committed 70720K, reserved 1114112K
  class space    used 7896K, committed 8512K, reserved 1048576K
}
Event: 692.262 GC heap after
{Heap after GC invocations=606 (full 3):
 PSYoungGen      total 3584K, used 128K [0x00000000d5580000, 0x00000000d5c80000, 0x0000000100000000)
  eden space 3072K, 0% used [0x00000000d5580000,0x00000000d5580000,0x00000000d5880000)
  from space 512K, 25% used [0x00000000d5b80000,0x00000000d5ba0000,0x00000000d5c00000)
  to   space 512K, 0% used [0x00000000d5c00000,0x00000000d5c00000,0x00000000d5c80000)
 ParOldGen       total 199680K, used 199513K [0x0000000080000000, 0x000000008c300000, 0x00000000d5580000)
  object space 199680K, 99% used [0x0000000080000000,0x000000008c2d6760,0x000000008c300000)
 Metaspace       used 69249K, committed 70720K, reserved 1114112K
  class space    used 7896K, committed 8512K, reserved 1048576K
}
Event: 790.816 GC heap before
{Heap before GC invocations=607 (full 3):
 PSYoungGen      total 3584K, used 3200K [0x00000000d5580000, 0x00000000d5c80000, 0x0000000100000000)
  eden space 3072K, 100% used [0x00000000d5580000,0x00000000d5880000,0x00000000d5880000)
  from space 512K, 25% used [0x00000000d5b80000,0x00000000d5ba0000,0x00000000d5c00000)
  to   space 512K, 0% used [0x00000000d5c00000,0x00000000d5c00000,0x00000000d5c80000)
 ParOldGen       total 199680K, used 199513K [0x0000000080000000, 0x000000008c300000, 0x00000000d5580000)
  object space 199680K, 99% used [0x0000000080000000,0x000000008c2d6760,0x000000008c300000)
 Metaspace       used 69256K, committed 70720K, reserved 1114112K
  class space    used 7896K, committed 8512K, reserved 1048576K
}
Event: 790.818 GC heap after
{Heap after GC invocations=607 (full 3):
 PSYoungGen      total 3584K, used 128K [0x00000000d5580000, 0x00000000d5c80000, 0x0000000100000000)
  eden space 3072K, 0% used [0x00000000d5580000,0x00000000d5580000,0x00000000d5880000)
  from space 512K, 25% used [0x00000000d5c00000,0x00000000d5c20000,0x00000000d5c80000)
  to   space 512K, 0% used [0x00000000d5b80000,0x00000000d5b80000,0x00000000d5c00000)
 ParOldGen       total 199680K, used 199521K [0x0000000080000000, 0x000000008c300000, 0x00000000d5580000)
  object space 199680K, 99% used [0x0000000080000000,0x000000008c2d8760,0x000000008c300000)
 Metaspace       used 69256K, committed 70720K, reserved 1114112K
  class space    used 7896K, committed 8512K, reserved 1048576K
}
Event: 998.654 GC heap before
{Heap before GC invocations=608 (full 3):
 PSYoungGen      total 3584K, used 3200K [0x00000000d5580000, 0x00000000d5c80000, 0x0000000100000000)
  eden space 3072K, 100% used [0x00000000d5580000,0x00000000d5880000,0x00000000d5880000)
  from space 512K, 25% used [0x00000000d5c00000,0x00000000d5c20000,0x00000000d5c80000)
  to   space 512K, 0% used [0x00000000d5b80000,0x00000000d5b80000,0x00000000d5c00000)
 ParOldGen       total 199680K, used 199521K [0x0000000080000000, 0x000000008c300000, 0x00000000d5580000)
  object space 199680K, 99% used [0x0000000080000000,0x000000008c2d8760,0x000000008c300000)
 Metaspace       used 69259K, committed 70720K, reserved 1114112K
  class space    used 7896K, committed 8512K, reserved 1048576K
}
Event: 998.655 GC heap after
{Heap after GC invocations=608 (full 3):
 PSYoungGen      total 3584K, used 128K [0x00000000d5580000, 0x00000000d5c80000, 0x0000000100000000)
  eden space 3072K, 0% used [0x00000000d5580000,0x00000000d5580000,0x00000000d5880000)
  from space 512K, 25% used [0x00000000d5b80000,0x00000000d5ba0000,0x00000000d5c00000)
  to   space 512K, 0% used [0x00000000d5c00000,0x00000000d5c00000,0x00000000d5c80000)
 ParOldGen       total 199680K, used 199529K [0x0000000080000000, 0x000000008c300000, 0x00000000d5580000)
  object space 199680K, 99% used [0x0000000080000000,0x000000008c2da760,0x000000008c300000)
 Metaspace       used 69259K, committed 70720K, reserved 1114112K
  class space    used 7896K, committed 8512K, reserved 1048576K
}
Event: 1244.887 GC heap before
{Heap before GC invocations=609 (full 3):
 PSYoungGen      total 3584K, used 3200K [0x00000000d5580000, 0x00000000d5c80000, 0x0000000100000000)
  eden space 3072K, 100% used [0x00000000d5580000,0x00000000d5880000,0x00000000d5880000)
  from space 512K, 25% used [0x00000000d5b80000,0x00000000d5ba0000,0x00000000d5c00000)
  to   space 512K, 0% used [0x00000000d5c00000,0x00000000d5c00000,0x00000000d5c80000)
 ParOldGen       total 199680K, used 199529K [0x0000000080000000, 0x000000008c300000, 0x00000000d5580000)
  object space 199680K, 99% used [0x0000000080000000,0x000000008c2da760,0x000000008c300000)
 Metaspace       used 69261K, committed 70720K, reserved 1114112K
  class space    used 7896K, committed 8512K, reserved 1048576K
}
Event: 1244.888 GC heap after
{Heap after GC invocations=609 (full 3):
 PSYoungGen      total 3584K, used 128K [0x00000000d5580000, 0x00000000d5c80000, 0x0000000100000000)
  eden space 3072K, 0% used [0x00000000d5580000,0x00000000d5580000,0x00000000d5880000)
  from space 512K, 25% used [0x00000000d5c00000,0x00000000d5c20000,0x00000000d5c80000)
  to   space 512K, 0% used [0x00000000d5b80000,0x00000000d5b80000,0x00000000d5c00000)
 ParOldGen       total 199680K, used 199529K [0x0000000080000000, 0x000000008c300000, 0x00000000d5580000)
  object space 199680K, 99% used [0x0000000080000000,0x000000008c2da760,0x000000008c300000)
 Metaspace       used 69261K, committed 70720K, reserved 1114112K
  class space    used 7896K, committed 8512K, reserved 1048576K
}
Event: 1308.467 GC heap before
{Heap before GC invocations=610 (full 3):
 PSYoungGen      total 3584K, used 3200K [0x00000000d5580000, 0x00000000d5c80000, 0x0000000100000000)
  eden space 3072K, 100% used [0x00000000d5580000,0x00000000d5880000,0x00000000d5880000)
  from space 512K, 25% used [0x00000000d5c00000,0x00000000d5c20000,0x00000000d5c80000)
  to   space 512K, 0% used [0x00000000d5b80000,0x00000000d5b80000,0x00000000d5c00000)
 ParOldGen       total 199680K, used 199529K [0x0000000080000000, 0x000000008c300000, 0x00000000d5580000)
  object space 199680K, 99% used [0x0000000080000000,0x000000008c2da760,0x000000008c300000)
 Metaspace       used 69272K, committed 70720K, reserved 1114112K
  class space    used 7896K, committed 8512K, reserved 1048576K
}
Event: 1308.473 GC heap after
{Heap after GC invocations=610 (full 3):
 PSYoungGen      total 3584K, used 96K [0x00000000d5580000, 0x00000000d5c80000, 0x0000000100000000)
  eden space 3072K, 0% used [0x00000000d5580000,0x00000000d5580000,0x00000000d5880000)
  from space 512K, 18% used [0x00000000d5b80000,0x00000000d5b98000,0x00000000d5c00000)
  to   space 512K, 0% used [0x00000000d5c00000,0x00000000d5c00000,0x00000000d5c80000)
 ParOldGen       total 199680K, used 199545K [0x0000000080000000, 0x000000008c300000, 0x00000000d5580000)
  object space 199680K, 99% used [0x0000000080000000,0x000000008c2de760,0x000000008c300000)
 Metaspace       used 69272K, committed 70720K, reserved 1114112K
  class space    used 7896K, committed 8512K, reserved 1048576K
}
Event: 1644.326 GC heap before
{Heap before GC invocations=611 (full 3):
 PSYoungGen      total 3584K, used 3168K [0x00000000d5580000, 0x00000000d5c80000, 0x0000000100000000)
  eden space 3072K, 100% used [0x00000000d5580000,0x00000000d5880000,0x00000000d5880000)
  from space 512K, 18% used [0x00000000d5b80000,0x00000000d5b98000,0x00000000d5c00000)
  to   space 512K, 0% used [0x00000000d5c00000,0x00000000d5c00000,0x00000000d5c80000)
 ParOldGen       total 199680K, used 199545K [0x0000000080000000, 0x000000008c300000, 0x00000000d5580000)
  object space 199680K, 99% used [0x0000000080000000,0x000000008c2de760,0x000000008c300000)
 Metaspace       used 69284K, committed 70720K, reserved 1114112K
  class space    used 7896K, committed 8512K, reserved 1048576K
}
Event: 1644.328 GC heap after
{Heap after GC invocations=611 (full 3):
 PSYoungGen      total 3584K, used 128K [0x00000000d5580000, 0x00000000d5c80000, 0x0000000100000000)
  eden space 3072K, 0% used [0x00000000d5580000,0x00000000d5580000,0x00000000d5880000)
  from space 512K, 25% used [0x00000000d5c00000,0x00000000d5c20000,0x00000000d5c80000)
  to   space 512K, 0% used [0x00000000d5b80000,0x00000000d5b80000,0x00000000d5c00000)
 ParOldGen       total 199680K, used 199561K [0x0000000080000000, 0x000000008c300000, 0x00000000d5580000)
  object space 199680K, 99% used [0x0000000080000000,0x000000008c2e2760,0x000000008c300000)
 Metaspace       used 69284K, committed 70720K, reserved 1114112K
  class space    used 7896K, committed 8512K, reserved 1048576K
}
Event: 1982.286 GC heap before
{Heap before GC invocations=612 (full 3):
 PSYoungGen      total 3584K, used 3198K [0x00000000d5580000, 0x00000000d5c80000, 0x0000000100000000)
  eden space 3072K, 99% used [0x00000000d5580000,0x00000000d587fb30,0x00000000d5880000)
  from space 512K, 25% used [0x00000000d5c00000,0x00000000d5c20000,0x00000000d5c80000)
  to   space 512K, 0% used [0x00000000d5b80000,0x00000000d5b80000,0x00000000d5c00000)
 ParOldGen       total 199680K, used 199561K [0x0000000080000000, 0x000000008c300000, 0x00000000d5580000)
  object space 199680K, 99% used [0x0000000080000000,0x000000008c2e2760,0x000000008c300000)
 Metaspace       used 69299K, committed 70720K, reserved 1114112K
  class space    used 7896K, committed 8512K, reserved 1048576K
}
Event: 1982.289 GC heap after
{Heap after GC invocations=612 (full 3):
 PSYoungGen      total 3584K, used 128K [0x00000000d5580000, 0x00000000d5c80000, 0x0000000100000000)
  eden space 3072K, 0% used [0x00000000d5580000,0x00000000d5580000,0x00000000d5880000)
  from space 512K, 25% used [0x00000000d5b80000,0x00000000d5ba0000,0x00000000d5c00000)
  to   space 512K, 0% used [0x00000000d5c00000,0x00000000d5c00000,0x00000000d5c80000)
 ParOldGen       total 199680K, used 199577K [0x0000000080000000, 0x000000008c300000, 0x00000000d5580000)
  object space 199680K, 99% used [0x0000000080000000,0x000000008c2e6760,0x000000008c300000)
 Metaspace       used 69299K, committed 70720K, reserved 1114112K
  class space    used 7896K, committed 8512K, reserved 1048576K
}
Event: 2272.596 GC heap before
{Heap before GC invocations=613 (full 3):
 PSYoungGen      total 3584K, used 3200K [0x00000000d5580000, 0x00000000d5c80000, 0x0000000100000000)
  eden space 3072K, 100% used [0x00000000d5580000,0x00000000d5880000,0x00000000d5880000)
  from space 512K, 25% used [0x00000000d5b80000,0x00000000d5ba0000,0x00000000d5c00000)
  to   space 512K, 0% used [0x00000000d5c00000,0x00000000d5c00000,0x00000000d5c80000)
 ParOldGen       total 199680K, used 199577K [0x0000000080000000, 0x000000008c300000, 0x00000000d5580000)
  object space 199680K, 99% used [0x0000000080000000,0x000000008c2e6760,0x000000008c300000)
 Metaspace       used 69311K, committed 70720K, reserved 1114112K
  class space    used 7896K, committed 8512K, reserved 1048576K
}
Event: 2272.604 GC heap after
{Heap after GC invocations=613 (full 3):
 PSYoungGen      total 3584K, used 128K [0x00000000d5580000, 0x00000000d5c80000, 0x0000000100000000)
  eden space 3072K, 0% used [0x00000000d5580000,0x00000000d5580000,0x00000000d5880000)
  from space 512K, 25% used [0x00000000d5c00000,0x00000000d5c20000,0x00000000d5c80000)
  to   space 512K, 0% used [0x00000000d5b80000,0x00000000d5b80000,0x00000000d5c00000)
 ParOldGen       total 199680K, used 199585K [0x0000000080000000, 0x000000008c300000, 0x00000000d5580000)
  object space 199680K, 99% used [0x0000000080000000,0x000000008c2e8760,0x000000008c300000)
 Metaspace       used 69311K, committed 70720K, reserved 1114112K
  class space    used 7896K, committed 8512K, reserved 1048576K
}
Event: 3052.288 GC heap before
{Heap before GC invocations=614 (full 3):
 PSYoungGen      total 3584K, used 3199K [0x00000000d5580000, 0x00000000d5c80000, 0x0000000100000000)
  eden space 3072K, 99% used [0x00000000d5580000,0x00000000d587fff8,0x00000000d5880000)
  from space 512K, 25% used [0x00000000d5c00000,0x00000000d5c20000,0x00000000d5c80000)
  to   space 512K, 0% used [0x00000000d5b80000,0x00000000d5b80000,0x00000000d5c00000)
 ParOldGen       total 199680K, used 199585K [0x0000000080000000, 0x000000008c300000, 0x00000000d5580000)
  object space 199680K, 99% used [0x0000000080000000,0x000000008c2e8760,0x000000008c300000)
 Metaspace       used 69336K, committed 70784K, reserved 1114112K
  class space    used 7896K, committed 8512K, reserved 1048576K
}
Event: 3052.306 GC heap after
{Heap after GC invocations=614 (full 3):
 PSYoungGen      total 3584K, used 480K [0x00000000d5580000, 0x00000000d5c80000, 0x0000000100000000)
  eden space 3072K, 0% used [0x00000000d5580000,0x00000000d5580000,0x00000000d5880000)
  from space 512K, 93% used [0x00000000d5b80000,0x00000000d5bf8020,0x00000000d5c00000)
  to   space 512K, 0% used [0x00000000d5c00000,0x00000000d5c00000,0x00000000d5c80000)
 ParOldGen       total 199680K, used 199617K [0x0000000080000000, 0x000000008c300000, 0x00000000d5580000)
  object space 199680K, 99% used [0x0000000080000000,0x000000008c2f0760,0x000000008c300000)
 Metaspace       used 69336K, committed 70784K, reserved 1114112K
  class space    used 7896K, committed 8512K, reserved 1048576K
}

Dll operation events (15 events):
Event: 0.017 Loaded shared library c:\Users\AJ\.vscode\extensions\redhat.java-1.44.0-win32-x64\jre\21.0.8-win32-x86_64\bin\java.dll
Event: 0.650 Loaded shared library c:\Users\AJ\.vscode\extensions\redhat.java-1.44.0-win32-x64\jre\21.0.8-win32-x86_64\bin\zip.dll
Event: 0.726 Loaded shared library C:\Users\AJ\.vscode\extensions\redhat.java-1.44.0-win32-x64\jre\21.0.8-win32-x86_64\bin\instrument.dll
Event: 0.843 Loaded shared library C:\Users\AJ\.vscode\extensions\redhat.java-1.44.0-win32-x64\jre\21.0.8-win32-x86_64\bin\net.dll
Event: 0.849 Loaded shared library C:\Users\AJ\.vscode\extensions\redhat.java-1.44.0-win32-x64\jre\21.0.8-win32-x86_64\bin\nio.dll
Event: 0.856 Loaded shared library C:\Users\AJ\.vscode\extensions\redhat.java-1.44.0-win32-x64\jre\21.0.8-win32-x86_64\bin\zip.dll
Event: 0.928 Loaded shared library C:\Users\AJ\.vscode\extensions\redhat.java-1.44.0-win32-x64\jre\21.0.8-win32-x86_64\bin\jimage.dll
Event: 1.320 Loaded shared library c:\Users\AJ\.vscode\extensions\redhat.java-1.44.0-win32-x64\jre\21.0.8-win32-x86_64\bin\verify.dll
Event: 27.176 Loaded shared library C:\Users\AJ\AppData\Roaming\Code\User\globalStorage\redhat.java\1.44.0\config_win\org.eclipse.equinox.launcher\org.eclipse.equinox.launcher.win32.win32.x86_64_1.2.1400.v20250730-1736\eclipse_11913.dll
Event: 50.392 Loaded shared library C:\Users\AJ\AppData\Local\Temp\jna-2089\jna8958475370843677524.dll
Event: 56.507 Loaded shared library C:\Users\AJ\.vscode\extensions\redhat.java-1.44.0-win32-x64\jre\21.0.8-win32-x86_64\bin\sunmscapi.dll
Event: 56.768 Loaded shared library C:\Users\AJ\.vscode\extensions\redhat.java-1.44.0-win32-x64\jre\21.0.8-win32-x86_64\bin\extnet.dll
Event: 128.810 Loaded shared library C:\Users\AJ\.gradle\native\c067742578af261105cb4f569cf0c3c89f3d7b1fecec35dd04571415982c5e48\windows-amd64\native-platform.dll
Event: 148.618 Loaded shared library C:\Users\AJ\.vscode\extensions\redhat.java-1.44.0-win32-x64\jre\21.0.8-win32-x86_64\bin\management.dll
Event: 148.623 Loaded shared library C:\Users\AJ\.vscode\extensions\redhat.java-1.44.0-win32-x64\jre\21.0.8-win32-x86_64\bin\management_ext.dll

Deoptimization events (20 events):
Event: 2272.592 Thread 0x0000013718e61750 DEOPT PACKING pc=0x00000136c51c1864 sp=0x00000007b7dfe730
Event: 2272.592 Thread 0x0000013718e61750 DEOPT UNPACKING pc=0x00000136c4363aa2 sp=0x00000007b7dfe6c0 mode 2
Event: 2281.024 Thread 0x0000013718e61750 Uncommon trap: trap_request=0xffffffbe fr.pc=0x00000136c51c1864 relative=0x0000000000000904
Event: 2281.024 Thread 0x0000013718e61750 Uncommon trap: reason=profile_predicate action=maybe_recompile pc=0x00000136c51c1864 method=java.io.InputStream.read([BII)I @ 40 c2
Event: 2281.024 Thread 0x0000013718e61750 DEOPT PACKING pc=0x00000136c51c1864 sp=0x00000007b7dfe730
Event: 2281.024 Thread 0x0000013718e61750 DEOPT UNPACKING pc=0x00000136c4363aa2 sp=0x00000007b7dfe6c0 mode 2
Event: 2283.610 Thread 0x0000013718e61750 Uncommon trap: trap_request=0xffffffbe fr.pc=0x00000136c51c1864 relative=0x0000000000000904
Event: 2283.610 Thread 0x0000013718e61750 Uncommon trap: reason=profile_predicate action=maybe_recompile pc=0x00000136c51c1864 method=java.io.InputStream.read([BII)I @ 40 c2
Event: 2283.610 Thread 0x0000013718e61750 DEOPT PACKING pc=0x00000136c51c1864 sp=0x00000007b7dfe730
Event: 2283.610 Thread 0x0000013718e61750 DEOPT UNPACKING pc=0x00000136c4363aa2 sp=0x00000007b7dfe6c0 mode 2
Event: 2307.140 Thread 0x0000013718e61750 Uncommon trap: trap_request=0xffffffbe fr.pc=0x00000136c51b4294 relative=0x00000000000005d4
Event: 2307.140 Thread 0x0000013718e61750 Uncommon trap: reason=profile_predicate action=maybe_recompile pc=0x00000136c51b4294 method=java.io.InputStream.read([BII)I @ 37 c2
Event: 2307.140 Thread 0x0000013718e61750 DEOPT PACKING pc=0x00000136c51b4294 sp=0x00000007b7dfe710
Event: 2307.140 Thread 0x0000013718e61750 DEOPT UNPACKING pc=0x00000136c4363aa2 sp=0x00000007b7dfe6d0 mode 2
Event: 3052.277 Thread 0x0000013712a3dc90 DEOPT PACKING pc=0x00000136be46212b sp=0x00000007b73fea40
Event: 3052.277 Thread 0x0000013712a3dc90 DEOPT UNPACKING pc=0x00000136c4364242 sp=0x00000007b73fdeb0 mode 0
Event: 3052.282 Thread 0x0000013712a3dc90 DEOPT PACKING pc=0x00000136be46212b sp=0x00000007b73feb00
Event: 3052.283 Thread 0x0000013712a3dc90 DEOPT UNPACKING pc=0x00000136c4364242 sp=0x00000007b73fdf70 mode 0
Event: 3052.287 Thread 0x0000013712a3dc90 DEOPT PACKING pc=0x00000136be46212b sp=0x00000007b73feb00
Event: 3052.287 Thread 0x0000013712a3dc90 DEOPT UNPACKING pc=0x00000136c4364242 sp=0x00000007b73fdf70 mode 0

Classes loaded (20 events):
Event: 159.941 Loading class java/util/stream/ReduceOps$1
Event: 159.941 Loading class java/util/stream/ReduceOps$1 done
Event: 159.941 Loading class java/util/stream/ReduceOps$1ReducingSink
Event: 159.941 Loading class java/util/stream/ReduceOps$1ReducingSink done
Event: 363.892 Loading class java/util/stream/Nodes$CollectorTask$OfRef
Event: 363.894 Loading class java/util/stream/Nodes$CollectorTask
Event: 363.894 Loading class java/util/stream/Nodes$CollectorTask done
Event: 363.894 Loading class java/util/stream/Nodes$CollectorTask$OfRef done
Event: 363.898 Loading class java/util/function/LongFunction
Event: 363.898 Loading class java/util/function/LongFunction done
Event: 363.899 Loading class java/util/stream/Nodes$ConcNode
Event: 363.899 Loading class java/util/stream/Nodes$AbstractConcNode
Event: 363.899 Loading class java/util/stream/Nodes$AbstractConcNode done
Event: 363.899 Loading class java/util/stream/Nodes$ConcNode done
Event: 363.912 Loading class java/io/ObjectOutputStream$BlockDataOutputStream
Event: 363.913 Loading class java/io/ObjectOutputStream$BlockDataOutputStream done
Event: 363.913 Loading class java/io/ObjectOutputStream$HandleTable
Event: 363.914 Loading class java/io/ObjectOutputStream$HandleTable done
Event: 363.914 Loading class java/io/ObjectOutputStream$ReplaceTable
Event: 363.914 Loading class java/io/ObjectOutputStream$ReplaceTable done

Classes unloaded (8 events):
Event: 52.891 Thread 0x00000136b9c9e9c0 Unloading class 0x00000136d21ac800 'java/lang/invoke/LambdaForm$MH+0x00000136d21ac800'
Event: 52.891 Thread 0x00000136b9c9e9c0 Unloading class 0x00000136d21ac400 'java/lang/invoke/LambdaForm$MH+0x00000136d21ac400'
Event: 52.891 Thread 0x00000136b9c9e9c0 Unloading class 0x00000136d21ac000 'java/lang/invoke/LambdaForm$MH+0x00000136d21ac000'
Event: 52.891 Thread 0x00000136b9c9e9c0 Unloading class 0x00000136d21abc00 'java/lang/invoke/LambdaForm$MH+0x00000136d21abc00'
Event: 52.891 Thread 0x00000136b9c9e9c0 Unloading class 0x00000136d21ab800 'java/lang/invoke/LambdaForm$BMH+0x00000136d21ab800'
Event: 52.891 Thread 0x00000136b9c9e9c0 Unloading class 0x00000136d21ab400 'java/lang/invoke/LambdaForm$DMH+0x00000136d21ab400'
Event: 52.891 Thread 0x00000136b9c9e9c0 Unloading class 0x00000136d21aa000 'java/lang/invoke/LambdaForm$DMH+0x00000136d21aa000'
Event: 55.633 Thread 0x00000136b9c9e9c0 Unloading class 0x00000136d2311c00 'java/lang/invoke/LambdaForm$DMH+0x00000136d2311c00'

Classes redefined (0 events):
No events

Internal exceptions (20 events):
Event: 158.325 Thread 0x0000013712a3dc90 Exception <a 'sun/nio/fs/WindowsException'{0x00000000d5659d80}> (0x00000000d5659d80) 
thrown [s\src\hotspot\share\prims\jni.cpp, line 520]
Event: 158.328 Thread 0x0000013712a3dc90 Exception <a 'sun/nio/fs/WindowsException'{0x00000000d5662420}> (0x00000000d5662420) 
thrown [s\src\hotspot\share\prims\jni.cpp, line 520]
Event: 158.328 Thread 0x0000013712a3dc90 Exception <a 'sun/nio/fs/WindowsException'{0x00000000d5662a80}> (0x00000000d5662a80) 
thrown [s\src\hotspot\share\prims\jni.cpp, line 520]
Event: 158.331 Thread 0x0000013712a3dc90 Exception <a 'sun/nio/fs/WindowsException'{0x00000000d566b358}> (0x00000000d566b358) 
thrown [s\src\hotspot\share\prims\jni.cpp, line 520]
Event: 158.331 Thread 0x0000013712a3dc90 Exception <a 'sun/nio/fs/WindowsException'{0x00000000d566b9b8}> (0x00000000d566b9b8) 
thrown [s\src\hotspot\share\prims\jni.cpp, line 520]
Event: 158.333 Thread 0x0000013712a3dc90 Exception <a 'sun/nio/fs/WindowsException'{0x00000000d56742b8}> (0x00000000d56742b8) 
thrown [s\src\hotspot\share\prims\jni.cpp, line 520]
Event: 158.333 Thread 0x0000013712a3dc90 Exception <a 'sun/nio/fs/WindowsException'{0x00000000d5674918}> (0x00000000d5674918) 
thrown [s\src\hotspot\share\prims\jni.cpp, line 520]
Event: 158.334 Thread 0x0000013718892720 Implicit null exception at 0x00000136c5155d84 to 0x00000136c5156bb8
Event: 158.334 Thread 0x0000013712a3dc90 Exception <a 'sun/nio/fs/WindowsException'{0x00000000d567d238}> (0x00000000d567d238) 
thrown [s\src\hotspot\share\prims\jni.cpp, line 520]
Event: 158.335 Thread 0x0000013712a3dc90 Exception <a 'sun/nio/fs/WindowsException'{0x00000000d567d868}> (0x00000000d567d868) 
thrown [s\src\hotspot\share\prims\jni.cpp, line 520]
Event: 158.336 Thread 0x0000013712a3dc90 Exception <a 'sun/nio/fs/WindowsException'{0x00000000d5699b70}> (0x00000000d5699b70) 
thrown [s\src\hotspot\share\prims\jni.cpp, line 520]
Event: 158.336 Thread 0x0000013712a3dc90 Exception <a 'sun/nio/fs/WindowsException'{0x00000000d569a1a0}> (0x00000000d569a1a0) 
thrown [s\src\hotspot\share\prims\jni.cpp, line 520]
Event: 158.337 Thread 0x0000013712a3dc90 Exception <a 'sun/nio/fs/WindowsException'{0x00000000d56b7230}> (0x00000000d56b7230) 
thrown [s\src\hotspot\share\prims\jni.cpp, line 520]
Event: 158.337 Thread 0x0000013712a3dc90 Exception <a 'sun/nio/fs/WindowsException'{0x00000000d56b7920}> (0x00000000d56b7920) 
thrown [s\src\hotspot\share\prims\jni.cpp, line 520]
Event: 158.338 Thread 0x0000013712a3dc90 Exception <a 'sun/nio/fs/WindowsException'{0x00000000d56cdc10}> (0x00000000d56cdc10) 
thrown [s\src\hotspot\share\prims\jni.cpp, line 520]
Event: 158.338 Thread 0x0000013712a3dc90 Exception <a 'sun/nio/fs/WindowsException'{0x00000000d56ce300}> (0x00000000d56ce300) 
thrown [s\src\hotspot\share\prims\jni.cpp, line 520]
Event: 158.340 Thread 0x0000013712a3dc90 Exception <a 'sun/nio/fs/WindowsException'{0x00000000d56d6ba0}> (0x00000000d56d6ba0) 
thrown [s\src\hotspot\share\prims\jni.cpp, line 520]
Event: 158.340 Thread 0x0000013712a3dc90 Exception <a 'sun/nio/fs/WindowsException'{0x00000000d56d7290}> (0x00000000d56d7290) 
thrown [s\src\hotspot\share\prims\jni.cpp, line 520]
Event: 159.951 Thread 0x0000013712a3dc90 Exception <a 'java/lang/NoSuchMethodError'{0x00000000d583f0a8}: 'java.lang.Object java.lang.invoke.DirectMethodHandle$Holder.invokeStatic(java.lang.Object, java.lang.Object, int, java.lang.Object)'> (0x00000000d583f0a8) 
thrown [s\src\hotspot\share\interpreter\linkResolver.cpp, line 773]
Event: 363.928 Thread 0x0000013712a3dc90 Exception <a 'java/lang/NoSuchMethodError'{0x00000000d58083e0}: 'java.lang.Object java.lang.invoke.DirectMethodHandle$Holder.newInvokeSpecial(java.lang.Object, java.lang.Object, java.lang.Object, java.lang.Object, java.lang.Object, java.lang.Object, java.lang.Object, java.lang.Object)'> (0x00000000d58083e0) 
thrown [s\src\hotspot\share\interpreter\linkResolver.cpp, line 773]

ZGC Phase Switch (0 events):
No events

VM Operations (20 events):
Event: 3052.288 Executing VM operation: ParallelGCFailedAllocation (Allocation Failure)
Event: 3052.306 Executing VM operation: ParallelGCFailedAllocation (Allocation Failure) done
Event: 3066.296 Executing VM operation: HandshakeAllThreads (HandshakeForDeflation)
Event: 3066.296 Executing VM operation: HandshakeAllThreads (HandshakeForDeflation) done
Event: 3066.296 Executing VM operation: RendezvousGCThreads
Event: 3066.296 Executing VM operation: RendezvousGCThreads done
Event: 3126.470 Executing VM operation: HandshakeAllThreads (HandshakeForDeflation)
Event: 3126.470 Executing VM operation: HandshakeAllThreads (HandshakeForDeflation) done
Event: 3126.470 Executing VM operation: RendezvousGCThreads
Event: 3126.470 Executing VM operation: RendezvousGCThreads done
Event: 3186.531 Executing VM operation: HandshakeAllThreads (HandshakeForDeflation)
Event: 3186.531 Executing VM operation: HandshakeAllThreads (HandshakeForDeflation) done
Event: 3186.531 Executing VM operation: RendezvousGCThreads
Event: 3186.531 Executing VM operation: RendezvousGCThreads done
Event: 3246.643 Executing VM operation: HandshakeAllThreads (HandshakeForDeflation)
Event: 3246.643 Executing VM operation: HandshakeAllThreads (HandshakeForDeflation) done
Event: 3246.643 Executing VM operation: RendezvousGCThreads
Event: 3246.643 Executing VM operation: RendezvousGCThreads done
Event: 3315.843 Executing VM operation: Cleanup
Event: 3315.843 Executing VM operation: Cleanup done

Memory protections (0 events):
No events

Nmethod flushes (20 events):
Event: 101.191 Thread 0x00000136b9c9e9c0 flushing  nmethod 0x00000136bd817410
Event: 101.191 Thread 0x00000136b9c9e9c0 flushing  nmethod 0x00000136bd817a10
Event: 101.191 Thread 0x00000136b9c9e9c0 flushing  nmethod 0x00000136bd817e10
Event: 101.191 Thread 0x00000136b9c9e9c0 flushing  nmethod 0x00000136bd819390
Event: 101.191 Thread 0x00000136b9c9e9c0 flushing  nmethod 0x00000136bd81f290
Event: 101.191 Thread 0x00000136b9c9e9c0 flushing  nmethod 0x00000136bd83d490
Event: 101.191 Thread 0x00000136b9c9e9c0 flushing  nmethod 0x00000136bd83d910
Event: 101.191 Thread 0x00000136b9c9e9c0 flushing  nmethod 0x00000136bd83de90
Event: 101.191 Thread 0x00000136b9c9e9c0 flushing  nmethod 0x00000136bd83e390
Event: 101.191 Thread 0x00000136b9c9e9c0 flushing  nmethod 0x00000136bd83e710
Event: 101.191 Thread 0x00000136b9c9e9c0 flushing  nmethod 0x00000136bd83ed10
Event: 101.191 Thread 0x00000136b9c9e9c0 flushing  nmethod 0x00000136bd83f590
Event: 101.191 Thread 0x00000136b9c9e9c0 flushing  nmethod 0x00000136bd83fd90
Event: 101.191 Thread 0x00000136b9c9e9c0 flushing  nmethod 0x00000136bd840590
Event: 101.191 Thread 0x00000136b9c9e9c0 flushing  nmethod 0x00000136bd85ae10
Event: 101.191 Thread 0x00000136b9c9e9c0 flushing  nmethod 0x00000136bd85b890
Event: 101.191 Thread 0x00000136b9c9e9c0 flushing  nmethod 0x00000136bd872310
Event: 101.191 Thread 0x00000136b9c9e9c0 flushing  nmethod 0x00000136bd874a10
Event: 101.191 Thread 0x00000136b9c9e9c0 flushing  nmethod 0x00000136bd875e90
Event: 101.191 Thread 0x00000136b9c9e9c0 flushing osr nmethod 0x00000136bd894110

Events (20 events):
Event: 157.000 Thread 0x0000013718e67330 Thread exited: 0x0000013718e67330
Event: 157.046 Thread 0x00000137129e0ff0 Thread exited: 0x00000137129e0ff0
Event: 157.897 Thread 0x00000136b9b4b590 Thread added: 0x00000137129e0ff0
Event: 158.218 Thread 0x00000137129e0ff0 Thread exited: 0x00000137129e0ff0
Event: 158.524 Thread 0x00000136b9b4b590 Thread added: 0x0000013718896cc0
Event: 159.252 Thread 0x0000013718896cc0 Thread exited: 0x0000013718896cc0
Event: 210.165 Thread 0x0000013718891370 Thread exited: 0x0000013718891370
Event: 210.165 Thread 0x0000013718891a00 Thread exited: 0x0000013718891a00
Event: 210.197 Thread 0x0000013718890ce0 Thread exited: 0x0000013718890ce0
Event: 217.001 Thread 0x0000013718e68050 Thread exited: 0x0000013718e68050
Event: 218.205 Thread 0x0000013712a40a80 Thread exited: 0x0000013712a40a80
Event: 218.839 Thread 0x0000013718892090 Thread exited: 0x0000013718892090
Event: 277.013 Thread 0x0000013718e63eb0 Thread exited: 0x0000013718e63eb0
Event: 278.839 Thread 0x0000013718892db0 Thread exited: 0x0000013718892db0
Event: 337.047 Thread 0x0000013718e610c0 Thread exited: 0x0000013718e610c0
Event: 339.100 Thread 0x0000013718892720 Thread exited: 0x0000013718892720
Event: 363.885 Thread 0x0000013712a3dc90 Thread added: 0x0000013718894160
Event: 363.900 Thread 0x0000013718894160 Thread exited: 0x0000013718894160
Event: 363.925 Thread 0x00000136b9b4b590 Thread added: 0x000001371973c4d0
Event: 364.191 Thread 0x000001371973c4d0 Thread exited: 0x000001371973c4d0


Dynamic libraries:
0x00007ff70b990000 - 0x00007ff70b99e000 	c:\Users\AJ\.vscode\extensions\redhat.java-1.44.0-win32-x64\jre\21.0.8-win32-x86_64\bin\java.exe
0x00007ffd95850000 - 0x00007ffd95a48000 	C:\WINDOWS\SYSTEM32\ntdll.dll
0x00007ffd939a0000 - 0x00007ffd93a62000 	C:\WINDOWS\System32\KERNEL32.DLL
0x00007ffd931f0000 - 0x00007ffd934e6000 	C:\WINDOWS\System32\KERNELBASE.dll
0x00007ffd93770000 - 0x00007ffd93870000 	C:\WINDOWS\System32\ucrtbase.dll
0x00007ffd52c50000 - 0x00007ffd52c68000 	c:\Users\AJ\.vscode\extensions\redhat.java-1.44.0-win32-x64\jre\21.0.8-win32-x86_64\bin\jli.dll
0x00007ffd93a70000 - 0x00007ffd93c0d000 	C:\WINDOWS\System32\USER32.dll
0x00007ffd934f0000 - 0x00007ffd93512000 	C:\WINDOWS\System32\win32u.dll
0x00007ffd94c40000 - 0x00007ffd94c6b000 	C:\WINDOWS\System32\GDI32.dll
0x00007ffd93650000 - 0x00007ffd93769000 	C:\WINDOWS\System32\gdi32full.dll
0x00007ffd93520000 - 0x00007ffd935bd000 	C:\WINDOWS\System32\msvcp_win.dll
0x00007ffd52450000 - 0x00007ffd5246e000 	c:\Users\AJ\.vscode\extensions\redhat.java-1.44.0-win32-x64\jre\21.0.8-win32-x86_64\bin\VCRUNTIME140.dll
0x00007ffd83550000 - 0x00007ffd837ea000 	C:\WINDOWS\WinSxS\amd64_microsoft.windows.common-controls_6595b64144ccf1df_6.0.19041.5915_none_60b4b9d171f9c7c7\COMCTL32.dll
0x00007ffd956b0000 - 0x00007ffd9574e000 	C:\WINDOWS\System32\msvcrt.dll
0x00007ffd94c00000 - 0x00007ffd94c2f000 	C:\WINDOWS\System32\IMM32.DLL
0x00007ffd8c210000 - 0x00007ffd8c21c000 	c:\Users\AJ\.vscode\extensions\redhat.java-1.44.0-win32-x64\jre\21.0.8-win32-x86_64\bin\vcruntime140_1.dll
0x00007ffd2d5a0000 - 0x00007ffd2d62d000 	c:\Users\AJ\.vscode\extensions\redhat.java-1.44.0-win32-x64\jre\21.0.8-win32-x86_64\bin\msvcp140.dll
0x00007ffd0faf0000 - 0x00007ffd10887000 	c:\Users\AJ\.vscode\extensions\redhat.java-1.44.0-win32-x64\jre\21.0.8-win32-x86_64\bin\server\jvm.dll
0x00007ffd95750000 - 0x00007ffd95801000 	C:\WINDOWS\System32\ADVAPI32.dll
0x00007ffd94640000 - 0x00007ffd946df000 	C:\WINDOWS\System32\sechost.dll
0x00007ffd950b0000 - 0x00007ffd951d3000 	C:\WINDOWS\System32\RPCRT4.dll
0x00007ffd92ee0000 - 0x00007ffd92f07000 	C:\WINDOWS\System32\bcrypt.dll
0x00007ffd94a50000 - 0x00007ffd94abb000 	C:\WINDOWS\System32\WS2_32.dll
0x00007ffd92470000 - 0x00007ffd924bb000 	C:\WINDOWS\SYSTEM32\POWRPROF.dll
0x00007ffd839c0000 - 0x00007ffd839e7000 	C:\WINDOWS\SYSTEM32\WINMM.dll
0x00007ffd8b470000 - 0x00007ffd8b47a000 	C:\WINDOWS\SYSTEM32\VERSION.dll
0x00007ffd922e0000 - 0x00007ffd922f2000 	C:\WINDOWS\SYSTEM32\UMPDC.dll
0x00007ffd90d60000 - 0x00007ffd90d72000 	C:\WINDOWS\SYSTEM32\kernel.appcore.dll
0x00007ffd89a20000 - 0x00007ffd89a2a000 	c:\Users\AJ\.vscode\extensions\redhat.java-1.44.0-win32-x64\jre\21.0.8-win32-x86_64\bin\jimage.dll
0x00007ffd83bd0000 - 0x00007ffd83dd1000 	C:\WINDOWS\SYSTEM32\DBGHELP.DLL
0x00007ffd7e3c0000 - 0x00007ffd7e3f4000 	C:\WINDOWS\SYSTEM32\dbgcore.DLL
0x00007ffd935c0000 - 0x00007ffd93642000 	C:\WINDOWS\System32\bcryptPrimitives.dll
0x00007ffd7f5b0000 - 0x00007ffd7f5bf000 	c:\Users\AJ\.vscode\extensions\redhat.java-1.44.0-win32-x64\jre\21.0.8-win32-x86_64\bin\instrument.dll
0x00007ffd47640000 - 0x00007ffd4765f000 	c:\Users\AJ\.vscode\extensions\redhat.java-1.44.0-win32-x64\jre\21.0.8-win32-x86_64\bin\java.dll
0x00007ffd93da0000 - 0x00007ffd9450e000 	C:\WINDOWS\System32\SHELL32.dll
0x00007ffd90f60000 - 0x00007ffd91704000 	C:\WINDOWS\SYSTEM32\windows.storage.dll
0x00007ffd946e0000 - 0x00007ffd94a33000 	C:\WINDOWS\System32\combase.dll
0x00007ffd92910000 - 0x00007ffd9293b000 	C:\WINDOWS\SYSTEM32\Wldp.dll
0x00007ffd94d80000 - 0x00007ffd94e4d000 	C:\WINDOWS\System32\OLEAUT32.dll
0x00007ffd93c10000 - 0x00007ffd93cbd000 	C:\WINDOWS\System32\SHCORE.dll
0x00007ffd951e0000 - 0x00007ffd9523b000 	C:\WINDOWS\System32\shlwapi.dll
0x00007ffd92e10000 - 0x00007ffd92e34000 	C:\WINDOWS\SYSTEM32\profapi.dll
0x00007ffd3a780000 - 0x00007ffd3a798000 	c:\Users\AJ\.vscode\extensions\redhat.java-1.44.0-win32-x64\jre\21.0.8-win32-x86_64\bin\zip.dll
0x00007ffd7b4c0000 - 0x00007ffd7b4d0000 	C:\Users\AJ\.vscode\extensions\redhat.java-1.44.0-win32-x64\jre\21.0.8-win32-x86_64\bin\net.dll
0x00007ffd8aff0000 - 0x00007ffd8b0fa000 	C:\WINDOWS\SYSTEM32\WINHTTP.dll
0x00007ffd92670000 - 0x00007ffd926da000 	C:\WINDOWS\system32\mswsock.dll
0x00007ffd3a760000 - 0x00007ffd3a776000 	C:\Users\AJ\.vscode\extensions\redhat.java-1.44.0-win32-x64\jre\21.0.8-win32-x86_64\bin\nio.dll
0x00007ffd8e6f0000 - 0x00007ffd8e700000 	c:\Users\AJ\.vscode\extensions\redhat.java-1.44.0-win32-x64\jre\21.0.8-win32-x86_64\bin\verify.dll
0x00007ffd8e710000 - 0x00007ffd8e755000 	C:\Users\AJ\AppData\Roaming\Code\User\globalStorage\redhat.java\1.44.0\config_win\org.eclipse.equinox.launcher\org.eclipse.equinox.launcher.win32.win32.x86_64_1.2.1400.v20250730-1736\eclipse_11913.dll
0x00007ffd93870000 - 0x00007ffd9399b000 	C:\WINDOWS\System32\ole32.dll
0x00007ffd92860000 - 0x00007ffd92878000 	C:\WINDOWS\SYSTEM32\CRYPTSP.dll
0x00007ffd91f20000 - 0x00007ffd91f58000 	C:\WINDOWS\system32\rsaenh.dll
0x00007ffd92d90000 - 0x00007ffd92dbe000 	C:\WINDOWS\SYSTEM32\USERENV.dll
0x00007ffd92880000 - 0x00007ffd9288c000 	C:\WINDOWS\SYSTEM32\CRYPTBASE.dll
0x00007ffd92300000 - 0x00007ffd9233b000 	C:\WINDOWS\SYSTEM32\IPHLPAPI.DLL
0x00007ffd94a40000 - 0x00007ffd94a48000 	C:\WINDOWS\System32\NSI.dll
0x00007ffd8e7f0000 - 0x00007ffd8e839000 	C:\Users\AJ\AppData\Local\Temp\jna-2089\jna8958475370843677524.dll
0x00007ffd94510000 - 0x00007ffd94518000 	C:\WINDOWS\System32\PSAPI.DLL
0x00007ffd8b6f0000 - 0x00007ffd8b707000 	C:\WINDOWS\SYSTEM32\dhcpcsvc6.DLL
0x00007ffd8c120000 - 0x00007ffd8c13d000 	C:\WINDOWS\SYSTEM32\dhcpcsvc.DLL
0x00007ffd7f5e0000 - 0x00007ffd7f5ee000 	C:\Users\AJ\.vscode\extensions\redhat.java-1.44.0-win32-x64\jre\21.0.8-win32-x86_64\bin\sunmscapi.dll
0x00007ffd93090000 - 0x00007ffd931ed000 	C:\WINDOWS\System32\CRYPT32.dll
0x00007ffd92980000 - 0x00007ffd929a7000 	C:\WINDOWS\SYSTEM32\ncrypt.dll
0x00007ffd92940000 - 0x00007ffd9297b000 	C:\WINDOWS\SYSTEM32\NTASN1.dll
0x00007ffd92350000 - 0x00007ffd9241a000 	C:\WINDOWS\SYSTEM32\DNSAPI.dll
0x00007ffd85680000 - 0x00007ffd8568a000 	C:\Windows\System32\rasadhlp.dll
0x00007ffd85cb0000 - 0x00007ffd85d30000 	C:\WINDOWS\System32\fwpuclnt.dll
0x00007ffd7f5d0000 - 0x00007ffd7f5d9000 	C:\Users\AJ\.vscode\extensions\redhat.java-1.44.0-win32-x64\jre\21.0.8-win32-x86_64\bin\extnet.dll
0x00007ffd8e7c0000 - 0x00007ffd8e7e7000 	C:\Users\AJ\.gradle\native\c067742578af261105cb4f569cf0c3c89f3d7b1fecec35dd04571415982c5e48\windows-amd64\native-platform.dll
0x00007ffd8fa90000 - 0x00007ffd8fa9a000 	C:\Users\AJ\.vscode\extensions\redhat.java-1.44.0-win32-x64\jre\21.0.8-win32-x86_64\bin\management.dll
0x00007ffd7f5f0000 - 0x00007ffd7f5fb000 	C:\Users\AJ\.vscode\extensions\redhat.java-1.44.0-win32-x64\jre\21.0.8-win32-x86_64\bin\management_ext.dll

JVMTI agents:
c:\Users\AJ\.vscode\extensions\redhat.java-1.44.0-win32-x64\lombok\lombok-1.18.39-4050.jar path:c:\Users\AJ\.vscode\extensions\redhat.java-1.44.0-win32-x64\jre\21.0.8-win32-x86_64\bin\instrument.dll, loaded, initialized, instrumentlib options:none

dbghelp: loaded successfully - version: 4.0.5 - missing functions: none
symbol engine: initialized successfully - sym options: 0x614 - pdb path: .;c:\Users\AJ\.vscode\extensions\redhat.java-1.44.0-win32-x64\jre\21.0.8-win32-x86_64\bin;C:\WINDOWS\SYSTEM32;C:\WINDOWS\WinSxS\amd64_microsoft.windows.common-controls_6595b64144ccf1df_6.0.19041.5915_none_60b4b9d171f9c7c7;c:\Users\AJ\.vscode\extensions\redhat.java-1.44.0-win32-x64\jre\21.0.8-win32-x86_64\bin\server;C:\Users\AJ\AppData\Roaming\Code\User\globalStorage\redhat.java\1.44.0\config_win\org.eclipse.equinox.launcher\org.eclipse.equinox.launcher.win32.win32.x86_64_1.2.1400.v20250730-1736;C:\Users\AJ\AppData\Local\Temp\jna-2089;C:\Users\AJ\.gradle\native\c067742578af261105cb4f569cf0c3c89f3d7b1fecec35dd04571415982c5e48\windows-amd64

VM Arguments:
jvm_args: --add-modules=ALL-SYSTEM --add-opens=java.base/java.util=ALL-UNNAMED --add-opens=java.base/java.lang=ALL-UNNAMED --add-opens=java.base/sun.nio.fs=ALL-UNNAMED -Declipse.application=org.eclipse.jdt.ls.core.id1 -Dosgi.bundles.defaultStartLevel=4 -Declipse.product=org.eclipse.jdt.ls.core.product -Djava.import.generatesMetadataFilesAtProjectRoot=false -DDetectVMInstallationsJob.disabled=true -Dfile.encoding=utf8 -XX:+UseParallelGC -XX:GCTimeRatio=4 -XX:AdaptiveSizePolicyWeight=90 -Dsun.zip.disableMemoryMapping=true -Xmx2G -Xms100m -Xlog:disable -javaagent:c:\Users\AJ\.vscode\extensions\redhat.java-1.44.0-win32-x64\lombok\lombok-1.18.39-4050.jar -XX:+HeapDumpOnOutOfMemoryError -XX:HeapDumpPath=c:\Users\AJ\AppData\Roaming\Code\User\workspaceStorage\42d3df7c00ac9b0f7d13d418ec405ff2\redhat.java -Daether.dependencyCollector.impl=bf 
java_command: c:\Users\AJ\.vscode\extensions\redhat.java-1.44.0-win32-x64\server\plugins\org.eclipse.equinox.launcher_1.7.0.v20250519-0528.jar -configuration c:\Users\AJ\AppData\Roaming\Code\User\globalStorage\redhat.java\1.44.0\config_win -data c:\Users\AJ\AppData\Roaming\Code\User\workspaceStorage\42d3df7c00ac9b0f7d13d418ec405ff2\redhat.java\jdt_ws --pipe=\\.\pipe\lsp-3bb04882dd7b5a0e2066bfac02382ebd-sock
java_class_path (initial): c:\Users\AJ\.vscode\extensions\redhat.java-1.44.0-win32-x64\server\plugins\org.eclipse.equinox.launcher_1.7.0.v20250519-0528.jar
Launcher Type: SUN_STANDARD

[Global flags]
    uintx AdaptiveSizePolicyWeight                 = 90                                        {product} {command line}
     intx CICompilerCount                          = 3                                         {product} {ergonomic}
    uintx GCTimeRatio                              = 4                                         {product} {command line}
     bool HeapDumpOnOutOfMemoryError               = true                                   {manageable} {command line}
    ccstr HeapDumpPath                             = c:\Users\AJ\AppData\Roaming\Code\User\workspaceStorage\42d3df7c00ac9b0f7d13d418ec405ff2\redhat.java         {manageable} {command line}
   size_t InitialHeapSize                          = 104857600                                 {product} {command line}
   size_t MaxHeapSize                              = 2147483648                                {product} {command line}
   size_t MaxNewSize                               = 715653120                                 {product} {ergonomic}
   size_t MinHeapDeltaBytes                        = 524288                                    {product} {ergonomic}
   size_t MinHeapSize                              = 104857600                                 {product} {command line}
   size_t NewSize                                  = 34603008                                  {product} {ergonomic}
    uintx NonNMethodCodeHeapSize                   = 5832780                                {pd product} {ergonomic}
    uintx NonProfiledCodeHeapSize                  = 122912730                              {pd product} {ergonomic}
   size_t OldSize                                  = 70254592                                  {product} {ergonomic}
    uintx ProfiledCodeHeapSize                     = 122912730                              {pd product} {ergonomic}
    uintx ReservedCodeCacheSize                    = 251658240                              {pd product} {ergonomic}
     bool SegmentedCodeCache                       = true                                      {product} {ergonomic}
   size_t SoftMaxHeapSize                          = 2147483648                             {manageable} {ergonomic}
     bool UseCompressedOops                        = true                           {product lp64_product} {ergonomic}
     bool UseLargePagesIndividualAllocation        = false                                  {pd product} {ergonomic}
     bool UseParallelGC                            = true                                      {product} {command line}

Logging:
Log output configuration:
 #0: stdout all=off uptime,level,tags foldmultilines=false
 #1: stderr all=off uptime,level,tags foldmultilines=false

Environment Variables:
JAVA_HOME=C:\Program Files\OpenJDK\jdk-22.0.2
PATH=C:\Program Files\Common Files\Oracle\Java\javapath;C:\Program Files (x86)\OpenLogic\jre-8.0.382.05-hotspot\bin;C:\Program Files\Microsoft\jdk-11.0.18.10-hotspot\bin;C:\ProgramData\chocolatey\bin;C:\Users\AJ\AppData\Local\Android\Sdk\platform-tools;C:\WINDOWS\system32;C:\WINDOWS;C:\WINDOWS\System32\Wbem;C:\WINDOWS\System32\WindowsPowerShell\v1.0\;C:\WINDOWS\System32\OpenSSH\;C:\Users\AJ\AppData\Local\Programs\Python\Python312\;C:\Users\AJ\AppData\Local\Programs\Python\Python312\Scripts\;C:\Program Files\Git\cmd;C:\Program Files\Git\bin;C:\Program Files (x86)\Microsoft SQL Server\160\Tools\Binn\;C:\Program Files\Microsoft SQL Server\160\Tools\Binn\;C:\Program Files\Microsoft SQL Server\Client SDK\ODBC\170\Tools\Binn\;C:\Program Files\Microsoft SQL Server\160\DTS\Binn\;C:\Program Files\nodejs\;C:\Program Files (x86)\Microsoft SQL Server\160\DTS\Binn\;C:\Program Files\OpenJDK\jdk-22.0.2\bin;C:\Program Files (x86)\dotnet\;C:\Users\AJ\AppData\Local\Programs\Python\Python313\Scripts\;C:\Users\AJ\AppData\Local\Programs\Python\Python313\;C:\Users\AJ\AppData\Local\Programs\Python\Launcher\;C:\Users\AJ\AppData\Local\Microsoft\WindowsApps;C:\Users\AJ\AppData\Local\Programs\Microsoft VS Code\bin;C:\Users\AJ\AppData\Local\JetBrains\IntelliJ IDEA 2024.1.3\bin;C:\Users\AJ\AppData\Roaming\npm;C:\Users\AJ\AppData\Local\Programs\cursor\resources\app\bin
USERNAME=AJ
OS=Windows_NT
PROCESSOR_IDENTIFIER=Intel64 Family 6 Model 69 Stepping 1, GenuineIntel
TMP=C:\Users\AJ\AppData\Local\Temp
TEMP=C:\Users\AJ\AppData\Local\Temp




Periodic native trim disabled

---------------  S Y S T E M  ---------------

OS:
 Windows 10 , 64 bit Build 19041 (10.0.19041.5915)
OS uptime: 0 days 1:06 hours

CPU: total 4 (initial active 4) (2 cores per cpu, 2 threads per core) family 6 model 69 stepping 1 microcode 0x25, cx8, cmov, fxsr, ht, mmx, sse, sse2, sse3, ssse3, sse4.1, sse4.2, popcnt, lzcnt, tsc, tscinvbit, avx, avx2, aes, erms, clmul, bmi1, bmi2, fma, vzeroupper, clflush, rdtscp, f16c
Processor Information for the first 4 processors :
  Max Mhz: 2494, Current Mhz: 1895, Mhz Limit: 1895

Memory: 4k page, system-wide physical 7878M (1236M free)
TotalPageFile size 12239M (AvailPageFile size 20M)
current process WorkingSet (physical memory assigned to process): 74M, peak: 436M
current process commit charge ("private bytes"): 486M, peak: 490M

vm_info: OpenJDK 64-Bit Server VM (21.0.8+9-LTS) for windows-amd64 JRE (21.0.8+9-LTS), built on 2025-07-15T00:00:00Z by "admin" with MS VC++ 17.7 (VS2022)

END.
