#
# There is insufficient memory for the Java Runtime Environment to continue.
# Native memory allocation (malloc) failed to allocate 1048576 bytes. Error detail: AllocateHeap
# Possible reasons:
#   The system is out of physical RAM or swap space
#   This process is running with CompressedOops enabled, and the Java Heap may be blocking the growth of the native heap
# Possible solutions:
#   Reduce memory load on the system
#   Increase physical memory or swap space
#   Check if swap backing store is full
#   Decrease Java heap size (-Xmx/-Xms)
#   Decrease number of Java threads
#   Decrease Java thread stack sizes (-Xss)
#   Set larger code cache with -XX:ReservedCodeCacheSize=
#   JVM is running with Unscaled Compressed Oops mode in which the Java heap is
#     placed in the first 4GB address space. The Java Heap base address is the
#     maximum limit for the native heap growth. Please use -XX:HeapBaseMinAddress
#     to set the Java Heap base and to place the Java Heap above 4GB virtual address.
# This output file may be truncated or incomplete.
#
#  Out of Memory Error (allocation.cpp:44), pid=3368, tid=10524
#
# JRE version: OpenJDK Runtime Environment Temurin-21.0.8+9 (21.0.8+9) (build 21.0.8+9-LTS)
# Java VM: OpenJDK 64-Bit Server VM Temurin-21.0.8+9 (21.0.8+9-LTS, mixed mode, sharing, tiered, compressed oops, compressed class ptrs, parallel gc, windows-amd64)
# No core dump will be written. Minidumps are not enabled by default on client versions of Windows
#

---------------  S U M M A R Y ------------

Command Line: --add-modules=ALL-SYSTEM --add-opens=java.base/java.util=ALL-UNNAMED --add-opens=java.base/java.lang=ALL-UNNAMED --add-opens=java.base/sun.nio.fs=ALL-UNNAMED -Declipse.application=org.eclipse.jdt.ls.core.id1 -Dosgi.bundles.defaultStartLevel=4 -Declipse.product=org.eclipse.jdt.ls.core.product -Djava.import.generatesMetadataFilesAtProjectRoot=false -DDetectVMInstallationsJob.disabled=true -Dfile.encoding=utf8 -XX:+UseParallelGC -XX:GCTimeRatio=4 -XX:AdaptiveSizePolicyWeight=90 -Dsun.zip.disableMemoryMapping=true -Xmx2G -Xms100m -Xlog:disable -javaagent:c:\Users\AJ\.vscode\extensions\redhat.java-1.44.0-win32-x64\lombok\lombok-1.18.39-4050.jar -XX:+HeapDumpOnOutOfMemoryError -XX:HeapDumpPath=c:\Users\AJ\AppData\Roaming\Code\User\workspaceStorage\42d3df7c00ac9b0f7d13d418ec405ff2\redhat.java -Daether.dependencyCollector.impl=bf c:\Users\AJ\.vscode\extensions\redhat.java-1.44.0-win32-x64\server\plugins\org.eclipse.equinox.launcher_1.7.0.v20250519-0528.jar -configuration c:\Users\AJ\AppData\Roaming\Code\User\globalStorage\redhat.java\1.44.0\config_win -data c:\Users\AJ\AppData\Roaming\Code\User\workspaceStorage\42d3df7c00ac9b0f7d13d418ec405ff2\redhat.java\jdt_ws --pipe=\\.\pipe\lsp-68f29d9bbd6504bd0935ed4e47a1f76e-sock

Host: Intel(R) Core(TM) i5-4300U CPU @ 1.90GHz, 4 cores, 7G,  Windows 10 , 64 bit Build 19041 (10.0.19041.5915)
Time: Fri Aug  8 17:29:41 2025 Pakistan Standard Time elapsed time: 3310.846278 seconds (0d 0h 55m 10s)

---------------  T H R E A D  ---------------

Current thread (0x000001d46944de30):  JavaThread "Attach Listener" daemon [_thread_in_vm, id=10524, stack(0x0000009469500000,0x0000009469600000) (1024K)]

Stack: [0x0000009469500000,0x0000009469600000]
Native frames: (J=compiled Java code, j=interpreted, Vv=VM code, C=native code)
V  [jvm.dll+0x6d2449]
V  [jvm.dll+0x8ae341]
V  [jvm.dll+0x8b08be]
V  [jvm.dll+0x8b0fa3]
V  [jvm.dll+0x280c96]
V  [jvm.dll+0xc0347]
V  [jvm.dll+0x6d2cf9]
V  [jvm.dll+0x131116]
V  [jvm.dll+0x3f2d16]
V  [jvm.dll+0x857e6b]
V  [jvm.dll+0x6d0b0d]
C  [ucrtbase.dll+0x21bb2]
C  [KERNEL32.DLL+0x17374]
C  [ntdll.dll+0x4cc91]


---------------  P R O C E S S  ---------------

Threads class SMR info:
_java_thread_list=0x000001d446f76f10, length=31, elements={
0x000001d4695611e0, 0x000001d4694479b0, 0x000001d46944b2c0, 0x000001d46944cf20,
0x000001d46944de30, 0x000001d469450b50, 0x000001d4694525b0, 0x000001d4694533e0,
0x000001d4694c94f0, 0x000001d4695cd240, 0x000001d441db2960, 0x000001d446701340,
0x000001d446988140, 0x000001d4469a61b0, 0x000001d4469a6be0, 0x000001d44664c650,
0x000001d446aecfa0, 0x000001d4463da5d0, 0x000001d4463d9220, 0x000001d4463d98b0,
0x000001d4463dac60, 0x000001d4463d8b90, 0x000001d4463d8500, 0x000001d44a217770,
0x000001d44a2170e0, 0x000001d44a217e00, 0x000001d44a218490, 0x000001d44a218b20,
0x000001d44a2191b0, 0x000001d44a219840, 0x000001d449f697d0
}

Java Threads: ( => current thread )
  0x000001d4695611e0 JavaThread "main"                              [_thread_blocked, id=3448, stack(0x0000009468e00000,0x0000009468f00000) (1024K)]
  0x000001d4694479b0 JavaThread "Reference Handler"          daemon [_thread_blocked, id=10528, stack(0x0000009469200000,0x0000009469300000) (1024K)]
  0x000001d46944b2c0 JavaThread "Finalizer"                  daemon [_thread_blocked, id=10544, stack(0x0000009469300000,0x0000009469400000) (1024K)]
  0x000001d46944cf20 JavaThread "Signal Dispatcher"          daemon [_thread_blocked, id=10420, stack(0x0000009469400000,0x0000009469500000) (1024K)]
=>0x000001d46944de30 JavaThread "Attach Listener"            daemon [_thread_in_vm, id=10524, stack(0x0000009469500000,0x0000009469600000) (1024K)]
  0x000001d469450b50 JavaThread "Service Thread"             daemon [_thread_blocked, id=3524, stack(0x0000009469600000,0x0000009469700000) (1024K)]
  0x000001d4694525b0 JavaThread "Monitor Deflation Thread"   daemon [_thread_blocked, id=11804, stack(0x0000009469700000,0x0000009469800000) (1024K)]
  0x000001d4694533e0 JavaThread "C2 CompilerThread0"         daemon [_thread_blocked, id=13092, stack(0x0000009469800000,0x0000009469900000) (1024K)]
  0x000001d4694c94f0 JavaThread "C1 CompilerThread0"         daemon [_thread_blocked, id=7944, stack(0x0000009469900000,0x0000009469a00000) (1024K)]
  0x000001d4695cd240 JavaThread "Common-Cleaner"             daemon [_thread_blocked, id=8048, stack(0x0000009469a00000,0x0000009469b00000) (1024K)]
  0x000001d441db2960 JavaThread "Notification Thread"        daemon [_thread_blocked, id=3240, stack(0x0000009469b00000,0x0000009469c00000) (1024K)]
  0x000001d446701340 JavaThread "Active Thread: Equinox Container: f940dbc1-d7df-43d8-b5b4-7d23d039a004"        [_thread_blocked, id=10748, stack(0x0000009469c00000,0x0000009469d00000) (1024K)]
  0x000001d446988140 JavaThread "Refresh Thread: Equinox Container: f940dbc1-d7df-43d8-b5b4-7d23d039a004" daemon [_thread_blocked, id=8184, stack(0x000000946a000000,0x000000946a100000) (1024K)]
  0x000001d4469a61b0 JavaThread "Framework Event Dispatcher: Equinox Container: f940dbc1-d7df-43d8-b5b4-7d23d039a004" daemon [_thread_blocked, id=5180, stack(0x000000946a100000,0x000000946a200000) (1024K)]
  0x000001d4469a6be0 JavaThread "Start Level: Equinox Container: f940dbc1-d7df-43d8-b5b4-7d23d039a004" daemon [_thread_blocked, id=1692, stack(0x000000946a200000,0x000000946a300000) (1024K)]
  0x000001d44664c650 JavaThread "Bundle File Closer"         daemon [_thread_blocked, id=8084, stack(0x000000946a300000,0x000000946a400000) (1024K)]
  0x000001d446aecfa0 JavaThread "SCR Component Actor"        daemon [_thread_blocked, id=10496, stack(0x000000946a400000,0x000000946a500000) (1024K)]
  0x000001d4463da5d0 JavaThread "Worker-JM"                         [_thread_blocked, id=7708, stack(0x000000946a700000,0x000000946a800000) (1024K)]
  0x000001d4463d9220 JavaThread "JNA Cleaner"                daemon [_thread_blocked, id=12956, stack(0x000000946a600000,0x000000946a700000) (1024K)]
  0x000001d4463d98b0 JavaThread "Worker-0"                          [_thread_blocked, id=10856, stack(0x000000946a800000,0x000000946a900000) (1024K)]
  0x000001d4463dac60 JavaThread "Worker-1"                          [_thread_blocked, id=10360, stack(0x000000946a500000,0x000000946a600000) (1024K)]
  0x000001d4463d8b90 JavaThread "Java indexing"              daemon [_thread_blocked, id=10604, stack(0x000000946aa00000,0x000000946ab00000) (1024K)]
  0x000001d4463d8500 JavaThread "Thread-3"                   daemon [_thread_in_native, id=7764, stack(0x000000946b000000,0x000000946b100000) (1024K)]
  0x000001d44a217770 JavaThread "Thread-4"                   daemon [_thread_in_native, id=6968, stack(0x000000946b100000,0x000000946b200000) (1024K)]
  0x000001d44a2170e0 JavaThread "Thread-5"                   daemon [_thread_in_native, id=8328, stack(0x000000946b200000,0x000000946b300000) (1024K)]
  0x000001d44a217e00 JavaThread "Thread-6"                   daemon [_thread_in_native, id=8624, stack(0x000000946b300000,0x000000946b400000) (1024K)]
  0x000001d44a218490 JavaThread "Thread-7"                   daemon [_thread_in_native, id=6964, stack(0x000000946b400000,0x000000946b500000) (1024K)]
  0x000001d44a218b20 JavaThread "pool-2-thread-1"                   [_thread_blocked, id=9020, stack(0x000000946b500000,0x000000946b600000) (1024K)]
  0x000001d44a2191b0 JavaThread "WorkspaceEventsHandler"            [_thread_blocked, id=8612, stack(0x000000946b600000,0x000000946b700000) (1024K)]
  0x000001d44a219840 JavaThread "pool-1-thread-1"                   [_thread_blocked, id=8752, stack(0x000000946b700000,0x000000946b800000) (1024K)]
  0x000001d449f697d0 JavaThread "Timer-0"                           [_thread_blocked, id=11556, stack(0x000000946ad00000,0x000000946ae00000) (1024K)]
Total: 31

Other Threads:
  0x000001d46961eaf0 VMThread "VM Thread"                           [id=3340, stack(0x0000009469100000,0x0000009469200000) (1024K)]
  0x000001d4695cb710 WatcherThread "VM Periodic Task Thread"        [id=3532, stack(0x0000009469000000,0x0000009469100000) (1024K)]
  0x000001d469580650 WorkerThread "GC Thread#0"                     [id=3416, stack(0x0000009468f00000,0x0000009469000000) (1024K)]
  0x000001d446251bd0 WorkerThread "GC Thread#1"                     [id=3732, stack(0x0000009469d00000,0x0000009469e00000) (1024K)]
  0x000001d446252370 WorkerThread "GC Thread#2"                     [id=11076, stack(0x0000009469e00000,0x0000009469f00000) (1024K)]
  0x000001d4464b6140 WorkerThread "GC Thread#3"                     [id=10808, stack(0x0000009469f00000,0x000000946a000000) (1024K)]
Total: 6

Threads with active compile tasks:
Total: 0

VM state: not at safepoint (normal execution)

VM Mutex/Monitor currently owned by a thread: None

Heap address: 0x0000000080000000, size: 2048 MB, Compressed Oops mode: 32-bit

CDS archive(s) mapped at: [0x000001d400000000-0x000001d400ba0000-0x000001d400ba0000), size 12189696, SharedBaseAddress: 0x000001d400000000, ArchiveRelocationMode: 1.
Compressed class space mapped at: 0x000001d401000000-0x000001d441000000, reserved size: 1073741824
Narrow klass base: 0x000001d400000000, Narrow klass shift: 0, Narrow klass range: 0x100000000

GC Precious Log:
 CardTable entry size: 512
 CPUs: 4 total, 4 available
 Memory: 7878M
 Large Page Support: Disabled
 NUMA Support: Disabled
 Compressed Oops: Enabled (32-bit)
 Alignments: Space 512K, Generation 512K, Heap 2M
 Heap Min Capacity: 100M
 Heap Initial Capacity: 100M
 Heap Max Capacity: 2G
 Pre-touch: Disabled
 Parallel Workers: 4

Heap:
 PSYoungGen      total 3072K, used 1068K [0x00000000d5580000, 0x00000000d5a80000, 0x0000000100000000)
  eden space 2560K, 37% used [0x00000000d5580000,0x00000000d56731b0,0x00000000d5800000)
  from space 512K, 18% used [0x00000000d5980000,0x00000000d5998000,0x00000000d5a00000)
  to   space 512K, 0% used [0x00000000d5a00000,0x00000000d5a00000,0x00000000d5a80000)
 ParOldGen       total 189440K, used 189091K [0x0000000080000000, 0x000000008b900000, 0x00000000d5580000)
  object space 189440K, 99% used [0x0000000080000000,0x000000008b8a8e08,0x000000008b900000)
 Metaspace       used 64730K, committed 66176K, reserved 1114112K
  class space    used 7377K, committed 8000K, reserved 1048576K

Card table byte_map: [0x000001d468f10000,0x000001d469320000] _byte_map_base: 0x000001d468b10000

Marking Bits: (ParMarkBitMap*) 0x00007ff8df04a340
 Begin Bits: [0x000001d47ba10000, 0x000001d47da10000)
 End Bits:   [0x000001d47da10000, 0x000001d47fa10000)

Polling page: 0x000001d467320000

Metaspace:

Usage:
  Non-class:     56.01 MB used.
      Class:      7.20 MB used.
       Both:     63.21 MB used.

Virtual space:
  Non-class space:       64.00 MB reserved,      56.81 MB ( 89%) committed,  1 nodes.
      Class space:        1.00 GB reserved,       7.81 MB ( <1%) committed,  1 nodes.
             Both:        1.06 GB reserved,      64.62 MB (  6%) committed. 

Chunk freelists:
   Non-Class:  6.36 MB
       Class:  8.21 MB
        Both:  14.57 MB

MaxMetaspaceSize: unlimited
CompressedClassSpaceSize: 1.00 GB
Initial GC threshold: 21.00 MB
Current GC threshold: 97.31 MB
CDS: on
 - commit_granule_bytes: 65536.
 - commit_granule_words: 8192.
 - virtual_space_node_default_size: 8388608.
 - enlarge_chunks_in_place: 1.
 - use_allocation_guard: 0.


Internal statistics:

num_allocs_failed_limit: 9.
num_arena_births: 1124.
num_arena_deaths: 14.
num_vsnodes_births: 2.
num_vsnodes_deaths: 0.
num_space_committed: 1034.
num_space_uncommitted: 0.
num_chunks_returned_to_freelist: 23.
num_chunks_taken_from_freelist: 3971.
num_chunk_merges: 7.
num_chunk_splits: 2553.
num_chunks_enlarged: 1601.
num_inconsistent_stats: 0.

CodeHeap 'non-profiled nmethods': size=120000Kb used=8677Kb max_used=8677Kb free=111322Kb
 bounds [0x000001d474230000, 0x000001d474ab0000, 0x000001d47b760000]
CodeHeap 'profiled nmethods': size=120000Kb used=22124Kb max_used=22124Kb free=97876Kb
 bounds [0x000001d46c760000, 0x000001d46dd00000, 0x000001d473c90000]
CodeHeap 'non-nmethods': size=5760Kb used=1410Kb max_used=1456Kb free=4349Kb
 bounds [0x000001d473c90000, 0x000001d473f00000, 0x000001d474230000]
CodeCache: size=245760Kb, used=32211Kb, max_used=32257Kb, free=213547Kb
 total_blobs=11169, nmethods=10453, adapters=621, full_count=0
Compilation: enabled, stopped_count=0, restarted_count=0

Compilation events (20 events):
Event: 2792.152 Thread 0x000001d4694533e0 11342       4       java.util.TaskQueue::rescheduleMin (16 bytes)
Event: 2792.153 Thread 0x000001d4694533e0 nmethod 11342 0x000001d474aa8c90 code [0x000001d474aa8e20, 0x000001d474aa8f30]
Event: 2792.153 Thread 0x000001d4694533e0 11343       4       org.eclipse.buildship.core.internal.util.progress.RateLimitingProgressMonitor$1::run (55 bytes)
Event: 2792.187 Thread 0x000001d4694533e0 nmethod 11343 0x000001d474aa9090 code [0x000001d474aa9240, 0x000001d474aa93d0]
Event: 2890.455 Thread 0x000001d4694c94f0 11344   !   3       java.util.concurrent.ScheduledThreadPoolExecutor$DelayedWorkQueue::offer (123 bytes)
Event: 2890.458 Thread 0x000001d4694c94f0 nmethod 11344 0x000001d46dcf0310 code [0x000001d46dcf0620, 0x000001d46dcf19b0]
Event: 2890.458 Thread 0x000001d4694c94f0 11348       3       java.util.concurrent.locks.AbstractQueuedSynchronizer$ConditionObject::awaitNanos (207 bytes)
Event: 2890.460 Thread 0x000001d4694c94f0 nmethod 11348 0x000001d46dcf2210 code [0x000001d46dcf2500, 0x000001d46dcf33b0]
Event: 2890.460 Thread 0x000001d4694c94f0 11347   !   3       java.util.concurrent.ScheduledThreadPoolExecutor$DelayedWorkQueue::take (203 bytes)
Event: 2890.467 Thread 0x000001d4694c94f0 nmethod 11347 0x000001d46dcf3910 code [0x000001d46dcf3ce0, 0x000001d46dcf5580]
Event: 2890.467 Thread 0x000001d4694c94f0 11345       3       java.util.concurrent.ThreadPoolExecutor::ensurePrestart (41 bytes)
Event: 2890.468 Thread 0x000001d4694c94f0 nmethod 11345 0x000001d46dcf6090 code [0x000001d46dcf6260, 0x000001d46dcf6510]
Event: 2890.468 Thread 0x000001d4694c94f0 11346       3       java.util.concurrent.ScheduledThreadPoolExecutor$DelayedWorkQueue::take (5 bytes)
Event: 2890.468 Thread 0x000001d4694c94f0 nmethod 11346 0x000001d46dcf6610 code [0x000001d46dcf67c0, 0x000001d46dcf6918]
Event: 2910.459 Thread 0x000001d4694c94f0 11349   !   3       java.util.concurrent.FutureTask::runAndReset (125 bytes)
Event: 2910.475 Thread 0x000001d4694c94f0 nmethod 11349 0x000001d46dcf6a10 code [0x000001d46dcf6e80, 0x000001d46dcf9538]
Event: 2910.475 Thread 0x000001d4694c94f0 11350       3       java.util.concurrent.ScheduledThreadPoolExecutor$ScheduledFutureTask::setNextRunTime (38 bytes)
Event: 2910.475 Thread 0x000001d4694c94f0 nmethod 11350 0x000001d46dcfa090 code [0x000001d46dcfa240, 0x000001d46dcfa450]
Event: 2910.475 Thread 0x000001d4694c94f0 11351       3       java.util.concurrent.ScheduledThreadPoolExecutor::reExecutePeriodic (49 bytes)
Event: 2910.476 Thread 0x000001d4694c94f0 nmethod 11351 0x000001d46dcfa510 code [0x000001d46dcfa740, 0x000001d46dcfadc0]

GC Heap History (20 events):
Event: 204.189 GC heap before
{Heap before GC invocations=475 (full 3):
 PSYoungGen      total 4096K, used 3953K [0x00000000d5580000, 0x00000000d5c00000, 0x0000000100000000)
  eden space 2560K, 100% used [0x00000000d5580000,0x00000000d5800000,0x00000000d5800000)
  from space 1536K, 90% used [0x00000000d5800000,0x00000000d595c6a0,0x00000000d5980000)
  to   space 2048K, 0% used [0x00000000d5a00000,0x00000000d5a00000,0x00000000d5c00000)
 ParOldGen       total 187904K, used 187418K [0x0000000080000000, 0x000000008b780000, 0x00000000d5580000)
  object space 187904K, 99% used [0x0000000080000000,0x000000008b7068b8,0x000000008b780000)
 Metaspace       used 64297K, committed 65664K, reserved 1114112K
  class space    used 7328K, committed 7936K, reserved 1048576K
}
Event: 204.194 GC heap after
{Heap after GC invocations=475 (full 3):
 PSYoungGen      total 3072K, used 192K [0x00000000d5580000, 0x00000000d5a80000, 0x0000000100000000)
  eden space 2560K, 0% used [0x00000000d5580000,0x00000000d5580000,0x00000000d5800000)
  from space 512K, 37% used [0x00000000d5a00000,0x00000000d5a30000,0x00000000d5a80000)
  to   space 1024K, 0% used [0x00000000d5880000,0x00000000d5880000,0x00000000d5980000)
 ParOldGen       total 188928K, used 188779K [0x0000000080000000, 0x000000008b880000, 0x00000000d5580000)
  object space 188928K, 99% used [0x0000000080000000,0x000000008b85ac58,0x000000008b880000)
 Metaspace       used 64297K, committed 65664K, reserved 1114112K
  class space    used 7328K, committed 7936K, reserved 1048576K
}
Event: 264.237 GC heap before
{Heap before GC invocations=476 (full 3):
 PSYoungGen      total 3072K, used 2752K [0x00000000d5580000, 0x00000000d5a80000, 0x0000000100000000)
  eden space 2560K, 100% used [0x00000000d5580000,0x00000000d5800000,0x00000000d5800000)
  from space 512K, 37% used [0x00000000d5a00000,0x00000000d5a30000,0x00000000d5a80000)
  to   space 1024K, 0% used [0x00000000d5880000,0x00000000d5880000,0x00000000d5980000)
 ParOldGen       total 188928K, used 188779K [0x0000000080000000, 0x000000008b880000, 0x00000000d5580000)
  object space 188928K, 99% used [0x0000000080000000,0x000000008b85ac58,0x000000008b880000)
 Metaspace       used 64413K, committed 65856K, reserved 1114112K
  class space    used 7349K, committed 8000K, reserved 1048576K
}
Event: 264.240 GC heap after
{Heap after GC invocations=476 (full 3):
 PSYoungGen      total 3584K, used 160K [0x00000000d5580000, 0x00000000d5a80000, 0x0000000100000000)
  eden space 2560K, 0% used [0x00000000d5580000,0x00000000d5580000,0x00000000d5800000)
  from space 1024K, 15% used [0x00000000d5880000,0x00000000d58a8000,0x00000000d5980000)
  to   space 512K, 0% used [0x00000000d5a00000,0x00000000d5a00000,0x00000000d5a80000)
 ParOldGen       total 188928K, used 188867K [0x0000000080000000, 0x000000008b880000, 0x00000000d5580000)
  object space 188928K, 99% used [0x0000000080000000,0x000000008b870e08,0x000000008b880000)
 Metaspace       used 64413K, committed 65856K, reserved 1114112K
  class space    used 7349K, committed 8000K, reserved 1048576K
}
Event: 357.310 GC heap before
{Heap before GC invocations=477 (full 3):
 PSYoungGen      total 3584K, used 2720K [0x00000000d5580000, 0x00000000d5a80000, 0x0000000100000000)
  eden space 2560K, 100% used [0x00000000d5580000,0x00000000d5800000,0x00000000d5800000)
  from space 1024K, 15% used [0x00000000d5880000,0x00000000d58a8000,0x00000000d5980000)
  to   space 512K, 0% used [0x00000000d5a00000,0x00000000d5a00000,0x00000000d5a80000)
 ParOldGen       total 188928K, used 188867K [0x0000000080000000, 0x000000008b880000, 0x00000000d5580000)
  object space 188928K, 99% used [0x0000000080000000,0x000000008b870e08,0x000000008b880000)
 Metaspace       used 64422K, committed 65856K, reserved 1114112K
  class space    used 7349K, committed 8000K, reserved 1048576K
}
Event: 357.312 GC heap after
{Heap after GC invocations=477 (full 3):
 PSYoungGen      total 3072K, used 128K [0x00000000d5580000, 0x00000000d5a80000, 0x0000000100000000)
  eden space 2560K, 0% used [0x00000000d5580000,0x00000000d5580000,0x00000000d5800000)
  from space 512K, 25% used [0x00000000d5a00000,0x00000000d5a20000,0x00000000d5a80000)
  to   space 512K, 0% used [0x00000000d5980000,0x00000000d5980000,0x00000000d5a00000)
 ParOldGen       total 189440K, used 188947K [0x0000000080000000, 0x000000008b900000, 0x00000000d5580000)
  object space 189440K, 99% used [0x0000000080000000,0x000000008b884e08,0x000000008b900000)
 Metaspace       used 64422K, committed 65856K, reserved 1114112K
  class space    used 7349K, committed 8000K, reserved 1048576K
}
Event: 376.706 GC heap before
{Heap before GC invocations=478 (full 3):
 PSYoungGen      total 3072K, used 2688K [0x00000000d5580000, 0x00000000d5a80000, 0x0000000100000000)
  eden space 2560K, 100% used [0x00000000d5580000,0x00000000d5800000,0x00000000d5800000)
  from space 512K, 25% used [0x00000000d5a00000,0x00000000d5a20000,0x00000000d5a80000)
  to   space 512K, 0% used [0x00000000d5980000,0x00000000d5980000,0x00000000d5a00000)
 ParOldGen       total 189440K, used 188947K [0x0000000080000000, 0x000000008b900000, 0x00000000d5580000)
  object space 189440K, 99% used [0x0000000080000000,0x000000008b884e08,0x000000008b900000)
 Metaspace       used 64637K, committed 66048K, reserved 1114112K
  class space    used 7375K, committed 8000K, reserved 1048576K
}
Event: 376.710 GC heap after
{Heap after GC invocations=478 (full 3):
 PSYoungGen      total 3072K, used 160K [0x00000000d5580000, 0x00000000d5a80000, 0x0000000100000000)
  eden space 2560K, 0% used [0x00000000d5580000,0x00000000d5580000,0x00000000d5800000)
  from space 512K, 31% used [0x00000000d5980000,0x00000000d59a8000,0x00000000d5a00000)
  to   space 512K, 0% used [0x00000000d5a00000,0x00000000d5a00000,0x00000000d5a80000)
 ParOldGen       total 189440K, used 188963K [0x0000000080000000, 0x000000008b900000, 0x00000000d5580000)
  object space 189440K, 99% used [0x0000000080000000,0x000000008b888e08,0x000000008b900000)
 Metaspace       used 64637K, committed 66048K, reserved 1114112K
  class space    used 7375K, committed 8000K, reserved 1048576K
}
Event: 520.826 GC heap before
{Heap before GC invocations=479 (full 3):
 PSYoungGen      total 3072K, used 2720K [0x00000000d5580000, 0x00000000d5a80000, 0x0000000100000000)
  eden space 2560K, 100% used [0x00000000d5580000,0x00000000d5800000,0x00000000d5800000)
  from space 512K, 31% used [0x00000000d5980000,0x00000000d59a8000,0x00000000d5a00000)
  to   space 512K, 0% used [0x00000000d5a00000,0x00000000d5a00000,0x00000000d5a80000)
 ParOldGen       total 189440K, used 188963K [0x0000000080000000, 0x000000008b900000, 0x00000000d5580000)
  object space 189440K, 99% used [0x0000000080000000,0x000000008b888e08,0x000000008b900000)
 Metaspace       used 64647K, committed 66048K, reserved 1114112K
  class space    used 7377K, committed 8000K, reserved 1048576K
}
Event: 520.828 GC heap after
{Heap after GC invocations=479 (full 3):
 PSYoungGen      total 3072K, used 128K [0x00000000d5580000, 0x00000000d5a80000, 0x0000000100000000)
  eden space 2560K, 0% used [0x00000000d5580000,0x00000000d5580000,0x00000000d5800000)
  from space 512K, 25% used [0x00000000d5a00000,0x00000000d5a20000,0x00000000d5a80000)
  to   space 512K, 0% used [0x00000000d5980000,0x00000000d5980000,0x00000000d5a00000)
 ParOldGen       total 189440K, used 189019K [0x0000000080000000, 0x000000008b900000, 0x00000000d5580000)
  object space 189440K, 99% used [0x0000000080000000,0x000000008b896e08,0x000000008b900000)
 Metaspace       used 64647K, committed 66048K, reserved 1114112K
  class space    used 7377K, committed 8000K, reserved 1048576K
}
Event: 673.790 GC heap before
{Heap before GC invocations=480 (full 3):
 PSYoungGen      total 3072K, used 2688K [0x00000000d5580000, 0x00000000d5a80000, 0x0000000100000000)
  eden space 2560K, 100% used [0x00000000d5580000,0x00000000d5800000,0x00000000d5800000)
  from space 512K, 25% used [0x00000000d5a00000,0x00000000d5a20000,0x00000000d5a80000)
  to   space 512K, 0% used [0x00000000d5980000,0x00000000d5980000,0x00000000d5a00000)
 ParOldGen       total 189440K, used 189019K [0x0000000080000000, 0x000000008b900000, 0x00000000d5580000)
  object space 189440K, 99% used [0x0000000080000000,0x000000008b896e08,0x000000008b900000)
 Metaspace       used 64653K, committed 66048K, reserved 1114112K
  class space    used 7377K, committed 8000K, reserved 1048576K
}
Event: 673.791 GC heap after
{Heap after GC invocations=480 (full 3):
 PSYoungGen      total 3072K, used 128K [0x00000000d5580000, 0x00000000d5a80000, 0x0000000100000000)
  eden space 2560K, 0% used [0x00000000d5580000,0x00000000d5580000,0x00000000d5800000)
  from space 512K, 25% used [0x00000000d5980000,0x00000000d59a0000,0x00000000d5a00000)
  to   space 512K, 0% used [0x00000000d5a00000,0x00000000d5a00000,0x00000000d5a80000)
 ParOldGen       total 189440K, used 189043K [0x0000000080000000, 0x000000008b900000, 0x00000000d5580000)
  object space 189440K, 99% used [0x0000000080000000,0x000000008b89ce08,0x000000008b900000)
 Metaspace       used 64653K, committed 66048K, reserved 1114112K
  class space    used 7377K, committed 8000K, reserved 1048576K
}
Event: 722.635 GC heap before
{Heap before GC invocations=481 (full 3):
 PSYoungGen      total 3072K, used 2688K [0x00000000d5580000, 0x00000000d5a80000, 0x0000000100000000)
  eden space 2560K, 100% used [0x00000000d5580000,0x00000000d5800000,0x00000000d5800000)
  from space 512K, 25% used [0x00000000d5980000,0x00000000d59a0000,0x00000000d5a00000)
  to   space 512K, 0% used [0x00000000d5a00000,0x00000000d5a00000,0x00000000d5a80000)
 ParOldGen       total 189440K, used 189043K [0x0000000080000000, 0x000000008b900000, 0x00000000d5580000)
  object space 189440K, 99% used [0x0000000080000000,0x000000008b89ce08,0x000000008b900000)
 Metaspace       used 64654K, committed 66048K, reserved 1114112K
  class space    used 7377K, committed 8000K, reserved 1048576K
}
Event: 722.636 GC heap after
{Heap after GC invocations=481 (full 3):
 PSYoungGen      total 3072K, used 128K [0x00000000d5580000, 0x00000000d5a80000, 0x0000000100000000)
  eden space 2560K, 0% used [0x00000000d5580000,0x00000000d5580000,0x00000000d5800000)
  from space 512K, 25% used [0x00000000d5a00000,0x00000000d5a20000,0x00000000d5a80000)
  to   space 512K, 0% used [0x00000000d5980000,0x00000000d5980000,0x00000000d5a00000)
 ParOldGen       total 189440K, used 189067K [0x0000000080000000, 0x000000008b900000, 0x00000000d5580000)
  object space 189440K, 99% used [0x0000000080000000,0x000000008b8a2e08,0x000000008b900000)
 Metaspace       used 64654K, committed 66048K, reserved 1114112K
  class space    used 7377K, committed 8000K, reserved 1048576K
}
Event: 777.856 GC heap before
{Heap before GC invocations=482 (full 3):
 PSYoungGen      total 3072K, used 2681K [0x00000000d5580000, 0x00000000d5a80000, 0x0000000100000000)
  eden space 2560K, 99% used [0x00000000d5580000,0x00000000d57fe638,0x00000000d5800000)
  from space 512K, 25% used [0x00000000d5a00000,0x00000000d5a20000,0x00000000d5a80000)
  to   space 512K, 0% used [0x00000000d5980000,0x00000000d5980000,0x00000000d5a00000)
 ParOldGen       total 189440K, used 189067K [0x0000000080000000, 0x000000008b900000, 0x00000000d5580000)
  object space 189440K, 99% used [0x0000000080000000,0x000000008b8a2e08,0x000000008b900000)
 Metaspace       used 64666K, committed 66048K, reserved 1114112K
  class space    used 7377K, committed 8000K, reserved 1048576K
}
Event: 777.857 GC heap after
{Heap after GC invocations=482 (full 3):
 PSYoungGen      total 3072K, used 128K [0x00000000d5580000, 0x00000000d5a80000, 0x0000000100000000)
  eden space 2560K, 0% used [0x00000000d5580000,0x00000000d5580000,0x00000000d5800000)
  from space 512K, 25% used [0x00000000d5980000,0x00000000d59a0000,0x00000000d5a00000)
  to   space 512K, 0% used [0x00000000d5a00000,0x00000000d5a00000,0x00000000d5a80000)
 ParOldGen       total 189440K, used 189075K [0x0000000080000000, 0x000000008b900000, 0x00000000d5580000)
  object space 189440K, 99% used [0x0000000080000000,0x000000008b8a4e08,0x000000008b900000)
 Metaspace       used 64666K, committed 66048K, reserved 1114112K
  class space    used 7377K, committed 8000K, reserved 1048576K
}
Event: 845.093 GC heap before
{Heap before GC invocations=483 (full 3):
 PSYoungGen      total 3072K, used 2687K [0x00000000d5580000, 0x00000000d5a80000, 0x0000000100000000)
  eden space 2560K, 99% used [0x00000000d5580000,0x00000000d57fff90,0x00000000d5800000)
  from space 512K, 25% used [0x00000000d5980000,0x00000000d59a0000,0x00000000d5a00000)
  to   space 512K, 0% used [0x00000000d5a00000,0x00000000d5a00000,0x00000000d5a80000)
 ParOldGen       total 189440K, used 189075K [0x0000000080000000, 0x000000008b900000, 0x00000000d5580000)
  object space 189440K, 99% used [0x0000000080000000,0x000000008b8a4e08,0x000000008b900000)
 Metaspace       used 64671K, committed 66048K, reserved 1114112K
  class space    used 7377K, committed 8000K, reserved 1048576K
}
Event: 845.095 GC heap after
{Heap after GC invocations=483 (full 3):
 PSYoungGen      total 3072K, used 128K [0x00000000d5580000, 0x00000000d5a80000, 0x0000000100000000)
  eden space 2560K, 0% used [0x00000000d5580000,0x00000000d5580000,0x00000000d5800000)
  from space 512K, 25% used [0x00000000d5a00000,0x00000000d5a20000,0x00000000d5a80000)
  to   space 512K, 0% used [0x00000000d5980000,0x00000000d5980000,0x00000000d5a00000)
 ParOldGen       total 189440K, used 189083K [0x0000000080000000, 0x000000008b900000, 0x00000000d5580000)
  object space 189440K, 99% used [0x0000000080000000,0x000000008b8a6e08,0x000000008b900000)
 Metaspace       used 64671K, committed 66048K, reserved 1114112K
  class space    used 7377K, committed 8000K, reserved 1048576K
}
Event: 1699.959 GC heap before
{Heap before GC invocations=484 (full 3):
 PSYoungGen      total 3072K, used 2688K [0x00000000d5580000, 0x00000000d5a80000, 0x0000000100000000)
  eden space 2560K, 100% used [0x00000000d5580000,0x00000000d5800000,0x00000000d5800000)
  from space 512K, 25% used [0x00000000d5a00000,0x00000000d5a20000,0x00000000d5a80000)
  to   space 512K, 0% used [0x00000000d5980000,0x00000000d5980000,0x00000000d5a00000)
 ParOldGen       total 189440K, used 189083K [0x0000000080000000, 0x000000008b900000, 0x00000000d5580000)
  object space 189440K, 99% used [0x0000000080000000,0x000000008b8a6e08,0x000000008b900000)
 Metaspace       used 64680K, committed 66048K, reserved 1114112K
  class space    used 7377K, committed 8000K, reserved 1048576K
}
Event: 1699.963 GC heap after
{Heap after GC invocations=484 (full 3):
 PSYoungGen      total 3072K, used 96K [0x00000000d5580000, 0x00000000d5a80000, 0x0000000100000000)
  eden space 2560K, 0% used [0x00000000d5580000,0x00000000d5580000,0x00000000d5800000)
  from space 512K, 18% used [0x00000000d5980000,0x00000000d5998000,0x00000000d5a00000)
  to   space 512K, 0% used [0x00000000d5a00000,0x00000000d5a00000,0x00000000d5a80000)
 ParOldGen       total 189440K, used 189091K [0x0000000080000000, 0x000000008b900000, 0x00000000d5580000)
  object space 189440K, 99% used [0x0000000080000000,0x000000008b8a8e08,0x000000008b900000)
 Metaspace       used 64680K, committed 66048K, reserved 1114112K
  class space    used 7377K, committed 8000K, reserved 1048576K
}

Dll operation events (13 events):
Event: 0.016 Loaded shared library c:\Users\AJ\.vscode\extensions\redhat.java-1.44.0-win32-x64\jre\21.0.8-win32-x86_64\bin\java.dll
Event: 0.522 Loaded shared library c:\Users\AJ\.vscode\extensions\redhat.java-1.44.0-win32-x64\jre\21.0.8-win32-x86_64\bin\zip.dll
Event: 0.633 Loaded shared library C:\Users\AJ\.vscode\extensions\redhat.java-1.44.0-win32-x64\jre\21.0.8-win32-x86_64\bin\instrument.dll
Event: 0.690 Loaded shared library C:\Users\AJ\.vscode\extensions\redhat.java-1.44.0-win32-x64\jre\21.0.8-win32-x86_64\bin\net.dll
Event: 0.694 Loaded shared library C:\Users\AJ\.vscode\extensions\redhat.java-1.44.0-win32-x64\jre\21.0.8-win32-x86_64\bin\nio.dll
Event: 0.700 Loaded shared library C:\Users\AJ\.vscode\extensions\redhat.java-1.44.0-win32-x64\jre\21.0.8-win32-x86_64\bin\zip.dll
Event: 0.791 Loaded shared library C:\Users\AJ\.vscode\extensions\redhat.java-1.44.0-win32-x64\jre\21.0.8-win32-x86_64\bin\jimage.dll
Event: 1.343 Loaded shared library c:\Users\AJ\.vscode\extensions\redhat.java-1.44.0-win32-x64\jre\21.0.8-win32-x86_64\bin\verify.dll
Event: 22.634 Loaded shared library C:\Users\AJ\AppData\Roaming\Code\User\globalStorage\redhat.java\1.44.0\config_win\org.eclipse.equinox.launcher\org.eclipse.equinox.launcher.win32.win32.x86_64_1.2.1400.v20250730-1736\eclipse_11913.dll
Event: 56.220 Loaded shared library C:\Users\AJ\AppData\Local\Temp\jna-2089\jna6637636542016418137.dll
Event: 139.650 Loaded shared library C:\Users\AJ\.gradle\native\c067742578af261105cb4f569cf0c3c89f3d7b1fecec35dd04571415982c5e48\windows-amd64\native-platform.dll
Event: 180.172 Loaded shared library C:\Users\AJ\.vscode\extensions\redhat.java-1.44.0-win32-x64\jre\21.0.8-win32-x86_64\bin\management.dll
Event: 180.182 Loaded shared library C:\Users\AJ\.vscode\extensions\redhat.java-1.44.0-win32-x64\jre\21.0.8-win32-x86_64\bin\management_ext.dll

Deoptimization events (20 events):
Event: 376.676 Thread 0x000001d4463d98b0 Uncommon trap: trap_request=0xffffffc6 fr.pc=0x000001d474a6ec68 relative=0x0000000000000128
Event: 376.676 Thread 0x000001d4463d98b0 Uncommon trap: reason=bimorphic_or_optimized_type_check action=maybe_recompile pc=0x000001d474a6ec68 method=org.eclipse.core.internal.resources.Resource.exists()Z @ 14 c2
Event: 376.676 Thread 0x000001d4463d98b0 DEOPT PACKING pc=0x000001d474a6ec68 sp=0x000000946a8ff0d0
Event: 376.677 Thread 0x000001d4463d98b0 DEOPT UNPACKING pc=0x000001d473ce3aa2 sp=0x000000946a8ff058 mode 2
Event: 376.741 Thread 0x000001d4463d98b0 Uncommon trap: trap_request=0xffffff45 fr.pc=0x000001d474a865c0 relative=0x0000000000000360
Event: 376.741 Thread 0x000001d4463d98b0 Uncommon trap: reason=unstable_if action=reinterpret pc=0x000001d474a865c0 method=org.eclipse.core.internal.resources.MarkerWriter.snap(Lorg/eclipse/core/internal/resources/ResourceInfo;Lorg/eclipse/core/internal/watson/IPathRequestor;Ljava/io/DataOutputS
Event: 376.741 Thread 0x000001d4463d98b0 DEOPT PACKING pc=0x000001d474a865c0 sp=0x000000946a8fed70
Event: 376.741 Thread 0x000001d4463d98b0 DEOPT UNPACKING pc=0x000001d473ce3aa2 sp=0x000000946a8feb48 mode 2
Event: 376.742 Thread 0x000001d4463d98b0 Uncommon trap: trap_request=0xffffff45 fr.pc=0x000001d474a88c70 relative=0x0000000000000310
Event: 376.742 Thread 0x000001d4463d98b0 Uncommon trap: reason=unstable_if action=reinterpret pc=0x000001d474a88c70 method=org.eclipse.core.internal.resources.MarkerWriter.snap(Lorg/eclipse/core/internal/resources/ResourceInfo;Lorg/eclipse/core/internal/watson/IPathRequestor;Ljava/io/DataOutputS
Event: 376.742 Thread 0x000001d4463d98b0 DEOPT PACKING pc=0x000001d474a88c70 sp=0x000000946a8fed60
Event: 376.742 Thread 0x000001d4463d98b0 DEOPT UNPACKING pc=0x000001d473ce3aa2 sp=0x000000946a8feba0 mode 2
Event: 376.796 Thread 0x000001d4463d98b0 Uncommon trap: trap_request=0xffffff45 fr.pc=0x000001d4749f7bcc relative=0x00000000000001cc
Event: 376.796 Thread 0x000001d4463d98b0 Uncommon trap: reason=unstable_if action=reinterpret pc=0x000001d4749f7bcc method=org.eclipse.core.internal.localstore.FileSystemResourceManager.getStoreRoot(Lorg/eclipse/core/resources/IResource;)Lorg/eclipse/core/internal/localstore/FileStoreRoot; @ 33 
Event: 376.796 Thread 0x000001d4463d98b0 DEOPT PACKING pc=0x000001d4749f7bcc sp=0x000000946a8fefe0
Event: 376.796 Thread 0x000001d4463d98b0 DEOPT UNPACKING pc=0x000001d473ce3aa2 sp=0x000000946a8fef60 mode 2
Event: 1258.855 Thread 0x000001d4463dac60 Uncommon trap: trap_request=0xffffff45 fr.pc=0x000001d474a7ce70 relative=0x0000000000000110
Event: 1258.855 Thread 0x000001d4463dac60 Uncommon trap: reason=unstable_if action=reinterpret pc=0x000001d474a7ce70 method=org.eclipse.core.internal.dtree.DataTreeNode.storeStrings(Lorg/eclipse/core/internal/utils/StringPool;)V @ 14 c2
Event: 1258.855 Thread 0x000001d4463dac60 DEOPT PACKING pc=0x000001d474a7ce70 sp=0x000000946a5fef60
Event: 1258.855 Thread 0x000001d4463dac60 DEOPT UNPACKING pc=0x000001d473ce3aa2 sp=0x000000946a5feef8 mode 2

Classes loaded (20 events):
Event: 204.140 Loading class java/nio/charset/CharacterCodingException
Event: 204.140 Loading class java/nio/charset/CharacterCodingException done
Event: 204.140 Loading class java/io/SequenceInputStream
Event: 204.140 Loading class java/io/SequenceInputStream done
Event: 376.628 Loading class java/util/stream/Nodes$CollectorTask$OfRef
Event: 376.631 Loading class java/util/stream/Nodes$CollectorTask
Event: 376.631 Loading class java/util/stream/Nodes$CollectorTask done
Event: 376.631 Loading class java/util/stream/Nodes$CollectorTask$OfRef done
Event: 376.635 Loading class java/util/function/LongFunction
Event: 376.636 Loading class java/util/function/LongFunction done
Event: 376.636 Loading class java/util/stream/Nodes$ConcNode
Event: 376.636 Loading class java/util/stream/Nodes$AbstractConcNode
Event: 376.636 Loading class java/util/stream/Nodes$AbstractConcNode done
Event: 376.637 Loading class java/util/stream/Nodes$ConcNode done
Event: 376.649 Loading class java/io/ObjectOutputStream$BlockDataOutputStream
Event: 376.649 Loading class java/io/ObjectOutputStream$BlockDataOutputStream done
Event: 376.650 Loading class java/io/ObjectOutputStream$HandleTable
Event: 376.650 Loading class java/io/ObjectOutputStream$HandleTable done
Event: 376.650 Loading class java/io/ObjectOutputStream$ReplaceTable
Event: 376.650 Loading class java/io/ObjectOutputStream$ReplaceTable done

Classes unloaded (7 events):
Event: 60.847 Thread 0x000001d46961eaf0 Unloading class 0x000001d4011ad000 'java/lang/invoke/LambdaForm$MH+0x000001d4011ad000'
Event: 60.847 Thread 0x000001d46961eaf0 Unloading class 0x000001d4011acc00 'java/lang/invoke/LambdaForm$MH+0x000001d4011acc00'
Event: 60.847 Thread 0x000001d46961eaf0 Unloading class 0x000001d4011ac800 'java/lang/invoke/LambdaForm$MH+0x000001d4011ac800'
Event: 60.847 Thread 0x000001d46961eaf0 Unloading class 0x000001d4011ac400 'java/lang/invoke/LambdaForm$MH+0x000001d4011ac400'
Event: 60.847 Thread 0x000001d46961eaf0 Unloading class 0x000001d4011ac000 'java/lang/invoke/LambdaForm$BMH+0x000001d4011ac000'
Event: 60.847 Thread 0x000001d46961eaf0 Unloading class 0x000001d4011abc00 'java/lang/invoke/LambdaForm$DMH+0x000001d4011abc00'
Event: 60.847 Thread 0x000001d46961eaf0 Unloading class 0x000001d4011aa800 'java/lang/invoke/LambdaForm$DMH+0x000001d4011aa800'

Classes redefined (0 events):
No events

Internal exceptions (20 events):
Event: 198.090 Thread 0x000001d4463d98b0 Exception <a 'sun/nio/fs/WindowsException'{0x00000000d5780060}> (0x00000000d5780060) 
thrown [s\src\hotspot\share\prims\jni.cpp, line 520]
Event: 198.090 Thread 0x000001d4463d98b0 Exception <a 'sun/nio/fs/WindowsException'{0x00000000d57806c0}> (0x00000000d57806c0) 
thrown [s\src\hotspot\share\prims\jni.cpp, line 520]
Event: 198.179 Thread 0x000001d4463d98b0 Exception <a 'sun/nio/fs/WindowsException'{0x00000000d5582838}> (0x00000000d5582838) 
thrown [s\src\hotspot\share\prims\jni.cpp, line 520]
Event: 198.180 Thread 0x000001d4463d98b0 Exception <a 'sun/nio/fs/WindowsException'{0x00000000d5582e98}> (0x00000000d5582e98) 
thrown [s\src\hotspot\share\prims\jni.cpp, line 520]
Event: 198.181 Thread 0x000001d4463d98b0 Exception <a 'sun/nio/fs/WindowsException'{0x00000000d558b188}> (0x00000000d558b188) 
thrown [s\src\hotspot\share\prims\jni.cpp, line 520]
Event: 198.181 Thread 0x000001d4463d98b0 Exception <a 'sun/nio/fs/WindowsException'{0x00000000d558b7b8}> (0x00000000d558b7b8) 
thrown [s\src\hotspot\share\prims\jni.cpp, line 520]
Event: 198.184 Thread 0x000001d4463d98b0 Exception <a 'sun/nio/fs/WindowsException'{0x00000000d559ca60}> (0x00000000d559ca60) 
thrown [s\src\hotspot\share\prims\jni.cpp, line 520]
Event: 198.184 Thread 0x000001d4463d98b0 Exception <a 'sun/nio/fs/WindowsException'{0x00000000d559d090}> (0x00000000d559d090) 
thrown [s\src\hotspot\share\prims\jni.cpp, line 520]
Event: 198.185 Thread 0x000001d4463d98b0 Exception <a 'sun/nio/fs/WindowsException'{0x00000000d55ceda0}> (0x00000000d55ceda0) 
thrown [s\src\hotspot\share\prims\jni.cpp, line 520]
Event: 198.185 Thread 0x000001d4463d98b0 Exception <a 'sun/nio/fs/WindowsException'{0x00000000d55cf490}> (0x00000000d55cf490) 
thrown [s\src\hotspot\share\prims\jni.cpp, line 520]
Event: 198.186 Thread 0x000001d4463d98b0 Exception <a 'sun/nio/fs/WindowsException'{0x00000000d55d7400}> (0x00000000d55d7400) 
thrown [s\src\hotspot\share\prims\jni.cpp, line 520]
Event: 198.186 Thread 0x000001d4463d98b0 Exception <a 'sun/nio/fs/WindowsException'{0x00000000d55d7af0}> (0x00000000d55d7af0) 
thrown [s\src\hotspot\share\prims\jni.cpp, line 520]
Event: 198.188 Thread 0x000001d4463d98b0 Exception <a 'sun/nio/fs/WindowsException'{0x00000000d5600ce0}> (0x00000000d5600ce0) 
thrown [s\src\hotspot\share\prims\jni.cpp, line 520]
Event: 198.188 Thread 0x000001d4463d98b0 Exception <a 'sun/nio/fs/WindowsException'{0x00000000d56013d0}> (0x00000000d56013d0) 
thrown [s\src\hotspot\share\prims\jni.cpp, line 520]
Event: 198.397 Thread 0x000001d449f6a4f0 Implicit null exception at 0x000001d474a44662 to 0x000001d474a452c4
Event: 204.202 Thread 0x000001d4463d98b0 Exception <a 'java/io/FileNotFoundException'{0x00000000d55b6f50}> (0x00000000d55b6f50) 
thrown [s\src\hotspot\share\prims\jni.cpp, line 520]
Event: 204.203 Thread 0x000001d4463d98b0 Exception <a 'java/io/FileNotFoundException'{0x00000000d55b7ca8}> (0x00000000d55b7ca8) 
thrown [s\src\hotspot\share\prims\jni.cpp, line 520]
Event: 204.298 Thread 0x000001d4463d98b0 Exception <a 'java/lang/NoSuchMethodError'{0x00000000d55dc650}: 'java.lang.Object java.lang.invoke.DirectMethodHandle$Holder.invokeStatic(java.lang.Object, java.lang.Object, int, java.lang.Object)'> (0x00000000d55dc650) 
thrown [s\src\hotspot\share\interpreter\linkResolver.cpp, line 773]
Event: 376.678 Thread 0x000001d4463d98b0 Exception <a 'java/lang/NoSuchMethodError'{0x00000000d57ca828}: 'java.lang.Object java.lang.invoke.DirectMethodHandle$Holder.newInvokeSpecial(java.lang.Object, java.lang.Object, java.lang.Object, java.lang.Object, java.lang.Object, java.lang.Object, java.lang.Object, java.lang.Object)'> (0x00000000d57ca828) 
thrown [s\src\hotspot\share\interpreter\linkResolver.cpp, line 773]
Event: 627.225 Thread 0x000001d44a219840 Exception <a 'java/lang/IncompatibleClassChangeError'{0x00000000d57ea3a8}: Found class java.lang.Object, but interface was expected> (0x00000000d57ea3a8) 
thrown [s\src\hotspot\share\interpreter\linkResolver.cpp, line 840]

ZGC Phase Switch (0 events):
No events

VM Operations (20 events):
Event: 2946.090 Executing VM operation: HandshakeAllThreads (HandshakeForDeflation)
Event: 2946.090 Executing VM operation: HandshakeAllThreads (HandshakeForDeflation) done
Event: 2946.090 Executing VM operation: RendezvousGCThreads
Event: 2946.090 Executing VM operation: RendezvousGCThreads done
Event: 3006.104 Executing VM operation: HandshakeAllThreads (HandshakeForDeflation)
Event: 3006.104 Executing VM operation: HandshakeAllThreads (HandshakeForDeflation) done
Event: 3006.104 Executing VM operation: RendezvousGCThreads
Event: 3006.104 Executing VM operation: RendezvousGCThreads done
Event: 3066.150 Executing VM operation: HandshakeAllThreads (HandshakeForDeflation)
Event: 3066.150 Executing VM operation: HandshakeAllThreads (HandshakeForDeflation) done
Event: 3066.150 Executing VM operation: RendezvousGCThreads
Event: 3066.150 Executing VM operation: RendezvousGCThreads done
Event: 3126.270 Executing VM operation: HandshakeAllThreads (HandshakeForDeflation)
Event: 3126.270 Executing VM operation: HandshakeAllThreads (HandshakeForDeflation) done
Event: 3126.270 Executing VM operation: RendezvousGCThreads
Event: 3126.270 Executing VM operation: RendezvousGCThreads done
Event: 3186.382 Executing VM operation: HandshakeAllThreads (HandshakeForDeflation)
Event: 3186.382 Executing VM operation: HandshakeAllThreads (HandshakeForDeflation) done
Event: 3186.383 Executing VM operation: RendezvousGCThreads
Event: 3186.383 Executing VM operation: RendezvousGCThreads done

Memory protections (0 events):
No events

Nmethod flushes (20 events):
Event: 179.628 Thread 0x000001d46961eaf0 flushing  nmethod 0x000001d46d0c9d10
Event: 179.628 Thread 0x000001d46961eaf0 flushing  nmethod 0x000001d46d0ca290
Event: 179.628 Thread 0x000001d46961eaf0 flushing  nmethod 0x000001d46d0cf290
Event: 179.628 Thread 0x000001d46961eaf0 flushing  nmethod 0x000001d46d0d1010
Event: 179.628 Thread 0x000001d46961eaf0 flushing  nmethod 0x000001d46d0d2490
Event: 179.628 Thread 0x000001d46961eaf0 flushing  nmethod 0x000001d46d0ef490
Event: 179.628 Thread 0x000001d46961eaf0 flushing  nmethod 0x000001d46d0f4710
Event: 179.628 Thread 0x000001d46961eaf0 flushing  nmethod 0x000001d46d147790
Event: 179.628 Thread 0x000001d46961eaf0 flushing  nmethod 0x000001d46d154490
Event: 179.628 Thread 0x000001d46961eaf0 flushing  nmethod 0x000001d46d158510
Event: 179.628 Thread 0x000001d46961eaf0 flushing  nmethod 0x000001d46d158b10
Event: 179.628 Thread 0x000001d46961eaf0 flushing  nmethod 0x000001d46d159a10
Event: 179.628 Thread 0x000001d46961eaf0 flushing  nmethod 0x000001d46d167990
Event: 179.628 Thread 0x000001d46961eaf0 flushing  nmethod 0x000001d46d178e90
Event: 179.628 Thread 0x000001d46961eaf0 flushing  nmethod 0x000001d46d190410
Event: 179.628 Thread 0x000001d46961eaf0 flushing  nmethod 0x000001d46d193c10
Event: 179.628 Thread 0x000001d46961eaf0 flushing  nmethod 0x000001d46d1ce610
Event: 179.628 Thread 0x000001d46961eaf0 flushing  nmethod 0x000001d46d21c510
Event: 179.628 Thread 0x000001d46961eaf0 flushing  nmethod 0x000001d46d245d10
Event: 179.628 Thread 0x000001d46961eaf0 flushing  nmethod 0x000001d46d24b510

Events (20 events):
Event: 191.643 Thread 0x000001d44728d940 Thread exited: 0x000001d44728d940
Event: 192.808 Thread 0x000001d4694c94f0 Thread added: 0x000001d44728b730
Event: 193.229 Thread 0x000001d44728b730 Thread exited: 0x000001d44728b730
Event: 195.307 Thread 0x000001d4694533e0 Thread added: 0x000001d44728be00
Event: 195.490 Thread 0x000001d44728be00 Thread exited: 0x000001d44728be00
Event: 199.036 Thread 0x000001d4694c94f0 Thread added: 0x000001d44728b060
Event: 199.221 Thread 0x000001d44728b060 Thread exited: 0x000001d44728b060
Event: 222.485 Thread 0x000001d449f64910 Thread exited: 0x000001d449f64910
Event: 241.970 Thread 0x000001d449f65cc0 Thread exited: 0x000001d449f65cc0
Event: 241.970 Thread 0x000001d449f66350 Thread exited: 0x000001d449f66350
Event: 242.087 Thread 0x000001d449f67d90 Thread exited: 0x000001d449f67d90
Event: 257.933 Thread 0x000001d4463d9f40 Thread exited: 0x000001d4463d9f40
Event: 259.367 Thread 0x000001d449f6a4f0 Thread exited: 0x000001d449f6a4f0
Event: 282.485 Thread 0x000001d449f69e60 Thread exited: 0x000001d449f69e60
Event: 319.376 Thread 0x000001d449f68420 Thread exited: 0x000001d449f68420
Event: 376.625 Thread 0x000001d4463d98b0 Thread added: 0x000001d449f64910
Event: 376.637 Thread 0x000001d449f64910 Thread exited: 0x000001d449f64910
Event: 376.691 Thread 0x000001d4694c94f0 Thread added: 0x000001d44728d940
Event: 376.910 Thread 0x000001d44728d940 Thread exited: 0x000001d44728d940
Event: 379.377 Thread 0x000001d449f68ab0 Thread exited: 0x000001d449f68ab0


Dynamic libraries:
0x00007ff606c80000 - 0x00007ff606c8e000 	c:\Users\AJ\.vscode\extensions\redhat.java-1.44.0-win32-x64\jre\21.0.8-win32-x86_64\bin\java.exe
0x00007ff925090000 - 0x00007ff925288000 	C:\WINDOWS\SYSTEM32\ntdll.dll
0x00007ff923150000 - 0x00007ff923212000 	C:\WINDOWS\System32\KERNEL32.DLL
0x00007ff922720000 - 0x00007ff922a16000 	C:\WINDOWS\System32\KERNELBASE.dll
0x00007ff922a70000 - 0x00007ff922b70000 	C:\WINDOWS\System32\ucrtbase.dll
0x00007ff9190b0000 - 0x00007ff9190c8000 	c:\Users\AJ\.vscode\extensions\redhat.java-1.44.0-win32-x64\jre\21.0.8-win32-x86_64\bin\jli.dll
0x00007ff9242c0000 - 0x00007ff92445d000 	C:\WINDOWS\System32\USER32.dll
0x00007ff922d20000 - 0x00007ff922d42000 	C:\WINDOWS\System32\win32u.dll
0x00007ff9246e0000 - 0x00007ff92470b000 	C:\WINDOWS\System32\GDI32.dll
0x00007ff922c00000 - 0x00007ff922d19000 	C:\WINDOWS\System32\gdi32full.dll
0x00007ff922d80000 - 0x00007ff922e1d000 	C:\WINDOWS\System32\msvcp_win.dll
0x00007ff918a40000 - 0x00007ff918a5e000 	c:\Users\AJ\.vscode\extensions\redhat.java-1.44.0-win32-x64\jre\21.0.8-win32-x86_64\bin\VCRUNTIME140.dll
0x00007ff912710000 - 0x00007ff9129aa000 	C:\WINDOWS\WinSxS\amd64_microsoft.windows.common-controls_6595b64144ccf1df_6.0.19041.5915_none_60b4b9d171f9c7c7\COMCTL32.dll
0x00007ff924a80000 - 0x00007ff924b1e000 	C:\WINDOWS\System32\msvcrt.dll
0x00007ff923110000 - 0x00007ff92313f000 	C:\WINDOWS\System32\IMM32.DLL
0x00007ff91ee30000 - 0x00007ff91ee3c000 	c:\Users\AJ\.vscode\extensions\redhat.java-1.44.0-win32-x64\jre\21.0.8-win32-x86_64\bin\vcruntime140_1.dll
0x00007ff8e1ef0000 - 0x00007ff8e1f7d000 	c:\Users\AJ\.vscode\extensions\redhat.java-1.44.0-win32-x64\jre\21.0.8-win32-x86_64\bin\msvcp140.dll
0x00007ff8de390000 - 0x00007ff8df127000 	c:\Users\AJ\.vscode\extensions\redhat.java-1.44.0-win32-x64\jre\21.0.8-win32-x86_64\bin\server\jvm.dll
0x00007ff9245c0000 - 0x00007ff924671000 	C:\WINDOWS\System32\ADVAPI32.dll
0x00007ff923a50000 - 0x00007ff923aef000 	C:\WINDOWS\System32\sechost.dll
0x00007ff923680000 - 0x00007ff9237a3000 	C:\WINDOWS\System32\RPCRT4.dll
0x00007ff922d50000 - 0x00007ff922d77000 	C:\WINDOWS\System32\bcrypt.dll
0x00007ff9239e0000 - 0x00007ff923a4b000 	C:\WINDOWS\System32\WS2_32.dll
0x00007ff921cb0000 - 0x00007ff921cfb000 	C:\WINDOWS\SYSTEM32\POWRPROF.dll
0x00007ff9137e0000 - 0x00007ff913807000 	C:\WINDOWS\SYSTEM32\WINMM.dll
0x00007ff91a9b0000 - 0x00007ff91a9ba000 	C:\WINDOWS\SYSTEM32\VERSION.dll
0x00007ff921b20000 - 0x00007ff921b32000 	C:\WINDOWS\SYSTEM32\UMPDC.dll
0x00007ff9204c0000 - 0x00007ff9204d2000 	C:\WINDOWS\SYSTEM32\kernel.appcore.dll
0x00007ff91c6e0000 - 0x00007ff91c6ea000 	c:\Users\AJ\.vscode\extensions\redhat.java-1.44.0-win32-x64\jre\21.0.8-win32-x86_64\bin\jimage.dll
0x00007ff9132f0000 - 0x00007ff9134f1000 	C:\WINDOWS\SYSTEM32\DBGHELP.DLL
0x00007ff90c250000 - 0x00007ff90c284000 	C:\WINDOWS\SYSTEM32\dbgcore.DLL
0x00007ff922b70000 - 0x00007ff922bf2000 	C:\WINDOWS\System32\bcryptPrimitives.dll
0x00007ff91fd00000 - 0x00007ff91fd0f000 	c:\Users\AJ\.vscode\extensions\redhat.java-1.44.0-win32-x64\jre\21.0.8-win32-x86_64\bin\instrument.dll
0x00007ff91c6c0000 - 0x00007ff91c6df000 	c:\Users\AJ\.vscode\extensions\redhat.java-1.44.0-win32-x64\jre\21.0.8-win32-x86_64\bin\java.dll
0x00007ff923b50000 - 0x00007ff9242be000 	C:\WINDOWS\System32\SHELL32.dll
0x00007ff9207a0000 - 0x00007ff920f44000 	C:\WINDOWS\SYSTEM32\windows.storage.dll
0x00007ff924710000 - 0x00007ff924a63000 	C:\WINDOWS\System32\combase.dll
0x00007ff922150000 - 0x00007ff92217b000 	C:\WINDOWS\SYSTEM32\Wldp.dll
0x00007ff923340000 - 0x00007ff92340d000 	C:\WINDOWS\System32\OLEAUT32.dll
0x00007ff923410000 - 0x00007ff9234bd000 	C:\WINDOWS\System32\SHCORE.dll
0x00007ff9230b0000 - 0x00007ff92310b000 	C:\WINDOWS\System32\shlwapi.dll
0x00007ff922650000 - 0x00007ff922674000 	C:\WINDOWS\SYSTEM32\profapi.dll
0x00007ff91c6a0000 - 0x00007ff91c6b8000 	c:\Users\AJ\.vscode\extensions\redhat.java-1.44.0-win32-x64\jre\21.0.8-win32-x86_64\bin\zip.dll
0x00007ff91c690000 - 0x00007ff91c6a0000 	C:\Users\AJ\.vscode\extensions\redhat.java-1.44.0-win32-x64\jre\21.0.8-win32-x86_64\bin\net.dll
0x00007ff91a9d0000 - 0x00007ff91aada000 	C:\WINDOWS\SYSTEM32\WINHTTP.dll
0x00007ff921eb0000 - 0x00007ff921f1a000 	C:\WINDOWS\system32\mswsock.dll
0x00007ff919ce0000 - 0x00007ff919cf6000 	C:\Users\AJ\.vscode\extensions\redhat.java-1.44.0-win32-x64\jre\21.0.8-win32-x86_64\bin\nio.dll
0x00007ff91eee0000 - 0x00007ff91eef0000 	c:\Users\AJ\.vscode\extensions\redhat.java-1.44.0-win32-x64\jre\21.0.8-win32-x86_64\bin\verify.dll
0x00007ff8e19c0000 - 0x00007ff8e1a05000 	C:\Users\AJ\AppData\Roaming\Code\User\globalStorage\redhat.java\1.44.0\config_win\org.eclipse.equinox.launcher\org.eclipse.equinox.launcher.win32.win32.x86_64_1.2.1400.v20250730-1736\eclipse_11913.dll
0x00007ff9234c0000 - 0x00007ff9235eb000 	C:\WINDOWS\System32\ole32.dll
0x00007ff9220a0000 - 0x00007ff9220b8000 	C:\WINDOWS\SYSTEM32\CRYPTSP.dll
0x00007ff921760000 - 0x00007ff921798000 	C:\WINDOWS\system32\rsaenh.dll
0x00007ff9225d0000 - 0x00007ff9225fe000 	C:\WINDOWS\SYSTEM32\USERENV.dll
0x00007ff9220c0000 - 0x00007ff9220cc000 	C:\WINDOWS\SYSTEM32\CRYPTBASE.dll
0x00007ff921b40000 - 0x00007ff921b7b000 	C:\WINDOWS\SYSTEM32\IPHLPAPI.DLL
0x00007ff925040000 - 0x00007ff925048000 	C:\WINDOWS\System32\NSI.dll
0x00007ff8dda30000 - 0x00007ff8dda79000 	C:\Users\AJ\AppData\Local\Temp\jna-2089\jna6637636542016418137.dll
0x00007ff923140000 - 0x00007ff923148000 	C:\WINDOWS\System32\PSAPI.DLL
0x00007ff91b220000 - 0x00007ff91b237000 	C:\WINDOWS\SYSTEM32\dhcpcsvc6.DLL
0x00007ff91c030000 - 0x00007ff91c04d000 	C:\WINDOWS\SYSTEM32\dhcpcsvc.DLL
0x00007ff91b820000 - 0x00007ff91b847000 	C:\Users\AJ\.gradle\native\c067742578af261105cb4f569cf0c3c89f3d7b1fecec35dd04571415982c5e48\windows-amd64\native-platform.dll
0x00007ff91eed0000 - 0x00007ff91eeda000 	C:\Users\AJ\.vscode\extensions\redhat.java-1.44.0-win32-x64\jre\21.0.8-win32-x86_64\bin\management.dll
0x00007ff91ec60000 - 0x00007ff91ec6b000 	C:\Users\AJ\.vscode\extensions\redhat.java-1.44.0-win32-x64\jre\21.0.8-win32-x86_64\bin\management_ext.dll

JVMTI agents:
c:\Users\AJ\.vscode\extensions\redhat.java-1.44.0-win32-x64\lombok\lombok-1.18.39-4050.jar path:c:\Users\AJ\.vscode\extensions\redhat.java-1.44.0-win32-x64\jre\21.0.8-win32-x86_64\bin\instrument.dll, loaded, initialized, instrumentlib options:none

dbghelp: loaded successfully - version: 4.0.5 - missing functions: none
symbol engine: initialized successfully - sym options: 0x614 - pdb path: .;c:\Users\AJ\.vscode\extensions\redhat.java-1.44.0-win32-x64\jre\21.0.8-win32-x86_64\bin;C:\WINDOWS\SYSTEM32;C:\WINDOWS\WinSxS\amd64_microsoft.windows.common-controls_6595b64144ccf1df_6.0.19041.5915_none_60b4b9d171f9c7c7;c:\Users\AJ\.vscode\extensions\redhat.java-1.44.0-win32-x64\jre\21.0.8-win32-x86_64\bin\server;C:\Users\AJ\AppData\Roaming\Code\User\globalStorage\redhat.java\1.44.0\config_win\org.eclipse.equinox.launcher\org.eclipse.equinox.launcher.win32.win32.x86_64_1.2.1400.v20250730-1736;C:\Users\AJ\AppData\Local\Temp\jna-2089;C:\Users\AJ\.gradle\native\c067742578af261105cb4f569cf0c3c89f3d7b1fecec35dd04571415982c5e48\windows-amd64

VM Arguments:
jvm_args: --add-modules=ALL-SYSTEM --add-opens=java.base/java.util=ALL-UNNAMED --add-opens=java.base/java.lang=ALL-UNNAMED --add-opens=java.base/sun.nio.fs=ALL-UNNAMED -Declipse.application=org.eclipse.jdt.ls.core.id1 -Dosgi.bundles.defaultStartLevel=4 -Declipse.product=org.eclipse.jdt.ls.core.product -Djava.import.generatesMetadataFilesAtProjectRoot=false -DDetectVMInstallationsJob.disabled=true -Dfile.encoding=utf8 -XX:+UseParallelGC -XX:GCTimeRatio=4 -XX:AdaptiveSizePolicyWeight=90 -Dsun.zip.disableMemoryMapping=true -Xmx2G -Xms100m -Xlog:disable -javaagent:c:\Users\AJ\.vscode\extensions\redhat.java-1.44.0-win32-x64\lombok\lombok-1.18.39-4050.jar -XX:+HeapDumpOnOutOfMemoryError -XX:HeapDumpPath=c:\Users\AJ\AppData\Roaming\Code\User\workspaceStorage\42d3df7c00ac9b0f7d13d418ec405ff2\redhat.java -Daether.dependencyCollector.impl=bf 
java_command: c:\Users\AJ\.vscode\extensions\redhat.java-1.44.0-win32-x64\server\plugins\org.eclipse.equinox.launcher_1.7.0.v20250519-0528.jar -configuration c:\Users\AJ\AppData\Roaming\Code\User\globalStorage\redhat.java\1.44.0\config_win -data c:\Users\AJ\AppData\Roaming\Code\User\workspaceStorage\42d3df7c00ac9b0f7d13d418ec405ff2\redhat.java\jdt_ws --pipe=\\.\pipe\lsp-68f29d9bbd6504bd0935ed4e47a1f76e-sock
java_class_path (initial): c:\Users\AJ\.vscode\extensions\redhat.java-1.44.0-win32-x64\server\plugins\org.eclipse.equinox.launcher_1.7.0.v20250519-0528.jar
Launcher Type: SUN_STANDARD

[Global flags]
    uintx AdaptiveSizePolicyWeight                 = 90                                        {product} {command line}
     intx CICompilerCount                          = 3                                         {product} {ergonomic}
    uintx GCTimeRatio                              = 4                                         {product} {command line}
     bool HeapDumpOnOutOfMemoryError               = true                                   {manageable} {command line}
    ccstr HeapDumpPath                             = c:\Users\AJ\AppData\Roaming\Code\User\workspaceStorage\42d3df7c00ac9b0f7d13d418ec405ff2\redhat.java         {manageable} {command line}
   size_t InitialHeapSize                          = 104857600                                 {product} {command line}
   size_t MaxHeapSize                              = 2147483648                                {product} {command line}
   size_t MaxNewSize                               = 715653120                                 {product} {ergonomic}
   size_t MinHeapDeltaBytes                        = 524288                                    {product} {ergonomic}
   size_t MinHeapSize                              = 104857600                                 {product} {command line}
   size_t NewSize                                  = 34603008                                  {product} {ergonomic}
    uintx NonNMethodCodeHeapSize                   = 5832780                                {pd product} {ergonomic}
    uintx NonProfiledCodeHeapSize                  = 122912730                              {pd product} {ergonomic}
   size_t OldSize                                  = 70254592                                  {product} {ergonomic}
    uintx ProfiledCodeHeapSize                     = 122912730                              {pd product} {ergonomic}
    uintx ReservedCodeCacheSize                    = 251658240                              {pd product} {ergonomic}
     bool SegmentedCodeCache                       = true                                      {product} {ergonomic}
   size_t SoftMaxHeapSize                          = 2147483648                             {manageable} {ergonomic}
     bool UseCompressedOops                        = true                           {product lp64_product} {ergonomic}
     bool UseLargePagesIndividualAllocation        = false                                  {pd product} {ergonomic}
     bool UseParallelGC                            = true                                      {product} {command line}

Logging:
Log output configuration:
 #0: stdout all=off uptime,level,tags foldmultilines=false
 #1: stderr all=off uptime,level,tags foldmultilines=false

Environment Variables:
JAVA_HOME=C:\Program Files\OpenJDK\jdk-22.0.2
PATH=C:\Program Files\Common Files\Oracle\Java\javapath;C:\Program Files (x86)\OpenLogic\jre-8.0.382.05-hotspot\bin;C:\Program Files\Microsoft\jdk-11.0.18.10-hotspot\bin;C:\ProgramData\chocolatey\bin;C:\Users\AJ\AppData\Local\Android\Sdk\platform-tools;C:\WINDOWS\system32;C:\WINDOWS;C:\WINDOWS\System32\Wbem;C:\WINDOWS\System32\WindowsPowerShell\v1.0\;C:\WINDOWS\System32\OpenSSH\;C:\Users\AJ\AppData\Local\Programs\Python\Python312\;C:\Users\AJ\AppData\Local\Programs\Python\Python312\Scripts\;C:\Program Files\Git\cmd;C:\Program Files\Git\bin;C:\Program Files (x86)\Microsoft SQL Server\160\Tools\Binn\;C:\Program Files\Microsoft SQL Server\160\Tools\Binn\;C:\Program Files\Microsoft SQL Server\Client SDK\ODBC\170\Tools\Binn\;C:\Program Files\Microsoft SQL Server\160\DTS\Binn\;C:\Program Files\nodejs\;C:\Program Files (x86)\Microsoft SQL Server\160\DTS\Binn\;C:\Program Files\OpenJDK\jdk-22.0.2\bin;C:\Program Files (x86)\dotnet\;C:\Users\AJ\AppData\Local\Programs\Python\Python313\Scripts\;C:\Users\AJ\AppData\Local\Programs\Python\Python313\;C:\Users\AJ\AppData\Local\Programs\Python\Launcher\;C:\Users\AJ\AppData\Local\Microsoft\WindowsApps;C:\Users\AJ\AppData\Local\Programs\Microsoft VS Code\bin;C:\Users\AJ\AppData\Local\JetBrains\IntelliJ IDEA 2024.1.3\bin;C:\Users\AJ\AppData\Roaming\npm;C:\Users\AJ\AppData\Local\Programs\cursor\resources\app\bin
USERNAME=AJ
OS=Windows_NT
PROCESSOR_IDENTIFIER=Intel64 Family 6 Model 69 Stepping 1, GenuineIntel
TMP=C:\Users\AJ\AppData\Local\Temp
TEMP=C:\Users\AJ\AppData\Local\Temp




Periodic native trim disabled

---------------  S Y S T E M  ---------------

OS:
 Windows 10 , 64 bit Build 19041 (10.0.19041.5915)
OS uptime: 0 days 0:57 hours

CPU: total 4 (initial active 4) (2 cores per cpu, 2 threads per core) family 6 model 69 stepping 1 microcode 0x25, cx8, cmov, fxsr, ht, mmx, sse, sse2, sse3, ssse3, sse4.1, sse4.2, popcnt, lzcnt, tsc, tscinvbit, avx, avx2, aes, erms, clmul, bmi1, bmi2, fma, vzeroupper, clflush, rdtscp, f16c
Processor Information for the first 4 processors :
  Max Mhz: 2494, Current Mhz: 1895, Mhz Limit: 1895

Memory: 4k page, system-wide physical 7878M (1007M free)
TotalPageFile size 12486M (AvailPageFile size 14M)
current process WorkingSet (physical memory assigned to process): 58M, peak: 403M
current process commit charge ("private bytes"): 459M, peak: 460M

vm_info: OpenJDK 64-Bit Server VM (21.0.8+9-LTS) for windows-amd64 JRE (21.0.8+9-LTS), built on 2025-07-15T00:00:00Z by "admin" with MS VC++ 17.7 (VS2022)

END.
