#
# There is insufficient memory for the Java Runtime Environment to continue.
# Native memory allocation (malloc) failed to allocate 996880 bytes. Error detail: Chunk::new
# Possible reasons:
#   The system is out of physical RAM or swap space
#   This process is running with CompressedOops enabled, and the Java Heap may be blocking the growth of the native heap
# Possible solutions:
#   Reduce memory load on the system
#   Increase physical memory or swap space
#   Check if swap backing store is full
#   Decrease Java heap size (-Xmx/-Xms)
#   Decrease number of Java threads
#   Decrease Java thread stack sizes (-Xss)
#   Set larger code cache with -XX:ReservedCodeCacheSize=
#   JVM is running with Unscaled Compressed Oops mode in which the Java heap is
#     placed in the first 4GB address space. The Java Heap base address is the
#     maximum limit for the native heap growth. Please use -XX:HeapBaseMinAddress
#     to set the Java Heap base and to place the Java Heap above 4GB virtual address.
# This output file may be truncated or incomplete.
#
#  Out of Memory Error (arena.cpp:168), pid=6516, tid=6080
#
# JRE version: OpenJDK Runtime Environment Temurin-21.0.8+9 (21.0.8+9) (build 21.0.8+9-LTS)
# Java VM: OpenJDK 64-Bit Server VM Temurin-21.0.8+9 (21.0.8+9-LTS, mixed mode, sharing, tiered, compressed oops, compressed class ptrs, parallel gc, windows-amd64)
# No core dump will be written. Minidumps are not enabled by default on client versions of Windows
#

---------------  S U M M A R Y ------------

Command Line: --add-modules=ALL-SYSTEM --add-opens=java.base/java.util=ALL-UNNAMED --add-opens=java.base/java.lang=ALL-UNNAMED --add-opens=java.base/sun.nio.fs=ALL-UNNAMED -Declipse.application=org.eclipse.jdt.ls.core.id1 -Dosgi.bundles.defaultStartLevel=4 -Declipse.product=org.eclipse.jdt.ls.core.product -Djava.import.generatesMetadataFilesAtProjectRoot=false -DDetectVMInstallationsJob.disabled=true -Dfile.encoding=utf8 -XX:+UseParallelGC -XX:GCTimeRatio=4 -XX:AdaptiveSizePolicyWeight=90 -Dsun.zip.disableMemoryMapping=true -Xmx2G -Xms100m -Xlog:disable -javaagent:c:\Users\AJ\.vscode\extensions\redhat.java-1.44.0-win32-x64\lombok\lombok-1.18.39-4050.jar -XX:+HeapDumpOnOutOfMemoryError -XX:HeapDumpPath=c:\Users\AJ\AppData\Roaming\Code\User\workspaceStorage\42d3df7c00ac9b0f7d13d418ec405ff2\redhat.java -Daether.dependencyCollector.impl=bf c:\Users\AJ\.vscode\extensions\redhat.java-1.44.0-win32-x64\server\plugins\org.eclipse.equinox.launcher_1.7.0.v20250519-0528.jar -configuration c:\Users\AJ\AppData\Roaming\Code\User\globalStorage\redhat.java\1.44.0\config_win -data c:\Users\AJ\AppData\Roaming\Code\User\workspaceStorage\42d3df7c00ac9b0f7d13d418ec405ff2\redhat.java\jdt_ws --pipe=\\.\pipe\lsp-bb42694489838bdb8c9797bf3129e505-sock

Host: Intel(R) Core(TM) i5-4300U CPU @ 1.90GHz, 4 cores, 7G,  Windows 10 , 64 bit Build 19041 (10.0.19041.5915)
Time: Mon Aug 11 12:25:33 2025 Pakistan Standard Time elapsed time: 11.725826 seconds (0d 0h 0m 11s)

---------------  T H R E A D  ---------------

Current thread (0x00000254fc562940):  JavaThread "C2 CompilerThread0" daemon [_thread_in_native, id=6080, stack(0x000000ff34200000,0x000000ff34300000) (1024K)]


Current CompileTask:
C2:11725 4308       4       org.lombokweb.asm.ClassReader::readMethod (1070 bytes)

Stack: [0x000000ff34200000,0x000000ff34300000]
Native frames: (J=compiled Java code, j=interpreted, Vv=VM code, C=native code)
V  [jvm.dll+0x6d2449]
V  [jvm.dll+0x8ae341]
V  [jvm.dll+0x8b08be]
V  [jvm.dll+0x8b0fa3]
V  [jvm.dll+0x280c96]
V  [jvm.dll+0xc581d]
V  [jvm.dll+0xc5d53]
V  [jvm.dll+0x3b919c]
V  [jvm.dll+0x1e108a]
V  [jvm.dll+0x249022]
V  [jvm.dll+0x2484af]
V  [jvm.dll+0x1c89ee]
V  [jvm.dll+0x257d4d]
V  [jvm.dll+0x2562ea]
V  [jvm.dll+0x3f2d16]
V  [jvm.dll+0x857e6b]
V  [jvm.dll+0x6d0b0d]
C  [ucrtbase.dll+0x21bb2]
C  [KERNEL32.DLL+0x17374]
C  [ntdll.dll+0x4cc91]


---------------  P R O C E S S  ---------------

Threads class SMR info:
_java_thread_list=0x00000254fe347d10, length=25, elements={
0x00000254e5b828b0, 0x00000254fc556ff0, 0x00000254fc55a900, 0x00000254fc55c200,
0x00000254fc55d390, 0x00000254fc5600b0, 0x00000254fc561b10, 0x00000254fc562940,
0x00000254fc5d8e50, 0x00000254fd211fb0, 0x00000254fd43f050, 0x00000254fddbb500,
0x00000254fdd93270, 0x00000254fdd1fd60, 0x00000254fdd2bd60, 0x00000254fe01cc30,
0x00000254fdc9d610, 0x00000254fe0cde40, 0x00000254fe1adb90, 0x00000254fe1ac7e0,
0x00000254fe1ace70, 0x00000254fe1abac0, 0x00000254fe635c40, 0x00000254fe1ad500,
0x00000254fe1ae8b0
}

Java Threads: ( => current thread )
  0x00000254e5b828b0 JavaThread "main"                              [_thread_blocked, id=13268, stack(0x000000ff33800000,0x000000ff33900000) (1024K)]
  0x00000254fc556ff0 JavaThread "Reference Handler"          daemon [_thread_blocked, id=6228, stack(0x000000ff33c00000,0x000000ff33d00000) (1024K)]
  0x00000254fc55a900 JavaThread "Finalizer"                  daemon [_thread_blocked, id=9804, stack(0x000000ff33d00000,0x000000ff33e00000) (1024K)]
  0x00000254fc55c200 JavaThread "Signal Dispatcher"          daemon [_thread_blocked, id=13724, stack(0x000000ff33e00000,0x000000ff33f00000) (1024K)]
  0x00000254fc55d390 JavaThread "Attach Listener"            daemon [_thread_blocked, id=13132, stack(0x000000ff33f00000,0x000000ff34000000) (1024K)]
  0x00000254fc5600b0 JavaThread "Service Thread"             daemon [_thread_blocked, id=3808, stack(0x000000ff34000000,0x000000ff34100000) (1024K)]
  0x00000254fc561b10 JavaThread "Monitor Deflation Thread"   daemon [_thread_blocked, id=1048, stack(0x000000ff34100000,0x000000ff34200000) (1024K)]
=>0x00000254fc562940 JavaThread "C2 CompilerThread0"         daemon [_thread_in_native, id=6080, stack(0x000000ff34200000,0x000000ff34300000) (1024K)]
  0x00000254fc5d8e50 JavaThread "C1 CompilerThread0"         daemon [_thread_blocked, id=3492, stack(0x000000ff34300000,0x000000ff34400000) (1024K)]
  0x00000254fd211fb0 JavaThread "Common-Cleaner"             daemon [_thread_blocked, id=4108, stack(0x000000ff34400000,0x000000ff34500000) (1024K)]
  0x00000254fd43f050 JavaThread "Notification Thread"        daemon [_thread_blocked, id=13460, stack(0x000000ff34500000,0x000000ff34600000) (1024K)]
  0x00000254fddbb500 JavaThread "Active Thread: Equinox Container: cda98ea7-59a9-481f-9056-2660abef935b"        [_thread_blocked, id=13780, stack(0x000000ff34a00000,0x000000ff34b00000) (1024K)]
  0x00000254fdd93270 JavaThread "Refresh Thread: Equinox Container: cda98ea7-59a9-481f-9056-2660abef935b" daemon [_thread_blocked, id=6844, stack(0x000000ff34b00000,0x000000ff34c00000) (1024K)]
  0x00000254fdd1fd60 JavaThread "Framework Event Dispatcher: Equinox Container: cda98ea7-59a9-481f-9056-2660abef935b" daemon [_thread_blocked, id=11176, stack(0x000000ff34c00000,0x000000ff34d00000) (1024K)]
  0x00000254fdd2bd60 JavaThread "Start Level: Equinox Container: cda98ea7-59a9-481f-9056-2660abef935b" daemon [_thread_in_vm, id=13068, stack(0x000000ff34d00000,0x000000ff34e00000) (1024K)]
  0x00000254fe01cc30 JavaThread "Bundle File Closer"         daemon [_thread_blocked, id=9160, stack(0x000000ff34e00000,0x000000ff34f00000) (1024K)]
  0x00000254fdc9d610 JavaThread "SCR Component Actor"        daemon [_thread_blocked, id=9444, stack(0x000000ff34600000,0x000000ff34700000) (1024K)]
  0x00000254fe0cde40 JavaThread "SCR Component Registry"     daemon [_thread_blocked, id=10760, stack(0x000000ff34f00000,0x000000ff35000000) (1024K)]
  0x00000254fe1adb90 JavaThread "Worker-JM"                         [_thread_blocked, id=1656, stack(0x000000ff35100000,0x000000ff35200000) (1024K)]
  0x00000254fe1ac7e0 JavaThread "JNA Cleaner"                daemon [_thread_blocked, id=12912, stack(0x000000ff35000000,0x000000ff35100000) (1024K)]
  0x00000254fe1ace70 JavaThread "Worker-0: Repository registry initialization"        [_thread_blocked, id=6216, stack(0x000000ff35300000,0x000000ff35400000) (1024K)]
  0x00000254fe1abac0 JavaThread "Worker-1: Updating Maven Dependencies"        [_thread_in_vm, id=12452, stack(0x000000ff35200000,0x000000ff35300000) (1024K)]
  0x00000254fe635c40 JavaThread "C2 CompilerThread1"         daemon [_thread_in_native, id=11332, stack(0x000000ff35400000,0x000000ff35500000) (1024K)]
  0x00000254fe1ad500 JavaThread "Worker-2"                          [_thread_blocked, id=5012, stack(0x000000ff35500000,0x000000ff35600000) (1024K)]
  0x00000254fe1ae8b0 JavaThread "Worker-3"                          [_thread_blocked, id=6892, stack(0x000000ff35600000,0x000000ff35700000) (1024K)]
Total: 25

Other Threads:
  0x00000254e5c3e0e0 VMThread "VM Thread"                           [id=1744, stack(0x000000ff33b00000,0x000000ff33c00000) (1024K)]
  0x00000254e5bed5d0 WatcherThread "VM Periodic Task Thread"        [id=13420, stack(0x000000ff33a00000,0x000000ff33b00000) (1024K)]
  0x00000254e5ba0a10 WorkerThread "GC Thread#0"                     [id=768, stack(0x000000ff33900000,0x000000ff33a00000) (1024K)]
  0x00000254fd9775d0 WorkerThread "GC Thread#1"                     [id=8544, stack(0x000000ff34700000,0x000000ff34800000) (1024K)]
  0x00000254fd583490 WorkerThread "GC Thread#2"                     [id=1140, stack(0x000000ff34800000,0x000000ff34900000) (1024K)]
  0x00000254fd71acb0 WorkerThread "GC Thread#3"                     [id=10196, stack(0x000000ff34900000,0x000000ff34a00000) (1024K)]
Total: 6

Threads with active compile tasks:
C2 CompilerThread0  11764 4308       4       org.lombokweb.asm.ClassReader::readMethod (1070 bytes)
C2 CompilerThread1  11764 4314       4       java.lang.invoke.MethodType::makeImpl (109 bytes)
Total: 2

VM state: not at safepoint (normal execution)

VM Mutex/Monitor currently owned by a thread: None

Heap address: 0x0000000080000000, size: 2048 MB, Compressed Oops mode: 32-bit

CDS archive(s) mapped at: [0x0000025480000000-0x0000025480ba0000-0x0000025480ba0000), size 12189696, SharedBaseAddress: 0x0000025480000000, ArchiveRelocationMode: 1.
Compressed class space mapped at: 0x0000025481000000-0x00000254c1000000, reserved size: 1073741824
Narrow klass base: 0x0000025480000000, Narrow klass shift: 0, Narrow klass range: 0x100000000

GC Precious Log:
 CardTable entry size: 512
 CPUs: 4 total, 4 available
 Memory: 7878M
 Large Page Support: Disabled
 NUMA Support: Disabled
 Compressed Oops: Enabled (32-bit)
 Alignments: Space 512K, Generation 512K, Heap 2M
 Heap Min Capacity: 100M
 Heap Initial Capacity: 100M
 Heap Max Capacity: 2G
 Pre-touch: Disabled
 Parallel Workers: 4

Heap:
 PSYoungGen      total 23552K, used 5184K [0x00000000d5580000, 0x00000000d7300000, 0x0000000100000000)
  eden space 22016K, 16% used [0x00000000d5580000,0x00000000d59113d8,0x00000000d6b00000)
  from space 1536K, 99% used [0x00000000d6b80000,0x00000000d6cfeda0,0x00000000d6d00000)
  to   space 4096K, 0% used [0x00000000d6f00000,0x00000000d6f00000,0x00000000d7300000)
 ParOldGen       total 68608K, used 17433K [0x0000000080000000, 0x0000000084300000, 0x00000000d5580000)
  object space 68608K, 25% used [0x0000000080000000,0x0000000081106708,0x0000000084300000)
 Metaspace       used 27804K, committed 28672K, reserved 1114112K
  class space    used 2735K, committed 3136K, reserved 1048576K

Card table byte_map: [0x00000254e5560000,0x00000254e5970000] _byte_map_base: 0x00000254e5160000

Marking Bits: (ParMarkBitMap*) 0x00007ffbf94ea340
 Begin Bits: [0x00000254f8030000, 0x00000254fa030000)
 End Bits:   [0x00000254fa030000, 0x00000254fc030000)

Polling page: 0x00000254e5350000

Metaspace:

Usage:
  Non-class:     24.48 MB used.
      Class:      2.67 MB used.
       Both:     27.15 MB used.

Virtual space:
  Non-class space:       64.00 MB reserved,      24.94 MB ( 39%) committed,  1 nodes.
      Class space:        1.00 GB reserved,       3.06 MB ( <1%) committed,  1 nodes.
             Both:        1.06 GB reserved,      28.00 MB (  3%) committed. 

Chunk freelists:
   Non-Class:  7.06 MB
       Class:  12.98 MB
        Both:  20.05 MB

MaxMetaspaceSize: unlimited
CompressedClassSpaceSize: 1.00 GB
Initial GC threshold: 21.00 MB
Current GC threshold: 35.00 MB
CDS: on
 - commit_granule_bytes: 65536.
 - commit_granule_words: 8192.
 - virtual_space_node_default_size: 8388608.
 - enlarge_chunks_in_place: 1.
 - use_allocation_guard: 0.


Internal statistics:

num_allocs_failed_limit: 3.
num_arena_births: 684.
num_arena_deaths: 14.
num_vsnodes_births: 2.
num_vsnodes_deaths: 0.
num_space_committed: 449.
num_space_uncommitted: 0.
num_chunks_returned_to_freelist: 17.
num_chunks_taken_from_freelist: 1801.
num_chunk_merges: 7.
num_chunk_splits: 1162.
num_chunks_enlarged: 766.
num_inconsistent_stats: 0.

CodeHeap 'non-profiled nmethods': size=120000Kb used=2096Kb max_used=2096Kb free=117903Kb
 bounds [0x00000254f0850000, 0x00000254f0ac0000, 0x00000254f7d80000]
CodeHeap 'profiled nmethods': size=120000Kb used=9293Kb max_used=9293Kb free=110706Kb
 bounds [0x00000254e8d80000, 0x00000254e96a0000, 0x00000254f02b0000]
CodeHeap 'non-nmethods': size=5760Kb used=1331Kb max_used=1344Kb free=4428Kb
 bounds [0x00000254f02b0000, 0x00000254f0520000, 0x00000254f0850000]
CodeCache: size=245760Kb, used=12720Kb, max_used=12733Kb, free=233037Kb
 total_blobs=5028, nmethods=4407, adapters=527, full_count=0
Compilation: enabled, stopped_count=0, restarted_count=0

Compilation events (20 events):
Event: 11.566 Thread 0x00000254fc5d8e50 4395       3       org.eclipse.jdt.internal.core.JavaModelManager$VariablesAndContainersLoadHelper::loadClasspathEntry (209 bytes)
Event: 11.570 Thread 0x00000254fc5d8e50 nmethod 4395 0x00000254e9683210 code [0x00000254e96836a0, 0x00000254e9685800]
Event: 11.591 Thread 0x00000254fc5d8e50 4396   !   3       org.eclipse.osgi.internal.loader.BundleLoader::findClass0 (491 bytes)
Event: 11.598 Thread 0x00000254fc5d8e50 nmethod 4396 0x00000254e9686690 code [0x00000254e9686f00, 0x00000254e968b430]
Event: 11.606 Thread 0x00000254fc5d8e50 4397       1       java.net.URI::getRawPath (5 bytes)
Event: 11.607 Thread 0x00000254fc5d8e50 nmethod 4397 0x00000254f0a5b990 code [0x00000254f0a5bb20, 0x00000254f0a5bbe8]
Event: 11.607 Thread 0x00000254fc5d8e50 4398       1       java.net.URI::getPort (5 bytes)
Event: 11.607 Thread 0x00000254fc5d8e50 nmethod 4398 0x00000254f0a5bc90 code [0x00000254f0a5be20, 0x00000254f0a5bee8]
Event: 11.628 Thread 0x00000254fc5d8e50 4399       3       java.lang.NamedPackage::<init> (59 bytes)
Event: 11.629 Thread 0x00000254fc5d8e50 nmethod 4399 0x00000254e968cb90 code [0x00000254e968ce20, 0x00000254e968d798]
Event: 11.695 Thread 0x00000254fc5d8e50 4401       3       org.eclipse.osgi.storage.bundlefile.NestedDirBundleFile::prependNestedDir (42 bytes)
Event: 11.696 Thread 0x00000254fc5d8e50 nmethod 4401 0x00000254e968db90 code [0x00000254e968de20, 0x00000254e968e9d8]
Event: 11.704 Thread 0x00000254fc5d8e50 4402       3       java.net.URL::<init> (7 bytes)
Event: 11.704 Thread 0x00000254fc5d8e50 nmethod 4402 0x00000254e968ef10 code [0x00000254e968f0c0, 0x00000254e968f270]
Event: 11.707 Thread 0x00000254fc5d8e50 4403       3       java.nio.file.Files::provider (10 bytes)
Event: 11.707 Thread 0x00000254fc5d8e50 nmethod 4403 0x00000254e968f390 code [0x00000254e968f540, 0x00000254e968f718]
Event: 11.707 Thread 0x00000254fc5d8e50 4404       3       sun.nio.fs.WindowsPath::getFileSystem (5 bytes)
Event: 11.707 Thread 0x00000254fc5d8e50 nmethod 4404 0x00000254e968f810 code [0x00000254e968f9a0, 0x00000254e968fb48]
Event: 11.707 Thread 0x00000254fc5d8e50 4405       3       sun.nio.fs.WindowsPath::toWindowsPath (32 bytes)
Event: 11.708 Thread 0x00000254fc5d8e50 nmethod 4405 0x00000254e968fc10 code [0x00000254e968fde0, 0x00000254e9690268]

GC Heap History (20 events):
Event: 5.124 GC heap before
{Heap before GC invocations=3 (full 0):
 PSYoungGen      total 29696K, used 29626K [0x00000000d5580000, 0x00000000d7680000, 0x0000000100000000)
  eden space 25600K, 99% used [0x00000000d5580000,0x00000000d6e755a0,0x00000000d6e80000)
  from space 4096K, 99% used [0x00000000d7280000,0x00000000d7679540,0x00000000d7680000)
  to   space 4096K, 0% used [0x00000000d6e80000,0x00000000d6e80000,0x00000000d7280000)
 ParOldGen       total 68608K, used 1735K [0x0000000080000000, 0x0000000084300000, 0x00000000d5580000)
  object space 68608K, 2% used [0x0000000080000000,0x00000000801b1ed8,0x0000000084300000)
 Metaspace       used 9343K, committed 9664K, reserved 1114112K
  class space    used 995K, committed 1152K, reserved 1048576K
}
Event: 5.133 GC heap after
{Heap after GC invocations=3 (full 0):
 PSYoungGen      total 29696K, used 4085K [0x00000000d5580000, 0x00000000d7680000, 0x0000000100000000)
  eden space 25600K, 0% used [0x00000000d5580000,0x00000000d5580000,0x00000000d6e80000)
  from space 4096K, 99% used [0x00000000d6e80000,0x00000000d727d608,0x00000000d7280000)
  to   space 4096K, 0% used [0x00000000d7280000,0x00000000d7280000,0x00000000d7680000)
 ParOldGen       total 68608K, used 5086K [0x0000000080000000, 0x0000000084300000, 0x00000000d5580000)
  object space 68608K, 7% used [0x0000000080000000,0x00000000804f7b30,0x0000000084300000)
 Metaspace       used 9343K, committed 9664K, reserved 1114112K
  class space    used 995K, committed 1152K, reserved 1048576K
}
Event: 6.185 GC heap before
{Heap before GC invocations=4 (full 0):
 PSYoungGen      total 29696K, used 29685K [0x00000000d5580000, 0x00000000d7680000, 0x0000000100000000)
  eden space 25600K, 100% used [0x00000000d5580000,0x00000000d6e80000,0x00000000d6e80000)
  from space 4096K, 99% used [0x00000000d6e80000,0x00000000d727d608,0x00000000d7280000)
  to   space 4096K, 0% used [0x00000000d7280000,0x00000000d7280000,0x00000000d7680000)
 ParOldGen       total 68608K, used 5086K [0x0000000080000000, 0x0000000084300000, 0x00000000d5580000)
  object space 68608K, 7% used [0x0000000080000000,0x00000000804f7b30,0x0000000084300000)
 Metaspace       used 12122K, committed 12480K, reserved 1114112K
  class space    used 1289K, committed 1472K, reserved 1048576K
}
Event: 6.196 GC heap after
{Heap after GC invocations=4 (full 0):
 PSYoungGen      total 29696K, used 4094K [0x00000000d5580000, 0x00000000d7680000, 0x0000000100000000)
  eden space 25600K, 0% used [0x00000000d5580000,0x00000000d5580000,0x00000000d6e80000)
  from space 4096K, 99% used [0x00000000d7280000,0x00000000d767f868,0x00000000d7680000)
  to   space 4096K, 0% used [0x00000000d6e80000,0x00000000d6e80000,0x00000000d7280000)
 ParOldGen       total 68608K, used 6787K [0x0000000080000000, 0x0000000084300000, 0x00000000d5580000)
  object space 68608K, 9% used [0x0000000080000000,0x00000000806a0dc8,0x0000000084300000)
 Metaspace       used 12122K, committed 12480K, reserved 1114112K
  class space    used 1289K, committed 1472K, reserved 1048576K
}
Event: 7.206 GC heap before
{Heap before GC invocations=5 (full 0):
 PSYoungGen      total 29696K, used 29694K [0x00000000d5580000, 0x00000000d7680000, 0x0000000100000000)
  eden space 25600K, 100% used [0x00000000d5580000,0x00000000d6e80000,0x00000000d6e80000)
  from space 4096K, 99% used [0x00000000d7280000,0x00000000d767f868,0x00000000d7680000)
  to   space 4096K, 0% used [0x00000000d6e80000,0x00000000d6e80000,0x00000000d7280000)
 ParOldGen       total 68608K, used 6787K [0x0000000080000000, 0x0000000084300000, 0x00000000d5580000)
  object space 68608K, 9% used [0x0000000080000000,0x00000000806a0dc8,0x0000000084300000)
 Metaspace       used 15427K, committed 16064K, reserved 1114112K
  class space    used 1580K, committed 1856K, reserved 1048576K
}
Event: 7.214 GC heap after
{Heap after GC invocations=5 (full 0):
 PSYoungGen      total 29184K, used 4095K [0x00000000d5580000, 0x00000000d7a00000, 0x0000000100000000)
  eden space 25088K, 0% used [0x00000000d5580000,0x00000000d5580000,0x00000000d6e00000)
  from space 4096K, 99% used [0x00000000d6e80000,0x00000000d727fcc8,0x00000000d7280000)
  to   space 6144K, 0% used [0x00000000d7400000,0x00000000d7400000,0x00000000d7a00000)
 ParOldGen       total 68608K, used 8087K [0x0000000080000000, 0x0000000084300000, 0x00000000d5580000)
  object space 68608K, 11% used [0x0000000080000000,0x00000000807e5c70,0x0000000084300000)
 Metaspace       used 15427K, committed 16064K, reserved 1114112K
  class space    used 1580K, committed 1856K, reserved 1048576K
}
Event: 9.474 GC heap before
{Heap before GC invocations=6 (full 0):
 PSYoungGen      total 29184K, used 29183K [0x00000000d5580000, 0x00000000d7a00000, 0x0000000100000000)
  eden space 25088K, 100% used [0x00000000d5580000,0x00000000d6e00000,0x00000000d6e00000)
  from space 4096K, 99% used [0x00000000d6e80000,0x00000000d727fcc8,0x00000000d7280000)
  to   space 6144K, 0% used [0x00000000d7400000,0x00000000d7400000,0x00000000d7a00000)
 ParOldGen       total 68608K, used 8087K [0x0000000080000000, 0x0000000084300000, 0x00000000d5580000)
  object space 68608K, 11% used [0x0000000080000000,0x00000000807e5c70,0x0000000084300000)
 Metaspace       used 17692K, committed 18368K, reserved 1114112K
  class space    used 1825K, committed 2112K, reserved 1048576K
}
Event: 9.485 GC heap after
{Heap after GC invocations=6 (full 0):
 PSYoungGen      total 28672K, used 6129K [0x00000000d5580000, 0x00000000d7e80000, 0x0000000100000000)
  eden space 22528K, 0% used [0x00000000d5580000,0x00000000d5580000,0x00000000d6b80000)
  from space 6144K, 99% used [0x00000000d7400000,0x00000000d79fc400,0x00000000d7a00000)
  to   space 8704K, 0% used [0x00000000d6b80000,0x00000000d6b80000,0x00000000d7400000)
 ParOldGen       total 68608K, used 9751K [0x0000000080000000, 0x0000000084300000, 0x00000000d5580000)
  object space 68608K, 14% used [0x0000000080000000,0x0000000080985c70,0x0000000084300000)
 Metaspace       used 17692K, committed 18368K, reserved 1114112K
  class space    used 1825K, committed 2112K, reserved 1048576K
}
Event: 10.083 GC heap before
{Heap before GC invocations=7 (full 0):
 PSYoungGen      total 28672K, used 28657K [0x00000000d5580000, 0x00000000d7e80000, 0x0000000100000000)
  eden space 22528K, 100% used [0x00000000d5580000,0x00000000d6b80000,0x00000000d6b80000)
  from space 6144K, 99% used [0x00000000d7400000,0x00000000d79fc400,0x00000000d7a00000)
  to   space 8704K, 0% used [0x00000000d6b80000,0x00000000d6b80000,0x00000000d7400000)
 ParOldGen       total 68608K, used 9751K [0x0000000080000000, 0x0000000084300000, 0x00000000d5580000)
  object space 68608K, 14% used [0x0000000080000000,0x0000000080985c70,0x0000000084300000)
 Metaspace       used 19589K, committed 20352K, reserved 1114112K
  class space    used 2032K, committed 2304K, reserved 1048576K
}
Event: 10.096 GC heap after
{Heap after GC invocations=7 (full 0):
 PSYoungGen      total 27136K, used 4668K [0x00000000d5580000, 0x00000000d7700000, 0x0000000100000000)
  eden space 22016K, 0% used [0x00000000d5580000,0x00000000d5580000,0x00000000d6b00000)
  from space 5120K, 91% used [0x00000000d6b80000,0x00000000d700f3d0,0x00000000d7080000)
  to   space 6144K, 0% used [0x00000000d7100000,0x00000000d7100000,0x00000000d7700000)
 ParOldGen       total 68608K, used 11352K [0x0000000080000000, 0x0000000084300000, 0x00000000d5580000)
  object space 68608K, 16% used [0x0000000080000000,0x0000000080b161f0,0x0000000084300000)
 Metaspace       used 19589K, committed 20352K, reserved 1114112K
  class space    used 2032K, committed 2304K, reserved 1048576K
}
Event: 10.381 GC heap before
{Heap before GC invocations=8 (full 0):
 PSYoungGen      total 27136K, used 12770K [0x00000000d5580000, 0x00000000d7700000, 0x0000000100000000)
  eden space 22016K, 36% used [0x00000000d5580000,0x00000000d5d696c0,0x00000000d6b00000)
  from space 5120K, 91% used [0x00000000d6b80000,0x00000000d700f3d0,0x00000000d7080000)
  to   space 6144K, 0% used [0x00000000d7100000,0x00000000d7100000,0x00000000d7700000)
 ParOldGen       total 68608K, used 11352K [0x0000000080000000, 0x0000000084300000, 0x00000000d5580000)
  object space 68608K, 16% used [0x0000000080000000,0x0000000080b161f0,0x0000000084300000)
 Metaspace       used 20730K, committed 21504K, reserved 1114112K
  class space    used 2163K, committed 2496K, reserved 1048576K
}
Event: 10.392 GC heap after
{Heap after GC invocations=8 (full 0):
 PSYoungGen      total 27136K, used 4823K [0x00000000d5580000, 0x00000000d7600000, 0x0000000100000000)
  eden space 22016K, 0% used [0x00000000d5580000,0x00000000d5580000,0x00000000d6b00000)
  from space 5120K, 94% used [0x00000000d7100000,0x00000000d75b5d10,0x00000000d7600000)
  to   space 5120K, 0% used [0x00000000d6b80000,0x00000000d6b80000,0x00000000d7080000)
 ParOldGen       total 68608K, used 11747K [0x0000000080000000, 0x0000000084300000, 0x00000000d5580000)
  object space 68608K, 17% used [0x0000000080000000,0x0000000080b78ea8,0x0000000084300000)
 Metaspace       used 20730K, committed 21504K, reserved 1114112K
  class space    used 2163K, committed 2496K, reserved 1048576K
}
Event: 10.392 GC heap before
{Heap before GC invocations=9 (full 1):
 PSYoungGen      total 27136K, used 4823K [0x00000000d5580000, 0x00000000d7600000, 0x0000000100000000)
  eden space 22016K, 0% used [0x00000000d5580000,0x00000000d5580000,0x00000000d6b00000)
  from space 5120K, 94% used [0x00000000d7100000,0x00000000d75b5d10,0x00000000d7600000)
  to   space 5120K, 0% used [0x00000000d6b80000,0x00000000d6b80000,0x00000000d7080000)
 ParOldGen       total 68608K, used 11747K [0x0000000080000000, 0x0000000084300000, 0x00000000d5580000)
  object space 68608K, 17% used [0x0000000080000000,0x0000000080b78ea8,0x0000000084300000)
 Metaspace       used 20730K, committed 21504K, reserved 1114112K
  class space    used 2163K, committed 2496K, reserved 1048576K
}
Event: 10.480 GC heap after
{Heap after GC invocations=9 (full 1):
 PSYoungGen      total 27136K, used 0K [0x00000000d5580000, 0x00000000d7600000, 0x0000000100000000)
  eden space 22016K, 0% used [0x00000000d5580000,0x00000000d5580000,0x00000000d6b00000)
  from space 5120K, 0% used [0x00000000d7100000,0x00000000d7100000,0x00000000d7600000)
  to   space 5120K, 0% used [0x00000000d6b80000,0x00000000d6b80000,0x00000000d7080000)
 ParOldGen       total 68608K, used 15612K [0x0000000080000000, 0x0000000084300000, 0x00000000d5580000)
  object space 68608K, 22% used [0x0000000080000000,0x0000000080f3f358,0x0000000084300000)
 Metaspace       used 20717K, committed 21504K, reserved 1114112K
  class space    used 2159K, committed 2496K, reserved 1048576K
}
Event: 10.844 GC heap before
{Heap before GC invocations=10 (full 1):
 PSYoungGen      total 27136K, used 21751K [0x00000000d5580000, 0x00000000d7600000, 0x0000000100000000)
  eden space 22016K, 98% used [0x00000000d5580000,0x00000000d6abdc58,0x00000000d6b00000)
  from space 5120K, 0% used [0x00000000d7100000,0x00000000d7100000,0x00000000d7600000)
  to   space 5120K, 0% used [0x00000000d6b80000,0x00000000d6b80000,0x00000000d7080000)
 ParOldGen       total 68608K, used 15612K [0x0000000080000000, 0x0000000084300000, 0x00000000d5580000)
  object space 68608K, 22% used [0x0000000080000000,0x0000000080f3f358,0x0000000084300000)
 Metaspace       used 22546K, committed 23360K, reserved 1114112K
  class space    used 2300K, committed 2688K, reserved 1048576K
}
Event: 10.846 GC heap after
{Heap after GC invocations=10 (full 1):
 PSYoungGen      total 23552K, used 1257K [0x00000000d5580000, 0x00000000d7180000, 0x0000000100000000)
  eden space 22016K, 0% used [0x00000000d5580000,0x00000000d5580000,0x00000000d6b00000)
  from space 1536K, 81% used [0x00000000d6b80000,0x00000000d6cba450,0x00000000d6d00000)
  to   space 3072K, 0% used [0x00000000d6e80000,0x00000000d6e80000,0x00000000d7180000)
 ParOldGen       total 68608K, used 15620K [0x0000000080000000, 0x0000000084300000, 0x00000000d5580000)
  object space 68608K, 22% used [0x0000000080000000,0x0000000080f41358,0x0000000084300000)
 Metaspace       used 22546K, committed 23360K, reserved 1114112K
  class space    used 2300K, committed 2688K, reserved 1048576K
}
Event: 11.290 GC heap before
{Heap before GC invocations=11 (full 1):
 PSYoungGen      total 23552K, used 23273K [0x00000000d5580000, 0x00000000d7180000, 0x0000000100000000)
  eden space 22016K, 100% used [0x00000000d5580000,0x00000000d6b00000,0x00000000d6b00000)
  from space 1536K, 81% used [0x00000000d6b80000,0x00000000d6cba450,0x00000000d6d00000)
  to   space 3072K, 0% used [0x00000000d6e80000,0x00000000d6e80000,0x00000000d7180000)
 ParOldGen       total 68608K, used 15620K [0x0000000080000000, 0x0000000084300000, 0x00000000d5580000)
  object space 68608K, 22% used [0x0000000080000000,0x0000000080f41358,0x0000000084300000)
 Metaspace       used 25963K, committed 26752K, reserved 1114112K
  class space    used 2549K, committed 2880K, reserved 1048576K
}
Event: 11.292 GC heap after
{Heap after GC invocations=11 (full 1):
 PSYoungGen      total 23552K, used 1223K [0x00000000d5580000, 0x00000000d7000000, 0x0000000100000000)
  eden space 22016K, 0% used [0x00000000d5580000,0x00000000d5580000,0x00000000d6b00000)
  from space 1536K, 79% used [0x00000000d6e80000,0x00000000d6fb1d20,0x00000000d7000000)
  to   space 1536K, 0% used [0x00000000d6b80000,0x00000000d6b80000,0x00000000d6d00000)
 ParOldGen       total 68608K, used 15628K [0x0000000080000000, 0x0000000084300000, 0x00000000d5580000)
  object space 68608K, 22% used [0x0000000080000000,0x0000000080f43358,0x0000000084300000)
 Metaspace       used 25963K, committed 26752K, reserved 1114112K
  class space    used 2549K, committed 2880K, reserved 1048576K
}
Event: 11.698 GC heap before
{Heap before GC invocations=12 (full 1):
 PSYoungGen      total 23552K, used 23239K [0x00000000d5580000, 0x00000000d7000000, 0x0000000100000000)
  eden space 22016K, 100% used [0x00000000d5580000,0x00000000d6b00000,0x00000000d6b00000)
  from space 1536K, 79% used [0x00000000d6e80000,0x00000000d6fb1d20,0x00000000d7000000)
  to   space 1536K, 0% used [0x00000000d6b80000,0x00000000d6b80000,0x00000000d6d00000)
 ParOldGen       total 68608K, used 15628K [0x0000000080000000, 0x0000000084300000, 0x00000000d5580000)
  object space 68608K, 22% used [0x0000000080000000,0x0000000080f43358,0x0000000084300000)
 Metaspace       used 27588K, committed 28480K, reserved 1114112K
  class space    used 2705K, committed 3072K, reserved 1048576K
}
Event: 11.704 GC heap after
{Heap after GC invocations=12 (full 1):
 PSYoungGen      total 23552K, used 1531K [0x00000000d5580000, 0x00000000d7300000, 0x0000000100000000)
  eden space 22016K, 0% used [0x00000000d5580000,0x00000000d5580000,0x00000000d6b00000)
  from space 1536K, 99% used [0x00000000d6b80000,0x00000000d6cfeda0,0x00000000d6d00000)
  to   space 4096K, 0% used [0x00000000d6f00000,0x00000000d6f00000,0x00000000d7300000)
 ParOldGen       total 68608K, used 17433K [0x0000000080000000, 0x0000000084300000, 0x00000000d5580000)
  object space 68608K, 25% used [0x0000000080000000,0x0000000081106708,0x0000000084300000)
 Metaspace       used 27588K, committed 28480K, reserved 1114112K
  class space    used 2705K, committed 3072K, reserved 1048576K
}

Dll operation events (10 events):
Event: 0.025 Loaded shared library c:\Users\AJ\.vscode\extensions\redhat.java-1.44.0-win32-x64\jre\21.0.8-win32-x86_64\bin\java.dll
Event: 0.365 Loaded shared library c:\Users\AJ\.vscode\extensions\redhat.java-1.44.0-win32-x64\jre\21.0.8-win32-x86_64\bin\zip.dll
Event: 0.459 Loaded shared library C:\Users\AJ\.vscode\extensions\redhat.java-1.44.0-win32-x64\jre\21.0.8-win32-x86_64\bin\instrument.dll
Event: 0.467 Loaded shared library C:\Users\AJ\.vscode\extensions\redhat.java-1.44.0-win32-x64\jre\21.0.8-win32-x86_64\bin\net.dll
Event: 0.473 Loaded shared library C:\Users\AJ\.vscode\extensions\redhat.java-1.44.0-win32-x64\jre\21.0.8-win32-x86_64\bin\nio.dll
Event: 0.479 Loaded shared library C:\Users\AJ\.vscode\extensions\redhat.java-1.44.0-win32-x64\jre\21.0.8-win32-x86_64\bin\zip.dll
Event: 0.548 Loaded shared library C:\Users\AJ\.vscode\extensions\redhat.java-1.44.0-win32-x64\jre\21.0.8-win32-x86_64\bin\jimage.dll
Event: 0.737 Loaded shared library c:\Users\AJ\.vscode\extensions\redhat.java-1.44.0-win32-x64\jre\21.0.8-win32-x86_64\bin\verify.dll
Event: 4.017 Loaded shared library C:\Users\AJ\AppData\Roaming\Code\User\globalStorage\redhat.java\1.44.0\config_win\org.eclipse.equinox.launcher\org.eclipse.equinox.launcher.win32.win32.x86_64_1.2.1400.v20250730-1736\eclipse_11913.dll
Event: 8.447 Loaded shared library C:\Users\AJ\AppData\Local\Temp\jna-2089\jna11492666678823794671.dll

Deoptimization events (20 events):
Event: 11.507 Thread 0x00000254fdd2bd60 Uncommon trap: trap_request=0xffffff45 fr.pc=0x00000254f0a03864 relative=0x0000000000000564
Event: 11.507 Thread 0x00000254fdd2bd60 Uncommon trap: reason=unstable_if action=reinterpret pc=0x00000254f0a03864 method=org.eclipse.core.runtime.Path.computeSegmentCount(Ljava/lang/String;)I @ 78 c2
Event: 11.507 Thread 0x00000254fdd2bd60 DEOPT PACKING pc=0x00000254f0a03864 sp=0x000000ff34df9c10
Event: 11.507 Thread 0x00000254fdd2bd60 DEOPT UNPACKING pc=0x00000254f0303aa2 sp=0x000000ff34df9ba8 mode 2
Event: 11.508 Thread 0x00000254fdd2bd60 DEOPT PACKING pc=0x00000254e93ddbbe sp=0x000000ff34df9c00
Event: 11.508 Thread 0x00000254fdd2bd60 DEOPT UNPACKING pc=0x00000254f0304242 sp=0x000000ff34df9140 mode 0
Event: 11.550 Thread 0x00000254fe1ace70 Uncommon trap: trap_request=0xffffff45 fr.pc=0x00000254f08b7e2c relative=0x000000000000010c
Event: 11.550 Thread 0x00000254fe1ace70 Uncommon trap: reason=unstable_if action=reinterpret pc=0x00000254f08b7e2c method=jdk.internal.org.objectweb.asm.ByteVector.putShort(I)Ljdk/internal/org/objectweb/asm/ByteVector; @ 13 c2
Event: 11.550 Thread 0x00000254fe1ace70 DEOPT PACKING pc=0x00000254f08b7e2c sp=0x000000ff353fd160
Event: 11.550 Thread 0x00000254fe1ace70 DEOPT UNPACKING pc=0x00000254f0303aa2 sp=0x000000ff353fd0f8 mode 2
Event: 11.562 Thread 0x00000254fdd2bd60 DEOPT PACKING pc=0x00000254e93ddbbe sp=0x000000ff34df9c00
Event: 11.563 Thread 0x00000254fdd2bd60 DEOPT UNPACKING pc=0x00000254f0304242 sp=0x000000ff34df9140 mode 0
Event: 11.563 Thread 0x00000254fdd2bd60 DEOPT PACKING pc=0x00000254e93ddbbe sp=0x000000ff34df9c00
Event: 11.563 Thread 0x00000254fdd2bd60 DEOPT UNPACKING pc=0x00000254f0304242 sp=0x000000ff34df9140 mode 0
Event: 11.564 Thread 0x00000254fdd2bd60 DEOPT PACKING pc=0x00000254e93ddbbe sp=0x000000ff34df9c00
Event: 11.564 Thread 0x00000254fdd2bd60 DEOPT UNPACKING pc=0x00000254f0304242 sp=0x000000ff34df9140 mode 0
Event: 11.565 Thread 0x00000254fdd2bd60 DEOPT PACKING pc=0x00000254e93ddbbe sp=0x000000ff34df9b30
Event: 11.565 Thread 0x00000254fdd2bd60 DEOPT UNPACKING pc=0x00000254f0304242 sp=0x000000ff34df9070 mode 0
Event: 11.565 Thread 0x00000254fdd2bd60 DEOPT PACKING pc=0x00000254e93ddbbe sp=0x000000ff34df9b30
Event: 11.565 Thread 0x00000254fdd2bd60 DEOPT UNPACKING pc=0x00000254f0304242 sp=0x000000ff34df9070 mode 0

Classes loaded (20 events):
Event: 11.381 Loading class java/lang/invoke/MethodHandleImpl$Makers$2
Event: 11.381 Loading class java/lang/invoke/MethodHandleImpl$Makers$2 done
Event: 11.381 Loading class java/lang/invoke/MethodHandleImpl$Makers$3
Event: 11.381 Loading class java/lang/invoke/MethodHandleImpl$Makers$3 done
Event: 11.400 Loading class java/lang/runtime/ObjectMethods$1
Event: 11.400 Loading class java/lang/runtime/ObjectMethods$1 done
Event: 11.431 Loading class java/io/FileReader
Event: 11.432 Loading class java/io/FileReader done
Event: 11.500 Loading class org/w3c/dom/DOMException
Event: 11.500 Loading class org/w3c/dom/DOMException done
Event: 11.548 Loading class java/lang/invoke/MethodHandleImpl$CountingWrapper
Event: 11.548 Loading class java/lang/invoke/MethodHandleImpl$CountingWrapper done
Event: 11.608 Loading class java/util/concurrent/atomic/AtomicReferenceFieldUpdater
Event: 11.609 Loading class java/util/concurrent/atomic/AtomicReferenceFieldUpdater done
Event: 11.609 Loading class java/util/concurrent/atomic/AtomicReferenceFieldUpdater$AtomicReferenceFieldUpdaterImpl
Event: 11.609 Loading class java/util/concurrent/atomic/AtomicReferenceFieldUpdater$AtomicReferenceFieldUpdaterImpl done
Event: 11.609 Loading class java/util/concurrent/atomic/AtomicReferenceFieldUpdater$AtomicReferenceFieldUpdaterImpl$1
Event: 11.609 Loading class java/util/concurrent/atomic/AtomicReferenceFieldUpdater$AtomicReferenceFieldUpdaterImpl$1 done
Event: 11.714 Loading class java/io/FilterReader
Event: 11.715 Loading class java/io/FilterReader done

Classes unloaded (7 events):
Event: 10.411 Thread 0x00000254e5c3e0e0 Unloading class 0x00000254811aa000 'java/lang/invoke/LambdaForm$MH+0x00000254811aa000'
Event: 10.411 Thread 0x00000254e5c3e0e0 Unloading class 0x00000254811a9c00 'java/lang/invoke/LambdaForm$MH+0x00000254811a9c00'
Event: 10.411 Thread 0x00000254e5c3e0e0 Unloading class 0x00000254811a9800 'java/lang/invoke/LambdaForm$MH+0x00000254811a9800'
Event: 10.411 Thread 0x00000254e5c3e0e0 Unloading class 0x00000254811a9400 'java/lang/invoke/LambdaForm$MH+0x00000254811a9400'
Event: 10.411 Thread 0x00000254e5c3e0e0 Unloading class 0x00000254811a9000 'java/lang/invoke/LambdaForm$BMH+0x00000254811a9000'
Event: 10.411 Thread 0x00000254e5c3e0e0 Unloading class 0x00000254811a8c00 'java/lang/invoke/LambdaForm$DMH+0x00000254811a8c00'
Event: 10.411 Thread 0x00000254e5c3e0e0 Unloading class 0x00000254811a3800 'java/lang/invoke/LambdaForm$DMH+0x00000254811a3800'

Classes redefined (0 events):
No events

Internal exceptions (20 events):
Event: 9.966 Thread 0x00000254fdd2bd60 Exception <a 'java/lang/NoSuchMethodError'{0x00000000d67b7188}: 'java.lang.Object java.lang.invoke.DirectMethodHandle$Holder.newInvokeSpecial(java.lang.Object, int, java.lang.Object, java.lang.Object)'> (0x00000000d67b7188) 
thrown [s\src\hotspot\share\interpreter\linkResolver.cpp, line 773]
Event: 10.209 Thread 0x00000254fdd2bd60 Exception <a 'java/lang/NoSuchMethodError'{0x00000000d5a13660}: 'long java.lang.invoke.DirectMethodHandle$Holder.invokeSpecial(java.lang.Object, java.lang.Object)'> (0x00000000d5a13660) 
thrown [s\src\hotspot\share\interpreter\linkResolver.cpp, line 773]
Event: 10.210 Thread 0x00000254fdd2bd60 Exception <a 'java/lang/NoSuchMethodError'{0x00000000d5a17808}: 'long java.lang.invoke.Invokers$Holder.invokeExact_MT(java.lang.Object, java.lang.Object)'> (0x00000000d5a17808) 
thrown [s\src\hotspot\share\interpreter\linkResolver.cpp, line 773]
Event: 10.543 Thread 0x00000254fdd2bd60 Exception <a 'java/lang/NoSuchMethodError'{0x00000000d5837640}: 'double java.lang.invoke.DirectMethodHandle$Holder.invokeStatic(java.lang.Object, java.lang.Object)'> (0x00000000d5837640) 
thrown [s\src\hotspot\share\interpreter\linkResolver.cpp, line 773]
Event: 10.544 Thread 0x00000254fdd2bd60 Exception <a 'java/lang/NoSuchMethodError'{0x00000000d583ad00}: 'double java.lang.invoke.DirectMethodHandle$Holder.invokeStaticInit(java.lang.Object, java.lang.Object)'> (0x00000000d583ad00) 
thrown [s\src\hotspot\share\interpreter\linkResolver.cpp, line 773]
Event: 11.183 Thread 0x00000254fdd2bd60 Implicit null exception at 0x00000254f0a53cf5 to 0x00000254f0a53dd0
Event: 11.379 Thread 0x00000254fe1abac0 Exception <a 'java/lang/NoSuchMethodError'{0x00000000d5ac72c0}: 'java.lang.Object java.lang.invoke.DirectMethodHandle$Holder.invokeStaticInit(java.lang.Object, java.lang.Object, java.lang.Object, java.lang.Object, java.lang.Object, java.lang.Object, java.lang.Object)'> (0x00000000d5ac72c0) 
thrown [s\src\hotspot\share\interpreter\linkResolver.cpp, line 773]
Event: 11.379 Thread 0x00000254fe1abac0 Exception <a 'java/lang/NoSuchMethodError'{0x00000000d5acbe60}: 'java.lang.Object java.lang.invoke.Invokers$Holder.invoke_MT(java.lang.Object, java.lang.Object, java.lang.Object, java.lang.Object, java.lang.Object, java.lang.Object, java.lang.Object, java.lang.Object, java.lang.Object)'> (0x00000000d5acbe60) 
thrown [s\src\hotspot\share\interpreter\linkResolver.cpp, line 773]
Event: 11.401 Thread 0x00000254fe1abac0 Exception <a 'java/lang/NoSuchMethodError'{0x00000000d5b0c690}: 'int java.lang.invoke.DirectMethodHandle$Holder.invokeVirtual(java.lang.Object, java.lang.Object, java.lang.Object)'> (0x00000000d5b0c690) 
thrown [s\src\hotspot\share\interpreter\linkResolver.cpp, line 773]
Event: 11.404 Thread 0x00000254fe1abac0 Exception <a 'java/lang/NoSuchMethodError'{0x00000000d5b10978}: 'int java.lang.invoke.DirectMethodHandle$Holder.invokeStaticInit(java.lang.Object, int, int)'> (0x00000000d5b10978) 
thrown [s\src\hotspot\share\interpreter\linkResolver.cpp, line 773]
Event: 11.405 Thread 0x00000254fe1abac0 Exception <a 'java/lang/NoSuchMethodError'{0x00000000d5b180d0}: 'int java.lang.invoke.DirectMethodHandle$Holder.invokeStaticInit(java.lang.Object, long, long)'> (0x00000000d5b180d0) 
thrown [s\src\hotspot\share\interpreter\linkResolver.cpp, line 773]
Event: 11.405 Thread 0x00000254fe1abac0 Exception <a 'java/lang/NoSuchMethodError'{0x00000000d5b1edd0}: 'int java.lang.invoke.DirectMethodHandle$Holder.invokeStaticInit(java.lang.Object, float, float)'> (0x00000000d5b1edd0) 
thrown [s\src\hotspot\share\interpreter\linkResolver.cpp, line 773]
Event: 11.406 Thread 0x00000254fe1abac0 Exception <a 'java/lang/NoSuchMethodError'{0x00000000d5b25ad8}: 'int java.lang.invoke.DirectMethodHandle$Holder.invokeStaticInit(java.lang.Object, double, double)'> (0x00000000d5b25ad8) 
thrown [s\src\hotspot\share\interpreter\linkResolver.cpp, line 773]
Event: 11.407 Thread 0x00000254fe1abac0 Exception <a 'java/lang/NoSuchMethodError'{0x00000000d5b2a2c8}: 'int java.lang.invoke.DirectMethodHandle$Holder.invokeStatic(java.lang.Object, long)'> (0x00000000d5b2a2c8) 
thrown [s\src\hotspot\share\interpreter\linkResolver.cpp, line 773]
Event: 11.410 Thread 0x00000254fe1abac0 Exception <a 'java/lang/NoSuchMethodError'{0x00000000d5b49388}: 'int java.lang.invoke.Invokers$Holder.linkToTargetMethod(java.lang.Object, java.lang.Object)'> (0x00000000d5b49388) 
thrown [s\src\hotspot\share\interpreter\linkResolver.cpp, line 773]
Event: 11.522 Thread 0x00000254fe1abac0 Exception <a 'java/lang/NoSuchMethodError'{0x00000000d670cb20}: 'java.lang.Object java.lang.invoke.DirectMethodHandle$Holder.invokeSpecialIFC(java.lang.Object, java.lang.Object, java.lang.Object, java.lang.Object)'> (0x00000000d670cb20) 
thrown [s\src\hotspot\share\interpreter\linkResolver.cpp, line 773]
Event: 11.540 Thread 0x00000254fe1ace70 Exception <a 'java/lang/NoSuchMethodError'{0x00000000d5a60648}: 'int java.lang.invoke.DirectMethodHandle$Holder.invokeSpecial(java.lang.Object, java.lang.Object, java.lang.Object, java.lang.Object)'> (0x00000000d5a60648) 
thrown [s\src\hotspot\share\interpreter\linkResolver.cpp, line 773]
Event: 11.546 Thread 0x00000254fe1ace70 Exception <a 'java/lang/NoSuchMethodError'{0x00000000d67a3a18}: 'java.lang.Object java.lang.invoke.DirectMethodHandle$Holder.invokeStatic(java.lang.Object, int, java.lang.Object, java.lang.Object)'> (0x00000000d67a3a18) 
thrown [s\src\hotspot\share\interpreter\linkResolver.cpp, line 773]
Event: 11.547 Thread 0x00000254fe1ace70 Exception <a 'java/lang/NoSuchMethodError'{0x00000000d67a7480}: 'java.lang.Object java.lang.invoke.DelegatingMethodHandle$Holder.delegate(java.lang.Object, int, java.lang.Object, java.lang.Object)'> (0x00000000d67a7480) 
thrown [s\src\hotspot\share\interpreter\linkResolver.cpp, line 773]
Event: 11.551 Thread 0x00000254fe1ace70 Exception <a 'java/lang/NoSuchMethodError'{0x00000000d67bb078}: 'int java.lang.invoke.Invokers$Holder.linkToTargetMethod(java.lang.Object, java.lang.Object, java.lang.Object)'> (0x00000000d67bb078) 
thrown [s\src\hotspot\share\interpreter\linkResolver.cpp, line 773]

ZGC Phase Switch (0 events):
No events

VM Operations (20 events):
Event: 9.624 Executing VM operation: HandshakeAllThreads (Deoptimize)
Event: 9.624 Executing VM operation: HandshakeAllThreads (Deoptimize) done
Event: 9.641 Executing VM operation: HandshakeAllThreads (Deoptimize)
Event: 9.641 Executing VM operation: HandshakeAllThreads (Deoptimize) done
Event: 9.951 Executing VM operation: ICBufferFull
Event: 9.951 Executing VM operation: ICBufferFull done
Event: 9.951 Executing VM operation: ICBufferFull
Event: 9.951 Executing VM operation: ICBufferFull done
Event: 10.083 Executing VM operation: ParallelGCFailedAllocation (Allocation Failure)
Event: 10.097 Executing VM operation: ParallelGCFailedAllocation (Allocation Failure) done
Event: 10.380 Executing VM operation: CollectForMetadataAllocation (Metadata GC Threshold)
Event: 10.480 Executing VM operation: CollectForMetadataAllocation (Metadata GC Threshold) done
Event: 10.843 Executing VM operation: ParallelGCFailedAllocation (Allocation Failure)
Event: 10.846 Executing VM operation: ParallelGCFailedAllocation (Allocation Failure) done
Event: 11.290 Executing VM operation: ParallelGCFailedAllocation (Allocation Failure)
Event: 11.293 Executing VM operation: ParallelGCFailedAllocation (Allocation Failure) done
Event: 11.415 Executing VM operation: HandshakeAllThreads (Deoptimize)
Event: 11.422 Executing VM operation: HandshakeAllThreads (Deoptimize) done
Event: 11.697 Executing VM operation: ParallelGCFailedAllocation (Allocation Failure)
Event: 11.704 Executing VM operation: ParallelGCFailedAllocation (Allocation Failure) done

Memory protections (0 events):
No events

Nmethod flushes (0 events):
No events

Events (20 events):
Event: 4.547 Thread 0x00000254fc5d8e50 Thread added: 0x00000254fdc9d200
Event: 5.223 Thread 0x00000254fdd2bd60 Thread added: 0x00000254fe01cc30
Event: 5.590 Thread 0x00000254fdc9d200 Thread exited: 0x00000254fdc9d200
Event: 5.662 Thread 0x00000254fdd2bd60 Thread added: 0x00000254fdc9d610
Event: 5.859 Thread 0x00000254fdd2bd60 Thread added: 0x00000254fe0cde40
Event: 6.655 Thread 0x00000254fc5d8e50 Thread added: 0x00000254fd767b10
Event: 6.824 Thread 0x00000254fdd2bd60 Thread added: 0x00000254fe1adb90
Event: 7.091 Thread 0x00000254fd767b10 Thread exited: 0x00000254fd767b10
Event: 7.345 Thread 0x00000254fc5d8e50 Thread added: 0x00000254fe1b4dd0
Event: 8.450 Thread 0x00000254fe1b4dd0 Thread exited: 0x00000254fe1b4dd0
Event: 8.494 Thread 0x00000254fdd2bd60 Thread added: 0x00000254fe1ac7e0
Event: 8.580 Thread 0x00000254fc5d8e50 Thread added: 0x00000254fd264f80
Event: 8.855 Thread 0x00000254fdd2bd60 Thread added: 0x00000254fe1ace70
Event: 8.933 Thread 0x00000254fd264f80 Thread exited: 0x00000254fd264f80
Event: 9.379 Thread 0x00000254fdd2bd60 Thread added: 0x00000254fe1abac0
Event: 9.961 Thread 0x00000254fc5d8e50 Thread added: 0x00000254fdaaed50
Event: 11.116 Thread 0x00000254fdaaed50 Thread exited: 0x00000254fdaaed50
Event: 11.431 Thread 0x00000254fc5d8e50 Thread added: 0x00000254fe635c40
Event: 11.534 Thread 0x00000254fe1ace70 Thread added: 0x00000254fe1ad500
Event: 11.678 Thread 0x00000254fe1ad500 Thread added: 0x00000254fe1ae8b0


Dynamic libraries:
0x00007ff7ce110000 - 0x00007ff7ce11e000 	c:\Users\AJ\.vscode\extensions\redhat.java-1.44.0-win32-x64\jre\21.0.8-win32-x86_64\bin\java.exe
0x00007ffc99050000 - 0x00007ffc99248000 	C:\WINDOWS\SYSTEM32\ntdll.dll
0x00007ffc989e0000 - 0x00007ffc98aa2000 	C:\WINDOWS\System32\KERNEL32.DLL
0x00007ffc96a60000 - 0x00007ffc96d56000 	C:\WINDOWS\System32\KERNELBASE.dll
0x00007ffc96f40000 - 0x00007ffc97040000 	C:\WINDOWS\System32\ucrtbase.dll
0x00007ffc94e50000 - 0x00007ffc94e68000 	c:\Users\AJ\.vscode\extensions\redhat.java-1.44.0-win32-x64\jre\21.0.8-win32-x86_64\bin\jli.dll
0x00007ffc97f80000 - 0x00007ffc9811d000 	C:\WINDOWS\System32\USER32.dll
0x00007ffc969e0000 - 0x00007ffc96a02000 	C:\WINDOWS\System32\win32u.dll
0x00007ffc98950000 - 0x00007ffc9897b000 	C:\WINDOWS\System32\GDI32.dll
0x00007ffc96790000 - 0x00007ffc968a9000 	C:\WINDOWS\System32\gdi32full.dll
0x00007ffc968b0000 - 0x00007ffc9694d000 	C:\WINDOWS\System32\msvcp_win.dll
0x00007ffc91bc0000 - 0x00007ffc91bde000 	c:\Users\AJ\.vscode\extensions\redhat.java-1.44.0-win32-x64\jre\21.0.8-win32-x86_64\bin\VCRUNTIME140.dll
0x00007ffc85950000 - 0x00007ffc85bea000 	C:\WINDOWS\WinSxS\amd64_microsoft.windows.common-controls_6595b64144ccf1df_6.0.19041.5915_none_60b4b9d171f9c7c7\COMCTL32.dll
0x00007ffc97540000 - 0x00007ffc975de000 	C:\WINDOWS\System32\msvcrt.dll
0x00007ffc98640000 - 0x00007ffc9866f000 	C:\WINDOWS\System32\IMM32.DLL
0x00007ffc94ea0000 - 0x00007ffc94eac000 	c:\Users\AJ\.vscode\extensions\redhat.java-1.44.0-win32-x64\jre\21.0.8-win32-x86_64\bin\vcruntime140_1.dll
0x00007ffc8ed10000 - 0x00007ffc8ed9d000 	c:\Users\AJ\.vscode\extensions\redhat.java-1.44.0-win32-x64\jre\21.0.8-win32-x86_64\bin\msvcp140.dll
0x00007ffbf8830000 - 0x00007ffbf95c7000 	c:\Users\AJ\.vscode\extensions\redhat.java-1.44.0-win32-x64\jre\21.0.8-win32-x86_64\bin\server\jvm.dll
0x00007ffc98760000 - 0x00007ffc98811000 	C:\WINDOWS\System32\ADVAPI32.dll
0x00007ffc98530000 - 0x00007ffc985cf000 	C:\WINDOWS\System32\sechost.dll
0x00007ffc98820000 - 0x00007ffc98943000 	C:\WINDOWS\System32\RPCRT4.dll
0x00007ffc97040000 - 0x00007ffc97067000 	C:\WINDOWS\System32\bcrypt.dll
0x00007ffc985d0000 - 0x00007ffc9863b000 	C:\WINDOWS\System32\WS2_32.dll
0x00007ffc95c20000 - 0x00007ffc95c6b000 	C:\WINDOWS\SYSTEM32\POWRPROF.dll
0x00007ffc86470000 - 0x00007ffc86497000 	C:\WINDOWS\SYSTEM32\WINMM.dll
0x00007ffc94e00000 - 0x00007ffc94e0a000 	C:\WINDOWS\SYSTEM32\VERSION.dll
0x00007ffc95ae0000 - 0x00007ffc95af2000 	C:\WINDOWS\SYSTEM32\UMPDC.dll
0x00007ffc94f50000 - 0x00007ffc94f62000 	C:\WINDOWS\SYSTEM32\kernel.appcore.dll
0x00007ffc94ed0000 - 0x00007ffc94eda000 	c:\Users\AJ\.vscode\extensions\redhat.java-1.44.0-win32-x64\jre\21.0.8-win32-x86_64\bin\jimage.dll
0x00007ffc864c0000 - 0x00007ffc866c1000 	C:\WINDOWS\SYSTEM32\DBGHELP.DLL
0x00007ffc809a0000 - 0x00007ffc809d4000 	C:\WINDOWS\SYSTEM32\dbgcore.DLL
0x00007ffc96950000 - 0x00007ffc969d2000 	C:\WINDOWS\System32\bcryptPrimitives.dll
0x00007ffc94ef0000 - 0x00007ffc94eff000 	c:\Users\AJ\.vscode\extensions\redhat.java-1.44.0-win32-x64\jre\21.0.8-win32-x86_64\bin\instrument.dll
0x00007ffc8ecb0000 - 0x00007ffc8eccf000 	c:\Users\AJ\.vscode\extensions\redhat.java-1.44.0-win32-x64\jre\21.0.8-win32-x86_64\bin\java.dll
0x00007ffc977e0000 - 0x00007ffc97f4e000 	C:\WINDOWS\System32\SHELL32.dll
0x00007ffc94530000 - 0x00007ffc94cd4000 	C:\WINDOWS\SYSTEM32\windows.storage.dll
0x00007ffc981d0000 - 0x00007ffc98523000 	C:\WINDOWS\System32\combase.dll
0x00007ffc96110000 - 0x00007ffc9613b000 	C:\WINDOWS\SYSTEM32\Wldp.dll
0x00007ffc975e0000 - 0x00007ffc976ad000 	C:\WINDOWS\System32\OLEAUT32.dll
0x00007ffc98120000 - 0x00007ffc981cd000 	C:\WINDOWS\System32\SHCORE.dll
0x00007ffc98980000 - 0x00007ffc989db000 	C:\WINDOWS\System32\shlwapi.dll
0x00007ffc96610000 - 0x00007ffc96634000 	C:\WINDOWS\SYSTEM32\profapi.dll
0x00007ffc8e510000 - 0x00007ffc8e528000 	c:\Users\AJ\.vscode\extensions\redhat.java-1.44.0-win32-x64\jre\21.0.8-win32-x86_64\bin\zip.dll
0x00007ffc94e20000 - 0x00007ffc94e30000 	C:\Users\AJ\.vscode\extensions\redhat.java-1.44.0-win32-x64\jre\21.0.8-win32-x86_64\bin\net.dll
0x00007ffc8fda0000 - 0x00007ffc8feaa000 	C:\WINDOWS\SYSTEM32\WINHTTP.dll
0x00007ffc95e70000 - 0x00007ffc95eda000 	C:\WINDOWS\system32\mswsock.dll
0x00007ffc8e450000 - 0x00007ffc8e466000 	C:\Users\AJ\.vscode\extensions\redhat.java-1.44.0-win32-x64\jre\21.0.8-win32-x86_64\bin\nio.dll
0x00007ffc943f0000 - 0x00007ffc94400000 	c:\Users\AJ\.vscode\extensions\redhat.java-1.44.0-win32-x64\jre\21.0.8-win32-x86_64\bin\verify.dll
0x00007ffc818a0000 - 0x00007ffc818e5000 	C:\Users\AJ\AppData\Roaming\Code\User\globalStorage\redhat.java\1.44.0\config_win\org.eclipse.equinox.launcher\org.eclipse.equinox.launcher.win32.win32.x86_64_1.2.1400.v20250730-1736\eclipse_11913.dll
0x00007ffc976b0000 - 0x00007ffc977db000 	C:\WINDOWS\System32\ole32.dll
0x00007ffc96060000 - 0x00007ffc96078000 	C:\WINDOWS\SYSTEM32\CRYPTSP.dll
0x00007ffc95720000 - 0x00007ffc95758000 	C:\WINDOWS\system32\rsaenh.dll
0x00007ffc965d0000 - 0x00007ffc965fe000 	C:\WINDOWS\SYSTEM32\USERENV.dll
0x00007ffc96080000 - 0x00007ffc9608c000 	C:\WINDOWS\SYSTEM32\CRYPTBASE.dll
0x00007ffc95b00000 - 0x00007ffc95b3b000 	C:\WINDOWS\SYSTEM32\IPHLPAPI.DLL
0x00007ffc98750000 - 0x00007ffc98758000 	C:\WINDOWS\System32\NSI.dll
0x00007ffc80720000 - 0x00007ffc80769000 	C:\Users\AJ\AppData\Local\Temp\jna-2089\jna11492666678823794671.dll
0x00007ffc98ab0000 - 0x00007ffc98ab8000 	C:\WINDOWS\System32\PSAPI.DLL

JVMTI agents:
c:\Users\AJ\.vscode\extensions\redhat.java-1.44.0-win32-x64\lombok\lombok-1.18.39-4050.jar path:c:\Users\AJ\.vscode\extensions\redhat.java-1.44.0-win32-x64\jre\21.0.8-win32-x86_64\bin\instrument.dll, loaded, initialized, instrumentlib options:none

dbghelp: loaded successfully - version: 4.0.5 - missing functions: none
symbol engine: initialized successfully - sym options: 0x614 - pdb path: .;c:\Users\AJ\.vscode\extensions\redhat.java-1.44.0-win32-x64\jre\21.0.8-win32-x86_64\bin;C:\WINDOWS\SYSTEM32;C:\WINDOWS\WinSxS\amd64_microsoft.windows.common-controls_6595b64144ccf1df_6.0.19041.5915_none_60b4b9d171f9c7c7;c:\Users\AJ\.vscode\extensions\redhat.java-1.44.0-win32-x64\jre\21.0.8-win32-x86_64\bin\server;C:\Users\AJ\AppData\Roaming\Code\User\globalStorage\redhat.java\1.44.0\config_win\org.eclipse.equinox.launcher\org.eclipse.equinox.launcher.win32.win32.x86_64_1.2.1400.v20250730-1736;C:\Users\AJ\AppData\Local\Temp\jna-2089

VM Arguments:
jvm_args: --add-modules=ALL-SYSTEM --add-opens=java.base/java.util=ALL-UNNAMED --add-opens=java.base/java.lang=ALL-UNNAMED --add-opens=java.base/sun.nio.fs=ALL-UNNAMED -Declipse.application=org.eclipse.jdt.ls.core.id1 -Dosgi.bundles.defaultStartLevel=4 -Declipse.product=org.eclipse.jdt.ls.core.product -Djava.import.generatesMetadataFilesAtProjectRoot=false -DDetectVMInstallationsJob.disabled=true -Dfile.encoding=utf8 -XX:+UseParallelGC -XX:GCTimeRatio=4 -XX:AdaptiveSizePolicyWeight=90 -Dsun.zip.disableMemoryMapping=true -Xmx2G -Xms100m -Xlog:disable -javaagent:c:\Users\AJ\.vscode\extensions\redhat.java-1.44.0-win32-x64\lombok\lombok-1.18.39-4050.jar -XX:+HeapDumpOnOutOfMemoryError -XX:HeapDumpPath=c:\Users\AJ\AppData\Roaming\Code\User\workspaceStorage\42d3df7c00ac9b0f7d13d418ec405ff2\redhat.java -Daether.dependencyCollector.impl=bf 
java_command: c:\Users\AJ\.vscode\extensions\redhat.java-1.44.0-win32-x64\server\plugins\org.eclipse.equinox.launcher_1.7.0.v20250519-0528.jar -configuration c:\Users\AJ\AppData\Roaming\Code\User\globalStorage\redhat.java\1.44.0\config_win -data c:\Users\AJ\AppData\Roaming\Code\User\workspaceStorage\42d3df7c00ac9b0f7d13d418ec405ff2\redhat.java\jdt_ws --pipe=\\.\pipe\lsp-bb42694489838bdb8c9797bf3129e505-sock
java_class_path (initial): c:\Users\AJ\.vscode\extensions\redhat.java-1.44.0-win32-x64\server\plugins\org.eclipse.equinox.launcher_1.7.0.v20250519-0528.jar
Launcher Type: SUN_STANDARD

[Global flags]
    uintx AdaptiveSizePolicyWeight                 = 90                                        {product} {command line}
     intx CICompilerCount                          = 3                                         {product} {ergonomic}
    uintx GCTimeRatio                              = 4                                         {product} {command line}
     bool HeapDumpOnOutOfMemoryError               = true                                   {manageable} {command line}
    ccstr HeapDumpPath                             = c:\Users\AJ\AppData\Roaming\Code\User\workspaceStorage\42d3df7c00ac9b0f7d13d418ec405ff2\redhat.java         {manageable} {command line}
   size_t InitialHeapSize                          = 104857600                                 {product} {command line}
   size_t MaxHeapSize                              = 2147483648                                {product} {command line}
   size_t MaxNewSize                               = 715653120                                 {product} {ergonomic}
   size_t MinHeapDeltaBytes                        = 524288                                    {product} {ergonomic}
   size_t MinHeapSize                              = 104857600                                 {product} {command line}
   size_t NewSize                                  = 34603008                                  {product} {ergonomic}
    uintx NonNMethodCodeHeapSize                   = 5832780                                {pd product} {ergonomic}
    uintx NonProfiledCodeHeapSize                  = 122912730                              {pd product} {ergonomic}
   size_t OldSize                                  = 70254592                                  {product} {ergonomic}
    uintx ProfiledCodeHeapSize                     = 122912730                              {pd product} {ergonomic}
    uintx ReservedCodeCacheSize                    = 251658240                              {pd product} {ergonomic}
     bool SegmentedCodeCache                       = true                                      {product} {ergonomic}
   size_t SoftMaxHeapSize                          = 2147483648                             {manageable} {ergonomic}
     bool UseCompressedOops                        = true                           {product lp64_product} {ergonomic}
     bool UseLargePagesIndividualAllocation        = false                                  {pd product} {ergonomic}
     bool UseParallelGC                            = true                                      {product} {command line}

Logging:
Log output configuration:
 #0: stdout all=off uptime,level,tags foldmultilines=false
 #1: stderr all=off uptime,level,tags foldmultilines=false

Environment Variables:
JAVA_HOME=C:\Program Files\OpenJDK\jdk-22.0.2
PATH=C:\Program Files\Common Files\Oracle\Java\javapath;C:\Program Files (x86)\OpenLogic\jre-8.0.382.05-hotspot\bin;C:\Program Files\Microsoft\jdk-11.0.18.10-hotspot\bin;C:\ProgramData\chocolatey\bin;C:\Users\AJ\AppData\Local\Android\Sdk\platform-tools;C:\WINDOWS\system32;C:\WINDOWS;C:\WINDOWS\System32\Wbem;C:\WINDOWS\System32\WindowsPowerShell\v1.0\;C:\WINDOWS\System32\OpenSSH\;C:\Users\AJ\AppData\Local\Programs\Python\Python312\;C:\Users\AJ\AppData\Local\Programs\Python\Python312\Scripts\;C:\Program Files\Git\cmd;C:\Program Files\Git\bin;C:\Program Files (x86)\Microsoft SQL Server\160\Tools\Binn\;C:\Program Files\Microsoft SQL Server\160\Tools\Binn\;C:\Program Files\Microsoft SQL Server\Client SDK\ODBC\170\Tools\Binn\;C:\Program Files\Microsoft SQL Server\160\DTS\Binn\;C:\Program Files\nodejs\;C:\Program Files (x86)\Microsoft SQL Server\160\DTS\Binn\;C:\Program Files\OpenJDK\jdk-22.0.2\bin;C:\Program Files (x86)\dotnet\;C:\Users\AJ\AppData\Local\Programs\Python\Python313\Scripts\;C:\Users\AJ\AppData\Local\Programs\Python\Python313\;C:\Users\AJ\AppData\Local\Programs\Python\Launcher\;C:\Users\AJ\AppData\Local\Microsoft\WindowsApps;C:\Users\AJ\AppData\Local\Programs\Microsoft VS Code\bin;C:\Users\AJ\AppData\Local\JetBrains\IntelliJ IDEA 2024.1.3\bin;C:\Users\AJ\AppData\Roaming\npm;C:\Users\AJ\AppData\Local\Programs\cursor\resources\app\bin
USERNAME=AJ
OS=Windows_NT
PROCESSOR_IDENTIFIER=Intel64 Family 6 Model 69 Stepping 1, GenuineIntel
TMP=C:\Users\AJ\AppData\Local\Temp
TEMP=C:\Users\AJ\AppData\Local\Temp




Periodic native trim disabled

---------------  S Y S T E M  ---------------

OS:
 Windows 10 , 64 bit Build 19041 (10.0.19041.5915)
OS uptime: 0 days 1:27 hours

CPU: total 4 (initial active 4) (2 cores per cpu, 2 threads per core) family 6 model 69 stepping 1 microcode 0x25, cx8, cmov, fxsr, ht, mmx, sse, sse2, sse3, ssse3, sse4.1, sse4.2, popcnt, lzcnt, tsc, tscinvbit, avx, avx2, aes, erms, clmul, bmi1, bmi2, fma, vzeroupper, clflush, rdtscp, f16c
Processor Information for the first 4 processors :
  Max Mhz: 2494, Current Mhz: 1895, Mhz Limit: 1895

Memory: 4k page, system-wide physical 7878M (486M free)
TotalPageFile size 10851M (AvailPageFile size 3M)
current process WorkingSet (physical memory assigned to process): 171M, peak: 171M
current process commit charge ("private bytes"): 290M, peak: 291M

vm_info: OpenJDK 64-Bit Server VM (21.0.8+9-LTS) for windows-amd64 JRE (21.0.8+9-LTS), built on 2025-07-15T00:00:00Z by "admin" with MS VC++ 17.7 (VS2022)

END.
