#
# There is insufficient memory for the Java Runtime Environment to continue.
# Native memory allocation (malloc) failed to allocate 32744 bytes. Error detail: Chunk::new
# Possible reasons:
#   The system is out of physical RAM or swap space
#   This process is running with CompressedOops enabled, and the Java Heap may be blocking the growth of the native heap
# Possible solutions:
#   Reduce memory load on the system
#   Increase physical memory or swap space
#   Check if swap backing store is full
#   Decrease Java heap size (-Xmx/-Xms)
#   Decrease number of Java threads
#   Decrease Java thread stack sizes (-Xss)
#   Set larger code cache with -XX:ReservedCodeCacheSize=
#   JVM is running with Unscaled Compressed Oops mode in which the Java heap is
#     placed in the first 4GB address space. The Java Heap base address is the
#     maximum limit for the native heap growth. Please use -XX:HeapBaseMinAddress
#     to set the Java Heap base and to place the Java Heap above 4GB virtual address.
# This output file may be truncated or incomplete.
#
#  Out of Memory Error (arena.cpp:150), pid=18984, tid=18188
#
# JRE version: OpenJDK Runtime Environment (22.0.2+9) (build 22.0.2+9-70)
# Java VM: OpenJDK 64-Bit Server VM (22.0.2+9-70, mixed mode, sharing, tiered, compressed oops, compressed class ptrs, g1 gc, windows-amd64)
# No core dump will be written. Minidumps are not enabled by default on client versions of Windows
#

---------------  S U M M A R Y ------------

Command Line: -DkotlinLanguageServer.version=1.3.13 org.javacs.kt.MainKt

Host: Intel(R) Core(TM) i5-4300U CPU @ 1.90GHz, 4 cores, 7G,  Windows 10 , 64 bit Build 19041 (10.0.19041.5915)
Time: Tue Jul 29 11:24:03 2025 Pakistan Standard Time elapsed time: 533.889194 seconds (0d 0h 8m 53s)

---------------  T H R E A D  ---------------

Current thread (0x000001f35bcb0eb0):  JavaThread "C2 CompilerThread0" daemon [_thread_in_native, id=18188, stack(0x0000002d5e800000,0x0000002d5e900000) (1024K)]


Current CompileTask:
C2:533889 3679       4       java.io.Reader::read (9 bytes)

Stack: [0x0000002d5e800000,0x0000002d5e900000]
Native frames: (J=compiled Java code, j=interpreted, Vv=VM code, C=native code)
V  [jvm.dll+0x6e26e9]  (no source info available)
V  [jvm.dll+0x875753]  (no source info available)
V  [jvm.dll+0x877b7e]  (no source info available)
V  [jvm.dll+0x878253]  (no source info available)
V  [jvm.dll+0x27fc86]  (no source info available)
V  [jvm.dll+0xc3d0f]  (no source info available)
V  [jvm.dll+0xc40fb]  (no source info available)
V  [jvm.dll+0xc3bbb]  (no source info available)
V  [jvm.dll+0x6bf18c]  (no source info available)
V  [jvm.dll+0x60d0eb]  (no source info available)
V  [jvm.dll+0x60c3d8]  (no source info available)
V  [jvm.dll+0x250c92]  (no source info available)
V  [jvm.dll+0x248d0e]  (no source info available)
V  [jvm.dll+0x246da6]  (no source info available)
V  [jvm.dll+0x1c4e80]  (no source info available)
V  [jvm.dll+0x2568f3]  (no source info available)
V  [jvm.dll+0x254baa]  (no source info available)
V  [jvm.dll+0x3f57a6]  (no source info available)
V  [jvm.dll+0x81dc0b]  (no source info available)
V  [jvm.dll+0x6e0d85]  (no source info available)
C  [ucrtbase.dll+0x21bb2]  (no source info available)
C  [KERNEL32.DLL+0x17374]  (no source info available)
C  [ntdll.dll+0x4cc91]  (no source info available)


---------------  P R O C E S S  ---------------

Threads class SMR info:
_java_thread_list=0x000001f3ab924aa0, length=18, elements={
0x000001f35bca3370, 0x000001f35bca4240, 0x000001f35bcaab90, 0x000001f35bcac3a0,
0x000001f35bcad160, 0x000001f35bcaed80, 0x000001f35bcb0eb0, 0x000001f35bcc25b0,
0x000001f3a10ef5b0, 0x000001f3a10f8460, 0x000001f3a268d220, 0x000001f33dea5810,
0x000001f3abb5f8d0, 0x000001f3ab73b670, 0x000001f3ab73c390, 0x000001f3ab73ca20,
0x000001f3ab73a950, 0x000001f3ab7395a0
}

Java Threads: ( => current thread )
  0x000001f35bca3370 JavaThread "Reference Handler"          daemon [_thread_blocked, id=16648, stack(0x0000002d5e200000,0x0000002d5e300000) (1024K)]
  0x000001f35bca4240 JavaThread "Finalizer"                  daemon [_thread_blocked, id=10288, stack(0x0000002d5e300000,0x0000002d5e400000) (1024K)]
  0x000001f35bcaab90 JavaThread "Signal Dispatcher"          daemon [_thread_blocked, id=13084, stack(0x0000002d5e400000,0x0000002d5e500000) (1024K)]
  0x000001f35bcac3a0 JavaThread "Attach Listener"            daemon [_thread_blocked, id=15736, stack(0x0000002d5e500000,0x0000002d5e600000) (1024K)]
  0x000001f35bcad160 JavaThread "Service Thread"             daemon [_thread_blocked, id=6244, stack(0x0000002d5e600000,0x0000002d5e700000) (1024K)]
  0x000001f35bcaed80 JavaThread "Monitor Deflation Thread"   daemon [_thread_blocked, id=14828, stack(0x0000002d5e700000,0x0000002d5e800000) (1024K)]
=>0x000001f35bcb0eb0 JavaThread "C2 CompilerThread0"         daemon [_thread_in_native, id=18188, stack(0x0000002d5e800000,0x0000002d5e900000) (1024K)]
  0x000001f35bcc25b0 JavaThread "C1 CompilerThread0"         daemon [_thread_blocked, id=17616, stack(0x0000002d5e900000,0x0000002d5ea00000) (1024K)]
  0x000001f3a10ef5b0 JavaThread "Notification Thread"        daemon [_thread_blocked, id=11348, stack(0x0000002d5ea00000,0x0000002d5eb00000) (1024K)]
  0x000001f3a10f8460 JavaThread "Common-Cleaner"             daemon [_thread_blocked, id=9076, stack(0x0000002d5eb00000,0x0000002d5ec00000) (1024K)]
  0x000001f3a268d220 JavaThread "client"                            [_thread_in_native, id=12200, stack(0x0000002d5ef00000,0x0000002d5f000000) (1024K)]
  0x000001f33dea5810 JavaThread "DestroyJavaVM"                     [_thread_blocked, id=10616, stack(0x0000002d5da00000,0x0000002d5db00000) (1024K)]
  0x000001f3abb5f8d0 JavaThread "async0"                            [_thread_blocked, id=19896, stack(0x0000002d5f000000,0x0000002d5f100000) (1024K)]
  0x000001f3ab73b670 JavaThread "async1"                            [_thread_blocked, id=17412, stack(0x0000002d5d700000,0x0000002d5d800000) (1024K)]
  0x000001f3ab73c390 JavaThread "Thread-7"                          [_thread_in_native, id=15580, stack(0x0000002d5f300000,0x0000002d5f400000) (1024K)]
  0x000001f3ab73ca20 JavaThread "Thread-8"                          [_thread_in_native, id=14548, stack(0x0000002d5f400000,0x0000002d5f500000) (1024K)]
  0x000001f3ab73a950 JavaThread "Thread-9"                          [_thread_in_native, id=12836, stack(0x0000002d5d800000,0x0000002d5d900000) (1024K)]
  0x000001f3ab7395a0 JavaThread "Thread-10"                         [_thread_in_native, id=10344, stack(0x0000002d5d900000,0x0000002d5da00000) (1024K)]
Total: 18

Other Threads:
  0x000001f35bc88250 VMThread "VM Thread"                           [id=4212, stack(0x0000002d5e100000,0x0000002d5e200000) (1024K)]
  0x000001f35bc6f780 WatcherThread "VM Periodic Task Thread"        [id=17248, stack(0x0000002d5e000000,0x0000002d5e100000) (1024K)]
  0x000001f33def5ec0 WorkerThread "GC Thread#0"                     [id=13440, stack(0x0000002d5db00000,0x0000002d5dc00000) (1024K)]
  0x000001f3a1862f70 WorkerThread "GC Thread#1"                     [id=14596, stack(0x0000002d5ec00000,0x0000002d5ed00000) (1024K)]
  0x000001f3a18c5b70 WorkerThread "GC Thread#2"                     [id=11388, stack(0x0000002d5ed00000,0x0000002d5ee00000) (1024K)]
  0x000001f3a18c5f20 WorkerThread "GC Thread#3"                     [id=20352, stack(0x0000002d5ee00000,0x0000002d5ef00000) (1024K)]
  0x000001f33df064f0 ConcurrentGCThread "G1 Main Marker"            [id=13244, stack(0x0000002d5dc00000,0x0000002d5dd00000) (1024K)]
  0x000001f33df07000 WorkerThread "G1 Conc#0"                       [id=19248, stack(0x0000002d5dd00000,0x0000002d5de00000) (1024K)]
  0x000001f33df5e320 ConcurrentGCThread "G1 Refine#0"               [id=18796, stack(0x0000002d5de00000,0x0000002d5df00000) (1024K)]
  0x000001f35bb40490 ConcurrentGCThread "G1 Service"                [id=6224, stack(0x0000002d5df00000,0x0000002d5e000000) (1024K)]
Total: 10

Threads with active compile tasks:
C2 CompilerThread0  534060 3679       4       java.io.Reader::read (9 bytes)
Total: 1

VM state: not at safepoint (normal execution)

VM Mutex/Monitor currently owned by a thread: None

Heap address: 0x0000000084e00000, size: 1970 MB, Compressed Oops mode: 32-bit

CDS archive(s) mapped at: [0x000001f35c000000-0x000001f35cc60000-0x000001f35cc60000), size 12976128, SharedBaseAddress: 0x000001f35c000000, ArchiveRelocationMode: 1.
Compressed class space mapped at: 0x000001f35d000000-0x000001f39d000000, reserved size: 1073741824
Narrow klass base: 0x000001f35c000000, Narrow klass shift: 0, Narrow klass range: 0x41000000

GC Precious Log:
 CardTable entry size: 512
 Card Set container configuration: InlinePtr #cards 5 size 8 Array Of Cards #cards 12 size 40 Howl #buckets 4 coarsen threshold 1843 Howl Bitmap #cards 512 size 80 coarsen threshold 460 Card regions per heap region 1 cards per card region 2048
 CPUs: 4 total, 4 available
 Memory: 7878M
 Large Page Support: Disabled
 NUMA Support: Disabled
 Compressed Oops: Enabled (32-bit)
 Heap Region Size: 1M
 Heap Min Capacity: 8M
 Heap Initial Capacity: 124M
 Heap Max Capacity: 1970M
 Pre-touch: Disabled
 Parallel Workers: 4
 Concurrent Workers: 1
 Concurrent Refinement Workers: 4
 Periodic GC: Disabled

Heap:
 garbage-first heap   total reserved 2017280K, committed 45056K, used 23818K [0x0000000084e00000, 0x0000000100000000)
  region size 1024K, 2 young (2048K), 1 survivors (1024K)
 Metaspace       used 33172K, committed 33536K, reserved 1114112K
  class space    used 3770K, committed 3904K, reserved 1048576K

Heap Regions: E=young(eden), S=young(survivor), O=old, HS=humongous(starts), HC=humongous(continues), CS=collection set, F=free, TAMS=top-at-mark-start, PB=parsable bottom
|   0|0x0000000084e00000, 0x0000000084f00000, 0x0000000084f00000|100%|HS|  |TAMS 0x0000000084e00000| PB 0x0000000084e00000| Complete |  0
|   1|0x0000000084f00000, 0x0000000085000000, 0x0000000085000000|100%|HC|  |TAMS 0x0000000084f00000| PB 0x0000000084f00000| Complete |  0
|   2|0x0000000085000000, 0x0000000085100000, 0x0000000085100000|100%|HC|  |TAMS 0x0000000085000000| PB 0x0000000085000000| Complete |  0
|   3|0x0000000085100000, 0x0000000085200000, 0x0000000085200000|100%|HC|  |TAMS 0x0000000085100000| PB 0x0000000085100000| Complete |  0
|   4|0x0000000085200000, 0x0000000085300000, 0x0000000085300000|100%| O|  |TAMS 0x0000000085200000| PB 0x0000000085200000| Untracked |  0
|   5|0x0000000085300000, 0x0000000085400000, 0x0000000085400000|100%| O|  |TAMS 0x0000000085300000| PB 0x0000000085300000| Untracked |  0
|   6|0x0000000085400000, 0x0000000085500000, 0x0000000085500000|100%| O|  |TAMS 0x0000000085400000| PB 0x0000000085400000| Untracked |  0
|   7|0x0000000085500000, 0x0000000085600000, 0x0000000085600000|100%| O|  |TAMS 0x0000000085500000| PB 0x0000000085500000| Untracked |  0
|   8|0x0000000085600000, 0x0000000085700000, 0x0000000085700000|100%| O|  |TAMS 0x0000000085600000| PB 0x0000000085600000| Untracked |  0
|   9|0x0000000085700000, 0x0000000085800000, 0x0000000085800000|100%| O|  |TAMS 0x0000000085700000| PB 0x0000000085700000| Untracked |  0
|  10|0x0000000085800000, 0x0000000085900000, 0x0000000085900000|100%| O|  |TAMS 0x0000000085800000| PB 0x0000000085800000| Untracked |  0
|  11|0x0000000085900000, 0x0000000085a00000, 0x0000000085a00000|100%| O|  |TAMS 0x0000000085900000| PB 0x0000000085900000| Untracked |  0
|  12|0x0000000085a00000, 0x0000000085b00000, 0x0000000085b00000|100%| O|Cm|TAMS 0x0000000085a00000| PB 0x0000000085a00000| Complete |  0
|  13|0x0000000085b00000, 0x0000000085c00000, 0x0000000085c00000|100%| O|  |TAMS 0x0000000085b00000| PB 0x0000000085b00000| Untracked |  0
|  14|0x0000000085c00000, 0x0000000085d00000, 0x0000000085d00000|100%| O|  |TAMS 0x0000000085c00000| PB 0x0000000085c00000| Untracked |  0
|  15|0x0000000085d00000, 0x0000000085e00000, 0x0000000085e00000|100%| O|  |TAMS 0x0000000085d00000| PB 0x0000000085d00000| Untracked |  0
|  16|0x0000000085e00000, 0x0000000085edf208, 0x0000000085f00000| 87%| O|  |TAMS 0x0000000085e00000| PB 0x0000000085e00000| Untracked |  0
|  17|0x0000000085f00000, 0x0000000085f00000, 0x0000000086000000|  0%| F|  |TAMS 0x0000000085f00000| PB 0x0000000085f00000| Untracked |  0
|  18|0x0000000086000000, 0x0000000086100000, 0x0000000086100000|100%| O|  |TAMS 0x0000000086000000| PB 0x0000000086000000| Untracked |  0
|  19|0x0000000086100000, 0x0000000086200000, 0x0000000086200000|100%|HS|  |TAMS 0x0000000086100000| PB 0x0000000086100000| Complete |  0
|  20|0x0000000086200000, 0x0000000086300000, 0x0000000086300000|100%|HC|  |TAMS 0x0000000086200000| PB 0x0000000086200000| Complete |  0
|  21|0x0000000086300000, 0x0000000086400000, 0x0000000086400000|100%|HS|  |TAMS 0x0000000086300000| PB 0x0000000086300000| Complete |  0
|  22|0x0000000086400000, 0x0000000086500000, 0x0000000086500000|100%|HC|  |TAMS 0x0000000086400000| PB 0x0000000086400000| Complete |  0
|  23|0x0000000086500000, 0x0000000086600000, 0x0000000086600000|100%|HC|  |TAMS 0x0000000086500000| PB 0x0000000086500000| Complete |  0
|  24|0x0000000086600000, 0x0000000086600000, 0x0000000086700000|  0%| F|  |TAMS 0x0000000086600000| PB 0x0000000086600000| Untracked |  0
|  25|0x0000000086700000, 0x0000000086700000, 0x0000000086800000|  0%| F|  |TAMS 0x0000000086700000| PB 0x0000000086700000| Untracked |  0
|  26|0x0000000086800000, 0x0000000086800000, 0x0000000086900000|  0%| F|  |TAMS 0x0000000086800000| PB 0x0000000086800000| Untracked |  0
|  27|0x0000000086900000, 0x0000000086900000, 0x0000000086a00000|  0%| F|  |TAMS 0x0000000086900000| PB 0x0000000086900000| Untracked |  0
|  28|0x0000000086a00000, 0x0000000086a00000, 0x0000000086b00000|  0%| F|  |TAMS 0x0000000086a00000| PB 0x0000000086a00000| Untracked |  0
|  29|0x0000000086b00000, 0x0000000086b00000, 0x0000000086c00000|  0%| F|  |TAMS 0x0000000086b00000| PB 0x0000000086b00000| Untracked |  0
|  30|0x0000000086c00000, 0x0000000086c00000, 0x0000000086d00000|  0%| F|  |TAMS 0x0000000086c00000| PB 0x0000000086c00000| Untracked |  0
|  31|0x0000000086d00000, 0x0000000086d00000, 0x0000000086e00000|  0%| F|  |TAMS 0x0000000086d00000| PB 0x0000000086d00000| Untracked |  0
|  32|0x0000000086e00000, 0x0000000086e00000, 0x0000000086f00000|  0%| F|  |TAMS 0x0000000086e00000| PB 0x0000000086e00000| Untracked |  0
|  33|0x0000000086f00000, 0x0000000086f00000, 0x0000000087000000|  0%| F|  |TAMS 0x0000000086f00000| PB 0x0000000086f00000| Untracked |  0
|  34|0x0000000087000000, 0x0000000087000000, 0x0000000087100000|  0%| F|  |TAMS 0x0000000087000000| PB 0x0000000087000000| Untracked |  0
|  35|0x0000000087100000, 0x0000000087100000, 0x0000000087200000|  0%| F|  |TAMS 0x0000000087100000| PB 0x0000000087100000| Untracked |  0
|  36|0x0000000087200000, 0x0000000087200000, 0x0000000087300000|  0%| F|  |TAMS 0x0000000087200000| PB 0x0000000087200000| Untracked |  0
|  37|0x0000000087300000, 0x0000000087300000, 0x0000000087400000|  0%| F|  |TAMS 0x0000000087300000| PB 0x0000000087300000| Untracked |  0
|  38|0x0000000087400000, 0x0000000087400000, 0x0000000087500000|  0%| F|  |TAMS 0x0000000087400000| PB 0x0000000087400000| Untracked |  0
|  79|0x0000000089d00000, 0x0000000089d00000, 0x0000000089e00000|  0%| F|  |TAMS 0x0000000089d00000| PB 0x0000000089d00000| Untracked |  0
|  80|0x0000000089e00000, 0x0000000089e00000, 0x0000000089f00000|  0%| F|  |TAMS 0x0000000089e00000| PB 0x0000000089e00000| Untracked |  0
|  81|0x0000000089f00000, 0x0000000089f63760, 0x000000008a000000| 38%| S|CS|TAMS 0x0000000089f00000| PB 0x0000000089f00000| Complete |  0
|  82|0x000000008a000000, 0x000000008a000000, 0x000000008a100000|  0%| F|  |TAMS 0x000000008a000000| PB 0x000000008a000000| Untracked |  0
| 123|0x000000008c900000, 0x000000008c99bc80, 0x000000008ca00000| 60%| E|  |TAMS 0x000000008c900000| PB 0x000000008c900000| Complete |  0

Card table byte_map: [0x000001f3573c0000,0x000001f3577a0000] _byte_map_base: 0x000001f356f99000

Marking Bits: (CMBitMap*) 0x000001f33def65d0
 Bits: [0x000001f3577a0000, 0x000001f359668000)

Polling page: 0x000001f33dc80000

Metaspace:

Usage:
  Non-class:     28.71 MB used.
      Class:      3.68 MB used.
       Both:     32.40 MB used.

Virtual space:
  Non-class space:       64.00 MB reserved,      28.94 MB ( 45%) committed,  1 nodes.
      Class space:        1.00 GB reserved,       3.81 MB ( <1%) committed,  1 nodes.
             Both:        1.06 GB reserved,      32.75 MB (  3%) committed. 

Chunk freelists:
   Non-Class:  2.81 MB
       Class:  12.13 MB
        Both:  14.94 MB

MaxMetaspaceSize: unlimited
CompressedClassSpaceSize: 1.00 GB
Initial GC threshold: 21.00 MB
Current GC threshold: 54.62 MB
CDS: on
 - commit_granule_bytes: 65536.
 - commit_granule_words: 8192.
 - virtual_space_node_default_size: 8388608.
 - enlarge_chunks_in_place: 1.
 - use_allocation_guard: 0.


Internal statistics:

num_allocs_failed_limit: 3.
num_arena_births: 398.
num_arena_deaths: 0.
num_vsnodes_births: 2.
num_vsnodes_deaths: 0.
num_space_committed: 524.
num_space_uncommitted: 0.
num_chunks_returned_to_freelist: 3.
num_chunks_taken_from_freelist: 1440.
num_chunk_merges: 3.
num_chunk_splits: 1111.
num_chunks_enlarged: 930.
num_inconsistent_stats: 0.

CodeHeap 'non-profiled nmethods': size=120000Kb used=2094Kb max_used=2188Kb free=117905Kb
 bounds [0x000001f34f470000, 0x000001f34f6e0000, 0x000001f3569a0000]
CodeHeap 'profiled nmethods': size=120000Kb used=6652Kb max_used=7294Kb free=113347Kb
 bounds [0x000001f3479a0000, 0x000001f3480c0000, 0x000001f34eed0000]
CodeHeap 'non-nmethods': size=5760Kb used=1616Kb max_used=1652Kb free=4143Kb
 bounds [0x000001f34eed0000, 0x000001f34f140000, 0x000001f34f470000]
 total_blobs=4075 nmethods=3407 adapters=572
 compilation: enabled
              stopped_count=0, restarted_count=0
 full_count=0

Compilation events (20 events):
Event: 469.081 Thread 0x000001f35bcb0eb0 nmethod 3669 0x000001f34f687210 code [0x000001f34f687560, 0x000001f34f688fd8]
Event: 496.028 Thread 0x000001f35bcb0eb0 3670       4       java.nio.CharBuffer::<init> (24 bytes)
Event: 496.035 Thread 0x000001f35bcb0eb0 nmethod 3670 0x000001f34f68a110 code [0x000001f34f68a2c0, 0x000001f34f68a6c8]
Event: 496.040 Thread 0x000001f35bcb0eb0 3671       4       java.nio.HeapCharBuffer::<init> (23 bytes)
Event: 496.046 Thread 0x000001f35bcb0eb0 nmethod 3671 0x000001f34f68a990 code [0x000001f34f68ab20, 0x000001f34f68af20]
Event: 496.046 Thread 0x000001f35bcb0eb0 3672   !   4       java.nio.CharBuffer::wrap (21 bytes)
Event: 496.052 Thread 0x000001f35bcb0eb0 nmethod 3672 0x000001f34f68b210 code [0x000001f34f68b3c0, 0x000001f34f68b6b8]
Event: 496.052 Thread 0x000001f35bcb0eb0 3673       4       java.io.InputStreamReader::read (11 bytes)
Event: 496.135 Thread 0x000001f35bcb0eb0 nmethod 3673 0x000001f34f68b990 code [0x000001f34f68bce0, 0x000001f34f68d310]
Event: 496.135 Thread 0x000001f35bcb0eb0 3674   !   4       sun.nio.cs.StreamDecoder::read (78 bytes)
Event: 496.197 Thread 0x000001f35bcb0eb0 nmethod 3674 0x000001f34f68e690 code [0x000001f34f68e9e0, 0x000001f34f68ffb8]
Event: 514.796 Thread 0x000001f35bcb0eb0 3675       4       java.io.BufferedReader::read1 (171 bytes)
Event: 514.801 Thread 0x000001f35bcb0eb0 nmethod 3675 0x000001f34f691290 code [0x000001f34f691460, 0x000001f34f691798]
Event: 514.867 Thread 0x000001f35bcb0eb0 3676       4       java.io.InputStreamReader::ready (8 bytes)
Event: 514.893 Thread 0x000001f35bcb0eb0 nmethod 3676 0x000001f34f691a10 code [0x000001f34f691ca0, 0x000001f34f692920]
Event: 533.675 Thread 0x000001f35bcb0eb0 3677   !   4       sun.nio.cs.StreamDecoder::ready (59 bytes)
Event: 533.704 Thread 0x000001f35bcb0eb0 nmethod 3677 0x000001f34f4f0a90 code [0x000001f34f4f0d00, 0x000001f34f4f18e0]
Event: 533.816 Thread 0x000001f35bcb0eb0 3678       4       java.lang.AbstractStringBuilder::append (37 bytes)
Event: 533.839 Thread 0x000001f35bcb0eb0 nmethod 3678 0x000001f34f4a5b10 code [0x000001f34f4a5ce0, 0x000001f34f4a62a0]
Event: 533.839 Thread 0x000001f35bcb0eb0 3679       4       java.io.Reader::read (9 bytes)

GC Heap History (20 events):
Event: 70.321 GC heap before
{Heap before GC invocations=41 (full 0):
 garbage-first heap   total reserved 2017280K, committed 45056K, used 39954K [0x0000000084e00000, 0x0000000100000000)
  region size 1024K, 22 young (22528K), 1 survivors (1024K)
 Metaspace       used 32669K, committed 33088K, reserved 1114112K
  class space    used 3723K, committed 3904K, reserved 1048576K
}
Event: 70.322 GC heap after
{Heap after GC invocations=42 (full 0):
 garbage-first heap   total reserved 2017280K, committed 45056K, used 18369K [0x0000000084e00000, 0x0000000100000000)
  region size 1024K, 1 young (1024K), 1 survivors (1024K)
 Metaspace       used 32669K, committed 33088K, reserved 1114112K
  class space    used 3723K, committed 3904K, reserved 1048576K
}
Event: 72.008 GC heap before
{Heap before GC invocations=42 (full 0):
 garbage-first heap   total reserved 2017280K, committed 45056K, used 39873K [0x0000000084e00000, 0x0000000100000000)
  region size 1024K, 22 young (22528K), 1 survivors (1024K)
 Metaspace       used 32669K, committed 33088K, reserved 1114112K
  class space    used 3723K, committed 3904K, reserved 1048576K
}
Event: 72.009 GC heap after
{Heap after GC invocations=43 (full 0):
 garbage-first heap   total reserved 2017280K, committed 45056K, used 18789K [0x0000000084e00000, 0x0000000100000000)
  region size 1024K, 1 young (1024K), 1 survivors (1024K)
 Metaspace       used 32669K, committed 33088K, reserved 1114112K
  class space    used 3723K, committed 3904K, reserved 1048576K
}
Event: 72.813 GC heap before
{Heap before GC invocations=43 (full 0):
 garbage-first heap   total reserved 2017280K, committed 45056K, used 40293K [0x0000000084e00000, 0x0000000100000000)
  region size 1024K, 22 young (22528K), 1 survivors (1024K)
 Metaspace       used 32669K, committed 33088K, reserved 1114112K
  class space    used 3723K, committed 3904K, reserved 1048576K
}
Event: 72.814 GC heap after
{Heap after GC invocations=44 (full 0):
 garbage-first heap   total reserved 2017280K, committed 45056K, used 18433K [0x0000000084e00000, 0x0000000100000000)
  region size 1024K, 1 young (1024K), 1 survivors (1024K)
 Metaspace       used 32669K, committed 33088K, reserved 1114112K
  class space    used 3723K, committed 3904K, reserved 1048576K
}
Event: 73.210 GC heap before
{Heap before GC invocations=44 (full 0):
 garbage-first heap   total reserved 2017280K, committed 45056K, used 39937K [0x0000000084e00000, 0x0000000100000000)
  region size 1024K, 22 young (22528K), 1 survivors (1024K)
 Metaspace       used 32669K, committed 33088K, reserved 1114112K
  class space    used 3723K, committed 3904K, reserved 1048576K
}
Event: 73.210 GC heap after
{Heap after GC invocations=45 (full 0):
 garbage-first heap   total reserved 2017280K, committed 45056K, used 18396K [0x0000000084e00000, 0x0000000100000000)
  region size 1024K, 1 young (1024K), 1 survivors (1024K)
 Metaspace       used 32669K, committed 33088K, reserved 1114112K
  class space    used 3723K, committed 3904K, reserved 1048576K
}
Event: 74.572 GC heap before
{Heap before GC invocations=45 (full 0):
 garbage-first heap   total reserved 2017280K, committed 45056K, used 39900K [0x0000000084e00000, 0x0000000100000000)
  region size 1024K, 22 young (22528K), 1 survivors (1024K)
 Metaspace       used 32669K, committed 33088K, reserved 1114112K
  class space    used 3723K, committed 3904K, reserved 1048576K
}
Event: 74.572 GC heap after
{Heap after GC invocations=46 (full 0):
 garbage-first heap   total reserved 2017280K, committed 45056K, used 18386K [0x0000000084e00000, 0x0000000100000000)
  region size 1024K, 1 young (1024K), 1 survivors (1024K)
 Metaspace       used 32669K, committed 33088K, reserved 1114112K
  class space    used 3723K, committed 3904K, reserved 1048576K
}
Event: 75.398 GC heap before
{Heap before GC invocations=46 (full 0):
 garbage-first heap   total reserved 2017280K, committed 45056K, used 39890K [0x0000000084e00000, 0x0000000100000000)
  region size 1024K, 22 young (22528K), 1 survivors (1024K)
 Metaspace       used 32669K, committed 33088K, reserved 1114112K
  class space    used 3723K, committed 3904K, reserved 1048576K
}
Event: 75.399 GC heap after
{Heap after GC invocations=47 (full 0):
 garbage-first heap   total reserved 2017280K, committed 45056K, used 18357K [0x0000000084e00000, 0x0000000100000000)
  region size 1024K, 1 young (1024K), 1 survivors (1024K)
 Metaspace       used 32669K, committed 33088K, reserved 1114112K
  class space    used 3723K, committed 3904K, reserved 1048576K
}
Event: 75.791 GC heap before
{Heap before GC invocations=47 (full 0):
 garbage-first heap   total reserved 2017280K, committed 45056K, used 39861K [0x0000000084e00000, 0x0000000100000000)
  region size 1024K, 22 young (22528K), 1 survivors (1024K)
 Metaspace       used 32717K, committed 33088K, reserved 1114112K
  class space    used 3729K, committed 3904K, reserved 1048576K
}
Event: 75.792 GC heap after
{Heap after GC invocations=48 (full 0):
 garbage-first heap   total reserved 2017280K, committed 45056K, used 18355K [0x0000000084e00000, 0x0000000100000000)
  region size 1024K, 1 young (1024K), 1 survivors (1024K)
 Metaspace       used 32717K, committed 33088K, reserved 1114112K
  class space    used 3729K, committed 3904K, reserved 1048576K
}
Event: 469.481 GC heap before
{Heap before GC invocations=48 (full 0):
 garbage-first heap   total reserved 2017280K, committed 45056K, used 31667K [0x0000000084e00000, 0x0000000100000000)
  region size 1024K, 13 young (13312K), 1 survivors (1024K)
 Metaspace       used 33172K, committed 33536K, reserved 1114112K
  class space    used 3770K, committed 3904K, reserved 1048576K
}
Event: 469.572 GC heap after
{Heap after GC invocations=49 (full 0):
 garbage-first heap   total reserved 2017280K, committed 45056K, used 18948K [0x0000000084e00000, 0x0000000100000000)
  region size 1024K, 1 young (1024K), 1 survivors (1024K)
 Metaspace       used 33172K, committed 33536K, reserved 1114112K
  class space    used 3770K, committed 3904K, reserved 1048576K
}
Event: 484.280 GC heap before
{Heap before GC invocations=49 (full 0):
 garbage-first heap   total reserved 2017280K, committed 45056K, used 19972K [0x0000000084e00000, 0x0000000100000000)
  region size 1024K, 2 young (2048K), 1 survivors (1024K)
 Metaspace       used 33172K, committed 33536K, reserved 1114112K
  class space    used 3770K, committed 3904K, reserved 1048576K
}
Event: 484.288 GC heap after
{Heap after GC invocations=50 (full 0):
 garbage-first heap   total reserved 2017280K, committed 45056K, used 19727K [0x0000000084e00000, 0x0000000100000000)
  region size 1024K, 1 young (1024K), 1 survivors (1024K)
 Metaspace       used 33172K, committed 33536K, reserved 1114112K
  class space    used 3770K, committed 3904K, reserved 1048576K
}
Event: 516.463 GC heap before
{Heap before GC invocations=50 (full 0):
 garbage-first heap   total reserved 2017280K, committed 45056K, used 21775K [0x0000000084e00000, 0x0000000100000000)
  region size 1024K, 2 young (2048K), 1 survivors (1024K)
 Metaspace       used 33172K, committed 33536K, reserved 1114112K
  class space    used 3770K, committed 3904K, reserved 1048576K
}
Event: 516.522 GC heap after
{Heap after GC invocations=51 (full 0):
 garbage-first heap   total reserved 2017280K, committed 45056K, used 20746K [0x0000000084e00000, 0x0000000100000000)
  region size 1024K, 1 young (1024K), 1 survivors (1024K)
 Metaspace       used 33172K, committed 33536K, reserved 1114112K
  class space    used 3770K, committed 3904K, reserved 1048576K
}

Dll operation events (8 events):
Event: 0.018 Loaded shared library C:\Program Files\OpenJDK\jdk-22.0.2\bin\java.dll
Event: 0.124 Loaded shared library C:\Program Files\OpenJDK\jdk-22.0.2\bin\jsvml.dll
Event: 0.382 Loaded shared library C:\Program Files\OpenJDK\jdk-22.0.2\bin\net.dll
Event: 0.402 Loaded shared library C:\Program Files\OpenJDK\jdk-22.0.2\bin\nio.dll
Event: 0.456 Loaded shared library C:\Program Files\OpenJDK\jdk-22.0.2\bin\zip.dll
Event: 1.057 Loaded shared library C:\Program Files\OpenJDK\jdk-22.0.2\bin\jimage.dll
Event: 7.035 Loaded shared library C:\Program Files\OpenJDK\jdk-22.0.2\bin\verify.dll
Event: 14.783 Loaded shared library C:\Users\AJ\AppData\Local\Temp\sqlite-3.41.2.1-0fb85c1f-9bff-435f-a856-d07f6f014c6c-sqlitejdbc.dll

Deoptimization events (20 events):
Event: 533.674 Thread 0x000001f3ab73ca20 Uncommon trap: trap_request=0xffffffc6 fr.pc=0x000001f34f68cdec relative=0x000000000000110c
Event: 533.674 Thread 0x000001f3ab73ca20 Uncommon trap: reason=bimorphic_or_optimized_type_check action=maybe_recompile pc=0x000001f34f68cdec method=sun.nio.cs.StreamDecoder.inReady()Z @ 11 c2
Event: 533.674 Thread 0x000001f3ab73ca20 DEOPT PACKING pc=0x000001f34f68cdec sp=0x0000002d5f4ff250
Event: 533.674 Thread 0x000001f3ab73ca20 DEOPT UNPACKING pc=0x000001f34ef246a2 sp=0x0000002d5f4feff8 mode 2
Event: 533.674 Thread 0x000001f3ab73ca20 Uncommon trap: trap_request=0xffffffc6 fr.pc=0x000001f34f692614 relative=0x0000000000000974
Event: 533.674 Thread 0x000001f3ab73ca20 Uncommon trap: reason=bimorphic_or_optimized_type_check action=maybe_recompile pc=0x000001f34f692614 method=sun.nio.cs.StreamDecoder.inReady()Z @ 11 c2
Event: 533.674 Thread 0x000001f3ab73ca20 DEOPT PACKING pc=0x000001f34f692614 sp=0x0000002d5f4ff2d0
Event: 533.674 Thread 0x000001f3ab73ca20 DEOPT UNPACKING pc=0x000001f34ef246a2 sp=0x0000002d5f4ff0f8 mode 2
Event: 533.674 Thread 0x000001f3ab73ca20 Uncommon trap: trap_request=0xffffffc6 fr.pc=0x000001f34f68cdec relative=0x000000000000110c
Event: 533.674 Thread 0x000001f3ab73ca20 Uncommon trap: reason=bimorphic_or_optimized_type_check action=maybe_recompile pc=0x000001f34f68cdec method=sun.nio.cs.StreamDecoder.inReady()Z @ 11 c2
Event: 533.675 Thread 0x000001f3ab73ca20 DEOPT PACKING pc=0x000001f34f68cdec sp=0x0000002d5f4ff250
Event: 533.675 Thread 0x000001f3ab73ca20 DEOPT UNPACKING pc=0x000001f34ef246a2 sp=0x0000002d5f4feff8 mode 2
Event: 533.675 Thread 0x000001f3ab73ca20 Uncommon trap: trap_request=0xffffffc6 fr.pc=0x000001f34f677acc relative=0x000000000000050c
Event: 533.675 Thread 0x000001f3ab73ca20 Uncommon trap: reason=bimorphic_or_optimized_type_check action=maybe_recompile pc=0x000001f34f677acc method=sun.nio.cs.StreamDecoder.inReady()Z @ 11 c2
Event: 533.675 Thread 0x000001f3ab73ca20 DEOPT PACKING pc=0x000001f34f677acc sp=0x0000002d5f4ff1a0
Event: 533.675 Thread 0x000001f3ab73ca20 DEOPT UNPACKING pc=0x000001f34ef246a2 sp=0x0000002d5f4ff160 mode 2
Event: 533.810 Thread 0x000001f3ab73ca20 Uncommon trap: trap_request=0xffffffc6 fr.pc=0x000001f34f68fa90 relative=0x00000000000010b0
Event: 533.810 Thread 0x000001f3ab73ca20 Uncommon trap: reason=bimorphic_or_optimized_type_check action=maybe_recompile pc=0x000001f34f68fa90 method=sun.nio.cs.StreamDecoder.inReady()Z @ 11 c2
Event: 533.810 Thread 0x000001f3ab73ca20 DEOPT PACKING pc=0x000001f34f68fa90 sp=0x0000002d5f4ff1b0
Event: 533.810 Thread 0x000001f3ab73ca20 DEOPT UNPACKING pc=0x000001f34ef246a2 sp=0x0000002d5f4feff0 mode 2

Classes loaded (20 events):
Event: 75.977 Loading class java/util/concurrent/LinkedTransferQueue$DualNode
Event: 75.977 Loading class java/util/concurrent/LinkedTransferQueue$DualNode done
Event: 75.978 Loading class java/lang/ProcessImpl$2
Event: 75.978 Loading class java/lang/ProcessImpl$2 done
Event: 75.978 Loading class java/lang/Process$PipeInputStream
Event: 75.978 Loading class java/lang/Process$PipeInputStream done
Event: 75.978 Loading class jdk/internal/event/ProcessStartEvent
Event: 75.978 Loading class jdk/internal/event/ProcessStartEvent done
Event: 75.978 Loading class jdk/internal/logger/LazyLoggers
Event: 75.979 Loading class jdk/internal/logger/LazyLoggers done
Event: 75.979 Loading class jdk/internal/logger/LazyLoggers$1
Event: 75.979 Loading class jdk/internal/logger/LazyLoggers$1 done
Event: 75.979 Loading class jdk/internal/logger/LazyLoggers$LazyLoggerFactories
Event: 75.979 Loading class jdk/internal/logger/LazyLoggers$LazyLoggerFactories done
Event: 75.979 Loading class jdk/internal/logger/LoggerFinderLoader
Event: 75.980 Loading class jdk/internal/logger/LoggerFinderLoader done
Event: 75.980 Loading class jdk/internal/logger/LoggerFinderLoader$TemporaryLoggerFinder
Event: 75.980 Loading class jdk/internal/logger/LoggerFinderLoader$TemporaryLoggerFinder done
Event: 75.981 Loading class sun/util/logging/internal/LoggingProviderImpl$JULWrapper
Event: 75.981 Loading class sun/util/logging/internal/LoggingProviderImpl$JULWrapper done

Classes unloaded (0 events):
No events

Classes redefined (0 events):
No events

Internal exceptions (20 events):
Event: 374.252 Thread 0x000001f3abb5f8d0 Exception <a 'sun/nio/fs/WindowsException'{0x000000008729ae00}> (0x000000008729ae00) 
thrown [s\open\src\hotspot\share\prims\jni.cpp, line 520]
Event: 374.252 Thread 0x000001f3abb5f8d0 Exception <a 'sun/nio/fs/WindowsException'{0x000000008729baf8}> (0x000000008729baf8) 
thrown [s\open\src\hotspot\share\prims\jni.cpp, line 520]
Event: 374.253 Thread 0x000001f3abb5f8d0 Exception <a 'sun/nio/fs/WindowsException'{0x000000008729c808}> (0x000000008729c808) 
thrown [s\open\src\hotspot\share\prims\jni.cpp, line 520]
Event: 374.253 Thread 0x000001f3abb5f8d0 Exception <a 'sun/nio/fs/WindowsException'{0x000000008729e0b8}> (0x000000008729e0b8) 
thrown [s\open\src\hotspot\share\prims\jni.cpp, line 520]
Event: 374.253 Thread 0x000001f3abb5f8d0 Exception <a 'sun/nio/fs/WindowsException'{0x000000008729ede0}> (0x000000008729ede0) 
thrown [s\open\src\hotspot\share\prims\jni.cpp, line 520]
Event: 374.265 Thread 0x000001f3abb5f8d0 Exception <a 'sun/nio/fs/WindowsException'{0x00000000872c63d0}> (0x00000000872c63d0) 
thrown [s\open\src\hotspot\share\prims\jni.cpp, line 520]
Event: 374.265 Thread 0x000001f3abb5f8d0 Exception <a 'sun/nio/fs/WindowsException'{0x00000000872c7158}> (0x00000000872c7158) 
thrown [s\open\src\hotspot\share\prims\jni.cpp, line 520]
Event: 374.265 Thread 0x000001f3abb5f8d0 Exception <a 'sun/nio/fs/WindowsException'{0x00000000872c7e90}> (0x00000000872c7e90) 
thrown [s\open\src\hotspot\share\prims\jni.cpp, line 520]
Event: 374.266 Thread 0x000001f3abb5f8d0 Exception <a 'sun/nio/fs/WindowsException'{0x00000000872c8b00}> (0x00000000872c8b00) 
thrown [s\open\src\hotspot\share\prims\jni.cpp, line 520]
Event: 374.266 Thread 0x000001f3abb5f8d0 Exception <a 'sun/nio/fs/WindowsException'{0x00000000872c9708}> (0x00000000872c9708) 
thrown [s\open\src\hotspot\share\prims\jni.cpp, line 520]
Event: 374.266 Thread 0x000001f3abb5f8d0 Exception <a 'sun/nio/fs/WindowsException'{0x00000000872ca2c0}> (0x00000000872ca2c0) 
thrown [s\open\src\hotspot\share\prims\jni.cpp, line 520]
Event: 374.266 Thread 0x000001f3abb5f8d0 Exception <a 'sun/nio/fs/WindowsException'{0x00000000872cae38}> (0x00000000872cae38) 
thrown [s\open\src\hotspot\share\prims\jni.cpp, line 520]
Event: 374.266 Thread 0x000001f3abb5f8d0 Exception <a 'sun/nio/fs/WindowsException'{0x00000000872cb928}> (0x00000000872cb928) 
thrown [s\open\src\hotspot\share\prims\jni.cpp, line 520]
Event: 374.267 Thread 0x000001f3abb5f8d0 Exception <a 'sun/nio/fs/WindowsException'{0x00000000872cc3f8}> (0x00000000872cc3f8) 
thrown [s\open\src\hotspot\share\prims\jni.cpp, line 520]
Event: 374.267 Thread 0x000001f3abb5f8d0 Exception <a 'sun/nio/fs/WindowsException'{0x00000000872cce30}> (0x00000000872cce30) 
thrown [s\open\src\hotspot\share\prims\jni.cpp, line 520]
Event: 374.363 Thread 0x000001f3ab73b670 Exception <a 'sun/nio/fs/WindowsException'{0x0000000087118af0}> (0x0000000087118af0) 
thrown [s\open\src\hotspot\share\prims\jni.cpp, line 520]
Event: 407.624 Thread 0x000001f3ab73b670 Exception <a 'sun/nio/fs/WindowsException'{0x0000000087156320}> (0x0000000087156320) 
thrown [s\open\src\hotspot\share\prims\jni.cpp, line 520]
Event: 407.624 Thread 0x000001f3ab73b670 Exception <a 'sun/nio/fs/WindowsException'{0x0000000087156ea8}> (0x0000000087156ea8) 
thrown [s\open\src\hotspot\share\prims\jni.cpp, line 520]
Event: 407.625 Thread 0x000001f3ab73b670 Exception <a 'sun/nio/fs/WindowsException'{0x000000008715d4d8}> (0x000000008715d4d8) 
thrown [s\open\src\hotspot\share\prims\jni.cpp, line 520]
Event: 407.625 Thread 0x000001f3ab73b670 Exception <a 'sun/nio/fs/WindowsException'{0x000000008715e068}> (0x000000008715e068) 
thrown [s\open\src\hotspot\share\prims\jni.cpp, line 520]

ZGC Phase Switch (0 events):
No events

VM Operations (20 events):
Event: 421.054 Executing VM operation: RendezvousGCThreads
Event: 421.054 Executing VM operation: RendezvousGCThreads done
Event: 469.438 Executing VM operation: Cleanup
Event: 469.438 Executing VM operation: Cleanup done
Event: 469.480 Executing VM operation: G1TryInitiateConcMark (G1 Humongous Allocation)
Event: 469.572 Executing VM operation: G1TryInitiateConcMark (G1 Humongous Allocation) done
Event: 470.585 Executing VM operation: Cleanup
Event: 470.585 Executing VM operation: Cleanup done
Event: 484.280 Executing VM operation: G1TryInitiateConcMark (G1 Humongous Allocation)
Event: 484.288 Executing VM operation: G1TryInitiateConcMark (G1 Humongous Allocation) done
Event: 514.511 Executing VM operation: Cleanup
Event: 514.511 Executing VM operation: Cleanup done
Event: 515.521 Executing VM operation: Cleanup
Event: 515.521 Executing VM operation: Cleanup done
Event: 516.463 Executing VM operation: G1TryInitiateConcMark (G1 Humongous Allocation)
Event: 516.522 Executing VM operation: G1TryInitiateConcMark (G1 Humongous Allocation) done
Event: 516.772 Executing VM operation: G1PauseRemark
Event: 516.999 Executing VM operation: G1PauseRemark done
Event: 517.027 Executing VM operation: G1PauseCleanup
Event: 517.027 Executing VM operation: G1PauseCleanup done

Memory protections (0 events):
No events

Nmethod flushes (20 events):
Event: 516.958 Thread 0x000001f35bc88250 flushing  nmethod 0x000001f347a9d810
Event: 516.958 Thread 0x000001f35bc88250 flushing  nmethod 0x000001f347aa7210
Event: 516.958 Thread 0x000001f35bc88250 flushing  nmethod 0x000001f347aa7610
Event: 516.958 Thread 0x000001f35bc88250 flushing  nmethod 0x000001f347ab0e10
Event: 516.958 Thread 0x000001f35bc88250 flushing  nmethod 0x000001f347abe010
Event: 516.958 Thread 0x000001f35bc88250 flushing  nmethod 0x000001f347abe690
Event: 516.958 Thread 0x000001f35bc88250 flushing  nmethod 0x000001f347ac2090
Event: 516.958 Thread 0x000001f35bc88250 flushing  nmethod 0x000001f347afde90
Event: 516.958 Thread 0x000001f35bc88250 flushing  nmethod 0x000001f347affd10
Event: 516.958 Thread 0x000001f35bc88250 flushing  nmethod 0x000001f347b10510
Event: 516.958 Thread 0x000001f35bc88250 flushing  nmethod 0x000001f347b16310
Event: 516.958 Thread 0x000001f35bc88250 flushing  nmethod 0x000001f347b2fc10
Event: 516.958 Thread 0x000001f35bc88250 flushing  nmethod 0x000001f347b31610
Event: 516.958 Thread 0x000001f35bc88250 flushing  nmethod 0x000001f347b31990
Event: 516.959 Thread 0x000001f35bc88250 flushing  nmethod 0x000001f347b45010
Event: 516.959 Thread 0x000001f35bc88250 flushing  nmethod 0x000001f347b55b10
Event: 516.959 Thread 0x000001f35bc88250 flushing  nmethod 0x000001f347b58510
Event: 516.959 Thread 0x000001f35bc88250 flushing  nmethod 0x000001f347b5a310
Event: 516.961 Thread 0x000001f35bc88250 flushing  nmethod 0x000001f347b5af90
Event: 516.962 Thread 0x000001f35bc88250 flushing  nmethod 0x000001f347bfd490

Events (20 events):
Event: 14.797 Thread 0x000001f3abbf30e0 Thread exited: 0x000001f3abbf30e0
Event: 15.124 Thread 0x000001f35bcc25b0 Thread added: 0x000001f3ab696ad0
Event: 17.002 Thread 0x000001f3ab696ad0 Thread exited: 0x000001f3ab696ad0
Event: 75.983 Thread 0x000001f3abb5f8d0 Thread added: 0x000001f3a29eddf0
Event: 75.984 Thread 0x000001f3abb5f8d0 Thread added: 0x000001f3ab73ca20
Event: 338.602 Thread 0x000001f3a29eddf0 Thread exited: 0x000001f3a29eddf0
Event: 338.612 Thread 0x000001f3ab73ca20 Thread exited: 0x000001f3ab73ca20
Event: 339.124 Thread 0x000001f3abb5f8d0 Thread added: 0x000001f3ab73bd00
Event: 339.124 Thread 0x000001f3abb5f8d0 Thread added: 0x000001f3ab73a950
Event: 373.964 Thread 0x000001f3ab73a950 Thread exited: 0x000001f3ab73a950
Event: 373.980 Thread 0x000001f3ab73bd00 Thread exited: 0x000001f3ab73bd00
Event: 374.305 Thread 0x000001f3abb5f8d0 Thread added: 0x000001f3ab73b670
Event: 374.432 Thread 0x000001f3ab73b670 Thread added: 0x000001f3ab739c30
Event: 374.432 Thread 0x000001f3ab73b670 Thread added: 0x000001f3ab73bd00
Event: 374.537 Thread 0x000001f3abb5f8d0 Thread added: 0x000001f3ab73c390
Event: 374.537 Thread 0x000001f3abb5f8d0 Thread added: 0x000001f3ab73ca20
Event: 407.618 Thread 0x000001f3ab73bd00 Thread exited: 0x000001f3ab73bd00
Event: 407.619 Thread 0x000001f3ab739c30 Thread exited: 0x000001f3ab739c30
Event: 407.664 Thread 0x000001f3ab73b670 Thread added: 0x000001f3ab73a950
Event: 407.665 Thread 0x000001f3ab73b670 Thread added: 0x000001f3ab7395a0


Dynamic libraries:
0x00007ff74f2b0000 - 0x00007ff74f2be000 	C:\Program Files\OpenJDK\jdk-22.0.2\bin\java.exe
0x00007ffd4f5d0000 - 0x00007ffd4f7c8000 	C:\WINDOWS\SYSTEM32\ntdll.dll
0x00007ffd4e580000 - 0x00007ffd4e642000 	C:\WINDOWS\System32\KERNEL32.DLL
0x00007ffd4cd20000 - 0x00007ffd4d016000 	C:\WINDOWS\System32\KERNELBASE.dll
0x00007ffd4d020000 - 0x00007ffd4d120000 	C:\WINDOWS\System32\ucrtbase.dll
0x00007ffd46030000 - 0x00007ffd4604b000 	C:\Program Files\OpenJDK\jdk-22.0.2\bin\VCRUNTIME140.dll
0x00007ffd45fe0000 - 0x00007ffd45ff7000 	C:\Program Files\OpenJDK\jdk-22.0.2\bin\jli.dll
0x00007ffd4e3e0000 - 0x00007ffd4e57d000 	C:\WINDOWS\System32\USER32.dll
0x00007ffd3b590000 - 0x00007ffd3b82a000 	C:\WINDOWS\WinSxS\amd64_microsoft.windows.common-controls_6595b64144ccf1df_6.0.19041.5915_none_60b4b9d171f9c7c7\COMCTL32.dll
0x00007ffd4ccf0000 - 0x00007ffd4cd12000 	C:\WINDOWS\System32\win32u.dll
0x00007ffd4f2a0000 - 0x00007ffd4f33e000 	C:\WINDOWS\System32\msvcrt.dll
0x00007ffd4dda0000 - 0x00007ffd4ddcb000 	C:\WINDOWS\System32\GDI32.dll
0x00007ffd4d4d0000 - 0x00007ffd4d5e9000 	C:\WINDOWS\System32\gdi32full.dll
0x00007ffd4d220000 - 0x00007ffd4d2bd000 	C:\WINDOWS\System32\msvcp_win.dll
0x00007ffd4f030000 - 0x00007ffd4f05f000 	C:\WINDOWS\System32\IMM32.DLL
0x00007ffd466f0000 - 0x00007ffd466fc000 	C:\Program Files\OpenJDK\jdk-22.0.2\bin\vcruntime140_1.dll
0x00007ffd208b0000 - 0x00007ffd2093e000 	C:\Program Files\OpenJDK\jdk-22.0.2\bin\msvcp140.dll
0x00007ffd002c0000 - 0x00007ffd01009000 	C:\Program Files\OpenJDK\jdk-22.0.2\bin\server\jvm.dll
0x00007ffd4f3c0000 - 0x00007ffd4f471000 	C:\WINDOWS\System32\ADVAPI32.dll
0x00007ffd4f060000 - 0x00007ffd4f0ff000 	C:\WINDOWS\System32\sechost.dll
0x00007ffd4ddd0000 - 0x00007ffd4def3000 	C:\WINDOWS\System32\RPCRT4.dll
0x00007ffd4d420000 - 0x00007ffd4d447000 	C:\WINDOWS\System32\bcrypt.dll
0x00007ffd4e790000 - 0x00007ffd4e7fb000 	C:\WINDOWS\System32\WS2_32.dll
0x00007ffd4c1f0000 - 0x00007ffd4c23b000 	C:\WINDOWS\SYSTEM32\POWRPROF.dll
0x00007ffd2ff80000 - 0x00007ffd2ffa7000 	C:\WINDOWS\SYSTEM32\WINMM.dll
0x00007ffd3bc30000 - 0x00007ffd3bc3a000 	C:\WINDOWS\SYSTEM32\VERSION.dll
0x00007ffd4c060000 - 0x00007ffd4c072000 	C:\WINDOWS\SYSTEM32\UMPDC.dll
0x00007ffd4aae0000 - 0x00007ffd4aaf2000 	C:\WINDOWS\SYSTEM32\kernel.appcore.dll
0x00007ffd46010000 - 0x00007ffd4601a000 	C:\Program Files\OpenJDK\jdk-22.0.2\bin\jimage.dll
0x00007ffd3ba20000 - 0x00007ffd3bc21000 	C:\WINDOWS\SYSTEM32\DBGHELP.DLL
0x00007ffd345f0000 - 0x00007ffd34624000 	C:\WINDOWS\SYSTEM32\dbgcore.DLL
0x00007ffd4cc60000 - 0x00007ffd4cce2000 	C:\WINDOWS\System32\bcryptPrimitives.dll
0x00007ffd45c40000 - 0x00007ffd45c5e000 	C:\Program Files\OpenJDK\jdk-22.0.2\bin\java.dll
0x00007ffd4e800000 - 0x00007ffd4ef6e000 	C:\WINDOWS\System32\SHELL32.dll
0x00007ffd4e650000 - 0x00007ffd4e77b000 	C:\WINDOWS\System32\ole32.dll
0x00007ffd4d7e0000 - 0x00007ffd4db33000 	C:\WINDOWS\System32\combase.dll
0x00007ffd4ace0000 - 0x00007ffd4b484000 	C:\WINDOWS\SYSTEM32\windows.storage.dll
0x00007ffd4c690000 - 0x00007ffd4c6bb000 	C:\WINDOWS\SYSTEM32\Wldp.dll
0x00007ffd4d5f0000 - 0x00007ffd4d6bd000 	C:\WINDOWS\System32\OLEAUT32.dll
0x00007ffd4dcf0000 - 0x00007ffd4dd9d000 	C:\WINDOWS\System32\SHCORE.dll
0x00007ffd4f1e0000 - 0x00007ffd4f23b000 	C:\WINDOWS\System32\shlwapi.dll
0x00007ffd4cb90000 - 0x00007ffd4cbb4000 	C:\WINDOWS\SYSTEM32\profapi.dll
0x00007ffd20760000 - 0x00007ffd20837000 	C:\Program Files\OpenJDK\jdk-22.0.2\bin\jsvml.dll
0x00007ffd45c30000 - 0x00007ffd45c40000 	C:\Program Files\OpenJDK\jdk-22.0.2\bin\net.dll
0x00007ffd4c3f0000 - 0x00007ffd4c45a000 	C:\WINDOWS\system32\mswsock.dll
0x00007ffd45bd0000 - 0x00007ffd45be6000 	C:\Program Files\OpenJDK\jdk-22.0.2\bin\nio.dll
0x00007ffd43010000 - 0x00007ffd43027000 	C:\Program Files\OpenJDK\jdk-22.0.2\bin\zip.dll
0x00007ffd4c5e0000 - 0x00007ffd4c5f8000 	C:\WINDOWS\SYSTEM32\CRYPTSP.dll
0x00007ffd4bca0000 - 0x00007ffd4bcd8000 	C:\WINDOWS\system32\rsaenh.dll
0x00007ffd4cb50000 - 0x00007ffd4cb7e000 	C:\WINDOWS\SYSTEM32\USERENV.dll
0x00007ffd4c600000 - 0x00007ffd4c60c000 	C:\WINDOWS\SYSTEM32\CRYPTBASE.dll
0x00007ffd4c080000 - 0x00007ffd4c0bb000 	C:\WINDOWS\SYSTEM32\IPHLPAPI.DLL
0x00007ffd4df00000 - 0x00007ffd4df08000 	C:\WINDOWS\System32\NSI.dll
0x00007ffd45c20000 - 0x00007ffd45c30000 	C:\Program Files\OpenJDK\jdk-22.0.2\bin\verify.dll
0x00007ffd20220000 - 0x00007ffd20309000 	C:\Users\AJ\AppData\Local\Temp\sqlite-3.41.2.1-0fb85c1f-9bff-435f-a856-d07f6f014c6c-sqlitejdbc.dll

dbghelp: loaded successfully - version: 4.0.5 - missing functions: none
symbol engine: initialized successfully - sym options: 0x614 - pdb path: .;C:\Program Files\OpenJDK\jdk-22.0.2\bin;C:\WINDOWS\SYSTEM32;C:\WINDOWS\WinSxS\amd64_microsoft.windows.common-controls_6595b64144ccf1df_6.0.19041.5915_none_60b4b9d171f9c7c7;C:\Program Files\OpenJDK\jdk-22.0.2\bin\server;C:\Users\AJ\AppData\Local\Temp

VM Arguments:
jvm_args: -DkotlinLanguageServer.version=1.3.13 
java_command: org.javacs.kt.MainKt
java_class_path (initial): c:\Users\AJ\AppData\Roaming\Code\User\globalStorage\fwcd.kotlin\langServerInstall\server\lib\server-1.3.13.jar;c:\Users\AJ\AppData\Roaming\Code\User\globalStorage\fwcd.kotlin\langServerInstall\server\lib\shared-1.3.13.jar;c:\Users\AJ\AppData\Roaming\Code\User\globalStorage\fwcd.kotlin\langServerInstall\server\lib\kotlin-scripting-jvm-host-unshaded-2.1.0.jar;c:\Users\AJ\AppData\Roaming\Code\User\globalStorage\fwcd.kotlin\langServerInstall\server\lib\kotlin-scripting-compiler-2.1.0.jar;c:\Users\AJ\AppData\Roaming\Code\User\globalStorage\fwcd.kotlin\langServerInstall\server\lib\ktfmt-b5d31d1.jar;c:\Users\AJ\AppData\Roaming\Code\User\globalStorage\fwcd.kotlin\langServerInstall\server\lib\kotlin-compiler-2.1.0.jar;c:\Users\AJ\AppData\Roaming\Code\User\globalStorage\fwcd.kotlin\langServerInstall\server\lib\exposed-dao-0.37.3.jar;c:\Users\AJ\AppData\Roaming\Code\User\globalStorage\fwcd.kotlin\langServerInstall\server\lib\exposed-jdbc-0.37.3.jar;c:\Users\AJ\AppData\Roaming\Code\User\globalStorage\fwcd.kotlin\langServerInstall\server\lib\exposed-core-0.37.3.jar;c:\Users\AJ\AppData\Roaming\Code\User\globalStorage\fwcd.kotlin\langServerInstall\server\lib\kotlin-scripting-compiler-impl-2.1.0.jar;c:\Users\AJ\AppData\Roaming\Code\User\globalStorage\fwcd.kotlin\langServerInstall\server\lib\kotlin-reflect-2.1.0.jar;c:\Users\AJ\AppData\Roaming\Code\User\globalStorage\fwcd.kotlin\langServerInstall\server\lib\kotlin-scripting-jvm-2.1.0.jar;c:\Users\AJ\AppData\Roaming\Code\User\globalStorage\fwcd.kotlin\langServerInstall\server\lib\kotlin-scripting-common-2.1.0.jar;c:\Users\AJ\AppData\Roaming\Code\User\globalStorage\fwcd.kotlin\langServerInstall\server\lib\kotlinx-coroutines-core-jvm-1.6.4.jar;c:\Users\AJ\AppData\Roaming\Code\User\globalStorage\fwcd.kotlin\langServerInstall\server\lib\kotlin-stdlib-jdk8-2.1.0.jar;c:\Users\AJ\AppData\Roaming\Code\User\globalStorage\fwcd.kotlin\langServerInstall\server\lib\kotlin-stdlib-jdk7-2.1.0.jar;c:\Users\AJ\AppData\Roaming\Code\User\globalStorage\fwcd.kotlin\langServerInstall\server\lib\kotlin-stdlib-2.1.0.jar;c:\Users\AJ\AppData\Roaming\Code\User\globalStorage\fwcd.kotlin\langServerInstall\server\lib\org.eclipse.lsp4j-0.21.2.jar;c:\Users\AJ\AppData\Roaming\Code\User\globalStorage\fwcd.kotlin\langServerInstall\server\lib\org.eclipse.lsp4j.jsonrpc-0.21.2.jar;c:\Users\AJ\AppData\Roaming\Code\User\globalStorage\fwcd.kotlin\langServerInstall\server\lib\kotlin-sam-with-receiver-compiler-plugin-2.1.0.jar;c:\Users\AJ\AppData\Roaming\Code\User\globalStorage\fwcd.kotlin\langServerInstall\server\lib\fernflower-1.0.jar;c:\Users\AJ\AppData\Roaming\Code\User\globalStorage\fwcd.kotlin\langServerInstall\server\lib\h2-1.4.200.jar;c:\Users\AJ\AppData\Roaming\Code\User\globalStorage\fwcd.kotlin\langServerInstall\server\lib\jcommander-1.78.jar;c:\Users\AJ\AppData\Roaming\Code\User\globalStorage\fwcd.kotlin\langServerInstall\server\lib\sqlite-jdbc-3.41.2.1.jar;c:\Users\AJ\AppData\Roaming\Code\User\globalStorage\fwcd.kotlin\langServerInstall\server\lib\google-java-format-1.8.jar;c:\Users\AJ\AppData\Roaming\Code\User\globalStorage\fwcd.kotlin\langServerInstall\server\lib\guava-33.3.0-jre.jar;c:\Users\AJ\AppData\Roaming\Code\User\globalStorage\fwcd.kotlin\langServerInstall\server\lib\annotations-13.0.jar;c:\Users\AJ\AppData\Roaming\Code\User\globalStorage\fwcd.kotlin\langServerInstall\server\lib\gson-2.10.1.jar;c:\Users\AJ\AppData\Roaming\Code\User\globalStorage\fwcd.kotlin\langServerInstall\server\lib\kotlin-script-runtime-2.1.0.jar;c:\Users\AJ\AppData\Roaming\Code\User\globalStorage\fwcd.kotlin\langServerInstall\server\lib\trove4j-1.0.20200330.jar;c:\Users\AJ\AppData\Roaming\Code\User\globalStorage\fwcd.kotlin\langServerInstall\server\lib\jline-3.24.1.jar;c:\Users\AJ\AppData\Roaming\Code\User\globalStorage\fwcd.kotlin\langServerInstall\server\lib\slf4j-api-1.7.25.jar;c:\Users\AJ\AppData\Roaming\Code\User\globalStorage\fwcd.kotlin\langServerInstall\server\lib\jna-4.2.2.jar;c:\Users\AJ\AppData\Roaming\Code\User\globalStorage\fwcd.kotlin\langServerInstall\server\lib\failureaccess-1.0.2.jar;c:\Users\AJ\AppData\Roaming\Code\User\globalStorage\fwcd.kotlin\langServerInstall\server\lib\listenablefuture-9999.0-empty-to-avoid-conflict-with-guava.jar;c:\Users\AJ\AppData\Roaming\Code\User\globalStorage\fwcd.kotlin\langServerInstall\server\lib\jsr305-3.0.2.jar;c:\Users\AJ\AppData\Roaming\Code\User\globalStorage\fwcd.kotlin\langServerInstall\server\lib\checker-qual-3.43.0.jar;c:\Users\AJ\AppData\Roaming\Code\User\globalStorage\fwcd.kotlin\langServerInstall\server\lib\error_prone_annotations-2.28.0.jar
Launcher Type: SUN_STANDARD

[Global flags]
     intx CICompilerCount                          = 3                                         {product} {ergonomic}
     uint ConcGCThreads                            = 1                                         {product} {ergonomic}
     uint G1ConcRefinementThreads                  = 4                                         {product} {ergonomic}
   size_t G1HeapRegionSize                         = 1048576                                   {product} {ergonomic}
   size_t InitialHeapSize                          = 130023424                                 {product} {ergonomic}
   size_t MarkStackSize                            = 4194304                                   {product} {ergonomic}
   size_t MaxHeapSize                              = 2065694720                                {product} {ergonomic}
   size_t MaxNewSize                               = 1239416832                                {product} {ergonomic}
   size_t MinHeapDeltaBytes                        = 1048576                                   {product} {ergonomic}
   size_t MinHeapSize                              = 8388608                                   {product} {ergonomic}
    uintx NonNMethodCodeHeapSize                   = 5832780                                {pd product} {ergonomic}
    uintx NonProfiledCodeHeapSize                  = 122912730                              {pd product} {ergonomic}
    uintx ProfiledCodeHeapSize                     = 122912730                              {pd product} {ergonomic}
    uintx ReservedCodeCacheSize                    = 251658240                              {pd product} {ergonomic}
     bool SegmentedCodeCache                       = true                                      {product} {ergonomic}
   size_t SoftMaxHeapSize                          = 2065694720                             {manageable} {ergonomic}
     bool UseCompressedOops                        = true                           {product lp64_product} {ergonomic}
     bool UseG1GC                                  = true                                      {product} {ergonomic}
     bool UseLargePagesIndividualAllocation        = false                                  {pd product} {ergonomic}

Logging:
Log output configuration:
 #0: stdout all=warning uptime,level,tags foldmultilines=false
 #1: stderr all=off uptime,level,tags foldmultilines=false

Environment Variables:
JAVA_HOME=C:\Program Files\OpenJDK\jdk-22.0.2
CLASSPATH=c:\Users\AJ\AppData\Roaming\Code\User\globalStorage\fwcd.kotlin\langServerInstall\server\lib\server-1.3.13.jar;c:\Users\AJ\AppData\Roaming\Code\User\globalStorage\fwcd.kotlin\langServerInstall\server\lib\shared-1.3.13.jar;c:\Users\AJ\AppData\Roaming\Code\User\globalStorage\fwcd.kotlin\langServerInstall\server\lib\kotlin-scripting-jvm-host-unshaded-2.1.0.jar;c:\Users\AJ\AppData\Roaming\Code\User\globalStorage\fwcd.kotlin\langServerInstall\server\lib\kotlin-scripting-compiler-2.1.0.jar;c:\Users\AJ\AppData\Roaming\Code\User\globalStorage\fwcd.kotlin\langServerInstall\server\lib\ktfmt-b5d31d1.jar;c:\Users\AJ\AppData\Roaming\Code\User\globalStorage\fwcd.kotlin\langServerInstall\server\lib\kotlin-compiler-2.1.0.jar;c:\Users\AJ\AppData\Roaming\Code\User\globalStorage\fwcd.kotlin\langServerInstall\server\lib\exposed-dao-0.37.3.jar;c:\Users\AJ\AppData\Roaming\Code\User\globalStorage\fwcd.kotlin\langServerInstall\server\lib\exposed-jdbc-0.37.3.jar;c:\Users\AJ\AppData\Roaming\Code\User\globalStorage\fwcd.kotlin\langServerInstall\server\lib\exposed-core-0.37.3.jar;c:\Users\AJ\AppData\Roaming\Code\User\globalStorage\fwcd.kotlin\langServerInstall\server\lib\kotlin-scripting-compiler-impl-2.1.0.jar;c:\Users\AJ\AppData\Roaming\Code\User\globalStorage\fwcd.kotlin\langServerInstall\server\lib\kotlin-reflect-2.1.0.jar;c:\Users\AJ\AppData\Roaming\Code\User\globalStorage\fwcd.kotlin\langServerInstall\server\lib\kotlin-scripting-jvm-2.1.0.jar;c:\Users\AJ\AppData\Roaming\Code\User\globalStorage\fwcd.kotlin\langServerInstall\server\lib\kotlin-scripting-common-2.1.0.jar;c:\Users\AJ\AppData\Roaming\Code\User\globalStorage\fwcd.kotlin\langServerInstall\server\lib\kotlinx-coroutines-core-jvm-1.6.4.jar;c:\Users\AJ\AppData\Roaming\Code\User\globalStorage\fwcd.kotlin\langServerInstall\server\lib\kotlin-stdlib-jdk8-2.1.0.jar;c:\Users\AJ\AppData\Roaming\Code\User\globalStorage\fwcd.kotlin\langServerInstall\server\lib\kotlin-stdlib-jdk7-2.1.0.jar;c:\Users\AJ\AppData\Roaming\Code\User\globalStorage\fwcd.kotlin\langServerInstall\server\lib\kotlin-stdlib-2.1.0.jar;c:\Users\AJ\AppData\Roaming\Code\User\globalStorage\fwcd.kotlin\langServerInstall\server\lib\org.eclipse.lsp4j-0.21.2.jar;c:\Users\AJ\AppData\Roaming\Code\User\globalStorage\fwcd.kotlin\langServerInstall\server\lib\org.eclipse.lsp4j.jsonrpc-0.21.2.jar;c:\Users\AJ\AppData\Roaming\Code\User\globalStorage\fwcd.kotlin\langServerInstall\server\lib\kotlin-sam-with-receiver-compiler-plugin-2.1.0.jar;c:\Users\AJ\AppData\Roaming\Code\User\globalStorage\fwcd.kotlin\langServerInstall\server\lib\fernflower-1.0.jar;c:\Users\AJ\AppData\Roaming\Code\User\globalStorage\fwcd.kotlin\langServerInstall\server\lib\h2-1.4.200.jar;c:\Users\AJ\AppData\Roaming\Code\User\globalStorage\fwcd.kotlin\langServerInstall\server\lib\jcommander-1.78.jar;c:\Users\AJ\AppData\Roaming\Code\User\globalStorage\fwcd.kotlin\langServerInstall\server\lib\sqlite-jdbc-3.41.2.1.jar;c:\Users\AJ\AppData\Roaming\Code\User\globalStorage\fwcd.kotlin\langServerInstall\server\lib\google-java-format-1.8.jar;c:\Users\AJ\AppData\Roaming\Code\User\globalStorage\fwcd.kotlin\langServerInstall\server\lib\guava-33.3.0-jre.jar;c:\Users\AJ\AppData\Roaming\Code\User\globalStorage\fwcd.kotlin\langServerInstall\server\lib\annotations-13.0.jar;c:\Users\AJ\AppData\Roaming\Code\User\globalStorage\fwcd.kotlin\langServerInstall\server\lib\gson-2.10.1.jar;c:\Users\AJ\AppData\Roaming\Code\User\globalStorage\fwcd.kotlin\langServerInstall\server\lib\kotlin-script-runtime-2.1.0.jar;c:\Users\AJ\AppData\Roaming\Code\User\globalStorage\fwcd.kotlin\langServerInstall\server\lib\trove4j-1.0.20200330.jar;c:\Users\AJ\AppData\Roaming\Code\User\globalStorage\fwcd.kotlin\langServerInstall\server\lib\jline-3.24.1.jar;c:\Users\AJ\AppData\Roaming\Code\User\globalStorage\fwcd.kotlin\langServerInstall\server\lib\slf4j-api-1.7.25.jar;c:\Users\AJ\AppData\Roaming\Code\User\globalStorage\fwcd.kotlin\langServerInstall\server\lib\jna-4.2.2.jar;c:\Users\AJ\AppData\Roaming\Code\User\globalStorage\fwcd.kotlin\langServerInstall\server\lib\failureaccess-1.0.2.jar;c:\Users\AJ\AppData\Roaming\Code\User\globalStorage\fwcd.kotlin\langServerInstall\server\lib\listenablefuture-9999.0-empty-to-avoid-conflict-with-guava.jar;c:\Users\AJ\AppData\Roaming\Code\User\globalStorage\fwcd.kotlin\langServerInstall\server\lib\jsr305-3.0.2.jar;c:\Users\AJ\AppData\Roaming\Code\User\globalStorage\fwcd.kotlin\langServerInstall\server\lib\checker-qual-3.43.0.jar;c:\Users\AJ\AppData\Roaming\Code\User\globalStorage\fwcd.kotlin\langServerInstall\server\lib\error_prone_annotations-2.28.0.jar
PATH=C:\Program Files\Common Files\Oracle\Java\javapath;C:\Program Files (x86)\OpenLogic\jre-8.0.382.05-hotspot\bin;C:\Program Files\Microsoft\jdk-11.0.18.10-hotspot\bin;C:\ProgramData\chocolatey\bin;C:\Users\AJ\AppData\Local\Android\Sdk\platform-tools;C:\WINDOWS\system32;C:\WINDOWS;C:\WINDOWS\System32\Wbem;C:\WINDOWS\System32\WindowsPowerShell\v1.0\;C:\WINDOWS\System32\OpenSSH\;C:\Users\AJ\AppData\Local\Programs\Python\Python312\;C:\Users\AJ\AppData\Local\Programs\Python\Python312\Scripts\;C:\Program Files\Git\cmd;C:\Program Files\Git\bin;C:\Program Files (x86)\Microsoft SQL Server\160\Tools\Binn\;C:\Program Files\Microsoft SQL Server\160\Tools\Binn\;C:\Program Files\Microsoft SQL Server\Client SDK\ODBC\170\Tools\Binn\;C:\Program Files\Microsoft SQL Server\160\DTS\Binn\;C:\Program Files\nodejs\;C:\Program Files (x86)\Microsoft SQL Server\160\DTS\Binn\;C:\Program Files\OpenJDK\jdk-22.0.2\bin;C:\Program Files (x86)\dotnet\;C:\Users\AJ\AppData\Local\Programs\Python\Python313\Scripts\;C:\Users\AJ\AppData\Local\Programs\Python\Python313\;C:\Users\AJ\AppData\Local\Programs\Python\Launcher\;C:\Users\AJ\AppData\Local\Microsoft\WindowsApps;C:\Users\AJ\AppData\Local\Programs\Microsoft VS Code\bin;C:\Users\AJ\AppData\Local\JetBrains\IntelliJ IDEA 2024.1.3\bin;C:\Users\AJ\AppData\Roaming\npm;C:\Users\AJ\AppData\Local\Programs\cursor\resources\app\bin
USERNAME=AJ
OS=Windows_NT
PROCESSOR_IDENTIFIER=Intel64 Family 6 Model 69 Stepping 1, GenuineIntel
TMP=C:\Users\AJ\AppData\Local\Temp
TEMP=C:\Users\AJ\AppData\Local\Temp




Periodic native trim disabled

---------------  S Y S T E M  ---------------

OS:
 Windows 10 , 64 bit Build 19041 (10.0.19041.5915)
OS uptime: 0 days 17:43 hours

CPU: total 4 (initial active 4) (2 cores per cpu, 2 threads per core) family 6 model 69 stepping 1 microcode 0x25, cx8, cmov, fxsr, ht, mmx, sse, sse2, sse3, ssse3, sse4.1, sse4.2, popcnt, lzcnt, tsc, tscinvbit, avx, avx2, aes, erms, clmul, bmi1, bmi2, fma, vzeroupper, clflush, rdtscp, f16c
Processor Information for all 4 processors :
  Max Mhz: 2494, Current Mhz: 1895, Mhz Limit: 1895

Memory: 4k page, system-wide physical 7878M (280M free)
TotalPageFile size 15275M (AvailPageFile size 0M)
current process WorkingSet (physical memory assigned to process): 85M, peak: 170M
current process commit charge ("private bytes"): 179M, peak: 259M

vm_info: OpenJDK 64-Bit Server VM (22.0.2+9-70) for windows-amd64 JRE (22.0.2+9-70), built on 2024-06-04T16:52:23Z by "mach5one" with MS VC++ 17.6 (VS2022)

END.
