#
# There is insufficient memory for the Java Runtime Environment to continue.
# Native memory allocation (mmap) failed to map 127926272 bytes. Error detail: G1 virtual space
# Possible reasons:
#   The system is out of physical RAM or swap space
#   This process is running with CompressedOops enabled, and the Java Heap may be blocking the growth of the native heap
# Possible solutions:
#   Reduce memory load on the system
#   Increase physical memory or swap space
#   Check if swap backing store is full
#   Decrease Java heap size (-Xmx/-Xms)
#   Decrease number of Java threads
#   Decrease Java thread stack sizes (-Xss)
#   Set larger code cache with -XX:ReservedCodeCacheSize=
#   JVM is running with Unscaled Compressed Oops mode in which the Java heap is
#     placed in the first 4GB address space. The Java Heap base address is the
#     maximum limit for the native heap growth. Please use -XX:HeapBaseMinAddress
#     to set the Java Heap base and to place the Java Heap above 4GB virtual address.
# This output file may be truncated or incomplete.
#
#  Out of Memory Error (os_windows.cpp:3631), pid=17640, tid=17604
#
# JRE version: OpenJDK Runtime Environment (22.0.2+9) (build 22.0.2+9-70)
# Java VM: OpenJDK 64-Bit Server VM (22.0.2+9-70, mixed mode, sharing, tiered, compressed oops, compressed class ptrs, g1 gc, windows-amd64)
# No core dump will be written. Minidumps are not enabled by default on client versions of Windows
#

---------------  S U M M A R Y ------------

Command Line: -DkotlinLanguageServer.version=1.3.13 org.javacs.kt.MainKt

Host: Intel(R) Core(TM) i5-4300U CPU @ 1.90GHz, 4 cores, 7G,  Windows 10 , 64 bit Build 19041 (10.0.19041.5915)
Time: Wed Jul 30 14:46:17 2025 Pakistan Standard Time elapsed time: 237.554228 seconds (0d 0h 3m 57s)

---------------  T H R E A D  ---------------

Current thread (0x0000018bcac192a0):  VMThread "VM Thread"          [id=17604, stack(0x00000064afa00000,0x00000064afb00000) (1024K)]

Stack: [0x00000064afa00000,0x00000064afb00000]
Native frames: (J=compiled Java code, j=interpreted, Vv=VM code, C=native code)
V  [jvm.dll+0x6e26e9]  (no source info available)
V  [jvm.dll+0x875753]  (no source info available)
V  [jvm.dll+0x877b7e]  (no source info available)
V  [jvm.dll+0x878253]  (no source info available)
V  [jvm.dll+0x27fc86]  (no source info available)
V  [jvm.dll+0x6ded85]  (no source info available)
V  [jvm.dll+0x6d388a]  (no source info available)
V  [jvm.dll+0x358b8a]  (no source info available)
V  [jvm.dll+0x3610b6]  (no source info available)
V  [jvm.dll+0x3b419e]  (no source info available)
V  [jvm.dll+0x3b4448]  (no source info available)
V  [jvm.dll+0x32c5ec]  (no source info available)
V  [jvm.dll+0x32c677]  (no source info available)
V  [jvm.dll+0x37244c]  (no source info available)
V  [jvm.dll+0x370b46]  (no source info available)
V  [jvm.dll+0x32bcd7]  (no source info available)
V  [jvm.dll+0x370304]  (no source info available)
V  [jvm.dll+0x87e0f0]  (no source info available)
V  [jvm.dll+0x87f477]  (no source info available)
V  [jvm.dll+0x87f9f0]  (no source info available)
V  [jvm.dll+0x87fc93]  (no source info available)
V  [jvm.dll+0x81dc0b]  (no source info available)
V  [jvm.dll+0x6e0d85]  (no source info available)
C  [ucrtbase.dll+0x21bb2]  (no source info available)
C  [KERNEL32.DLL+0x17374]  (no source info available)
C  [ntdll.dll+0x4cc91]  (no source info available)

VM_Operation (0x00000064b0cfcfc0): G1CollectForAllocation, mode: safepoint, requested by thread 0x0000018c1bdc56d0


---------------  P R O C E S S  ---------------

Threads class SMR info:
_java_thread_list=0x0000018c1c4af180, length=19, elements={
0x0000018bcac34210, 0x0000018bcac34f30, 0x0000018bcac3b530, 0x0000018bcac3bf90,
0x0000018bcac3c9f0, 0x0000018bcac3d450, 0x0000018bcac3e1e0, 0x0000018bcac6aea0,
0x0000018c100edbd0, 0x0000018c100f6a80, 0x0000018c1144db90, 0x0000018bace3f550,
0x0000018c1aaf9850, 0x0000018bcac86500, 0x0000018bcac857e0, 0x0000018bcac87220,
0x0000018bcac84430, 0x0000018c1bdc56d0, 0x0000018c1a5df010
}

Java Threads: ( => current thread )
  0x0000018bcac34210 JavaThread "Reference Handler"          daemon [_thread_blocked, id=17584, stack(0x00000064afb00000,0x00000064afc00000) (1024K)]
  0x0000018bcac34f30 JavaThread "Finalizer"                  daemon [_thread_blocked, id=17588, stack(0x00000064afc00000,0x00000064afd00000) (1024K)]
  0x0000018bcac3b530 JavaThread "Signal Dispatcher"          daemon [_thread_blocked, id=17592, stack(0x00000064afd00000,0x00000064afe00000) (1024K)]
  0x0000018bcac3bf90 JavaThread "Attach Listener"            daemon [_thread_blocked, id=17576, stack(0x00000064afe00000,0x00000064aff00000) (1024K)]
  0x0000018bcac3c9f0 JavaThread "Service Thread"             daemon [_thread_blocked, id=17140, stack(0x00000064aff00000,0x00000064b0000000) (1024K)]
  0x0000018bcac3d450 JavaThread "Monitor Deflation Thread"   daemon [_thread_blocked, id=10124, stack(0x00000064b0000000,0x00000064b0100000) (1024K)]
  0x0000018bcac3e1e0 JavaThread "C2 CompilerThread0"         daemon [_thread_blocked, id=13504, stack(0x00000064b0100000,0x00000064b0200000) (1024K)]
  0x0000018bcac6aea0 JavaThread "C1 CompilerThread0"         daemon [_thread_blocked, id=17564, stack(0x00000064b0200000,0x00000064b0300000) (1024K)]
  0x0000018c100edbd0 JavaThread "Notification Thread"        daemon [_thread_blocked, id=17652, stack(0x00000064b0300000,0x00000064b0400000) (1024K)]
  0x0000018c100f6a80 JavaThread "Common-Cleaner"             daemon [_thread_blocked, id=17248, stack(0x00000064b0400000,0x00000064b0500000) (1024K)]
  0x0000018c1144db90 JavaThread "client"                            [_thread_in_native, id=16952, stack(0x00000064b0800000,0x00000064b0900000) (1024K)]
  0x0000018bace3f550 JavaThread "DestroyJavaVM"                     [_thread_blocked, id=13892, stack(0x00000064af300000,0x00000064af400000) (1024K)]
  0x0000018c1aaf9850 JavaThread "async0"                            [_thread_blocked, id=3800, stack(0x00000064b0900000,0x00000064b0a00000) (1024K)]
  0x0000018bcac86500 JavaThread "async1"                            [_thread_blocked, id=16116, stack(0x00000064af100000,0x00000064af200000) (1024K)]
  0x0000018bcac857e0 JavaThread "debounce0"                         [_thread_blocked, id=17904, stack(0x00000064af000000,0x00000064af100000) (1024K)]
  0x0000018bcac87220 JavaThread "async2"                            [_thread_blocked, id=15856, stack(0x00000064b0a00000,0x00000064b0b00000) (1024K)]
  0x0000018bcac84430 JavaThread "async3"                            [_thread_blocked, id=17004, stack(0x00000064b0b00000,0x00000064b0c00000) (1024K)]
  0x0000018c1bdc56d0 JavaThread "ForkJoinPool.commonPool-worker-1" daemon [_thread_blocked, id=3904, stack(0x00000064b0c00000,0x00000064b0d00000) (1024K)]
  0x0000018c1a5df010 JavaThread "C2 CompilerThread1"         daemon [_thread_blocked, id=5248, stack(0x00000064af200000,0x00000064af300000) (1024K)]
Total: 19

Other Threads:
=>0x0000018bcac192a0 VMThread "VM Thread"                           [id=17604, stack(0x00000064afa00000,0x00000064afb00000) (1024K)]
  0x0000018bcabff980 WatcherThread "VM Periodic Task Thread"        [id=17684, stack(0x00000064af900000,0x00000064afa00000) (1024K)]
  0x0000018bace96110 WorkerThread "GC Thread#0"                     [id=9500, stack(0x00000064af400000,0x00000064af500000) (1024K)]
  0x0000018c1073ba20 WorkerThread "GC Thread#1"                     [id=18232, stack(0x00000064b0500000,0x00000064b0600000) (1024K)]
  0x0000018c1077dc20 WorkerThread "GC Thread#2"                     [id=12688, stack(0x00000064b0600000,0x00000064b0700000) (1024K)]
  0x0000018c1077dfd0 WorkerThread "GC Thread#3"                     [id=18184, stack(0x00000064b0700000,0x00000064b0800000) (1024K)]
  0x0000018bacea6740 ConcurrentGCThread "G1 Main Marker"            [id=17596, stack(0x00000064af500000,0x00000064af600000) (1024K)]
  0x0000018bacea7400 WorkerThread "G1 Conc#0"                       [id=17660, stack(0x00000064af600000,0x00000064af700000) (1024K)]
  0x0000018bacefea20 ConcurrentGCThread "G1 Refine#0"               [id=17672, stack(0x00000064af700000,0x00000064af800000) (1024K)]
  0x0000018bcaad2850 ConcurrentGCThread "G1 Service"                [id=17680, stack(0x00000064af800000,0x00000064af900000) (1024K)]
Total: 10

Threads with active compile tasks:
C2 CompilerThread0  237727 8291       4       com.intellij.psi.impl.compiled.SignatureParsing::parseTypeVariableRefSignature (81 bytes)
C2 CompilerThread1  237728 8288       4       org.jetbrains.kotlin.load.java.lazy.descriptors.LazyJavaScope::computeDescriptors (318 bytes)
Total: 2

VM state: at safepoint (normal execution)

VM Mutex/Monitor currently owned by a thread:  ([mutex/lock_event])
[0x00007ffd8c9ecb80] Threads_lock - owner thread: 0x0000018bcac192a0
[0x00007ffd8c9ecc80] Heap_lock - owner thread: 0x0000018c1bdc56d0

Heap address: 0x0000000084e00000, size: 1970 MB, Compressed Oops mode: 32-bit

CDS archive(s) mapped at: [0x0000018bcb000000-0x0000018bcbc60000-0x0000018bcbc60000), size 12976128, SharedBaseAddress: 0x0000018bcb000000, ArchiveRelocationMode: 1.
Compressed class space mapped at: 0x0000018bcc000000-0x0000018c0c000000, reserved size: 1073741824
Narrow klass base: 0x0000018bcb000000, Narrow klass shift: 0, Narrow klass range: 0x41000000

GC Precious Log:
 CardTable entry size: 512
 Card Set container configuration: InlinePtr #cards 5 size 8 Array Of Cards #cards 12 size 40 Howl #buckets 4 coarsen threshold 1843 Howl Bitmap #cards 512 size 80 coarsen threshold 460 Card regions per heap region 1 cards per card region 2048
 CPUs: 4 total, 4 available
 Memory: 7878M
 Large Page Support: Disabled
 NUMA Support: Disabled
 Compressed Oops: Enabled (32-bit)
 Heap Region Size: 1M
 Heap Min Capacity: 8M
 Heap Initial Capacity: 124M
 Heap Max Capacity: 1970M
 Pre-touch: Disabled
 Parallel Workers: 4
 Concurrent Workers: 1
 Concurrent Refinement Workers: 4
 Periodic GC: Disabled

Heap:
 garbage-first heap   total reserved 2017280K, committed 197632K, used 148899K [0x0000000084e00000, 0x0000000100000000)
  region size 1024K, 6 young (6144K), 6 survivors (6144K)
 Metaspace       used 63920K, committed 64960K, reserved 1114112K
  class space    used 7766K, committed 8256K, reserved 1048576K

Heap Regions: E=young(eden), S=young(survivor), O=old, HS=humongous(starts), HC=humongous(continues), CS=collection set, F=free, TAMS=top-at-mark-start, PB=parsable bottom
|   0|0x0000000084e00000, 0x0000000084f00000, 0x0000000084f00000|100%|HS|  |TAMS 0x0000000084f00000| PB 0x0000000084e00000| Complete |  0
|   1|0x0000000084f00000, 0x0000000085000000, 0x0000000085000000|100%|HC|  |TAMS 0x0000000085000000| PB 0x0000000084f00000| Complete |  0
|   2|0x0000000085000000, 0x0000000085100000, 0x0000000085100000|100%|HC|  |TAMS 0x0000000085100000| PB 0x0000000085000000| Complete |  0
|   3|0x0000000085100000, 0x0000000085200000, 0x0000000085200000|100%|HC|  |TAMS 0x0000000085200000| PB 0x0000000085100000| Complete |  0
|   4|0x0000000085200000, 0x0000000085300000, 0x0000000085300000|100%| O|  |TAMS 0x0000000085300000| PB 0x0000000085200000| Untracked |  0
|   5|0x0000000085300000, 0x0000000085400000, 0x0000000085400000|100%| O|  |TAMS 0x0000000085400000| PB 0x0000000085300000| Untracked |  0
|   6|0x0000000085400000, 0x0000000085500000, 0x0000000085500000|100%| O|  |TAMS 0x0000000085500000| PB 0x0000000085400000| Untracked |  0
|   7|0x0000000085500000, 0x0000000085600000, 0x0000000085600000|100%| O|  |TAMS 0x0000000085600000| PB 0x0000000085500000| Untracked |  0
|   8|0x0000000085600000, 0x0000000085700000, 0x0000000085700000|100%| O|  |TAMS 0x0000000085700000| PB 0x0000000085600000| Untracked |  0
|   9|0x0000000085700000, 0x0000000085800000, 0x0000000085800000|100%| O|  |TAMS 0x0000000085800000| PB 0x0000000085700000| Untracked |  0
|  10|0x0000000085800000, 0x0000000085900000, 0x0000000085900000|100%| O|  |TAMS 0x0000000085900000| PB 0x0000000085800000| Untracked |  0
|  11|0x0000000085900000, 0x0000000085a00000, 0x0000000085a00000|100%| O|  |TAMS 0x0000000085a00000| PB 0x0000000085900000| Untracked |  0
|  12|0x0000000085a00000, 0x0000000085b00000, 0x0000000085b00000|100%| O|  |TAMS 0x0000000085b00000| PB 0x0000000085a00000| Untracked |  0
|  13|0x0000000085b00000, 0x0000000085c00000, 0x0000000085c00000|100%| O|  |TAMS 0x0000000085c00000| PB 0x0000000085b00000| Untracked |  0
|  14|0x0000000085c00000, 0x0000000085d00000, 0x0000000085d00000|100%| O|  |TAMS 0x0000000085d00000| PB 0x0000000085c00000| Untracked |  0
|  15|0x0000000085d00000, 0x0000000085e00000, 0x0000000085e00000|100%| O|  |TAMS 0x0000000085e00000| PB 0x0000000085d00000| Untracked |  0
|  16|0x0000000085e00000, 0x0000000085f00000, 0x0000000085f00000|100%| O|  |TAMS 0x0000000085f00000| PB 0x0000000085e00000| Untracked |  0
|  17|0x0000000085f00000, 0x0000000086000000, 0x0000000086000000|100%| O|  |TAMS 0x0000000086000000| PB 0x0000000085f00000| Untracked |  0
|  18|0x0000000086000000, 0x0000000086100000, 0x0000000086100000|100%| O|  |TAMS 0x0000000086100000| PB 0x0000000086000000| Untracked |  0
|  19|0x0000000086100000, 0x0000000086200000, 0x0000000086200000|100%| O|  |TAMS 0x0000000086200000| PB 0x0000000086100000| Untracked |  0
|  20|0x0000000086200000, 0x0000000086300000, 0x0000000086300000|100%| O|  |TAMS 0x0000000086300000| PB 0x0000000086200000| Untracked |  0
|  21|0x0000000086300000, 0x0000000086400000, 0x0000000086400000|100%| O|  |TAMS 0x0000000086400000| PB 0x0000000086300000| Untracked |  0
|  22|0x0000000086400000, 0x0000000086500000, 0x0000000086500000|100%| O|  |TAMS 0x0000000086500000| PB 0x0000000086400000| Untracked |  0
|  23|0x0000000086500000, 0x0000000086600000, 0x0000000086600000|100%| O|  |TAMS 0x0000000086600000| PB 0x0000000086500000| Untracked |  0
|  24|0x0000000086600000, 0x0000000086700000, 0x0000000086700000|100%| O|  |TAMS 0x0000000086700000| PB 0x0000000086600000| Untracked |  0
|  25|0x0000000086700000, 0x0000000086800000, 0x0000000086800000|100%| O|  |TAMS 0x0000000086800000| PB 0x0000000086700000| Untracked |  0
|  26|0x0000000086800000, 0x0000000086900000, 0x0000000086900000|100%| O|  |TAMS 0x0000000086900000| PB 0x0000000086800000| Untracked |  0
|  27|0x0000000086900000, 0x0000000086a00000, 0x0000000086a00000|100%| O|  |TAMS 0x0000000086a00000| PB 0x0000000086900000| Untracked |  0
|  28|0x0000000086a00000, 0x0000000086b00000, 0x0000000086b00000|100%| O|  |TAMS 0x0000000086b00000| PB 0x0000000086a00000| Untracked |  0
|  29|0x0000000086b00000, 0x0000000086c00000, 0x0000000086c00000|100%| O|  |TAMS 0x0000000086c00000| PB 0x0000000086b00000| Untracked |  0
|  30|0x0000000086c00000, 0x0000000086d00000, 0x0000000086d00000|100%| O|  |TAMS 0x0000000086d00000| PB 0x0000000086c00000| Untracked |  0
|  31|0x0000000086d00000, 0x0000000086e00000, 0x0000000086e00000|100%| O|  |TAMS 0x0000000086e00000| PB 0x0000000086d00000| Untracked |  0
|  32|0x0000000086e00000, 0x0000000086f00000, 0x0000000086f00000|100%| O|  |TAMS 0x0000000086f00000| PB 0x0000000086e00000| Untracked |  0
|  33|0x0000000086f00000, 0x0000000087000000, 0x0000000087000000|100%| O|  |TAMS 0x0000000087000000| PB 0x0000000086f00000| Untracked |  0
|  34|0x0000000087000000, 0x0000000087100000, 0x0000000087100000|100%| O|  |TAMS 0x0000000087100000| PB 0x0000000087000000| Untracked |  0
|  35|0x0000000087100000, 0x0000000087200000, 0x0000000087200000|100%| O|  |TAMS 0x0000000087200000| PB 0x0000000087100000| Untracked |  0
|  36|0x0000000087200000, 0x0000000087300000, 0x0000000087300000|100%| O|  |TAMS 0x0000000087300000| PB 0x0000000087200000| Untracked |  0
|  37|0x0000000087300000, 0x0000000087400000, 0x0000000087400000|100%| O|  |TAMS 0x0000000087400000| PB 0x0000000087300000| Untracked |  0
|  38|0x0000000087400000, 0x0000000087500000, 0x0000000087500000|100%| O|  |TAMS 0x0000000087500000| PB 0x0000000087400000| Untracked |  0
|  39|0x0000000087500000, 0x0000000087600000, 0x0000000087600000|100%| O|  |TAMS 0x0000000087600000| PB 0x0000000087500000| Untracked |  0
|  40|0x0000000087600000, 0x0000000087700000, 0x0000000087700000|100%| O|  |TAMS 0x0000000087700000| PB 0x0000000087600000| Untracked |  0
|  41|0x0000000087700000, 0x0000000087800000, 0x0000000087800000|100%| O|  |TAMS 0x0000000087800000| PB 0x0000000087700000| Untracked |  0
|  42|0x0000000087800000, 0x0000000087900000, 0x0000000087900000|100%| O|  |TAMS 0x0000000087900000| PB 0x0000000087800000| Untracked |  0
|  43|0x0000000087900000, 0x0000000087a00000, 0x0000000087a00000|100%| O|  |TAMS 0x0000000087a00000| PB 0x0000000087900000| Untracked |  0
|  44|0x0000000087a00000, 0x0000000087b00000, 0x0000000087b00000|100%| O|  |TAMS 0x0000000087b00000| PB 0x0000000087a00000| Untracked |  0
|  45|0x0000000087b00000, 0x0000000087c00000, 0x0000000087c00000|100%| O|  |TAMS 0x0000000087c00000| PB 0x0000000087b00000| Untracked |  0
|  46|0x0000000087c00000, 0x0000000087d00000, 0x0000000087d00000|100%| O|  |TAMS 0x0000000087d00000| PB 0x0000000087c00000| Untracked |  0
|  47|0x0000000087d00000, 0x0000000087e00000, 0x0000000087e00000|100%| O|  |TAMS 0x0000000087e00000| PB 0x0000000087d00000| Untracked |  0
|  48|0x0000000087e00000, 0x0000000087f00000, 0x0000000087f00000|100%| O|  |TAMS 0x0000000087f00000| PB 0x0000000087e00000| Untracked |  0
|  49|0x0000000087f00000, 0x0000000088000000, 0x0000000088000000|100%| O|  |TAMS 0x0000000088000000| PB 0x0000000087f00000| Untracked |  0
|  50|0x0000000088000000, 0x0000000088100000, 0x0000000088100000|100%| O|  |TAMS 0x0000000088100000| PB 0x0000000088000000| Untracked |  0
|  51|0x0000000088100000, 0x0000000088200000, 0x0000000088200000|100%| O|  |TAMS 0x0000000088200000| PB 0x0000000088100000| Untracked |  0
|  52|0x0000000088200000, 0x0000000088300000, 0x0000000088300000|100%| O|  |TAMS 0x0000000088300000| PB 0x0000000088200000| Untracked |  0
|  53|0x0000000088300000, 0x0000000088400000, 0x0000000088400000|100%| O|  |TAMS 0x0000000088400000| PB 0x0000000088300000| Untracked |  0
|  54|0x0000000088400000, 0x0000000088500000, 0x0000000088500000|100%| O|  |TAMS 0x0000000088500000| PB 0x0000000088400000| Untracked |  0
|  55|0x0000000088500000, 0x0000000088600000, 0x0000000088600000|100%| O|  |TAMS 0x0000000088600000| PB 0x0000000088500000| Untracked |  0
|  56|0x0000000088600000, 0x0000000088700000, 0x0000000088700000|100%| O|  |TAMS 0x0000000088700000| PB 0x0000000088600000| Untracked |  0
|  57|0x0000000088700000, 0x0000000088800000, 0x0000000088800000|100%| O|  |TAMS 0x0000000088800000| PB 0x0000000088700000| Untracked |  0
|  58|0x0000000088800000, 0x0000000088900000, 0x0000000088900000|100%| O|  |TAMS 0x0000000088900000| PB 0x0000000088800000| Untracked |  0
|  59|0x0000000088900000, 0x0000000088a00000, 0x0000000088a00000|100%| O|  |TAMS 0x0000000088a00000| PB 0x0000000088900000| Untracked |  0
|  60|0x0000000088a00000, 0x0000000088b00000, 0x0000000088b00000|100%| O|  |TAMS 0x0000000088b00000| PB 0x0000000088a00000| Untracked |  0
|  61|0x0000000088b00000, 0x0000000088c00000, 0x0000000088c00000|100%| O|  |TAMS 0x0000000088c00000| PB 0x0000000088b00000| Untracked |  0
|  62|0x0000000088c00000, 0x0000000088d00000, 0x0000000088d00000|100%| O|  |TAMS 0x0000000088d00000| PB 0x0000000088c00000| Untracked |  0
|  63|0x0000000088d00000, 0x0000000088e00000, 0x0000000088e00000|100%| O|  |TAMS 0x0000000088e00000| PB 0x0000000088d00000| Untracked |  0
|  64|0x0000000088e00000, 0x0000000088f00000, 0x0000000088f00000|100%| O|  |TAMS 0x0000000088f00000| PB 0x0000000088e00000| Untracked |  0
|  65|0x0000000088f00000, 0x0000000089000000, 0x0000000089000000|100%| O|  |TAMS 0x0000000089000000| PB 0x0000000088f00000| Untracked |  0
|  66|0x0000000089000000, 0x0000000089100000, 0x0000000089100000|100%| O|  |TAMS 0x0000000089100000| PB 0x0000000089000000| Untracked |  0
|  67|0x0000000089100000, 0x0000000089200000, 0x0000000089200000|100%| O|  |TAMS 0x0000000089200000| PB 0x0000000089100000| Untracked |  0
|  68|0x0000000089200000, 0x0000000089300000, 0x0000000089300000|100%| O|  |TAMS 0x0000000089300000| PB 0x0000000089200000| Untracked |  0
|  69|0x0000000089300000, 0x0000000089400000, 0x0000000089400000|100%| O|  |TAMS 0x0000000089400000| PB 0x0000000089300000| Untracked |  0
|  70|0x0000000089400000, 0x0000000089500000, 0x0000000089500000|100%| O|  |TAMS 0x0000000089500000| PB 0x0000000089400000| Untracked |  0
|  71|0x0000000089500000, 0x0000000089600000, 0x0000000089600000|100%| O|  |TAMS 0x0000000089600000| PB 0x0000000089500000| Untracked |  0
|  72|0x0000000089600000, 0x0000000089700000, 0x0000000089700000|100%| O|  |TAMS 0x0000000089700000| PB 0x0000000089600000| Untracked |  0
|  73|0x0000000089700000, 0x0000000089800000, 0x0000000089800000|100%| O|  |TAMS 0x0000000089800000| PB 0x0000000089700000| Untracked |  0
|  74|0x0000000089800000, 0x0000000089900000, 0x0000000089900000|100%| O|  |TAMS 0x0000000089900000| PB 0x0000000089800000| Untracked |  0
|  75|0x0000000089900000, 0x0000000089a00000, 0x0000000089a00000|100%| O|  |TAMS 0x0000000089a00000| PB 0x0000000089900000| Untracked |  0
|  76|0x0000000089a00000, 0x0000000089b00000, 0x0000000089b00000|100%| O|  |TAMS 0x0000000089b00000| PB 0x0000000089a00000| Untracked |  0
|  77|0x0000000089b00000, 0x0000000089c00000, 0x0000000089c00000|100%| O|  |TAMS 0x0000000089c00000| PB 0x0000000089b00000| Untracked |  0
|  78|0x0000000089c00000, 0x0000000089d00000, 0x0000000089d00000|100%| O|  |TAMS 0x0000000089c00000| PB 0x0000000089c00000| Untracked |  0
|  79|0x0000000089d00000, 0x0000000089e00000, 0x0000000089e00000|100%| O|  |TAMS 0x0000000089e00000| PB 0x0000000089d00000| Untracked |  0
|  80|0x0000000089e00000, 0x0000000089f00000, 0x0000000089f00000|100%| O|  |TAMS 0x0000000089f00000| PB 0x0000000089e00000| Untracked |  0
|  81|0x0000000089f00000, 0x000000008a000000, 0x000000008a000000|100%| O|  |TAMS 0x000000008a000000| PB 0x0000000089f00000| Untracked |  0
|  82|0x000000008a000000, 0x000000008a100000, 0x000000008a100000|100%| O|  |TAMS 0x000000008a100000| PB 0x000000008a000000| Untracked |  0
|  83|0x000000008a100000, 0x000000008a200000, 0x000000008a200000|100%| O|  |TAMS 0x000000008a200000| PB 0x000000008a100000| Untracked |  0
|  84|0x000000008a200000, 0x000000008a300000, 0x000000008a300000|100%| O|  |TAMS 0x000000008a300000| PB 0x000000008a200000| Untracked |  0
|  85|0x000000008a300000, 0x000000008a400000, 0x000000008a400000|100%| O|  |TAMS 0x000000008a300000| PB 0x000000008a300000| Untracked |  0
|  86|0x000000008a400000, 0x000000008a500000, 0x000000008a500000|100%| O|  |TAMS 0x000000008a500000| PB 0x000000008a400000| Untracked |  0
|  87|0x000000008a500000, 0x000000008a600000, 0x000000008a600000|100%| O|  |TAMS 0x000000008a600000| PB 0x000000008a500000| Untracked |  0
|  88|0x000000008a600000, 0x000000008a700000, 0x000000008a700000|100%| O|  |TAMS 0x000000008a700000| PB 0x000000008a600000| Untracked |  0
|  89|0x000000008a700000, 0x000000008a800000, 0x000000008a800000|100%| O|  |TAMS 0x000000008a800000| PB 0x000000008a700000| Untracked |  0
|  90|0x000000008a800000, 0x000000008a900000, 0x000000008a900000|100%| O|  |TAMS 0x000000008a900000| PB 0x000000008a800000| Untracked |  0
|  91|0x000000008a900000, 0x000000008aa00000, 0x000000008aa00000|100%| O|  |TAMS 0x000000008aa00000| PB 0x000000008a900000| Untracked |  0
|  92|0x000000008aa00000, 0x000000008ab00000, 0x000000008ab00000|100%| O|  |TAMS 0x000000008ab00000| PB 0x000000008aa00000| Untracked |  0
|  93|0x000000008ab00000, 0x000000008ac00000, 0x000000008ac00000|100%| O|  |TAMS 0x000000008ab00000| PB 0x000000008ab00000| Untracked |  0
|  94|0x000000008ac00000, 0x000000008ad00000, 0x000000008ad00000|100%| O|  |TAMS 0x000000008ad00000| PB 0x000000008ac00000| Untracked |  0
|  95|0x000000008ad00000, 0x000000008ae00000, 0x000000008ae00000|100%| O|  |TAMS 0x000000008ae00000| PB 0x000000008ad00000| Untracked |  0
|  96|0x000000008ae00000, 0x000000008af00000, 0x000000008af00000|100%| O|  |TAMS 0x000000008af00000| PB 0x000000008ae00000| Untracked |  0
|  97|0x000000008af00000, 0x000000008b000000, 0x000000008b000000|100%| O|  |TAMS 0x000000008b000000| PB 0x000000008af00000| Untracked |  0
|  98|0x000000008b000000, 0x000000008b100000, 0x000000008b100000|100%| O|  |TAMS 0x000000008b100000| PB 0x000000008b000000| Untracked |  0
|  99|0x000000008b100000, 0x000000008b200000, 0x000000008b200000|100%| O|  |TAMS 0x000000008b200000| PB 0x000000008b100000| Untracked |  0
| 100|0x000000008b200000, 0x000000008b300000, 0x000000008b300000|100%| O|  |TAMS 0x000000008b300000| PB 0x000000008b200000| Untracked |  0
| 101|0x000000008b300000, 0x000000008b400000, 0x000000008b400000|100%| O|  |TAMS 0x000000008b400000| PB 0x000000008b300000| Untracked |  0
| 102|0x000000008b400000, 0x000000008b500000, 0x000000008b500000|100%| O|  |TAMS 0x000000008b500000| PB 0x000000008b400000| Untracked |  0
| 103|0x000000008b500000, 0x000000008b600000, 0x000000008b600000|100%| O|  |TAMS 0x000000008b600000| PB 0x000000008b500000| Untracked |  0
| 104|0x000000008b600000, 0x000000008b700000, 0x000000008b700000|100%| O|  |TAMS 0x000000008b700000| PB 0x000000008b600000| Untracked |  0
| 105|0x000000008b700000, 0x000000008b800000, 0x000000008b800000|100%| O|  |TAMS 0x000000008b800000| PB 0x000000008b700000| Untracked |  0
| 106|0x000000008b800000, 0x000000008b900000, 0x000000008b900000|100%| O|  |TAMS 0x000000008b900000| PB 0x000000008b800000| Untracked |  0
| 107|0x000000008b900000, 0x000000008ba00000, 0x000000008ba00000|100%| O|  |TAMS 0x000000008ba00000| PB 0x000000008b900000| Untracked |  0
| 108|0x000000008ba00000, 0x000000008bb00000, 0x000000008bb00000|100%| O|  |TAMS 0x000000008bb00000| PB 0x000000008ba00000| Untracked |  0
| 109|0x000000008bb00000, 0x000000008bc00000, 0x000000008bc00000|100%| O|  |TAMS 0x000000008bc00000| PB 0x000000008bb00000| Untracked |  0
| 110|0x000000008bc00000, 0x000000008bd00000, 0x000000008bd00000|100%| O|  |TAMS 0x000000008bd00000| PB 0x000000008bc00000| Untracked |  0
| 111|0x000000008bd00000, 0x000000008be00000, 0x000000008be00000|100%| O|  |TAMS 0x000000008be00000| PB 0x000000008bd00000| Untracked |  0
| 112|0x000000008be00000, 0x000000008bf00000, 0x000000008bf00000|100%| O|  |TAMS 0x000000008bf00000| PB 0x000000008be00000| Untracked |  0
| 113|0x000000008bf00000, 0x000000008c000000, 0x000000008c000000|100%| O|  |TAMS 0x000000008c000000| PB 0x000000008bf00000| Untracked |  0
| 114|0x000000008c000000, 0x000000008c100000, 0x000000008c100000|100%| O|  |TAMS 0x000000008c100000| PB 0x000000008c000000| Untracked |  0
| 115|0x000000008c100000, 0x000000008c200000, 0x000000008c200000|100%| O|  |TAMS 0x000000008c200000| PB 0x000000008c100000| Untracked |  0
| 116|0x000000008c200000, 0x000000008c300000, 0x000000008c300000|100%| O|  |TAMS 0x000000008c300000| PB 0x000000008c200000| Untracked |  0
| 117|0x000000008c300000, 0x000000008c400000, 0x000000008c400000|100%| O|  |TAMS 0x000000008c400000| PB 0x000000008c300000| Untracked |  0
| 118|0x000000008c400000, 0x000000008c500000, 0x000000008c500000|100%| O|  |TAMS 0x000000008c500000| PB 0x000000008c400000| Untracked |  0
| 119|0x000000008c500000, 0x000000008c600000, 0x000000008c600000|100%| O|  |TAMS 0x000000008c600000| PB 0x000000008c500000| Untracked |  0
| 120|0x000000008c600000, 0x000000008c700000, 0x000000008c700000|100%| O|  |TAMS 0x000000008c700000| PB 0x000000008c600000| Untracked |  0
| 121|0x000000008c700000, 0x000000008c800000, 0x000000008c800000|100%| O|  |TAMS 0x000000008c800000| PB 0x000000008c700000| Untracked |  0
| 122|0x000000008c800000, 0x000000008c900000, 0x000000008c900000|100%| O|  |TAMS 0x000000008c900000| PB 0x000000008c800000| Untracked |  0
| 123|0x000000008c900000, 0x000000008ca00000, 0x000000008ca00000|100%| O|  |TAMS 0x000000008ca00000| PB 0x000000008c900000| Untracked |  0
| 124|0x000000008ca00000, 0x000000008cb00000, 0x000000008cb00000|100%| O|  |TAMS 0x000000008cb00000| PB 0x000000008ca00000| Untracked |  0
| 125|0x000000008cb00000, 0x000000008cc00000, 0x000000008cc00000|100%| O|  |TAMS 0x000000008cb00000| PB 0x000000008cb00000| Untracked |  0
| 126|0x000000008cc00000, 0x000000008cd00000, 0x000000008cd00000|100%| O|  |TAMS 0x000000008cc00000| PB 0x000000008cc00000| Untracked |  0
| 127|0x000000008cd00000, 0x000000008ce00000, 0x000000008ce00000|100%| O|  |TAMS 0x000000008cd00000| PB 0x000000008cd00000| Untracked |  0
| 128|0x000000008ce00000, 0x000000008cf00000, 0x000000008cf00000|100%| O|  |TAMS 0x000000008ce00000| PB 0x000000008ce00000| Untracked |  0
| 129|0x000000008cf00000, 0x000000008d000000, 0x000000008d000000|100%| O|  |TAMS 0x000000008cf00000| PB 0x000000008cf00000| Untracked |  0
| 130|0x000000008d000000, 0x000000008d100000, 0x000000008d100000|100%| O|  |TAMS 0x000000008d000000| PB 0x000000008d000000| Untracked |  0
| 131|0x000000008d100000, 0x000000008d200000, 0x000000008d200000|100%| O|  |TAMS 0x000000008d100000| PB 0x000000008d100000| Untracked |  0
| 132|0x000000008d200000, 0x000000008d300000, 0x000000008d300000|100%| O|  |TAMS 0x000000008d200000| PB 0x000000008d200000| Untracked |  0
| 133|0x000000008d300000, 0x000000008d400000, 0x000000008d400000|100%| O|  |TAMS 0x000000008d300000| PB 0x000000008d300000| Untracked |  0
| 134|0x000000008d400000, 0x000000008d500000, 0x000000008d500000|100%| O|  |TAMS 0x000000008d400000| PB 0x000000008d400000| Untracked |  0
| 135|0x000000008d500000, 0x000000008d600000, 0x000000008d600000|100%| O|  |TAMS 0x000000008d500000| PB 0x000000008d500000| Untracked |  0
| 136|0x000000008d600000, 0x000000008d700000, 0x000000008d700000|100%| O|  |TAMS 0x000000008d600000| PB 0x000000008d600000| Untracked |  0
| 137|0x000000008d700000, 0x000000008d700000, 0x000000008d800000|  0%| F|  |TAMS 0x000000008d700000| PB 0x000000008d700000| Untracked |  0
| 138|0x000000008d800000, 0x000000008d900000, 0x000000008d900000|100%| O|  |TAMS 0x000000008d800000| PB 0x000000008d800000| Untracked |  0
| 139|0x000000008d900000, 0x000000008da00000, 0x000000008da00000|100%| O|  |TAMS 0x000000008d900000| PB 0x000000008d900000| Untracked |  0
| 140|0x000000008da00000, 0x000000008da68ec8, 0x000000008db00000| 40%| O|  |TAMS 0x000000008da00000| PB 0x000000008da00000| Untracked |  0
| 141|0x000000008db00000, 0x000000008db00000, 0x000000008dc00000|  0%| F|  |TAMS 0x000000008db00000| PB 0x000000008db00000| Untracked |  0
| 142|0x000000008dc00000, 0x000000008dc00000, 0x000000008dd00000|  0%| F|  |TAMS 0x000000008dc00000| PB 0x000000008dc00000| Untracked |  0
| 143|0x000000008dd00000, 0x000000008dd00000, 0x000000008de00000|  0%| F|  |TAMS 0x000000008dd00000| PB 0x000000008dd00000| Untracked |  0
| 144|0x000000008de00000, 0x000000008de00000, 0x000000008df00000|  0%| F|  |TAMS 0x000000008de00000| PB 0x000000008de00000| Untracked |  0
| 145|0x000000008df00000, 0x000000008df00000, 0x000000008e000000|  0%| F|  |TAMS 0x000000008df00000| PB 0x000000008df00000| Untracked |  0
| 146|0x000000008e000000, 0x000000008e000000, 0x000000008e100000|  0%| F|  |TAMS 0x000000008e000000| PB 0x000000008e000000| Untracked |  0
| 147|0x000000008e100000, 0x000000008e100000, 0x000000008e200000|  0%| F|  |TAMS 0x000000008e100000| PB 0x000000008e100000| Untracked |  0
| 148|0x000000008e200000, 0x000000008e200000, 0x000000008e300000|  0%| F|  |TAMS 0x000000008e200000| PB 0x000000008e200000| Untracked |  0
| 149|0x000000008e300000, 0x000000008e300000, 0x000000008e400000|  0%| F|  |TAMS 0x000000008e300000| PB 0x000000008e300000| Untracked |  0
| 150|0x000000008e400000, 0x000000008e500000, 0x000000008e500000|100%| S|CS|TAMS 0x000000008e400000| PB 0x000000008e400000| Complete |  0
| 151|0x000000008e500000, 0x000000008e600000, 0x000000008e600000|100%| S|CS|TAMS 0x000000008e500000| PB 0x000000008e500000| Complete |  0
| 152|0x000000008e600000, 0x000000008e700000, 0x000000008e700000|100%| S|CS|TAMS 0x000000008e600000| PB 0x000000008e600000| Complete |  0
| 153|0x000000008e700000, 0x000000008e800000, 0x000000008e800000|100%| S|CS|TAMS 0x000000008e700000| PB 0x000000008e700000| Complete |  0
| 154|0x000000008e800000, 0x000000008e900000, 0x000000008e900000|100%| S|CS|TAMS 0x000000008e800000| PB 0x000000008e800000| Complete |  0
| 155|0x000000008e900000, 0x000000008ea00000, 0x000000008ea00000|100%| S|CS|TAMS 0x000000008e900000| PB 0x000000008e900000| Complete |  0
| 156|0x000000008ea00000, 0x000000008ea00000, 0x000000008eb00000|  0%| F|  |TAMS 0x000000008ea00000| PB 0x000000008ea00000| Untracked |  0
| 157|0x000000008eb00000, 0x000000008eb00000, 0x000000008ec00000|  0%| F|  |TAMS 0x000000008eb00000| PB 0x000000008eb00000| Untracked |  0
| 158|0x000000008ec00000, 0x000000008ec00000, 0x000000008ed00000|  0%| F|  |TAMS 0x000000008ec00000| PB 0x000000008ec00000| Untracked |  0
| 159|0x000000008ed00000, 0x000000008ed00000, 0x000000008ee00000|  0%| F|  |TAMS 0x000000008ed00000| PB 0x000000008ed00000| Untracked |  0
| 160|0x000000008ee00000, 0x000000008ee00000, 0x000000008ef00000|  0%| F|  |TAMS 0x000000008ee00000| PB 0x000000008ee00000| Untracked |  0
| 161|0x000000008ef00000, 0x000000008ef00000, 0x000000008f000000|  0%| F|  |TAMS 0x000000008ef00000| PB 0x000000008ef00000| Untracked |  0
| 162|0x000000008f000000, 0x000000008f000000, 0x000000008f100000|  0%| F|  |TAMS 0x000000008f000000| PB 0x000000008f000000| Untracked |  0
| 163|0x000000008f100000, 0x000000008f100000, 0x000000008f200000|  0%| F|  |TAMS 0x000000008f100000| PB 0x000000008f100000| Untracked |  0
| 164|0x000000008f200000, 0x000000008f200000, 0x000000008f300000|  0%| F|  |TAMS 0x000000008f200000| PB 0x000000008f200000| Untracked |  0
| 165|0x000000008f300000, 0x000000008f300000, 0x000000008f400000|  0%| F|  |TAMS 0x000000008f300000| PB 0x000000008f300000| Untracked |  0
| 166|0x000000008f400000, 0x000000008f400000, 0x000000008f500000|  0%| F|  |TAMS 0x000000008f400000| PB 0x000000008f400000| Untracked |  0
| 167|0x000000008f500000, 0x000000008f500000, 0x000000008f600000|  0%| F|  |TAMS 0x000000008f500000| PB 0x000000008f500000| Untracked |  0
| 168|0x000000008f600000, 0x000000008f600000, 0x000000008f700000|  0%| F|  |TAMS 0x000000008f600000| PB 0x000000008f600000| Untracked |  0
| 169|0x000000008f700000, 0x000000008f700000, 0x000000008f800000|  0%| F|  |TAMS 0x000000008f700000| PB 0x000000008f700000| Untracked |  0
| 170|0x000000008f800000, 0x000000008f800000, 0x000000008f900000|  0%| F|  |TAMS 0x000000008f800000| PB 0x000000008f800000| Untracked |  0
| 171|0x000000008f900000, 0x000000008f900000, 0x000000008fa00000|  0%| F|  |TAMS 0x000000008f900000| PB 0x000000008f900000| Untracked |  0
| 172|0x000000008fa00000, 0x000000008fa00000, 0x000000008fb00000|  0%| F|  |TAMS 0x000000008fa00000| PB 0x000000008fa00000| Untracked |  0
| 173|0x000000008fb00000, 0x000000008fb00000, 0x000000008fc00000|  0%| F|  |TAMS 0x000000008fb00000| PB 0x000000008fb00000| Untracked |  0
| 174|0x000000008fc00000, 0x000000008fc00000, 0x000000008fd00000|  0%| F|  |TAMS 0x000000008fc00000| PB 0x000000008fc00000| Untracked |  0
| 175|0x000000008fd00000, 0x000000008fd00000, 0x000000008fe00000|  0%| F|  |TAMS 0x000000008fd00000| PB 0x000000008fd00000| Untracked |  0
| 176|0x000000008fe00000, 0x000000008fe00000, 0x000000008ff00000|  0%| F|  |TAMS 0x000000008fe00000| PB 0x000000008fe00000| Untracked |  0
| 177|0x000000008ff00000, 0x000000008ff00000, 0x0000000090000000|  0%| F|  |TAMS 0x000000008ff00000| PB 0x000000008ff00000| Untracked |  0
| 178|0x0000000090000000, 0x0000000090000000, 0x0000000090100000|  0%| F|  |TAMS 0x0000000090000000| PB 0x0000000090000000| Untracked |  0
| 179|0x0000000090100000, 0x0000000090100000, 0x0000000090200000|  0%| F|  |TAMS 0x0000000090100000| PB 0x0000000090100000| Untracked |  0
| 180|0x0000000090200000, 0x0000000090200000, 0x0000000090300000|  0%| F|  |TAMS 0x0000000090200000| PB 0x0000000090200000| Untracked |  0
| 181|0x0000000090300000, 0x0000000090300000, 0x0000000090400000|  0%| F|  |TAMS 0x0000000090300000| PB 0x0000000090300000| Untracked |  0
| 182|0x0000000090400000, 0x0000000090400000, 0x0000000090500000|  0%| F|  |TAMS 0x0000000090400000| PB 0x0000000090400000| Untracked |  0
| 183|0x0000000090500000, 0x0000000090500000, 0x0000000090600000|  0%| F|  |TAMS 0x0000000090500000| PB 0x0000000090500000| Untracked |  0
| 184|0x0000000090600000, 0x0000000090600000, 0x0000000090700000|  0%| F|  |TAMS 0x0000000090600000| PB 0x0000000090600000| Untracked |  0
| 185|0x0000000090700000, 0x0000000090700000, 0x0000000090800000|  0%| F|  |TAMS 0x0000000090700000| PB 0x0000000090700000| Untracked |  0
| 186|0x0000000090800000, 0x0000000090800000, 0x0000000090900000|  0%| F|  |TAMS 0x0000000090800000| PB 0x0000000090800000| Untracked |  0
| 187|0x0000000090900000, 0x0000000090900000, 0x0000000090a00000|  0%| F|  |TAMS 0x0000000090900000| PB 0x0000000090900000| Untracked |  0
| 188|0x0000000090a00000, 0x0000000090a00000, 0x0000000090b00000|  0%| F|  |TAMS 0x0000000090a00000| PB 0x0000000090a00000| Untracked |  0
| 189|0x0000000090b00000, 0x0000000090b00000, 0x0000000090c00000|  0%| F|  |TAMS 0x0000000090b00000| PB 0x0000000090b00000| Untracked |  0
| 190|0x0000000090c00000, 0x0000000090c00000, 0x0000000090d00000|  0%| F|  |TAMS 0x0000000090c00000| PB 0x0000000090c00000| Untracked |  0
| 191|0x0000000090d00000, 0x0000000090d00000, 0x0000000090e00000|  0%| F|  |TAMS 0x0000000090d00000| PB 0x0000000090d00000| Untracked |  0
| 192|0x0000000090e00000, 0x0000000090e00000, 0x0000000090f00000|  0%| F|  |TAMS 0x0000000090e00000| PB 0x0000000090e00000| Untracked |  0

Card table byte_map: [0x0000018bc6360000,0x0000018bc6740000] _byte_map_base: 0x0000018bc5f39000

Marking Bits: (CMBitMap*) 0x0000018bace96820
 Bits: [0x0000018bc6740000, 0x0000018bc8608000)

Polling page: 0x0000018bacf00000

Metaspace:

Usage:
  Non-class:     54.84 MB used.
      Class:      7.58 MB used.
       Both:     62.42 MB used.

Virtual space:
  Non-class space:       64.00 MB reserved,      55.38 MB ( 87%) committed,  1 nodes.
      Class space:        1.00 GB reserved,       8.06 MB ( <1%) committed,  1 nodes.
             Both:        1.06 GB reserved,      63.44 MB (  6%) committed. 

Chunk freelists:
   Non-Class:  8.64 MB
       Class:  7.98 MB
        Both:  16.62 MB

MaxMetaspaceSize: unlimited
CompressedClassSpaceSize: 1.00 GB
Initial GC threshold: 21.00 MB
Current GC threshold: 105.44 MB
CDS: on
 - commit_granule_bytes: 65536.
 - commit_granule_words: 8192.
 - virtual_space_node_default_size: 8388608.
 - enlarge_chunks_in_place: 1.
 - use_allocation_guard: 0.


Internal statistics:

num_allocs_failed_limit: 3.
num_arena_births: 1536.
num_arena_deaths: 0.
num_vsnodes_births: 2.
num_vsnodes_deaths: 0.
num_space_committed: 1014.
num_space_uncommitted: 0.
num_chunks_returned_to_freelist: 3.
num_chunks_taken_from_freelist: 3915.
num_chunk_merges: 3.
num_chunk_splits: 2870.
num_chunks_enlarged: 2134.
num_inconsistent_stats: 0.

CodeHeap 'non-profiled nmethods': size=120000Kb used=3785Kb max_used=3860Kb free=116214Kb
 bounds [0x0000018bbe430000, 0x0000018bbe850000, 0x0000018bc5960000]
CodeHeap 'profiled nmethods': size=120000Kb used=6082Kb max_used=12463Kb free=113917Kb
 bounds [0x0000018bb6960000, 0x0000018bb7590000, 0x0000018bbde90000]
CodeHeap 'non-nmethods': size=5760Kb used=1719Kb max_used=1779Kb free=4040Kb
 bounds [0x0000018bbde90000, 0x0000018bbe100000, 0x0000018bbe430000]
 total_blobs=3766 nmethods=3022 adapters=648
 compilation: enabled
              stopped_count=0, restarted_count=0
 full_count=0

Compilation events (20 events):
Event: 237.168 Thread 0x0000018bcac3e1e0 nmethod 8265 0x0000018bbe4bbc90 code [0x0000018bbe4bbe20, 0x0000018bbe4bc1c8]
Event: 237.168 Thread 0x0000018bcac3e1e0 8275       4       kotlin.collections.EmptySet::iterator (7 bytes)
Event: 237.169 Thread 0x0000018bcac3e1e0 nmethod 8275 0x0000018bbe475a10 code [0x0000018bbe475b80, 0x0000018bbe475c10]
Event: 237.200 Thread 0x0000018bcac3e1e0 8283   !   4       com.intellij.psi.impl.compiled.StubBuildingVisitor::visitMethod (764 bytes)
Event: 237.356 Thread 0x0000018c1a5df010 nmethod 8282 0x0000018bbe837e90 code [0x0000018bbe838440, 0x0000018bbe83d188]
Event: 237.359 Thread 0x0000018bcac3e1e0 nmethod 8283 0x0000018bbe840790 code [0x0000018bbe840b80, 0x0000018bbe8436f0]
Event: 237.360 Thread 0x0000018c1a5df010 8285       4       java.lang.StringLatin1::writeDigitPair (21 bytes)
Event: 237.360 Thread 0x0000018bcac3e1e0 8284       4       org.jetbrains.org.objectweb.asm.ClassVisitor::visit (50 bytes)
Event: 237.361 Thread 0x0000018c1a5df010 nmethod 8285 0x0000018bbe5a7490 code [0x0000018bbe5a7620, 0x0000018bbe5a7738]
Event: 237.361 Thread 0x0000018bcac3e1e0 nmethod 8284 0x0000018bbe715610 code [0x0000018bbe7157a0, 0x0000018bbe7158a0]
Event: 237.365 Thread 0x0000018c1a5df010 8286       4       org.jetbrains.kotlin.descriptors.impl.ModuleDescriptorImpl::getPackage (24 bytes)
Event: 237.366 Thread 0x0000018bcac3e1e0 8287       4       org.jetbrains.kotlin.load.java.lazy.descriptors.LazyJavaPackageScope::computeClassNames (276 bytes)
Event: 237.368 Thread 0x0000018c1a5df010 nmethod 8286 0x0000018bbe5d5a90 code [0x0000018bbe5d5c40, 0x0000018bbe5d5db8]
Event: 237.370 Thread 0x0000018c1a5df010 8288       4       org.jetbrains.kotlin.load.java.lazy.descriptors.LazyJavaScope::computeDescriptors (318 bytes)
Event: 237.416 Thread 0x0000018bcac3e1e0 nmethod 8287 0x0000018bbe6f6310 code [0x0000018bbe6f6660, 0x0000018bbe6f76c0]
Event: 237.420 Thread 0x0000018bcac3e1e0 8289       4       com.intellij.psi.impl.compiled.ClsRepositoryPsiElement::getManager (25 bytes)
Event: 237.426 Thread 0x0000018bcac3e1e0 nmethod 8289 0x0000018bbe5f3a10 code [0x0000018bbe5f3be0, 0x0000018bbe5f3ec0]
Event: 237.435 Thread 0x0000018bcac3e1e0 8290       4       org.jetbrains.kotlin.types.AbstractTypeConstructor::<init> (38 bytes)
Event: 237.448 Thread 0x0000018bcac3e1e0 nmethod 8290 0x0000018bbe52e390 code [0x0000018bbe52e560, 0x0000018bbe52ec30]
Event: 237.501 Thread 0x0000018bcac3e1e0 8291       4       com.intellij.psi.impl.compiled.SignatureParsing::parseTypeVariableRefSignature (81 bytes)

GC Heap History (20 events):
Event: 230.531 GC heap after
{Heap after GC invocations=81 (full 0):
 garbage-first heap   total reserved 2017280K, committed 138240K, used 69461K [0x0000000084e00000, 0x0000000100000000)
  region size 1024K, 8 young (8192K), 8 survivors (8192K)
 Metaspace       used 63718K, committed 64704K, reserved 1114112K
  class space    used 7763K, committed 8256K, reserved 1048576K
}
Event: 231.333 GC heap before
{Heap before GC invocations=81 (full 0):
 garbage-first heap   total reserved 2017280K, committed 138240K, used 116565K [0x0000000084e00000, 0x0000000100000000)
  region size 1024K, 54 young (55296K), 8 survivors (8192K)
 Metaspace       used 63741K, committed 64768K, reserved 1114112K
  class space    used 7763K, committed 8256K, reserved 1048576K
}
Event: 231.364 GC heap after
{Heap after GC invocations=82 (full 0):
 garbage-first heap   total reserved 2017280K, committed 138240K, used 78848K [0x0000000084e00000, 0x0000000100000000)
  region size 1024K, 7 young (7168K), 7 survivors (7168K)
 Metaspace       used 63741K, committed 64768K, reserved 1114112K
  class space    used 7763K, committed 8256K, reserved 1048576K
}
Event: 231.911 GC heap before
{Heap before GC invocations=82 (full 0):
 garbage-first heap   total reserved 2017280K, committed 138240K, used 119808K [0x0000000084e00000, 0x0000000100000000)
  region size 1024K, 47 young (48128K), 7 survivors (7168K)
 Metaspace       used 63771K, committed 64768K, reserved 1114112K
  class space    used 7763K, committed 8256K, reserved 1048576K
}
Event: 231.947 GC heap after
{Heap after GC invocations=83 (full 0):
 garbage-first heap   total reserved 2017280K, committed 138240K, used 87040K [0x0000000084e00000, 0x0000000100000000)
  region size 1024K, 6 young (6144K), 6 survivors (6144K)
 Metaspace       used 63771K, committed 64768K, reserved 1114112K
  class space    used 7763K, committed 8256K, reserved 1048576K
}
Event: 232.992 GC heap before
{Heap before GC invocations=84 (full 0):
 garbage-first heap   total reserved 2017280K, committed 145408K, used 122880K [0x0000000084e00000, 0x0000000100000000)
  region size 1024K, 41 young (41984K), 6 survivors (6144K)
 Metaspace       used 63776K, committed 64768K, reserved 1114112K
  class space    used 7763K, committed 8256K, reserved 1048576K
}
Event: 233.017 GC heap after
{Heap after GC invocations=85 (full 0):
 garbage-first heap   total reserved 2017280K, committed 145408K, used 94046K [0x0000000084e00000, 0x0000000100000000)
  region size 1024K, 6 young (6144K), 6 survivors (6144K)
 Metaspace       used 63776K, committed 64768K, reserved 1114112K
  class space    used 7763K, committed 8256K, reserved 1048576K
}
Event: 233.675 GC heap before
{Heap before GC invocations=85 (full 0):
 garbage-first heap   total reserved 2017280K, committed 145408K, used 128862K [0x0000000084e00000, 0x0000000100000000)
  region size 1024K, 40 young (40960K), 6 survivors (6144K)
 Metaspace       used 63814K, committed 64832K, reserved 1114112K
  class space    used 7763K, committed 8256K, reserved 1048576K
}
Event: 233.700 GC heap after
{Heap after GC invocations=86 (full 0):
 garbage-first heap   total reserved 2017280K, committed 197632K, used 99328K [0x0000000084e00000, 0x0000000100000000)
  region size 1024K, 5 young (5120K), 5 survivors (5120K)
 Metaspace       used 63814K, committed 64832K, reserved 1114112K
  class space    used 7763K, committed 8256K, reserved 1048576K
}
Event: 234.401 GC heap before
{Heap before GC invocations=86 (full 0):
 garbage-first heap   total reserved 2017280K, committed 197632K, used 164864K [0x0000000084e00000, 0x0000000100000000)
  region size 1024K, 69 young (70656K), 5 survivors (5120K)
 Metaspace       used 63864K, committed 64832K, reserved 1114112K
  class space    used 7765K, committed 8256K, reserved 1048576K
}
Event: 234.427 GC heap after
{Heap after GC invocations=87 (full 0):
 garbage-first heap   total reserved 2017280K, committed 197632K, used 109300K [0x0000000084e00000, 0x0000000100000000)
  region size 1024K, 9 young (9216K), 9 survivors (9216K)
 Metaspace       used 63864K, committed 64832K, reserved 1114112K
  class space    used 7765K, committed 8256K, reserved 1048576K
}
Event: 235.088 GC heap before
{Heap before GC invocations=88 (full 0):
 garbage-first heap   total reserved 2017280K, committed 197632K, used 169716K [0x0000000084e00000, 0x0000000100000000)
  region size 1024K, 68 young (69632K), 9 survivors (9216K)
 Metaspace       used 63871K, committed 64832K, reserved 1114112K
  class space    used 7766K, committed 8256K, reserved 1048576K
}
Event: 235.120 GC heap after
{Heap after GC invocations=89 (full 0):
 garbage-first heap   total reserved 2017280K, committed 197632K, used 117248K [0x0000000084e00000, 0x0000000100000000)
  region size 1024K, 8 young (8192K), 8 survivors (8192K)
 Metaspace       used 63871K, committed 64832K, reserved 1114112K
  class space    used 7766K, committed 8256K, reserved 1048576K
}
Event: 235.668 GC heap before
{Heap before GC invocations=89 (full 0):
 garbage-first heap   total reserved 2017280K, committed 197632K, used 173568K [0x0000000084e00000, 0x0000000100000000)
  region size 1024K, 63 young (64512K), 8 survivors (8192K)
 Metaspace       used 63883K, committed 64896K, reserved 1114112K
  class space    used 7766K, committed 8256K, reserved 1048576K
}
Event: 235.705 GC heap after
{Heap after GC invocations=90 (full 0):
 garbage-first heap   total reserved 2017280K, committed 197632K, used 125314K [0x0000000084e00000, 0x0000000100000000)
  region size 1024K, 8 young (8192K), 8 survivors (8192K)
 Metaspace       used 63883K, committed 64896K, reserved 1114112K
  class space    used 7766K, committed 8256K, reserved 1048576K
}
Event: 236.206 GC heap before
{Heap before GC invocations=90 (full 0):
 garbage-first heap   total reserved 2017280K, committed 197632K, used 176514K [0x0000000084e00000, 0x0000000100000000)
  region size 1024K, 58 young (59392K), 8 survivors (8192K)
 Metaspace       used 63903K, committed 64896K, reserved 1114112K
  class space    used 7766K, committed 8256K, reserved 1048576K
}
Event: 236.251 GC heap after
{Heap after GC invocations=91 (full 0):
 garbage-first heap   total reserved 2017280K, committed 197632K, used 133120K [0x0000000084e00000, 0x0000000100000000)
  region size 1024K, 8 young (8192K), 8 survivors (8192K)
 Metaspace       used 63903K, committed 64896K, reserved 1114112K
  class space    used 7766K, committed 8256K, reserved 1048576K
}
Event: 236.727 GC heap before
{Heap before GC invocations=91 (full 0):
 garbage-first heap   total reserved 2017280K, committed 197632K, used 178176K [0x0000000084e00000, 0x0000000100000000)
  region size 1024K, 52 young (53248K), 8 survivors (8192K)
 Metaspace       used 63917K, committed 64960K, reserved 1114112K
  class space    used 7766K, committed 8256K, reserved 1048576K
}
Event: 236.754 GC heap after
{Heap after GC invocations=92 (full 0):
 garbage-first heap   total reserved 2017280K, committed 197632K, used 141255K [0x0000000084e00000, 0x0000000100000000)
  region size 1024K, 7 young (7168K), 7 survivors (7168K)
 Metaspace       used 63917K, committed 64960K, reserved 1114112K
  class space    used 7766K, committed 8256K, reserved 1048576K
}
Event: 237.518 GC heap before
{Heap before GC invocations=92 (full 0):
 garbage-first heap   total reserved 2017280K, committed 197632K, used 179143K [0x0000000084e00000, 0x0000000100000000)
  region size 1024K, 44 young (45056K), 7 survivors (7168K)
 Metaspace       used 63920K, committed 64960K, reserved 1114112K
  class space    used 7766K, committed 8256K, reserved 1048576K
}

Dll operation events (8 events):
Event: 0.034 Loaded shared library C:\Program Files\OpenJDK\jdk-22.0.2\bin\java.dll
Event: 0.154 Loaded shared library C:\Program Files\OpenJDK\jdk-22.0.2\bin\jsvml.dll
Event: 0.676 Loaded shared library C:\Program Files\OpenJDK\jdk-22.0.2\bin\net.dll
Event: 0.720 Loaded shared library C:\Program Files\OpenJDK\jdk-22.0.2\bin\nio.dll
Event: 0.755 Loaded shared library C:\Program Files\OpenJDK\jdk-22.0.2\bin\zip.dll
Event: 1.487 Loaded shared library C:\Program Files\OpenJDK\jdk-22.0.2\bin\jimage.dll
Event: 6.146 Loaded shared library C:\Program Files\OpenJDK\jdk-22.0.2\bin\verify.dll
Event: 16.784 Loaded shared library C:\Users\AJ\AppData\Local\Temp\sqlite-3.41.2.1-345954fc-0eb1-4971-98ee-4680d35baab4-sqlitejdbc.dll

Deoptimization events (20 events):
Event: 236.316 Thread 0x0000018c1bdc56d0 Uncommon trap: trap_request=0xffffff45 fr.pc=0x0000018bbe7a3c60 relative=0x0000000000005a80
Event: 236.316 Thread 0x0000018c1bdc56d0 Uncommon trap: reason=unstable_if action=reinterpret pc=0x0000018bbe7a3c60 method=org.jetbrains.org.objectweb.asm.ClassReader.accept(Lorg/jetbrains/org/objectweb/asm/ClassVisitor;[Lorg/jetbrains/org/objectweb/asm/Attribute;I)V @ 662 c2
Event: 236.316 Thread 0x0000018c1bdc56d0 DEOPT PACKING pc=0x0000018bbe7a3c60 sp=0x00000064b0cfd470
Event: 236.316 Thread 0x0000018c1bdc56d0 DEOPT UNPACKING pc=0x0000018bbdee46a2 sp=0x00000064b0cfd3f8 mode 2
Event: 236.320 Thread 0x0000018c1bdc56d0 Uncommon trap: trap_request=0xffffff45 fr.pc=0x0000018bbe6815c4 relative=0x0000000000001084
Event: 236.320 Thread 0x0000018c1bdc56d0 Uncommon trap: reason=unstable_if action=reinterpret pc=0x0000018bbe6815c4 method=com.intellij.psi.impl.compiled.FirstPassData.toTypeInfo(Ljava/lang/String;Z)Lcom/intellij/psi/impl/cache/TypeInfo$RefTypeInfo; @ 162 c2
Event: 236.320 Thread 0x0000018c1bdc56d0 DEOPT PACKING pc=0x0000018bbe6815c4 sp=0x00000064b0cfd3d0
Event: 236.320 Thread 0x0000018c1bdc56d0 DEOPT UNPACKING pc=0x0000018bbdee46a2 sp=0x00000064b0cfd370 mode 2
Event: 236.414 Thread 0x0000018c1bdc56d0 Uncommon trap: trap_request=0xffffff45 fr.pc=0x0000018bbe7beb18 relative=0x0000000000001198
Event: 236.414 Thread 0x0000018c1bdc56d0 Uncommon trap: reason=unstable_if action=reinterpret pc=0x0000018bbe7beb18 method=com.intellij.psi.impl.compiled.StubBuildingVisitor.visitMethod(ILjava/lang/String;Ljava/lang/String;Ljava/lang/String;[Ljava/lang/String;)Lorg/jetbrains/org/objectweb/asm/Me
Event: 236.414 Thread 0x0000018c1bdc56d0 DEOPT PACKING pc=0x0000018bbe7beb18 sp=0x00000064b0cfcdd0
Event: 236.414 Thread 0x0000018c1bdc56d0 DEOPT UNPACKING pc=0x0000018bbdee46a2 sp=0x00000064b0cfcd38 mode 2
Event: 236.510 Thread 0x0000018c1bdc56d0 Uncommon trap: trap_request=0xffffff45 fr.pc=0x0000018bbe4c979c relative=0x000000000000007c
Event: 236.510 Thread 0x0000018c1bdc56d0 Uncommon trap: reason=unstable_if action=reinterpret pc=0x0000018bbe4c979c method=com.intellij.psi.impl.java.stubs.impl.PsiMethodStubImpl.packFlags(ZZZZZZ)B @ 15 c2
Event: 236.510 Thread 0x0000018c1bdc56d0 DEOPT PACKING pc=0x0000018bbe4c979c sp=0x00000064b0cfd0b0
Event: 236.510 Thread 0x0000018c1bdc56d0 DEOPT UNPACKING pc=0x0000018bbdee46a2 sp=0x00000064b0cfd028 mode 2
Event: 236.540 Thread 0x0000018c1bdc56d0 DEOPT PACKING pc=0x0000018bb74136d4 sp=0x00000064b0cfc570
Event: 236.540 Thread 0x0000018c1bdc56d0 DEOPT UNPACKING pc=0x0000018bbdee4e42 sp=0x00000064b0cfba90 mode 0
Event: 236.633 Thread 0x0000018c1bdc56d0 DEOPT PACKING pc=0x0000018bb6abde4a sp=0x00000064b0cfe0e0
Event: 236.633 Thread 0x0000018c1bdc56d0 DEOPT UNPACKING pc=0x0000018bbdee4e42 sp=0x00000064b0cfd5f0 mode 0

Classes loaded (20 events):
Event: 222.257 Loading class java/util/concurrent/ConcurrentLinkedQueue$Itr
Event: 222.257 Loading class java/util/concurrent/ConcurrentLinkedQueue$Itr done
Event: 222.378 Loading class java/util/AbstractList$RandomAccessSubList
Event: 222.379 Loading class java/util/AbstractList$RandomAccessSubList done
Event: 223.537 Loading class java/text/ChoiceFormat
Event: 223.538 Loading class java/text/ChoiceFormat done
Event: 223.610 Loading class java/lang/invoke/DirectMethodHandle$1
Event: 223.610 Loading class java/lang/invoke/DirectMethodHandle$1 done
Event: 223.890 Loading class java/util/stream/LongStream
Event: 223.891 Loading class java/util/stream/LongStream done
Event: 223.891 Loading class java/util/stream/DoubleStream
Event: 223.892 Loading class java/util/stream/DoubleStream done
Event: 224.029 Loading class java/lang/Character$UnicodeBlock
Event: 224.032 Loading class java/lang/Character$Subset
Event: 224.032 Loading class java/lang/Character$Subset done
Event: 224.035 Loading class java/lang/Character$UnicodeBlock done
Event: 233.822 Loading class java/util/concurrent/ConcurrentHashMap$TreeNode
Event: 233.823 Loading class java/util/concurrent/ConcurrentHashMap$TreeNode done
Event: 233.823 Loading class java/util/concurrent/ConcurrentHashMap$TreeBin
Event: 233.824 Loading class java/util/concurrent/ConcurrentHashMap$TreeBin done

Classes unloaded (0 events):
No events

Classes redefined (0 events):
No events

Internal exceptions (20 events):
Event: 221.129 Thread 0x0000018bcac857e0 Implicit null exception at 0x0000018bbe4bac0a to 0x0000018bbe4baf80
Event: 221.391 Thread 0x0000018bcac857e0 Exception <a 'java/lang/NoSuchMethodError'{0x0000000086f09fa8}: 'java.lang.Object java.lang.invoke.DirectMethodHandle$Holder.newInvokeSpecial(java.lang.Object, java.lang.Object, java.lang.Object, java.lang.Object, int)'> (0x0000000086f09fa8) 
thrown [s\open\src\hotspot\share\interpreter\linkResolver.cpp, line 774]
Event: 221.392 Thread 0x0000018bcac857e0 Exception <a 'java/lang/NoSuchMethodError'{0x0000000086f0e080}: 'java.lang.Object java.lang.invoke.DirectMethodHandle$Holder.invokeSpecial(java.lang.Object, java.lang.Object, java.lang.Object, java.lang.Object, java.lang.Object, int)'> (0x0000000086f0e080) 
thrown [s\open\src\hotspot\share\interpreter\linkResolver.cpp, line 774]
Event: 221.394 Thread 0x0000018bcac857e0 Exception <a 'java/lang/NoSuchMethodError'{0x0000000086f11af0}: 'java.lang.Object java.lang.invoke.Invokers$Holder.linkToTargetMethod(java.lang.Object, java.lang.Object, java.lang.Object, int, java.lang.Object)'> (0x0000000086f11af0) 
thrown [s\open\src\hotspot\share\interpreter\linkResolver.cpp, line 774]
Event: 221.746 Thread 0x0000018bcac857e0 Exception <a 'java/lang/NoSuchMethodError'{0x0000000087428750}: 'java.lang.Object java.lang.invoke.DirectMethodHandle$Holder.invokeStaticInit(java.lang.Object, java.lang.Object, java.lang.Object, java.lang.Object)'> (0x0000000087428750) 
thrown [s\open\src\hotspot\share\interpreter\linkResolver.cpp, line 774]
Event: 221.955 Thread 0x0000018bcac857e0 Exception <a 'java/lang/NoSuchMethodError'{0x0000000087038710}: 'java.lang.Object java.lang.invoke.DirectMethodHandle$Holder.newInvokeSpecial(java.lang.Object, java.lang.Object, java.lang.Object, java.lang.Object, java.lang.Object, java.lang.Object, java.lang.Object, int)'> (0x0000000087038710) 
thrown [s\open\src\hotspot\share\interpreter\linkResolver.cpp, line 774]
Event: 221.956 Thread 0x0000018bcac857e0 Exception <a 'java/lang/NoSuchMethodError'{0x000000008703cff8}: 'java.lang.Object java.lang.invoke.DirectMethodHandle$Holder.invokeSpecial(java.lang.Object, java.lang.Object, java.lang.Object, java.lang.Object, java.lang.Object, java.lang.Object, java.lang.Object, java.lang.Object, int)'> (0x000000008703cff8) 
thrown [s\open\src\hotspot\share\interpreter\linkResolver.cpp, line 774]
Event: 221.968 Thread 0x0000018bcac857e0 Implicit null exception at 0x0000018bbe4b3018 to 0x0000018bbe4b31f4
Event: 222.145 Thread 0x0000018bcac84430 Exception <a 'java/lang/NoSuchMethodError'{0x000000008c918f30}: 'java.lang.Object java.lang.invoke.DirectMethodHandle$Holder.invokeStatic(java.lang.Object, java.lang.Object, java.lang.Object, java.lang.Object, long, java.lang.Object)'> (0x000000008c918f30) 
thrown [s\open\src\hotspot\share\interpreter\linkResolver.cpp, line 774]
Event: 222.146 Thread 0x0000018bcac84430 Exception <a 'java/lang/NoSuchMethodError'{0x000000008c920320}: 'java.lang.Object java.lang.invoke.DirectMethodHandle$Holder.newInvokeSpecial(java.lang.Object, java.lang.Object, java.lang.Object, java.lang.Object, long)'> (0x000000008c920320) 
thrown [s\open\src\hotspot\share\interpreter\linkResolver.cpp, line 774]
Event: 222.154 Thread 0x0000018bcac84430 Exception <a 'java/lang/NoSuchMethodError'{0x000000008c970318}: 'java.lang.Object java.lang.invoke.DirectMethodHandle$Holder.invokeSpecial(java.lang.Object, java.lang.Object, java.lang.Object, java.lang.Object, java.lang.Object, long)'> (0x000000008c970318) 
thrown [s\open\src\hotspot\share\interpreter\linkResolver.cpp, line 774]
Event: 222.154 Thread 0x0000018bcac84430 Exception <a 'java/lang/NoSuchMethodError'{0x000000008c973ad8}: 'java.lang.Object java.lang.invoke.Invokers$Holder.linkToTargetMethod(java.lang.Object, java.lang.Object, java.lang.Object, long, java.lang.Object)'> (0x000000008c973ad8) 
thrown [s\open\src\hotspot\share\interpreter\linkResolver.cpp, line 774]
Event: 222.286 Thread 0x0000018bcac87220 Exception <a 'java/lang/NoSuchMethodError'{0x0000000089fda338}: 'java.lang.Object java.lang.invoke.DirectMethodHandle$Holder.invokeSpecial(java.lang.Object, java.lang.Object, java.lang.Object, java.lang.Object, java.lang.Object, java.lang.Object, int)'> (0x0000000089fda338) 
thrown [s\open\src\hotspot\share\interpreter\linkResolver.cpp, line 774]
Event: 222.521 Thread 0x0000018bcac87220 Implicit null exception at 0x0000018bbe69f863 to 0x0000018bbe69f8f5
Event: 222.530 Thread 0x0000018bcac87220 Exception <a 'java/lang/NoSuchMethodError'{0x00000000877b20e0}: 'java.lang.Object java.lang.invoke.DirectMethodHandle$Holder.newInvokeSpecial(java.lang.Object, java.lang.Object, java.lang.Object, java.lang.Object, int, java.lang.Object)'> (0x00000000877b20e0) 
thrown [s\open\src\hotspot\share\interpreter\linkResolver.cpp, line 774]
Event: 222.531 Thread 0x0000018bcac87220 Exception <a 'java/lang/NoSuchMethodError'{0x00000000877b6740}: 'java.lang.Object java.lang.invoke.DirectMethodHandle$Holder.invokeSpecial(java.lang.Object, java.lang.Object, java.lang.Object, java.lang.Object, java.lang.Object, int, java.lang.Object)'> (0x00000000877b6740) 
thrown [s\open\src\hotspot\share\interpreter\linkResolver.cpp, line 774]
Event: 222.531 Thread 0x0000018bcac87220 Exception <a 'java/lang/NoSuchMethodError'{0x00000000877ba848}: 'java.lang.Object java.lang.invoke.Invokers$Holder.linkToTargetMethod(java.lang.Object, java.lang.Object, java.lang.Object, int, java.lang.Object, java.lang.Object)'> (0x00000000877ba848) 
thrown [s\open\src\hotspot\share\interpreter\linkResolver.cpp, line 774]
Event: 222.756 Thread 0x0000018bcac87220 Exception <a 'java/lang/NoSuchMethodError'{0x00000000872d6580}: 'java.lang.Object java.lang.invoke.DirectMethodHandle$Holder.invokeStatic(java.lang.Object, int, int, java.lang.Object)'> (0x00000000872d6580) 
thrown [s\open\src\hotspot\share\interpreter\linkResolver.cpp, line 774]
Event: 222.804 Thread 0x0000018bcac87220 Exception <a 'java/lang/NoSuchMethodError'{0x000000008c93ec80}: 'java.lang.Object java.lang.invoke.DirectMethodHandle$Holder.invokeStatic(java.lang.Object, int, java.lang.Object)'> (0x000000008c93ec80) 
thrown [s\open\src\hotspot\share\interpreter\linkResolver.cpp, line 774]
Event: 223.541 Thread 0x0000018c1bdc56d0 Implicit null exception at 0x0000018bbe7290dd to 0x0000018bbe7291b9

ZGC Phase Switch (0 events):
No events

VM Operations (20 events):
Event: 232.627 Executing VM operation: G1PauseCleanup done
Event: 232.992 Executing VM operation: G1CollectForAllocation (G1 Evacuation Pause)
Event: 233.017 Executing VM operation: G1CollectForAllocation (G1 Evacuation Pause) done
Event: 233.674 Executing VM operation: G1CollectForAllocation (G1 Evacuation Pause)
Event: 233.700 Executing VM operation: G1CollectForAllocation (G1 Evacuation Pause) done
Event: 234.401 Executing VM operation: G1CollectForAllocation (G1 Evacuation Pause)
Event: 234.428 Executing VM operation: G1CollectForAllocation (G1 Evacuation Pause) done
Event: 234.973 Executing VM operation: G1PauseRemark
Event: 234.980 Executing VM operation: G1PauseRemark done
Event: 235.087 Executing VM operation: G1CollectForAllocation (G1 Evacuation Pause)
Event: 235.120 Executing VM operation: G1CollectForAllocation (G1 Evacuation Pause) done
Event: 235.254 Executing VM operation: G1PauseCleanup
Event: 235.254 Executing VM operation: G1PauseCleanup done
Event: 235.668 Executing VM operation: G1CollectForAllocation (G1 Evacuation Pause)
Event: 235.705 Executing VM operation: G1CollectForAllocation (G1 Evacuation Pause) done
Event: 236.205 Executing VM operation: G1CollectForAllocation (G1 Evacuation Pause)
Event: 236.251 Executing VM operation: G1CollectForAllocation (G1 Evacuation Pause) done
Event: 236.726 Executing VM operation: G1CollectForAllocation (G1 Evacuation Pause)
Event: 236.754 Executing VM operation: G1CollectForAllocation (G1 Evacuation Pause) done
Event: 237.518 Executing VM operation: G1CollectForAllocation (G1 Evacuation Pause)

Memory protections (0 events):
No events

Nmethod flushes (20 events):
Event: 234.979 Thread 0x0000018bcac192a0 flushing  nmethod 0x0000018bb6e26910
Event: 234.979 Thread 0x0000018bcac192a0 flushing  nmethod 0x0000018bb6f54f10
Event: 234.979 Thread 0x0000018bcac192a0 flushing  nmethod 0x0000018bb6f5d610
Event: 234.980 Thread 0x0000018bcac192a0 flushing  nmethod 0x0000018bb6f61410
Event: 234.980 Thread 0x0000018bcac192a0 flushing  nmethod 0x0000018bb6f62c10
Event: 234.980 Thread 0x0000018bcac192a0 flushing  nmethod 0x0000018bb6f6e390
Event: 234.980 Thread 0x0000018bcac192a0 flushing  nmethod 0x0000018bb6fe5110
Event: 234.980 Thread 0x0000018bcac192a0 flushing  nmethod 0x0000018bb6feca10
Event: 234.980 Thread 0x0000018bcac192a0 flushing  nmethod 0x0000018bb7013310
Event: 234.980 Thread 0x0000018bcac192a0 flushing  nmethod 0x0000018bb701ec10
Event: 234.980 Thread 0x0000018bcac192a0 flushing  nmethod 0x0000018bb702ab10
Event: 234.980 Thread 0x0000018bcac192a0 flushing  nmethod 0x0000018bb707a410
Event: 234.980 Thread 0x0000018bcac192a0 flushing  nmethod 0x0000018bb7161710
Event: 234.980 Thread 0x0000018bcac192a0 flushing  nmethod 0x0000018bb73a9990
Event: 234.980 Thread 0x0000018bcac192a0 flushing  nmethod 0x0000018bb73aa710
Event: 234.980 Thread 0x0000018bcac192a0 flushing  nmethod 0x0000018bb73c6690
Event: 234.980 Thread 0x0000018bcac192a0 flushing  nmethod 0x0000018bb7525c90
Event: 234.980 Thread 0x0000018bcac192a0 flushing  nmethod 0x0000018bb754d890
Event: 234.980 Thread 0x0000018bcac192a0 flushing  nmethod 0x0000018bb754e710
Event: 234.980 Thread 0x0000018bcac192a0 flushing  nmethod 0x0000018bb7552f10

Events (20 events):
Event: 190.672 Thread 0x0000018c1aaf9850 Thread added: 0x0000018bcac85e70
Event: 198.877 Thread 0x0000018bcac85e70 Thread exited: 0x0000018bcac85e70
Event: 198.877 Thread 0x0000018bcac86b90 Thread exited: 0x0000018bcac86b90
Event: 198.926 Thread 0x0000018c1aaf9850 Thread added: 0x0000018bcac85e70
Event: 198.926 Thread 0x0000018c1aaf9850 Thread added: 0x0000018bcac84430
Event: 206.827 Thread 0x0000018bcac84430 Thread exited: 0x0000018bcac84430
Event: 206.828 Thread 0x0000018bcac85e70 Thread exited: 0x0000018bcac85e70
Event: 206.874 Thread 0x0000018c1aaf9850 Thread added: 0x0000018bcac878b0
Event: 206.874 Thread 0x0000018c1aaf9850 Thread added: 0x0000018bcac84430
Event: 216.897 Thread 0x0000018bcac84430 Thread exited: 0x0000018bcac84430
Event: 216.897 Thread 0x0000018bcac878b0 Thread exited: 0x0000018bcac878b0
Event: 217.067 Thread 0x0000018c1aaf9850 Thread added: 0x0000018bcac857e0
Event: 217.868 Thread 0x0000018bcac6aea0 Thread added: 0x0000018c1a2ef170
Event: 218.791 Thread 0x0000018c1144db90 Thread added: 0x0000018bcac87220
Event: 221.006 Thread 0x0000018c1a2ef170 Thread exited: 0x0000018c1a2ef170
Event: 222.103 Thread 0x0000018bcac6aea0 Thread added: 0x0000018c1b845480
Event: 222.103 Thread 0x0000018bcac857e0 Thread added: 0x0000018bcac84430
Event: 223.313 Thread 0x0000018c1144db90 Thread added: 0x0000018c1bdc56d0
Event: 223.898 Thread 0x0000018c1b845480 Thread exited: 0x0000018c1b845480
Event: 224.631 Thread 0x0000018bcac6aea0 Thread added: 0x0000018c1a5df010


Dynamic libraries:
0x00007ff6baa20000 - 0x00007ff6baa2e000 	C:\Program Files\OpenJDK\jdk-22.0.2\bin\java.exe
0x00007ffdf0370000 - 0x00007ffdf0568000 	C:\WINDOWS\SYSTEM32\ntdll.dll
0x00007ffdeec80000 - 0x00007ffdeed42000 	C:\WINDOWS\System32\KERNEL32.DLL
0x00007ffdedcc0000 - 0x00007ffdedfb6000 	C:\WINDOWS\System32\KERNELBASE.dll
0x00007ffdee010000 - 0x00007ffdee110000 	C:\WINDOWS\System32\ucrtbase.dll
0x00007ffde5ff0000 - 0x00007ffde600b000 	C:\Program Files\OpenJDK\jdk-22.0.2\bin\VCRUNTIME140.dll
0x00007ffde98f0000 - 0x00007ffde9907000 	C:\Program Files\OpenJDK\jdk-22.0.2\bin\jli.dll
0x00007ffdefed0000 - 0x00007ffdf006d000 	C:\WINDOWS\System32\USER32.dll
0x00007ffdee190000 - 0x00007ffdee1b2000 	C:\WINDOWS\System32\win32u.dll
0x00007ffdddc70000 - 0x00007ffdddf0a000 	C:\WINDOWS\WinSxS\amd64_microsoft.windows.common-controls_6595b64144ccf1df_6.0.19041.5915_none_60b4b9d171f9c7c7\COMCTL32.dll
0x00007ffdee610000 - 0x00007ffdee63b000 	C:\WINDOWS\System32\GDI32.dll
0x00007ffdf00a0000 - 0x00007ffdf013e000 	C:\WINDOWS\System32\msvcrt.dll
0x00007ffdee270000 - 0x00007ffdee389000 	C:\WINDOWS\System32\gdi32full.dll
0x00007ffdeda30000 - 0x00007ffdedacd000 	C:\WINDOWS\System32\msvcp_win.dll
0x00007ffdf0070000 - 0x00007ffdf009f000 	C:\WINDOWS\System32\IMM32.DLL
0x00007ffde5fe0000 - 0x00007ffde5fec000 	C:\Program Files\OpenJDK\jdk-22.0.2\bin\vcruntime140_1.dll
0x00007ffda75d0000 - 0x00007ffda765e000 	C:\Program Files\OpenJDK\jdk-22.0.2\bin\msvcp140.dll
0x00007ffd8bd80000 - 0x00007ffd8cac9000 	C:\Program Files\OpenJDK\jdk-22.0.2\bin\server\jvm.dll
0x00007ffdef920000 - 0x00007ffdef9d1000 	C:\WINDOWS\System32\ADVAPI32.dll
0x00007ffdeee10000 - 0x00007ffdeeeaf000 	C:\WINDOWS\System32\sechost.dll
0x00007ffdeeb40000 - 0x00007ffdeec63000 	C:\WINDOWS\System32\RPCRT4.dll
0x00007ffdeda00000 - 0x00007ffdeda27000 	C:\WINDOWS\System32\bcrypt.dll
0x00007ffdf0260000 - 0x00007ffdf02cb000 	C:\WINDOWS\System32\WS2_32.dll
0x00007ffdecf40000 - 0x00007ffdecf8b000 	C:\WINDOWS\SYSTEM32\POWRPROF.dll
0x00007ffdde1d0000 - 0x00007ffdde1f7000 	C:\WINDOWS\SYSTEM32\WINMM.dll
0x00007ffde3990000 - 0x00007ffde399a000 	C:\WINDOWS\SYSTEM32\VERSION.dll
0x00007ffdece00000 - 0x00007ffdece12000 	C:\WINDOWS\SYSTEM32\UMPDC.dll
0x00007ffdeb7a0000 - 0x00007ffdeb7b2000 	C:\WINDOWS\SYSTEM32\kernel.appcore.dll
0x00007ffdd5730000 - 0x00007ffdd573a000 	C:\Program Files\OpenJDK\jdk-22.0.2\bin\jimage.dll
0x00007ffdddfc0000 - 0x00007ffdde1c1000 	C:\WINDOWS\SYSTEM32\DBGHELP.DLL
0x00007ffdd7310000 - 0x00007ffdd7344000 	C:\WINDOWS\SYSTEM32\dbgcore.DLL
0x00007ffdedc30000 - 0x00007ffdedcb2000 	C:\WINDOWS\System32\bcryptPrimitives.dll
0x00007ffdc9ce0000 - 0x00007ffdc9cfe000 	C:\Program Files\OpenJDK\jdk-22.0.2\bin\java.dll
0x00007ffdef1b0000 - 0x00007ffdef91e000 	C:\WINDOWS\System32\SHELL32.dll
0x00007ffdeeeb0000 - 0x00007ffdeefdb000 	C:\WINDOWS\System32\ole32.dll
0x00007ffdee7e0000 - 0x00007ffdeeb33000 	C:\WINDOWS\System32\combase.dll
0x00007ffdeba80000 - 0x00007ffdec224000 	C:\WINDOWS\SYSTEM32\windows.storage.dll
0x00007ffded430000 - 0x00007ffded45b000 	C:\WINDOWS\SYSTEM32\Wldp.dll
0x00007ffdee400000 - 0x00007ffdee4cd000 	C:\WINDOWS\System32\OLEAUT32.dll
0x00007ffdeed50000 - 0x00007ffdeedfd000 	C:\WINDOWS\System32\SHCORE.dll
0x00007ffdee4d0000 - 0x00007ffdee52b000 	C:\WINDOWS\System32\shlwapi.dll
0x00007ffded930000 - 0x00007ffded954000 	C:\WINDOWS\SYSTEM32\profapi.dll
0x00007ffda74f0000 - 0x00007ffda75c7000 	C:\Program Files\OpenJDK\jdk-22.0.2\bin\jsvml.dll
0x00007ffdd56c0000 - 0x00007ffdd56d0000 	C:\Program Files\OpenJDK\jdk-22.0.2\bin\net.dll
0x00007ffded190000 - 0x00007ffded1fa000 	C:\WINDOWS\system32\mswsock.dll
0x00007ffdc9710000 - 0x00007ffdc9726000 	C:\Program Files\OpenJDK\jdk-22.0.2\bin\nio.dll
0x00007ffdc96b0000 - 0x00007ffdc96c7000 	C:\Program Files\OpenJDK\jdk-22.0.2\bin\zip.dll
0x00007ffded380000 - 0x00007ffded398000 	C:\WINDOWS\SYSTEM32\CRYPTSP.dll
0x00007ffdeca40000 - 0x00007ffdeca78000 	C:\WINDOWS\system32\rsaenh.dll
0x00007ffded8f0000 - 0x00007ffded91e000 	C:\WINDOWS\SYSTEM32\USERENV.dll
0x00007ffded3a0000 - 0x00007ffded3ac000 	C:\WINDOWS\SYSTEM32\CRYPTBASE.dll
0x00007ffdece20000 - 0x00007ffdece5b000 	C:\WINDOWS\SYSTEM32\IPHLPAPI.DLL
0x00007ffdee390000 - 0x00007ffdee398000 	C:\WINDOWS\System32\NSI.dll
0x00007ffddcb80000 - 0x00007ffddcb90000 	C:\Program Files\OpenJDK\jdk-22.0.2\bin\verify.dll
0x00007ffda76c0000 - 0x00007ffda77a9000 	C:\Users\AJ\AppData\Local\Temp\sqlite-3.41.2.1-345954fc-0eb1-4971-98ee-4680d35baab4-sqlitejdbc.dll

dbghelp: loaded successfully - version: 4.0.5 - missing functions: none
symbol engine: initialized successfully - sym options: 0x614 - pdb path: .;C:\Program Files\OpenJDK\jdk-22.0.2\bin;C:\WINDOWS\SYSTEM32;C:\WINDOWS\WinSxS\amd64_microsoft.windows.common-controls_6595b64144ccf1df_6.0.19041.5915_none_60b4b9d171f9c7c7;C:\Program Files\OpenJDK\jdk-22.0.2\bin\server;C:\Users\AJ\AppData\Local\Temp

VM Arguments:
jvm_args: -DkotlinLanguageServer.version=1.3.13 
java_command: org.javacs.kt.MainKt
java_class_path (initial): c:\Users\AJ\AppData\Roaming\Code\User\globalStorage\fwcd.kotlin\langServerInstall\server\lib\server-1.3.13.jar;c:\Users\AJ\AppData\Roaming\Code\User\globalStorage\fwcd.kotlin\langServerInstall\server\lib\shared-1.3.13.jar;c:\Users\AJ\AppData\Roaming\Code\User\globalStorage\fwcd.kotlin\langServerInstall\server\lib\kotlin-scripting-jvm-host-unshaded-2.1.0.jar;c:\Users\AJ\AppData\Roaming\Code\User\globalStorage\fwcd.kotlin\langServerInstall\server\lib\kotlin-scripting-compiler-2.1.0.jar;c:\Users\AJ\AppData\Roaming\Code\User\globalStorage\fwcd.kotlin\langServerInstall\server\lib\ktfmt-b5d31d1.jar;c:\Users\AJ\AppData\Roaming\Code\User\globalStorage\fwcd.kotlin\langServerInstall\server\lib\kotlin-compiler-2.1.0.jar;c:\Users\AJ\AppData\Roaming\Code\User\globalStorage\fwcd.kotlin\langServerInstall\server\lib\exposed-dao-0.37.3.jar;c:\Users\AJ\AppData\Roaming\Code\User\globalStorage\fwcd.kotlin\langServerInstall\server\lib\exposed-jdbc-0.37.3.jar;c:\Users\AJ\AppData\Roaming\Code\User\globalStorage\fwcd.kotlin\langServerInstall\server\lib\exposed-core-0.37.3.jar;c:\Users\AJ\AppData\Roaming\Code\User\globalStorage\fwcd.kotlin\langServerInstall\server\lib\kotlin-scripting-compiler-impl-2.1.0.jar;c:\Users\AJ\AppData\Roaming\Code\User\globalStorage\fwcd.kotlin\langServerInstall\server\lib\kotlin-reflect-2.1.0.jar;c:\Users\AJ\AppData\Roaming\Code\User\globalStorage\fwcd.kotlin\langServerInstall\server\lib\kotlin-scripting-jvm-2.1.0.jar;c:\Users\AJ\AppData\Roaming\Code\User\globalStorage\fwcd.kotlin\langServerInstall\server\lib\kotlin-scripting-common-2.1.0.jar;c:\Users\AJ\AppData\Roaming\Code\User\globalStorage\fwcd.kotlin\langServerInstall\server\lib\kotlinx-coroutines-core-jvm-1.6.4.jar;c:\Users\AJ\AppData\Roaming\Code\User\globalStorage\fwcd.kotlin\langServerInstall\server\lib\kotlin-stdlib-jdk8-2.1.0.jar;c:\Users\AJ\AppData\Roaming\Code\User\globalStorage\fwcd.kotlin\langServerInstall\server\lib\kotlin-stdlib-jdk7-2.1.0.jar;c:\Users\AJ\AppData\Roaming\Code\User\globalStorage\fwcd.kotlin\langServerInstall\server\lib\kotlin-stdlib-2.1.0.jar;c:\Users\AJ\AppData\Roaming\Code\User\globalStorage\fwcd.kotlin\langServerInstall\server\lib\org.eclipse.lsp4j-0.21.2.jar;c:\Users\AJ\AppData\Roaming\Code\User\globalStorage\fwcd.kotlin\langServerInstall\server\lib\org.eclipse.lsp4j.jsonrpc-0.21.2.jar;c:\Users\AJ\AppData\Roaming\Code\User\globalStorage\fwcd.kotlin\langServerInstall\server\lib\kotlin-sam-with-receiver-compiler-plugin-2.1.0.jar;c:\Users\AJ\AppData\Roaming\Code\User\globalStorage\fwcd.kotlin\langServerInstall\server\lib\fernflower-1.0.jar;c:\Users\AJ\AppData\Roaming\Code\User\globalStorage\fwcd.kotlin\langServerInstall\server\lib\h2-1.4.200.jar;c:\Users\AJ\AppData\Roaming\Code\User\globalStorage\fwcd.kotlin\langServerInstall\server\lib\jcommander-1.78.jar;c:\Users\AJ\AppData\Roaming\Code\User\globalStorage\fwcd.kotlin\langServerInstall\server\lib\sqlite-jdbc-3.41.2.1.jar;c:\Users\AJ\AppData\Roaming\Code\User\globalStorage\fwcd.kotlin\langServerInstall\server\lib\google-java-format-1.8.jar;c:\Users\AJ\AppData\Roaming\Code\User\globalStorage\fwcd.kotlin\langServerInstall\server\lib\guava-33.3.0-jre.jar;c:\Users\AJ\AppData\Roaming\Code\User\globalStorage\fwcd.kotlin\langServerInstall\server\lib\annotations-13.0.jar;c:\Users\AJ\AppData\Roaming\Code\User\globalStorage\fwcd.kotlin\langServerInstall\server\lib\gson-2.10.1.jar;c:\Users\AJ\AppData\Roaming\Code\User\globalStorage\fwcd.kotlin\langServerInstall\server\lib\kotlin-script-runtime-2.1.0.jar;c:\Users\AJ\AppData\Roaming\Code\User\globalStorage\fwcd.kotlin\langServerInstall\server\lib\trove4j-1.0.20200330.jar;c:\Users\AJ\AppData\Roaming\Code\User\globalStorage\fwcd.kotlin\langServerInstall\server\lib\jline-3.24.1.jar;c:\Users\AJ\AppData\Roaming\Code\User\globalStorage\fwcd.kotlin\langServerInstall\server\lib\slf4j-api-1.7.25.jar;c:\Users\AJ\AppData\Roaming\Code\User\globalStorage\fwcd.kotlin\langServerInstall\server\lib\jna-4.2.2.jar;c:\Users\AJ\AppData\Roaming\Code\User\globalStorage\fwcd.kotlin\langServerInstall\server\lib\failureaccess-1.0.2.jar;c:\Users\AJ\AppData\Roaming\Code\User\globalStorage\fwcd.kotlin\langServerInstall\server\lib\listenablefuture-9999.0-empty-to-avoid-conflict-with-guava.jar;c:\Users\AJ\AppData\Roaming\Code\User\globalStorage\fwcd.kotlin\langServerInstall\server\lib\jsr305-3.0.2.jar;c:\Users\AJ\AppData\Roaming\Code\User\globalStorage\fwcd.kotlin\langServerInstall\server\lib\checker-qual-3.43.0.jar;c:\Users\AJ\AppData\Roaming\Code\User\globalStorage\fwcd.kotlin\langServerInstall\server\lib\error_prone_annotations-2.28.0.jar
Launcher Type: SUN_STANDARD

[Global flags]
     intx CICompilerCount                          = 3                                         {product} {ergonomic}
     uint ConcGCThreads                            = 1                                         {product} {ergonomic}
     uint G1ConcRefinementThreads                  = 4                                         {product} {ergonomic}
   size_t G1HeapRegionSize                         = 1048576                                   {product} {ergonomic}
   size_t InitialHeapSize                          = 130023424                                 {product} {ergonomic}
   size_t MarkStackSize                            = 4194304                                   {product} {ergonomic}
   size_t MaxHeapSize                              = 2065694720                                {product} {ergonomic}
   size_t MaxNewSize                               = 1239416832                                {product} {ergonomic}
   size_t MinHeapDeltaBytes                        = 1048576                                   {product} {ergonomic}
   size_t MinHeapSize                              = 8388608                                   {product} {ergonomic}
    uintx NonNMethodCodeHeapSize                   = 5832780                                {pd product} {ergonomic}
    uintx NonProfiledCodeHeapSize                  = 122912730                              {pd product} {ergonomic}
    uintx ProfiledCodeHeapSize                     = 122912730                              {pd product} {ergonomic}
    uintx ReservedCodeCacheSize                    = 251658240                              {pd product} {ergonomic}
     bool SegmentedCodeCache                       = true                                      {product} {ergonomic}
   size_t SoftMaxHeapSize                          = 2065694720                             {manageable} {ergonomic}
     bool UseCompressedOops                        = true                           {product lp64_product} {ergonomic}
     bool UseG1GC                                  = true                                      {product} {ergonomic}
     bool UseLargePagesIndividualAllocation        = false                                  {pd product} {ergonomic}

Logging:
Log output configuration:
 #0: stdout all=warning uptime,level,tags foldmultilines=false
 #1: stderr all=off uptime,level,tags foldmultilines=false

Environment Variables:
JAVA_HOME=C:\Program Files\OpenJDK\jdk-22.0.2
CLASSPATH=c:\Users\AJ\AppData\Roaming\Code\User\globalStorage\fwcd.kotlin\langServerInstall\server\lib\server-1.3.13.jar;c:\Users\AJ\AppData\Roaming\Code\User\globalStorage\fwcd.kotlin\langServerInstall\server\lib\shared-1.3.13.jar;c:\Users\AJ\AppData\Roaming\Code\User\globalStorage\fwcd.kotlin\langServerInstall\server\lib\kotlin-scripting-jvm-host-unshaded-2.1.0.jar;c:\Users\AJ\AppData\Roaming\Code\User\globalStorage\fwcd.kotlin\langServerInstall\server\lib\kotlin-scripting-compiler-2.1.0.jar;c:\Users\AJ\AppData\Roaming\Code\User\globalStorage\fwcd.kotlin\langServerInstall\server\lib\ktfmt-b5d31d1.jar;c:\Users\AJ\AppData\Roaming\Code\User\globalStorage\fwcd.kotlin\langServerInstall\server\lib\kotlin-compiler-2.1.0.jar;c:\Users\AJ\AppData\Roaming\Code\User\globalStorage\fwcd.kotlin\langServerInstall\server\lib\exposed-dao-0.37.3.jar;c:\Users\AJ\AppData\Roaming\Code\User\globalStorage\fwcd.kotlin\langServerInstall\server\lib\exposed-jdbc-0.37.3.jar;c:\Users\AJ\AppData\Roaming\Code\User\globalStorage\fwcd.kotlin\langServerInstall\server\lib\exposed-core-0.37.3.jar;c:\Users\AJ\AppData\Roaming\Code\User\globalStorage\fwcd.kotlin\langServerInstall\server\lib\kotlin-scripting-compiler-impl-2.1.0.jar;c:\Users\AJ\AppData\Roaming\Code\User\globalStorage\fwcd.kotlin\langServerInstall\server\lib\kotlin-reflect-2.1.0.jar;c:\Users\AJ\AppData\Roaming\Code\User\globalStorage\fwcd.kotlin\langServerInstall\server\lib\kotlin-scripting-jvm-2.1.0.jar;c:\Users\AJ\AppData\Roaming\Code\User\globalStorage\fwcd.kotlin\langServerInstall\server\lib\kotlin-scripting-common-2.1.0.jar;c:\Users\AJ\AppData\Roaming\Code\User\globalStorage\fwcd.kotlin\langServerInstall\server\lib\kotlinx-coroutines-core-jvm-1.6.4.jar;c:\Users\AJ\AppData\Roaming\Code\User\globalStorage\fwcd.kotlin\langServerInstall\server\lib\kotlin-stdlib-jdk8-2.1.0.jar;c:\Users\AJ\AppData\Roaming\Code\User\globalStorage\fwcd.kotlin\langServerInstall\server\lib\kotlin-stdlib-jdk7-2.1.0.jar;c:\Users\AJ\AppData\Roaming\Code\User\globalStorage\fwcd.kotlin\langServerInstall\server\lib\kotlin-stdlib-2.1.0.jar;c:\Users\AJ\AppData\Roaming\Code\User\globalStorage\fwcd.kotlin\langServerInstall\server\lib\org.eclipse.lsp4j-0.21.2.jar;c:\Users\AJ\AppData\Roaming\Code\User\globalStorage\fwcd.kotlin\langServerInstall\server\lib\org.eclipse.lsp4j.jsonrpc-0.21.2.jar;c:\Users\AJ\AppData\Roaming\Code\User\globalStorage\fwcd.kotlin\langServerInstall\server\lib\kotlin-sam-with-receiver-compiler-plugin-2.1.0.jar;c:\Users\AJ\AppData\Roaming\Code\User\globalStorage\fwcd.kotlin\langServerInstall\server\lib\fernflower-1.0.jar;c:\Users\AJ\AppData\Roaming\Code\User\globalStorage\fwcd.kotlin\langServerInstall\server\lib\h2-1.4.200.jar;c:\Users\AJ\AppData\Roaming\Code\User\globalStorage\fwcd.kotlin\langServerInstall\server\lib\jcommander-1.78.jar;c:\Users\AJ\AppData\Roaming\Code\User\globalStorage\fwcd.kotlin\langServerInstall\server\lib\sqlite-jdbc-3.41.2.1.jar;c:\Users\AJ\AppData\Roaming\Code\User\globalStorage\fwcd.kotlin\langServerInstall\server\lib\google-java-format-1.8.jar;c:\Users\AJ\AppData\Roaming\Code\User\globalStorage\fwcd.kotlin\langServerInstall\server\lib\guava-33.3.0-jre.jar;c:\Users\AJ\AppData\Roaming\Code\User\globalStorage\fwcd.kotlin\langServerInstall\server\lib\annotations-13.0.jar;c:\Users\AJ\AppData\Roaming\Code\User\globalStorage\fwcd.kotlin\langServerInstall\server\lib\gson-2.10.1.jar;c:\Users\AJ\AppData\Roaming\Code\User\globalStorage\fwcd.kotlin\langServerInstall\server\lib\kotlin-script-runtime-2.1.0.jar;c:\Users\AJ\AppData\Roaming\Code\User\globalStorage\fwcd.kotlin\langServerInstall\server\lib\trove4j-1.0.20200330.jar;c:\Users\AJ\AppData\Roaming\Code\User\globalStorage\fwcd.kotlin\langServerInstall\server\lib\jline-3.24.1.jar;c:\Users\AJ\AppData\Roaming\Code\User\globalStorage\fwcd.kotlin\langServerInstall\server\lib\slf4j-api-1.7.25.jar;c:\Users\AJ\AppData\Roaming\Code\User\globalStorage\fwcd.kotlin\langServerInstall\server\lib\jna-4.2.2.jar;c:\Users\AJ\AppData\Roaming\Code\User\globalStorage\fwcd.kotlin\langServerInstall\server\lib\failureaccess-1.0.2.jar;c:\Users\AJ\AppData\Roaming\Code\User\globalStorage\fwcd.kotlin\langServerInstall\server\lib\listenablefuture-9999.0-empty-to-avoid-conflict-with-guava.jar;c:\Users\AJ\AppData\Roaming\Code\User\globalStorage\fwcd.kotlin\langServerInstall\server\lib\jsr305-3.0.2.jar;c:\Users\AJ\AppData\Roaming\Code\User\globalStorage\fwcd.kotlin\langServerInstall\server\lib\checker-qual-3.43.0.jar;c:\Users\AJ\AppData\Roaming\Code\User\globalStorage\fwcd.kotlin\langServerInstall\server\lib\error_prone_annotations-2.28.0.jar
PATH=C:\Program Files\Common Files\Oracle\Java\javapath;C:\Program Files (x86)\OpenLogic\jre-8.0.382.05-hotspot\bin;C:\Program Files\Microsoft\jdk-11.0.18.10-hotspot\bin;C:\ProgramData\chocolatey\bin;C:\Users\AJ\AppData\Local\Android\Sdk\platform-tools;C:\WINDOWS\system32;C:\WINDOWS;C:\WINDOWS\System32\Wbem;C:\WINDOWS\System32\WindowsPowerShell\v1.0\;C:\WINDOWS\System32\OpenSSH\;C:\Users\AJ\AppData\Local\Programs\Python\Python312\;C:\Users\AJ\AppData\Local\Programs\Python\Python312\Scripts\;C:\Program Files\Git\cmd;C:\Program Files\Git\bin;C:\Program Files (x86)\Microsoft SQL Server\160\Tools\Binn\;C:\Program Files\Microsoft SQL Server\160\Tools\Binn\;C:\Program Files\Microsoft SQL Server\Client SDK\ODBC\170\Tools\Binn\;C:\Program Files\Microsoft SQL Server\160\DTS\Binn\;C:\Program Files\nodejs\;C:\Program Files (x86)\Microsoft SQL Server\160\DTS\Binn\;C:\Program Files\OpenJDK\jdk-22.0.2\bin;C:\Program Files (x86)\dotnet\;C:\Users\AJ\AppData\Local\Programs\Python\Python313\Scripts\;C:\Users\AJ\AppData\Local\Programs\Python\Python313\;C:\Users\AJ\AppData\Local\Programs\Python\Launcher\;C:\Users\AJ\AppData\Local\Microsoft\WindowsApps;C:\Users\AJ\AppData\Local\Programs\Microsoft VS Code\bin;C:\Users\AJ\AppData\Local\JetBrains\IntelliJ IDEA 2024.1.3\bin;C:\Users\AJ\AppData\Roaming\npm;C:\Users\AJ\AppData\Local\Programs\cursor\resources\app\bin
USERNAME=AJ
OS=Windows_NT
PROCESSOR_IDENTIFIER=Intel64 Family 6 Model 69 Stepping 1, GenuineIntel
TMP=C:\Users\AJ\AppData\Local\Temp
TEMP=C:\Users\AJ\AppData\Local\Temp




Periodic native trim disabled

---------------  S Y S T E M  ---------------

OS:
 Windows 10 , 64 bit Build 19041 (10.0.19041.5915)
OS uptime: 0 days 1:03 hours

CPU: total 4 (initial active 4) (2 cores per cpu, 2 threads per core) family 6 model 69 stepping 1 microcode 0x25, cx8, cmov, fxsr, ht, mmx, sse, sse2, sse3, ssse3, sse4.1, sse4.2, popcnt, lzcnt, tsc, tscinvbit, avx, avx2, aes, erms, clmul, bmi1, bmi2, fma, vzeroupper, clflush, rdtscp, f16c
Processor Information for all 4 processors :
  Max Mhz: 2494, Current Mhz: 1895, Mhz Limit: 1895

Memory: 4k page, system-wide physical 7878M (490M free)
TotalPageFile size 12841M (AvailPageFile size 17M)
current process WorkingSet (physical memory assigned to process): 427M, peak: 433M
current process commit charge ("private bytes"): 410M, peak: 531M

vm_info: OpenJDK 64-Bit Server VM (22.0.2+9-70) for windows-amd64 JRE (22.0.2+9-70), built on 2024-06-04T16:52:23Z by "mach5one" with MS VC++ 17.6 (VS2022)

END.
