#
# There is insufficient memory for the Java Runtime Environment to continue.
# Native memory allocation (malloc) failed to allocate 1048576 bytes. Error detail: AllocateHeap
# Possible reasons:
#   The system is out of physical RAM or swap space
#   This process is running with CompressedOops enabled, and the Java Heap may be blocking the growth of the native heap
# Possible solutions:
#   Reduce memory load on the system
#   Increase physical memory or swap space
#   Check if swap backing store is full
#   Decrease Java heap size (-Xmx/-Xms)
#   Decrease number of Java threads
#   Decrease Java thread stack sizes (-Xss)
#   Set larger code cache with -XX:ReservedCodeCacheSize=
#   JVM is running with Unscaled Compressed Oops mode in which the Java heap is
#     placed in the first 4GB address space. The Java Heap base address is the
#     maximum limit for the native heap growth. Please use -XX:HeapBaseMinAddress
#     to set the Java Heap base and to place the Java Heap above 4GB virtual address.
# This output file may be truncated or incomplete.
#
#  Out of Memory Error (allocation.cpp:44), pid=9712, tid=8484
#
# JRE version: OpenJDK Runtime Environment Temurin-21.0.8+9 (21.0.8+9) (build 21.0.8+9-LTS)
# Java VM: OpenJDK 64-Bit Server VM Temurin-21.0.8+9 (21.0.8+9-LTS, mixed mode, sharing, tiered, compressed oops, compressed class ptrs, parallel gc, windows-amd64)
# No core dump will be written. Minidumps are not enabled by default on client versions of Windows
#

---------------  S U M M A R Y ------------

Command Line: --add-modules=ALL-SYSTEM --add-opens=java.base/java.util=ALL-UNNAMED --add-opens=java.base/java.lang=ALL-UNNAMED --add-opens=java.base/sun.nio.fs=ALL-UNNAMED -Declipse.application=org.eclipse.jdt.ls.core.id1 -Dosgi.bundles.defaultStartLevel=4 -Declipse.product=org.eclipse.jdt.ls.core.product -Djava.import.generatesMetadataFilesAtProjectRoot=false -DDetectVMInstallationsJob.disabled=true -Dfile.encoding=utf8 -XX:+UseParallelGC -XX:GCTimeRatio=4 -XX:AdaptiveSizePolicyWeight=90 -Dsun.zip.disableMemoryMapping=true -Xmx2G -Xms100m -Xlog:disable -javaagent:c:\Users\AJ\.vscode\extensions\redhat.java-1.44.0-win32-x64\lombok\lombok-1.18.39-4050.jar -XX:+HeapDumpOnOutOfMemoryError -XX:HeapDumpPath=c:\Users\AJ\AppData\Roaming\Code\User\workspaceStorage\42d3df7c00ac9b0f7d13d418ec405ff2\redhat.java -Daether.dependencyCollector.impl=bf c:\Users\AJ\.vscode\extensions\redhat.java-1.44.0-win32-x64\server\plugins\org.eclipse.equinox.launcher_1.7.0.v20250519-0528.jar -configuration c:\Users\AJ\AppData\Roaming\Code\User\globalStorage\redhat.java\1.44.0\config_win -data c:\Users\AJ\AppData\Roaming\Code\User\workspaceStorage\42d3df7c00ac9b0f7d13d418ec405ff2\redhat.java\jdt_ws --pipe=\\.\pipe\lsp-a817de6d03ed9d0798744ddf0d0c6222-sock

Host: Intel(R) Core(TM) i5-4300U CPU @ 1.90GHz, 4 cores, 7G,  Windows 10 , 64 bit Build 19041 (10.0.19041.5915)
Time: Wed Aug  6 15:16:18 2025 Pakistan Standard Time elapsed time: 2960.108641 seconds (0d 0h 49m 20s)

---------------  T H R E A D  ---------------

Current thread (0x000001faae5232b0):  JavaThread "Attach Listener" daemon [_thread_in_vm, id=8484, stack(0x0000006d90f00000,0x0000006d91000000) (1024K)]

Stack: [0x0000006d90f00000,0x0000006d91000000]
Native frames: (J=compiled Java code, j=interpreted, Vv=VM code, C=native code)
V  [jvm.dll+0x6d2449]
V  [jvm.dll+0x8ae341]
V  [jvm.dll+0x8b08be]
V  [jvm.dll+0x8b0fa3]
V  [jvm.dll+0x280c96]
V  [jvm.dll+0xc0347]
V  [jvm.dll+0x6d2cf9]
V  [jvm.dll+0x131116]
V  [jvm.dll+0x3f2d16]
V  [jvm.dll+0x857e6b]
V  [jvm.dll+0x6d0b0d]
C  [ucrtbase.dll+0x21bb2]
C  [KERNEL32.DLL+0x17374]
C  [ntdll.dll+0x4cc91]


---------------  P R O C E S S  ---------------

Threads class SMR info:
_java_thread_list=0x000001fb0ba05e00, length=31, elements={
0x000001faae632640, 0x000001faae51d030, 0x000001faae520740, 0x000001faae5223a0,
0x000001faae5232b0, 0x000001faae526e80, 0x000001faae5278d0, 0x000001faae528650,
0x000001faae59b970, 0x000001faae69e9f0, 0x000001fb06e3ba40, 0x000001fb06f5b000,
0x000001fb0b648af0, 0x000001fb06eec0f0, 0x000001faae587650, 0x000001fb0ba81850,
0x000001fb0b6f16b0, 0x000001fb0bec3e20, 0x000001fb0bec3790, 0x000001fb0bec1d50,
0x000001fb0bec2a70, 0x000001fb0bec51d0, 0x000001fb0bec3100, 0x000001fb0b109160,
0x000001fb0b10a510, 0x000001fb0b10f3d0, 0x000001fb0b10c5e0, 0x000001fb0b1097f0,
0x000001fb0b10b8c0, 0x000001fb0b10d300, 0x000001fb0b10fa60
}

Java Threads: ( => current thread )
  0x000001faae632640 JavaThread "main"                              [_thread_blocked, id=4916, stack(0x0000006d90800000,0x0000006d90900000) (1024K)]
  0x000001faae51d030 JavaThread "Reference Handler"          daemon [_thread_blocked, id=7816, stack(0x0000006d90c00000,0x0000006d90d00000) (1024K)]
  0x000001faae520740 JavaThread "Finalizer"                  daemon [_thread_blocked, id=3332, stack(0x0000006d90d00000,0x0000006d90e00000) (1024K)]
  0x000001faae5223a0 JavaThread "Signal Dispatcher"          daemon [_thread_blocked, id=14160, stack(0x0000006d90e00000,0x0000006d90f00000) (1024K)]
=>0x000001faae5232b0 JavaThread "Attach Listener"            daemon [_thread_in_vm, id=8484, stack(0x0000006d90f00000,0x0000006d91000000) (1024K)]
  0x000001faae526e80 JavaThread "Service Thread"             daemon [_thread_blocked, id=8020, stack(0x0000006d91000000,0x0000006d91100000) (1024K)]
  0x000001faae5278d0 JavaThread "Monitor Deflation Thread"   daemon [_thread_blocked, id=5452, stack(0x0000006d91100000,0x0000006d91200000) (1024K)]
  0x000001faae528650 JavaThread "C2 CompilerThread0"         daemon [_thread_blocked, id=11748, stack(0x0000006d91200000,0x0000006d91300000) (1024K)]
  0x000001faae59b970 JavaThread "C1 CompilerThread0"         daemon [_thread_blocked, id=10500, stack(0x0000006d91300000,0x0000006d91400000) (1024K)]
  0x000001faae69e9f0 JavaThread "Common-Cleaner"             daemon [_thread_blocked, id=10060, stack(0x0000006d91400000,0x0000006d91500000) (1024K)]
  0x000001fb06e3ba40 JavaThread "Notification Thread"        daemon [_thread_blocked, id=11672, stack(0x0000006d91500000,0x0000006d91600000) (1024K)]
  0x000001fb06f5b000 JavaThread "Active Thread: Equinox Container: 248f2e53-ae07-45eb-a42d-5071c2557b67"        [_thread_blocked, id=6356, stack(0x0000006d91600000,0x0000006d91700000) (1024K)]
  0x000001fb0b648af0 JavaThread "Refresh Thread: Equinox Container: 248f2e53-ae07-45eb-a42d-5071c2557b67" daemon [_thread_blocked, id=6604, stack(0x0000006d91a00000,0x0000006d91b00000) (1024K)]
  0x000001fb06eec0f0 JavaThread "Framework Event Dispatcher: Equinox Container: 248f2e53-ae07-45eb-a42d-5071c2557b67" daemon [_thread_blocked, id=6292, stack(0x0000006d91b00000,0x0000006d91c00000) (1024K)]
  0x000001faae587650 JavaThread "Start Level: Equinox Container: 248f2e53-ae07-45eb-a42d-5071c2557b67" daemon [_thread_blocked, id=10900, stack(0x0000006d91c00000,0x0000006d91d00000) (1024K)]
  0x000001fb0ba81850 JavaThread "Bundle File Closer"         daemon [_thread_blocked, id=14604, stack(0x0000006d91e00000,0x0000006d91f00000) (1024K)]
  0x000001fb0b6f16b0 JavaThread "SCR Component Actor"        daemon [_thread_blocked, id=3804, stack(0x0000006d91d00000,0x0000006d91e00000) (1024K)]
  0x000001fb0bec3e20 JavaThread "Worker-JM"                         [_thread_blocked, id=9676, stack(0x0000006d92000000,0x0000006d92100000) (1024K)]
  0x000001fb0bec3790 JavaThread "JNA Cleaner"                daemon [_thread_blocked, id=3668, stack(0x0000006d92100000,0x0000006d92200000) (1024K)]
  0x000001fb0bec1d50 JavaThread "Worker-1"                          [_thread_blocked, id=11108, stack(0x0000006d92200000,0x0000006d92300000) (1024K)]
  0x000001fb0bec2a70 JavaThread "Worker-2"                          [_thread_blocked, id=5984, stack(0x0000006d92400000,0x0000006d92500000) (1024K)]
  0x000001fb0bec51d0 JavaThread "Java indexing"              daemon [_thread_blocked, id=7344, stack(0x0000006d92700000,0x0000006d92800000) (1024K)]
  0x000001fb0bec3100 JavaThread "Thread-2"                   daemon [_thread_in_native, id=2944, stack(0x0000006d92a00000,0x0000006d92b00000) (1024K)]
  0x000001fb0b109160 JavaThread "Thread-3"                   daemon [_thread_in_native, id=9788, stack(0x0000006d92b00000,0x0000006d92c00000) (1024K)]
  0x000001fb0b10a510 JavaThread "Thread-4"                   daemon [_thread_in_native, id=15008, stack(0x0000006d92c00000,0x0000006d92d00000) (1024K)]
  0x000001fb0b10f3d0 JavaThread "Thread-5"                   daemon [_thread_in_native, id=5480, stack(0x0000006d92d00000,0x0000006d92e00000) (1024K)]
  0x000001fb0b10c5e0 JavaThread "Thread-6"                   daemon [_thread_in_native, id=10296, stack(0x0000006d92e00000,0x0000006d92f00000) (1024K)]
  0x000001fb0b1097f0 JavaThread "pool-2-thread-1"                   [_thread_blocked, id=14220, stack(0x0000006d92f00000,0x0000006d93000000) (1024K)]
  0x000001fb0b10b8c0 JavaThread "WorkspaceEventsHandler"            [_thread_blocked, id=9024, stack(0x0000006d93000000,0x0000006d93100000) (1024K)]
  0x000001fb0b10d300 JavaThread "pool-1-thread-1"                   [_thread_blocked, id=15028, stack(0x0000006d93100000,0x0000006d93200000) (1024K)]
  0x000001fb0b10fa60 JavaThread "Timer-0"                           [_thread_blocked, id=7884, stack(0x0000006d92800000,0x0000006d92900000) (1024K)]
Total: 31

Other Threads:
  0x000001faae50e780 VMThread "VM Thread"                           [id=5168, stack(0x0000006d90b00000,0x0000006d90c00000) (1024K)]
  0x000001faae69d310 WatcherThread "VM Periodic Task Thread"        [id=12240, stack(0x0000006d90a00000,0x0000006d90b00000) (1024K)]
  0x000001faae6507e0 WorkerThread "GC Thread#0"                     [id=3744, stack(0x0000006d90900000,0x0000006d90a00000) (1024K)]
  0x000001fb0b4024f0 WorkerThread "GC Thread#1"                     [id=13448, stack(0x0000006d91700000,0x0000006d91800000) (1024K)]
  0x000001fb0b402890 WorkerThread "GC Thread#2"                     [id=11776, stack(0x0000006d91800000,0x0000006d91900000) (1024K)]
  0x000001fb0b5bf260 WorkerThread "GC Thread#3"                     [id=10300, stack(0x0000006d91900000,0x0000006d91a00000) (1024K)]
Total: 6

Threads with active compile tasks:
Total: 0

VM state: not at safepoint (normal execution)

VM Mutex/Monitor currently owned by a thread: None

Heap address: 0x0000000080000000, size: 2048 MB, Compressed Oops mode: 32-bit

CDS archive(s) mapped at: [0x000001fac5000000-0x000001fac5ba0000-0x000001fac5ba0000), size 12189696, SharedBaseAddress: 0x000001fac5000000, ArchiveRelocationMode: 1.
Compressed class space mapped at: 0x000001fac6000000-0x000001fb06000000, reserved size: 1073741824
Narrow klass base: 0x000001fac5000000, Narrow klass shift: 0, Narrow klass range: 0x100000000

GC Precious Log:
 CardTable entry size: 512
 CPUs: 4 total, 4 available
 Memory: 7878M
 Large Page Support: Disabled
 NUMA Support: Disabled
 Compressed Oops: Enabled (32-bit)
 Alignments: Space 512K, Generation 512K, Heap 2M
 Heap Min Capacity: 100M
 Heap Initial Capacity: 100M
 Heap Max Capacity: 2G
 Pre-touch: Disabled
 Parallel Workers: 4

Heap:
 PSYoungGen      total 5120K, used 557K [0x00000000d5580000, 0x00000000d5e00000, 0x0000000100000000)
  eden space 4608K, 6% used [0x00000000d5580000,0x00000000d55cb760,0x00000000d5a00000)
  from space 512K, 50% used [0x00000000d5d80000,0x00000000d5dc0010,0x00000000d5e00000)
  to   space 512K, 0% used [0x00000000d5a00000,0x00000000d5a00000,0x00000000d5a80000)
 ParOldGen       total 200704K, used 200253K [0x0000000080000000, 0x000000008c400000, 0x00000000d5580000)
  object space 200704K, 99% used [0x0000000080000000,0x000000008c38f580,0x000000008c400000)
 Metaspace       used 64537K, committed 65920K, reserved 1114112K
  class space    used 7313K, committed 7936K, reserved 1048576K

Card table byte_map: [0x000001faadfe0000,0x000001faae3f0000] _byte_map_base: 0x000001faadbe0000

Marking Bits: (ParMarkBitMap*) 0x00007ffc63c1a340
 Begin Bits: [0x000001fac0ae0000, 0x000001fac2ae0000)
 End Bits:   [0x000001fac2ae0000, 0x000001fac4ae0000)

Polling page: 0x000001faac490000

Metaspace:

Usage:
  Non-class:     55.88 MB used.
      Class:      7.14 MB used.
       Both:     63.03 MB used.

Virtual space:
  Non-class space:       64.00 MB reserved,      56.62 MB ( 88%) committed,  1 nodes.
      Class space:        1.00 GB reserved,       7.75 MB ( <1%) committed,  1 nodes.
             Both:        1.06 GB reserved,      64.38 MB (  6%) committed. 

Chunk freelists:
   Non-Class:  6.89 MB
       Class:  8.31 MB
        Both:  15.20 MB

MaxMetaspaceSize: unlimited
CompressedClassSpaceSize: 1.00 GB
Initial GC threshold: 21.00 MB
Current GC threshold: 97.31 MB
CDS: on
 - commit_granule_bytes: 65536.
 - commit_granule_words: 8192.
 - virtual_space_node_default_size: 8388608.
 - enlarge_chunks_in_place: 1.
 - use_allocation_guard: 0.


Internal statistics:

num_allocs_failed_limit: 9.
num_arena_births: 1100.
num_arena_deaths: 14.
num_vsnodes_births: 2.
num_vsnodes_deaths: 0.
num_space_committed: 1030.
num_space_uncommitted: 0.
num_chunks_returned_to_freelist: 23.
num_chunks_taken_from_freelist: 3980.
num_chunk_merges: 13.
num_chunk_splits: 2529.
num_chunks_enlarged: 1527.
num_inconsistent_stats: 0.

CodeHeap 'non-profiled nmethods': size=120000Kb used=8878Kb max_used=8878Kb free=111121Kb
 bounds [0x000001fab9300000, 0x000001fab9bb0000, 0x000001fac0830000]
CodeHeap 'profiled nmethods': size=120000Kb used=22543Kb max_used=22543Kb free=97456Kb
 bounds [0x000001fab1830000, 0x000001fab2e40000, 0x000001fab8d60000]
CodeHeap 'non-nmethods': size=5760Kb used=1403Kb max_used=1456Kb free=4356Kb
 bounds [0x000001fab8d60000, 0x000001fab8fd0000, 0x000001fab9300000]
CodeCache: size=245760Kb, used=32824Kb, max_used=32877Kb, free=212933Kb
 total_blobs=11072, nmethods=10359, adapters=619, full_count=0
Compilation: enabled, stopped_count=0, restarted_count=0

Compilation events (20 events):
Event: 2733.049 Thread 0x000001faae528650 11224       4       org.eclipse.buildship.core.internal.util.progress.RateLimitingProgressMonitor$1::run (55 bytes)
Event: 2733.101 Thread 0x000001faae528650 nmethod 11224 0x000001fab9bab110 code [0x000001fab9bab2c0, 0x000001fab9bab450]
Event: 2775.855 Thread 0x000001faae528650 11225       4       jdk.internal.misc.Unsafe::putIntOpaque (9 bytes)
Event: 2775.856 Thread 0x000001faae528650 nmethod 11225 0x000001fab9bab610 code [0x000001fab9bab7a0, 0x000001fab9bab838]
Event: 2858.711 Thread 0x000001faae59b970 11226   !   3       java.util.concurrent.ScheduledThreadPoolExecutor$DelayedWorkQueue::offer (123 bytes)
Event: 2858.717 Thread 0x000001faae59b970 nmethod 11226 0x000001fab2e29210 code [0x000001fab2e29520, 0x000001fab2e2a8b0]
Event: 2858.717 Thread 0x000001faae59b970 11230       3       java.util.concurrent.locks.AbstractQueuedSynchronizer$ConditionObject::awaitNanos (207 bytes)
Event: 2858.721 Thread 0x000001faae59b970 nmethod 11230 0x000001fab2e2b110 code [0x000001fab2e2b400, 0x000001fab2e2c2b0]
Event: 2858.721 Thread 0x000001faae59b970 11229   !   3       java.util.concurrent.ScheduledThreadPoolExecutor$DelayedWorkQueue::take (203 bytes)
Event: 2858.735 Thread 0x000001faae59b970 nmethod 11229 0x000001fab2e2c810 code [0x000001fab2e2cbe0, 0x000001fab2e2e480]
Event: 2858.735 Thread 0x000001faae59b970 11227       3       java.util.concurrent.ThreadPoolExecutor::ensurePrestart (41 bytes)
Event: 2858.740 Thread 0x000001faae59b970 nmethod 11227 0x000001fab2e2ef90 code [0x000001fab2e2f160, 0x000001fab2e2f410]
Event: 2858.740 Thread 0x000001faae59b970 11228       3       java.util.concurrent.ScheduledThreadPoolExecutor$DelayedWorkQueue::take (5 bytes)
Event: 2858.741 Thread 0x000001faae59b970 nmethod 11228 0x000001fab2e2f510 code [0x000001fab2e2f6c0, 0x000001fab2e2f818]
Event: 2875.943 Thread 0x000001faae59b970 11231   !   3       java.util.concurrent.FutureTask::runAndReset (125 bytes)
Event: 2875.962 Thread 0x000001faae59b970 nmethod 11231 0x000001fab2e2f910 code [0x000001fab2e2fd80, 0x000001fab2e32438]
Event: 2875.962 Thread 0x000001faae59b970 11232       3       java.util.concurrent.ScheduledThreadPoolExecutor$ScheduledFutureTask::setNextRunTime (38 bytes)
Event: 2875.962 Thread 0x000001faae59b970 nmethod 11232 0x000001fab2e32f90 code [0x000001fab2e33140, 0x000001fab2e33350]
Event: 2875.963 Thread 0x000001faae59b970 11233       3       java.util.concurrent.ScheduledThreadPoolExecutor::reExecutePeriodic (49 bytes)
Event: 2875.963 Thread 0x000001faae59b970 nmethod 11233 0x000001fab2e33410 code [0x000001fab2e33640, 0x000001fab2e33cc0]

GC Heap History (20 events):
Event: 60.807 GC heap before
{Heap before GC invocations=962 (full 3):
 PSYoungGen      total 4608K, used 4558K [0x00000000d5580000, 0x00000000d5d00000, 0x0000000100000000)
  eden space 2560K, 100% used [0x00000000d5580000,0x00000000d5800000,0x00000000d5800000)
  from space 2048K, 97% used [0x00000000d5b00000,0x00000000d5cf3a00,0x00000000d5d00000)
  to   space 2560K, 0% used [0x00000000d5800000,0x00000000d5800000,0x00000000d5a80000)
 ParOldGen       total 178688K, used 178388K [0x0000000080000000, 0x000000008ae80000, 0x00000000d5580000)
  object space 178688K, 99% used [0x0000000080000000,0x000000008ae352c0,0x000000008ae80000)
 Metaspace       used 64100K, committed 65344K, reserved 1114112K
  class space    used 7269K, committed 7808K, reserved 1048576K
}
Event: 60.812 GC heap after
{Heap after GC invocations=962 (full 3):
 PSYoungGen      total 5120K, used 2500K [0x00000000d5580000, 0x00000000d5e80000, 0x0000000100000000)
  eden space 2560K, 0% used [0x00000000d5580000,0x00000000d5580000,0x00000000d5800000)
  from space 2560K, 97% used [0x00000000d5800000,0x00000000d5a71080,0x00000000d5a80000)
  to   space 3072K, 0% used [0x00000000d5b80000,0x00000000d5b80000,0x00000000d5e80000)
 ParOldGen       total 180736K, used 180360K [0x0000000080000000, 0x000000008b080000, 0x00000000d5580000)
  object space 180736K, 99% used [0x0000000080000000,0x000000008b0222e8,0x000000008b080000)
 Metaspace       used 64100K, committed 65344K, reserved 1114112K
  class space    used 7269K, committed 7808K, reserved 1048576K
}
Event: 60.821 GC heap before
{Heap before GC invocations=963 (full 3):
 PSYoungGen      total 5120K, used 5060K [0x00000000d5580000, 0x00000000d5e80000, 0x0000000100000000)
  eden space 2560K, 99% used [0x00000000d5580000,0x00000000d57ffff8,0x00000000d5800000)
  from space 2560K, 97% used [0x00000000d5800000,0x00000000d5a71080,0x00000000d5a80000)
  to   space 3072K, 0% used [0x00000000d5b80000,0x00000000d5b80000,0x00000000d5e80000)
 ParOldGen       total 180736K, used 180360K [0x0000000080000000, 0x000000008b080000, 0x00000000d5580000)
  object space 180736K, 99% used [0x0000000080000000,0x000000008b0222e8,0x000000008b080000)
 Metaspace       used 64100K, committed 65344K, reserved 1114112K
  class space    used 7269K, committed 7808K, reserved 1048576K
}
Event: 60.829 GC heap after
{Heap after GC invocations=963 (full 3):
 PSYoungGen      total 5632K, used 2496K [0x00000000d5580000, 0x00000000d5e00000, 0x0000000100000000)
  eden space 3072K, 0% used [0x00000000d5580000,0x00000000d5580000,0x00000000d5880000)
  from space 2560K, 97% used [0x00000000d5b80000,0x00000000d5df0000,0x00000000d5e00000)
  to   space 2560K, 0% used [0x00000000d5900000,0x00000000d5900000,0x00000000d5b80000)
 ParOldGen       total 183296K, used 182844K [0x0000000080000000, 0x000000008b300000, 0x00000000d5580000)
  object space 183296K, 99% used [0x0000000080000000,0x000000008b28f368,0x000000008b300000)
 Metaspace       used 64100K, committed 65344K, reserved 1114112K
  class space    used 7269K, committed 7808K, reserved 1048576K
}
Event: 60.850 GC heap before
{Heap before GC invocations=964 (full 3):
 PSYoungGen      total 5632K, used 5568K [0x00000000d5580000, 0x00000000d5e00000, 0x0000000100000000)
  eden space 3072K, 100% used [0x00000000d5580000,0x00000000d5880000,0x00000000d5880000)
  from space 2560K, 97% used [0x00000000d5b80000,0x00000000d5df0000,0x00000000d5e00000)
  to   space 2560K, 0% used [0x00000000d5900000,0x00000000d5900000,0x00000000d5b80000)
 ParOldGen       total 183296K, used 182844K [0x0000000080000000, 0x000000008b300000, 0x00000000d5580000)
  object space 183296K, 99% used [0x0000000080000000,0x000000008b28f368,0x000000008b300000)
 Metaspace       used 64100K, committed 65344K, reserved 1114112K
  class space    used 7269K, committed 7808K, reserved 1048576K
}
Event: 60.856 GC heap after
{Heap after GC invocations=964 (full 3):
 PSYoungGen      total 6144K, used 2554K [0x00000000d5580000, 0x00000000d6580000, 0x0000000100000000)
  eden space 3584K, 0% used [0x00000000d5580000,0x00000000d5580000,0x00000000d5900000)
  from space 2560K, 99% used [0x00000000d5900000,0x00000000d5b7ea28,0x00000000d5b80000)
  to   space 6144K, 0% used [0x00000000d5f80000,0x00000000d5f80000,0x00000000d6580000)
 ParOldGen       total 185856K, used 185706K [0x0000000080000000, 0x000000008b580000, 0x00000000d5580000)
  object space 185856K, 99% used [0x0000000080000000,0x000000008b55ab60,0x000000008b580000)
 Metaspace       used 64100K, committed 65344K, reserved 1114112K
  class space    used 7269K, committed 7808K, reserved 1048576K
}
Event: 60.904 GC heap before
{Heap before GC invocations=965 (full 3):
 PSYoungGen      total 6144K, used 6138K [0x00000000d5580000, 0x00000000d6580000, 0x0000000100000000)
  eden space 3584K, 100% used [0x00000000d5580000,0x00000000d5900000,0x00000000d5900000)
  from space 2560K, 99% used [0x00000000d5900000,0x00000000d5b7ea28,0x00000000d5b80000)
  to   space 6144K, 0% used [0x00000000d5f80000,0x00000000d5f80000,0x00000000d6580000)
 ParOldGen       total 185856K, used 185706K [0x0000000080000000, 0x000000008b580000, 0x00000000d5580000)
  object space 185856K, 99% used [0x0000000080000000,0x000000008b55ab60,0x000000008b580000)
 Metaspace       used 64110K, committed 65344K, reserved 1114112K
  class space    used 7269K, committed 7808K, reserved 1048576K
}
Event: 60.910 GC heap after
{Heap after GC invocations=965 (full 3):
 PSYoungGen      total 8192K, used 3392K [0x00000000d5580000, 0x00000000d6300000, 0x0000000100000000)
  eden space 4608K, 0% used [0x00000000d5580000,0x00000000d5580000,0x00000000d5a00000)
  from space 3584K, 94% used [0x00000000d5f80000,0x00000000d62d00f0,0x00000000d6300000)
  to   space 4608K, 0% used [0x00000000d5a00000,0x00000000d5a00000,0x00000000d5e80000)
 ParOldGen       total 188416K, used 188255K [0x0000000080000000, 0x000000008b800000, 0x00000000d5580000)
  object space 188416K, 99% used [0x0000000080000000,0x000000008b7d7ee8,0x000000008b800000)
 Metaspace       used 64110K, committed 65344K, reserved 1114112K
  class space    used 7269K, committed 7808K, reserved 1048576K
}
Event: 60.996 GC heap before
{Heap before GC invocations=966 (full 3):
 PSYoungGen      total 8192K, used 8000K [0x00000000d5580000, 0x00000000d6300000, 0x0000000100000000)
  eden space 4608K, 100% used [0x00000000d5580000,0x00000000d5a00000,0x00000000d5a00000)
  from space 3584K, 94% used [0x00000000d5f80000,0x00000000d62d00f0,0x00000000d6300000)
  to   space 4608K, 0% used [0x00000000d5a00000,0x00000000d5a00000,0x00000000d5e80000)
 ParOldGen       total 188416K, used 188255K [0x0000000080000000, 0x000000008b800000, 0x00000000d5580000)
  object space 188416K, 99% used [0x0000000080000000,0x000000008b7d7ee8,0x000000008b800000)
 Metaspace       used 64138K, committed 65408K, reserved 1114112K
  class space    used 7269K, committed 7808K, reserved 1048576K
}
Event: 61.003 GC heap after
{Heap after GC invocations=966 (full 3):
 PSYoungGen      total 9216K, used 4446K [0x00000000d5580000, 0x00000000d6400000, 0x0000000100000000)
  eden space 4608K, 0% used [0x00000000d5580000,0x00000000d5580000,0x00000000d5a00000)
  from space 4608K, 96% used [0x00000000d5a00000,0x00000000d5e57a70,0x00000000d5e80000)
  to   space 5120K, 0% used [0x00000000d5f00000,0x00000000d5f00000,0x00000000d6400000)
 ParOldGen       total 192000K, used 191605K [0x0000000080000000, 0x000000008bb80000, 0x00000000d5580000)
  object space 192000K, 99% used [0x0000000080000000,0x000000008bb1d780,0x000000008bb80000)
 Metaspace       used 64138K, committed 65408K, reserved 1114112K
  class space    used 7269K, committed 7808K, reserved 1048576K
}
Event: 61.694 GC heap before
{Heap before GC invocations=967 (full 3):
 PSYoungGen      total 9216K, used 9054K [0x00000000d5580000, 0x00000000d6400000, 0x0000000100000000)
  eden space 4608K, 99% used [0x00000000d5580000,0x00000000d59ffec8,0x00000000d5a00000)
  from space 4608K, 96% used [0x00000000d5a00000,0x00000000d5e57a70,0x00000000d5e80000)
  to   space 5120K, 0% used [0x00000000d5f00000,0x00000000d5f00000,0x00000000d6400000)
 ParOldGen       total 192000K, used 191605K [0x0000000080000000, 0x000000008bb80000, 0x00000000d5580000)
  object space 192000K, 99% used [0x0000000080000000,0x000000008bb1d780,0x000000008bb80000)
 Metaspace       used 64145K, committed 65408K, reserved 1114112K
  class space    used 7269K, committed 7808K, reserved 1048576K
}
Event: 61.700 GC heap after
{Heap after GC invocations=967 (full 3):
 PSYoungGen      total 8704K, used 3948K [0x00000000d5580000, 0x00000000d6300000, 0x0000000100000000)
  eden space 4608K, 0% used [0x00000000d5580000,0x00000000d5580000,0x00000000d5a00000)
  from space 4096K, 96% used [0x00000000d5f00000,0x00000000d62db0f0,0x00000000d6300000)
  to   space 4608K, 0% used [0x00000000d5a00000,0x00000000d5a00000,0x00000000d5e80000)
 ParOldGen       total 196096K, used 196041K [0x0000000080000000, 0x000000008bf80000, 0x00000000d5580000)
  object space 196096K, 99% used [0x0000000080000000,0x000000008bf726a0,0x000000008bf80000)
 Metaspace       used 64145K, committed 65408K, reserved 1114112K
  class space    used 7269K, committed 7808K, reserved 1048576K
}
Event: 317.250 GC heap before
{Heap before GC invocations=968 (full 3):
 PSYoungGen      total 8704K, used 8556K [0x00000000d5580000, 0x00000000d6300000, 0x0000000100000000)
  eden space 4608K, 100% used [0x00000000d5580000,0x00000000d5a00000,0x00000000d5a00000)
  from space 4096K, 96% used [0x00000000d5f00000,0x00000000d62db0f0,0x00000000d6300000)
  to   space 4608K, 0% used [0x00000000d5a00000,0x00000000d5a00000,0x00000000d5e80000)
 ParOldGen       total 196096K, used 196041K [0x0000000080000000, 0x000000008bf80000, 0x00000000d5580000)
  object space 196096K, 99% used [0x0000000080000000,0x000000008bf726a0,0x000000008bf80000)
 Metaspace       used 64252K, committed 65600K, reserved 1114112K
  class space    used 7286K, committed 7872K, reserved 1048576K
}
Event: 317.262 GC heap after
{Heap after GC invocations=968 (full 3):
 PSYoungGen      total 5120K, used 288K [0x00000000d5580000, 0x00000000d5f80000, 0x0000000100000000)
  eden space 4608K, 0% used [0x00000000d5580000,0x00000000d5580000,0x00000000d5a00000)
  from space 512K, 56% used [0x00000000d5a00000,0x00000000d5a48000,0x00000000d5a80000)
  to   space 2048K, 0% used [0x00000000d5d80000,0x00000000d5d80000,0x00000000d5f80000)
 ParOldGen       total 200192K, used 199965K [0x0000000080000000, 0x000000008c380000, 0x00000000d5580000)
  object space 200192K, 99% used [0x0000000080000000,0x000000008c347580,0x000000008c380000)
 Metaspace       used 64252K, committed 65600K, reserved 1114112K
  class space    used 7286K, committed 7872K, reserved 1048576K
}
Event: 436.700 GC heap before
{Heap before GC invocations=969 (full 3):
 PSYoungGen      total 5120K, used 4896K [0x00000000d5580000, 0x00000000d5f80000, 0x0000000100000000)
  eden space 4608K, 100% used [0x00000000d5580000,0x00000000d5a00000,0x00000000d5a00000)
  from space 512K, 56% used [0x00000000d5a00000,0x00000000d5a48000,0x00000000d5a80000)
  to   space 2048K, 0% used [0x00000000d5d80000,0x00000000d5d80000,0x00000000d5f80000)
 ParOldGen       total 200192K, used 199965K [0x0000000080000000, 0x000000008c380000, 0x00000000d5580000)
  object space 200192K, 99% used [0x0000000080000000,0x000000008c347580,0x000000008c380000)
 Metaspace       used 64473K, committed 65792K, reserved 1114112K
  class space    used 7313K, committed 7936K, reserved 1048576K
}
Event: 436.703 GC heap after
{Heap after GC invocations=969 (full 3):
 PSYoungGen      total 5120K, used 128K [0x00000000d5580000, 0x00000000d5e00000, 0x0000000100000000)
  eden space 4608K, 0% used [0x00000000d5580000,0x00000000d5580000,0x00000000d5a00000)
  from space 512K, 25% used [0x00000000d5d80000,0x00000000d5da0000,0x00000000d5e00000)
  to   space 512K, 0% used [0x00000000d5a00000,0x00000000d5a00000,0x00000000d5a80000)
 ParOldGen       total 200192K, used 200189K [0x0000000080000000, 0x000000008c380000, 0x00000000d5580000)
  object space 200192K, 99% used [0x0000000080000000,0x000000008c37f580,0x000000008c380000)
 Metaspace       used 64473K, committed 65792K, reserved 1114112K
  class space    used 7313K, committed 7936K, reserved 1048576K
}
Event: 600.966 GC heap before
{Heap before GC invocations=970 (full 3):
 PSYoungGen      total 5120K, used 4736K [0x00000000d5580000, 0x00000000d5e00000, 0x0000000100000000)
  eden space 4608K, 100% used [0x00000000d5580000,0x00000000d5a00000,0x00000000d5a00000)
  from space 512K, 25% used [0x00000000d5d80000,0x00000000d5da0000,0x00000000d5e00000)
  to   space 512K, 0% used [0x00000000d5a00000,0x00000000d5a00000,0x00000000d5a80000)
 ParOldGen       total 200192K, used 200189K [0x0000000080000000, 0x000000008c380000, 0x00000000d5580000)
  object space 200192K, 99% used [0x0000000080000000,0x000000008c37f580,0x000000008c380000)
 Metaspace       used 64476K, committed 65856K, reserved 1114112K
  class space    used 7313K, committed 7936K, reserved 1048576K
}
Event: 600.969 GC heap after
{Heap after GC invocations=970 (full 3):
 PSYoungGen      total 5120K, used 96K [0x00000000d5580000, 0x00000000d5e00000, 0x0000000100000000)
  eden space 4608K, 0% used [0x00000000d5580000,0x00000000d5580000,0x00000000d5a00000)
  from space 512K, 18% used [0x00000000d5a00000,0x00000000d5a18000,0x00000000d5a80000)
  to   space 512K, 0% used [0x00000000d5d80000,0x00000000d5d80000,0x00000000d5e00000)
 ParOldGen       total 200704K, used 200245K [0x0000000080000000, 0x000000008c400000, 0x00000000d5580000)
  object space 200704K, 99% used [0x0000000080000000,0x000000008c38d580,0x000000008c400000)
 Metaspace       used 64476K, committed 65856K, reserved 1114112K
  class space    used 7313K, committed 7936K, reserved 1048576K
}
Event: 2115.853 GC heap before
{Heap before GC invocations=971 (full 3):
 PSYoungGen      total 5120K, used 4704K [0x00000000d5580000, 0x00000000d5e00000, 0x0000000100000000)
  eden space 4608K, 100% used [0x00000000d5580000,0x00000000d5a00000,0x00000000d5a00000)
  from space 512K, 18% used [0x00000000d5a00000,0x00000000d5a18000,0x00000000d5a80000)
  to   space 512K, 0% used [0x00000000d5d80000,0x00000000d5d80000,0x00000000d5e00000)
 ParOldGen       total 200704K, used 200245K [0x0000000080000000, 0x000000008c400000, 0x00000000d5580000)
  object space 200704K, 99% used [0x0000000080000000,0x000000008c38d580,0x000000008c400000)
 Metaspace       used 64509K, committed 65920K, reserved 1114112K
  class space    used 7313K, committed 7936K, reserved 1048576K
}
Event: 2115.892 GC heap after
{Heap after GC invocations=971 (full 3):
 PSYoungGen      total 5120K, used 256K [0x00000000d5580000, 0x00000000d5e00000, 0x0000000100000000)
  eden space 4608K, 0% used [0x00000000d5580000,0x00000000d5580000,0x00000000d5a00000)
  from space 512K, 50% used [0x00000000d5d80000,0x00000000d5dc0010,0x00000000d5e00000)
  to   space 512K, 0% used [0x00000000d5a00000,0x00000000d5a00000,0x00000000d5a80000)
 ParOldGen       total 200704K, used 200253K [0x0000000080000000, 0x000000008c400000, 0x00000000d5580000)
  object space 200704K, 99% used [0x0000000080000000,0x000000008c38f580,0x000000008c400000)
 Metaspace       used 64509K, committed 65920K, reserved 1114112K
  class space    used 7313K, committed 7936K, reserved 1048576K
}

Dll operation events (13 events):
Event: 0.054 Loaded shared library c:\Users\AJ\.vscode\extensions\redhat.java-1.44.0-win32-x64\jre\21.0.8-win32-x86_64\bin\java.dll
Event: 0.661 Loaded shared library c:\Users\AJ\.vscode\extensions\redhat.java-1.44.0-win32-x64\jre\21.0.8-win32-x86_64\bin\zip.dll
Event: 0.752 Loaded shared library C:\Users\AJ\.vscode\extensions\redhat.java-1.44.0-win32-x64\jre\21.0.8-win32-x86_64\bin\instrument.dll
Event: 0.769 Loaded shared library C:\Users\AJ\.vscode\extensions\redhat.java-1.44.0-win32-x64\jre\21.0.8-win32-x86_64\bin\net.dll
Event: 0.776 Loaded shared library C:\Users\AJ\.vscode\extensions\redhat.java-1.44.0-win32-x64\jre\21.0.8-win32-x86_64\bin\nio.dll
Event: 0.791 Loaded shared library C:\Users\AJ\.vscode\extensions\redhat.java-1.44.0-win32-x64\jre\21.0.8-win32-x86_64\bin\zip.dll
Event: 0.921 Loaded shared library C:\Users\AJ\.vscode\extensions\redhat.java-1.44.0-win32-x64\jre\21.0.8-win32-x86_64\bin\jimage.dll
Event: 1.301 Loaded shared library c:\Users\AJ\.vscode\extensions\redhat.java-1.44.0-win32-x64\jre\21.0.8-win32-x86_64\bin\verify.dll
Event: 7.560 Loaded shared library C:\Users\AJ\AppData\Roaming\Code\User\globalStorage\redhat.java\1.44.0\config_win\org.eclipse.equinox.launcher\org.eclipse.equinox.launcher.win32.win32.x86_64_1.2.1400.v20250730-1736\eclipse_11913.dll
Event: 14.492 Loaded shared library C:\Users\AJ\AppData\Local\Temp\jna-2089\jna10628615753529564511.dll
Event: 47.365 Loaded shared library C:\Users\AJ\.gradle\native\c067742578af261105cb4f569cf0c3c89f3d7b1fecec35dd04571415982c5e48\windows-amd64\native-platform.dll
Event: 52.738 Loaded shared library C:\Users\AJ\.vscode\extensions\redhat.java-1.44.0-win32-x64\jre\21.0.8-win32-x86_64\bin\management.dll
Event: 52.745 Loaded shared library C:\Users\AJ\.vscode\extensions\redhat.java-1.44.0-win32-x64\jre\21.0.8-win32-x86_64\bin\management_ext.dll

Deoptimization events (20 events):
Event: 331.612 Thread 0x000001fb0bec2a70 DEOPT PACKING pc=0x000001fab9a9de40 sp=0x0000006d924fe9c0
Event: 331.612 Thread 0x000001fb0bec2a70 DEOPT UNPACKING pc=0x000001fab8db3aa2 sp=0x0000006d924fe968 mode 2
Event: 331.613 Thread 0x000001fb0bec2a70 Uncommon trap: trap_request=0xffffffc6 fr.pc=0x000001fab98da8b8 relative=0x00000000000009b8
Event: 331.613 Thread 0x000001fb0bec2a70 Uncommon trap: reason=bimorphic_or_optimized_type_check action=maybe_recompile pc=0x000001fab98da8b8 method=java.io.DataOutputStream.writeInt(I)V @ 19 c2
Event: 331.613 Thread 0x000001fb0bec2a70 DEOPT PACKING pc=0x000001fab98da8b8 sp=0x0000006d924fe990
Event: 331.613 Thread 0x000001fb0bec2a70 DEOPT UNPACKING pc=0x000001fab8db3aa2 sp=0x0000006d924fe988 mode 2
Event: 331.613 Thread 0x000001fb0bec2a70 Uncommon trap: trap_request=0xffffffc6 fr.pc=0x000001fab98da8b8 relative=0x00000000000009b8
Event: 331.613 Thread 0x000001fb0bec2a70 Uncommon trap: reason=bimorphic_or_optimized_type_check action=maybe_recompile pc=0x000001fab98da8b8 method=java.io.DataOutputStream.writeInt(I)V @ 19 c2
Event: 331.613 Thread 0x000001fb0bec2a70 DEOPT PACKING pc=0x000001fab98da8b8 sp=0x0000006d924fe920
Event: 331.613 Thread 0x000001fb0bec2a70 DEOPT UNPACKING pc=0x000001fab8db3aa2 sp=0x0000006d924fe918 mode 2
Event: 331.614 Thread 0x000001fb0bec2a70 DEOPT PACKING pc=0x000001fab29e2c06 sp=0x0000006d924fe570
Event: 331.614 Thread 0x000001fb0bec2a70 DEOPT UNPACKING pc=0x000001fab8db4242 sp=0x0000006d924fdac8 mode 0
Event: 331.727 Thread 0x000001fb0bec2a70 Uncommon trap: trap_request=0xffffff45 fr.pc=0x000001fab9af674c relative=0x00000000000001cc
Event: 331.727 Thread 0x000001fb0bec2a70 Uncommon trap: reason=unstable_if action=reinterpret pc=0x000001fab9af674c method=org.eclipse.core.internal.localstore.FileSystemResourceManager.getStoreRoot(Lorg/eclipse/core/resources/IResource;)Lorg/eclipse/core/internal/localstore/FileStoreRoot; @ 33 
Event: 331.727 Thread 0x000001fb0bec2a70 DEOPT PACKING pc=0x000001fab9af674c sp=0x0000006d924fec60
Event: 331.727 Thread 0x000001fb0bec2a70 DEOPT UNPACKING pc=0x000001fab8db3aa2 sp=0x0000006d924febe0 mode 2
Event: 1215.815 Thread 0x000001fb0bec2a70 Uncommon trap: trap_request=0xffffff45 fr.pc=0x000001fab9b787f0 relative=0x0000000000000110
Event: 1215.815 Thread 0x000001fb0bec2a70 Uncommon trap: reason=unstable_if action=reinterpret pc=0x000001fab9b787f0 method=org.eclipse.core.internal.dtree.DataTreeNode.storeStrings(Lorg/eclipse/core/internal/utils/StringPool;)V @ 14 c2
Event: 1215.815 Thread 0x000001fb0bec2a70 DEOPT PACKING pc=0x000001fab9b787f0 sp=0x0000006d924feca0
Event: 1215.815 Thread 0x000001fb0bec2a70 DEOPT UNPACKING pc=0x000001fab8db3aa2 sp=0x0000006d924fec38 mode 2

Classes loaded (20 events):
Event: 62.389 Loading class java/util/stream/ReduceOps$1
Event: 62.389 Loading class java/util/stream/ReduceOps$1 done
Event: 62.390 Loading class java/util/stream/ReduceOps$1ReducingSink
Event: 62.390 Loading class java/util/stream/ReduceOps$1ReducingSink done
Event: 331.596 Loading class java/util/stream/Nodes$CollectorTask$OfRef
Event: 331.596 Loading class java/util/stream/Nodes$CollectorTask
Event: 331.596 Loading class java/util/stream/Nodes$CollectorTask done
Event: 331.597 Loading class java/util/stream/Nodes$CollectorTask$OfRef done
Event: 331.598 Loading class java/util/function/LongFunction
Event: 331.598 Loading class java/util/function/LongFunction done
Event: 331.599 Loading class java/util/stream/Nodes$ConcNode
Event: 331.599 Loading class java/util/stream/Nodes$AbstractConcNode
Event: 331.599 Loading class java/util/stream/Nodes$AbstractConcNode done
Event: 331.599 Loading class java/util/stream/Nodes$ConcNode done
Event: 331.607 Loading class java/io/ObjectOutputStream$BlockDataOutputStream
Event: 331.608 Loading class java/io/ObjectOutputStream$BlockDataOutputStream done
Event: 331.608 Loading class java/io/ObjectOutputStream$HandleTable
Event: 331.608 Loading class java/io/ObjectOutputStream$HandleTable done
Event: 331.608 Loading class java/io/ObjectOutputStream$ReplaceTable
Event: 331.608 Loading class java/io/ObjectOutputStream$ReplaceTable done

Classes unloaded (7 events):
Event: 17.210 Thread 0x000001faae50e780 Unloading class 0x000001fac61aa800 'java/lang/invoke/LambdaForm$MH+0x000001fac61aa800'
Event: 17.210 Thread 0x000001faae50e780 Unloading class 0x000001fac61aa400 'java/lang/invoke/LambdaForm$MH+0x000001fac61aa400'
Event: 17.210 Thread 0x000001faae50e780 Unloading class 0x000001fac61aa000 'java/lang/invoke/LambdaForm$MH+0x000001fac61aa000'
Event: 17.210 Thread 0x000001faae50e780 Unloading class 0x000001fac61a9c00 'java/lang/invoke/LambdaForm$MH+0x000001fac61a9c00'
Event: 17.210 Thread 0x000001faae50e780 Unloading class 0x000001fac61a9800 'java/lang/invoke/LambdaForm$BMH+0x000001fac61a9800'
Event: 17.210 Thread 0x000001faae50e780 Unloading class 0x000001fac61a9400 'java/lang/invoke/LambdaForm$DMH+0x000001fac61a9400'
Event: 17.210 Thread 0x000001faae50e780 Unloading class 0x000001fac61a8000 'java/lang/invoke/LambdaForm$DMH+0x000001fac61a8000'

Classes redefined (0 events):
No events

Internal exceptions (20 events):
Event: 60.626 Thread 0x000001fb0bec44b0 Exception <a 'sun/nio/fs/WindowsException'{0x00000000d5633008}> (0x00000000d5633008) 
thrown [s\src\hotspot\share\prims\jni.cpp, line 520]
Event: 60.627 Thread 0x000001fb0bec44b0 Exception <a 'sun/nio/fs/WindowsException'{0x00000000d5643410}> (0x00000000d5643410) 
thrown [s\src\hotspot\share\prims\jni.cpp, line 520]
Event: 60.659 Thread 0x000001fb0bec44b0 Exception <a 'sun/nio/fs/WindowsException'{0x00000000d5588158}> (0x00000000d5588158) 
thrown [s\src\hotspot\share\prims\jni.cpp, line 520]
Event: 60.659 Thread 0x000001fb0bec44b0 Exception <a 'sun/nio/fs/WindowsException'{0x00000000d55887b8}> (0x00000000d55887b8) 
thrown [s\src\hotspot\share\prims\jni.cpp, line 520]
Event: 60.661 Thread 0x000001fb0bec44b0 Exception <a 'sun/nio/fs/WindowsException'{0x00000000d55c2b68}> (0x00000000d55c2b68) 
thrown [s\src\hotspot\share\prims\jni.cpp, line 520]
Event: 60.661 Thread 0x000001fb0bec44b0 Exception <a 'sun/nio/fs/WindowsException'{0x00000000d55c31c8}> (0x00000000d55c31c8) 
thrown [s\src\hotspot\share\prims\jni.cpp, line 520]
Event: 60.662 Thread 0x000001fb0bec44b0 Exception <a 'sun/nio/fs/WindowsException'{0x00000000d5627640}> (0x00000000d5627640) 
thrown [s\src\hotspot\share\prims\jni.cpp, line 520]
Event: 60.662 Thread 0x000001fb0bec44b0 Exception <a 'sun/nio/fs/WindowsException'{0x00000000d5627c70}> (0x00000000d5627c70) 
thrown [s\src\hotspot\share\prims\jni.cpp, line 520]
Event: 60.663 Thread 0x000001fb0bec44b0 Exception <a 'sun/nio/fs/WindowsException'{0x00000000d56900a0}> (0x00000000d56900a0) 
thrown [s\src\hotspot\share\prims\jni.cpp, line 520]
Event: 60.663 Thread 0x000001fb0bec44b0 Exception <a 'sun/nio/fs/WindowsException'{0x00000000d56906d0}> (0x00000000d56906d0) 
thrown [s\src\hotspot\share\prims\jni.cpp, line 520]
Event: 60.664 Thread 0x000001fb0bec44b0 Exception <a 'sun/nio/fs/WindowsException'{0x00000000d56ec218}> (0x00000000d56ec218) 
thrown [s\src\hotspot\share\prims\jni.cpp, line 520]
Event: 60.665 Thread 0x000001fb0bec44b0 Exception <a 'sun/nio/fs/WindowsException'{0x00000000d56ec908}> (0x00000000d56ec908) 
thrown [s\src\hotspot\share\prims\jni.cpp, line 520]
Event: 60.670 Thread 0x000001fb0bec44b0 Exception <a 'sun/nio/fs/WindowsException'{0x00000000d55a0290}> (0x00000000d55a0290) 
thrown [s\src\hotspot\share\prims\jni.cpp, line 520]
Event: 60.671 Thread 0x000001fb0bec44b0 Exception <a 'sun/nio/fs/WindowsException'{0x00000000d55a0980}> (0x00000000d55a0980) 
thrown [s\src\hotspot\share\prims\jni.cpp, line 520]
Event: 60.672 Thread 0x000001fb0bec44b0 Exception <a 'sun/nio/fs/WindowsException'{0x00000000d55fdbe8}> (0x00000000d55fdbe8) 
thrown [s\src\hotspot\share\prims\jni.cpp, line 520]
Event: 60.672 Thread 0x000001fb0bec44b0 Exception <a 'sun/nio/fs/WindowsException'{0x00000000d55fe2d8}> (0x00000000d55fe2d8) 
thrown [s\src\hotspot\share\prims\jni.cpp, line 520]
Event: 60.676 Thread 0x000001fb0ce665e0 Implicit null exception at 0x000001fab9b51f64 to 0x000001fab9b52cfc
Event: 60.860 Thread 0x000001fb0ce67990 Implicit null exception at 0x000001fab9b58184 to 0x000001fab9b58670
Event: 62.401 Thread 0x000001fb0bec44b0 Exception <a 'java/lang/NoSuchMethodError'{0x00000000d5644a00}: 'java.lang.Object java.lang.invoke.DirectMethodHandle$Holder.invokeStatic(java.lang.Object, java.lang.Object, int, java.lang.Object)'> (0x00000000d5644a00) 
thrown [s\src\hotspot\share\interpreter\linkResolver.cpp, line 773]
Event: 331.618 Thread 0x000001fb0bec2a70 Exception <a 'java/lang/NoSuchMethodError'{0x00000000d571ce70}: 'java.lang.Object java.lang.invoke.DirectMethodHandle$Holder.newInvokeSpecial(java.lang.Object, java.lang.Object, java.lang.Object, java.lang.Object, java.lang.Object, java.lang.Object, java.lang.Object, java.lang.Object)'> (0x00000000d571ce70) 
thrown [s\src\hotspot\share\interpreter\linkResolver.cpp, line 773]

ZGC Phase Switch (0 events):
No events

VM Operations (20 events):
Event: 2466.144 Executing VM operation: RendezvousGCThreads
Event: 2466.144 Executing VM operation: RendezvousGCThreads done
Event: 2526.213 Executing VM operation: HandshakeAllThreads (HandshakeForDeflation)
Event: 2526.213 Executing VM operation: HandshakeAllThreads (HandshakeForDeflation) done
Event: 2526.213 Executing VM operation: RendezvousGCThreads
Event: 2526.213 Executing VM operation: RendezvousGCThreads done
Event: 2586.257 Executing VM operation: HandshakeAllThreads (HandshakeForDeflation)
Event: 2586.257 Executing VM operation: HandshakeAllThreads (HandshakeForDeflation) done
Event: 2586.257 Executing VM operation: RendezvousGCThreads
Event: 2586.257 Executing VM operation: RendezvousGCThreads done
Event: 2646.474 Executing VM operation: HandshakeAllThreads (HandshakeForDeflation)
Event: 2646.474 Executing VM operation: HandshakeAllThreads (HandshakeForDeflation) done
Event: 2646.474 Executing VM operation: RendezvousGCThreads
Event: 2646.474 Executing VM operation: RendezvousGCThreads done
Event: 2766.801 Executing VM operation: HandshakeAllThreads (HandshakeForDeflation)
Event: 2766.801 Executing VM operation: HandshakeAllThreads (HandshakeForDeflation) done
Event: 2766.801 Executing VM operation: RendezvousGCThreads
Event: 2766.801 Executing VM operation: RendezvousGCThreads done
Event: 2866.093 Executing VM operation: Cleanup
Event: 2866.093 Executing VM operation: Cleanup done

Memory protections (0 events):
No events

Nmethod flushes (20 events):
Event: 52.265 Thread 0x000001faae50e780 flushing  nmethod 0x000001fab221e190
Event: 52.265 Thread 0x000001faae50e780 flushing  nmethod 0x000001fab2221490
Event: 52.265 Thread 0x000001faae50e780 flushing  nmethod 0x000001fab2222590
Event: 52.265 Thread 0x000001faae50e780 flushing  nmethod 0x000001fab2223190
Event: 52.265 Thread 0x000001faae50e780 flushing  nmethod 0x000001fab2225810
Event: 52.265 Thread 0x000001faae50e780 flushing  nmethod 0x000001fab223c610
Event: 52.265 Thread 0x000001faae50e780 flushing  nmethod 0x000001fab2248f10
Event: 52.265 Thread 0x000001faae50e780 flushing  nmethod 0x000001fab2249390
Event: 52.265 Thread 0x000001faae50e780 flushing  nmethod 0x000001fab2252b10
Event: 52.265 Thread 0x000001faae50e780 flushing  nmethod 0x000001fab226d290
Event: 52.265 Thread 0x000001faae50e780 flushing  nmethod 0x000001fab2294110
Event: 52.265 Thread 0x000001faae50e780 flushing osr nmethod 0x000001fab22a0b90
Event: 52.265 Thread 0x000001faae50e780 flushing  nmethod 0x000001fab22a8490
Event: 52.265 Thread 0x000001faae50e780 flushing  nmethod 0x000001fab22bde90
Event: 52.265 Thread 0x000001faae50e780 flushing  nmethod 0x000001fab22d7590
Event: 52.265 Thread 0x000001faae50e780 flushing  nmethod 0x000001fab22e7d10
Event: 52.265 Thread 0x000001faae50e780 flushing  nmethod 0x000001fab230d110
Event: 52.265 Thread 0x000001faae50e780 flushing  nmethod 0x000001fab230df90
Event: 52.265 Thread 0x000001faae50e780 flushing  nmethod 0x000001fab230e310
Event: 52.265 Thread 0x000001faae50e780 flushing  nmethod 0x000001fab2310810

Events (20 events):
Event: 61.479 Thread 0x000001fb06d099f0 Thread exited: 0x000001fb06d099f0
Event: 100.640 Thread 0x000001fb0b10aba0 Thread exited: 0x000001fb0b10aba0
Event: 114.041 Thread 0x000001fb0ce67300 Thread exited: 0x000001fb0ce67300
Event: 114.041 Thread 0x000001fb0ce6cee0 Thread exited: 0x000001fb0ce6cee0
Event: 114.066 Thread 0x000001fb0ce6c850 Thread exited: 0x000001fb0ce6c850
Event: 120.430 Thread 0x000001fb0bec23e0 Thread exited: 0x000001fb0bec23e0
Event: 120.507 Thread 0x000001fb0bec4b40 Thread exited: 0x000001fb0bec4b40
Event: 121.073 Thread 0x000001fb0ce6ae10 Thread exited: 0x000001fb0ce6ae10
Event: 122.417 Thread 0x000001fb0bec44b0 Thread exited: 0x000001fb0bec44b0
Event: 160.649 Thread 0x000001fb0b10d990 Thread exited: 0x000001fb0b10d990
Event: 181.074 Thread 0x000001fb0ce67990 Thread exited: 0x000001fb0ce67990
Event: 220.649 Thread 0x000001fb0b10e020 Thread exited: 0x000001fb0b10e020
Event: 241.078 Thread 0x000001fb0ce665e0 Thread exited: 0x000001fb0ce665e0
Event: 280.650 Thread 0x000001fb0b10cc70 Thread exited: 0x000001fb0b10cc70
Event: 315.720 Thread 0x000001faae528650 Thread added: 0x000001fb06d099f0
Event: 322.278 Thread 0x000001fb06d099f0 Thread exited: 0x000001fb06d099f0
Event: 331.594 Thread 0x000001fb0bec2a70 Thread added: 0x000001fb0ce69a60
Event: 331.599 Thread 0x000001fb0ce69a60 Thread exited: 0x000001fb0ce69a60
Event: 331.661 Thread 0x000001faae528650 Thread added: 0x000001fb06d099f0
Event: 331.838 Thread 0x000001fb06d099f0 Thread exited: 0x000001fb06d099f0


Dynamic libraries:
0x00007ff7e63c0000 - 0x00007ff7e63ce000 	c:\Users\AJ\.vscode\extensions\redhat.java-1.44.0-win32-x64\jre\21.0.8-win32-x86_64\bin\java.exe
0x00007ffcaa6b0000 - 0x00007ffcaa8a8000 	C:\WINDOWS\SYSTEM32\ntdll.dll
0x00007ffca8f00000 - 0x00007ffca8fc2000 	C:\WINDOWS\System32\KERNEL32.DLL
0x00007ffca8150000 - 0x00007ffca8446000 	C:\WINDOWS\System32\KERNELBASE.dll
0x00007ffca85a0000 - 0x00007ffca86a0000 	C:\WINDOWS\System32\ucrtbase.dll
0x00007ffc9a170000 - 0x00007ffc9a188000 	c:\Users\AJ\.vscode\extensions\redhat.java-1.44.0-win32-x64\jre\21.0.8-win32-x86_64\bin\jli.dll
0x00007ffca9350000 - 0x00007ffca94ed000 	C:\WINDOWS\System32\USER32.dll
0x00007ffca7ee0000 - 0x00007ffca7f02000 	C:\WINDOWS\System32\win32u.dll
0x00007ffca9320000 - 0x00007ffca934b000 	C:\WINDOWS\System32\GDI32.dll
0x00007ffca7dc0000 - 0x00007ffca7ed9000 	C:\WINDOWS\System32\gdi32full.dll
0x00007ffca8500000 - 0x00007ffca859d000 	C:\WINDOWS\System32\msvcp_win.dll
0x00007ffc94cf0000 - 0x00007ffc94d0e000 	c:\Users\AJ\.vscode\extensions\redhat.java-1.44.0-win32-x64\jre\21.0.8-win32-x86_64\bin\VCRUNTIME140.dll
0x00007ffc96b40000 - 0x00007ffc96dda000 	C:\WINDOWS\WinSxS\amd64_microsoft.windows.common-controls_6595b64144ccf1df_6.0.19041.5915_none_60b4b9d171f9c7c7\COMCTL32.dll
0x00007ffca8bf0000 - 0x00007ffca8c8e000 	C:\WINDOWS\System32\msvcrt.dll
0x00007ffcaa1c0000 - 0x00007ffcaa1ef000 	C:\WINDOWS\System32\IMM32.DLL
0x00007ffca4b40000 - 0x00007ffca4b4c000 	c:\Users\AJ\.vscode\extensions\redhat.java-1.44.0-win32-x64\jre\21.0.8-win32-x86_64\bin\vcruntime140_1.dll
0x00007ffc7aee0000 - 0x00007ffc7af6d000 	c:\Users\AJ\.vscode\extensions\redhat.java-1.44.0-win32-x64\jre\21.0.8-win32-x86_64\bin\msvcp140.dll
0x00007ffc62f60000 - 0x00007ffc63cf7000 	c:\Users\AJ\.vscode\extensions\redhat.java-1.44.0-win32-x64\jre\21.0.8-win32-x86_64\bin\server\jvm.dll
0x00007ffca8e30000 - 0x00007ffca8ee1000 	C:\WINDOWS\System32\ADVAPI32.dll
0x00007ffca8fd0000 - 0x00007ffca906f000 	C:\WINDOWS\System32\sechost.dll
0x00007ffca9890000 - 0x00007ffca99b3000 	C:\WINDOWS\System32\RPCRT4.dll
0x00007ffca86a0000 - 0x00007ffca86c7000 	C:\WINDOWS\System32\bcrypt.dll
0x00007ffca92b0000 - 0x00007ffca931b000 	C:\WINDOWS\System32\WS2_32.dll
0x00007ffca72d0000 - 0x00007ffca731b000 	C:\WINDOWS\SYSTEM32\POWRPROF.dll
0x00007ffc98140000 - 0x00007ffc98167000 	C:\WINDOWS\SYSTEM32\WINMM.dll
0x00007ffc9f310000 - 0x00007ffc9f31a000 	C:\WINDOWS\SYSTEM32\VERSION.dll
0x00007ffca7140000 - 0x00007ffca7152000 	C:\WINDOWS\SYSTEM32\UMPDC.dll
0x00007ffca5ae0000 - 0x00007ffca5af2000 	C:\WINDOWS\SYSTEM32\kernel.appcore.dll
0x00007ffca10e0000 - 0x00007ffca10ea000 	c:\Users\AJ\.vscode\extensions\redhat.java-1.44.0-win32-x64\jre\21.0.8-win32-x86_64\bin\jimage.dll
0x00007ffc98370000 - 0x00007ffc98571000 	C:\WINDOWS\SYSTEM32\DBGHELP.DLL
0x00007ffc92ef0000 - 0x00007ffc92f24000 	C:\WINDOWS\SYSTEM32\dbgcore.DLL
0x00007ffca7f60000 - 0x00007ffca7fe2000 	C:\WINDOWS\System32\bcryptPrimitives.dll
0x00007ffc8f010000 - 0x00007ffc8f01f000 	c:\Users\AJ\.vscode\extensions\redhat.java-1.44.0-win32-x64\jre\21.0.8-win32-x86_64\bin\instrument.dll
0x00007ffc93020000 - 0x00007ffc9303f000 	c:\Users\AJ\.vscode\extensions\redhat.java-1.44.0-win32-x64\jre\21.0.8-win32-x86_64\bin\java.dll
0x00007ffca9a50000 - 0x00007ffcaa1be000 	C:\WINDOWS\System32\SHELL32.dll
0x00007ffca5dc0000 - 0x00007ffca6564000 	C:\WINDOWS\SYSTEM32\windows.storage.dll
0x00007ffcaa250000 - 0x00007ffcaa5a3000 	C:\WINDOWS\System32\combase.dll
0x00007ffca7770000 - 0x00007ffca779b000 	C:\WINDOWS\SYSTEM32\Wldp.dll
0x00007ffca8c90000 - 0x00007ffca8d5d000 	C:\WINDOWS\System32\OLEAUT32.dll
0x00007ffca8d60000 - 0x00007ffca8e0d000 	C:\WINDOWS\System32\SHCORE.dll
0x00007ffcaa5b0000 - 0x00007ffcaa60b000 	C:\WINDOWS\System32\shlwapi.dll
0x00007ffca7c70000 - 0x00007ffca7c94000 	C:\WINDOWS\SYSTEM32\profapi.dll
0x00007ffc93000000 - 0x00007ffc93018000 	c:\Users\AJ\.vscode\extensions\redhat.java-1.44.0-win32-x64\jre\21.0.8-win32-x86_64\bin\zip.dll
0x00007ffc93a10000 - 0x00007ffc93a20000 	C:\Users\AJ\.vscode\extensions\redhat.java-1.44.0-win32-x64\jre\21.0.8-win32-x86_64\bin\net.dll
0x00007ffc9e7d0000 - 0x00007ffc9e8da000 	C:\WINDOWS\SYSTEM32\WINHTTP.dll
0x00007ffca74d0000 - 0x00007ffca753a000 	C:\WINDOWS\system32\mswsock.dll
0x00007ffc92fe0000 - 0x00007ffc92ff6000 	C:\Users\AJ\.vscode\extensions\redhat.java-1.44.0-win32-x64\jre\21.0.8-win32-x86_64\bin\nio.dll
0x00007ffc8f090000 - 0x00007ffc8f0a0000 	c:\Users\AJ\.vscode\extensions\redhat.java-1.44.0-win32-x64\jre\21.0.8-win32-x86_64\bin\verify.dll
0x00007ffc888c0000 - 0x00007ffc88905000 	C:\Users\AJ\AppData\Roaming\Code\User\globalStorage\redhat.java\1.44.0\config_win\org.eclipse.equinox.launcher\org.eclipse.equinox.launcher.win32.win32.x86_64_1.2.1400.v20250730-1736\eclipse_11913.dll
0x00007ffca94f0000 - 0x00007ffca961b000 	C:\WINDOWS\System32\ole32.dll
0x00007ffca76d0000 - 0x00007ffca76e8000 	C:\WINDOWS\SYSTEM32\CRYPTSP.dll
0x00007ffca6d80000 - 0x00007ffca6db8000 	C:\WINDOWS\system32\rsaenh.dll
0x00007ffca7bf0000 - 0x00007ffca7c1e000 	C:\WINDOWS\SYSTEM32\USERENV.dll
0x00007ffca76c0000 - 0x00007ffca76cc000 	C:\WINDOWS\SYSTEM32\CRYPTBASE.dll
0x00007ffca7160000 - 0x00007ffca719b000 	C:\WINDOWS\SYSTEM32\IPHLPAPI.DLL
0x00007ffca8ef0000 - 0x00007ffca8ef8000 	C:\WINDOWS\System32\NSI.dll
0x00007ffc84190000 - 0x00007ffc841d9000 	C:\Users\AJ\AppData\Local\Temp\jna-2089\jna10628615753529564511.dll
0x00007ffca9620000 - 0x00007ffca9628000 	C:\WINDOWS\System32\PSAPI.DLL
0x00007ffc9f380000 - 0x00007ffc9f397000 	C:\WINDOWS\SYSTEM32\dhcpcsvc6.DLL
0x00007ffc9fce0000 - 0x00007ffc9fcfd000 	C:\WINDOWS\SYSTEM32\dhcpcsvc.DLL
0x00007ffc8ee50000 - 0x00007ffc8ee77000 	C:\Users\AJ\.gradle\native\c067742578af261105cb4f569cf0c3c89f3d7b1fecec35dd04571415982c5e48\windows-amd64\native-platform.dll
0x00007ffc936c0000 - 0x00007ffc936ca000 	C:\Users\AJ\.vscode\extensions\redhat.java-1.44.0-win32-x64\jre\21.0.8-win32-x86_64\bin\management.dll
0x00007ffc91f40000 - 0x00007ffc91f4b000 	C:\Users\AJ\.vscode\extensions\redhat.java-1.44.0-win32-x64\jre\21.0.8-win32-x86_64\bin\management_ext.dll

JVMTI agents:
c:\Users\AJ\.vscode\extensions\redhat.java-1.44.0-win32-x64\lombok\lombok-1.18.39-4050.jar path:c:\Users\AJ\.vscode\extensions\redhat.java-1.44.0-win32-x64\jre\21.0.8-win32-x86_64\bin\instrument.dll, loaded, initialized, instrumentlib options:none

dbghelp: loaded successfully - version: 4.0.5 - missing functions: none
symbol engine: initialized successfully - sym options: 0x614 - pdb path: .;c:\Users\AJ\.vscode\extensions\redhat.java-1.44.0-win32-x64\jre\21.0.8-win32-x86_64\bin;C:\WINDOWS\SYSTEM32;C:\WINDOWS\WinSxS\amd64_microsoft.windows.common-controls_6595b64144ccf1df_6.0.19041.5915_none_60b4b9d171f9c7c7;c:\Users\AJ\.vscode\extensions\redhat.java-1.44.0-win32-x64\jre\21.0.8-win32-x86_64\bin\server;C:\Users\AJ\AppData\Roaming\Code\User\globalStorage\redhat.java\1.44.0\config_win\org.eclipse.equinox.launcher\org.eclipse.equinox.launcher.win32.win32.x86_64_1.2.1400.v20250730-1736;C:\Users\AJ\AppData\Local\Temp\jna-2089;C:\Users\AJ\.gradle\native\c067742578af261105cb4f569cf0c3c89f3d7b1fecec35dd04571415982c5e48\windows-amd64

VM Arguments:
jvm_args: --add-modules=ALL-SYSTEM --add-opens=java.base/java.util=ALL-UNNAMED --add-opens=java.base/java.lang=ALL-UNNAMED --add-opens=java.base/sun.nio.fs=ALL-UNNAMED -Declipse.application=org.eclipse.jdt.ls.core.id1 -Dosgi.bundles.defaultStartLevel=4 -Declipse.product=org.eclipse.jdt.ls.core.product -Djava.import.generatesMetadataFilesAtProjectRoot=false -DDetectVMInstallationsJob.disabled=true -Dfile.encoding=utf8 -XX:+UseParallelGC -XX:GCTimeRatio=4 -XX:AdaptiveSizePolicyWeight=90 -Dsun.zip.disableMemoryMapping=true -Xmx2G -Xms100m -Xlog:disable -javaagent:c:\Users\AJ\.vscode\extensions\redhat.java-1.44.0-win32-x64\lombok\lombok-1.18.39-4050.jar -XX:+HeapDumpOnOutOfMemoryError -XX:HeapDumpPath=c:\Users\AJ\AppData\Roaming\Code\User\workspaceStorage\42d3df7c00ac9b0f7d13d418ec405ff2\redhat.java -Daether.dependencyCollector.impl=bf 
java_command: c:\Users\AJ\.vscode\extensions\redhat.java-1.44.0-win32-x64\server\plugins\org.eclipse.equinox.launcher_1.7.0.v20250519-0528.jar -configuration c:\Users\AJ\AppData\Roaming\Code\User\globalStorage\redhat.java\1.44.0\config_win -data c:\Users\AJ\AppData\Roaming\Code\User\workspaceStorage\42d3df7c00ac9b0f7d13d418ec405ff2\redhat.java\jdt_ws --pipe=\\.\pipe\lsp-a817de6d03ed9d0798744ddf0d0c6222-sock
java_class_path (initial): c:\Users\AJ\.vscode\extensions\redhat.java-1.44.0-win32-x64\server\plugins\org.eclipse.equinox.launcher_1.7.0.v20250519-0528.jar
Launcher Type: SUN_STANDARD

[Global flags]
    uintx AdaptiveSizePolicyWeight                 = 90                                        {product} {command line}
     intx CICompilerCount                          = 3                                         {product} {ergonomic}
    uintx GCTimeRatio                              = 4                                         {product} {command line}
     bool HeapDumpOnOutOfMemoryError               = true                                   {manageable} {command line}
    ccstr HeapDumpPath                             = c:\Users\AJ\AppData\Roaming\Code\User\workspaceStorage\42d3df7c00ac9b0f7d13d418ec405ff2\redhat.java         {manageable} {command line}
   size_t InitialHeapSize                          = 104857600                                 {product} {command line}
   size_t MaxHeapSize                              = 2147483648                                {product} {command line}
   size_t MaxNewSize                               = 715653120                                 {product} {ergonomic}
   size_t MinHeapDeltaBytes                        = 524288                                    {product} {ergonomic}
   size_t MinHeapSize                              = 104857600                                 {product} {command line}
   size_t NewSize                                  = 34603008                                  {product} {ergonomic}
    uintx NonNMethodCodeHeapSize                   = 5832780                                {pd product} {ergonomic}
    uintx NonProfiledCodeHeapSize                  = 122912730                              {pd product} {ergonomic}
   size_t OldSize                                  = 70254592                                  {product} {ergonomic}
    uintx ProfiledCodeHeapSize                     = 122912730                              {pd product} {ergonomic}
    uintx ReservedCodeCacheSize                    = 251658240                              {pd product} {ergonomic}
     bool SegmentedCodeCache                       = true                                      {product} {ergonomic}
   size_t SoftMaxHeapSize                          = 2147483648                             {manageable} {ergonomic}
     bool UseCompressedOops                        = true                           {product lp64_product} {ergonomic}
     bool UseLargePagesIndividualAllocation        = false                                  {pd product} {ergonomic}
     bool UseParallelGC                            = true                                      {product} {command line}

Logging:
Log output configuration:
 #0: stdout all=off uptime,level,tags foldmultilines=false
 #1: stderr all=off uptime,level,tags foldmultilines=false

Environment Variables:
JAVA_HOME=C:\Program Files\OpenJDK\jdk-22.0.2
PATH=C:\Program Files\Common Files\Oracle\Java\javapath;C:\Program Files (x86)\OpenLogic\jre-8.0.382.05-hotspot\bin;C:\Program Files\Microsoft\jdk-11.0.18.10-hotspot\bin;C:\ProgramData\chocolatey\bin;C:\Users\AJ\AppData\Local\Android\Sdk\platform-tools;C:\WINDOWS\system32;C:\WINDOWS;C:\WINDOWS\System32\Wbem;C:\WINDOWS\System32\WindowsPowerShell\v1.0\;C:\WINDOWS\System32\OpenSSH\;C:\Users\AJ\AppData\Local\Programs\Python\Python312\;C:\Users\AJ\AppData\Local\Programs\Python\Python312\Scripts\;C:\Program Files\Git\cmd;C:\Program Files\Git\bin;C:\Program Files (x86)\Microsoft SQL Server\160\Tools\Binn\;C:\Program Files\Microsoft SQL Server\160\Tools\Binn\;C:\Program Files\Microsoft SQL Server\Client SDK\ODBC\170\Tools\Binn\;C:\Program Files\Microsoft SQL Server\160\DTS\Binn\;C:\Program Files\nodejs\;C:\Program Files (x86)\Microsoft SQL Server\160\DTS\Binn\;C:\Program Files\OpenJDK\jdk-22.0.2\bin;C:\Program Files (x86)\dotnet\;C:\Users\AJ\AppData\Local\Programs\Python\Python313\Scripts\;C:\Users\AJ\AppData\Local\Programs\Python\Python313\;C:\Users\AJ\AppData\Local\Programs\Python\Launcher\;C:\Users\AJ\AppData\Local\Microsoft\WindowsApps;C:\Users\AJ\AppData\Local\Programs\Microsoft VS Code\bin;C:\Users\AJ\AppData\Local\Android\Sdk\platform-tools;C:\Users\AJ\AppData\Local\JetBrains\IntelliJ IDEA 2024.1.3\bin;;C:\Users\AJ\AppData\Roaming\npm;C:\Users\AJ\AppData\Local\Programs\cursor\resources\app\bin
USERNAME=AJ
OS=Windows_NT
PROCESSOR_IDENTIFIER=Intel64 Family 6 Model 69 Stepping 1, GenuineIntel
TMP=C:\Users\AJ\AppData\Local\Temp
TEMP=C:\Users\AJ\AppData\Local\Temp




Periodic native trim disabled

---------------  S Y S T E M  ---------------

OS:
 Windows 10 , 64 bit Build 19041 (10.0.19041.5915)
OS uptime: 0 days 1:41 hours

CPU: total 4 (initial active 4) (2 cores per cpu, 2 threads per core) family 6 model 69 stepping 1 microcode 0x25, cx8, cmov, fxsr, ht, mmx, sse, sse2, sse3, ssse3, sse4.1, sse4.2, popcnt, lzcnt, tsc, tscinvbit, avx, avx2, aes, erms, clmul, bmi1, bmi2, fma, vzeroupper, clflush, rdtscp, f16c
Processor Information for the first 4 processors :
  Max Mhz: 2494, Current Mhz: 1895, Mhz Limit: 1895

Memory: 4k page, system-wide physical 7878M (903M free)
TotalPageFile size 12459M (AvailPageFile size 0M)
current process WorkingSet (physical memory assigned to process): 95M, peak: 430M
current process commit charge ("private bytes"): 476M, peak: 484M

vm_info: OpenJDK 64-Bit Server VM (21.0.8+9-LTS) for windows-amd64 JRE (21.0.8+9-LTS), built on 2025-07-15T00:00:00Z by "admin" with MS VC++ 17.7 (VS2022)

END.
