#
# There is insufficient memory for the Java Runtime Environment to continue.
# Native memory allocation (malloc) failed to allocate 1048576 bytes. Error detail: AllocateHeap
# Possible reasons:
#   The system is out of physical RAM or swap space
#   This process is running with CompressedOops enabled, and the Java Heap may be blocking the growth of the native heap
# Possible solutions:
#   Reduce memory load on the system
#   Increase physical memory or swap space
#   Check if swap backing store is full
#   Decrease Java heap size (-Xmx/-Xms)
#   Decrease number of Java threads
#   Decrease Java thread stack sizes (-Xss)
#   Set larger code cache with -XX:ReservedCodeCacheSize=
#   JVM is running with Unscaled Compressed Oops mode in which the Java heap is
#     placed in the first 4GB address space. The Java Heap base address is the
#     maximum limit for the native heap growth. Please use -XX:HeapBaseMinAddress
#     to set the Java Heap base and to place the Java Heap above 4GB virtual address.
# This output file may be truncated or incomplete.
#
#  Out of Memory Error (allocation.cpp:44), pid=11640, tid=10092
#
# JRE version: OpenJDK Runtime Environment Temurin-21.0.8+9 (21.0.8+9) (build 21.0.8+9-LTS)
# Java VM: OpenJDK 64-Bit Server VM Temurin-21.0.8+9 (21.0.8+9-LTS, mixed mode, sharing, tiered, compressed oops, compressed class ptrs, parallel gc, windows-amd64)
# No core dump will be written. Minidumps are not enabled by default on client versions of Windows
#

---------------  S U M M A R Y ------------

Command Line: --add-modules=ALL-SYSTEM --add-opens=java.base/java.util=ALL-UNNAMED --add-opens=java.base/java.lang=ALL-UNNAMED --add-opens=java.base/sun.nio.fs=ALL-UNNAMED -Declipse.application=org.eclipse.jdt.ls.core.id1 -Dosgi.bundles.defaultStartLevel=4 -Declipse.product=org.eclipse.jdt.ls.core.product -Djava.import.generatesMetadataFilesAtProjectRoot=false -DDetectVMInstallationsJob.disabled=true -Dfile.encoding=utf8 -XX:+UseParallelGC -XX:GCTimeRatio=4 -XX:AdaptiveSizePolicyWeight=90 -Dsun.zip.disableMemoryMapping=true -Xmx2G -Xms100m -Xlog:disable -javaagent:c:\Users\AJ\.vscode\extensions\redhat.java-1.44.0-win32-x64\lombok\lombok-1.18.39-4050.jar -XX:+HeapDumpOnOutOfMemoryError -XX:HeapDumpPath=c:\Users\AJ\AppData\Roaming\Code\User\workspaceStorage\42d3df7c00ac9b0f7d13d418ec405ff2\redhat.java -Daether.dependencyCollector.impl=bf c:\Users\AJ\.vscode\extensions\redhat.java-1.44.0-win32-x64\server\plugins\org.eclipse.equinox.launcher_1.7.0.v20250519-0528.jar -configuration c:\Users\AJ\AppData\Roaming\Code\User\globalStorage\redhat.java\1.44.0\config_win -data c:\Users\AJ\AppData\Roaming\Code\User\workspaceStorage\42d3df7c00ac9b0f7d13d418ec405ff2\redhat.java\jdt_ws --pipe=\\.\pipe\lsp-26eb9a436a8464932f3b861a83b0645c-sock

Host: Intel(R) Core(TM) i5-4300U CPU @ 1.90GHz, 4 cores, 7G,  Windows 10 , 64 bit Build 19041 (10.0.19041.5915)
Time: Sat Aug  2 23:23:48 2025 Pakistan Standard Time elapsed time: 3392.930567 seconds (0d 0h 56m 32s)

---------------  T H R E A D  ---------------

Current thread (0x0000020997eb3440):  JavaThread "Attach Listener" daemon [_thread_in_vm, id=10092, stack(0x0000003538b00000,0x0000003538c00000) (1024K)]

Stack: [0x0000003538b00000,0x0000003538c00000]
Native frames: (J=compiled Java code, j=interpreted, Vv=VM code, C=native code)
V  [jvm.dll+0x6d2449]
V  [jvm.dll+0x8ae341]
V  [jvm.dll+0x8b08be]
V  [jvm.dll+0x8b0fa3]
V  [jvm.dll+0x280c96]
V  [jvm.dll+0xc0347]
V  [jvm.dll+0x6d2cf9]
V  [jvm.dll+0x131116]
V  [jvm.dll+0x3f2d16]
V  [jvm.dll+0x857e6b]
V  [jvm.dll+0x6d0b0d]
C  [ucrtbase.dll+0x21bb2]
C  [KERNEL32.DLL+0x17374]
C  [ntdll.dll+0x4cc91]


---------------  P R O C E S S  ---------------

Threads class SMR info:
_java_thread_list=0x00000209f5eca5f0, length=31, elements={
0x0000020997fc2640, 0x0000020997eacfc0, 0x0000020997eb08d0, 0x0000020997eb2530,
0x0000020997eb3440, 0x0000020997eb7010, 0x0000020997eb7a60, 0x0000020997eb87e0,
0x0000020997f2bb00, 0x000002099802e3d0, 0x00000209f07ac2a0, 0x00000209f5479610,
0x00000209f09124e0, 0x00000209f538f150, 0x00000209f5652d70, 0x00000209f5962aa0,
0x0000020997f1ef70, 0x00000209f5779dc0, 0x00000209f5779730, 0x00000209f5778a10,
0x00000209f57790a0, 0x00000209f7c27600, 0x00000209f7c29d60, 0x00000209f7c27c90,
0x00000209f7c2a3f0, 0x00000209f7c2aa80, 0x00000209f7c28320, 0x00000209f7c289b0,
0x00000209f7c29040, 0x00000209f5e1dc30, 0x00000209f5e1efe0
}

Java Threads: ( => current thread )
  0x0000020997fc2640 JavaThread "main"                              [_thread_blocked, id=6948, stack(0x0000003538400000,0x0000003538500000) (1024K)]
  0x0000020997eacfc0 JavaThread "Reference Handler"          daemon [_thread_blocked, id=2448, stack(0x0000003538800000,0x0000003538900000) (1024K)]
  0x0000020997eb08d0 JavaThread "Finalizer"                  daemon [_thread_blocked, id=18356, stack(0x0000003538900000,0x0000003538a00000) (1024K)]
  0x0000020997eb2530 JavaThread "Signal Dispatcher"          daemon [_thread_blocked, id=15284, stack(0x0000003538a00000,0x0000003538b00000) (1024K)]
=>0x0000020997eb3440 JavaThread "Attach Listener"            daemon [_thread_in_vm, id=10092, stack(0x0000003538b00000,0x0000003538c00000) (1024K)]
  0x0000020997eb7010 JavaThread "Service Thread"             daemon [_thread_blocked, id=7084, stack(0x0000003538c00000,0x0000003538d00000) (1024K)]
  0x0000020997eb7a60 JavaThread "Monitor Deflation Thread"   daemon [_thread_blocked, id=13060, stack(0x0000003538d00000,0x0000003538e00000) (1024K)]
  0x0000020997eb87e0 JavaThread "C2 CompilerThread0"         daemon [_thread_blocked, id=12228, stack(0x0000003538e00000,0x0000003538f00000) (1024K)]
  0x0000020997f2bb00 JavaThread "C1 CompilerThread0"         daemon [_thread_blocked, id=9708, stack(0x0000003538f00000,0x0000003539000000) (1024K)]
  0x000002099802e3d0 JavaThread "Common-Cleaner"             daemon [_thread_blocked, id=15828, stack(0x0000003539000000,0x0000003539100000) (1024K)]
  0x00000209f07ac2a0 JavaThread "Notification Thread"        daemon [_thread_blocked, id=17292, stack(0x0000003539100000,0x0000003539200000) (1024K)]
  0x00000209f5479610 JavaThread "Active Thread: Equinox Container: 5aae47d8-3724-4071-b3b2-0feb96df6633"        [_thread_blocked, id=8836, stack(0x0000003539500000,0x0000003539600000) (1024K)]
  0x00000209f09124e0 JavaThread "Refresh Thread: Equinox Container: 5aae47d8-3724-4071-b3b2-0feb96df6633" daemon [_thread_blocked, id=16764, stack(0x0000003539600000,0x0000003539700000) (1024K)]
  0x00000209f538f150 JavaThread "Framework Event Dispatcher: Equinox Container: 5aae47d8-3724-4071-b3b2-0feb96df6633" daemon [_thread_blocked, id=7752, stack(0x0000003539700000,0x0000003539800000) (1024K)]
  0x00000209f5652d70 JavaThread "Start Level: Equinox Container: 5aae47d8-3724-4071-b3b2-0feb96df6633" daemon [_thread_blocked, id=14072, stack(0x0000003539800000,0x0000003539900000) (1024K)]
  0x00000209f5962aa0 JavaThread "Bundle File Closer"         daemon [_thread_blocked, id=8160, stack(0x0000003539900000,0x0000003539a00000) (1024K)]
  0x0000020997f1ef70 JavaThread "SCR Component Actor"        daemon [_thread_blocked, id=4584, stack(0x0000003539a00000,0x0000003539b00000) (1024K)]
  0x00000209f5779dc0 JavaThread "Worker-JM"                         [_thread_blocked, id=7544, stack(0x0000003539d00000,0x0000003539e00000) (1024K)]
  0x00000209f5779730 JavaThread "JNA Cleaner"                daemon [_thread_blocked, id=15988, stack(0x0000003539c00000,0x0000003539d00000) (1024K)]
  0x00000209f5778a10 JavaThread "Java indexing"              daemon [_thread_blocked, id=9952, stack(0x000000353a300000,0x000000353a400000) (1024K)]
  0x00000209f57790a0 JavaThread "Worker-5"                          [_thread_blocked, id=12008, stack(0x000000353a700000,0x000000353a800000) (1024K)]
  0x00000209f7c27600 JavaThread "Thread-2"                   daemon [_thread_in_native, id=16472, stack(0x000000353a800000,0x000000353a900000) (1024K)]
  0x00000209f7c29d60 JavaThread "Thread-3"                   daemon [_thread_in_native, id=14588, stack(0x000000353a900000,0x000000353aa00000) (1024K)]
  0x00000209f7c27c90 JavaThread "Thread-4"                   daemon [_thread_in_native, id=9372, stack(0x000000353aa00000,0x000000353ab00000) (1024K)]
  0x00000209f7c2a3f0 JavaThread "Thread-5"                   daemon [_thread_in_native, id=14420, stack(0x000000353ab00000,0x000000353ac00000) (1024K)]
  0x00000209f7c2aa80 JavaThread "Thread-6"                   daemon [_thread_in_native, id=6112, stack(0x000000353ac00000,0x000000353ad00000) (1024K)]
  0x00000209f7c28320 JavaThread "pool-2-thread-1"                   [_thread_blocked, id=9048, stack(0x000000353ad00000,0x000000353ae00000) (1024K)]
  0x00000209f7c289b0 JavaThread "WorkspaceEventsHandler"            [_thread_blocked, id=16232, stack(0x0000003539b00000,0x0000003539c00000) (1024K)]
  0x00000209f7c29040 JavaThread "pool-1-thread-1"                   [_thread_blocked, id=9020, stack(0x000000353af00000,0x000000353b000000) (1024K)]
  0x00000209f5e1dc30 JavaThread "Timer-0"                           [_thread_blocked, id=1888, stack(0x000000353b100000,0x000000353b200000) (1024K)]
  0x00000209f5e1efe0 JavaThread "Worker-6"                          [_thread_blocked, id=16772, stack(0x0000003539e00000,0x0000003539f00000) (1024K)]
Total: 31

Other Threads:
  0x0000020997e9e780 VMThread "VM Thread"                           [id=16504, stack(0x0000003538700000,0x0000003538800000) (1024K)]
  0x000002099802d310 WatcherThread "VM Periodic Task Thread"        [id=16576, stack(0x0000003538600000,0x0000003538700000) (1024K)]
  0x0000020997fe07e0 WorkerThread "GC Thread#0"                     [id=13548, stack(0x0000003538500000,0x0000003538600000) (1024K)]
  0x00000209f57c2450 WorkerThread "GC Thread#1"                     [id=8648, stack(0x0000003539200000,0x0000003539300000) (1024K)]
  0x00000209f5304e50 WorkerThread "GC Thread#2"                     [id=18092, stack(0x0000003539300000,0x0000003539400000) (1024K)]
  0x00000209f53051f0 WorkerThread "GC Thread#3"                     [id=5916, stack(0x0000003539400000,0x0000003539500000) (1024K)]
Total: 6

Threads with active compile tasks:
Total: 0

VM state: not at safepoint (normal execution)

VM Mutex/Monitor currently owned by a thread: None

Heap address: 0x0000000080000000, size: 2048 MB, Compressed Oops mode: 32-bit

CDS archive(s) mapped at: [0x00000209af000000-0x00000209afba0000-0x00000209afba0000), size 12189696, SharedBaseAddress: 0x00000209af000000, ArchiveRelocationMode: 1.
Compressed class space mapped at: 0x00000209b0000000-0x00000209f0000000, reserved size: 1073741824
Narrow klass base: 0x00000209af000000, Narrow klass shift: 0, Narrow klass range: 0x100000000

GC Precious Log:
 CardTable entry size: 512
 CPUs: 4 total, 4 available
 Memory: 7878M
 Large Page Support: Disabled
 NUMA Support: Disabled
 Compressed Oops: Enabled (32-bit)
 Alignments: Space 512K, Generation 512K, Heap 2M
 Heap Min Capacity: 100M
 Heap Initial Capacity: 100M
 Heap Max Capacity: 2G
 Pre-touch: Disabled
 Parallel Workers: 4

Heap:
 PSYoungGen      total 2048K, used 594K [0x00000000d5580000, 0x00000000d5900000, 0x0000000100000000)
  eden space 1536K, 24% used [0x00000000d5580000,0x00000000d55dcaa8,0x00000000d5700000)
  from space 512K, 43% used [0x00000000d5880000,0x00000000d58b8000,0x00000000d5900000)
  to   space 512K, 0% used [0x00000000d5800000,0x00000000d5800000,0x00000000d5880000)
 ParOldGen       total 232960K, used 208912K [0x0000000080000000, 0x000000008e380000, 0x00000000d5580000)
  object space 232960K, 89% used [0x0000000080000000,0x000000008cc040d8,0x000000008e380000)
 Metaspace       used 69314K, committed 70848K, reserved 1114112K
  class space    used 7896K, committed 8576K, reserved 1048576K

Card table byte_map: [0x0000020997970000,0x0000020997d80000] _byte_map_base: 0x0000020997570000

Marking Bits: (ParMarkBitMap*) 0x00007ffbee78a340
 Begin Bits: [0x00000209aa470000, 0x00000209ac470000)
 End Bits:   [0x00000209ac470000, 0x00000209ae470000)

Polling page: 0x0000020995e00000

Metaspace:

Usage:
  Non-class:     59.98 MB used.
      Class:      7.71 MB used.
       Both:     67.69 MB used.

Virtual space:
  Non-class space:       64.00 MB reserved,      60.81 MB ( 95%) committed,  1 nodes.
      Class space:        1.00 GB reserved,       8.38 MB ( <1%) committed,  1 nodes.
             Both:        1.06 GB reserved,      69.19 MB (  6%) committed. 

Chunk freelists:
   Non-Class:  2.98 MB
       Class:  7.60 MB
        Both:  10.58 MB

MaxMetaspaceSize: unlimited
CompressedClassSpaceSize: 1.00 GB
Initial GC threshold: 21.00 MB
Current GC threshold: 97.31 MB
CDS: on
 - commit_granule_bytes: 65536.
 - commit_granule_words: 8192.
 - virtual_space_node_default_size: 8388608.
 - enlarge_chunks_in_place: 1.
 - use_allocation_guard: 0.


Internal statistics:

num_allocs_failed_limit: 9.
num_arena_births: 1108.
num_arena_deaths: 16.
num_vsnodes_births: 2.
num_vsnodes_deaths: 0.
num_space_committed: 1107.
num_space_uncommitted: 0.
num_chunks_returned_to_freelist: 26.
num_chunks_taken_from_freelist: 3944.
num_chunk_merges: 7.
num_chunk_splits: 2533.
num_chunks_enlarged: 1617.
num_inconsistent_stats: 0.

CodeHeap 'non-profiled nmethods': size=120000Kb used=9727Kb max_used=9727Kb free=110273Kb
 bounds [0x00000209a2c90000, 0x00000209a3610000, 0x00000209aa1c0000]
CodeHeap 'profiled nmethods': size=120000Kb used=23150Kb max_used=23150Kb free=96849Kb
 bounds [0x000002099b1c0000, 0x000002099c860000, 0x00000209a26f0000]
CodeHeap 'non-nmethods': size=5760Kb used=1446Kb max_used=1505Kb free=4313Kb
 bounds [0x00000209a26f0000, 0x00000209a2960000, 0x00000209a2c90000]
CodeCache: size=245760Kb, used=34323Kb, max_used=34382Kb, free=211435Kb
 total_blobs=11742, nmethods=10986, adapters=662, full_count=0
Compilation: enabled, stopped_count=0, restarted_count=0

Compilation events (20 events):
Event: 2887.773 Thread 0x0000020997f2bb00 11893   !   3       java.util.concurrent.FutureTask::runAndReset (125 bytes)
Event: 2887.800 Thread 0x0000020997f2bb00 nmethod 11893 0x000002099c854090 code [0x000002099c854500, 0x000002099c856bb8]
Event: 2887.800 Thread 0x0000020997f2bb00 11894       3       java.util.concurrent.ScheduledThreadPoolExecutor$ScheduledFutureTask::setNextRunTime (38 bytes)
Event: 2887.800 Thread 0x0000020997f2bb00 nmethod 11894 0x000002099c857710 code [0x000002099c8578c0, 0x000002099c857ad0]
Event: 2887.800 Thread 0x0000020997f2bb00 11895       3       java.util.concurrent.ScheduledThreadPoolExecutor::reExecutePeriodic (49 bytes)
Event: 2887.802 Thread 0x0000020997f2bb00 nmethod 11895 0x000002099c857b90 code [0x000002099c857dc0, 0x000002099c858440]
Event: 2899.636 Thread 0x0000020997f2bb00 11896       3       java.util.Optional::isPresent (13 bytes)
Event: 2899.636 Thread 0x0000020997f2bb00 nmethod 11896 0x000002099c858690 code [0x000002099c858820, 0x000002099c858980]
Event: 2926.859 Thread 0x0000020997f2bb00 11897       3       java.util.concurrent.locks.AbstractQueuedSynchronizer$ConditionObject::await (207 bytes)
Event: 2926.871 Thread 0x0000020997f2bb00 nmethod 11897 0x000002099c858a10 code [0x000002099c858d20, 0x000002099c859be0]
Event: 2949.646 Thread 0x0000020997f2bb00 11898       3       java.lang.ProcessHandleImpl::<init> (15 bytes)
Event: 2949.646 Thread 0x0000020997f2bb00 nmethod 11898 0x000002099c85a210 code [0x000002099c85a3c0, 0x000002099c85a530]
Event: 2956.860 Thread 0x0000020997f2bb00 11899       3       java.lang.ref.ReferenceQueue::await (15 bytes)
Event: 2956.860 Thread 0x0000020997f2bb00 nmethod 11899 0x000002099c85a610 code [0x000002099c85a7c0, 0x000002099c85a960]
Event: 2969.653 Thread 0x0000020997f2bb00 11900       3       java.lang.ProcessHandleImpl::get (51 bytes)
Event: 2969.668 Thread 0x0000020997f2bb00 nmethod 11900 0x000002099c85aa90 code [0x000002099c85aca0, 0x000002099c85b2a8]
Event: 2989.657 Thread 0x0000020997f2bb00 11901       3       java.lang.ProcessHandle::of (5 bytes)
Event: 2989.657 Thread 0x0000020997f2bb00 nmethod 11901 0x000002099c85b510 code [0x000002099c85b6c0, 0x000002099c85b7d8]
Event: 3042.543 Thread 0x0000020997eb87e0 11902       4       org.eclipse.core.internal.resources.MarkerSet::shareStrings (57 bytes)
Event: 3042.571 Thread 0x0000020997eb87e0 nmethod 11902 0x00000209a360e090 code [0x00000209a360e300, 0x00000209a360f070]

GC Heap History (20 events):
Event: 219.371 GC heap before
{Heap before GC invocations=1072 (full 3):
 PSYoungGen      total 2560K, used 2464K [0x00000000d5580000, 0x00000000d5a00000, 0x0000000100000000)
  eden space 1536K, 100% used [0x00000000d5580000,0x00000000d5700000,0x00000000d5700000)
  from space 1024K, 90% used [0x00000000d5900000,0x00000000d59e8000,0x00000000d5a00000)
  to   space 1536K, 0% used [0x00000000d5700000,0x00000000d5700000,0x00000000d5880000)
 ParOldGen       total 232960K, used 203738K [0x0000000080000000, 0x000000008e380000, 0x00000000d5580000)
  object space 232960K, 87% used [0x0000000080000000,0x000000008c6f6898,0x000000008e380000)
 Metaspace       used 68923K, committed 70464K, reserved 1114112K
  class space    used 7852K, committed 8512K, reserved 1048576K
}
Event: 219.374 GC heap after
{Heap after GC invocations=1072 (full 3):
 PSYoungGen      total 3072K, used 1472K [0x00000000d5580000, 0x00000000d5b80000, 0x0000000100000000)
  eden space 1536K, 0% used [0x00000000d5580000,0x00000000d5580000,0x00000000d5700000)
  from space 1536K, 95% used [0x00000000d5700000,0x00000000d5870000,0x00000000d5880000)
  to   space 2048K, 0% used [0x00000000d5980000,0x00000000d5980000,0x00000000d5b80000)
 ParOldGen       total 232960K, used 204594K [0x0000000080000000, 0x000000008e380000, 0x00000000d5580000)
  object space 232960K, 87% used [0x0000000080000000,0x000000008c7cc898,0x000000008e380000)
 Metaspace       used 68923K, committed 70464K, reserved 1114112K
  class space    used 7852K, committed 8512K, reserved 1048576K
}
Event: 219.435 GC heap before
{Heap before GC invocations=1073 (full 3):
 PSYoungGen      total 3072K, used 3007K [0x00000000d5580000, 0x00000000d5b80000, 0x0000000100000000)
  eden space 1536K, 99% used [0x00000000d5580000,0x00000000d56fffa8,0x00000000d5700000)
  from space 1536K, 95% used [0x00000000d5700000,0x00000000d5870000,0x00000000d5880000)
  to   space 2048K, 0% used [0x00000000d5980000,0x00000000d5980000,0x00000000d5b80000)
 ParOldGen       total 232960K, used 204594K [0x0000000080000000, 0x000000008e380000, 0x00000000d5580000)
  object space 232960K, 87% used [0x0000000080000000,0x000000008c7cc898,0x000000008e380000)
 Metaspace       used 68927K, committed 70464K, reserved 1114112K
  class space    used 7852K, committed 8512K, reserved 1048576K
}
Event: 219.437 GC heap after
{Heap after GC invocations=1073 (full 3):
 PSYoungGen      total 3072K, used 1365K [0x00000000d5580000, 0x00000000d5b00000, 0x0000000100000000)
  eden space 1536K, 0% used [0x00000000d5580000,0x00000000d5580000,0x00000000d5700000)
  from space 1536K, 88% used [0x00000000d5980000,0x00000000d5ad54a0,0x00000000d5b00000)
  to   space 1536K, 0% used [0x00000000d5700000,0x00000000d5700000,0x00000000d5880000)
 ParOldGen       total 232960K, used 205994K [0x0000000080000000, 0x000000008e380000, 0x00000000d5580000)
  object space 232960K, 88% used [0x0000000080000000,0x000000008c92a898,0x000000008e380000)
 Metaspace       used 68927K, committed 70464K, reserved 1114112K
  class space    used 7852K, committed 8512K, reserved 1048576K
}
Event: 219.548 GC heap before
{Heap before GC invocations=1074 (full 3):
 PSYoungGen      total 3072K, used 2901K [0x00000000d5580000, 0x00000000d5b00000, 0x0000000100000000)
  eden space 1536K, 100% used [0x00000000d5580000,0x00000000d5700000,0x00000000d5700000)
  from space 1536K, 88% used [0x00000000d5980000,0x00000000d5ad54a0,0x00000000d5b00000)
  to   space 1536K, 0% used [0x00000000d5700000,0x00000000d5700000,0x00000000d5880000)
 ParOldGen       total 232960K, used 205994K [0x0000000080000000, 0x000000008e380000, 0x00000000d5580000)
  object space 232960K, 88% used [0x0000000080000000,0x000000008c92a898,0x000000008e380000)
 Metaspace       used 68930K, committed 70464K, reserved 1114112K
  class space    used 7852K, committed 8512K, reserved 1048576K
}
Event: 219.550 GC heap after
{Heap after GC invocations=1074 (full 3):
 PSYoungGen      total 3072K, used 1297K [0x00000000d5580000, 0x00000000d5a00000, 0x0000000100000000)
  eden space 1536K, 0% used [0x00000000d5580000,0x00000000d5580000,0x00000000d5700000)
  from space 1536K, 84% used [0x00000000d5700000,0x00000000d58446a0,0x00000000d5880000)
  to   space 1536K, 0% used [0x00000000d5880000,0x00000000d5880000,0x00000000d5a00000)
 ParOldGen       total 232960K, used 207303K [0x0000000080000000, 0x000000008e380000, 0x00000000d5580000)
  object space 232960K, 88% used [0x0000000080000000,0x000000008ca71cf8,0x000000008e380000)
 Metaspace       used 68930K, committed 70464K, reserved 1114112K
  class space    used 7852K, committed 8512K, reserved 1048576K
}
Event: 342.248 GC heap before
{Heap before GC invocations=1075 (full 3):
 PSYoungGen      total 3072K, used 2833K [0x00000000d5580000, 0x00000000d5a00000, 0x0000000100000000)
  eden space 1536K, 100% used [0x00000000d5580000,0x00000000d5700000,0x00000000d5700000)
  from space 1536K, 84% used [0x00000000d5700000,0x00000000d58446a0,0x00000000d5880000)
  to   space 1536K, 0% used [0x00000000d5880000,0x00000000d5880000,0x00000000d5a00000)
 ParOldGen       total 232960K, used 207303K [0x0000000080000000, 0x000000008e380000, 0x00000000d5580000)
  object space 232960K, 88% used [0x0000000080000000,0x000000008ca71cf8,0x000000008e380000)
 Metaspace       used 69011K, committed 70528K, reserved 1114112K
  class space    used 7865K, committed 8512K, reserved 1048576K
}
Event: 342.250 GC heap after
{Heap after GC invocations=1075 (full 3):
 PSYoungGen      total 2048K, used 224K [0x00000000d5580000, 0x00000000d5900000, 0x0000000100000000)
  eden space 1536K, 0% used [0x00000000d5580000,0x00000000d5580000,0x00000000d5700000)
  from space 512K, 43% used [0x00000000d5880000,0x00000000d58b8000,0x00000000d5900000)
  to   space 1024K, 0% used [0x00000000d5700000,0x00000000d5700000,0x00000000d5800000)
 ParOldGen       total 232960K, used 208576K [0x0000000080000000, 0x000000008e380000, 0x00000000d5580000)
  object space 232960K, 89% used [0x0000000080000000,0x000000008cbb00d8,0x000000008e380000)
 Metaspace       used 69011K, committed 70528K, reserved 1114112K
  class space    used 7865K, committed 8512K, reserved 1048576K
}
Event: 373.009 GC heap before
{Heap before GC invocations=1076 (full 3):
 PSYoungGen      total 2048K, used 1757K [0x00000000d5580000, 0x00000000d5900000, 0x0000000100000000)
  eden space 1536K, 99% used [0x00000000d5580000,0x00000000d56ff628,0x00000000d5700000)
  from space 512K, 43% used [0x00000000d5880000,0x00000000d58b8000,0x00000000d5900000)
  to   space 1024K, 0% used [0x00000000d5700000,0x00000000d5700000,0x00000000d5800000)
 ParOldGen       total 232960K, used 208576K [0x0000000080000000, 0x000000008e380000, 0x00000000d5580000)
  object space 232960K, 89% used [0x0000000080000000,0x000000008cbb00d8,0x000000008e380000)
 Metaspace       used 69067K, committed 70528K, reserved 1114112K
  class space    used 7877K, committed 8512K, reserved 1048576K
}
Event: 373.020 GC heap after
{Heap after GC invocations=1076 (full 3):
 PSYoungGen      total 2560K, used 192K [0x00000000d5580000, 0x00000000d5900000, 0x0000000100000000)
  eden space 1536K, 0% used [0x00000000d5580000,0x00000000d5580000,0x00000000d5700000)
  from space 1024K, 18% used [0x00000000d5700000,0x00000000d5730000,0x00000000d5800000)
  to   space 512K, 0% used [0x00000000d5880000,0x00000000d5880000,0x00000000d5900000)
 ParOldGen       total 232960K, used 208648K [0x0000000080000000, 0x000000008e380000, 0x00000000d5580000)
  object space 232960K, 89% used [0x0000000080000000,0x000000008cbc20d8,0x000000008e380000)
 Metaspace       used 69067K, committed 70528K, reserved 1114112K
  class space    used 7877K, committed 8512K, reserved 1048576K
}
Event: 373.161 GC heap before
{Heap before GC invocations=1077 (full 3):
 PSYoungGen      total 2560K, used 1727K [0x00000000d5580000, 0x00000000d5900000, 0x0000000100000000)
  eden space 1536K, 99% used [0x00000000d5580000,0x00000000d56ffc60,0x00000000d5700000)
  from space 1024K, 18% used [0x00000000d5700000,0x00000000d5730000,0x00000000d5800000)
  to   space 512K, 0% used [0x00000000d5880000,0x00000000d5880000,0x00000000d5900000)
 ParOldGen       total 232960K, used 208648K [0x0000000080000000, 0x000000008e380000, 0x00000000d5580000)
  object space 232960K, 89% used [0x0000000080000000,0x000000008cbc20d8,0x000000008e380000)
 Metaspace       used 69219K, committed 70784K, reserved 1114112K
  class space    used 7890K, committed 8576K, reserved 1048576K
}
Event: 373.165 GC heap after
{Heap after GC invocations=1077 (full 3):
 PSYoungGen      total 2048K, used 128K [0x00000000d5580000, 0x00000000d5900000, 0x0000000100000000)
  eden space 1536K, 0% used [0x00000000d5580000,0x00000000d5580000,0x00000000d5700000)
  from space 512K, 25% used [0x00000000d5880000,0x00000000d58a0000,0x00000000d5900000)
  to   space 512K, 0% used [0x00000000d5800000,0x00000000d5800000,0x00000000d5880000)
 ParOldGen       total 232960K, used 208832K [0x0000000080000000, 0x000000008e380000, 0x00000000d5580000)
  object space 232960K, 89% used [0x0000000080000000,0x000000008cbf00d8,0x000000008e380000)
 Metaspace       used 69219K, committed 70784K, reserved 1114112K
  class space    used 7890K, committed 8576K, reserved 1048576K
}
Event: 1916.997 GC heap before
{Heap before GC invocations=1078 (full 3):
 PSYoungGen      total 2048K, used 1663K [0x00000000d5580000, 0x00000000d5900000, 0x0000000100000000)
  eden space 1536K, 99% used [0x00000000d5580000,0x00000000d56ffff0,0x00000000d5700000)
  from space 512K, 25% used [0x00000000d5880000,0x00000000d58a0000,0x00000000d5900000)
  to   space 512K, 0% used [0x00000000d5800000,0x00000000d5800000,0x00000000d5880000)
 ParOldGen       total 232960K, used 208832K [0x0000000080000000, 0x000000008e380000, 0x00000000d5580000)
  object space 232960K, 89% used [0x0000000080000000,0x000000008cbf00d8,0x000000008e380000)
 Metaspace       used 69260K, committed 70784K, reserved 1114112K
  class space    used 7896K, committed 8576K, reserved 1048576K
}
Event: 1917.098 GC heap after
{Heap after GC invocations=1078 (full 3):
 PSYoungGen      total 2048K, used 128K [0x00000000d5580000, 0x00000000d5900000, 0x0000000100000000)
  eden space 1536K, 0% used [0x00000000d5580000,0x00000000d5580000,0x00000000d5700000)
  from space 512K, 25% used [0x00000000d5800000,0x00000000d5820000,0x00000000d5880000)
  to   space 512K, 0% used [0x00000000d5880000,0x00000000d5880000,0x00000000d5900000)
 ParOldGen       total 232960K, used 208872K [0x0000000080000000, 0x000000008e380000, 0x00000000d5580000)
  object space 232960K, 89% used [0x0000000080000000,0x000000008cbfa0d8,0x000000008e380000)
 Metaspace       used 69260K, committed 70784K, reserved 1114112K
  class space    used 7896K, committed 8576K, reserved 1048576K
}
Event: 2142.505 GC heap before
{Heap before GC invocations=1079 (full 3):
 PSYoungGen      total 2048K, used 1651K [0x00000000d5580000, 0x00000000d5900000, 0x0000000100000000)
  eden space 1536K, 99% used [0x00000000d5580000,0x00000000d56fcda0,0x00000000d5700000)
  from space 512K, 25% used [0x00000000d5800000,0x00000000d5820000,0x00000000d5880000)
  to   space 512K, 0% used [0x00000000d5880000,0x00000000d5880000,0x00000000d5900000)
 ParOldGen       total 232960K, used 208872K [0x0000000080000000, 0x000000008e380000, 0x00000000d5580000)
  object space 232960K, 89% used [0x0000000080000000,0x000000008cbfa0d8,0x000000008e380000)
 Metaspace       used 69278K, committed 70784K, reserved 1114112K
  class space    used 7896K, committed 8576K, reserved 1048576K
}
Event: 2142.516 GC heap after
{Heap after GC invocations=1079 (full 3):
 PSYoungGen      total 2048K, used 352K [0x00000000d5580000, 0x00000000d5900000, 0x0000000100000000)
  eden space 1536K, 0% used [0x00000000d5580000,0x00000000d5580000,0x00000000d5700000)
  from space 512K, 68% used [0x00000000d5880000,0x00000000d58d8020,0x00000000d5900000)
  to   space 512K, 0% used [0x00000000d5800000,0x00000000d5800000,0x00000000d5880000)
 ParOldGen       total 232960K, used 208896K [0x0000000080000000, 0x000000008e380000, 0x00000000d5580000)
  object space 232960K, 89% used [0x0000000080000000,0x000000008cc000d8,0x000000008e380000)
 Metaspace       used 69278K, committed 70784K, reserved 1114112K
  class space    used 7896K, committed 8576K, reserved 1048576K
}
Event: 2513.238 GC heap before
{Heap before GC invocations=1080 (full 3):
 PSYoungGen      total 2048K, used 1888K [0x00000000d5580000, 0x00000000d5900000, 0x0000000100000000)
  eden space 1536K, 100% used [0x00000000d5580000,0x00000000d5700000,0x00000000d5700000)
  from space 512K, 68% used [0x00000000d5880000,0x00000000d58d8020,0x00000000d5900000)
  to   space 512K, 0% used [0x00000000d5800000,0x00000000d5800000,0x00000000d5880000)
 ParOldGen       total 232960K, used 208896K [0x0000000080000000, 0x000000008e380000, 0x00000000d5580000)
  object space 232960K, 89% used [0x0000000080000000,0x000000008cc000d8,0x000000008e380000)
 Metaspace       used 69287K, committed 70784K, reserved 1114112K
  class space    used 7896K, committed 8576K, reserved 1048576K
}
Event: 2513.247 GC heap after
{Heap after GC invocations=1080 (full 3):
 PSYoungGen      total 2048K, used 96K [0x00000000d5580000, 0x00000000d5900000, 0x0000000100000000)
  eden space 1536K, 0% used [0x00000000d5580000,0x00000000d5580000,0x00000000d5700000)
  from space 512K, 18% used [0x00000000d5800000,0x00000000d5818000,0x00000000d5880000)
  to   space 512K, 0% used [0x00000000d5880000,0x00000000d5880000,0x00000000d5900000)
 ParOldGen       total 232960K, used 208896K [0x0000000080000000, 0x000000008e380000, 0x00000000d5580000)
  object space 232960K, 89% used [0x0000000080000000,0x000000008cc000d8,0x000000008e380000)
 Metaspace       used 69287K, committed 70784K, reserved 1114112K
  class space    used 7896K, committed 8576K, reserved 1048576K
}
Event: 3042.527 GC heap before
{Heap before GC invocations=1081 (full 3):
 PSYoungGen      total 2048K, used 1610K [0x00000000d5580000, 0x00000000d5900000, 0x0000000100000000)
  eden space 1536K, 98% used [0x00000000d5580000,0x00000000d56faa58,0x00000000d5700000)
  from space 512K, 18% used [0x00000000d5800000,0x00000000d5818000,0x00000000d5880000)
  to   space 512K, 0% used [0x00000000d5880000,0x00000000d5880000,0x00000000d5900000)
 ParOldGen       total 232960K, used 208896K [0x0000000080000000, 0x000000008e380000, 0x00000000d5580000)
  object space 232960K, 89% used [0x0000000080000000,0x000000008cc000d8,0x000000008e380000)
 Metaspace       used 69314K, committed 70848K, reserved 1114112K
  class space    used 7896K, committed 8576K, reserved 1048576K
}
Event: 3042.539 GC heap after
{Heap after GC invocations=1081 (full 3):
 PSYoungGen      total 2048K, used 224K [0x00000000d5580000, 0x00000000d5900000, 0x0000000100000000)
  eden space 1536K, 0% used [0x00000000d5580000,0x00000000d5580000,0x00000000d5700000)
  from space 512K, 43% used [0x00000000d5880000,0x00000000d58b8000,0x00000000d5900000)
  to   space 512K, 0% used [0x00000000d5800000,0x00000000d5800000,0x00000000d5880000)
 ParOldGen       total 232960K, used 208912K [0x0000000080000000, 0x000000008e380000, 0x00000000d5580000)
  object space 232960K, 89% used [0x0000000080000000,0x000000008cc040d8,0x000000008e380000)
 Metaspace       used 69314K, committed 70848K, reserved 1114112K
  class space    used 7896K, committed 8576K, reserved 1048576K
}

Dll operation events (15 events):
Event: 0.022 Loaded shared library c:\Users\AJ\.vscode\extensions\redhat.java-1.44.0-win32-x64\jre\21.0.8-win32-x86_64\bin\java.dll
Event: 0.704 Loaded shared library c:\Users\AJ\.vscode\extensions\redhat.java-1.44.0-win32-x64\jre\21.0.8-win32-x86_64\bin\zip.dll
Event: 0.863 Loaded shared library C:\Users\AJ\.vscode\extensions\redhat.java-1.44.0-win32-x64\jre\21.0.8-win32-x86_64\bin\instrument.dll
Event: 0.871 Loaded shared library C:\Users\AJ\.vscode\extensions\redhat.java-1.44.0-win32-x64\jre\21.0.8-win32-x86_64\bin\net.dll
Event: 0.876 Loaded shared library C:\Users\AJ\.vscode\extensions\redhat.java-1.44.0-win32-x64\jre\21.0.8-win32-x86_64\bin\nio.dll
Event: 0.881 Loaded shared library C:\Users\AJ\.vscode\extensions\redhat.java-1.44.0-win32-x64\jre\21.0.8-win32-x86_64\bin\zip.dll
Event: 0.973 Loaded shared library C:\Users\AJ\.vscode\extensions\redhat.java-1.44.0-win32-x64\jre\21.0.8-win32-x86_64\bin\jimage.dll
Event: 1.486 Loaded shared library c:\Users\AJ\.vscode\extensions\redhat.java-1.44.0-win32-x64\jre\21.0.8-win32-x86_64\bin\verify.dll
Event: 19.363 Loaded shared library C:\Users\AJ\AppData\Roaming\Code\User\globalStorage\redhat.java\1.44.0\config_win\org.eclipse.equinox.launcher\org.eclipse.equinox.launcher.win32.win32.x86_64_1.2.1400.v20250730-1736\eclipse_11913.dll
Event: 40.670 Loaded shared library C:\Users\AJ\AppData\Local\Temp\jna-2089\jna1798762322821885377.dll
Event: 47.671 Loaded shared library C:\Users\AJ\.vscode\extensions\redhat.java-1.44.0-win32-x64\jre\21.0.8-win32-x86_64\bin\sunmscapi.dll
Event: 48.187 Loaded shared library C:\Users\AJ\.vscode\extensions\redhat.java-1.44.0-win32-x64\jre\21.0.8-win32-x86_64\bin\extnet.dll
Event: 172.812 Loaded shared library C:\Users\AJ\.gradle\native\c067742578af261105cb4f569cf0c3c89f3d7b1fecec35dd04571415982c5e48\windows-amd64\native-platform.dll
Event: 210.212 Loaded shared library C:\Users\AJ\.vscode\extensions\redhat.java-1.44.0-win32-x64\jre\21.0.8-win32-x86_64\bin\management.dll
Event: 210.229 Loaded shared library C:\Users\AJ\.vscode\extensions\redhat.java-1.44.0-win32-x64\jre\21.0.8-win32-x86_64\bin\management_ext.dll

Deoptimization events (20 events):
Event: 782.115 Thread 0x00000209f7c289b0 DEOPT PACKING pc=0x00000209a32ec180 sp=0x0000003539bff170
Event: 782.115 Thread 0x00000209f7c289b0 DEOPT UNPACKING pc=0x00000209a2743aa2 sp=0x0000003539bff100 mode 2
Event: 1242.358 Thread 0x00000209f57790a0 Uncommon trap: trap_request=0xffffff45 fr.pc=0x00000209a35e703c relative=0x00000000000019dc
Event: 1242.358 Thread 0x00000209f57790a0 Uncommon trap: reason=unstable_if action=reinterpret pc=0x00000209a35e703c method=org.eclipse.core.internal.utils.StringPool.add(Ljava/lang/String;)Ljava/lang/String; @ 1 c2
Event: 1242.358 Thread 0x00000209f57790a0 DEOPT PACKING pc=0x00000209a35e703c sp=0x000000353a7fecf0
Event: 1242.358 Thread 0x00000209f57790a0 DEOPT UNPACKING pc=0x00000209a2743aa2 sp=0x000000353a7fec88 mode 2
Event: 1242.358 Thread 0x00000209f57790a0 Uncommon trap: trap_request=0xffffff45 fr.pc=0x00000209a35e8b70 relative=0x0000000000000110
Event: 1242.358 Thread 0x00000209f57790a0 Uncommon trap: reason=unstable_if action=reinterpret pc=0x00000209a35e8b70 method=org.eclipse.core.internal.dtree.DataTreeNode.storeStrings(Lorg/eclipse/core/internal/utils/StringPool;)V @ 14 c2
Event: 1242.358 Thread 0x00000209f57790a0 DEOPT PACKING pc=0x00000209a35e8b70 sp=0x000000353a7fedb0
Event: 1242.358 Thread 0x00000209f57790a0 DEOPT UNPACKING pc=0x00000209a2743aa2 sp=0x000000353a7fed48 mode 2
Event: 1242.358 Thread 0x00000209f57790a0 Uncommon trap: trap_request=0xffffff45 fr.pc=0x00000209a35e49c4 relative=0x00000000000007e4
Event: 1242.358 Thread 0x00000209f57790a0 Uncommon trap: reason=unstable_if action=reinterpret pc=0x00000209a35e49c4 method=org.eclipse.core.internal.utils.StringPool.add(Ljava/lang/String;)Ljava/lang/String; @ 1 c2
Event: 1242.358 Thread 0x00000209f57790a0 DEOPT PACKING pc=0x00000209a35e49c4 sp=0x000000353a7fec80
Event: 1242.358 Thread 0x00000209f57790a0 DEOPT UNPACKING pc=0x00000209a2743aa2 sp=0x000000353a7fec58 mode 2
Event: 3042.543 Thread 0x00000209f5e1efe0 DEOPT PACKING pc=0x000002099c80a9ab sp=0x0000003539efec40
Event: 3042.549 Thread 0x00000209f5e1efe0 DEOPT UNPACKING pc=0x00000209a2744242 sp=0x0000003539efe0b0 mode 0
Event: 3042.552 Thread 0x00000209f5e1efe0 DEOPT PACKING pc=0x000002099c80a9ab sp=0x0000003539efed00
Event: 3042.552 Thread 0x00000209f5e1efe0 DEOPT UNPACKING pc=0x00000209a2744242 sp=0x0000003539efe170 mode 0
Event: 3042.555 Thread 0x00000209f5e1efe0 DEOPT PACKING pc=0x000002099c80a9ab sp=0x0000003539efed00
Event: 3042.555 Thread 0x00000209f5e1efe0 DEOPT UNPACKING pc=0x00000209a2744242 sp=0x0000003539efe170 mode 0

Classes loaded (20 events):
Event: 220.362 Loading class java/util/stream/ReduceOps$1
Event: 220.362 Loading class java/util/stream/ReduceOps$1 done
Event: 220.362 Loading class java/util/stream/ReduceOps$1ReducingSink
Event: 220.362 Loading class java/util/stream/ReduceOps$1ReducingSink done
Event: 373.009 Loading class java/util/stream/Nodes$CollectorTask$OfRef
Event: 373.020 Loading class java/util/stream/Nodes$CollectorTask
Event: 373.020 Loading class java/util/stream/Nodes$CollectorTask done
Event: 373.020 Loading class java/util/stream/Nodes$CollectorTask$OfRef done
Event: 373.023 Loading class java/util/function/LongFunction
Event: 373.023 Loading class java/util/function/LongFunction done
Event: 373.023 Loading class java/util/stream/Nodes$ConcNode
Event: 373.024 Loading class java/util/stream/Nodes$AbstractConcNode
Event: 373.024 Loading class java/util/stream/Nodes$AbstractConcNode done
Event: 373.024 Loading class java/util/stream/Nodes$ConcNode done
Event: 373.040 Loading class java/io/ObjectOutputStream$BlockDataOutputStream
Event: 373.041 Loading class java/io/ObjectOutputStream$BlockDataOutputStream done
Event: 373.041 Loading class java/io/ObjectOutputStream$HandleTable
Event: 373.041 Loading class java/io/ObjectOutputStream$HandleTable done
Event: 373.041 Loading class java/io/ObjectOutputStream$ReplaceTable
Event: 373.041 Loading class java/io/ObjectOutputStream$ReplaceTable done

Classes unloaded (8 events):
Event: 43.055 Thread 0x0000020997e9e780 Unloading class 0x00000209b01ac800 'java/lang/invoke/LambdaForm$MH+0x00000209b01ac800'
Event: 43.055 Thread 0x0000020997e9e780 Unloading class 0x00000209b01ac400 'java/lang/invoke/LambdaForm$MH+0x00000209b01ac400'
Event: 43.055 Thread 0x0000020997e9e780 Unloading class 0x00000209b01ac000 'java/lang/invoke/LambdaForm$MH+0x00000209b01ac000'
Event: 43.055 Thread 0x0000020997e9e780 Unloading class 0x00000209b01abc00 'java/lang/invoke/LambdaForm$MH+0x00000209b01abc00'
Event: 43.055 Thread 0x0000020997e9e780 Unloading class 0x00000209b01ab800 'java/lang/invoke/LambdaForm$BMH+0x00000209b01ab800'
Event: 43.055 Thread 0x0000020997e9e780 Unloading class 0x00000209b01ab400 'java/lang/invoke/LambdaForm$DMH+0x00000209b01ab400'
Event: 43.055 Thread 0x0000020997e9e780 Unloading class 0x00000209b01aa000 'java/lang/invoke/LambdaForm$DMH+0x00000209b01aa000'
Event: 46.429 Thread 0x0000020997e9e780 Unloading class 0x00000209b0311000 'java/lang/invoke/LambdaForm$DMH+0x00000209b0311000'

Classes redefined (0 events):
No events

Internal exceptions (20 events):
Event: 218.789 Thread 0x00000209f577b800 Exception <a 'sun/nio/fs/WindowsException'{0x00000000d56457b0}> (0x00000000d56457b0) 
thrown [s\src\hotspot\share\prims\jni.cpp, line 520]
Event: 218.789 Thread 0x00000209f577b800 Exception <a 'sun/nio/fs/WindowsException'{0x00000000d5645e10}> (0x00000000d5645e10) 
thrown [s\src\hotspot\share\prims\jni.cpp, line 520]
Event: 218.795 Thread 0x00000209f577b800 Exception <a 'sun/nio/fs/WindowsException'{0x00000000d564de58}> (0x00000000d564de58) 
thrown [s\src\hotspot\share\prims\jni.cpp, line 520]
Event: 218.796 Thread 0x00000209f577b800 Exception <a 'sun/nio/fs/WindowsException'{0x00000000d564e4b8}> (0x00000000d564e4b8) 
thrown [s\src\hotspot\share\prims\jni.cpp, line 520]
Event: 218.797 Thread 0x00000209f577b800 Exception <a 'sun/nio/fs/WindowsException'{0x00000000d56567f8}> (0x00000000d56567f8) 
thrown [s\src\hotspot\share\prims\jni.cpp, line 520]
Event: 218.797 Thread 0x00000209f577b800 Exception <a 'sun/nio/fs/WindowsException'{0x00000000d5656e28}> (0x00000000d5656e28) 
thrown [s\src\hotspot\share\prims\jni.cpp, line 520]
Event: 218.798 Thread 0x00000209f577b800 Exception <a 'sun/nio/fs/WindowsException'{0x00000000d565f078}> (0x00000000d565f078) 
thrown [s\src\hotspot\share\prims\jni.cpp, line 520]
Event: 218.798 Thread 0x00000209f577b800 Exception <a 'sun/nio/fs/WindowsException'{0x00000000d565f6a8}> (0x00000000d565f6a8) 
thrown [s\src\hotspot\share\prims\jni.cpp, line 520]
Event: 218.799 Thread 0x00000209f577b800 Exception <a 'sun/nio/fs/WindowsException'{0x00000000d5667868}> (0x00000000d5667868) 
thrown [s\src\hotspot\share\prims\jni.cpp, line 520]
Event: 218.799 Thread 0x00000209f577b800 Exception <a 'sun/nio/fs/WindowsException'{0x00000000d5667f58}> (0x00000000d5667f58) 
thrown [s\src\hotspot\share\prims\jni.cpp, line 520]
Event: 218.800 Thread 0x00000209f577b800 Exception <a 'sun/nio/fs/WindowsException'{0x00000000d56701a8}> (0x00000000d56701a8) 
thrown [s\src\hotspot\share\prims\jni.cpp, line 520]
Event: 218.800 Thread 0x00000209f577b800 Exception <a 'sun/nio/fs/WindowsException'{0x00000000d5670898}> (0x00000000d5670898) 
thrown [s\src\hotspot\share\prims\jni.cpp, line 520]
Event: 218.801 Thread 0x00000209f577b800 Exception <a 'sun/nio/fs/WindowsException'{0x00000000d5678af0}> (0x00000000d5678af0) 
thrown [s\src\hotspot\share\prims\jni.cpp, line 520]
Event: 218.801 Thread 0x00000209f577b800 Exception <a 'sun/nio/fs/WindowsException'{0x00000000d56791e0}> (0x00000000d56791e0) 
thrown [s\src\hotspot\share\prims\jni.cpp, line 520]
Event: 218.955 Thread 0x00000209f5e1e2c0 Implicit null exception at 0x00000209a35c0004 to 0x00000209a35c0fd4
Event: 220.376 Thread 0x00000209f577b800 Exception <a 'java/lang/NoSuchMethodError'{0x00000000d5689020}: 'java.lang.Object java.lang.invoke.DirectMethodHandle$Holder.invokeStatic(java.lang.Object, java.lang.Object, int, java.lang.Object)'> (0x00000000d5689020) 
thrown [s\src\hotspot\share\interpreter\linkResolver.cpp, line 773]
Event: 373.055 Thread 0x00000209f5e1efe0 Exception <a 'java/lang/NoSuchMethodError'{0x00000000d565a528}: 'java.lang.Object java.lang.invoke.DirectMethodHandle$Holder.newInvokeSpecial(java.lang.Object, java.lang.Object, java.lang.Object, java.lang.Object, java.lang.Object, java.lang.Object, java.lang.Object, java.lang.Object)'> (0x00000000d565a528) 
thrown [s\src\hotspot\share\interpreter\linkResolver.cpp, line 773]
Event: 761.395 Thread 0x00000209f7c29040 Exception <a 'java/lang/IncompatibleClassChangeError'{0x00000000d55ed1c8}: Found class java.lang.Object, but interface was expected> (0x00000000d55ed1c8) 
thrown [s\src\hotspot\share\interpreter\linkResolver.cpp, line 840]
Event: 1242.358 Thread 0x00000209f57790a0 Implicit null exception at 0x00000209a35e56ae to 0x00000209a35e7028
Event: 1242.358 Thread 0x00000209f57790a0 Implicit null exception at 0x00000209a35e4223 to 0x00000209a35e49b4

ZGC Phase Switch (0 events):
No events

VM Operations (20 events):
Event: 2987.767 Executing VM operation: Cleanup
Event: 2987.768 Executing VM operation: Cleanup done
Event: 3042.527 Executing VM operation: ParallelGCFailedAllocation (Allocation Failure)
Event: 3042.539 Executing VM operation: ParallelGCFailedAllocation (Allocation Failure) done
Event: 3066.840 Executing VM operation: HandshakeAllThreads (HandshakeForDeflation)
Event: 3066.840 Executing VM operation: HandshakeAllThreads (HandshakeForDeflation) done
Event: 3066.840 Executing VM operation: RendezvousGCThreads
Event: 3066.840 Executing VM operation: RendezvousGCThreads done
Event: 3126.967 Executing VM operation: HandshakeAllThreads (HandshakeForDeflation)
Event: 3126.967 Executing VM operation: HandshakeAllThreads (HandshakeForDeflation) done
Event: 3126.967 Executing VM operation: RendezvousGCThreads
Event: 3126.967 Executing VM operation: RendezvousGCThreads done
Event: 3187.172 Executing VM operation: HandshakeAllThreads (HandshakeForDeflation)
Event: 3187.172 Executing VM operation: HandshakeAllThreads (HandshakeForDeflation) done
Event: 3187.172 Executing VM operation: RendezvousGCThreads
Event: 3187.172 Executing VM operation: RendezvousGCThreads done
Event: 3247.331 Executing VM operation: HandshakeAllThreads (HandshakeForDeflation)
Event: 3247.332 Executing VM operation: HandshakeAllThreads (HandshakeForDeflation) done
Event: 3247.332 Executing VM operation: RendezvousGCThreads
Event: 3247.332 Executing VM operation: RendezvousGCThreads done

Memory protections (0 events):
No events

Nmethod flushes (20 events):
Event: 119.384 Thread 0x0000020997e9e780 flushing  nmethod 0x000002099bbed190
Event: 119.384 Thread 0x0000020997e9e780 flushing  nmethod 0x000002099bbeee10
Event: 119.384 Thread 0x0000020997e9e780 flushing  nmethod 0x000002099bbf2f90
Event: 119.384 Thread 0x0000020997e9e780 flushing  nmethod 0x000002099bbf4a10
Event: 119.384 Thread 0x0000020997e9e780 flushing  nmethod 0x000002099bbf6890
Event: 119.384 Thread 0x0000020997e9e780 flushing  nmethod 0x000002099bbf7890
Event: 119.384 Thread 0x0000020997e9e780 flushing  nmethod 0x000002099bbf7d10
Event: 119.384 Thread 0x0000020997e9e780 flushing  nmethod 0x000002099bbfe210
Event: 119.384 Thread 0x0000020997e9e780 flushing  nmethod 0x000002099bbfe790
Event: 119.384 Thread 0x0000020997e9e780 flushing osr nmethod 0x000002099bc00b10
Event: 119.384 Thread 0x0000020997e9e780 flushing  nmethod 0x000002099bc21110
Event: 119.384 Thread 0x0000020997e9e780 flushing  nmethod 0x000002099bc35e10
Event: 119.384 Thread 0x0000020997e9e780 flushing  nmethod 0x000002099bc36290
Event: 119.384 Thread 0x0000020997e9e780 flushing  nmethod 0x000002099bc37190
Event: 119.384 Thread 0x0000020997e9e780 flushing  nmethod 0x000002099bc37790
Event: 119.384 Thread 0x0000020997e9e780 flushing  nmethod 0x000002099bc38010
Event: 119.385 Thread 0x0000020997e9e780 flushing  nmethod 0x000002099bc40210
Event: 119.385 Thread 0x0000020997e9e780 flushing  nmethod 0x000002099bc72790
Event: 119.385 Thread 0x0000020997e9e780 flushing  nmethod 0x000002099bc7d210
Event: 119.385 Thread 0x0000020997e9e780 flushing  nmethod 0x000002099bc81610

Events (20 events):
Event: 219.201 Thread 0x0000020997f2bb00 Thread added: 0x00000209f80aa460
Event: 220.146 Thread 0x00000209f80aa460 Thread exited: 0x00000209f80aa460
Event: 236.938 Thread 0x00000209f5e23810 Thread exited: 0x00000209f5e23810
Event: 271.550 Thread 0x00000209f5e1e950 Thread exited: 0x00000209f5e1e950
Event: 271.550 Thread 0x00000209f5e23180 Thread exited: 0x00000209f5e23180
Event: 271.562 Thread 0x00000209f5e21740 Thread exited: 0x00000209f5e21740
Event: 278.665 Thread 0x00000209f577be90 Thread exited: 0x00000209f577be90
Event: 279.471 Thread 0x00000209f5e22af0 Thread exited: 0x00000209f5e22af0
Event: 296.949 Thread 0x00000209f5e24530 Thread exited: 0x00000209f5e24530
Event: 339.485 Thread 0x00000209f5e1efe0 Thread exited: 0x00000209f5e1efe0
Event: 342.244 Thread 0x00000209f57790a0 Thread added: 0x00000209f5e1efe0
Event: 342.275 Thread 0x0000020997f2bb00 Thread added: 0x00000209f80aa460
Event: 342.303 Thread 0x00000209f577b800 Thread exited: 0x00000209f577b800
Event: 347.356 Thread 0x00000209f80aa460 Thread exited: 0x00000209f80aa460
Event: 356.949 Thread 0x00000209f5e1d5a0 Thread exited: 0x00000209f5e1d5a0
Event: 372.998 Thread 0x00000209f5e1efe0 Thread added: 0x00000209f5e24530
Event: 373.025 Thread 0x00000209f5e24530 Thread exited: 0x00000209f5e24530
Event: 373.051 Thread 0x0000020997f2bb00 Thread added: 0x00000209f80abfa0
Event: 373.314 Thread 0x00000209f80abfa0 Thread exited: 0x00000209f80abfa0
Event: 399.501 Thread 0x00000209f5e1e2c0 Thread exited: 0x00000209f5e1e2c0


Dynamic libraries:
0x00007ff67d170000 - 0x00007ff67d17e000 	c:\Users\AJ\.vscode\extensions\redhat.java-1.44.0-win32-x64\jre\21.0.8-win32-x86_64\bin\java.exe
0x00007ffc43850000 - 0x00007ffc43a48000 	C:\WINDOWS\SYSTEM32\ntdll.dll
0x00007ffc42040000 - 0x00007ffc42102000 	C:\WINDOWS\System32\KERNEL32.DLL
0x00007ffc41570000 - 0x00007ffc41866000 	C:\WINDOWS\System32\KERNELBASE.dll
0x00007ffc412a0000 - 0x00007ffc413a0000 	C:\WINDOWS\System32\ucrtbase.dll
0x00007ffc2add0000 - 0x00007ffc2ade8000 	c:\Users\AJ\.vscode\extensions\redhat.java-1.44.0-win32-x64\jre\21.0.8-win32-x86_64\bin\jli.dll
0x00007ffc41e40000 - 0x00007ffc41fdd000 	C:\WINDOWS\System32\USER32.dll
0x00007ffc411e0000 - 0x00007ffc41202000 	C:\WINDOWS\System32\win32u.dll
0x00007ffc43770000 - 0x00007ffc4379b000 	C:\WINDOWS\System32\GDI32.dll
0x00007ffc40f10000 - 0x00007ffc41029000 	C:\WINDOWS\System32\gdi32full.dll
0x00007ffc413a0000 - 0x00007ffc4143d000 	C:\WINDOWS\System32\msvcp_win.dll
0x00007ffc2adb0000 - 0x00007ffc2adce000 	c:\Users\AJ\.vscode\extensions\redhat.java-1.44.0-win32-x64\jre\21.0.8-win32-x86_64\bin\VCRUNTIME140.dll
0x00007ffc30e50000 - 0x00007ffc310ea000 	C:\WINDOWS\WinSxS\amd64_microsoft.windows.common-controls_6595b64144ccf1df_6.0.19041.5915_none_60b4b9d171f9c7c7\COMCTL32.dll
0x00007ffc42590000 - 0x00007ffc4262e000 	C:\WINDOWS\System32\msvcrt.dll
0x00007ffc42630000 - 0x00007ffc4265f000 	C:\WINDOWS\System32\IMM32.DLL
0x00007ffc33a20000 - 0x00007ffc33a2c000 	c:\Users\AJ\.vscode\extensions\redhat.java-1.44.0-win32-x64\jre\21.0.8-win32-x86_64\bin\vcruntime140_1.dll
0x00007ffc1c6c0000 - 0x00007ffc1c74d000 	c:\Users\AJ\.vscode\extensions\redhat.java-1.44.0-win32-x64\jre\21.0.8-win32-x86_64\bin\msvcp140.dll
0x00007ffbedad0000 - 0x00007ffbee867000 	c:\Users\AJ\.vscode\extensions\redhat.java-1.44.0-win32-x64\jre\21.0.8-win32-x86_64\bin\server\jvm.dll
0x00007ffc431c0000 - 0x00007ffc43271000 	C:\WINDOWS\System32\ADVAPI32.dll
0x00007ffc42110000 - 0x00007ffc421af000 	C:\WINDOWS\System32\sechost.dll
0x00007ffc43030000 - 0x00007ffc43153000 	C:\WINDOWS\System32\RPCRT4.dll
0x00007ffc40ee0000 - 0x00007ffc40f07000 	C:\WINDOWS\System32\bcrypt.dll
0x00007ffc437a0000 - 0x00007ffc4380b000 	C:\WINDOWS\System32\WS2_32.dll
0x00007ffc40470000 - 0x00007ffc404bb000 	C:\WINDOWS\SYSTEM32\POWRPROF.dll
0x00007ffc31160000 - 0x00007ffc31187000 	C:\WINDOWS\SYSTEM32\WINMM.dll
0x00007ffc34a60000 - 0x00007ffc34a6a000 	C:\WINDOWS\SYSTEM32\VERSION.dll
0x00007ffc402e0000 - 0x00007ffc402f2000 	C:\WINDOWS\SYSTEM32\UMPDC.dll
0x00007ffc3ed60000 - 0x00007ffc3ed72000 	C:\WINDOWS\SYSTEM32\kernel.appcore.dll
0x00007ffc2f880000 - 0x00007ffc2f88a000 	c:\Users\AJ\.vscode\extensions\redhat.java-1.44.0-win32-x64\jre\21.0.8-win32-x86_64\bin\jimage.dll
0x00007ffc315b0000 - 0x00007ffc317b1000 	C:\WINDOWS\SYSTEM32\DBGHELP.DLL
0x00007ffc2c070000 - 0x00007ffc2c0a4000 	C:\WINDOWS\SYSTEM32\dbgcore.DLL
0x00007ffc41210000 - 0x00007ffc41292000 	C:\WINDOWS\System32\bcryptPrimitives.dll
0x00007ffc2eb70000 - 0x00007ffc2eb7f000 	c:\Users\AJ\.vscode\extensions\redhat.java-1.44.0-win32-x64\jre\21.0.8-win32-x86_64\bin\instrument.dll
0x00007ffc2ad90000 - 0x00007ffc2adaf000 	c:\Users\AJ\.vscode\extensions\redhat.java-1.44.0-win32-x64\jre\21.0.8-win32-x86_64\bin\java.dll
0x00007ffc42790000 - 0x00007ffc42efe000 	C:\WINDOWS\System32\SHELL32.dll
0x00007ffc3ef60000 - 0x00007ffc3f704000 	C:\WINDOWS\SYSTEM32\windows.storage.dll
0x00007ffc43290000 - 0x00007ffc435e3000 	C:\WINDOWS\System32\combase.dll
0x00007ffc40910000 - 0x00007ffc4093b000 	C:\WINDOWS\SYSTEM32\Wldp.dll
0x00007ffc41d70000 - 0x00007ffc41e3d000 	C:\WINDOWS\System32\OLEAUT32.dll
0x00007ffc426e0000 - 0x00007ffc4278d000 	C:\WINDOWS\System32\SHCORE.dll
0x00007ffc41fe0000 - 0x00007ffc4203b000 	C:\WINDOWS\System32\shlwapi.dll
0x00007ffc40e10000 - 0x00007ffc40e34000 	C:\WINDOWS\SYSTEM32\profapi.dll
0x00007ffc2cf50000 - 0x00007ffc2cf68000 	c:\Users\AJ\.vscode\extensions\redhat.java-1.44.0-win32-x64\jre\21.0.8-win32-x86_64\bin\zip.dll
0x00007ffc2f730000 - 0x00007ffc2f740000 	C:\Users\AJ\.vscode\extensions\redhat.java-1.44.0-win32-x64\jre\21.0.8-win32-x86_64\bin\net.dll
0x00007ffc3bcf0000 - 0x00007ffc3bdfa000 	C:\WINDOWS\SYSTEM32\WINHTTP.dll
0x00007ffc40670000 - 0x00007ffc406da000 	C:\WINDOWS\system32\mswsock.dll
0x00007ffc2b070000 - 0x00007ffc2b086000 	C:\Users\AJ\.vscode\extensions\redhat.java-1.44.0-win32-x64\jre\21.0.8-win32-x86_64\bin\nio.dll
0x00007ffc2e4d0000 - 0x00007ffc2e4e0000 	c:\Users\AJ\.vscode\extensions\redhat.java-1.44.0-win32-x64\jre\21.0.8-win32-x86_64\bin\verify.dll
0x00007ffc2aa10000 - 0x00007ffc2aa55000 	C:\Users\AJ\AppData\Roaming\Code\User\globalStorage\redhat.java\1.44.0\config_win\org.eclipse.equinox.launcher\org.eclipse.equinox.launcher.win32.win32.x86_64_1.2.1400.v20250730-1736\eclipse_11913.dll
0x00007ffc42f00000 - 0x00007ffc4302b000 	C:\WINDOWS\System32\ole32.dll
0x00007ffc40860000 - 0x00007ffc40878000 	C:\WINDOWS\SYSTEM32\CRYPTSP.dll
0x00007ffc3ff20000 - 0x00007ffc3ff58000 	C:\WINDOWS\system32\rsaenh.dll
0x00007ffc40dd0000 - 0x00007ffc40dfe000 	C:\WINDOWS\SYSTEM32\USERENV.dll
0x00007ffc40880000 - 0x00007ffc4088c000 	C:\WINDOWS\SYSTEM32\CRYPTBASE.dll
0x00007ffc40300000 - 0x00007ffc4033b000 	C:\WINDOWS\SYSTEM32\IPHLPAPI.DLL
0x00007ffc426d0000 - 0x00007ffc426d8000 	C:\WINDOWS\System32\NSI.dll
0x00007ffc1f950000 - 0x00007ffc1f999000 	C:\Users\AJ\AppData\Local\Temp\jna-2089\jna1798762322821885377.dll
0x00007ffc43280000 - 0x00007ffc43288000 	C:\WINDOWS\System32\PSAPI.DLL
0x00007ffc3cbd0000 - 0x00007ffc3cbe7000 	C:\WINDOWS\SYSTEM32\dhcpcsvc6.DLL
0x00007ffc39b20000 - 0x00007ffc39b3d000 	C:\WINDOWS\SYSTEM32\dhcpcsvc.DLL
0x00007ffc378d0000 - 0x00007ffc378de000 	C:\Users\AJ\.vscode\extensions\redhat.java-1.44.0-win32-x64\jre\21.0.8-win32-x86_64\bin\sunmscapi.dll
0x00007ffc41030000 - 0x00007ffc4118d000 	C:\WINDOWS\System32\CRYPT32.dll
0x00007ffc40980000 - 0x00007ffc409a7000 	C:\WINDOWS\SYSTEM32\ncrypt.dll
0x00007ffc40940000 - 0x00007ffc4097b000 	C:\WINDOWS\SYSTEM32\NTASN1.dll
0x00007ffc40350000 - 0x00007ffc4041a000 	C:\WINDOWS\SYSTEM32\DNSAPI.dll
0x00007ffc387b0000 - 0x00007ffc387ba000 	C:\Windows\System32\rasadhlp.dll
0x00007ffc33700000 - 0x00007ffc33780000 	C:\WINDOWS\System32\fwpuclnt.dll
0x00007ffc2f8a0000 - 0x00007ffc2f8a9000 	C:\Users\AJ\.vscode\extensions\redhat.java-1.44.0-win32-x64\jre\21.0.8-win32-x86_64\bin\extnet.dll
0x00007ffc2b3b0000 - 0x00007ffc2b3d7000 	C:\Users\AJ\.gradle\native\c067742578af261105cb4f569cf0c3c89f3d7b1fecec35dd04571415982c5e48\windows-amd64\native-platform.dll
0x00007ffc3c390000 - 0x00007ffc3c39a000 	C:\Users\AJ\.vscode\extensions\redhat.java-1.44.0-win32-x64\jre\21.0.8-win32-x86_64\bin\management.dll
0x00007ffc378e0000 - 0x00007ffc378eb000 	C:\Users\AJ\.vscode\extensions\redhat.java-1.44.0-win32-x64\jre\21.0.8-win32-x86_64\bin\management_ext.dll

JVMTI agents:
c:\Users\AJ\.vscode\extensions\redhat.java-1.44.0-win32-x64\lombok\lombok-1.18.39-4050.jar path:c:\Users\AJ\.vscode\extensions\redhat.java-1.44.0-win32-x64\jre\21.0.8-win32-x86_64\bin\instrument.dll, loaded, initialized, instrumentlib options:none

dbghelp: loaded successfully - version: 4.0.5 - missing functions: none
symbol engine: initialized successfully - sym options: 0x614 - pdb path: .;c:\Users\AJ\.vscode\extensions\redhat.java-1.44.0-win32-x64\jre\21.0.8-win32-x86_64\bin;C:\WINDOWS\SYSTEM32;C:\WINDOWS\WinSxS\amd64_microsoft.windows.common-controls_6595b64144ccf1df_6.0.19041.5915_none_60b4b9d171f9c7c7;c:\Users\AJ\.vscode\extensions\redhat.java-1.44.0-win32-x64\jre\21.0.8-win32-x86_64\bin\server;C:\Users\AJ\AppData\Roaming\Code\User\globalStorage\redhat.java\1.44.0\config_win\org.eclipse.equinox.launcher\org.eclipse.equinox.launcher.win32.win32.x86_64_1.2.1400.v20250730-1736;C:\Users\AJ\AppData\Local\Temp\jna-2089;C:\Users\AJ\.gradle\native\c067742578af261105cb4f569cf0c3c89f3d7b1fecec35dd04571415982c5e48\windows-amd64

VM Arguments:
jvm_args: --add-modules=ALL-SYSTEM --add-opens=java.base/java.util=ALL-UNNAMED --add-opens=java.base/java.lang=ALL-UNNAMED --add-opens=java.base/sun.nio.fs=ALL-UNNAMED -Declipse.application=org.eclipse.jdt.ls.core.id1 -Dosgi.bundles.defaultStartLevel=4 -Declipse.product=org.eclipse.jdt.ls.core.product -Djava.import.generatesMetadataFilesAtProjectRoot=false -DDetectVMInstallationsJob.disabled=true -Dfile.encoding=utf8 -XX:+UseParallelGC -XX:GCTimeRatio=4 -XX:AdaptiveSizePolicyWeight=90 -Dsun.zip.disableMemoryMapping=true -Xmx2G -Xms100m -Xlog:disable -javaagent:c:\Users\AJ\.vscode\extensions\redhat.java-1.44.0-win32-x64\lombok\lombok-1.18.39-4050.jar -XX:+HeapDumpOnOutOfMemoryError -XX:HeapDumpPath=c:\Users\AJ\AppData\Roaming\Code\User\workspaceStorage\42d3df7c00ac9b0f7d13d418ec405ff2\redhat.java -Daether.dependencyCollector.impl=bf 
java_command: c:\Users\AJ\.vscode\extensions\redhat.java-1.44.0-win32-x64\server\plugins\org.eclipse.equinox.launcher_1.7.0.v20250519-0528.jar -configuration c:\Users\AJ\AppData\Roaming\Code\User\globalStorage\redhat.java\1.44.0\config_win -data c:\Users\AJ\AppData\Roaming\Code\User\workspaceStorage\42d3df7c00ac9b0f7d13d418ec405ff2\redhat.java\jdt_ws --pipe=\\.\pipe\lsp-26eb9a436a8464932f3b861a83b0645c-sock
java_class_path (initial): c:\Users\AJ\.vscode\extensions\redhat.java-1.44.0-win32-x64\server\plugins\org.eclipse.equinox.launcher_1.7.0.v20250519-0528.jar
Launcher Type: SUN_STANDARD

[Global flags]
    uintx AdaptiveSizePolicyWeight                 = 90                                        {product} {command line}
     intx CICompilerCount                          = 3                                         {product} {ergonomic}
    uintx GCTimeRatio                              = 4                                         {product} {command line}
     bool HeapDumpOnOutOfMemoryError               = true                                   {manageable} {command line}
    ccstr HeapDumpPath                             = c:\Users\AJ\AppData\Roaming\Code\User\workspaceStorage\42d3df7c00ac9b0f7d13d418ec405ff2\redhat.java         {manageable} {command line}
   size_t InitialHeapSize                          = 104857600                                 {product} {command line}
   size_t MaxHeapSize                              = 2147483648                                {product} {command line}
   size_t MaxNewSize                               = 715653120                                 {product} {ergonomic}
   size_t MinHeapDeltaBytes                        = 524288                                    {product} {ergonomic}
   size_t MinHeapSize                              = 104857600                                 {product} {command line}
   size_t NewSize                                  = 34603008                                  {product} {ergonomic}
    uintx NonNMethodCodeHeapSize                   = 5832780                                {pd product} {ergonomic}
    uintx NonProfiledCodeHeapSize                  = 122912730                              {pd product} {ergonomic}
   size_t OldSize                                  = 70254592                                  {product} {ergonomic}
    uintx ProfiledCodeHeapSize                     = 122912730                              {pd product} {ergonomic}
    uintx ReservedCodeCacheSize                    = 251658240                              {pd product} {ergonomic}
     bool SegmentedCodeCache                       = true                                      {product} {ergonomic}
   size_t SoftMaxHeapSize                          = 2147483648                             {manageable} {ergonomic}
     bool UseCompressedOops                        = true                           {product lp64_product} {ergonomic}
     bool UseLargePagesIndividualAllocation        = false                                  {pd product} {ergonomic}
     bool UseParallelGC                            = true                                      {product} {command line}

Logging:
Log output configuration:
 #0: stdout all=off uptime,level,tags foldmultilines=false
 #1: stderr all=off uptime,level,tags foldmultilines=false

Environment Variables:
JAVA_HOME=C:\Program Files\OpenJDK\jdk-22.0.2
PATH=C:\Program Files\Common Files\Oracle\Java\javapath;C:\Program Files (x86)\OpenLogic\jre-8.0.382.05-hotspot\bin;C:\Program Files\Microsoft\jdk-11.0.18.10-hotspot\bin;C:\ProgramData\chocolatey\bin;C:\Users\AJ\AppData\Local\Android\Sdk\platform-tools;C:\WINDOWS\system32;C:\WINDOWS;C:\WINDOWS\System32\Wbem;C:\WINDOWS\System32\WindowsPowerShell\v1.0\;C:\WINDOWS\System32\OpenSSH\;C:\Users\AJ\AppData\Local\Programs\Python\Python312\;C:\Users\AJ\AppData\Local\Programs\Python\Python312\Scripts\;C:\Program Files\Git\cmd;C:\Program Files\Git\bin;C:\Program Files (x86)\Microsoft SQL Server\160\Tools\Binn\;C:\Program Files\Microsoft SQL Server\160\Tools\Binn\;C:\Program Files\Microsoft SQL Server\Client SDK\ODBC\170\Tools\Binn\;C:\Program Files\Microsoft SQL Server\160\DTS\Binn\;C:\Program Files\nodejs\;C:\Program Files (x86)\Microsoft SQL Server\160\DTS\Binn\;C:\Program Files\OpenJDK\jdk-22.0.2\bin;C:\Program Files (x86)\dotnet\;C:\Users\AJ\AppData\Local\Programs\Python\Python313\Scripts\;C:\Users\AJ\AppData\Local\Programs\Python\Python313\;C:\Users\AJ\AppData\Local\Programs\Python\Launcher\;C:\Users\AJ\AppData\Local\Microsoft\WindowsApps;C:\Users\AJ\AppData\Local\Programs\Microsoft VS Code\bin;C:\Users\AJ\AppData\Local\Android\Sdk\platform-tools;C:\Users\AJ\AppData\Local\JetBrains\IntelliJ IDEA 2024.1.3\bin;;C:\Users\AJ\AppData\Roaming\npm;C:\Users\AJ\AppData\Local\Programs\cursor\resources\app\bin
USERNAME=AJ
OS=Windows_NT
PROCESSOR_IDENTIFIER=Intel64 Family 6 Model 69 Stepping 1, GenuineIntel
TMP=C:\Users\AJ\AppData\Local\Temp
TEMP=C:\Users\AJ\AppData\Local\Temp




Periodic native trim disabled

---------------  S Y S T E M  ---------------

OS:
 Windows 10 , 64 bit Build 19041 (10.0.19041.5915)
OS uptime: 0 days 6:11 hours

CPU: total 4 (initial active 4) (2 cores per cpu, 2 threads per core) family 6 model 69 stepping 1 microcode 0x25, cx8, cmov, fxsr, ht, mmx, sse, sse2, sse3, ssse3, sse4.1, sse4.2, popcnt, lzcnt, tsc, tscinvbit, avx, avx2, aes, erms, clmul, bmi1, bmi2, fma, vzeroupper, clflush, rdtscp, f16c
Processor Information for the first 4 processors :
  Max Mhz: 2494, Current Mhz: 1895, Mhz Limit: 1895

Memory: 4k page, system-wide physical 7878M (1111M free)
TotalPageFile size 14010M (AvailPageFile size 17M)
current process WorkingSet (physical memory assigned to process): 96M, peak: 468M
current process commit charge ("private bytes"): 508M, peak: 522M

vm_info: OpenJDK 64-Bit Server VM (21.0.8+9-LTS) for windows-amd64 JRE (21.0.8+9-LTS), built on 2025-07-15T00:00:00Z by "admin" with MS VC++ 17.7 (VS2022)

END.
