#
# There is insufficient memory for the Java Runtime Environment to continue.
# Native memory allocation (malloc) failed to allocate 219536 bytes. Error detail: Chunk::new
# Possible reasons:
#   The system is out of physical RAM or swap space
#   This process is running with CompressedOops enabled, and the Java Heap may be blocking the growth of the native heap
# Possible solutions:
#   Reduce memory load on the system
#   Increase physical memory or swap space
#   Check if swap backing store is full
#   Decrease Java heap size (-Xmx/-Xms)
#   Decrease number of Java threads
#   Decrease Java thread stack sizes (-Xss)
#   Set larger code cache with -XX:ReservedCodeCacheSize=
#   JVM is running with Unscaled Compressed Oops mode in which the Java heap is
#     placed in the first 4GB address space. The Java Heap base address is the
#     maximum limit for the native heap growth. Please use -XX:HeapBaseMinAddress
#     to set the Java Heap base and to place the Java Heap above 4GB virtual address.
# This output file may be truncated or incomplete.
#
#  Out of Memory Error (arena.cpp:168), pid=10204, tid=8408
#
# JRE version: OpenJDK Runtime Environment Temurin-21.0.8+9 (21.0.8+9) (build 21.0.8+9-LTS)
# Java VM: OpenJDK 64-Bit Server VM Temurin-21.0.8+9 (21.0.8+9-LTS, mixed mode, sharing, tiered, compressed oops, compressed class ptrs, parallel gc, windows-amd64)
# No core dump will be written. Minidumps are not enabled by default on client versions of Windows
#

---------------  S U M M A R Y ------------

Command Line: --add-modules=ALL-SYSTEM --add-opens=java.base/java.util=ALL-UNNAMED --add-opens=java.base/java.lang=ALL-UNNAMED --add-opens=java.base/sun.nio.fs=ALL-UNNAMED -Declipse.application=org.eclipse.jdt.ls.core.id1 -Dosgi.bundles.defaultStartLevel=4 -Declipse.product=org.eclipse.jdt.ls.core.product -Djava.import.generatesMetadataFilesAtProjectRoot=false -DDetectVMInstallationsJob.disabled=true -Dfile.encoding=utf8 -XX:+UseParallelGC -XX:GCTimeRatio=4 -XX:AdaptiveSizePolicyWeight=90 -Dsun.zip.disableMemoryMapping=true -Xmx2G -Xms100m -Xlog:disable -javaagent:c:\Users\AJ\.vscode\extensions\redhat.java-1.44.0-win32-x64\lombok\lombok-1.18.39-4050.jar c:\Users\AJ\.vscode\extensions\redhat.java-1.44.0-win32-x64\server\plugins\org.eclipse.equinox.launcher_1.7.0.v20250519-0528.jar -configuration c:\Users\AJ\AppData\Roaming\Code\User\globalStorage\redhat.java\1.44.0\config_ss_win -data c:\Users\AJ\AppData\Roaming\Code\User\workspaceStorage\42d3df7c00ac9b0f7d13d418ec405ff2\redhat.java\ss_ws --pipe=\\.\pipe\lsp-10ac88d9988412cac2f4fe9c8301cbb5-sock

Host: Intel(R) Core(TM) i5-4300U CPU @ 1.90GHz, 4 cores, 7G,  Windows 10 , 64 bit Build 19041 (10.0.19041.5915)
Time: Mon Aug 11 12:25:20 2025 Pakistan Standard Time elapsed time: 2.287164 seconds (0d 0h 0m 2s)

---------------  T H R E A D  ---------------

Current thread (0x00000205fdb788a0):  JavaThread "C2 CompilerThread1" daemon [_thread_in_native, id=8408, stack(0x000000a96f200000,0x000000a96f300000) (1024K)]


Current CompileTask:
C2:2287  714       4       lombok.patcher.scripts.MethodLevelPatchScript::patch (21 bytes)

Stack: [0x000000a96f200000,0x000000a96f300000]
Native frames: (J=compiled Java code, j=interpreted, Vv=VM code, C=native code)
V  [jvm.dll+0x6d2449]
V  [jvm.dll+0x8ae341]
V  [jvm.dll+0x8b08be]
V  [jvm.dll+0x8b0fa3]
V  [jvm.dll+0x280c96]
V  [jvm.dll+0xc581d]
V  [jvm.dll+0xc5d53]
V  [jvm.dll+0x3b9162]
V  [jvm.dll+0x1e1213]
V  [jvm.dll+0x249022]
V  [jvm.dll+0x2484af]
V  [jvm.dll+0x1c89ee]
V  [jvm.dll+0x257d4d]
V  [jvm.dll+0x2562ea]
V  [jvm.dll+0x3f2d16]
V  [jvm.dll+0x857e6b]
V  [jvm.dll+0x6d0b0d]
C  [ucrtbase.dll+0x21bb2]
C  [KERNEL32.DLL+0x17374]
C  [ntdll.dll+0x4cc91]


---------------  P R O C E S S  ---------------

Threads class SMR info:
_java_thread_list=0x00000205fdb37210, length=12, elements={
0x00000205f9270c60, 0x00000205fcc48c50, 0x00000205fcc4cb70, 0x00000205fcc50a10,
0x00000205fcc51720, 0x00000205fcc532e0, 0x00000205fcc53d30, 0x00000205fcc54b60,
0x00000205fccc5e80, 0x00000205f92e17a0, 0x00000205fdb38bf0, 0x00000205fdb788a0
}

Java Threads: ( => current thread )
  0x00000205f9270c60 JavaThread "main"                              [_thread_in_vm, id=14324, stack(0x000000a96e300000,0x000000a96e400000) (1024K)]
  0x00000205fcc48c50 JavaThread "Reference Handler"          daemon [_thread_blocked, id=9000, stack(0x000000a96e800000,0x000000a96e900000) (1024K)]
  0x00000205fcc4cb70 JavaThread "Finalizer"                  daemon [_thread_blocked, id=5652, stack(0x000000a96e900000,0x000000a96ea00000) (1024K)]
  0x00000205fcc50a10 JavaThread "Signal Dispatcher"          daemon [_thread_blocked, id=8552, stack(0x000000a96ea00000,0x000000a96eb00000) (1024K)]
  0x00000205fcc51720 JavaThread "Attach Listener"            daemon [_thread_blocked, id=13404, stack(0x000000a96eb00000,0x000000a96ec00000) (1024K)]
  0x00000205fcc532e0 JavaThread "Service Thread"             daemon [_thread_blocked, id=7256, stack(0x000000a96ec00000,0x000000a96ed00000) (1024K)]
  0x00000205fcc53d30 JavaThread "Monitor Deflation Thread"   daemon [_thread_blocked, id=13340, stack(0x000000a96ed00000,0x000000a96ee00000) (1024K)]
  0x00000205fcc54b60 JavaThread "C2 CompilerThread0"         daemon [_thread_in_native, id=14796, stack(0x000000a96ee00000,0x000000a96ef00000) (1024K)]
  0x00000205fccc5e80 JavaThread "C1 CompilerThread0"         daemon [_thread_in_native, id=4180, stack(0x000000a96ef00000,0x000000a96f000000) (1024K)]
  0x00000205f92e17a0 JavaThread "Common-Cleaner"             daemon [_thread_blocked, id=13380, stack(0x000000a96f000000,0x000000a96f100000) (1024K)]
  0x00000205fdb38bf0 JavaThread "Notification Thread"        daemon [_thread_blocked, id=13508, stack(0x000000a96f100000,0x000000a96f200000) (1024K)]
=>0x00000205fdb788a0 JavaThread "C2 CompilerThread1"         daemon [_thread_in_native, id=8408, stack(0x000000a96f200000,0x000000a96f300000) (1024K)]
Total: 12

Other Threads:
  0x00000205f928feb0 VMThread "VM Thread"                           [id=188, stack(0x000000a96e700000,0x000000a96e800000) (1024K)]
  0x00000205f92e0a80 WatcherThread "VM Periodic Task Thread"        [id=9016, stack(0x000000a96e600000,0x000000a96e700000) (1024K)]
  0x00000205f9290990 WorkerThread "GC Thread#0"                     [id=14432, stack(0x000000a96e500000,0x000000a96e600000) (1024K)]
Total: 3

Threads with active compile tasks:
C2 CompilerThread0  2322  731 %     4       sun.security.provider.SHA2::implCompress0 @ 27 (448 bytes)
C1 CompilerThread0  2322  806       3       java.io.WinNTFileSystem::normalize (224 bytes)
C2 CompilerThread1  2322  714       4       lombok.patcher.scripts.MethodLevelPatchScript::patch (21 bytes)
Total: 3

VM state: not at safepoint (normal execution)

VM Mutex/Monitor currently owned by a thread: None

Heap address: 0x0000000080000000, size: 2048 MB, Compressed Oops mode: 32-bit

CDS archive(s) mapped at: [0x0000020593000000-0x0000020593ba0000-0x0000020593ba0000), size 12189696, SharedBaseAddress: 0x0000020593000000, ArchiveRelocationMode: 1.
Compressed class space mapped at: 0x0000020594000000-0x00000205d4000000, reserved size: 1073741824
Narrow klass base: 0x0000020593000000, Narrow klass shift: 0, Narrow klass range: 0x100000000

GC Precious Log:
 CardTable entry size: 512
 CPUs: 4 total, 4 available
 Memory: 7878M
 Large Page Support: Disabled
 NUMA Support: Disabled
 Compressed Oops: Enabled (32-bit)
 Alignments: Space 512K, Generation 512K, Heap 2M
 Heap Min Capacity: 100M
 Heap Initial Capacity: 100M
 Heap Max Capacity: 2G
 Pre-touch: Disabled
 Parallel Workers: 4

Heap:
 PSYoungGen      total 29696K, used 15971K [0x00000000d5580000, 0x00000000d7680000, 0x0000000100000000)
  eden space 25600K, 62% used [0x00000000d5580000,0x00000000d6518fb8,0x00000000d6e80000)
  from space 4096K, 0% used [0x00000000d7280000,0x00000000d7280000,0x00000000d7680000)
  to   space 4096K, 0% used [0x00000000d6e80000,0x00000000d6e80000,0x00000000d7280000)
 ParOldGen       total 68608K, used 0K [0x0000000080000000, 0x0000000084300000, 0x00000000d5580000)
  object space 68608K, 0% used [0x0000000080000000,0x0000000080000000,0x0000000084300000)
 Metaspace       used 3084K, committed 3264K, reserved 1114112K
  class space    used 318K, committed 384K, reserved 1048576K

Card table byte_map: [0x00000205f8c20000,0x00000205f9030000] _byte_map_base: 0x00000205f8820000

Marking Bits: (ParMarkBitMap*) 0x00007ffbf94ea340
 Begin Bits: [0x000002058f000000, 0x0000020591000000)
 End Bits:   [0x0000020591000000, 0x0000020593000000)

Polling page: 0x00000205f7140000

Metaspace:

Usage:
  Non-class:      2.70 MB used.
      Class:    318.98 KB used.
       Both:      3.01 MB used.

Virtual space:
  Non-class space:       64.00 MB reserved,       2.81 MB (  4%) committed,  1 nodes.
      Class space:        1.00 GB reserved,     384.00 KB ( <1%) committed,  1 nodes.
             Both:        1.06 GB reserved,       3.19 MB ( <1%) committed. 

Chunk freelists:
   Non-Class:  11.54 MB
       Class:  15.65 MB
        Both:  27.19 MB

MaxMetaspaceSize: unlimited
CompressedClassSpaceSize: 1.00 GB
Initial GC threshold: 21.00 MB
Current GC threshold: 21.00 MB
CDS: on
 - commit_granule_bytes: 65536.
 - commit_granule_words: 8192.
 - virtual_space_node_default_size: 8388608.
 - enlarge_chunks_in_place: 1.
 - use_allocation_guard: 0.


Internal statistics:

num_allocs_failed_limit: 0.
num_arena_births: 112.
num_arena_deaths: 0.
num_vsnodes_births: 2.
num_vsnodes_deaths: 0.
num_space_committed: 51.
num_space_uncommitted: 0.
num_chunks_returned_to_freelist: 0.
num_chunks_taken_from_freelist: 140.
num_chunk_merges: 0.
num_chunk_splits: 97.
num_chunks_enlarged: 60.
num_inconsistent_stats: 0.

CodeHeap 'non-profiled nmethods': size=120000Kb used=311Kb max_used=311Kb free=119689Kb
 bounds [0x0000020587ad0000, 0x0000020587d40000, 0x000002058f000000]
CodeHeap 'profiled nmethods': size=120000Kb used=1213Kb max_used=1213Kb free=118786Kb
 bounds [0x0000020580000000, 0x0000020580270000, 0x0000020587530000]
CodeHeap 'non-nmethods': size=5760Kb used=1186Kb max_used=1201Kb free=4573Kb
 bounds [0x0000020587530000, 0x00000205877a0000, 0x0000020587ad0000]
CodeCache: size=245760Kb, used=2710Kb, max_used=2725Kb, free=243048Kb
 total_blobs=1241, nmethods=794, adapters=354, full_count=0
Compilation: enabled, stopped_count=0, restarted_count=0

Compilation events (20 events):
Event: 2.278 Thread 0x00000205fccc5e80 nmethod 755 0x0000020580122090 code [0x0000020580122240, 0x0000020580122408]
Event: 2.278 Thread 0x00000205fccc5e80  756       3       java.lang.invoke.LambdaForm$BasicType::basicTypeSlots (8 bytes)
Event: 2.278 Thread 0x00000205fccc5e80 nmethod 756 0x0000020580122510 code [0x00000205801226c0, 0x0000020580122838]
Event: 2.278 Thread 0x00000205fccc5e80  757       3       sun.invoke.util.Wrapper::stackSlots (9 bytes)
Event: 2.278 Thread 0x00000205fccc5e80 nmethod 757 0x0000020580122910 code [0x0000020580122aa0, 0x0000020580122bb0]
Event: 2.278 Thread 0x00000205fccc5e80  758       3       jdk.internal.org.objectweb.asm.Handler::getExceptionTableSize (10 bytes)
Event: 2.278 Thread 0x00000205fccc5e80 nmethod 758 0x0000020580122c10 code [0x0000020580122dc0, 0x0000020580122fb8]
Event: 2.278 Thread 0x00000205fccc5e80  760       3       java.lang.invoke.MemberName$Factory::resolveOrFail (79 bytes)
Event: 2.279 Thread 0x00000205fccc5e80 nmethod 760 0x0000020580123110 code [0x0000020580123320, 0x00000205801239d8]
Event: 2.279 Thread 0x00000205fccc5e80  765       3       java.lang.invoke.MethodTypeForm::canonicalizeAll (63 bytes)
Event: 2.280 Thread 0x00000205fccc5e80 nmethod 765 0x0000020580123c10 code [0x0000020580123e00, 0x00000205801243f0]
Event: 2.280 Thread 0x00000205fccc5e80  762       3       java.lang.invoke.LambdaForm::forceInterpretation (14 bytes)
Event: 2.280 Thread 0x00000205fccc5e80 nmethod 762 0x0000020580124610 code [0x00000205801247a0, 0x0000020580124900]
Event: 2.280 Thread 0x00000205fccc5e80  759       1       jdk.internal.org.objectweb.asm.MethodWriter::hasAsmInstructions (5 bytes)
Event: 2.280 Thread 0x00000205fccc5e80 nmethod 759 0x0000020587b1a310 code [0x0000020587b1a4a0, 0x0000020587b1a570]
Event: 2.281 Thread 0x00000205fccc5e80  774       3       jdk.internal.org.objectweb.asm.Frame::pop (53 bytes)
Event: 2.282 Thread 0x00000205fccc5e80 nmethod 774 0x0000020580124990 code [0x0000020580124be0, 0x0000020580125338]
Event: 2.282 Thread 0x00000205fccc5e80  775       3       jdk.internal.org.objectweb.asm.AnnotationWriter::putAnnotations (67 bytes)
Event: 2.283 Thread 0x00000205fccc5e80 nmethod 775 0x0000020580125690 code [0x00000205801258c0, 0x0000020580125c98]
Event: 2.284 Thread 0x00000205fccc5e80  776       3       java.lang.invoke.InvokerBytecodeGenerator::emitImplicitConversion (161 bytes)

GC Heap History (0 events):
No events

Dll operation events (8 events):
Event: 0.016 Loaded shared library c:\Users\AJ\.vscode\extensions\redhat.java-1.44.0-win32-x64\jre\21.0.8-win32-x86_64\bin\java.dll
Event: 0.283 Loaded shared library c:\Users\AJ\.vscode\extensions\redhat.java-1.44.0-win32-x64\jre\21.0.8-win32-x86_64\bin\zip.dll
Event: 0.363 Loaded shared library C:\Users\AJ\.vscode\extensions\redhat.java-1.44.0-win32-x64\jre\21.0.8-win32-x86_64\bin\instrument.dll
Event: 0.426 Loaded shared library C:\Users\AJ\.vscode\extensions\redhat.java-1.44.0-win32-x64\jre\21.0.8-win32-x86_64\bin\net.dll
Event: 0.430 Loaded shared library C:\Users\AJ\.vscode\extensions\redhat.java-1.44.0-win32-x64\jre\21.0.8-win32-x86_64\bin\nio.dll
Event: 0.440 Loaded shared library C:\Users\AJ\.vscode\extensions\redhat.java-1.44.0-win32-x64\jre\21.0.8-win32-x86_64\bin\zip.dll
Event: 0.541 Loaded shared library C:\Users\AJ\.vscode\extensions\redhat.java-1.44.0-win32-x64\jre\21.0.8-win32-x86_64\bin\jimage.dll
Event: 0.866 Loaded shared library c:\Users\AJ\.vscode\extensions\redhat.java-1.44.0-win32-x64\jre\21.0.8-win32-x86_64\bin\verify.dll

Deoptimization events (20 events):
Event: 2.016 Thread 0x00000205f9270c60 DEOPT PACKING pc=0x00000205800fb884 sp=0x000000a96e3fd100
Event: 2.016 Thread 0x00000205f9270c60 DEOPT UNPACKING pc=0x0000020587584242 sp=0x000000a96e3fc558 mode 0
Event: 2.016 Thread 0x00000205f9270c60 DEOPT PACKING pc=0x00000205800fb884 sp=0x000000a96e3fd180
Event: 2.016 Thread 0x00000205f9270c60 DEOPT UNPACKING pc=0x0000020587584242 sp=0x000000a96e3fc5d8 mode 0
Event: 2.016 Thread 0x00000205f9270c60 DEOPT PACKING pc=0x00000205800fb884 sp=0x000000a96e3fd180
Event: 2.016 Thread 0x00000205f9270c60 DEOPT UNPACKING pc=0x0000020587584242 sp=0x000000a96e3fc5d8 mode 0
Event: 2.016 Thread 0x00000205f9270c60 DEOPT PACKING pc=0x00000205800fb884 sp=0x000000a96e3fd100
Event: 2.016 Thread 0x00000205f9270c60 DEOPT UNPACKING pc=0x0000020587584242 sp=0x000000a96e3fc558 mode 0
Event: 2.016 Thread 0x00000205f9270c60 DEOPT PACKING pc=0x00000205800fb884 sp=0x000000a96e3fd180
Event: 2.016 Thread 0x00000205f9270c60 DEOPT UNPACKING pc=0x0000020587584242 sp=0x000000a96e3fc5d8 mode 0
Event: 2.016 Thread 0x00000205f9270c60 DEOPT PACKING pc=0x00000205800fb884 sp=0x000000a96e3fd180
Event: 2.016 Thread 0x00000205f9270c60 DEOPT UNPACKING pc=0x0000020587584242 sp=0x000000a96e3fc5d8 mode 0
Event: 2.021 Thread 0x00000205f9270c60 DEOPT PACKING pc=0x00000205800fb884 sp=0x000000a96e3fd170
Event: 2.021 Thread 0x00000205f9270c60 DEOPT UNPACKING pc=0x0000020587584242 sp=0x000000a96e3fc5c8 mode 0
Event: 2.021 Thread 0x00000205f9270c60 DEOPT PACKING pc=0x00000205800fb884 sp=0x000000a96e3fd170
Event: 2.021 Thread 0x00000205f9270c60 DEOPT UNPACKING pc=0x0000020587584242 sp=0x000000a96e3fc5c8 mode 0
Event: 2.033 Thread 0x00000205f9270c60 Uncommon trap: trap_request=0xffffff6e fr.pc=0x0000020587b1109c relative=0x00000000000001fc
Event: 2.033 Thread 0x00000205f9270c60 Uncommon trap: reason=loop_limit_check action=maybe_recompile pc=0x0000020587b1109c method=java.math.BigInteger.implMulAdd([I[IIII)I @ 26 c2
Event: 2.033 Thread 0x00000205f9270c60 DEOPT PACKING pc=0x0000020587b1109c sp=0x000000a96e3fd360
Event: 2.033 Thread 0x00000205f9270c60 DEOPT UNPACKING pc=0x0000020587583aa2 sp=0x000000a96e3fd2b0 mode 2

Classes loaded (20 events):
Event: 2.155 Loading class java/net/URISyntaxException
Event: 2.155 Loading class java/net/URISyntaxException done
Event: 2.157 Loading class java/lang/SecurityException
Event: 2.158 Loading class java/lang/SecurityException done
Event: 2.158 Loading class java/security/Policy
Event: 2.158 Loading class java/security/Policy done
Event: 2.166 Loading class java/nio/file/attribute/PosixFilePermissions
Event: 2.167 Loading class java/nio/file/attribute/PosixFilePermissions done
Event: 2.167 Loading class java/nio/file/attribute/PosixFilePermission
Event: 2.167 Loading class java/nio/file/attribute/PosixFilePermission done
Event: 2.170 Loading class java/lang/Thread$ThreadNumbering
Event: 2.256 Loading class java/lang/Thread$ThreadNumbering done
Event: 2.261 Loading class java/net/URL$ThreadTrackHolder
Event: 2.261 Loading class java/net/URL$ThreadTrackHolder done
Event: 2.261 Loading class java/net/URL$2
Event: 2.261 Loading class java/net/URL$2 done
Event: 2.261 Loading class java/net/URL$1
Event: 2.261 Loading class java/net/URL$1 done
Event: 2.261 Loading class java/net/spi/URLStreamHandlerProvider
Event: 2.261 Loading class java/net/spi/URLStreamHandlerProvider done

Classes unloaded (0 events):
No events

Classes redefined (0 events):
No events

Internal exceptions (14 events):
Event: 0.276 Thread 0x00000205f9270c60 Exception <a 'java/lang/NoSuchMethodError'{0x00000000d57aa1c8}: 'void java.lang.invoke.DirectMethodHandle$Holder.invokeStatic(java.lang.Object, java.lang.Object, java.lang.Object)'> (0x00000000d57aa1c8) 
thrown [s\src\hotspot\share\interpreter\linkResolver.cpp, line 773]
Event: 0.512 Thread 0x00000205f9270c60 Exception <a 'java/lang/NoSuchMethodError'{0x00000000d5912208}: 'java.lang.Object java.lang.invoke.Invokers$Holder.invokeExact_MT(java.lang.Object, java.lang.Object, java.lang.Object, java.lang.Object, java.lang.Object)'> (0x00000000d5912208) 
thrown [s\src\hotspot\share\interpreter\linkResolver.cpp, line 773]
Event: 0.705 Thread 0x00000205f9270c60 Exception <a 'java/lang/NoSuchMethodError'{0x00000000d59c9e48}: 'int java.lang.invoke.DirectMethodHandle$Holder.invokeSpecial(java.lang.Object, java.lang.Object, java.lang.Object, int)'> (0x00000000d59c9e48) 
thrown [s\src\hotspot\share\interpreter\linkResolver.cpp, line 773]
Event: 0.710 Thread 0x00000205f9270c60 Exception <a 'java/lang/NoSuchMethodError'{0x00000000d59dc830}: 'java.lang.Object java.lang.invoke.DirectMethodHandle$Holder.invokeStatic(java.lang.Object, java.lang.Object, java.lang.Object, java.lang.Object, int)'> (0x00000000d59dc830) 
thrown [s\src\hotspot\share\interpreter\linkResolver.cpp, line 773]
Event: 0.712 Thread 0x00000205f9270c60 Exception <a 'java/lang/NoSuchMethodError'{0x00000000d59e7c70}: 'void java.lang.invoke.DelegatingMethodHandle$Holder.reinvoke_L(java.lang.Object, java.lang.Object, java.lang.Object, int, java.lang.Object)'> (0x00000000d59e7c70) 
thrown [s\src\hotspot\share\interpreter\linkResolver.cpp, line 773]
Event: 0.717 Thread 0x00000205f9270c60 Exception <a 'java/lang/NoSuchMethodError'{0x00000000d59f85c0}: 'int java.lang.invoke.DirectMethodHandle$Holder.invokeSpecial(java.lang.Object, java.lang.Object, java.lang.Object)'> (0x00000000d59f85c0) 
thrown [s\src\hotspot\share\interpreter\linkResolver.cpp, line 773]
Event: 0.722 Thread 0x00000205f9270c60 Exception <a 'java/lang/NoSuchMethodError'{0x00000000d5a04280}: 'java.lang.Object java.lang.invoke.DirectMethodHandle$Holder.invokeStatic(java.lang.Object, java.lang.Object, int)'> (0x00000000d5a04280) 
thrown [s\src\hotspot\share\interpreter\linkResolver.cpp, line 773]
Event: 0.723 Thread 0x00000205f9270c60 Exception <a 'java/lang/NoSuchMethodError'{0x00000000d5a08bd0}: 'void java.lang.invoke.DirectMethodHandle$Holder.invokeStatic(java.lang.Object, java.lang.Object, int, java.lang.Object)'> (0x00000000d5a08bd0) 
thrown [s\src\hotspot\share\interpreter\linkResolver.cpp, line 773]
Event: 0.725 Thread 0x00000205f9270c60 Exception <a 'java/lang/NoSuchMethodError'{0x00000000d5a0c760}: 'void java.lang.invoke.DirectMethodHandle$Holder.invokeSpecial(java.lang.Object, java.lang.Object, java.lang.Object, int, java.lang.Object)'> (0x00000000d5a0c760) 
thrown [s\src\hotspot\share\interpreter\linkResolver.cpp, line 773]
Event: 0.725 Thread 0x00000205f9270c60 Exception <a 'java/lang/NoSuchMethodError'{0x00000000d5a0fbd0}: 'void java.lang.invoke.DelegatingMethodHandle$Holder.delegate(java.lang.Object, java.lang.Object, int, java.lang.Object)'> (0x00000000d5a0fbd0) 
thrown [s\src\hotspot\share\interpreter\linkResolver.cpp, line 773]
Event: 0.973 Thread 0x00000205f9270c60 Exception <a 'java/lang/NoSuchMethodError'{0x00000000d5bce910}: 'void java.lang.invoke.DelegatingMethodHandle$Holder.reinvoke_L(java.lang.Object, java.lang.Object, java.lang.Object, int)'> (0x00000000d5bce910) 
thrown [s\src\hotspot\share\interpreter\linkResolver.cpp, line 773]
Event: 1.660 Thread 0x00000205f9270c60 Exception <a 'java/lang/NoSuchMethodError'{0x00000000d605a260}: 'void java.lang.invoke.DirectMethodHandle$Holder.invokeVirtual(java.lang.Object, java.lang.Object)'> (0x00000000d605a260) 
thrown [s\src\hotspot\share\interpreter\linkResolver.cpp, line 773]
Event: 2.258 Thread 0x00000205f9270c60 Exception <a 'java/lang/NoSuchMethodError'{0x00000000d6433900}: 'void java.lang.invoke.DirectMethodHandle$Holder.invokeStatic(java.lang.Object, java.lang.Object)'> (0x00000000d6433900) 
thrown [s\src\hotspot\share\interpreter\linkResolver.cpp, line 773]
Event: 2.265 Thread 0x00000205f9270c60 Exception <a 'java/lang/ClassNotFoundException'{0x00000000d645bd50}: sun/net/www/protocol/c/Handler> (0x00000000d645bd50) 
thrown [s\src\hotspot\share\classfile\systemDictionary.cpp, line 312]

ZGC Phase Switch (0 events):
No events

VM Operations (8 events):
Event: 0.626 Executing VM operation: HandshakeAllThreads (Deoptimize)
Event: 0.626 Executing VM operation: HandshakeAllThreads (Deoptimize) done
Event: 1.618 Executing VM operation: Cleanup
Event: 1.635 Executing VM operation: Cleanup done
Event: 2.050 Executing VM operation: HandshakeAllThreads (Deoptimize)
Event: 2.050 Executing VM operation: HandshakeAllThreads (Deoptimize) done
Event: 2.157 Executing VM operation: HandshakeAllThreads (Deoptimize)
Event: 2.157 Executing VM operation: HandshakeAllThreads (Deoptimize) done

Memory protections (0 events):
No events

Nmethod flushes (0 events):
No events

Events (14 events):
Event: 0.078 Thread 0x00000205f9270c60 Thread added: 0x00000205f9270c60
Event: 0.120 Thread 0x00000205f9270c60 Thread added: 0x00000205fcc48c50
Event: 0.120 Thread 0x00000205f9270c60 Thread added: 0x00000205fcc4cb70
Event: 0.120 Thread 0x00000205f9270c60 Thread added: 0x00000205fcc50a10
Event: 0.121 Thread 0x00000205f9270c60 Thread added: 0x00000205fcc51720
Event: 0.121 Thread 0x00000205f9270c60 Thread added: 0x00000205fcc532e0
Event: 0.121 Thread 0x00000205f9270c60 Thread added: 0x00000205fcc53d30
Event: 0.121 Thread 0x00000205f9270c60 Thread added: 0x00000205fcc54b60
Event: 0.155 Thread 0x00000205f9270c60 Thread added: 0x00000205fccc5e80
Event: 0.259 Thread 0x00000205f9270c60 Thread added: 0x00000205f92e17a0
Event: 0.815 Thread 0x00000205fccc5e80 Thread added: 0x00000205fdb21820
Event: 1.187 Thread 0x00000205fdb21820 Thread exited: 0x00000205fdb21820
Event: 1.295 Thread 0x00000205f9270c60 Thread added: 0x00000205fdb38bf0
Event: 1.777 Thread 0x00000205fccc5e80 Thread added: 0x00000205fdb788a0


Dynamic libraries:
0x00007ff7ce110000 - 0x00007ff7ce11e000 	c:\Users\AJ\.vscode\extensions\redhat.java-1.44.0-win32-x64\jre\21.0.8-win32-x86_64\bin\java.exe
0x00007ffc99050000 - 0x00007ffc99248000 	C:\WINDOWS\SYSTEM32\ntdll.dll
0x00007ffc989e0000 - 0x00007ffc98aa2000 	C:\WINDOWS\System32\KERNEL32.DLL
0x00007ffc96a60000 - 0x00007ffc96d56000 	C:\WINDOWS\System32\KERNELBASE.dll
0x00007ffc96f40000 - 0x00007ffc97040000 	C:\WINDOWS\System32\ucrtbase.dll
0x00007ffc94e50000 - 0x00007ffc94e68000 	c:\Users\AJ\.vscode\extensions\redhat.java-1.44.0-win32-x64\jre\21.0.8-win32-x86_64\bin\jli.dll
0x00007ffc97f80000 - 0x00007ffc9811d000 	C:\WINDOWS\System32\USER32.dll
0x00007ffc969e0000 - 0x00007ffc96a02000 	C:\WINDOWS\System32\win32u.dll
0x00007ffc98950000 - 0x00007ffc9897b000 	C:\WINDOWS\System32\GDI32.dll
0x00007ffc96790000 - 0x00007ffc968a9000 	C:\WINDOWS\System32\gdi32full.dll
0x00007ffc968b0000 - 0x00007ffc9694d000 	C:\WINDOWS\System32\msvcp_win.dll
0x00007ffc91bc0000 - 0x00007ffc91bde000 	c:\Users\AJ\.vscode\extensions\redhat.java-1.44.0-win32-x64\jre\21.0.8-win32-x86_64\bin\VCRUNTIME140.dll
0x00007ffc85950000 - 0x00007ffc85bea000 	C:\WINDOWS\WinSxS\amd64_microsoft.windows.common-controls_6595b64144ccf1df_6.0.19041.5915_none_60b4b9d171f9c7c7\COMCTL32.dll
0x00007ffc97540000 - 0x00007ffc975de000 	C:\WINDOWS\System32\msvcrt.dll
0x00007ffc98640000 - 0x00007ffc9866f000 	C:\WINDOWS\System32\IMM32.DLL
0x00007ffc94ea0000 - 0x00007ffc94eac000 	c:\Users\AJ\.vscode\extensions\redhat.java-1.44.0-win32-x64\jre\21.0.8-win32-x86_64\bin\vcruntime140_1.dll
0x00007ffc8ed10000 - 0x00007ffc8ed9d000 	c:\Users\AJ\.vscode\extensions\redhat.java-1.44.0-win32-x64\jre\21.0.8-win32-x86_64\bin\msvcp140.dll
0x00007ffbf8830000 - 0x00007ffbf95c7000 	c:\Users\AJ\.vscode\extensions\redhat.java-1.44.0-win32-x64\jre\21.0.8-win32-x86_64\bin\server\jvm.dll
0x00007ffc98760000 - 0x00007ffc98811000 	C:\WINDOWS\System32\ADVAPI32.dll
0x00007ffc98530000 - 0x00007ffc985cf000 	C:\WINDOWS\System32\sechost.dll
0x00007ffc98820000 - 0x00007ffc98943000 	C:\WINDOWS\System32\RPCRT4.dll
0x00007ffc97040000 - 0x00007ffc97067000 	C:\WINDOWS\System32\bcrypt.dll
0x00007ffc985d0000 - 0x00007ffc9863b000 	C:\WINDOWS\System32\WS2_32.dll
0x00007ffc95c20000 - 0x00007ffc95c6b000 	C:\WINDOWS\SYSTEM32\POWRPROF.dll
0x00007ffc86470000 - 0x00007ffc86497000 	C:\WINDOWS\SYSTEM32\WINMM.dll
0x00007ffc94e00000 - 0x00007ffc94e0a000 	C:\WINDOWS\SYSTEM32\VERSION.dll
0x00007ffc95ae0000 - 0x00007ffc95af2000 	C:\WINDOWS\SYSTEM32\UMPDC.dll
0x00007ffc94f50000 - 0x00007ffc94f62000 	C:\WINDOWS\SYSTEM32\kernel.appcore.dll
0x00007ffc94ed0000 - 0x00007ffc94eda000 	c:\Users\AJ\.vscode\extensions\redhat.java-1.44.0-win32-x64\jre\21.0.8-win32-x86_64\bin\jimage.dll
0x00007ffc864c0000 - 0x00007ffc866c1000 	C:\WINDOWS\SYSTEM32\DBGHELP.DLL
0x00007ffc809a0000 - 0x00007ffc809d4000 	C:\WINDOWS\SYSTEM32\dbgcore.DLL
0x00007ffc96950000 - 0x00007ffc969d2000 	C:\WINDOWS\System32\bcryptPrimitives.dll
0x00007ffc94ef0000 - 0x00007ffc94eff000 	c:\Users\AJ\.vscode\extensions\redhat.java-1.44.0-win32-x64\jre\21.0.8-win32-x86_64\bin\instrument.dll
0x00007ffc8ecb0000 - 0x00007ffc8eccf000 	c:\Users\AJ\.vscode\extensions\redhat.java-1.44.0-win32-x64\jre\21.0.8-win32-x86_64\bin\java.dll
0x00007ffc977e0000 - 0x00007ffc97f4e000 	C:\WINDOWS\System32\SHELL32.dll
0x00007ffc94530000 - 0x00007ffc94cd4000 	C:\WINDOWS\SYSTEM32\windows.storage.dll
0x00007ffc981d0000 - 0x00007ffc98523000 	C:\WINDOWS\System32\combase.dll
0x00007ffc96110000 - 0x00007ffc9613b000 	C:\WINDOWS\SYSTEM32\Wldp.dll
0x00007ffc975e0000 - 0x00007ffc976ad000 	C:\WINDOWS\System32\OLEAUT32.dll
0x00007ffc98120000 - 0x00007ffc981cd000 	C:\WINDOWS\System32\SHCORE.dll
0x00007ffc98980000 - 0x00007ffc989db000 	C:\WINDOWS\System32\shlwapi.dll
0x00007ffc96610000 - 0x00007ffc96634000 	C:\WINDOWS\SYSTEM32\profapi.dll
0x00007ffc8e510000 - 0x00007ffc8e528000 	c:\Users\AJ\.vscode\extensions\redhat.java-1.44.0-win32-x64\jre\21.0.8-win32-x86_64\bin\zip.dll
0x00007ffc94e20000 - 0x00007ffc94e30000 	C:\Users\AJ\.vscode\extensions\redhat.java-1.44.0-win32-x64\jre\21.0.8-win32-x86_64\bin\net.dll
0x00007ffc8fda0000 - 0x00007ffc8feaa000 	C:\WINDOWS\SYSTEM32\WINHTTP.dll
0x00007ffc95e70000 - 0x00007ffc95eda000 	C:\WINDOWS\system32\mswsock.dll
0x00007ffc8e450000 - 0x00007ffc8e466000 	C:\Users\AJ\.vscode\extensions\redhat.java-1.44.0-win32-x64\jre\21.0.8-win32-x86_64\bin\nio.dll
0x00007ffc943f0000 - 0x00007ffc94400000 	c:\Users\AJ\.vscode\extensions\redhat.java-1.44.0-win32-x64\jre\21.0.8-win32-x86_64\bin\verify.dll

JVMTI agents:
c:\Users\AJ\.vscode\extensions\redhat.java-1.44.0-win32-x64\lombok\lombok-1.18.39-4050.jar path:c:\Users\AJ\.vscode\extensions\redhat.java-1.44.0-win32-x64\jre\21.0.8-win32-x86_64\bin\instrument.dll, loaded, initialized, instrumentlib options:none

dbghelp: loaded successfully - version: 4.0.5 - missing functions: none
symbol engine: initialized successfully - sym options: 0x614 - pdb path: .;c:\Users\AJ\.vscode\extensions\redhat.java-1.44.0-win32-x64\jre\21.0.8-win32-x86_64\bin;C:\WINDOWS\SYSTEM32;C:\WINDOWS\WinSxS\amd64_microsoft.windows.common-controls_6595b64144ccf1df_6.0.19041.5915_none_60b4b9d171f9c7c7;c:\Users\AJ\.vscode\extensions\redhat.java-1.44.0-win32-x64\jre\21.0.8-win32-x86_64\bin\server

VM Arguments:
jvm_args: --add-modules=ALL-SYSTEM --add-opens=java.base/java.util=ALL-UNNAMED --add-opens=java.base/java.lang=ALL-UNNAMED --add-opens=java.base/sun.nio.fs=ALL-UNNAMED -Declipse.application=org.eclipse.jdt.ls.core.id1 -Dosgi.bundles.defaultStartLevel=4 -Declipse.product=org.eclipse.jdt.ls.core.product -Djava.import.generatesMetadataFilesAtProjectRoot=false -DDetectVMInstallationsJob.disabled=true -Dfile.encoding=utf8 -XX:+UseParallelGC -XX:GCTimeRatio=4 -XX:AdaptiveSizePolicyWeight=90 -Dsun.zip.disableMemoryMapping=true -Xmx2G -Xms100m -Xlog:disable -javaagent:c:\Users\AJ\.vscode\extensions\redhat.java-1.44.0-win32-x64\lombok\lombok-1.18.39-4050.jar 
java_command: c:\Users\AJ\.vscode\extensions\redhat.java-1.44.0-win32-x64\server\plugins\org.eclipse.equinox.launcher_1.7.0.v20250519-0528.jar -configuration c:\Users\AJ\AppData\Roaming\Code\User\globalStorage\redhat.java\1.44.0\config_ss_win -data c:\Users\AJ\AppData\Roaming\Code\User\workspaceStorage\42d3df7c00ac9b0f7d13d418ec405ff2\redhat.java\ss_ws --pipe=\\.\pipe\lsp-10ac88d9988412cac2f4fe9c8301cbb5-sock
java_class_path (initial): c:\Users\AJ\.vscode\extensions\redhat.java-1.44.0-win32-x64\server\plugins\org.eclipse.equinox.launcher_1.7.0.v20250519-0528.jar
Launcher Type: SUN_STANDARD

[Global flags]
    uintx AdaptiveSizePolicyWeight                 = 90                                        {product} {command line}
     intx CICompilerCount                          = 3                                         {product} {ergonomic}
    uintx GCTimeRatio                              = 4                                         {product} {command line}
   size_t InitialHeapSize                          = 104857600                                 {product} {command line}
   size_t MaxHeapSize                              = 2147483648                                {product} {command line}
   size_t MaxNewSize                               = 715653120                                 {product} {ergonomic}
   size_t MinHeapDeltaBytes                        = 524288                                    {product} {ergonomic}
   size_t MinHeapSize                              = 104857600                                 {product} {command line}
   size_t NewSize                                  = 34603008                                  {product} {ergonomic}
    uintx NonNMethodCodeHeapSize                   = 5832780                                {pd product} {ergonomic}
    uintx NonProfiledCodeHeapSize                  = 122912730                              {pd product} {ergonomic}
   size_t OldSize                                  = 70254592                                  {product} {ergonomic}
    uintx ProfiledCodeHeapSize                     = 122912730                              {pd product} {ergonomic}
    uintx ReservedCodeCacheSize                    = 251658240                              {pd product} {ergonomic}
     bool SegmentedCodeCache                       = true                                      {product} {ergonomic}
   size_t SoftMaxHeapSize                          = 2147483648                             {manageable} {ergonomic}
     bool UseCompressedOops                        = true                           {product lp64_product} {ergonomic}
     bool UseLargePagesIndividualAllocation        = false                                  {pd product} {ergonomic}
     bool UseParallelGC                            = true                                      {product} {command line}

Logging:
Log output configuration:
 #0: stdout all=off uptime,level,tags foldmultilines=false
 #1: stderr all=off uptime,level,tags foldmultilines=false

Environment Variables:
JAVA_HOME=C:\Program Files\OpenJDK\jdk-22.0.2
PATH=C:\Program Files\Common Files\Oracle\Java\javapath;C:\Program Files (x86)\OpenLogic\jre-8.0.382.05-hotspot\bin;C:\Program Files\Microsoft\jdk-11.0.18.10-hotspot\bin;C:\ProgramData\chocolatey\bin;C:\Users\AJ\AppData\Local\Android\Sdk\platform-tools;C:\WINDOWS\system32;C:\WINDOWS;C:\WINDOWS\System32\Wbem;C:\WINDOWS\System32\WindowsPowerShell\v1.0\;C:\WINDOWS\System32\OpenSSH\;C:\Users\AJ\AppData\Local\Programs\Python\Python312\;C:\Users\AJ\AppData\Local\Programs\Python\Python312\Scripts\;C:\Program Files\Git\cmd;C:\Program Files\Git\bin;C:\Program Files (x86)\Microsoft SQL Server\160\Tools\Binn\;C:\Program Files\Microsoft SQL Server\160\Tools\Binn\;C:\Program Files\Microsoft SQL Server\Client SDK\ODBC\170\Tools\Binn\;C:\Program Files\Microsoft SQL Server\160\DTS\Binn\;C:\Program Files\nodejs\;C:\Program Files (x86)\Microsoft SQL Server\160\DTS\Binn\;C:\Program Files\OpenJDK\jdk-22.0.2\bin;C:\Program Files (x86)\dotnet\;C:\Users\AJ\AppData\Local\Programs\Python\Python313\Scripts\;C:\Users\AJ\AppData\Local\Programs\Python\Python313\;C:\Users\AJ\AppData\Local\Programs\Python\Launcher\;C:\Users\AJ\AppData\Local\Microsoft\WindowsApps;C:\Users\AJ\AppData\Local\Programs\Microsoft VS Code\bin;C:\Users\AJ\AppData\Local\JetBrains\IntelliJ IDEA 2024.1.3\bin;C:\Users\AJ\AppData\Roaming\npm;C:\Users\AJ\AppData\Local\Programs\cursor\resources\app\bin
USERNAME=AJ
OS=Windows_NT
PROCESSOR_IDENTIFIER=Intel64 Family 6 Model 69 Stepping 1, GenuineIntel
TMP=C:\Users\AJ\AppData\Local\Temp
TEMP=C:\Users\AJ\AppData\Local\Temp




Periodic native trim disabled

---------------  S Y S T E M  ---------------

OS:
 Windows 10 , 64 bit Build 19041 (10.0.19041.5915)
OS uptime: 0 days 1:26 hours

CPU: total 4 (initial active 4) (2 cores per cpu, 2 threads per core) family 6 model 69 stepping 1 microcode 0x25, cx8, cmov, fxsr, ht, mmx, sse, sse2, sse3, ssse3, sse4.1, sse4.2, popcnt, lzcnt, tsc, tscinvbit, avx, avx2, aes, erms, clmul, bmi1, bmi2, fma, vzeroupper, clflush, rdtscp, f16c
Processor Information for the first 4 processors :
  Max Mhz: 2494, Current Mhz: 1895, Mhz Limit: 1895

Memory: 4k page, system-wide physical 7878M (509M free)
TotalPageFile size 10851M (AvailPageFile size 5M)
current process WorkingSet (physical memory assigned to process): 62M, peak: 62M
current process commit charge ("private bytes"): 220M, peak: 221M

vm_info: OpenJDK 64-Bit Server VM (21.0.8+9-LTS) for windows-amd64 JRE (21.0.8+9-LTS), built on 2025-07-15T00:00:00Z by "admin" with MS VC++ 17.7 (VS2022)

END.
