#
# There is insufficient memory for the Java Runtime Environment to continue.
# Native memory allocation (malloc) failed to allocate 1481232 bytes. Error detail: Chunk::new
# Possible reasons:
#   The system is out of physical RAM or swap space
#   This process is running with CompressedOops enabled, and the Java Heap may be blocking the growth of the native heap
# Possible solutions:
#   Reduce memory load on the system
#   Increase physical memory or swap space
#   Check if swap backing store is full
#   Decrease Java heap size (-Xmx/-Xms)
#   Decrease number of Java threads
#   Decrease Java thread stack sizes (-Xss)
#   Set larger code cache with -XX:ReservedCodeCacheSize=
#   JVM is running with Unscaled Compressed Oops mode in which the Java heap is
#     placed in the first 4GB address space. The Java Heap base address is the
#     maximum limit for the native heap growth. Please use -XX:HeapBaseMinAddress
#     to set the Java Heap base and to place the Java Heap above 4GB virtual address.
# This output file may be truncated or incomplete.
#
#  Out of Memory Error (arena.cpp:150), pid=14952, tid=8100
#
# JRE version: OpenJDK Runtime Environment (22.0.2+9) (build 22.0.2+9-70)
# Java VM: OpenJDK 64-Bit Server VM (22.0.2+9-70, mixed mode, sharing, tiered, compressed oops, compressed class ptrs, g1 gc, windows-amd64)
# No core dump will be written. Minidumps are not enabled by default on client versions of Windows
#

---------------  S U M M A R Y ------------

Command Line: -DkotlinLanguageServer.version=1.3.13 org.javacs.kt.MainKt

Host: Intel(R) Core(TM) i5-4300U CPU @ 1.90GHz, 4 cores, 7G,  Windows 10 , 64 bit Build 19041 (10.0.19041.5915)
Time: Wed Jul 30 14:37:18 2025 Pakistan Standard Time elapsed time: 282.198177 seconds (0d 0h 4m 42s)

---------------  T H R E A D  ---------------

Current thread (0x00000133457e4140):  JavaThread "C2 CompilerThread1" daemon [_thread_in_native, id=8100, stack(0x0000002104e00000,0x0000002104f00000) (1024K)]


Current CompileTask:
C2:282198 7846       4       org.jetbrains.org.objectweb.asm.ClassReader::readMethod (1055 bytes)

Stack: [0x0000002104e00000,0x0000002104f00000]
Native frames: (J=compiled Java code, j=interpreted, Vv=VM code, C=native code)
V  [jvm.dll+0x6e26e9]  (no source info available)
V  [jvm.dll+0x875753]  (no source info available)
V  [jvm.dll+0x877b7e]  (no source info available)
V  [jvm.dll+0x878253]  (no source info available)
V  [jvm.dll+0x27fc86]  (no source info available)
V  [jvm.dll+0xc3d0f]  (no source info available)
V  [jvm.dll+0xc3f6b]  (no source info available)
V  [jvm.dll+0x3bb47c]  (no source info available)
V  [jvm.dll+0x1df6ae]  (no source info available)
V  [jvm.dll+0x24793c]  (no source info available)
V  [jvm.dll+0x246e9f]  (no source info available)
V  [jvm.dll+0x1c4e80]  (no source info available)
V  [jvm.dll+0x2568f3]  (no source info available)
V  [jvm.dll+0x254baa]  (no source info available)
V  [jvm.dll+0x3f57a6]  (no source info available)
V  [jvm.dll+0x81dc0b]  (no source info available)
V  [jvm.dll+0x6e0d85]  (no source info available)
C  [ucrtbase.dll+0x21bb2]  (no source info available)
C  [KERNEL32.DLL+0x17374]  (no source info available)
C  [ntdll.dll+0x4cc91]  (no source info available)


---------------  P R O C E S S  ---------------

Threads class SMR info:
_java_thread_list=0x0000013351264030, length=19, elements={
0x0000013378f75710, 0x0000013378f76a40, 0x0000013378f7e700, 0x0000013378f7f570,
0x0000013378f80770, 0x0000013378f811d0, 0x0000013378f83330, 0x0000013378f8aeb0,
0x0000013345223850, 0x000001334522c710, 0x0000013346850280, 0x000001335d0e56f0,
0x0000013346858d80, 0x0000013346cd0060, 0x0000013346cd1aa0, 0x0000013346cd06f0,
0x00000133512a7a80, 0x00000133512a66d0, 0x00000133457e4140
}

Java Threads: ( => current thread )
  0x0000013378f75710 JavaThread "Reference Handler"          daemon [_thread_blocked, id=14840, stack(0x0000002103d00000,0x0000002103e00000) (1024K)]
  0x0000013378f76a40 JavaThread "Finalizer"                  daemon [_thread_blocked, id=15664, stack(0x0000002103e00000,0x0000002103f00000) (1024K)]
  0x0000013378f7e700 JavaThread "Signal Dispatcher"          daemon [_thread_blocked, id=13976, stack(0x0000002103f00000,0x0000002104000000) (1024K)]
  0x0000013378f7f570 JavaThread "Attach Listener"            daemon [_thread_blocked, id=16856, stack(0x0000002104000000,0x0000002104100000) (1024K)]
  0x0000013378f80770 JavaThread "Service Thread"             daemon [_thread_blocked, id=13248, stack(0x0000002104100000,0x0000002104200000) (1024K)]
  0x0000013378f811d0 JavaThread "Monitor Deflation Thread"   daemon [_thread_blocked, id=2956, stack(0x0000002104200000,0x0000002104300000) (1024K)]
  0x0000013378f83330 JavaThread "C2 CompilerThread0"         daemon [_thread_in_native, id=13688, stack(0x0000002104300000,0x0000002104400000) (1024K)]
  0x0000013378f8aeb0 JavaThread "C1 CompilerThread0"         daemon [_thread_blocked, id=15032, stack(0x0000002104400000,0x0000002104500000) (1024K)]
  0x0000013345223850 JavaThread "Notification Thread"        daemon [_thread_blocked, id=8464, stack(0x0000002104500000,0x0000002104600000) (1024K)]
  0x000001334522c710 JavaThread "Common-Cleaner"             daemon [_thread_blocked, id=11696, stack(0x0000002104600000,0x0000002104700000) (1024K)]
  0x0000013346850280 JavaThread "client"                            [_thread_in_native, id=8244, stack(0x0000002104b00000,0x0000002104c00000) (1024K)]
  0x000001335d0e56f0 JavaThread "DestroyJavaVM"                     [_thread_blocked, id=11836, stack(0x0000002103500000,0x0000002103600000) (1024K)]
  0x0000013346858d80 JavaThread "async0"                            [_thread_blocked, id=3472, stack(0x0000002104c00000,0x0000002104d00000) (1024K)]
  0x0000013346cd0060 JavaThread "async1"                            [_thread_blocked, id=15316, stack(0x0000002103300000,0x0000002103400000) (1024K)]
  0x0000013346cd1aa0 JavaThread "debounce0"                         [_thread_blocked, id=1844, stack(0x0000002103200000,0x0000002103300000) (1024K)]
  0x0000013346cd06f0 JavaThread "async2"                            [_thread_blocked, id=11776, stack(0x0000002103400000,0x0000002103500000) (1024K)]
  0x00000133512a7a80 JavaThread "async3"                            [_thread_blocked, id=7324, stack(0x0000002104700000,0x0000002104800000) (1024K)]
  0x00000133512a66d0 JavaThread "ForkJoinPool.commonPool-worker-1" daemon [_thread_in_Java, id=17324, stack(0x0000002104d00000,0x0000002104e00000) (1024K)]
=>0x00000133457e4140 JavaThread "C2 CompilerThread1"         daemon [_thread_in_native, id=8100, stack(0x0000002104e00000,0x0000002104f00000) (1024K)]
Total: 19

Other Threads:
  0x0000013378f5bbf0 VMThread "VM Thread"                           [id=13800, stack(0x0000002103c00000,0x0000002103d00000) (1024K)]
  0x0000013378f3fec0 WatcherThread "VM Periodic Task Thread"        [id=11768, stack(0x0000002103b00000,0x0000002103c00000) (1024K)]
  0x000001335d135900 WorkerThread "GC Thread#0"                     [id=13224, stack(0x0000002103600000,0x0000002103700000) (1024K)]
  0x00000133455f7960 WorkerThread "GC Thread#1"                     [id=11920, stack(0x0000002104800000,0x0000002104900000) (1024K)]
  0x0000013345618da0 WorkerThread "GC Thread#2"                     [id=6292, stack(0x0000002104900000,0x0000002104a00000) (1024K)]
  0x0000013345c3d560 WorkerThread "GC Thread#3"                     [id=17096, stack(0x0000002104a00000,0x0000002104b00000) (1024K)]
  0x000001335d145f30 ConcurrentGCThread "G1 Main Marker"            [id=2388, stack(0x0000002103700000,0x0000002103800000) (1024K)]
  0x000001335d146bf0 WorkerThread "G1 Conc#0"                       [id=4832, stack(0x0000002103800000,0x0000002103900000) (1024K)]
  0x0000013378e134e0 ConcurrentGCThread "G1 Refine#0"               [id=9456, stack(0x0000002103900000,0x0000002103a00000) (1024K)]
  0x000001335d19c800 ConcurrentGCThread "G1 Service"                [id=4216, stack(0x0000002103a00000,0x0000002103b00000) (1024K)]
Total: 10

Threads with active compile tasks:
C2 CompilerThread0  282943 7878       4       org.jetbrains.kotlin.cli.jvm.compiler.CliVirtualFileFinder::findBinaryOrSigClass$lambda$6 (68 bytes)
C2 CompilerThread1  282943 7846       4       org.jetbrains.org.objectweb.asm.ClassReader::readMethod (1055 bytes)
Total: 2

VM state: not at safepoint (normal execution)

VM Mutex/Monitor currently owned by a thread: None

Heap address: 0x0000000084e00000, size: 1970 MB, Compressed Oops mode: 32-bit

CDS archive(s) mapped at: [0x0000013300000000-0x0000013300c60000-0x0000013300c60000), size 12976128, SharedBaseAddress: 0x0000013300000000, ArchiveRelocationMode: 1.
Compressed class space mapped at: 0x0000013301000000-0x0000013341000000, reserved size: 1073741824
Narrow klass base: 0x0000013300000000, Narrow klass shift: 0, Narrow klass range: 0x41000000

GC Precious Log:
 CardTable entry size: 512
 Card Set container configuration: InlinePtr #cards 5 size 8 Array Of Cards #cards 12 size 40 Howl #buckets 4 coarsen threshold 1843 Howl Bitmap #cards 512 size 80 coarsen threshold 460 Card regions per heap region 1 cards per card region 2048
 CPUs: 4 total, 4 available
 Memory: 7878M
 Large Page Support: Disabled
 NUMA Support: Disabled
 Compressed Oops: Enabled (32-bit)
 Heap Region Size: 1M
 Heap Min Capacity: 8M
 Heap Initial Capacity: 124M
 Heap Max Capacity: 1970M
 Pre-touch: Disabled
 Parallel Workers: 4
 Concurrent Workers: 1
 Concurrent Refinement Workers: 4
 Periodic GC: Disabled

Heap:
 garbage-first heap   total reserved 2017280K, committed 91136K, used 78435K [0x0000000084e00000, 0x0000000100000000)
  region size 1024K, 21 young (21504K), 4 survivors (4096K)
 Metaspace       used 63781K, committed 64768K, reserved 1114112K
  class space    used 7770K, committed 8256K, reserved 1048576K

Heap Regions: E=young(eden), S=young(survivor), O=old, HS=humongous(starts), HC=humongous(continues), CS=collection set, F=free, TAMS=top-at-mark-start, PB=parsable bottom
|   0|0x0000000084e00000, 0x0000000084f00000, 0x0000000084f00000|100%|HS|  |TAMS 0x0000000084e00000| PB 0x0000000084e00000| Complete |  0
|   1|0x0000000084f00000, 0x0000000085000000, 0x0000000085000000|100%|HC|  |TAMS 0x0000000084f00000| PB 0x0000000084f00000| Complete |  0
|   2|0x0000000085000000, 0x0000000085100000, 0x0000000085100000|100%|HC|  |TAMS 0x0000000085000000| PB 0x0000000085000000| Complete |  0
|   3|0x0000000085100000, 0x0000000085200000, 0x0000000085200000|100%|HC|  |TAMS 0x0000000085100000| PB 0x0000000085100000| Complete |  0
|   4|0x0000000085200000, 0x0000000085300000, 0x0000000085300000|100%| O|  |TAMS 0x0000000085200000| PB 0x0000000085200000| Untracked |  0
|   5|0x0000000085300000, 0x0000000085400000, 0x0000000085400000|100%| O|  |TAMS 0x0000000085300000| PB 0x0000000085300000| Untracked |  0
|   6|0x0000000085400000, 0x0000000085500000, 0x0000000085500000|100%| O|  |TAMS 0x0000000085400000| PB 0x0000000085400000| Untracked |  0
|   7|0x0000000085500000, 0x0000000085600000, 0x0000000085600000|100%| O|  |TAMS 0x0000000085500000| PB 0x0000000085500000| Untracked |  0
|   8|0x0000000085600000, 0x0000000085700000, 0x0000000085700000|100%| O|  |TAMS 0x0000000085600000| PB 0x0000000085600000| Untracked |  0
|   9|0x0000000085700000, 0x0000000085800000, 0x0000000085800000|100%| O|  |TAMS 0x0000000085700000| PB 0x0000000085700000| Untracked |  0
|  10|0x0000000085800000, 0x0000000085900000, 0x0000000085900000|100%| O|  |TAMS 0x0000000085800000| PB 0x0000000085800000| Untracked |  0
|  11|0x0000000085900000, 0x0000000085a00000, 0x0000000085a00000|100%| O|  |TAMS 0x0000000085900000| PB 0x0000000085900000| Untracked |  0
|  12|0x0000000085a00000, 0x0000000085b00000, 0x0000000085b00000|100%| O|  |TAMS 0x0000000085a00000| PB 0x0000000085a00000| Untracked |  0
|  13|0x0000000085b00000, 0x0000000085c00000, 0x0000000085c00000|100%| O|  |TAMS 0x0000000085b00000| PB 0x0000000085b00000| Untracked |  0
|  14|0x0000000085c00000, 0x0000000085d00000, 0x0000000085d00000|100%| O|  |TAMS 0x0000000085c00000| PB 0x0000000085c00000| Untracked |  0
|  15|0x0000000085d00000, 0x0000000085e00000, 0x0000000085e00000|100%| O|  |TAMS 0x0000000085d00000| PB 0x0000000085d00000| Untracked |  0
|  16|0x0000000085e00000, 0x0000000085f00000, 0x0000000085f00000|100%| O|  |TAMS 0x0000000085e00000| PB 0x0000000085e00000| Untracked |  0
|  17|0x0000000085f00000, 0x0000000086000000, 0x0000000086000000|100%| O|  |TAMS 0x0000000085f00000| PB 0x0000000085f00000| Untracked |  0
|  18|0x0000000086000000, 0x0000000086100000, 0x0000000086100000|100%| O|  |TAMS 0x0000000086000000| PB 0x0000000086000000| Untracked |  0
|  19|0x0000000086100000, 0x0000000086200000, 0x0000000086200000|100%| O|  |TAMS 0x0000000086100000| PB 0x0000000086100000| Untracked |  0
|  20|0x0000000086200000, 0x0000000086300000, 0x0000000086300000|100%| O|  |TAMS 0x0000000086200000| PB 0x0000000086200000| Untracked |  0
|  21|0x0000000086300000, 0x0000000086400000, 0x0000000086400000|100%| O|  |TAMS 0x0000000086300000| PB 0x0000000086300000| Untracked |  0
|  22|0x0000000086400000, 0x0000000086500000, 0x0000000086500000|100%| O|  |TAMS 0x0000000086400000| PB 0x0000000086400000| Untracked |  0
|  23|0x0000000086500000, 0x0000000086600000, 0x0000000086600000|100%| O|  |TAMS 0x0000000086500000| PB 0x0000000086500000| Untracked |  0
|  24|0x0000000086600000, 0x0000000086700000, 0x0000000086700000|100%| O|  |TAMS 0x0000000086600000| PB 0x0000000086600000| Untracked |  0
|  25|0x0000000086700000, 0x0000000086800000, 0x0000000086800000|100%| O|  |TAMS 0x0000000086700000| PB 0x0000000086700000| Untracked |  0
|  26|0x0000000086800000, 0x0000000086900000, 0x0000000086900000|100%| O|  |TAMS 0x0000000086800000| PB 0x0000000086800000| Untracked |  0
|  27|0x0000000086900000, 0x0000000086a00000, 0x0000000086a00000|100%| O|  |TAMS 0x0000000086900000| PB 0x0000000086900000| Untracked |  0
|  28|0x0000000086a00000, 0x0000000086b00000, 0x0000000086b00000|100%| O|  |TAMS 0x0000000086a00000| PB 0x0000000086a00000| Untracked |  0
|  29|0x0000000086b00000, 0x0000000086c00000, 0x0000000086c00000|100%| O|  |TAMS 0x0000000086b00000| PB 0x0000000086b00000| Untracked |  0
|  30|0x0000000086c00000, 0x0000000086d00000, 0x0000000086d00000|100%| O|  |TAMS 0x0000000086c00000| PB 0x0000000086c00000| Untracked |  0
|  31|0x0000000086d00000, 0x0000000086e00000, 0x0000000086e00000|100%| O|  |TAMS 0x0000000086d00000| PB 0x0000000086d00000| Untracked |  0
|  32|0x0000000086e00000, 0x0000000086f00000, 0x0000000086f00000|100%| O|  |TAMS 0x0000000086e00000| PB 0x0000000086e00000| Untracked |  0
|  33|0x0000000086f00000, 0x0000000087000000, 0x0000000087000000|100%| O|  |TAMS 0x0000000086f00000| PB 0x0000000086f00000| Untracked |  0
|  34|0x0000000087000000, 0x0000000087100000, 0x0000000087100000|100%| O|  |TAMS 0x0000000087000000| PB 0x0000000087000000| Untracked |  0
|  35|0x0000000087100000, 0x0000000087200000, 0x0000000087200000|100%| O|  |TAMS 0x0000000087100000| PB 0x0000000087100000| Untracked |  0
|  36|0x0000000087200000, 0x0000000087300000, 0x0000000087300000|100%| O|  |TAMS 0x0000000087200000| PB 0x0000000087200000| Untracked |  0
|  37|0x0000000087300000, 0x0000000087400000, 0x0000000087400000|100%| O|  |TAMS 0x0000000087300000| PB 0x0000000087300000| Untracked |  0
|  38|0x0000000087400000, 0x0000000087500000, 0x0000000087500000|100%| O|  |TAMS 0x0000000087400000| PB 0x0000000087400000| Untracked |  0
|  39|0x0000000087500000, 0x0000000087600000, 0x0000000087600000|100%| O|  |TAMS 0x0000000087500000| PB 0x0000000087500000| Untracked |  0
|  40|0x0000000087600000, 0x0000000087600000, 0x0000000087700000|  0%| F|  |TAMS 0x0000000087600000| PB 0x0000000087600000| Untracked |  0
|  41|0x0000000087700000, 0x0000000087700000, 0x0000000087800000|  0%| F|  |TAMS 0x0000000087700000| PB 0x0000000087700000| Untracked |  0
|  42|0x0000000087800000, 0x0000000087900000, 0x0000000087900000|100%| O|  |TAMS 0x0000000087800000| PB 0x0000000087800000| Untracked |  0
|  43|0x0000000087900000, 0x0000000087a00000, 0x0000000087a00000|100%| O|  |TAMS 0x0000000087900000| PB 0x0000000087900000| Untracked |  0
|  44|0x0000000087a00000, 0x0000000087b00000, 0x0000000087b00000|100%| O|  |TAMS 0x0000000087a00000| PB 0x0000000087a00000| Untracked |  0
|  45|0x0000000087b00000, 0x0000000087c00000, 0x0000000087c00000|100%| O|  |TAMS 0x0000000087b00000| PB 0x0000000087b00000| Untracked |  0
|  46|0x0000000087c00000, 0x0000000087d00000, 0x0000000087d00000|100%| O|  |TAMS 0x0000000087c00000| PB 0x0000000087c00000| Untracked |  0
|  47|0x0000000087d00000, 0x0000000087e00000, 0x0000000087e00000|100%| O|  |TAMS 0x0000000087d00000| PB 0x0000000087d00000| Untracked |  0
|  48|0x0000000087e00000, 0x0000000087f00000, 0x0000000087f00000|100%| O|  |TAMS 0x0000000087e00000| PB 0x0000000087e00000| Untracked |  0
|  49|0x0000000087f00000, 0x0000000088000000, 0x0000000088000000|100%| O|  |TAMS 0x0000000087f00000| PB 0x0000000087f00000| Untracked |  0
|  50|0x0000000088000000, 0x0000000088100000, 0x0000000088100000|100%| O|  |TAMS 0x0000000088000000| PB 0x0000000088000000| Untracked |  0
|  51|0x0000000088100000, 0x0000000088200000, 0x0000000088200000|100%| O|  |TAMS 0x0000000088100000| PB 0x0000000088100000| Untracked |  0
|  52|0x0000000088200000, 0x0000000088300000, 0x0000000088300000|100%| O|  |TAMS 0x0000000088200000| PB 0x0000000088200000| Untracked |  0
|  53|0x0000000088300000, 0x0000000088400000, 0x0000000088400000|100%| O|  |TAMS 0x0000000088300000| PB 0x0000000088300000| Untracked |  0
|  54|0x0000000088400000, 0x0000000088500000, 0x0000000088500000|100%| O|  |TAMS 0x0000000088400000| PB 0x0000000088400000| Untracked |  0
|  55|0x0000000088500000, 0x0000000088600000, 0x0000000088600000|100%| O|  |TAMS 0x0000000088500000| PB 0x0000000088500000| Untracked |  0
|  56|0x0000000088600000, 0x0000000088700000, 0x0000000088700000|100%| O|  |TAMS 0x0000000088600000| PB 0x0000000088600000| Untracked |  0
|  57|0x0000000088700000, 0x0000000088798ee0, 0x0000000088800000| 59%| O|  |TAMS 0x0000000088700000| PB 0x0000000088700000| Untracked |  0
|  58|0x0000000088800000, 0x0000000088900000, 0x0000000088900000|100%| O|  |TAMS 0x0000000088800000| PB 0x0000000088800000| Untracked |  0
|  59|0x0000000088900000, 0x0000000088a00000, 0x0000000088a00000|100%| S|CS|TAMS 0x0000000088900000| PB 0x0000000088900000| Complete |  0
|  60|0x0000000088a00000, 0x0000000088b00000, 0x0000000088b00000|100%| S|CS|TAMS 0x0000000088a00000| PB 0x0000000088a00000| Complete |  0
|  61|0x0000000088b00000, 0x0000000088b00000, 0x0000000088c00000|  0%| F|  |TAMS 0x0000000088b00000| PB 0x0000000088b00000| Untracked |  0
|  62|0x0000000088c00000, 0x0000000088c00000, 0x0000000088d00000|  0%| F|  |TAMS 0x0000000088c00000| PB 0x0000000088c00000| Untracked |  0
|  63|0x0000000088d00000, 0x0000000088d00000, 0x0000000088e00000|  0%| F|  |TAMS 0x0000000088d00000| PB 0x0000000088d00000| Untracked |  0
|  64|0x0000000088e00000, 0x0000000088e00000, 0x0000000088f00000|  0%| F|  |TAMS 0x0000000088e00000| PB 0x0000000088e00000| Untracked |  0
|  65|0x0000000088f00000, 0x0000000089000000, 0x0000000089000000|100%| S|CS|TAMS 0x0000000088f00000| PB 0x0000000088f00000| Complete |  0
|  66|0x0000000089000000, 0x0000000089100000, 0x0000000089100000|100%| S|CS|TAMS 0x0000000089000000| PB 0x0000000089000000| Complete |  0
|  67|0x0000000089100000, 0x0000000089100000, 0x0000000089200000|  0%| F|  |TAMS 0x0000000089100000| PB 0x0000000089100000| Untracked |  0
|  68|0x0000000089200000, 0x0000000089200000, 0x0000000089300000|  0%| F|  |TAMS 0x0000000089200000| PB 0x0000000089200000| Untracked |  0
|  69|0x0000000089300000, 0x0000000089300000, 0x0000000089400000|  0%| F|  |TAMS 0x0000000089300000| PB 0x0000000089300000| Untracked |  0
|  70|0x0000000089400000, 0x0000000089400000, 0x0000000089500000|  0%| F|  |TAMS 0x0000000089400000| PB 0x0000000089400000| Untracked |  0
|  71|0x0000000089500000, 0x0000000089500000, 0x0000000089600000|  0%| F|  |TAMS 0x0000000089500000| PB 0x0000000089500000| Untracked |  0
|  72|0x0000000089600000, 0x000000008966eec0, 0x0000000089700000| 43%| E|  |TAMS 0x0000000089600000| PB 0x0000000089600000| Complete |  0
|  73|0x0000000089700000, 0x0000000089800000, 0x0000000089800000|100%| E|CS|TAMS 0x0000000089700000| PB 0x0000000089700000| Complete |  0
|  74|0x0000000089800000, 0x0000000089900000, 0x0000000089900000|100%| E|CS|TAMS 0x0000000089800000| PB 0x0000000089800000| Complete |  0
|  75|0x0000000089900000, 0x0000000089a00000, 0x0000000089a00000|100%| E|CS|TAMS 0x0000000089900000| PB 0x0000000089900000| Complete |  0
|  76|0x0000000089a00000, 0x0000000089b00000, 0x0000000089b00000|100%| E|CS|TAMS 0x0000000089a00000| PB 0x0000000089a00000| Complete |  0
|  77|0x0000000089b00000, 0x0000000089c00000, 0x0000000089c00000|100%| E|CS|TAMS 0x0000000089b00000| PB 0x0000000089b00000| Complete |  0
|  78|0x0000000089c00000, 0x0000000089d00000, 0x0000000089d00000|100%| E|CS|TAMS 0x0000000089c00000| PB 0x0000000089c00000| Complete |  0
|  79|0x0000000089d00000, 0x0000000089e00000, 0x0000000089e00000|100%| E|CS|TAMS 0x0000000089d00000| PB 0x0000000089d00000| Complete |  0
|  80|0x0000000089e00000, 0x0000000089f00000, 0x0000000089f00000|100%| E|CS|TAMS 0x0000000089e00000| PB 0x0000000089e00000| Complete |  0
|  81|0x0000000089f00000, 0x000000008a000000, 0x000000008a000000|100%| E|CS|TAMS 0x0000000089f00000| PB 0x0000000089f00000| Complete |  0
|  82|0x000000008a000000, 0x000000008a100000, 0x000000008a100000|100%| E|CS|TAMS 0x000000008a000000| PB 0x000000008a000000| Complete |  0
|  83|0x000000008a100000, 0x000000008a200000, 0x000000008a200000|100%| E|CS|TAMS 0x000000008a100000| PB 0x000000008a100000| Complete |  0
|  84|0x000000008a200000, 0x000000008a300000, 0x000000008a300000|100%| E|CS|TAMS 0x000000008a200000| PB 0x000000008a200000| Complete |  0
|  85|0x000000008a300000, 0x000000008a400000, 0x000000008a400000|100%| E|CS|TAMS 0x000000008a300000| PB 0x000000008a300000| Complete |  0
|  86|0x000000008a400000, 0x000000008a500000, 0x000000008a500000|100%| E|CS|TAMS 0x000000008a400000| PB 0x000000008a400000| Complete |  0
| 122|0x000000008c800000, 0x000000008c900000, 0x000000008c900000|100%| E|CS|TAMS 0x000000008c800000| PB 0x000000008c800000| Complete |  0
| 123|0x000000008c900000, 0x000000008ca00000, 0x000000008ca00000|100%| E|CS|TAMS 0x000000008c900000| PB 0x000000008c900000| Complete |  0

Card table byte_map: [0x0000013374800000,0x0000013374be0000] _byte_map_base: 0x00000133743d9000

Marking Bits: (CMBitMap*) 0x000001335d136010
 Bits: [0x0000013374be0000, 0x0000013376aa8000)

Polling page: 0x000001335b0b0000

Metaspace:

Usage:
  Non-class:     54.70 MB used.
      Class:      7.59 MB used.
       Both:     62.29 MB used.

Virtual space:
  Non-class space:       64.00 MB reserved,      55.19 MB ( 86%) committed,  1 nodes.
      Class space:        1.00 GB reserved,       8.06 MB ( <1%) committed,  1 nodes.
             Both:        1.06 GB reserved,      63.25 MB (  6%) committed. 

Chunk freelists:
   Non-Class:  8.77 MB
       Class:  7.98 MB
        Both:  16.74 MB

MaxMetaspaceSize: unlimited
CompressedClassSpaceSize: 1.00 GB
Initial GC threshold: 21.00 MB
Current GC threshold: 105.31 MB
CDS: on
 - commit_granule_bytes: 65536.
 - commit_granule_words: 8192.
 - virtual_space_node_default_size: 8388608.
 - enlarge_chunks_in_place: 1.
 - use_allocation_guard: 0.


Internal statistics:

num_allocs_failed_limit: 11.
num_arena_births: 1536.
num_arena_deaths: 0.
num_vsnodes_births: 2.
num_vsnodes_deaths: 0.
num_space_committed: 1011.
num_space_uncommitted: 0.
num_chunks_returned_to_freelist: 11.
num_chunks_taken_from_freelist: 3892.
num_chunk_merges: 11.
num_chunk_splits: 2878.
num_chunks_enlarged: 2147.
num_inconsistent_stats: 0.

CodeHeap 'non-profiled nmethods': size=120000Kb used=2581Kb max_used=3593Kb free=117418Kb
 bounds [0x000001336cef0000, 0x000001336d2b0000, 0x0000013374420000]
CodeHeap 'profiled nmethods': size=120000Kb used=5632Kb max_used=13097Kb free=114367Kb
 bounds [0x0000013365420000, 0x0000013366100000, 0x000001336c950000]
CodeHeap 'non-nmethods': size=5760Kb used=1724Kb max_used=1781Kb free=4035Kb
 bounds [0x000001336c950000, 0x000001336cbc0000, 0x000001336cef0000]
 total_blobs=3455 nmethods=2710 adapters=648
 compilation: enabled
              stopped_count=0, restarted_count=0
 full_count=0

Compilation events (20 events):
Event: 281.610 Thread 0x0000013378f8aeb0 7866       3       com.intellij.openapi.util.text.StringUtil::escapeStringCharacters (299 bytes)
Event: 281.613 Thread 0x0000013378f8aeb0 nmethod 7866 0x00000133658f6790 code [0x00000133658f6ba0, 0x00000133658f83c0]
Event: 281.665 Thread 0x00000133457e4140 7860       4       org.jetbrains.org.objectweb.asm.ClassReader::readUtf (161 bytes)
Event: 281.692 Thread 0x00000133457e4140 nmethod 7860 0x000001336d15f510 code [0x000001336d15f700, 0x000001336d160160]
Event: 281.692 Thread 0x00000133457e4140 7867       4       java.lang.Character$UnicodeBlock::of (80 bytes)
Event: 281.696 Thread 0x00000133457e4140 nmethod 7867 0x000001336d0d8910 code [0x000001336d0d8aa0, 0x000001336d0d8bf0]
Event: 281.696 Thread 0x00000133457e4140 7846       4       org.jetbrains.org.objectweb.asm.ClassReader::readMethod (1055 bytes)
Event: 281.937 Thread 0x0000013378f83330 nmethod 7844 0x000001336d118890 code [0x000001336d118ee0, 0x000001336d120010]
Event: 281.939 Thread 0x0000013378f83330 7865       4       org.jetbrains.org.objectweb.asm.ClassReader::readUTF8 (23 bytes)
Event: 281.976 Thread 0x0000013378f83330 nmethod 7865 0x000001336d16c310 code [0x000001336d16c520, 0x000001336d16d478]
Event: 281.977 Thread 0x0000013378f83330 7868       4       org.jetbrains.org.objectweb.asm.ClassReader::readUtf (44 bytes)
Event: 282.016 Thread 0x0000013378f83330 nmethod 7868 0x000001336d1c3b90 code [0x000001336d1c3da0, 0x000001336d1c4c38]
Event: 282.017 Thread 0x0000013378f83330 7857       4       java.lang.StringUTF16::getChar (60 bytes)
Event: 282.018 Thread 0x0000013378f83330 nmethod 7857 0x000001336cf89710 code [0x000001336cf898a0, 0x000001336cf89990]
Event: 282.019 Thread 0x0000013378f83330 7845       4       com.intellij.psi.stubs.StubBase::getPsi (47 bytes)
Event: 282.024 Thread 0x0000013378f83330 nmethod 7845 0x000001336cf3fc10 code [0x000001336cf3fda0, 0x000001336cf3ffc8]
Event: 282.064 Thread 0x0000013378f83330 7869       4       it.unimi.dsi.fastutil.objects.Object2IntOpenHashMap::getInt (116 bytes)
Event: 282.072 Thread 0x0000013378f83330 nmethod 7869 0x000001336cf4d410 code [0x000001336cf4d600, 0x000001336cf4db90]
Event: 282.072 Thread 0x0000013378f83330 7870       4       com.intellij.psi.impl.compiled.ClsClassImpl::hasModifierProperty (19 bytes)
Event: 282.123 Thread 0x0000013378f83330 nmethod 7870 0x000001336d0ead90 code [0x000001336d0eb100, 0x000001336d0ec3c0]

GC Heap History (20 events):
Event: 270.349 GC heap before
{Heap before GC invocations=51 (full 0):
 garbage-first heap   total reserved 2017280K, committed 58368K, used 49941K [0x0000000084e00000, 0x0000000100000000)
  region size 1024K, 17 young (17408K), 2 survivors (2048K)
 Metaspace       used 63285K, committed 64320K, reserved 1114112K
  class space    used 7767K, committed 8256K, reserved 1048576K
}
Event: 270.361 GC heap after
{Heap after GC invocations=52 (full 0):
 garbage-first heap   total reserved 2017280K, committed 58368K, used 36561K [0x0000000084e00000, 0x0000000100000000)
  region size 1024K, 3 young (3072K), 3 survivors (3072K)
 Metaspace       used 63285K, committed 64320K, reserved 1114112K
  class space    used 7767K, committed 8256K, reserved 1048576K
}
Event: 271.982 GC heap before
{Heap before GC invocations=52 (full 0):
 garbage-first heap   total reserved 2017280K, committed 58368K, used 50897K [0x0000000084e00000, 0x0000000100000000)
  region size 1024K, 17 young (17408K), 3 survivors (3072K)
 Metaspace       used 63331K, committed 64384K, reserved 1114112K
  class space    used 7767K, committed 8256K, reserved 1048576K
}
Event: 271.993 GC heap after
{Heap after GC invocations=53 (full 0):
 garbage-first heap   total reserved 2017280K, committed 58368K, used 38488K [0x0000000084e00000, 0x0000000100000000)
  region size 1024K, 2 young (2048K), 2 survivors (2048K)
 Metaspace       used 63331K, committed 64384K, reserved 1114112K
  class space    used 7767K, committed 8256K, reserved 1048576K
}
Event: 273.014 GC heap before
{Heap before GC invocations=54 (full 0):
 garbage-first heap   total reserved 2017280K, committed 65536K, used 51800K [0x0000000084e00000, 0x0000000100000000)
  region size 1024K, 15 young (15360K), 2 survivors (2048K)
 Metaspace       used 63354K, committed 64384K, reserved 1114112K
  class space    used 7767K, committed 8256K, reserved 1048576K
}
Event: 273.027 GC heap after
{Heap after GC invocations=55 (full 0):
 garbage-first heap   total reserved 2017280K, committed 65536K, used 39948K [0x0000000084e00000, 0x0000000100000000)
  region size 1024K, 2 young (2048K), 2 survivors (2048K)
 Metaspace       used 63354K, committed 64384K, reserved 1114112K
  class space    used 7767K, committed 8256K, reserved 1048576K
}
Event: 274.778 GC heap before
{Heap before GC invocations=55 (full 0):
 garbage-first heap   total reserved 2017280K, committed 65536K, used 57356K [0x0000000084e00000, 0x0000000100000000)
  region size 1024K, 20 young (20480K), 2 survivors (2048K)
 Metaspace       used 63373K, committed 64384K, reserved 1114112K
  class space    used 7767K, committed 8256K, reserved 1048576K
}
Event: 274.791 GC heap after
{Heap after GC invocations=56 (full 0):
 garbage-first heap   total reserved 2017280K, committed 65536K, used 41722K [0x0000000084e00000, 0x0000000100000000)
  region size 1024K, 3 young (3072K), 3 survivors (3072K)
 Metaspace       used 63373K, committed 64384K, reserved 1114112K
  class space    used 7767K, committed 8256K, reserved 1048576K
}
Event: 275.495 GC heap before
{Heap before GC invocations=56 (full 0):
 garbage-first heap   total reserved 2017280K, committed 65536K, used 58106K [0x0000000084e00000, 0x0000000100000000)
  region size 1024K, 19 young (19456K), 3 survivors (3072K)
 Metaspace       used 63377K, committed 64384K, reserved 1114112K
  class space    used 7767K, committed 8256K, reserved 1048576K
}
Event: 275.505 GC heap after
{Heap after GC invocations=57 (full 0):
 garbage-first heap   total reserved 2017280K, committed 65536K, used 43005K [0x0000000084e00000, 0x0000000100000000)
  region size 1024K, 2 young (2048K), 2 survivors (2048K)
 Metaspace       used 63377K, committed 64384K, reserved 1114112K
  class space    used 7767K, committed 8256K, reserved 1048576K
}
Event: 276.511 GC heap before
{Heap before GC invocations=58 (full 0):
 garbage-first heap   total reserved 2017280K, committed 73728K, used 57341K [0x0000000084e00000, 0x0000000100000000)
  region size 1024K, 16 young (16384K), 2 survivors (2048K)
 Metaspace       used 63392K, committed 64448K, reserved 1114112K
  class space    used 7767K, committed 8256K, reserved 1048576K
}
Event: 276.517 GC heap after
{Heap after GC invocations=59 (full 0):
 garbage-first heap   total reserved 2017280K, committed 89088K, used 44416K [0x0000000084e00000, 0x0000000100000000)
  region size 1024K, 2 young (2048K), 2 survivors (2048K)
 Metaspace       used 63392K, committed 64448K, reserved 1114112K
  class space    used 7767K, committed 8256K, reserved 1048576K
}
Event: 277.829 GC heap before
{Heap before GC invocations=59 (full 0):
 garbage-first heap   total reserved 2017280K, committed 89088K, used 79232K [0x0000000084e00000, 0x0000000100000000)
  region size 1024K, 36 young (36864K), 2 survivors (2048K)
 Metaspace       used 63495K, committed 64512K, reserved 1114112K
  class space    used 7768K, committed 8256K, reserved 1048576K
}
Event: 277.845 GC heap after
{Heap after GC invocations=60 (full 0):
 garbage-first heap   total reserved 2017280K, committed 89088K, used 48403K [0x0000000084e00000, 0x0000000100000000)
  region size 1024K, 5 young (5120K), 5 survivors (5120K)
 Metaspace       used 63495K, committed 64512K, reserved 1114112K
  class space    used 7768K, committed 8256K, reserved 1048576K
}
Event: 279.384 GC heap before
{Heap before GC invocations=60 (full 0):
 garbage-first heap   total reserved 2017280K, committed 89088K, used 78099K [0x0000000084e00000, 0x0000000100000000)
  region size 1024K, 34 young (34816K), 5 survivors (5120K)
 Metaspace       used 63670K, committed 64704K, reserved 1114112K
  class space    used 7768K, committed 8256K, reserved 1048576K
}
Event: 279.409 GC heap after
{Heap after GC invocations=61 (full 0):
 garbage-first heap   total reserved 2017280K, committed 89088K, used 54056K [0x0000000084e00000, 0x0000000100000000)
  region size 1024K, 5 young (5120K), 5 survivors (5120K)
 Metaspace       used 63670K, committed 64704K, reserved 1114112K
  class space    used 7768K, committed 8256K, reserved 1048576K
}
Event: 280.313 GC heap before
{Heap before GC invocations=62 (full 0):
 garbage-first heap   total reserved 2017280K, committed 91136K, used 78632K [0x0000000084e00000, 0x0000000100000000)
  region size 1024K, 29 young (29696K), 5 survivors (5120K)
 Metaspace       used 63757K, committed 64768K, reserved 1114112K
  class space    used 7769K, committed 8256K, reserved 1048576K
}
Event: 280.331 GC heap after
{Heap after GC invocations=63 (full 0):
 garbage-first heap   total reserved 2017280K, committed 91136K, used 58526K [0x0000000084e00000, 0x0000000100000000)
  region size 1024K, 4 young (4096K), 4 survivors (4096K)
 Metaspace       used 63757K, committed 64768K, reserved 1114112K
  class space    used 7769K, committed 8256K, reserved 1048576K
}
Event: 281.409 GC heap before
{Heap before GC invocations=63 (full 0):
 garbage-first heap   total reserved 2017280K, committed 91136K, used 80030K [0x0000000084e00000, 0x0000000100000000)
  region size 1024K, 26 young (26624K), 4 survivors (4096K)
 Metaspace       used 63771K, committed 64768K, reserved 1114112K
  class space    used 7769K, committed 8256K, reserved 1048576K
}
Event: 281.430 GC heap after
{Heap after GC invocations=64 (full 0):
 garbage-first heap   total reserved 2017280K, committed 91136K, used 62051K [0x0000000084e00000, 0x0000000100000000)
  region size 1024K, 4 young (4096K), 4 survivors (4096K)
 Metaspace       used 63771K, committed 64768K, reserved 1114112K
  class space    used 7769K, committed 8256K, reserved 1048576K
}

Dll operation events (8 events):
Event: 0.015 Loaded shared library C:\Program Files\OpenJDK\jdk-22.0.2\bin\java.dll
Event: 0.073 Loaded shared library C:\Program Files\OpenJDK\jdk-22.0.2\bin\jsvml.dll
Event: 0.205 Loaded shared library C:\Program Files\OpenJDK\jdk-22.0.2\bin\net.dll
Event: 0.207 Loaded shared library C:\Program Files\OpenJDK\jdk-22.0.2\bin\nio.dll
Event: 0.216 Loaded shared library C:\Program Files\OpenJDK\jdk-22.0.2\bin\zip.dll
Event: 0.415 Loaded shared library C:\Program Files\OpenJDK\jdk-22.0.2\bin\jimage.dll
Event: 2.350 Loaded shared library C:\Program Files\OpenJDK\jdk-22.0.2\bin\verify.dll
Event: 5.340 Loaded shared library C:\Users\AJ\AppData\Local\Temp\sqlite-3.41.2.1-29891763-b707-49ae-821f-a9840e3048e3-sqlitejdbc.dll

Deoptimization events (20 events):
Event: 281.578 Thread 0x00000133512a66d0 Uncommon trap: trap_request=0xffffff45 fr.pc=0x000001336d0cadb4 relative=0x0000000000000734
Event: 281.579 Thread 0x00000133512a66d0 Uncommon trap: reason=unstable_if action=reinterpret pc=0x000001336d0cadb4 method=org.jetbrains.org.objectweb.asm.ClassReader.readUtf(II[C)Ljava/lang/String; @ 41 c2
Event: 281.579 Thread 0x00000133512a66d0 DEOPT PACKING pc=0x000001336d0cadb4 sp=0x0000002104dfcdb0
Event: 281.579 Thread 0x00000133512a66d0 DEOPT UNPACKING pc=0x000001336c9a46a2 sp=0x0000002104dfcce8 mode 2
Event: 281.579 Thread 0x00000133512a66d0 Uncommon trap: trap_request=0xffffff45 fr.pc=0x000001336d009ec0 relative=0x00000000000005e0
Event: 281.579 Thread 0x00000133512a66d0 Uncommon trap: reason=unstable_if action=reinterpret pc=0x000001336d009ec0 method=org.jetbrains.org.objectweb.asm.ClassReader.readUtf(II[C)Ljava/lang/String; @ 41 c2
Event: 281.579 Thread 0x00000133512a66d0 DEOPT PACKING pc=0x000001336d009ec0 sp=0x0000002104dfc350
Event: 281.579 Thread 0x00000133512a66d0 DEOPT UNPACKING pc=0x000001336c9a46a2 sp=0x0000002104dfc338 mode 2
Event: 281.579 Thread 0x00000133512a66d0 Uncommon trap: trap_request=0xffffff45 fr.pc=0x000001336d14a17c relative=0x00000000000009bc
Event: 281.579 Thread 0x00000133512a66d0 Uncommon trap: reason=unstable_if action=reinterpret pc=0x000001336d14a17c method=java.lang.StringLatin1.canEncode(I)Z @ 8 c2
Event: 281.579 Thread 0x00000133512a66d0 DEOPT PACKING pc=0x000001336d14a17c sp=0x0000002104dfc460
Event: 281.579 Thread 0x00000133512a66d0 DEOPT UNPACKING pc=0x000001336c9a46a2 sp=0x0000002104dfc260 mode 2
Event: 281.579 Thread 0x00000133512a66d0 Uncommon trap: trap_request=0xffffff45 fr.pc=0x000001336d0c858c relative=0x00000000000001cc
Event: 281.579 Thread 0x00000133512a66d0 Uncommon trap: reason=unstable_if action=reinterpret pc=0x000001336d0c858c method=java.lang.CharacterData.of(I)Ljava/lang/CharacterData; @ 4 c2
Event: 281.579 Thread 0x00000133512a66d0 DEOPT PACKING pc=0x000001336d0c858c sp=0x0000002104dfc400
Event: 281.580 Thread 0x00000133512a66d0 DEOPT UNPACKING pc=0x000001336c9a46a2 sp=0x0000002104dfc280 mode 2
Event: 281.584 Thread 0x00000133512a66d0 Uncommon trap: trap_request=0xffffff45 fr.pc=0x000001336cff2d08 relative=0x00000000000000e8
Event: 281.584 Thread 0x00000133512a66d0 Uncommon trap: reason=unstable_if action=reinterpret pc=0x000001336cff2d08 method=java.lang.Character$UnicodeBlock.of(I)Ljava/lang/Character$UnicodeBlock; @ 55 c2
Event: 281.584 Thread 0x00000133512a66d0 DEOPT PACKING pc=0x000001336cff2d08 sp=0x0000002104dfc370
Event: 281.584 Thread 0x00000133512a66d0 DEOPT UNPACKING pc=0x000001336c9a46a2 sp=0x0000002104dfc2e8 mode 2

Classes loaded (20 events):
Event: 262.229 Loading class java/util/stream/IntPipeline$1$1
Event: 262.229 Loading class java/util/stream/IntPipeline$1$1 done
Event: 263.082 Loading class java/util/concurrent/CompletableFuture$AsyncRun
Event: 263.085 Loading class java/util/concurrent/CompletableFuture$AsyncRun done
Event: 263.310 Loading class java/util/concurrent/ConcurrentLinkedQueue$Itr
Event: 263.311 Loading class java/util/concurrent/ConcurrentLinkedQueue$Itr done
Event: 263.515 Loading class java/util/AbstractList$RandomAccessSubList
Event: 263.515 Loading class java/util/AbstractList$RandomAccessSubList done
Event: 266.029 Loading class java/text/ChoiceFormat
Event: 266.032 Loading class java/text/ChoiceFormat done
Event: 266.094 Loading class java/lang/invoke/DirectMethodHandle$1
Event: 266.095 Loading class java/lang/invoke/DirectMethodHandle$1 done
Event: 266.696 Loading class java/util/stream/LongStream
Event: 266.697 Loading class java/util/stream/LongStream done
Event: 266.698 Loading class java/util/stream/DoubleStream
Event: 266.699 Loading class java/util/stream/DoubleStream done
Event: 267.016 Loading class java/lang/Character$UnicodeBlock
Event: 267.023 Loading class java/lang/Character$Subset
Event: 267.024 Loading class java/lang/Character$Subset done
Event: 267.026 Loading class java/lang/Character$UnicodeBlock done

Classes unloaded (0 events):
No events

Classes redefined (0 events):
No events

Internal exceptions (20 events):
Event: 262.024 Thread 0x0000013346cd1aa0 Implicit null exception at 0x000001336cf8008a to 0x000001336cf80400
Event: 262.291 Thread 0x0000013346cd1aa0 Exception <a 'java/lang/NoSuchMethodError'{0x0000000087cf06c0}: 'java.lang.Object java.lang.invoke.DirectMethodHandle$Holder.newInvokeSpecial(java.lang.Object, java.lang.Object, java.lang.Object, java.lang.Object, int)'> (0x0000000087cf06c0) 
thrown [s\open\src\hotspot\share\interpreter\linkResolver.cpp, line 774]
Event: 262.292 Thread 0x0000013346cd1aa0 Exception <a 'java/lang/NoSuchMethodError'{0x0000000087cf4798}: 'java.lang.Object java.lang.invoke.DirectMethodHandle$Holder.invokeSpecial(java.lang.Object, java.lang.Object, java.lang.Object, java.lang.Object, java.lang.Object, int)'> (0x0000000087cf4798) 
thrown [s\open\src\hotspot\share\interpreter\linkResolver.cpp, line 774]
Event: 262.292 Thread 0x0000013346cd1aa0 Exception <a 'java/lang/NoSuchMethodError'{0x0000000087cf8208}: 'java.lang.Object java.lang.invoke.Invokers$Holder.linkToTargetMethod(java.lang.Object, java.lang.Object, java.lang.Object, int, java.lang.Object)'> (0x0000000087cf8208) 
thrown [s\open\src\hotspot\share\interpreter\linkResolver.cpp, line 774]
Event: 262.625 Thread 0x0000013346cd1aa0 Exception <a 'java/lang/NoSuchMethodError'{0x0000000087410d88}: 'java.lang.Object java.lang.invoke.DirectMethodHandle$Holder.invokeStaticInit(java.lang.Object, java.lang.Object, java.lang.Object, java.lang.Object)'> (0x0000000087410d88) 
thrown [s\open\src\hotspot\share\interpreter\linkResolver.cpp, line 774]
Event: 262.860 Thread 0x0000013346cd1aa0 Exception <a 'java/lang/NoSuchMethodError'{0x000000008701e2d0}: 'java.lang.Object java.lang.invoke.DirectMethodHandle$Holder.newInvokeSpecial(java.lang.Object, java.lang.Object, java.lang.Object, java.lang.Object, java.lang.Object, java.lang.Object, java.lang.Object, int)'> (0x000000008701e2d0) 
thrown [s\open\src\hotspot\share\interpreter\linkResolver.cpp, line 774]
Event: 262.861 Thread 0x0000013346cd1aa0 Exception <a 'java/lang/NoSuchMethodError'{0x0000000087022bb8}: 'java.lang.Object java.lang.invoke.DirectMethodHandle$Holder.invokeSpecial(java.lang.Object, java.lang.Object, java.lang.Object, java.lang.Object, java.lang.Object, java.lang.Object, java.lang.Object, java.lang.Object, int)'> (0x0000000087022bb8) 
thrown [s\open\src\hotspot\share\interpreter\linkResolver.cpp, line 774]
Event: 262.874 Thread 0x0000013346cd1aa0 Implicit null exception at 0x000001336cf77d98 to 0x000001336cf77f74
Event: 263.104 Thread 0x00000133512a7a80 Exception <a 'java/lang/NoSuchMethodError'{0x000000008c910e70}: 'java.lang.Object java.lang.invoke.DirectMethodHandle$Holder.invokeStatic(java.lang.Object, java.lang.Object, java.lang.Object, java.lang.Object, long, java.lang.Object)'> (0x000000008c910e70) 
thrown [s\open\src\hotspot\share\interpreter\linkResolver.cpp, line 774]
Event: 263.106 Thread 0x00000133512a7a80 Exception <a 'java/lang/NoSuchMethodError'{0x000000008c917fd0}: 'java.lang.Object java.lang.invoke.DirectMethodHandle$Holder.newInvokeSpecial(java.lang.Object, java.lang.Object, java.lang.Object, java.lang.Object, long)'> (0x000000008c917fd0) 
thrown [s\open\src\hotspot\share\interpreter\linkResolver.cpp, line 774]
Event: 263.107 Thread 0x00000133512a7a80 Exception <a 'java/lang/NoSuchMethodError'{0x000000008c91bca8}: 'java.lang.Object java.lang.invoke.DirectMethodHandle$Holder.invokeSpecial(java.lang.Object, java.lang.Object, java.lang.Object, java.lang.Object, java.lang.Object, long)'> (0x000000008c91bca8) 
thrown [s\open\src\hotspot\share\interpreter\linkResolver.cpp, line 774]
Event: 263.108 Thread 0x00000133512a7a80 Exception <a 'java/lang/NoSuchMethodError'{0x000000008c91f670}: 'java.lang.Object java.lang.invoke.Invokers$Holder.linkToTargetMethod(java.lang.Object, java.lang.Object, java.lang.Object, long, java.lang.Object)'> (0x000000008c91f670) 
thrown [s\open\src\hotspot\share\interpreter\linkResolver.cpp, line 774]
Event: 263.381 Thread 0x0000013346cd06f0 Exception <a 'java/lang/NoSuchMethodError'{0x0000000089fcee58}: 'java.lang.Object java.lang.invoke.DirectMethodHandle$Holder.invokeSpecial(java.lang.Object, java.lang.Object, java.lang.Object, java.lang.Object, java.lang.Object, java.lang.Object, int)'> (0x0000000089fcee58) 
thrown [s\open\src\hotspot\share\interpreter\linkResolver.cpp, line 774]
Event: 263.732 Thread 0x0000013346cd06f0 Implicit null exception at 0x000001336d1b46e3 to 0x000001336d1b4775
Event: 263.748 Thread 0x0000013346cd06f0 Exception <a 'java/lang/NoSuchMethodError'{0x0000000087ca0218}: 'java.lang.Object java.lang.invoke.DirectMethodHandle$Holder.newInvokeSpecial(java.lang.Object, java.lang.Object, java.lang.Object, java.lang.Object, int, java.lang.Object)'> (0x0000000087ca0218) 
thrown [s\open\src\hotspot\share\interpreter\linkResolver.cpp, line 774]
Event: 263.749 Thread 0x0000013346cd06f0 Exception <a 'java/lang/NoSuchMethodError'{0x0000000087ca4830}: 'java.lang.Object java.lang.invoke.DirectMethodHandle$Holder.invokeSpecial(java.lang.Object, java.lang.Object, java.lang.Object, java.lang.Object, java.lang.Object, int, java.lang.Object)'> (0x0000000087ca4830) 
thrown [s\open\src\hotspot\share\interpreter\linkResolver.cpp, line 774]
Event: 263.753 Thread 0x0000013346cd06f0 Exception <a 'java/lang/NoSuchMethodError'{0x0000000087ca8ad0}: 'java.lang.Object java.lang.invoke.Invokers$Holder.linkToTargetMethod(java.lang.Object, java.lang.Object, java.lang.Object, int, java.lang.Object, java.lang.Object)'> (0x0000000087ca8ad0) 
thrown [s\open\src\hotspot\share\interpreter\linkResolver.cpp, line 774]
Event: 264.505 Thread 0x0000013346cd06f0 Exception <a 'java/lang/NoSuchMethodError'{0x00000000877c1dd8}: 'java.lang.Object java.lang.invoke.DirectMethodHandle$Holder.invokeStatic(java.lang.Object, int, int, java.lang.Object)'> (0x00000000877c1dd8) 
thrown [s\open\src\hotspot\share\interpreter\linkResolver.cpp, line 774]
Event: 264.557 Thread 0x0000013346cd06f0 Exception <a 'java/lang/NoSuchMethodError'{0x000000008761d828}: 'java.lang.Object java.lang.invoke.DirectMethodHandle$Holder.invokeStatic(java.lang.Object, int, java.lang.Object)'> (0x000000008761d828) 
thrown [s\open\src\hotspot\share\interpreter\linkResolver.cpp, line 774]
Event: 266.009 Thread 0x00000133512a66d0 Implicit null exception at 0x000001336d1e91fe to 0x000001336d1e92d0

ZGC Phase Switch (0 events):
No events

VM Operations (20 events):
Event: 277.521 Executing VM operation: Cleanup
Event: 277.523 Executing VM operation: Cleanup done
Event: 277.829 Executing VM operation: G1CollectForAllocation (G1 Evacuation Pause)
Event: 277.845 Executing VM operation: G1CollectForAllocation (G1 Evacuation Pause) done
Event: 278.845 Executing VM operation: Cleanup
Event: 278.846 Executing VM operation: Cleanup done
Event: 279.384 Executing VM operation: G1CollectForAllocation (G1 Evacuation Pause)
Event: 279.409 Executing VM operation: G1CollectForAllocation (G1 Evacuation Pause) done
Event: 279.713 Executing VM operation: G1PauseRemark
Event: 279.770 Executing VM operation: G1PauseRemark done
Event: 279.876 Executing VM operation: G1PauseCleanup
Event: 279.876 Executing VM operation: G1PauseCleanup done
Event: 280.312 Executing VM operation: G1CollectForAllocation (G1 Evacuation Pause)
Event: 280.331 Executing VM operation: G1CollectForAllocation (G1 Evacuation Pause) done
Event: 281.331 Executing VM operation: Cleanup
Event: 281.377 Executing VM operation: Cleanup done
Event: 281.409 Executing VM operation: G1CollectForAllocation (G1 Evacuation Pause)
Event: 281.430 Executing VM operation: G1CollectForAllocation (G1 Evacuation Pause) done
Event: 281.580 Executing VM operation: HandshakeAllThreads (Deoptimize)
Event: 281.581 Executing VM operation: HandshakeAllThreads (Deoptimize) done

Memory protections (0 events):
No events

Nmethod flushes (20 events):
Event: 279.766 Thread 0x0000013378f5bbf0 flushing  nmethod 0x000001336604dd10
Event: 279.766 Thread 0x0000013378f5bbf0 flushing  nmethod 0x000001336604e210
Event: 279.766 Thread 0x0000013378f5bbf0 flushing  nmethod 0x000001336604e890
Event: 279.766 Thread 0x0000013378f5bbf0 flushing  nmethod 0x0000013366051590
Event: 279.766 Thread 0x0000013378f5bbf0 flushing  nmethod 0x0000013366052d90
Event: 279.766 Thread 0x0000013378f5bbf0 flushing  nmethod 0x0000013366053190
Event: 279.766 Thread 0x0000013378f5bbf0 flushing  nmethod 0x0000013366061e10
Event: 279.766 Thread 0x0000013378f5bbf0 flushing  nmethod 0x0000013366068b10
Event: 279.766 Thread 0x0000013378f5bbf0 flushing  nmethod 0x000001336606e810
Event: 279.766 Thread 0x0000013378f5bbf0 flushing  nmethod 0x0000013366070610
Event: 279.766 Thread 0x0000013378f5bbf0 flushing  nmethod 0x0000013366071c90
Event: 279.766 Thread 0x0000013378f5bbf0 flushing  nmethod 0x00000133660a6a10
Event: 279.766 Thread 0x0000013378f5bbf0 flushing  nmethod 0x00000133660ab690
Event: 279.766 Thread 0x0000013378f5bbf0 flushing  nmethod 0x00000133660af410
Event: 279.766 Thread 0x0000013378f5bbf0 flushing  nmethod 0x00000133660d9b10
Event: 279.766 Thread 0x0000013378f5bbf0 flushing  nmethod 0x00000133660dd090
Event: 279.766 Thread 0x0000013378f5bbf0 flushing  nmethod 0x00000133660ded10
Event: 279.766 Thread 0x0000013378f5bbf0 flushing  nmethod 0x00000133660e0f10
Event: 279.766 Thread 0x0000013378f5bbf0 flushing  nmethod 0x00000133660e7a90
Event: 279.766 Thread 0x0000013378f5bbf0 flushing  nmethod 0x00000133660ea290

Events (20 events):
Event: 259.583 Thread 0x0000013345df8820 Thread exited: 0x0000013345df8820
Event: 260.792 Thread 0x0000013378f8aeb0 Thread added: 0x00000133457e4140
Event: 261.527 Thread 0x00000133457e4140 Thread exited: 0x00000133457e4140
Event: 262.100 Thread 0x0000013378f8aeb0 Thread added: 0x00000133507cf200
Event: 263.048 Thread 0x00000133507cf200 Thread exited: 0x00000133507cf200
Event: 263.085 Thread 0x0000013346cd1aa0 Thread added: 0x00000133512a7a80
Event: 265.745 Thread 0x0000013346850280 Thread added: 0x00000133512a66d0
Event: 266.144 Thread 0x0000013378f8aeb0 Thread added: 0x000001334513a140
Event: 266.451 Thread 0x000001334513a140 Thread exited: 0x000001334513a140
Event: 266.514 Thread 0x0000013378f83330 Thread added: 0x000001334513a140
Event: 268.595 Thread 0x000001334513a140 Thread exited: 0x000001334513a140
Event: 269.005 Thread 0x0000013378f8aeb0 Thread added: 0x000001334513a140
Event: 270.349 Thread 0x000001334513a140 Thread exited: 0x000001334513a140
Event: 272.667 Thread 0x0000013378f8aeb0 Thread added: 0x000001334513a140
Event: 273.267 Thread 0x000001334513a140 Thread exited: 0x000001334513a140
Event: 273.666 Thread 0x0000013378f8aeb0 Thread added: 0x0000013350b00060
Event: 274.530 Thread 0x0000013350b00060 Thread exited: 0x0000013350b00060
Event: 280.564 Thread 0x0000013378f8aeb0 Thread added: 0x00000133457e4140
Event: 281.155 Thread 0x00000133457e4140 Thread exited: 0x00000133457e4140
Event: 281.601 Thread 0x0000013378f8aeb0 Thread added: 0x00000133457e4140


Dynamic libraries:
0x00007ff6baa20000 - 0x00007ff6baa2e000 	C:\Program Files\OpenJDK\jdk-22.0.2\bin\java.exe
0x00007ffdf0370000 - 0x00007ffdf0568000 	C:\WINDOWS\SYSTEM32\ntdll.dll
0x00007ffdeec80000 - 0x00007ffdeed42000 	C:\WINDOWS\System32\KERNEL32.DLL
0x00007ffdedcc0000 - 0x00007ffdedfb6000 	C:\WINDOWS\System32\KERNELBASE.dll
0x00007ffdee010000 - 0x00007ffdee110000 	C:\WINDOWS\System32\ucrtbase.dll
0x00007ffde5ff0000 - 0x00007ffde600b000 	C:\Program Files\OpenJDK\jdk-22.0.2\bin\VCRUNTIME140.dll
0x00007ffde98f0000 - 0x00007ffde9907000 	C:\Program Files\OpenJDK\jdk-22.0.2\bin\jli.dll
0x00007ffdefed0000 - 0x00007ffdf006d000 	C:\WINDOWS\System32\USER32.dll
0x00007ffdee190000 - 0x00007ffdee1b2000 	C:\WINDOWS\System32\win32u.dll
0x00007ffdee610000 - 0x00007ffdee63b000 	C:\WINDOWS\System32\GDI32.dll
0x00007ffdddc70000 - 0x00007ffdddf0a000 	C:\WINDOWS\WinSxS\amd64_microsoft.windows.common-controls_6595b64144ccf1df_6.0.19041.5915_none_60b4b9d171f9c7c7\COMCTL32.dll
0x00007ffdee270000 - 0x00007ffdee389000 	C:\WINDOWS\System32\gdi32full.dll
0x00007ffdf00a0000 - 0x00007ffdf013e000 	C:\WINDOWS\System32\msvcrt.dll
0x00007ffdeda30000 - 0x00007ffdedacd000 	C:\WINDOWS\System32\msvcp_win.dll
0x00007ffdf0070000 - 0x00007ffdf009f000 	C:\WINDOWS\System32\IMM32.DLL
0x00007ffde5fe0000 - 0x00007ffde5fec000 	C:\Program Files\OpenJDK\jdk-22.0.2\bin\vcruntime140_1.dll
0x00007ffda75d0000 - 0x00007ffda765e000 	C:\Program Files\OpenJDK\jdk-22.0.2\bin\msvcp140.dll
0x00007ffd8bd80000 - 0x00007ffd8cac9000 	C:\Program Files\OpenJDK\jdk-22.0.2\bin\server\jvm.dll
0x00007ffdef920000 - 0x00007ffdef9d1000 	C:\WINDOWS\System32\ADVAPI32.dll
0x00007ffdeee10000 - 0x00007ffdeeeaf000 	C:\WINDOWS\System32\sechost.dll
0x00007ffdeeb40000 - 0x00007ffdeec63000 	C:\WINDOWS\System32\RPCRT4.dll
0x00007ffdeda00000 - 0x00007ffdeda27000 	C:\WINDOWS\System32\bcrypt.dll
0x00007ffdf0260000 - 0x00007ffdf02cb000 	C:\WINDOWS\System32\WS2_32.dll
0x00007ffdecf40000 - 0x00007ffdecf8b000 	C:\WINDOWS\SYSTEM32\POWRPROF.dll
0x00007ffdde1d0000 - 0x00007ffdde1f7000 	C:\WINDOWS\SYSTEM32\WINMM.dll
0x00007ffde3990000 - 0x00007ffde399a000 	C:\WINDOWS\SYSTEM32\VERSION.dll
0x00007ffdece00000 - 0x00007ffdece12000 	C:\WINDOWS\SYSTEM32\UMPDC.dll
0x00007ffdeb7a0000 - 0x00007ffdeb7b2000 	C:\WINDOWS\SYSTEM32\kernel.appcore.dll
0x00007ffdd5730000 - 0x00007ffdd573a000 	C:\Program Files\OpenJDK\jdk-22.0.2\bin\jimage.dll
0x00007ffdddfc0000 - 0x00007ffdde1c1000 	C:\WINDOWS\SYSTEM32\DBGHELP.DLL
0x00007ffdd7310000 - 0x00007ffdd7344000 	C:\WINDOWS\SYSTEM32\dbgcore.DLL
0x00007ffdedc30000 - 0x00007ffdedcb2000 	C:\WINDOWS\System32\bcryptPrimitives.dll
0x00007ffdc9ce0000 - 0x00007ffdc9cfe000 	C:\Program Files\OpenJDK\jdk-22.0.2\bin\java.dll
0x00007ffdef1b0000 - 0x00007ffdef91e000 	C:\WINDOWS\System32\SHELL32.dll
0x00007ffdeeeb0000 - 0x00007ffdeefdb000 	C:\WINDOWS\System32\ole32.dll
0x00007ffdee7e0000 - 0x00007ffdeeb33000 	C:\WINDOWS\System32\combase.dll
0x00007ffdeba80000 - 0x00007ffdec224000 	C:\WINDOWS\SYSTEM32\windows.storage.dll
0x00007ffded430000 - 0x00007ffded45b000 	C:\WINDOWS\SYSTEM32\Wldp.dll
0x00007ffdee400000 - 0x00007ffdee4cd000 	C:\WINDOWS\System32\OLEAUT32.dll
0x00007ffdeed50000 - 0x00007ffdeedfd000 	C:\WINDOWS\System32\SHCORE.dll
0x00007ffdee4d0000 - 0x00007ffdee52b000 	C:\WINDOWS\System32\shlwapi.dll
0x00007ffded930000 - 0x00007ffded954000 	C:\WINDOWS\SYSTEM32\profapi.dll
0x00007ffda74f0000 - 0x00007ffda75c7000 	C:\Program Files\OpenJDK\jdk-22.0.2\bin\jsvml.dll
0x00007ffdd56c0000 - 0x00007ffdd56d0000 	C:\Program Files\OpenJDK\jdk-22.0.2\bin\net.dll
0x00007ffded190000 - 0x00007ffded1fa000 	C:\WINDOWS\system32\mswsock.dll
0x00007ffdc9710000 - 0x00007ffdc9726000 	C:\Program Files\OpenJDK\jdk-22.0.2\bin\nio.dll
0x00007ffdc96b0000 - 0x00007ffdc96c7000 	C:\Program Files\OpenJDK\jdk-22.0.2\bin\zip.dll
0x00007ffded380000 - 0x00007ffded398000 	C:\WINDOWS\SYSTEM32\CRYPTSP.dll
0x00007ffdeca40000 - 0x00007ffdeca78000 	C:\WINDOWS\system32\rsaenh.dll
0x00007ffded8f0000 - 0x00007ffded91e000 	C:\WINDOWS\SYSTEM32\USERENV.dll
0x00007ffded3a0000 - 0x00007ffded3ac000 	C:\WINDOWS\SYSTEM32\CRYPTBASE.dll
0x00007ffdece20000 - 0x00007ffdece5b000 	C:\WINDOWS\SYSTEM32\IPHLPAPI.DLL
0x00007ffdee390000 - 0x00007ffdee398000 	C:\WINDOWS\System32\NSI.dll
0x00007ffddcb80000 - 0x00007ffddcb90000 	C:\Program Files\OpenJDK\jdk-22.0.2\bin\verify.dll
0x00007ffddca90000 - 0x00007ffddcb79000 	C:\Users\AJ\AppData\Local\Temp\sqlite-3.41.2.1-29891763-b707-49ae-821f-a9840e3048e3-sqlitejdbc.dll

dbghelp: loaded successfully - version: 4.0.5 - missing functions: none
symbol engine: initialized successfully - sym options: 0x614 - pdb path: .;C:\Program Files\OpenJDK\jdk-22.0.2\bin;C:\WINDOWS\SYSTEM32;C:\WINDOWS\WinSxS\amd64_microsoft.windows.common-controls_6595b64144ccf1df_6.0.19041.5915_none_60b4b9d171f9c7c7;C:\Program Files\OpenJDK\jdk-22.0.2\bin\server;C:\Users\AJ\AppData\Local\Temp

VM Arguments:
jvm_args: -DkotlinLanguageServer.version=1.3.13 
java_command: org.javacs.kt.MainKt
java_class_path (initial): c:\Users\AJ\AppData\Roaming\Code\User\globalStorage\fwcd.kotlin\langServerInstall\server\lib\server-1.3.13.jar;c:\Users\AJ\AppData\Roaming\Code\User\globalStorage\fwcd.kotlin\langServerInstall\server\lib\shared-1.3.13.jar;c:\Users\AJ\AppData\Roaming\Code\User\globalStorage\fwcd.kotlin\langServerInstall\server\lib\kotlin-scripting-jvm-host-unshaded-2.1.0.jar;c:\Users\AJ\AppData\Roaming\Code\User\globalStorage\fwcd.kotlin\langServerInstall\server\lib\kotlin-scripting-compiler-2.1.0.jar;c:\Users\AJ\AppData\Roaming\Code\User\globalStorage\fwcd.kotlin\langServerInstall\server\lib\ktfmt-b5d31d1.jar;c:\Users\AJ\AppData\Roaming\Code\User\globalStorage\fwcd.kotlin\langServerInstall\server\lib\kotlin-compiler-2.1.0.jar;c:\Users\AJ\AppData\Roaming\Code\User\globalStorage\fwcd.kotlin\langServerInstall\server\lib\exposed-dao-0.37.3.jar;c:\Users\AJ\AppData\Roaming\Code\User\globalStorage\fwcd.kotlin\langServerInstall\server\lib\exposed-jdbc-0.37.3.jar;c:\Users\AJ\AppData\Roaming\Code\User\globalStorage\fwcd.kotlin\langServerInstall\server\lib\exposed-core-0.37.3.jar;c:\Users\AJ\AppData\Roaming\Code\User\globalStorage\fwcd.kotlin\langServerInstall\server\lib\kotlin-scripting-compiler-impl-2.1.0.jar;c:\Users\AJ\AppData\Roaming\Code\User\globalStorage\fwcd.kotlin\langServerInstall\server\lib\kotlin-reflect-2.1.0.jar;c:\Users\AJ\AppData\Roaming\Code\User\globalStorage\fwcd.kotlin\langServerInstall\server\lib\kotlin-scripting-jvm-2.1.0.jar;c:\Users\AJ\AppData\Roaming\Code\User\globalStorage\fwcd.kotlin\langServerInstall\server\lib\kotlin-scripting-common-2.1.0.jar;c:\Users\AJ\AppData\Roaming\Code\User\globalStorage\fwcd.kotlin\langServerInstall\server\lib\kotlinx-coroutines-core-jvm-1.6.4.jar;c:\Users\AJ\AppData\Roaming\Code\User\globalStorage\fwcd.kotlin\langServerInstall\server\lib\kotlin-stdlib-jdk8-2.1.0.jar;c:\Users\AJ\AppData\Roaming\Code\User\globalStorage\fwcd.kotlin\langServerInstall\server\lib\kotlin-stdlib-jdk7-2.1.0.jar;c:\Users\AJ\AppData\Roaming\Code\User\globalStorage\fwcd.kotlin\langServerInstall\server\lib\kotlin-stdlib-2.1.0.jar;c:\Users\AJ\AppData\Roaming\Code\User\globalStorage\fwcd.kotlin\langServerInstall\server\lib\org.eclipse.lsp4j-0.21.2.jar;c:\Users\AJ\AppData\Roaming\Code\User\globalStorage\fwcd.kotlin\langServerInstall\server\lib\org.eclipse.lsp4j.jsonrpc-0.21.2.jar;c:\Users\AJ\AppData\Roaming\Code\User\globalStorage\fwcd.kotlin\langServerInstall\server\lib\kotlin-sam-with-receiver-compiler-plugin-2.1.0.jar;c:\Users\AJ\AppData\Roaming\Code\User\globalStorage\fwcd.kotlin\langServerInstall\server\lib\fernflower-1.0.jar;c:\Users\AJ\AppData\Roaming\Code\User\globalStorage\fwcd.kotlin\langServerInstall\server\lib\h2-1.4.200.jar;c:\Users\AJ\AppData\Roaming\Code\User\globalStorage\fwcd.kotlin\langServerInstall\server\lib\jcommander-1.78.jar;c:\Users\AJ\AppData\Roaming\Code\User\globalStorage\fwcd.kotlin\langServerInstall\server\lib\sqlite-jdbc-3.41.2.1.jar;c:\Users\AJ\AppData\Roaming\Code\User\globalStorage\fwcd.kotlin\langServerInstall\server\lib\google-java-format-1.8.jar;c:\Users\AJ\AppData\Roaming\Code\User\globalStorage\fwcd.kotlin\langServerInstall\server\lib\guava-33.3.0-jre.jar;c:\Users\AJ\AppData\Roaming\Code\User\globalStorage\fwcd.kotlin\langServerInstall\server\lib\annotations-13.0.jar;c:\Users\AJ\AppData\Roaming\Code\User\globalStorage\fwcd.kotlin\langServerInstall\server\lib\gson-2.10.1.jar;c:\Users\AJ\AppData\Roaming\Code\User\globalStorage\fwcd.kotlin\langServerInstall\server\lib\kotlin-script-runtime-2.1.0.jar;c:\Users\AJ\AppData\Roaming\Code\User\globalStorage\fwcd.kotlin\langServerInstall\server\lib\trove4j-1.0.20200330.jar;c:\Users\AJ\AppData\Roaming\Code\User\globalStorage\fwcd.kotlin\langServerInstall\server\lib\jline-3.24.1.jar;c:\Users\AJ\AppData\Roaming\Code\User\globalStorage\fwcd.kotlin\langServerInstall\server\lib\slf4j-api-1.7.25.jar;c:\Users\AJ\AppData\Roaming\Code\User\globalStorage\fwcd.kotlin\langServerInstall\server\lib\jna-4.2.2.jar;c:\Users\AJ\AppData\Roaming\Code\User\globalStorage\fwcd.kotlin\langServerInstall\server\lib\failureaccess-1.0.2.jar;c:\Users\AJ\AppData\Roaming\Code\User\globalStorage\fwcd.kotlin\langServerInstall\server\lib\listenablefuture-9999.0-empty-to-avoid-conflict-with-guava.jar;c:\Users\AJ\AppData\Roaming\Code\User\globalStorage\fwcd.kotlin\langServerInstall\server\lib\jsr305-3.0.2.jar;c:\Users\AJ\AppData\Roaming\Code\User\globalStorage\fwcd.kotlin\langServerInstall\server\lib\checker-qual-3.43.0.jar;c:\Users\AJ\AppData\Roaming\Code\User\globalStorage\fwcd.kotlin\langServerInstall\server\lib\error_prone_annotations-2.28.0.jar
Launcher Type: SUN_STANDARD

[Global flags]
     intx CICompilerCount                          = 3                                         {product} {ergonomic}
     uint ConcGCThreads                            = 1                                         {product} {ergonomic}
     uint G1ConcRefinementThreads                  = 4                                         {product} {ergonomic}
   size_t G1HeapRegionSize                         = 1048576                                   {product} {ergonomic}
   size_t InitialHeapSize                          = 130023424                                 {product} {ergonomic}
   size_t MarkStackSize                            = 4194304                                   {product} {ergonomic}
   size_t MaxHeapSize                              = 2065694720                                {product} {ergonomic}
   size_t MaxNewSize                               = 1239416832                                {product} {ergonomic}
   size_t MinHeapDeltaBytes                        = 1048576                                   {product} {ergonomic}
   size_t MinHeapSize                              = 8388608                                   {product} {ergonomic}
    uintx NonNMethodCodeHeapSize                   = 5832780                                {pd product} {ergonomic}
    uintx NonProfiledCodeHeapSize                  = 122912730                              {pd product} {ergonomic}
    uintx ProfiledCodeHeapSize                     = 122912730                              {pd product} {ergonomic}
    uintx ReservedCodeCacheSize                    = 251658240                              {pd product} {ergonomic}
     bool SegmentedCodeCache                       = true                                      {product} {ergonomic}
   size_t SoftMaxHeapSize                          = 2065694720                             {manageable} {ergonomic}
     bool UseCompressedOops                        = true                           {product lp64_product} {ergonomic}
     bool UseG1GC                                  = true                                      {product} {ergonomic}
     bool UseLargePagesIndividualAllocation        = false                                  {pd product} {ergonomic}

Logging:
Log output configuration:
 #0: stdout all=warning uptime,level,tags foldmultilines=false
 #1: stderr all=off uptime,level,tags foldmultilines=false

Environment Variables:
JAVA_HOME=C:\Program Files\OpenJDK\jdk-22.0.2
CLASSPATH=c:\Users\AJ\AppData\Roaming\Code\User\globalStorage\fwcd.kotlin\langServerInstall\server\lib\server-1.3.13.jar;c:\Users\AJ\AppData\Roaming\Code\User\globalStorage\fwcd.kotlin\langServerInstall\server\lib\shared-1.3.13.jar;c:\Users\AJ\AppData\Roaming\Code\User\globalStorage\fwcd.kotlin\langServerInstall\server\lib\kotlin-scripting-jvm-host-unshaded-2.1.0.jar;c:\Users\AJ\AppData\Roaming\Code\User\globalStorage\fwcd.kotlin\langServerInstall\server\lib\kotlin-scripting-compiler-2.1.0.jar;c:\Users\AJ\AppData\Roaming\Code\User\globalStorage\fwcd.kotlin\langServerInstall\server\lib\ktfmt-b5d31d1.jar;c:\Users\AJ\AppData\Roaming\Code\User\globalStorage\fwcd.kotlin\langServerInstall\server\lib\kotlin-compiler-2.1.0.jar;c:\Users\AJ\AppData\Roaming\Code\User\globalStorage\fwcd.kotlin\langServerInstall\server\lib\exposed-dao-0.37.3.jar;c:\Users\AJ\AppData\Roaming\Code\User\globalStorage\fwcd.kotlin\langServerInstall\server\lib\exposed-jdbc-0.37.3.jar;c:\Users\AJ\AppData\Roaming\Code\User\globalStorage\fwcd.kotlin\langServerInstall\server\lib\exposed-core-0.37.3.jar;c:\Users\AJ\AppData\Roaming\Code\User\globalStorage\fwcd.kotlin\langServerInstall\server\lib\kotlin-scripting-compiler-impl-2.1.0.jar;c:\Users\AJ\AppData\Roaming\Code\User\globalStorage\fwcd.kotlin\langServerInstall\server\lib\kotlin-reflect-2.1.0.jar;c:\Users\AJ\AppData\Roaming\Code\User\globalStorage\fwcd.kotlin\langServerInstall\server\lib\kotlin-scripting-jvm-2.1.0.jar;c:\Users\AJ\AppData\Roaming\Code\User\globalStorage\fwcd.kotlin\langServerInstall\server\lib\kotlin-scripting-common-2.1.0.jar;c:\Users\AJ\AppData\Roaming\Code\User\globalStorage\fwcd.kotlin\langServerInstall\server\lib\kotlinx-coroutines-core-jvm-1.6.4.jar;c:\Users\AJ\AppData\Roaming\Code\User\globalStorage\fwcd.kotlin\langServerInstall\server\lib\kotlin-stdlib-jdk8-2.1.0.jar;c:\Users\AJ\AppData\Roaming\Code\User\globalStorage\fwcd.kotlin\langServerInstall\server\lib\kotlin-stdlib-jdk7-2.1.0.jar;c:\Users\AJ\AppData\Roaming\Code\User\globalStorage\fwcd.kotlin\langServerInstall\server\lib\kotlin-stdlib-2.1.0.jar;c:\Users\AJ\AppData\Roaming\Code\User\globalStorage\fwcd.kotlin\langServerInstall\server\lib\org.eclipse.lsp4j-0.21.2.jar;c:\Users\AJ\AppData\Roaming\Code\User\globalStorage\fwcd.kotlin\langServerInstall\server\lib\org.eclipse.lsp4j.jsonrpc-0.21.2.jar;c:\Users\AJ\AppData\Roaming\Code\User\globalStorage\fwcd.kotlin\langServerInstall\server\lib\kotlin-sam-with-receiver-compiler-plugin-2.1.0.jar;c:\Users\AJ\AppData\Roaming\Code\User\globalStorage\fwcd.kotlin\langServerInstall\server\lib\fernflower-1.0.jar;c:\Users\AJ\AppData\Roaming\Code\User\globalStorage\fwcd.kotlin\langServerInstall\server\lib\h2-1.4.200.jar;c:\Users\AJ\AppData\Roaming\Code\User\globalStorage\fwcd.kotlin\langServerInstall\server\lib\jcommander-1.78.jar;c:\Users\AJ\AppData\Roaming\Code\User\globalStorage\fwcd.kotlin\langServerInstall\server\lib\sqlite-jdbc-3.41.2.1.jar;c:\Users\AJ\AppData\Roaming\Code\User\globalStorage\fwcd.kotlin\langServerInstall\server\lib\google-java-format-1.8.jar;c:\Users\AJ\AppData\Roaming\Code\User\globalStorage\fwcd.kotlin\langServerInstall\server\lib\guava-33.3.0-jre.jar;c:\Users\AJ\AppData\Roaming\Code\User\globalStorage\fwcd.kotlin\langServerInstall\server\lib\annotations-13.0.jar;c:\Users\AJ\AppData\Roaming\Code\User\globalStorage\fwcd.kotlin\langServerInstall\server\lib\gson-2.10.1.jar;c:\Users\AJ\AppData\Roaming\Code\User\globalStorage\fwcd.kotlin\langServerInstall\server\lib\kotlin-script-runtime-2.1.0.jar;c:\Users\AJ\AppData\Roaming\Code\User\globalStorage\fwcd.kotlin\langServerInstall\server\lib\trove4j-1.0.20200330.jar;c:\Users\AJ\AppData\Roaming\Code\User\globalStorage\fwcd.kotlin\langServerInstall\server\lib\jline-3.24.1.jar;c:\Users\AJ\AppData\Roaming\Code\User\globalStorage\fwcd.kotlin\langServerInstall\server\lib\slf4j-api-1.7.25.jar;c:\Users\AJ\AppData\Roaming\Code\User\globalStorage\fwcd.kotlin\langServerInstall\server\lib\jna-4.2.2.jar;c:\Users\AJ\AppData\Roaming\Code\User\globalStorage\fwcd.kotlin\langServerInstall\server\lib\failureaccess-1.0.2.jar;c:\Users\AJ\AppData\Roaming\Code\User\globalStorage\fwcd.kotlin\langServerInstall\server\lib\listenablefuture-9999.0-empty-to-avoid-conflict-with-guava.jar;c:\Users\AJ\AppData\Roaming\Code\User\globalStorage\fwcd.kotlin\langServerInstall\server\lib\jsr305-3.0.2.jar;c:\Users\AJ\AppData\Roaming\Code\User\globalStorage\fwcd.kotlin\langServerInstall\server\lib\checker-qual-3.43.0.jar;c:\Users\AJ\AppData\Roaming\Code\User\globalStorage\fwcd.kotlin\langServerInstall\server\lib\error_prone_annotations-2.28.0.jar
PATH=C:\Program Files\Common Files\Oracle\Java\javapath;C:\Program Files (x86)\OpenLogic\jre-8.0.382.05-hotspot\bin;C:\Program Files\Microsoft\jdk-11.0.18.10-hotspot\bin;C:\ProgramData\chocolatey\bin;C:\Users\AJ\AppData\Local\Android\Sdk\platform-tools;C:\WINDOWS\system32;C:\WINDOWS;C:\WINDOWS\System32\Wbem;C:\WINDOWS\System32\WindowsPowerShell\v1.0\;C:\WINDOWS\System32\OpenSSH\;C:\Users\AJ\AppData\Local\Programs\Python\Python312\;C:\Users\AJ\AppData\Local\Programs\Python\Python312\Scripts\;C:\Program Files\Git\cmd;C:\Program Files\Git\bin;C:\Program Files (x86)\Microsoft SQL Server\160\Tools\Binn\;C:\Program Files\Microsoft SQL Server\160\Tools\Binn\;C:\Program Files\Microsoft SQL Server\Client SDK\ODBC\170\Tools\Binn\;C:\Program Files\Microsoft SQL Server\160\DTS\Binn\;C:\Program Files\nodejs\;C:\Program Files (x86)\Microsoft SQL Server\160\DTS\Binn\;C:\Program Files\OpenJDK\jdk-22.0.2\bin;C:\Program Files (x86)\dotnet\;C:\Users\AJ\AppData\Local\Programs\Python\Python313\Scripts\;C:\Users\AJ\AppData\Local\Programs\Python\Python313\;C:\Users\AJ\AppData\Local\Programs\Python\Launcher\;C:\Users\AJ\AppData\Local\Microsoft\WindowsApps;C:\Users\AJ\AppData\Local\Programs\Microsoft VS Code\bin;C:\Users\AJ\AppData\Local\JetBrains\IntelliJ IDEA 2024.1.3\bin;C:\Users\AJ\AppData\Roaming\npm;C:\Users\AJ\AppData\Local\Programs\cursor\resources\app\bin
USERNAME=AJ
OS=Windows_NT
PROCESSOR_IDENTIFIER=Intel64 Family 6 Model 69 Stepping 1, GenuineIntel
TMP=C:\Users\AJ\AppData\Local\Temp
TEMP=C:\Users\AJ\AppData\Local\Temp




Periodic native trim disabled

---------------  S Y S T E M  ---------------

OS:
 Windows 10 , 64 bit Build 19041 (10.0.19041.5915)
OS uptime: 0 days 0:54 hours

CPU: total 4 (initial active 4) (2 cores per cpu, 2 threads per core) family 6 model 69 stepping 1 microcode 0x25, cx8, cmov, fxsr, ht, mmx, sse, sse2, sse3, ssse3, sse4.1, sse4.2, popcnt, lzcnt, tsc, tscinvbit, avx, avx2, aes, erms, clmul, bmi1, bmi2, fma, vzeroupper, clflush, rdtscp, f16c
Processor Information for all 4 processors :
  Max Mhz: 2494, Current Mhz: 1895, Mhz Limit: 1895

Memory: 4k page, system-wide physical 7878M (506M free)
TotalPageFile size 12841M (AvailPageFile size 91M)
current process WorkingSet (physical memory assigned to process): 288M, peak: 289M
current process commit charge ("private bytes"): 302M, peak: 303M

vm_info: OpenJDK 64-Bit Server VM (22.0.2+9-70) for windows-amd64 JRE (22.0.2+9-70), built on 2024-06-04T16:52:23Z by "mach5one" with MS VC++ 17.6 (VS2022)

END.
