#
# There is insufficient memory for the Java Runtime Environment to continue.
# Native memory allocation (malloc) failed to allocate 1048576 bytes. Error detail: AllocateHeap
# Possible reasons:
#   The system is out of physical RAM or swap space
#   This process is running with CompressedOops enabled, and the Java Heap may be blocking the growth of the native heap
# Possible solutions:
#   Reduce memory load on the system
#   Increase physical memory or swap space
#   Check if swap backing store is full
#   Decrease Java heap size (-Xmx/-Xms)
#   Decrease number of Java threads
#   Decrease Java thread stack sizes (-Xss)
#   Set larger code cache with -XX:ReservedCodeCacheSize=
#   JVM is running with Unscaled Compressed Oops mode in which the Java heap is
#     placed in the first 4GB address space. The Java Heap base address is the
#     maximum limit for the native heap growth. Please use -XX:HeapBaseMinAddress
#     to set the Java Heap base and to place the Java Heap above 4GB virtual address.
# This output file may be truncated or incomplete.
#
#  Out of Memory Error (allocation.cpp:44), pid=6028, tid=5444
#
# JRE version: OpenJDK Runtime Environment Temurin-21.0.8+9 (21.0.8+9) (build 21.0.8+9-LTS)
# Java VM: OpenJDK 64-Bit Server VM Temurin-21.0.8+9 (21.0.8+9-LTS, mixed mode, sharing, tiered, compressed oops, compressed class ptrs, parallel gc, windows-amd64)
# No core dump will be written. Minidumps are not enabled by default on client versions of Windows
#

---------------  S U M M A R Y ------------

Command Line: --add-modules=ALL-SYSTEM --add-opens=java.base/java.util=ALL-UNNAMED --add-opens=java.base/java.lang=ALL-UNNAMED --add-opens=java.base/sun.nio.fs=ALL-UNNAMED -Declipse.application=org.eclipse.jdt.ls.core.id1 -Dosgi.bundles.defaultStartLevel=4 -Declipse.product=org.eclipse.jdt.ls.core.product -Djava.import.generatesMetadataFilesAtProjectRoot=false -DDetectVMInstallationsJob.disabled=true -Dfile.encoding=utf8 -XX:+UseParallelGC -XX:GCTimeRatio=4 -XX:AdaptiveSizePolicyWeight=90 -Dsun.zip.disableMemoryMapping=true -Xmx2G -Xms100m -Xlog:disable -javaagent:c:\Users\AJ\.vscode\extensions\redhat.java-1.44.0-win32-x64\lombok\lombok-1.18.39-4050.jar -XX:+HeapDumpOnOutOfMemoryError -XX:HeapDumpPath=c:\Users\AJ\AppData\Roaming\Code\User\workspaceStorage\42d3df7c00ac9b0f7d13d418ec405ff2\redhat.java -Daether.dependencyCollector.impl=bf c:\Users\AJ\.vscode\extensions\redhat.java-1.44.0-win32-x64\server\plugins\org.eclipse.equinox.launcher_1.7.0.v20250519-0528.jar -configuration c:\Users\AJ\AppData\Roaming\Code\User\globalStorage\redhat.java\1.44.0\config_win -data c:\Users\AJ\AppData\Roaming\Code\User\workspaceStorage\42d3df7c00ac9b0f7d13d418ec405ff2\redhat.java\jdt_ws --pipe=\\.\pipe\lsp-0042a18f25efef3daf8d9380bda87569-sock

Host: Intel(R) Core(TM) i5-4300U CPU @ 1.90GHz, 4 cores, 7G,  Windows 10 , 64 bit Build 19041 (10.0.19041.5915)
Time: Fri Aug  1 18:32:02 2025 Pakistan Standard Time elapsed time: 4703.461634 seconds (0d 1h 18m 23s)

---------------  T H R E A D  ---------------

Current thread (0x00000244fbc3da90):  JavaThread "Attach Listener" daemon [_thread_in_vm, id=5444, stack(0x0000006cbd400000,0x0000006cbd500000) (1024K)]

Stack: [0x0000006cbd400000,0x0000006cbd500000]
Native frames: (J=compiled Java code, j=interpreted, Vv=VM code, C=native code)
V  [jvm.dll+0x6d2449]
V  [jvm.dll+0x8ae341]
V  [jvm.dll+0x8b08be]
V  [jvm.dll+0x8b0fa3]
V  [jvm.dll+0x280c96]
V  [jvm.dll+0xc0347]
V  [jvm.dll+0x6d2cf9]
V  [jvm.dll+0x131116]
V  [jvm.dll+0x3f2d16]
V  [jvm.dll+0x857e6b]
V  [jvm.dll+0x6d0b0d]
C  [ucrtbase.dll+0x21bb2]
C  [KERNEL32.DLL+0x17374]
C  [ntdll.dll+0x4cc91]


---------------  P R O C E S S  ---------------

Threads class SMR info:
_java_thread_list=0x00000244c72bacb0, length=31, elements={
0x00000244e52611e0, 0x00000244fbc37a70, 0x00000244fbc3b280, 0x00000244fbc3cb80,
0x00000244fbc3da90, 0x00000244fbc40a30, 0x00000244fbc428e0, 0x00000244fbc433e0,
0x00000244fbcba960, 0x00000244fbd0b9e0, 0x00000244fcb44280, 0x00000244fd1d7510,
0x00000244fc991d30, 0x00000244fd338040, 0x00000244fd33e040, 0x00000244fcf75f40,
0x00000244fd872670, 0x00000244fd4a46c0, 0x00000244fd4a5a70, 0x00000244fd4a3310,
0x00000244fd4a4d50, 0x00000244fd4a53e0, 0x00000244c5121310, 0x00000244c51233e0,
0x00000244c511ff60, 0x00000244c51226c0, 0x00000244c5122d50, 0x00000244c51205f0,
0x00000244c5120c80, 0x00000244c51219a0, 0x00000244c6d9f120
}

Java Threads: ( => current thread )
  0x00000244e52611e0 JavaThread "main"                              [_thread_blocked, id=6332, stack(0x0000006cbcd00000,0x0000006cbce00000) (1024K)]
  0x00000244fbc37a70 JavaThread "Reference Handler"          daemon [_thread_blocked, id=11040, stack(0x0000006cbd100000,0x0000006cbd200000) (1024K)]
  0x00000244fbc3b280 JavaThread "Finalizer"                  daemon [_thread_blocked, id=10320, stack(0x0000006cbd200000,0x0000006cbd300000) (1024K)]
  0x00000244fbc3cb80 JavaThread "Signal Dispatcher"          daemon [_thread_blocked, id=2532, stack(0x0000006cbd300000,0x0000006cbd400000) (1024K)]
=>0x00000244fbc3da90 JavaThread "Attach Listener"            daemon [_thread_in_vm, id=5444, stack(0x0000006cbd400000,0x0000006cbd500000) (1024K)]
  0x00000244fbc40a30 JavaThread "Service Thread"             daemon [_thread_blocked, id=2624, stack(0x0000006cbd500000,0x0000006cbd600000) (1024K)]
  0x00000244fbc428e0 JavaThread "Monitor Deflation Thread"   daemon [_thread_blocked, id=5528, stack(0x0000006cbd600000,0x0000006cbd700000) (1024K)]
  0x00000244fbc433e0 JavaThread "C2 CompilerThread0"         daemon [_thread_blocked, id=9372, stack(0x0000006cbd700000,0x0000006cbd800000) (1024K)]
  0x00000244fbcba960 JavaThread "C1 CompilerThread0"         daemon [_thread_blocked, id=4016, stack(0x0000006cbd800000,0x0000006cbd900000) (1024K)]
  0x00000244fbd0b9e0 JavaThread "Common-Cleaner"             daemon [_thread_blocked, id=1292, stack(0x0000006cbd900000,0x0000006cbda00000) (1024K)]
  0x00000244fcb44280 JavaThread "Notification Thread"        daemon [_thread_blocked, id=2128, stack(0x0000006cbda00000,0x0000006cbdb00000) (1024K)]
  0x00000244fd1d7510 JavaThread "Active Thread: Equinox Container: ddc6174a-e3ba-4876-9f4c-aac81074d4d4"        [_thread_blocked, id=10460, stack(0x0000006cbde00000,0x0000006cbdf00000) (1024K)]
  0x00000244fc991d30 JavaThread "Refresh Thread: Equinox Container: ddc6174a-e3ba-4876-9f4c-aac81074d4d4" daemon [_thread_blocked, id=10892, stack(0x0000006cbdf00000,0x0000006cbe000000) (1024K)]
  0x00000244fd338040 JavaThread "Framework Event Dispatcher: Equinox Container: ddc6174a-e3ba-4876-9f4c-aac81074d4d4" daemon [_thread_blocked, id=9280, stack(0x0000006cbe000000,0x0000006cbe100000) (1024K)]
  0x00000244fd33e040 JavaThread "Start Level: Equinox Container: ddc6174a-e3ba-4876-9f4c-aac81074d4d4" daemon [_thread_blocked, id=9296, stack(0x0000006cbe100000,0x0000006cbe200000) (1024K)]
  0x00000244fcf75f40 JavaThread "Bundle File Closer"         daemon [_thread_blocked, id=4568, stack(0x0000006cbe200000,0x0000006cbe300000) (1024K)]
  0x00000244fd872670 JavaThread "SCR Component Actor"        daemon [_thread_blocked, id=9256, stack(0x0000006cbe300000,0x0000006cbe400000) (1024K)]
  0x00000244fd4a46c0 JavaThread "Worker-JM"                         [_thread_blocked, id=11128, stack(0x0000006cbe500000,0x0000006cbe600000) (1024K)]
  0x00000244fd4a5a70 JavaThread "JNA Cleaner"                daemon [_thread_blocked, id=8728, stack(0x0000006cbe600000,0x0000006cbe700000) (1024K)]
  0x00000244fd4a3310 JavaThread "Worker-1"                          [_thread_blocked, id=2176, stack(0x0000006cbe400000,0x0000006cbe500000) (1024K)]
  0x00000244fd4a4d50 JavaThread "Worker-2"                          [_thread_blocked, id=8272, stack(0x0000006cbe800000,0x0000006cbe900000) (1024K)]
  0x00000244fd4a53e0 JavaThread "Java indexing"              daemon [_thread_blocked, id=8356, stack(0x0000006cbeb00000,0x0000006cbec00000) (1024K)]
  0x00000244c5121310 JavaThread "Thread-3"                   daemon [_thread_in_native, id=6924, stack(0x0000006cbef00000,0x0000006cbf000000) (1024K)]
  0x00000244c51233e0 JavaThread "Thread-4"                   daemon [_thread_in_native, id=8696, stack(0x0000006cbf000000,0x0000006cbf100000) (1024K)]
  0x00000244c511ff60 JavaThread "Thread-5"                   daemon [_thread_in_native, id=12120, stack(0x0000006cbf100000,0x0000006cbf200000) (1024K)]
  0x00000244c51226c0 JavaThread "Thread-6"                   daemon [_thread_in_native, id=1728, stack(0x0000006cbf200000,0x0000006cbf300000) (1024K)]
  0x00000244c5122d50 JavaThread "Thread-7"                   daemon [_thread_in_native, id=6768, stack(0x0000006cbf300000,0x0000006cbf400000) (1024K)]
  0x00000244c51205f0 JavaThread "pool-2-thread-1"                   [_thread_blocked, id=7728, stack(0x0000006cbf400000,0x0000006cbf500000) (1024K)]
  0x00000244c5120c80 JavaThread "WorkspaceEventsHandler"            [_thread_blocked, id=10500, stack(0x0000006cbf600000,0x0000006cbf700000) (1024K)]
  0x00000244c51219a0 JavaThread "pool-1-thread-1"                   [_thread_blocked, id=9752, stack(0x0000006cbf700000,0x0000006cbf800000) (1024K)]
  0x00000244c6d9f120 JavaThread "Timer-0"                           [_thread_blocked, id=13452, stack(0x0000006cbcc00000,0x0000006cbcd00000) (1024K)]
Total: 31

Other Threads:
  0x00000244e531eb90 VMThread "VM Thread"                           [id=9920, stack(0x0000006cbd000000,0x0000006cbd100000) (1024K)]
  0x00000244e52cc100 WatcherThread "VM Periodic Task Thread"        [id=3720, stack(0x0000006cbcf00000,0x0000006cbd000000) (1024K)]
  0x00000244e5280650 WorkerThread "GC Thread#0"                     [id=2164, stack(0x0000006cbce00000,0x0000006cbcf00000) (1024K)]
  0x00000244fcf4d8b0 WorkerThread "GC Thread#1"                     [id=2040, stack(0x0000006cbdb00000,0x0000006cbdc00000) (1024K)]
  0x00000244fcf49270 WorkerThread "GC Thread#2"                     [id=7084, stack(0x0000006cbdc00000,0x0000006cbdd00000) (1024K)]
  0x00000244fcf49610 WorkerThread "GC Thread#3"                     [id=5752, stack(0x0000006cbdd00000,0x0000006cbde00000) (1024K)]
Total: 6

Threads with active compile tasks:
Total: 0

VM state: not at safepoint (normal execution)

VM Mutex/Monitor currently owned by a thread: None

Heap address: 0x0000000080000000, size: 2048 MB, Compressed Oops mode: 32-bit

CDS archive(s) mapped at: [0x0000024480000000-0x0000024480ba0000-0x0000024480ba0000), size 12189696, SharedBaseAddress: 0x0000024480000000, ArchiveRelocationMode: 1.
Compressed class space mapped at: 0x0000024481000000-0x00000244c1000000, reserved size: 1073741824
Narrow klass base: 0x0000024480000000, Narrow klass shift: 0, Narrow klass range: 0x100000000

GC Precious Log:
 CardTable entry size: 512
 CPUs: 4 total, 4 available
 Memory: 7878M
 Large Page Support: Disabled
 NUMA Support: Disabled
 Compressed Oops: Enabled (32-bit)
 Alignments: Space 512K, Generation 512K, Heap 2M
 Heap Min Capacity: 100M
 Heap Initial Capacity: 100M
 Heap Max Capacity: 2G
 Pre-touch: Disabled
 Parallel Workers: 4

Heap:
 PSYoungGen      total 3584K, used 159K [0x00000000d5580000, 0x00000000d5b80000, 0x0000000100000000)
  eden space 3072K, 2% used [0x00000000d5580000,0x00000000d558fec8,0x00000000d5880000)
  from space 512K, 18% used [0x00000000d5b00000,0x00000000d5b18000,0x00000000d5b80000)
  to   space 512K, 0% used [0x00000000d5a80000,0x00000000d5a80000,0x00000000d5b00000)
 ParOldGen       total 199680K, used 199481K [0x0000000080000000, 0x000000008c300000, 0x00000000d5580000)
  object space 199680K, 99% used [0x0000000080000000,0x000000008c2ce668,0x000000008c300000)
 Metaspace       used 70127K, committed 71616K, reserved 1114112K
  class space    used 7978K, committed 8640K, reserved 1048576K

Card table byte_map: [0x00000244e4c40000,0x00000244e5050000] _byte_map_base: 0x00000244e4840000

Marking Bits: (ParMarkBitMap*) 0x00007fff333ea340
 Begin Bits: [0x00000244f7710000, 0x00000244f9710000)
 End Bits:   [0x00000244f9710000, 0x00000244fb710000)

Polling page: 0x00000244e4a30000

Metaspace:

Usage:
  Non-class:     60.69 MB used.
      Class:      7.79 MB used.
       Both:     68.48 MB used.

Virtual space:
  Non-class space:       64.00 MB reserved,      61.50 MB ( 96%) committed,  1 nodes.
      Class space:        1.00 GB reserved,       8.44 MB ( <1%) committed,  1 nodes.
             Both:        1.06 GB reserved,      69.94 MB (  6%) committed. 

Chunk freelists:
   Non-Class:  2.16 MB
       Class:  7.62 MB
        Both:  9.79 MB

MaxMetaspaceSize: unlimited
CompressedClassSpaceSize: 1.00 GB
Initial GC threshold: 21.00 MB
Current GC threshold: 97.31 MB
CDS: on
 - commit_granule_bytes: 65536.
 - commit_granule_words: 8192.
 - virtual_space_node_default_size: 8388608.
 - enlarge_chunks_in_place: 1.
 - use_allocation_guard: 0.


Internal statistics:

num_allocs_failed_limit: 9.
num_arena_births: 1148.
num_arena_deaths: 14.
num_vsnodes_births: 2.
num_vsnodes_deaths: 0.
num_space_committed: 1119.
num_space_uncommitted: 0.
num_chunks_returned_to_freelist: 23.
num_chunks_taken_from_freelist: 3994.
num_chunk_merges: 10.
num_chunk_splits: 2587.
num_chunks_enlarged: 1664.
num_inconsistent_stats: 0.

CodeHeap 'non-profiled nmethods': size=120000Kb used=9842Kb max_used=9842Kb free=110157Kb
 bounds [0x00000244eff30000, 0x00000244f08d0000, 0x00000244f7460000]
CodeHeap 'profiled nmethods': size=120000Kb used=23679Kb max_used=23679Kb free=96320Kb
 bounds [0x00000244e8460000, 0x00000244e9b80000, 0x00000244ef990000]
CodeHeap 'non-nmethods': size=5760Kb used=1450Kb max_used=1498Kb free=4309Kb
 bounds [0x00000244ef990000, 0x00000244efc00000, 0x00000244eff30000]
CodeCache: size=245760Kb, used=34971Kb, max_used=35019Kb, free=210786Kb
 total_blobs=11808, nmethods=11050, adapters=663, full_count=0
Compilation: enabled, stopped_count=0, restarted_count=0

Compilation events (20 events):
Event: 3063.265 Thread 0x00000244fbc433e0 12031       4       org.eclipse.core.internal.resources.MarkerSet::shareStrings (57 bytes)
Event: 3063.268 Thread 0x00000244fbc433e0 nmethod 12031 0x00000244f08c9d90 code [0x00000244f08c9f40, 0x00000244f08ca0a8]
Event: 3323.418 Thread 0x00000244fbcba960 12032       3       java.util.concurrent.locks.AbstractQueuedSynchronizer$ConditionObject::await (207 bytes)
Event: 3323.420 Thread 0x00000244fbcba960 nmethod 12032 0x00000244e9b7bb10 code [0x00000244e9b7be20, 0x00000244e9b7cce0]
Event: 3370.001 Thread 0x00000244fbcba960 12033       3       java.lang.ref.ReferenceQueue::await (15 bytes)
Event: 3370.001 Thread 0x00000244fbcba960 nmethod 12033 0x00000244e9b7d310 code [0x00000244e9b7d4c0, 0x00000244e9b7d660]
Event: 3434.137 Thread 0x00000244fbcba960 12034       1       org.eclipse.osgi.internal.location.BasicLocation::isReadOnly (5 bytes)
Event: 3434.140 Thread 0x00000244fbcba960 nmethod 12034 0x00000244f08ca210 code [0x00000244f08ca3a0, 0x00000244f08ca470]
Event: 3576.225 Thread 0x00000244fbcba960 12035       3       java.net.URI::relativize (154 bytes)
Event: 3576.227 Thread 0x00000244fbcba960 nmethod 12035 0x00000244e9b7d790 code [0x00000244e9b7dae0, 0x00000244e9b7ec00]
Event: 3670.565 Thread 0x00000244fbc433e0 12036 %     4       java.net.URI::needsNormalization @ 123 (184 bytes)
Event: 3670.581 Thread 0x00000244fbc433e0 nmethod 12036% 0x00000244f08ca510 code [0x00000244f08ca720, 0x00000244f08cadd0]
Event: 3940.179 Thread 0x00000244fbcba960 12037       1       com.sun.jna.internal.Cleaner::access$200 (5 bytes)
Event: 3940.185 Thread 0x00000244fbcba960 nmethod 12037 0x00000244f08cb410 code [0x00000244f08cb5a0, 0x00000244f08cb650]
Event: 3986.647 Thread 0x00000244fbc433e0 12038       4       java.net.URI::needsNormalization (184 bytes)
Event: 3986.669 Thread 0x00000244fbc433e0 nmethod 12038 0x00000244f08cb710 code [0x00000244f08cb940, 0x00000244f08cc0b0]
Event: 4036.009 Thread 0x00000244fbcba960 12039       3       java.lang.ProcessHandleImpl::get (51 bytes)
Event: 4036.028 Thread 0x00000244fbcba960 nmethod 12039 0x00000244e9b7f310 code [0x00000244e9b7f520, 0x00000244e9b7fb28]
Event: 4566.436 Thread 0x00000244fbc433e0 12040       4       java.lang.Thread::interrupted (7 bytes)
Event: 4566.438 Thread 0x00000244fbc433e0 nmethod 12040 0x00000244f08cc790 code [0x00000244f08cc920, 0x00000244f08cc9d8]

GC Heap History (20 events):
Event: 2184.602 GC heap before
{Heap before GC invocations=518 (full 3):
 PSYoungGen      total 3584K, used 3168K [0x00000000d5580000, 0x00000000d5b80000, 0x0000000100000000)
  eden space 3072K, 100% used [0x00000000d5580000,0x00000000d5880000,0x00000000d5880000)
  from space 512K, 18% used [0x00000000d5b00000,0x00000000d5b18000,0x00000000d5b80000)
  to   space 512K, 0% used [0x00000000d5a80000,0x00000000d5a80000,0x00000000d5b00000)
 ParOldGen       total 199168K, used 199129K [0x0000000080000000, 0x000000008c280000, 0x00000000d5580000)
  object space 199168K, 99% used [0x0000000080000000,0x000000008c276648,0x000000008c280000)
 Metaspace       used 69943K, committed 71296K, reserved 1114112K
  class space    used 7974K, committed 8576K, reserved 1048576K
}
Event: 2184.603 GC heap after
{Heap after GC invocations=518 (full 3):
 PSYoungGen      total 3584K, used 128K [0x00000000d5580000, 0x00000000d5b80000, 0x0000000100000000)
  eden space 3072K, 0% used [0x00000000d5580000,0x00000000d5580000,0x00000000d5880000)
  from space 512K, 25% used [0x00000000d5a80000,0x00000000d5aa0000,0x00000000d5b00000)
  to   space 512K, 0% used [0x00000000d5b00000,0x00000000d5b00000,0x00000000d5b80000)
 ParOldGen       total 199168K, used 199137K [0x0000000080000000, 0x000000008c280000, 0x00000000d5580000)
  object space 199168K, 99% used [0x0000000080000000,0x000000008c278648,0x000000008c280000)
 Metaspace       used 69943K, committed 71296K, reserved 1114112K
  class space    used 7974K, committed 8576K, reserved 1048576K
}
Event: 2184.714 GC heap before
{Heap before GC invocations=519 (full 3):
 PSYoungGen      total 3584K, used 3200K [0x00000000d5580000, 0x00000000d5b80000, 0x0000000100000000)
  eden space 3072K, 100% used [0x00000000d5580000,0x00000000d5880000,0x00000000d5880000)
  from space 512K, 25% used [0x00000000d5a80000,0x00000000d5aa0000,0x00000000d5b00000)
  to   space 512K, 0% used [0x00000000d5b00000,0x00000000d5b00000,0x00000000d5b80000)
 ParOldGen       total 199168K, used 199137K [0x0000000080000000, 0x000000008c280000, 0x00000000d5580000)
  object space 199168K, 99% used [0x0000000080000000,0x000000008c278648,0x000000008c280000)
 Metaspace       used 69943K, committed 71296K, reserved 1114112K
  class space    used 7974K, committed 8576K, reserved 1048576K
}
Event: 2184.715 GC heap after
{Heap after GC invocations=519 (full 3):
 PSYoungGen      total 3584K, used 64K [0x00000000d5580000, 0x00000000d5b80000, 0x0000000100000000)
  eden space 3072K, 0% used [0x00000000d5580000,0x00000000d5580000,0x00000000d5880000)
  from space 512K, 12% used [0x00000000d5b00000,0x00000000d5b10000,0x00000000d5b80000)
  to   space 512K, 0% used [0x00000000d5a80000,0x00000000d5a80000,0x00000000d5b00000)
 ParOldGen       total 199168K, used 199161K [0x0000000080000000, 0x000000008c280000, 0x00000000d5580000)
  object space 199168K, 99% used [0x0000000080000000,0x000000008c27e648,0x000000008c280000)
 Metaspace       used 69943K, committed 71296K, reserved 1114112K
  class space    used 7974K, committed 8576K, reserved 1048576K
}
Event: 2184.879 GC heap before
{Heap before GC invocations=520 (full 3):
 PSYoungGen      total 3584K, used 3136K [0x00000000d5580000, 0x00000000d5b80000, 0x0000000100000000)
  eden space 3072K, 100% used [0x00000000d5580000,0x00000000d5880000,0x00000000d5880000)
  from space 512K, 12% used [0x00000000d5b00000,0x00000000d5b10000,0x00000000d5b80000)
  to   space 512K, 0% used [0x00000000d5a80000,0x00000000d5a80000,0x00000000d5b00000)
 ParOldGen       total 199168K, used 199161K [0x0000000080000000, 0x000000008c280000, 0x00000000d5580000)
  object space 199168K, 99% used [0x0000000080000000,0x000000008c27e648,0x000000008c280000)
 Metaspace       used 69944K, committed 71296K, reserved 1114112K
  class space    used 7974K, committed 8576K, reserved 1048576K
}
Event: 2184.880 GC heap after
{Heap after GC invocations=520 (full 3):
 PSYoungGen      total 3584K, used 128K [0x00000000d5580000, 0x00000000d5b80000, 0x0000000100000000)
  eden space 3072K, 0% used [0x00000000d5580000,0x00000000d5580000,0x00000000d5880000)
  from space 512K, 25% used [0x00000000d5a80000,0x00000000d5aa0000,0x00000000d5b00000)
  to   space 512K, 0% used [0x00000000d5b00000,0x00000000d5b00000,0x00000000d5b80000)
 ParOldGen       total 199680K, used 199185K [0x0000000080000000, 0x000000008c300000, 0x00000000d5580000)
  object space 199680K, 99% used [0x0000000080000000,0x000000008c284648,0x000000008c300000)
 Metaspace       used 69944K, committed 71296K, reserved 1114112K
  class space    used 7974K, committed 8576K, reserved 1048576K
}
Event: 2184.984 GC heap before
{Heap before GC invocations=521 (full 3):
 PSYoungGen      total 3584K, used 3200K [0x00000000d5580000, 0x00000000d5b80000, 0x0000000100000000)
  eden space 3072K, 100% used [0x00000000d5580000,0x00000000d5880000,0x00000000d5880000)
  from space 512K, 25% used [0x00000000d5a80000,0x00000000d5aa0000,0x00000000d5b00000)
  to   space 512K, 0% used [0x00000000d5b00000,0x00000000d5b00000,0x00000000d5b80000)
 ParOldGen       total 199680K, used 199185K [0x0000000080000000, 0x000000008c300000, 0x00000000d5580000)
  object space 199680K, 99% used [0x0000000080000000,0x000000008c284648,0x000000008c300000)
 Metaspace       used 69944K, committed 71296K, reserved 1114112K
  class space    used 7974K, committed 8576K, reserved 1048576K
}
Event: 2184.985 GC heap after
{Heap after GC invocations=521 (full 3):
 PSYoungGen      total 3584K, used 128K [0x00000000d5580000, 0x00000000d5b80000, 0x0000000100000000)
  eden space 3072K, 0% used [0x00000000d5580000,0x00000000d5580000,0x00000000d5880000)
  from space 512K, 25% used [0x00000000d5b00000,0x00000000d5b20000,0x00000000d5b80000)
  to   space 512K, 0% used [0x00000000d5a80000,0x00000000d5a80000,0x00000000d5b00000)
 ParOldGen       total 199680K, used 199185K [0x0000000080000000, 0x000000008c300000, 0x00000000d5580000)
  object space 199680K, 99% used [0x0000000080000000,0x000000008c284648,0x000000008c300000)
 Metaspace       used 69944K, committed 71296K, reserved 1114112K
  class space    used 7974K, committed 8576K, reserved 1048576K
}
Event: 2198.098 GC heap before
{Heap before GC invocations=522 (full 3):
 PSYoungGen      total 3584K, used 3200K [0x00000000d5580000, 0x00000000d5b80000, 0x0000000100000000)
  eden space 3072K, 100% used [0x00000000d5580000,0x00000000d5880000,0x00000000d5880000)
  from space 512K, 25% used [0x00000000d5b00000,0x00000000d5b20000,0x00000000d5b80000)
  to   space 512K, 0% used [0x00000000d5a80000,0x00000000d5a80000,0x00000000d5b00000)
 ParOldGen       total 199680K, used 199185K [0x0000000080000000, 0x000000008c300000, 0x00000000d5580000)
  object space 199680K, 99% used [0x0000000080000000,0x000000008c284648,0x000000008c300000)
 Metaspace       used 69984K, committed 71360K, reserved 1114112K
  class space    used 7975K, committed 8576K, reserved 1048576K
}
Event: 2198.100 GC heap after
{Heap after GC invocations=522 (full 3):
 PSYoungGen      total 3584K, used 256K [0x00000000d5580000, 0x00000000d5b80000, 0x0000000100000000)
  eden space 3072K, 0% used [0x00000000d5580000,0x00000000d5580000,0x00000000d5880000)
  from space 512K, 50% used [0x00000000d5a80000,0x00000000d5ac0000,0x00000000d5b00000)
  to   space 512K, 0% used [0x00000000d5b00000,0x00000000d5b00000,0x00000000d5b80000)
 ParOldGen       total 199680K, used 199185K [0x0000000080000000, 0x000000008c300000, 0x00000000d5580000)
  object space 199680K, 99% used [0x0000000080000000,0x000000008c284648,0x000000008c300000)
 Metaspace       used 69984K, committed 71360K, reserved 1114112K
  class space    used 7975K, committed 8576K, reserved 1048576K
}
Event: 2198.112 GC heap before
{Heap before GC invocations=523 (full 3):
 PSYoungGen      total 3584K, used 3328K [0x00000000d5580000, 0x00000000d5b80000, 0x0000000100000000)
  eden space 3072K, 100% used [0x00000000d5580000,0x00000000d5880000,0x00000000d5880000)
  from space 512K, 50% used [0x00000000d5a80000,0x00000000d5ac0000,0x00000000d5b00000)
  to   space 512K, 0% used [0x00000000d5b00000,0x00000000d5b00000,0x00000000d5b80000)
 ParOldGen       total 199680K, used 199185K [0x0000000080000000, 0x000000008c300000, 0x00000000d5580000)
  object space 199680K, 99% used [0x0000000080000000,0x000000008c284648,0x000000008c300000)
 Metaspace       used 69990K, committed 71360K, reserved 1114112K
  class space    used 7975K, committed 8576K, reserved 1048576K
}
Event: 2198.114 GC heap after
{Heap after GC invocations=523 (full 3):
 PSYoungGen      total 3584K, used 96K [0x00000000d5580000, 0x00000000d5b80000, 0x0000000100000000)
  eden space 3072K, 0% used [0x00000000d5580000,0x00000000d5580000,0x00000000d5880000)
  from space 512K, 18% used [0x00000000d5b00000,0x00000000d5b18000,0x00000000d5b80000)
  to   space 512K, 0% used [0x00000000d5a80000,0x00000000d5a80000,0x00000000d5b00000)
 ParOldGen       total 199680K, used 199345K [0x0000000080000000, 0x000000008c300000, 0x00000000d5580000)
  object space 199680K, 99% used [0x0000000080000000,0x000000008c2ac648,0x000000008c300000)
 Metaspace       used 69990K, committed 71360K, reserved 1114112K
  class space    used 7975K, committed 8576K, reserved 1048576K
}
Event: 2484.195 GC heap before
{Heap before GC invocations=524 (full 3):
 PSYoungGen      total 3584K, used 3168K [0x00000000d5580000, 0x00000000d5b80000, 0x0000000100000000)
  eden space 3072K, 100% used [0x00000000d5580000,0x00000000d5880000,0x00000000d5880000)
  from space 512K, 18% used [0x00000000d5b00000,0x00000000d5b18000,0x00000000d5b80000)
  to   space 512K, 0% used [0x00000000d5a80000,0x00000000d5a80000,0x00000000d5b00000)
 ParOldGen       total 199680K, used 199345K [0x0000000080000000, 0x000000008c300000, 0x00000000d5580000)
  object space 199680K, 99% used [0x0000000080000000,0x000000008c2ac648,0x000000008c300000)
 Metaspace       used 70073K, committed 71488K, reserved 1114112K
  class space    used 7977K, committed 8576K, reserved 1048576K
}
Event: 2484.197 GC heap after
{Heap after GC invocations=524 (full 3):
 PSYoungGen      total 3584K, used 160K [0x00000000d5580000, 0x00000000d5b80000, 0x0000000100000000)
  eden space 3072K, 0% used [0x00000000d5580000,0x00000000d5580000,0x00000000d5880000)
  from space 512K, 31% used [0x00000000d5a80000,0x00000000d5aa8000,0x00000000d5b00000)
  to   space 512K, 0% used [0x00000000d5b00000,0x00000000d5b00000,0x00000000d5b80000)
 ParOldGen       total 199680K, used 199369K [0x0000000080000000, 0x000000008c300000, 0x00000000d5580000)
  object space 199680K, 99% used [0x0000000080000000,0x000000008c2b2648,0x000000008c300000)
 Metaspace       used 70073K, committed 71488K, reserved 1114112K
  class space    used 7977K, committed 8576K, reserved 1048576K
}
Event: 2484.220 GC heap before
{Heap before GC invocations=525 (full 3):
 PSYoungGen      total 3584K, used 3232K [0x00000000d5580000, 0x00000000d5b80000, 0x0000000100000000)
  eden space 3072K, 100% used [0x00000000d5580000,0x00000000d5880000,0x00000000d5880000)
  from space 512K, 31% used [0x00000000d5a80000,0x00000000d5aa8000,0x00000000d5b00000)
  to   space 512K, 0% used [0x00000000d5b00000,0x00000000d5b00000,0x00000000d5b80000)
 ParOldGen       total 199680K, used 199369K [0x0000000080000000, 0x000000008c300000, 0x00000000d5580000)
  object space 199680K, 99% used [0x0000000080000000,0x000000008c2b2648,0x000000008c300000)
 Metaspace       used 70075K, committed 71488K, reserved 1114112K
  class space    used 7977K, committed 8576K, reserved 1048576K
}
Event: 2484.221 GC heap after
{Heap after GC invocations=525 (full 3):
 PSYoungGen      total 3584K, used 96K [0x00000000d5580000, 0x00000000d5b80000, 0x0000000100000000)
  eden space 3072K, 0% used [0x00000000d5580000,0x00000000d5580000,0x00000000d5880000)
  from space 512K, 18% used [0x00000000d5b00000,0x00000000d5b18000,0x00000000d5b80000)
  to   space 512K, 0% used [0x00000000d5a80000,0x00000000d5a80000,0x00000000d5b00000)
 ParOldGen       total 199680K, used 199425K [0x0000000080000000, 0x000000008c300000, 0x00000000d5580000)
  object space 199680K, 99% used [0x0000000080000000,0x000000008c2c0668,0x000000008c300000)
 Metaspace       used 70075K, committed 71488K, reserved 1114112K
  class space    used 7977K, committed 8576K, reserved 1048576K
}
Event: 2783.350 GC heap before
{Heap before GC invocations=526 (full 3):
 PSYoungGen      total 3584K, used 3168K [0x00000000d5580000, 0x00000000d5b80000, 0x0000000100000000)
  eden space 3072K, 100% used [0x00000000d5580000,0x00000000d5880000,0x00000000d5880000)
  from space 512K, 18% used [0x00000000d5b00000,0x00000000d5b18000,0x00000000d5b80000)
  to   space 512K, 0% used [0x00000000d5a80000,0x00000000d5a80000,0x00000000d5b00000)
 ParOldGen       total 199680K, used 199425K [0x0000000080000000, 0x000000008c300000, 0x00000000d5580000)
  object space 199680K, 99% used [0x0000000080000000,0x000000008c2c0668,0x000000008c300000)
 Metaspace       used 70112K, committed 71616K, reserved 1114112K
  class space    used 7978K, committed 8640K, reserved 1048576K
}
Event: 2783.356 GC heap after
{Heap after GC invocations=526 (full 3):
 PSYoungGen      total 3584K, used 96K [0x00000000d5580000, 0x00000000d5b80000, 0x0000000100000000)
  eden space 3072K, 0% used [0x00000000d5580000,0x00000000d5580000,0x00000000d5880000)
  from space 512K, 18% used [0x00000000d5a80000,0x00000000d5a98000,0x00000000d5b00000)
  to   space 512K, 0% used [0x00000000d5b00000,0x00000000d5b00000,0x00000000d5b80000)
 ParOldGen       total 199680K, used 199449K [0x0000000080000000, 0x000000008c300000, 0x00000000d5580000)
  object space 199680K, 99% used [0x0000000080000000,0x000000008c2c6668,0x000000008c300000)
 Metaspace       used 70112K, committed 71616K, reserved 1114112K
  class space    used 7978K, committed 8640K, reserved 1048576K
}
Event: 4146.069 GC heap before
{Heap before GC invocations=527 (full 3):
 PSYoungGen      total 3584K, used 3168K [0x00000000d5580000, 0x00000000d5b80000, 0x0000000100000000)
  eden space 3072K, 100% used [0x00000000d5580000,0x00000000d5880000,0x00000000d5880000)
  from space 512K, 18% used [0x00000000d5a80000,0x00000000d5a98000,0x00000000d5b00000)
  to   space 512K, 0% used [0x00000000d5b00000,0x00000000d5b00000,0x00000000d5b80000)
 ParOldGen       total 199680K, used 199449K [0x0000000080000000, 0x000000008c300000, 0x00000000d5580000)
  object space 199680K, 99% used [0x0000000080000000,0x000000008c2c6668,0x000000008c300000)
 Metaspace       used 70127K, committed 71616K, reserved 1114112K
  class space    used 7978K, committed 8640K, reserved 1048576K
}
Event: 4146.178 GC heap after
{Heap after GC invocations=527 (full 3):
 PSYoungGen      total 3584K, used 96K [0x00000000d5580000, 0x00000000d5b80000, 0x0000000100000000)
  eden space 3072K, 0% used [0x00000000d5580000,0x00000000d5580000,0x00000000d5880000)
  from space 512K, 18% used [0x00000000d5b00000,0x00000000d5b18000,0x00000000d5b80000)
  to   space 512K, 0% used [0x00000000d5a80000,0x00000000d5a80000,0x00000000d5b00000)
 ParOldGen       total 199680K, used 199481K [0x0000000080000000, 0x000000008c300000, 0x00000000d5580000)
  object space 199680K, 99% used [0x0000000080000000,0x000000008c2ce668,0x000000008c300000)
 Metaspace       used 70127K, committed 71616K, reserved 1114112K
  class space    used 7978K, committed 8640K, reserved 1048576K
}

Dll operation events (15 events):
Event: 0.016 Loaded shared library c:\Users\AJ\.vscode\extensions\redhat.java-1.44.0-win32-x64\jre\21.0.8-win32-x86_64\bin\java.dll
Event: 0.451 Loaded shared library c:\Users\AJ\.vscode\extensions\redhat.java-1.44.0-win32-x64\jre\21.0.8-win32-x86_64\bin\zip.dll
Event: 0.569 Loaded shared library C:\Users\AJ\.vscode\extensions\redhat.java-1.44.0-win32-x64\jre\21.0.8-win32-x86_64\bin\instrument.dll
Event: 0.580 Loaded shared library C:\Users\AJ\.vscode\extensions\redhat.java-1.44.0-win32-x64\jre\21.0.8-win32-x86_64\bin\net.dll
Event: 0.686 Loaded shared library C:\Users\AJ\.vscode\extensions\redhat.java-1.44.0-win32-x64\jre\21.0.8-win32-x86_64\bin\nio.dll
Event: 0.695 Loaded shared library C:\Users\AJ\.vscode\extensions\redhat.java-1.44.0-win32-x64\jre\21.0.8-win32-x86_64\bin\zip.dll
Event: 0.767 Loaded shared library C:\Users\AJ\.vscode\extensions\redhat.java-1.44.0-win32-x64\jre\21.0.8-win32-x86_64\bin\jimage.dll
Event: 1.288 Loaded shared library c:\Users\AJ\.vscode\extensions\redhat.java-1.44.0-win32-x64\jre\21.0.8-win32-x86_64\bin\verify.dll
Event: 30.930 Loaded shared library C:\Users\AJ\AppData\Roaming\Code\User\globalStorage\redhat.java\1.44.0\config_win\org.eclipse.equinox.launcher\org.eclipse.equinox.launcher.win32.win32.x86_64_1.2.1400.v20250730-1736\eclipse_11913.dll
Event: 60.534 Loaded shared library C:\Users\AJ\AppData\Local\Temp\jna-2089\jna12231676458082546938.dll
Event: 74.170 Loaded shared library C:\Users\AJ\.vscode\extensions\redhat.java-1.44.0-win32-x64\jre\21.0.8-win32-x86_64\bin\sunmscapi.dll
Event: 75.757 Loaded shared library C:\Users\AJ\.vscode\extensions\redhat.java-1.44.0-win32-x64\jre\21.0.8-win32-x86_64\bin\extnet.dll
Event: 161.677 Loaded shared library C:\Users\AJ\.gradle\native\c067742578af261105cb4f569cf0c3c89f3d7b1fecec35dd04571415982c5e48\windows-amd64\native-platform.dll
Event: 184.063 Loaded shared library C:\Users\AJ\.vscode\extensions\redhat.java-1.44.0-win32-x64\jre\21.0.8-win32-x86_64\bin\management.dll
Event: 184.068 Loaded shared library C:\Users\AJ\.vscode\extensions\redhat.java-1.44.0-win32-x64\jre\21.0.8-win32-x86_64\bin\management_ext.dll

Deoptimization events (20 events):
Event: 2483.198 Thread 0x00000244c5120c80 Uncommon trap: trap_request=0xffffff45 fr.pc=0x00000244f088da7c relative=0x00000000000003fc
Event: 2483.198 Thread 0x00000244c5120c80 Uncommon trap: reason=unstable_if action=reinterpret pc=0x00000244f088da7c method=java.net.URI.needsNormalization(Ljava/lang/String;)I @ 62 c2
Event: 2483.198 Thread 0x00000244c5120c80 DEOPT PACKING pc=0x00000244f088da7c sp=0x0000006cbf6feab0
Event: 2483.198 Thread 0x00000244c5120c80 DEOPT UNPACKING pc=0x00000244ef9e3aa2 sp=0x0000006cbf6fea38 mode 2
Event: 2483.198 Thread 0x00000244c5120c80 Uncommon trap: trap_request=0xffffff45 fr.pc=0x00000244f088c908 relative=0x0000000000000388
Event: 2483.198 Thread 0x00000244c5120c80 Uncommon trap: reason=unstable_if action=reinterpret pc=0x00000244f088c908 method=java.net.URI.needsNormalization(Ljava/lang/String;)I @ 62 c2
Event: 2483.198 Thread 0x00000244c5120c80 DEOPT PACKING pc=0x00000244f088c908 sp=0x0000006cbf6fea80
Event: 2483.198 Thread 0x00000244c5120c80 DEOPT UNPACKING pc=0x00000244ef9e3aa2 sp=0x0000006cbf6fea38 mode 2
Event: 3063.266 Thread 0x00000244fd4a3310 DEOPT PACKING pc=0x00000244e9a59bab sp=0x0000006cbe4fee80
Event: 3063.266 Thread 0x00000244fd4a3310 DEOPT UNPACKING pc=0x00000244ef9e4242 sp=0x0000006cbe4fe2f0 mode 0
Event: 3986.647 Thread 0x00000244c5120c80 DEOPT PACKING pc=0x00000244e9b4bfc1 sp=0x0000006cbf6fe9f0
Event: 3986.648 Thread 0x00000244c5120c80 DEOPT UNPACKING pc=0x00000244ef9e4242 sp=0x0000006cbf6fded0 mode 0
Event: 3986.649 Thread 0x00000244c5120c80 DEOPT PACKING pc=0x00000244e9b4bfc1 sp=0x0000006cbf6fe9f0
Event: 3986.649 Thread 0x00000244c5120c80 DEOPT UNPACKING pc=0x00000244ef9e4242 sp=0x0000006cbf6fded0 mode 0
Event: 3986.653 Thread 0x00000244c5120c80 DEOPT PACKING pc=0x00000244e9b4bfc1 sp=0x0000006cbf6fe9f0
Event: 3986.653 Thread 0x00000244c5120c80 DEOPT UNPACKING pc=0x00000244ef9e4242 sp=0x0000006cbf6fded0 mode 0
Event: 3986.655 Thread 0x00000244c5120c80 DEOPT PACKING pc=0x00000244e9b4bfc1 sp=0x0000006cbf6fe890
Event: 3986.655 Thread 0x00000244c5120c80 DEOPT UNPACKING pc=0x00000244ef9e4242 sp=0x0000006cbf6fdd70 mode 0
Event: 3986.657 Thread 0x00000244c5120c80 DEOPT PACKING pc=0x00000244e9b4bfc1 sp=0x0000006cbf6fe890
Event: 3986.657 Thread 0x00000244c5120c80 DEOPT UNPACKING pc=0x00000244ef9e4242 sp=0x0000006cbf6fdd70 mode 0

Classes loaded (20 events):
Event: 390.225 Loading class java/io/ObjectOutputStream$BlockDataOutputStream
Event: 390.225 Loading class java/io/ObjectOutputStream$BlockDataOutputStream done
Event: 390.225 Loading class java/io/ObjectOutputStream$HandleTable
Event: 390.226 Loading class java/io/ObjectOutputStream$HandleTable done
Event: 390.226 Loading class java/io/ObjectOutputStream$ReplaceTable
Event: 390.226 Loading class java/io/ObjectOutputStream$ReplaceTable done
Event: 2182.438 Loading class java/util/AbstractList$RandomAccessSubList
Event: 2182.442 Loading class java/util/AbstractList$SubList
Event: 2182.445 Loading class java/util/AbstractList$SubList done
Event: 2182.446 Loading class java/util/AbstractList$RandomAccessSubList done
Event: 2182.446 Loading class java/util/AbstractList$SubList$1
Event: 2182.447 Loading class java/util/AbstractList$SubList$1 done
Event: 2182.546 Loading class java/lang/Throwable$WrappedPrintWriter
Event: 2182.547 Loading class java/lang/Throwable$PrintStreamOrWriter
Event: 2182.547 Loading class java/lang/Throwable$PrintStreamOrWriter done
Event: 2182.548 Loading class java/lang/Throwable$WrappedPrintWriter done
Event: 2183.522 Loading class java/nio/charset/CharacterCodingException
Event: 2183.523 Loading class java/nio/charset/CharacterCodingException done
Event: 2184.106 Loading class java/io/SequenceInputStream
Event: 2184.106 Loading class java/io/SequenceInputStream done

Classes unloaded (7 events):
Event: 64.066 Thread 0x00000244e531eb90 Unloading class 0x00000244811ac800 'java/lang/invoke/LambdaForm$MH+0x00000244811ac800'
Event: 64.066 Thread 0x00000244e531eb90 Unloading class 0x00000244811ac400 'java/lang/invoke/LambdaForm$MH+0x00000244811ac400'
Event: 64.066 Thread 0x00000244e531eb90 Unloading class 0x00000244811ac000 'java/lang/invoke/LambdaForm$MH+0x00000244811ac000'
Event: 64.066 Thread 0x00000244e531eb90 Unloading class 0x00000244811abc00 'java/lang/invoke/LambdaForm$MH+0x00000244811abc00'
Event: 64.066 Thread 0x00000244e531eb90 Unloading class 0x00000244811ab800 'java/lang/invoke/LambdaForm$BMH+0x00000244811ab800'
Event: 64.066 Thread 0x00000244e531eb90 Unloading class 0x00000244811ab400 'java/lang/invoke/LambdaForm$DMH+0x00000244811ab400'
Event: 64.066 Thread 0x00000244e531eb90 Unloading class 0x00000244811aa000 'java/lang/invoke/LambdaForm$DMH+0x00000244811aa000'

Classes redefined (0 events):
No events

Internal exceptions (20 events):
Event: 191.509 Thread 0x00000244fd4a3310 Exception <a 'sun/nio/fs/WindowsException'{0x00000000d56fc918}> (0x00000000d56fc918) 
thrown [s\src\hotspot\share\prims\jni.cpp, line 520]
Event: 191.510 Thread 0x00000244fd4a3310 Exception <a 'sun/nio/fs/WindowsException'{0x00000000d5739b28}> (0x00000000d5739b28) 
thrown [s\src\hotspot\share\prims\jni.cpp, line 520]
Event: 191.511 Thread 0x00000244fd4a3310 Exception <a 'sun/nio/fs/WindowsException'{0x00000000d573a218}> (0x00000000d573a218) 
thrown [s\src\hotspot\share\prims\jni.cpp, line 520]
Event: 191.511 Thread 0x00000244fd4a3310 Exception <a 'sun/nio/fs/WindowsException'{0x00000000d575d120}> (0x00000000d575d120) 
thrown [s\src\hotspot\share\prims\jni.cpp, line 520]
Event: 191.511 Thread 0x00000244fd4a3310 Exception <a 'sun/nio/fs/WindowsException'{0x00000000d575d810}> (0x00000000d575d810) 
thrown [s\src\hotspot\share\prims\jni.cpp, line 520]
Event: 191.512 Thread 0x00000244fd4a3310 Exception <a 'sun/nio/fs/WindowsException'{0x00000000d577e110}> (0x00000000d577e110) 
thrown [s\src\hotspot\share\prims\jni.cpp, line 520]
Event: 191.512 Thread 0x00000244fd4a3310 Exception <a 'sun/nio/fs/WindowsException'{0x00000000d577e800}> (0x00000000d577e800) 
thrown [s\src\hotspot\share\prims\jni.cpp, line 520]
Event: 191.783 Thread 0x00000244c6d9d6e0 Implicit null exception at 0x00000244f0831d64 to 0x00000244f0832b00
Event: 191.806 Thread 0x00000244c6d9dd70 Implicit null exception at 0x00000244f083f990 to 0x00000244f083fd34
Event: 192.468 Thread 0x00000244fd4a3310 Exception <a 'java/lang/NoSuchMethodError'{0x00000000d57f5ac0}: 'java.lang.Object java.lang.invoke.DirectMethodHandle$Holder.invokeStatic(java.lang.Object, java.lang.Object, int, java.lang.Object)'> (0x00000000d57f5ac0) 
thrown [s\src\hotspot\share\interpreter\linkResolver.cpp, line 773]
Event: 390.238 Thread 0x00000244fd4a3310 Exception <a 'java/lang/NoSuchMethodError'{0x00000000d5669cd0}: 'java.lang.Object java.lang.invoke.DirectMethodHandle$Holder.newInvokeSpecial(java.lang.Object, java.lang.Object, java.lang.Object, java.lang.Object, java.lang.Object, java.lang.Object, java.lang.Object, java.lang.Object)'> (0x00000000d5669cd0) 
thrown [s\src\hotspot\share\interpreter\linkResolver.cpp, line 773]
Event: 1263.150 Thread 0x00000244fd4a4d50 Implicit null exception at 0x00000244f085d5ae to 0x00000244f085f144
Event: 1263.150 Thread 0x00000244fd4a4d50 Implicit null exception at 0x00000244f085c1a3 to 0x00000244f085c8f0
Event: 2182.453 Thread 0x00000244c5120c80 Exception <a 'java/io/FileNotFoundException'{0x00000000d55d3db8}> (0x00000000d55d3db8) 
thrown [s\src\hotspot\share\prims\jni.cpp, line 520]
Event: 2184.206 Thread 0x00000244c5120c80 Exception <a 'java/io/FileNotFoundException'{0x00000000d567ef60}> (0x00000000d567ef60) 
thrown [s\src\hotspot\share\prims\jni.cpp, line 520]
Event: 2184.206 Thread 0x00000244c5120c80 Exception <a 'java/io/FileNotFoundException'{0x00000000d567ff68}> (0x00000000d567ff68) 
thrown [s\src\hotspot\share\prims\jni.cpp, line 520]
Event: 2198.085 Thread 0x00000244fd4a3310 Exception <a 'sun/nio/fs/WindowsException'{0x00000000d56b8c40}> (0x00000000d56b8c40) 
thrown [s\src\hotspot\share\prims\jni.cpp, line 520]
Event: 2198.091 Thread 0x00000244fd4a3310 Exception <a 'sun/nio/fs/WindowsException'{0x00000000d56b9270}> (0x00000000d56b9270) 
thrown [s\src\hotspot\share\prims\jni.cpp, line 520]
Event: 2482.834 Thread 0x00000244fd4a3310 Exception <a 'sun/nio/fs/WindowsException'{0x00000000d574b5b0}> (0x00000000d574b5b0) 
thrown [s\src\hotspot\share\prims\jni.cpp, line 520]
Event: 2482.857 Thread 0x00000244fd4a3310 Exception <a 'sun/nio/fs/WindowsException'{0x00000000d576fa28}> (0x00000000d576fa28) 
thrown [s\src\hotspot\share\prims\jni.cpp, line 520]

ZGC Phase Switch (0 events):
No events

VM Operations (20 events):
Event: 4329.496 Executing VM operation: HandshakeAllThreads (HandshakeForDeflation)
Event: 4329.497 Executing VM operation: HandshakeAllThreads (HandshakeForDeflation) done
Event: 4329.497 Executing VM operation: RendezvousGCThreads
Event: 4329.497 Executing VM operation: RendezvousGCThreads done
Event: 4389.682 Executing VM operation: HandshakeAllThreads (HandshakeForDeflation)
Event: 4389.682 Executing VM operation: HandshakeAllThreads (HandshakeForDeflation) done
Event: 4389.682 Executing VM operation: RendezvousGCThreads
Event: 4389.682 Executing VM operation: RendezvousGCThreads done
Event: 4570.110 Executing VM operation: HandshakeAllThreads (HandshakeForDeflation)
Event: 4570.110 Executing VM operation: HandshakeAllThreads (HandshakeForDeflation) done
Event: 4570.110 Executing VM operation: RendezvousGCThreads
Event: 4570.110 Executing VM operation: RendezvousGCThreads done
Event: 4630.249 Executing VM operation: HandshakeAllThreads (HandshakeForDeflation)
Event: 4630.249 Executing VM operation: HandshakeAllThreads (HandshakeForDeflation) done
Event: 4630.249 Executing VM operation: RendezvousGCThreads
Event: 4630.249 Executing VM operation: RendezvousGCThreads done
Event: 4690.364 Executing VM operation: HandshakeAllThreads (HandshakeForDeflation)
Event: 4690.364 Executing VM operation: HandshakeAllThreads (HandshakeForDeflation) done
Event: 4690.364 Executing VM operation: RendezvousGCThreads
Event: 4690.364 Executing VM operation: RendezvousGCThreads done

Memory protections (0 events):
No events

Nmethod flushes (20 events):
Event: 129.072 Thread 0x00000244e531eb90 flushing  nmethod 0x00000244e8e77410
Event: 129.072 Thread 0x00000244e531eb90 flushing  nmethod 0x00000244e8e78890
Event: 129.072 Thread 0x00000244e531eb90 flushing  nmethod 0x00000244e8ebad90
Event: 129.072 Thread 0x00000244e531eb90 flushing  nmethod 0x00000244e8ec7710
Event: 129.072 Thread 0x00000244e531eb90 flushing  nmethod 0x00000244e8eca490
Event: 129.072 Thread 0x00000244e531eb90 flushing  nmethod 0x00000244e8ecdc10
Event: 129.072 Thread 0x00000244e531eb90 flushing  nmethod 0x00000244e8ece390
Event: 129.072 Thread 0x00000244e531eb90 flushing  nmethod 0x00000244e8eced10
Event: 129.072 Thread 0x00000244e531eb90 flushing  nmethod 0x00000244e8ed0f10
Event: 129.072 Thread 0x00000244e531eb90 flushing  nmethod 0x00000244e8ed9f10
Event: 129.072 Thread 0x00000244e531eb90 flushing  nmethod 0x00000244e8ee4e90
Event: 129.072 Thread 0x00000244e531eb90 flushing  nmethod 0x00000244e8f04690
Event: 129.072 Thread 0x00000244e531eb90 flushing  nmethod 0x00000244e8f1ef10
Event: 129.072 Thread 0x00000244e531eb90 flushing  nmethod 0x00000244e8f1f510
Event: 129.072 Thread 0x00000244e531eb90 flushing  nmethod 0x00000244e8f1fd90
Event: 129.072 Thread 0x00000244e531eb90 flushing  nmethod 0x00000244e8f20390
Event: 129.072 Thread 0x00000244e531eb90 flushing  nmethod 0x00000244e8f22210
Event: 129.072 Thread 0x00000244e531eb90 flushing  nmethod 0x00000244e8f24e90
Event: 129.072 Thread 0x00000244e531eb90 flushing  nmethod 0x00000244e8f28690
Event: 129.072 Thread 0x00000244e531eb90 flushing  nmethod 0x00000244e8f60f10

Events (20 events):
Event: 245.419 Thread 0x00000244c6d9a260 Thread exited: 0x00000244c6d9a260
Event: 245.438 Thread 0x00000244c6d9c9c0 Thread exited: 0x00000244c6d9c9c0
Event: 251.396 Thread 0x00000244fd4a6790 Thread exited: 0x00000244fd4a6790
Event: 252.069 Thread 0x00000244c6d9d6e0 Thread exited: 0x00000244c6d9d6e0
Event: 304.328 Thread 0x00000244c6da0b60 Thread exited: 0x00000244c6da0b60
Event: 312.075 Thread 0x00000244c6d9dd70 Thread exited: 0x00000244c6d9dd70
Event: 363.075 Thread 0x00000244fbcba960 Thread added: 0x00000244c5e07e40
Event: 363.361 Thread 0x00000244c5e07e40 Thread exited: 0x00000244c5e07e40
Event: 364.340 Thread 0x00000244c6d99bd0 Thread exited: 0x00000244c6d99bd0
Event: 372.075 Thread 0x00000244c6d9d050 Thread exited: 0x00000244c6d9d050
Event: 390.210 Thread 0x00000244fd4a3310 Thread added: 0x00000244c6d9a260
Event: 390.217 Thread 0x00000244c6d9a260 Thread exited: 0x00000244c6d9a260
Event: 390.249 Thread 0x00000244fbcba960 Thread added: 0x00000244fde7a590
Event: 390.470 Thread 0x00000244fde7a590 Thread exited: 0x00000244fde7a590
Event: 2183.114 Thread 0x00000244fbcba960 Thread added: 0x00000244c5e07e40
Event: 2183.843 Thread 0x00000244c5e07e40 Thread exited: 0x00000244c5e07e40
Event: 2482.723 Thread 0x00000244fd4a3310 Thread added: 0x00000244c6d9ea90
Event: 2482.744 Thread 0x00000244c6d9ea90 Thread exited: 0x00000244c6d9ea90
Event: 2783.321 Thread 0x00000244fd4a3310 Thread added: 0x00000244c6d9ea90
Event: 2783.332 Thread 0x00000244c6d9ea90 Thread exited: 0x00000244c6d9ea90


Dynamic libraries:
0x00007ff771770000 - 0x00007ff77177e000 	c:\Users\AJ\.vscode\extensions\redhat.java-1.44.0-win32-x64\jre\21.0.8-win32-x86_64\bin\java.exe
0x00007fffa03b0000 - 0x00007fffa05a8000 	C:\WINDOWS\SYSTEM32\ntdll.dll
0x00007fff9f8e0000 - 0x00007fff9f9a2000 	C:\WINDOWS\System32\KERNEL32.DLL
0x00007fff9dcb0000 - 0x00007fff9dfa6000 	C:\WINDOWS\System32\KERNELBASE.dll
0x00007fff9db00000 - 0x00007fff9dc00000 	C:\WINDOWS\System32\ucrtbase.dll
0x00007fff8b6d0000 - 0x00007fff8b6e8000 	c:\Users\AJ\.vscode\extensions\redhat.java-1.44.0-win32-x64\jre\21.0.8-win32-x86_64\bin\jli.dll
0x00007fff9f1d0000 - 0x00007fff9f36d000 	C:\WINDOWS\System32\USER32.dll
0x00007fff9da40000 - 0x00007fff9da62000 	C:\WINDOWS\System32\win32u.dll
0x00007fff9f8b0000 - 0x00007fff9f8db000 	C:\WINDOWS\System32\GDI32.dll
0x00007fff9e100000 - 0x00007fff9e219000 	C:\WINDOWS\System32\gdi32full.dll
0x00007fff9e060000 - 0x00007fff9e0fd000 	C:\WINDOWS\System32\msvcp_win.dll
0x00007fff88320000 - 0x00007fff8833e000 	c:\Users\AJ\.vscode\extensions\redhat.java-1.44.0-win32-x64\jre\21.0.8-win32-x86_64\bin\VCRUNTIME140.dll
0x00007fff8d5b0000 - 0x00007fff8d84a000 	C:\WINDOWS\WinSxS\amd64_microsoft.windows.common-controls_6595b64144ccf1df_6.0.19041.5915_none_60b4b9d171f9c7c7\COMCTL32.dll
0x00007fff9f800000 - 0x00007fff9f89e000 	C:\WINDOWS\System32\msvcrt.dll
0x00007fff9fb50000 - 0x00007fff9fb7f000 	C:\WINDOWS\System32\IMM32.DLL
0x00007fff98f60000 - 0x00007fff98f6c000 	c:\Users\AJ\.vscode\extensions\redhat.java-1.44.0-win32-x64\jre\21.0.8-win32-x86_64\bin\vcruntime140_1.dll
0x00007fff3ba40000 - 0x00007fff3bacd000 	c:\Users\AJ\.vscode\extensions\redhat.java-1.44.0-win32-x64\jre\21.0.8-win32-x86_64\bin\msvcp140.dll
0x00007fff32730000 - 0x00007fff334c7000 	c:\Users\AJ\.vscode\extensions\redhat.java-1.44.0-win32-x64\jre\21.0.8-win32-x86_64\bin\server\jvm.dll
0x00007fff9ec80000 - 0x00007fff9ed31000 	C:\WINDOWS\System32\ADVAPI32.dll
0x00007fff9fa10000 - 0x00007fff9faaf000 	C:\WINDOWS\System32\sechost.dll
0x00007fff9fc60000 - 0x00007fff9fd83000 	C:\WINDOWS\System32\RPCRT4.dll
0x00007fff9e030000 - 0x00007fff9e057000 	C:\WINDOWS\System32\bcrypt.dll
0x00007fff9f040000 - 0x00007fff9f0ab000 	C:\WINDOWS\System32\WS2_32.dll
0x00007fff9cf80000 - 0x00007fff9cfcb000 	C:\WINDOWS\SYSTEM32\POWRPROF.dll
0x00007fff8e260000 - 0x00007fff8e287000 	C:\WINDOWS\SYSTEM32\WINMM.dll
0x00007fff94320000 - 0x00007fff9432a000 	C:\WINDOWS\SYSTEM32\VERSION.dll
0x00007fff9ce40000 - 0x00007fff9ce52000 	C:\WINDOWS\SYSTEM32\UMPDC.dll
0x00007fff9b8c0000 - 0x00007fff9b8d2000 	C:\WINDOWS\SYSTEM32\kernel.appcore.dll
0x00007fff98970000 - 0x00007fff9897a000 	c:\Users\AJ\.vscode\extensions\redhat.java-1.44.0-win32-x64\jre\21.0.8-win32-x86_64\bin\jimage.dll
0x00007fff8dfa0000 - 0x00007fff8e1a1000 	C:\WINDOWS\SYSTEM32\DBGHELP.DLL
0x00007fff886a0000 - 0x00007fff886d4000 	C:\WINDOWS\SYSTEM32\dbgcore.DLL
0x00007fff9da70000 - 0x00007fff9daf2000 	C:\WINDOWS\System32\bcryptPrimitives.dll
0x00007fff88310000 - 0x00007fff8831f000 	c:\Users\AJ\.vscode\extensions\redhat.java-1.44.0-win32-x64\jre\21.0.8-win32-x86_64\bin\instrument.dll
0x00007fff73f40000 - 0x00007fff73f5f000 	c:\Users\AJ\.vscode\extensions\redhat.java-1.44.0-win32-x64\jre\21.0.8-win32-x86_64\bin\java.dll
0x00007fff9e510000 - 0x00007fff9ec7e000 	C:\WINDOWS\System32\SHELL32.dll
0x00007fff9bac0000 - 0x00007fff9c264000 	C:\WINDOWS\SYSTEM32\windows.storage.dll
0x00007fff9fd90000 - 0x00007fffa00e3000 	C:\WINDOWS\System32\combase.dll
0x00007fff9d470000 - 0x00007fff9d49b000 	C:\WINDOWS\SYSTEM32\Wldp.dll
0x00007fffa02a0000 - 0x00007fffa036d000 	C:\WINDOWS\System32\OLEAUT32.dll
0x00007fff9e460000 - 0x00007fff9e50d000 	C:\WINDOWS\System32\SHCORE.dll
0x00007fff9f0b0000 - 0x00007fff9f10b000 	C:\WINDOWS\System32\shlwapi.dll
0x00007fff9d970000 - 0x00007fff9d994000 	C:\WINDOWS\SYSTEM32\profapi.dll
0x00007fff882a0000 - 0x00007fff882b8000 	c:\Users\AJ\.vscode\extensions\redhat.java-1.44.0-win32-x64\jre\21.0.8-win32-x86_64\bin\zip.dll
0x00007fff85880000 - 0x00007fff85890000 	C:\Users\AJ\.vscode\extensions\redhat.java-1.44.0-win32-x64\jre\21.0.8-win32-x86_64\bin\net.dll
0x00007fff981d0000 - 0x00007fff982da000 	C:\WINDOWS\SYSTEM32\WINHTTP.dll
0x00007fff9d1d0000 - 0x00007fff9d23a000 	C:\WINDOWS\system32\mswsock.dll
0x00007fff85860000 - 0x00007fff85876000 	C:\Users\AJ\.vscode\extensions\redhat.java-1.44.0-win32-x64\jre\21.0.8-win32-x86_64\bin\nio.dll
0x00007fff88300000 - 0x00007fff88310000 	c:\Users\AJ\.vscode\extensions\redhat.java-1.44.0-win32-x64\jre\21.0.8-win32-x86_64\bin\verify.dll
0x00007fff61a90000 - 0x00007fff61ad5000 	C:\Users\AJ\AppData\Roaming\Code\User\globalStorage\redhat.java\1.44.0\config_win\org.eclipse.equinox.launcher\org.eclipse.equinox.launcher.win32.win32.x86_64_1.2.1400.v20250730-1736\eclipse_11913.dll
0x00007fff9edf0000 - 0x00007fff9ef1b000 	C:\WINDOWS\System32\ole32.dll
0x00007fff9d3c0000 - 0x00007fff9d3d8000 	C:\WINDOWS\SYSTEM32\CRYPTSP.dll
0x00007fff9ca80000 - 0x00007fff9cab8000 	C:\WINDOWS\system32\rsaenh.dll
0x00007fff9d930000 - 0x00007fff9d95e000 	C:\WINDOWS\SYSTEM32\USERENV.dll
0x00007fff9d3e0000 - 0x00007fff9d3ec000 	C:\WINDOWS\SYSTEM32\CRYPTBASE.dll
0x00007fff9ce60000 - 0x00007fff9ce9b000 	C:\WINDOWS\SYSTEM32\IPHLPAPI.DLL
0x00007fff9fab0000 - 0x00007fff9fab8000 	C:\WINDOWS\System32\NSI.dll
0x00007fff33590000 - 0x00007fff335d9000 	C:\Users\AJ\AppData\Local\Temp\jna-2089\jna12231676458082546938.dll
0x00007fff9e3d0000 - 0x00007fff9e3d8000 	C:\WINDOWS\System32\PSAPI.DLL
0x00007fff958a0000 - 0x00007fff958b7000 	C:\WINDOWS\SYSTEM32\dhcpcsvc6.DLL
0x00007fff965c0000 - 0x00007fff965dd000 	C:\WINDOWS\SYSTEM32\dhcpcsvc.DLL
0x00007fff93bc0000 - 0x00007fff93bce000 	C:\Users\AJ\.vscode\extensions\redhat.java-1.44.0-win32-x64\jre\21.0.8-win32-x86_64\bin\sunmscapi.dll
0x00007fff9e220000 - 0x00007fff9e37d000 	C:\WINDOWS\System32\CRYPT32.dll
0x00007fff9d4e0000 - 0x00007fff9d507000 	C:\WINDOWS\SYSTEM32\ncrypt.dll
0x00007fff9d4a0000 - 0x00007fff9d4db000 	C:\WINDOWS\SYSTEM32\NTASN1.dll
0x00007fff9ceb0000 - 0x00007fff9cf7a000 	C:\WINDOWS\SYSTEM32\DNSAPI.dll
0x00007fff90dc0000 - 0x00007fff90dca000 	C:\Windows\System32\rasadhlp.dll
0x00007fff90b30000 - 0x00007fff90bb0000 	C:\WINDOWS\System32\fwpuclnt.dll
0x00007fff93ba0000 - 0x00007fff93ba9000 	C:\Users\AJ\.vscode\extensions\redhat.java-1.44.0-win32-x64\jre\21.0.8-win32-x86_64\bin\extnet.dll
0x00007fff98980000 - 0x00007fff989a7000 	C:\Users\AJ\.gradle\native\c067742578af261105cb4f569cf0c3c89f3d7b1fecec35dd04571415982c5e48\windows-amd64\native-platform.dll
0x00007fff98f80000 - 0x00007fff98f8a000 	C:\Users\AJ\.vscode\extensions\redhat.java-1.44.0-win32-x64\jre\21.0.8-win32-x86_64\bin\management.dll
0x00007fff98f70000 - 0x00007fff98f7b000 	C:\Users\AJ\.vscode\extensions\redhat.java-1.44.0-win32-x64\jre\21.0.8-win32-x86_64\bin\management_ext.dll

JVMTI agents:
c:\Users\AJ\.vscode\extensions\redhat.java-1.44.0-win32-x64\lombok\lombok-1.18.39-4050.jar path:c:\Users\AJ\.vscode\extensions\redhat.java-1.44.0-win32-x64\jre\21.0.8-win32-x86_64\bin\instrument.dll, loaded, initialized, instrumentlib options:none

dbghelp: loaded successfully - version: 4.0.5 - missing functions: none
symbol engine: initialized successfully - sym options: 0x614 - pdb path: .;c:\Users\AJ\.vscode\extensions\redhat.java-1.44.0-win32-x64\jre\21.0.8-win32-x86_64\bin;C:\WINDOWS\SYSTEM32;C:\WINDOWS\WinSxS\amd64_microsoft.windows.common-controls_6595b64144ccf1df_6.0.19041.5915_none_60b4b9d171f9c7c7;c:\Users\AJ\.vscode\extensions\redhat.java-1.44.0-win32-x64\jre\21.0.8-win32-x86_64\bin\server;C:\Users\AJ\AppData\Roaming\Code\User\globalStorage\redhat.java\1.44.0\config_win\org.eclipse.equinox.launcher\org.eclipse.equinox.launcher.win32.win32.x86_64_1.2.1400.v20250730-1736;C:\Users\AJ\AppData\Local\Temp\jna-2089;C:\Users\AJ\.gradle\native\c067742578af261105cb4f569cf0c3c89f3d7b1fecec35dd04571415982c5e48\windows-amd64

VM Arguments:
jvm_args: --add-modules=ALL-SYSTEM --add-opens=java.base/java.util=ALL-UNNAMED --add-opens=java.base/java.lang=ALL-UNNAMED --add-opens=java.base/sun.nio.fs=ALL-UNNAMED -Declipse.application=org.eclipse.jdt.ls.core.id1 -Dosgi.bundles.defaultStartLevel=4 -Declipse.product=org.eclipse.jdt.ls.core.product -Djava.import.generatesMetadataFilesAtProjectRoot=false -DDetectVMInstallationsJob.disabled=true -Dfile.encoding=utf8 -XX:+UseParallelGC -XX:GCTimeRatio=4 -XX:AdaptiveSizePolicyWeight=90 -Dsun.zip.disableMemoryMapping=true -Xmx2G -Xms100m -Xlog:disable -javaagent:c:\Users\AJ\.vscode\extensions\redhat.java-1.44.0-win32-x64\lombok\lombok-1.18.39-4050.jar -XX:+HeapDumpOnOutOfMemoryError -XX:HeapDumpPath=c:\Users\AJ\AppData\Roaming\Code\User\workspaceStorage\42d3df7c00ac9b0f7d13d418ec405ff2\redhat.java -Daether.dependencyCollector.impl=bf 
java_command: c:\Users\AJ\.vscode\extensions\redhat.java-1.44.0-win32-x64\server\plugins\org.eclipse.equinox.launcher_1.7.0.v20250519-0528.jar -configuration c:\Users\AJ\AppData\Roaming\Code\User\globalStorage\redhat.java\1.44.0\config_win -data c:\Users\AJ\AppData\Roaming\Code\User\workspaceStorage\42d3df7c00ac9b0f7d13d418ec405ff2\redhat.java\jdt_ws --pipe=\\.\pipe\lsp-0042a18f25efef3daf8d9380bda87569-sock
java_class_path (initial): c:\Users\AJ\.vscode\extensions\redhat.java-1.44.0-win32-x64\server\plugins\org.eclipse.equinox.launcher_1.7.0.v20250519-0528.jar
Launcher Type: SUN_STANDARD

[Global flags]
    uintx AdaptiveSizePolicyWeight                 = 90                                        {product} {command line}
     intx CICompilerCount                          = 3                                         {product} {ergonomic}
    uintx GCTimeRatio                              = 4                                         {product} {command line}
     bool HeapDumpOnOutOfMemoryError               = true                                   {manageable} {command line}
    ccstr HeapDumpPath                             = c:\Users\AJ\AppData\Roaming\Code\User\workspaceStorage\42d3df7c00ac9b0f7d13d418ec405ff2\redhat.java         {manageable} {command line}
   size_t InitialHeapSize                          = 104857600                                 {product} {command line}
   size_t MaxHeapSize                              = 2147483648                                {product} {command line}
   size_t MaxNewSize                               = 715653120                                 {product} {ergonomic}
   size_t MinHeapDeltaBytes                        = 524288                                    {product} {ergonomic}
   size_t MinHeapSize                              = 104857600                                 {product} {command line}
   size_t NewSize                                  = 34603008                                  {product} {ergonomic}
    uintx NonNMethodCodeHeapSize                   = 5832780                                {pd product} {ergonomic}
    uintx NonProfiledCodeHeapSize                  = 122912730                              {pd product} {ergonomic}
   size_t OldSize                                  = 70254592                                  {product} {ergonomic}
    uintx ProfiledCodeHeapSize                     = 122912730                              {pd product} {ergonomic}
    uintx ReservedCodeCacheSize                    = 251658240                              {pd product} {ergonomic}
     bool SegmentedCodeCache                       = true                                      {product} {ergonomic}
   size_t SoftMaxHeapSize                          = 2147483648                             {manageable} {ergonomic}
     bool UseCompressedOops                        = true                           {product lp64_product} {ergonomic}
     bool UseLargePagesIndividualAllocation        = false                                  {pd product} {ergonomic}
     bool UseParallelGC                            = true                                      {product} {command line}

Logging:
Log output configuration:
 #0: stdout all=off uptime,level,tags foldmultilines=false
 #1: stderr all=off uptime,level,tags foldmultilines=false

Environment Variables:
JAVA_HOME=C:\Program Files\OpenJDK\jdk-22.0.2
PATH=C:\Program Files\Common Files\Oracle\Java\javapath;C:\Program Files (x86)\OpenLogic\jre-8.0.382.05-hotspot\bin;C:\Program Files\Microsoft\jdk-11.0.18.10-hotspot\bin;C:\ProgramData\chocolatey\bin;C:\Users\AJ\AppData\Local\Android\Sdk\platform-tools;C:\WINDOWS\system32;C:\WINDOWS;C:\WINDOWS\System32\Wbem;C:\WINDOWS\System32\WindowsPowerShell\v1.0\;C:\WINDOWS\System32\OpenSSH\;C:\Users\AJ\AppData\Local\Programs\Python\Python312\;C:\Users\AJ\AppData\Local\Programs\Python\Python312\Scripts\;C:\Program Files\Git\cmd;C:\Program Files\Git\bin;C:\Program Files (x86)\Microsoft SQL Server\160\Tools\Binn\;C:\Program Files\Microsoft SQL Server\160\Tools\Binn\;C:\Program Files\Microsoft SQL Server\Client SDK\ODBC\170\Tools\Binn\;C:\Program Files\Microsoft SQL Server\160\DTS\Binn\;C:\Program Files\nodejs\;C:\Program Files (x86)\Microsoft SQL Server\160\DTS\Binn\;C:\Program Files\OpenJDK\jdk-22.0.2\bin;C:\Program Files (x86)\dotnet\;C:\Users\AJ\AppData\Local\Programs\Python\Python313\Scripts\;C:\Users\AJ\AppData\Local\Programs\Python\Python313\;C:\Users\AJ\AppData\Local\Programs\Python\Launcher\;C:\Users\AJ\AppData\Local\Microsoft\WindowsApps;C:\Users\AJ\AppData\Local\Programs\Microsoft VS Code\bin;C:\Users\AJ\AppData\Local\JetBrains\IntelliJ IDEA 2024.1.3\bin;C:\Users\AJ\AppData\Roaming\npm;C:\Users\AJ\AppData\Local\Programs\cursor\resources\app\bin
USERNAME=AJ
OS=Windows_NT
PROCESSOR_IDENTIFIER=Intel64 Family 6 Model 69 Stepping 1, GenuineIntel
TMP=C:\Users\AJ\AppData\Local\Temp
TEMP=C:\Users\AJ\AppData\Local\Temp




Periodic native trim disabled

---------------  S Y S T E M  ---------------

OS:
 Windows 10 , 64 bit Build 19041 (10.0.19041.5915)
OS uptime: 0 days 1:22 hours

CPU: total 4 (initial active 4) (2 cores per cpu, 2 threads per core) family 6 model 69 stepping 1 microcode 0x25, cx8, cmov, fxsr, ht, mmx, sse, sse2, sse3, ssse3, sse4.1, sse4.2, popcnt, lzcnt, tsc, tscinvbit, avx, avx2, aes, erms, clmul, bmi1, bmi2, fma, vzeroupper, clflush, rdtscp, f16c
Processor Information for the first 4 processors :
  Max Mhz: 2494, Current Mhz: 1895, Mhz Limit: 1895

Memory: 4k page, system-wide physical 7878M (1786M free)
TotalPageFile size 14398M (AvailPageFile size 9M)
current process WorkingSet (physical memory assigned to process): 59M, peak: 432M
current process commit charge ("private bytes"): 486M, peak: 488M

vm_info: OpenJDK 64-Bit Server VM (21.0.8+9-LTS) for windows-amd64 JRE (21.0.8+9-LTS), built on 2025-07-15T00:00:00Z by "admin" with MS VC++ 17.7 (VS2022)

END.
