#
# There is insufficient memory for the Java Runtime Environment to continue.
# Native memory allocation (malloc) failed to allocate 1124176 bytes. Error detail: Chunk::new
# Possible reasons:
#   The system is out of physical RAM or swap space
#   This process is running with CompressedOops enabled, and the Java Heap may be blocking the growth of the native heap
# Possible solutions:
#   Reduce memory load on the system
#   Increase physical memory or swap space
#   Check if swap backing store is full
#   Decrease Java heap size (-Xmx/-Xms)
#   Decrease number of Java threads
#   Decrease Java thread stack sizes (-Xss)
#   Set larger code cache with -XX:ReservedCodeCacheSize=
#   JVM is running with Unscaled Compressed Oops mode in which the Java heap is
#     placed in the first 4GB address space. The Java Heap base address is the
#     maximum limit for the native heap growth. Please use -XX:HeapBaseMinAddress
#     to set the Java Heap base and to place the Java Heap above 4GB virtual address.
# This output file may be truncated or incomplete.
#
#  Out of Memory Error (arena.cpp:168), pid=7524, tid=13464
#
# JRE version: OpenJDK Runtime Environment Temurin-21.0.7+6 (21.0.7+6) (build 21.0.7+6-LTS)
# Java VM: OpenJDK 64-Bit Server VM Temurin-21.0.7+6 (21.0.7+6-LTS, mixed mode, sharing, tiered, compressed oops, compressed class ptrs, parallel gc, windows-amd64)
# No core dump will be written. Minidumps are not enabled by default on client versions of Windows
#

---------------  S U M M A R Y ------------

Command Line: --add-modules=ALL-SYSTEM --add-opens=java.base/java.util=ALL-UNNAMED --add-opens=java.base/java.lang=ALL-UNNAMED --add-opens=java.base/sun.nio.fs=ALL-UNNAMED -Declipse.application=org.eclipse.jdt.ls.core.id1 -Dosgi.bundles.defaultStartLevel=4 -Declipse.product=org.eclipse.jdt.ls.core.product -Djava.import.generatesMetadataFilesAtProjectRoot=false -DDetectVMInstallationsJob.disabled=true -Dfile.encoding=utf8 -XX:+UseParallelGC -XX:GCTimeRatio=4 -XX:AdaptiveSizePolicyWeight=90 -Dsun.zip.disableMemoryMapping=true -Xmx2G -Xms100m -Xlog:disable -javaagent:c:\Users\AJ\.vscode\extensions\redhat.java-1.43.1-win32-x64\lombok\lombok-1.18.39-4050.jar -XX:+HeapDumpOnOutOfMemoryError -XX:HeapDumpPath=c:\Users\AJ\AppData\Roaming\Code\User\workspaceStorage\42d3df7c00ac9b0f7d13d418ec405ff2\redhat.java -Daether.dependencyCollector.impl=bf c:\Users\AJ\.vscode\extensions\redhat.java-1.43.1-win32-x64\server\plugins\org.eclipse.equinox.launcher_1.7.0.v20250519-0528.jar -configuration c:\Users\AJ\AppData\Roaming\Code\User\globalStorage\redhat.java\1.43.1\config_win -data c:\Users\AJ\AppData\Roaming\Code\User\workspaceStorage\42d3df7c00ac9b0f7d13d418ec405ff2\redhat.java\jdt_ws --pipe=\\.\pipe\lsp-e7f880791132e3f02fd15ab2f67ebed0-sock

Host: Intel(R) Core(TM) i5-4300U CPU @ 1.90GHz, 4 cores, 7G,  Windows 10 , 64 bit Build 19041 (10.0.19041.5915)
Time: Thu Jul 31 11:57:57 2025 Pakistan Standard Time elapsed time: 20.469529 seconds (0d 0h 0m 20s)

---------------  T H R E A D  ---------------

Current thread (0x00000296b4b933d0):  JavaThread "C2 CompilerThread0" daemon [_thread_in_native, id=13464, stack(0x000000aba9b00000,0x000000aba9c00000) (1024K)]


Current CompileTask:
C2:20469 4780       4       org.eclipse.osgi.internal.serviceregistry.ServiceRegistry::notifyHooksPrivileged (57 bytes)

Stack: [0x000000aba9b00000,0x000000aba9c00000]
Native frames: (J=compiled Java code, j=interpreted, Vv=VM code, C=native code)
V  [jvm.dll+0x6ce119]
V  [jvm.dll+0x8a84a1]
V  [jvm.dll+0x8aa9ce]
V  [jvm.dll+0x8ab0b3]
V  [jvm.dll+0x27f8a6]
V  [jvm.dll+0xc507d]
V  [jvm.dll+0xc55b3]
V  [jvm.dll+0x3b68f2]
V  [jvm.dll+0x382aa5]
V  [jvm.dll+0x381f0a]
V  [jvm.dll+0x247af0]
V  [jvm.dll+0x2470cf]
V  [jvm.dll+0x1c760e]
V  [jvm.dll+0x25695a]
V  [jvm.dll+0x254efa]
V  [jvm.dll+0x3f03f6]
V  [jvm.dll+0x851f6b]
V  [jvm.dll+0x6cc7dd]
C  [ucrtbase.dll+0x21bb2]
C  [KERNEL32.DLL+0x17374]
C  [ntdll.dll+0x4cc91]


---------------  P R O C E S S  ---------------

Threads class SMR info:
_java_thread_list=0x0000029713666e70, length=25, elements={
0x00000296b4ca11e0, 0x00000296b4b879a0, 0x00000296b4b8b2b0, 0x00000296b4b8cf10,
0x00000296b4b8de20, 0x00000296b4b90b40, 0x00000296b4b925a0, 0x00000296b4b933d0,
0x00000296b4c098f0, 0x000002970d241440, 0x000002970d39eca0, 0x000002970dd655d0,
0x00000297121030d0, 0x000002970dd940a0, 0x000002970dad40f0, 0x00000297121e5970,
0x000002971239e210, 0x000002970de0b7f0, 0x000002970d8b57f0, 0x000002970d8b7230,
0x000002970d8b3db0, 0x000002970d8b6ba0, 0x000002970d8b6510, 0x000002970d8b4440,
0x0000029714bab3a0
}

Java Threads: ( => current thread )
  0x00000296b4ca11e0 JavaThread "main"                              [_thread_blocked, id=3088, stack(0x000000aba9100000,0x000000aba9200000) (1024K)]
  0x00000296b4b879a0 JavaThread "Reference Handler"          daemon [_thread_blocked, id=9116, stack(0x000000aba9500000,0x000000aba9600000) (1024K)]
  0x00000296b4b8b2b0 JavaThread "Finalizer"                  daemon [_thread_blocked, id=14272, stack(0x000000aba9600000,0x000000aba9700000) (1024K)]
  0x00000296b4b8cf10 JavaThread "Signal Dispatcher"          daemon [_thread_blocked, id=2924, stack(0x000000aba9700000,0x000000aba9800000) (1024K)]
  0x00000296b4b8de20 JavaThread "Attach Listener"            daemon [_thread_blocked, id=4420, stack(0x000000aba9800000,0x000000aba9900000) (1024K)]
  0x00000296b4b90b40 JavaThread "Service Thread"             daemon [_thread_blocked, id=4372, stack(0x000000aba9900000,0x000000aba9a00000) (1024K)]
  0x00000296b4b925a0 JavaThread "Monitor Deflation Thread"   daemon [_thread_blocked, id=13708, stack(0x000000aba9a00000,0x000000aba9b00000) (1024K)]
=>0x00000296b4b933d0 JavaThread "C2 CompilerThread0"         daemon [_thread_in_native, id=13464, stack(0x000000aba9b00000,0x000000aba9c00000) (1024K)]
  0x00000296b4c098f0 JavaThread "C1 CompilerThread0"         daemon [_thread_blocked, id=9352, stack(0x000000aba9c00000,0x000000aba9d00000) (1024K)]
  0x000002970d241440 JavaThread "Common-Cleaner"             daemon [_thread_blocked, id=13740, stack(0x000000aba9d00000,0x000000aba9e00000) (1024K)]
  0x000002970d39eca0 JavaThread "Notification Thread"        daemon [_thread_blocked, id=9908, stack(0x000000aba9e00000,0x000000aba9f00000) (1024K)]
  0x000002970dd655d0 JavaThread "Active Thread: Equinox Container: 2d81efc1-088a-4b83-a9cb-16f987fbadde"        [_thread_blocked, id=11728, stack(0x000000aba9f00000,0x000000abaa000000) (1024K)]
  0x00000297121030d0 JavaThread "Refresh Thread: Equinox Container: 2d81efc1-088a-4b83-a9cb-16f987fbadde" daemon [_thread_blocked, id=10504, stack(0x000000abaa400000,0x000000abaa500000) (1024K)]
  0x000002970dd940a0 JavaThread "Framework Event Dispatcher: Equinox Container: 2d81efc1-088a-4b83-a9cb-16f987fbadde" daemon [_thread_blocked, id=5248, stack(0x000000abaa500000,0x000000abaa600000) (1024K)]
  0x000002970dad40f0 JavaThread "Start Level: Equinox Container: 2d81efc1-088a-4b83-a9cb-16f987fbadde" daemon [_thread_in_Java, id=7200, stack(0x000000abaa600000,0x000000abaa700000) (1024K)]
  0x00000297121e5970 JavaThread "Bundle File Closer"         daemon [_thread_blocked, id=2576, stack(0x000000abaa700000,0x000000abaa800000) (1024K)]
  0x000002971239e210 JavaThread "SCR Component Actor"        daemon [_thread_blocked, id=15896, stack(0x000000abaa800000,0x000000abaa900000) (1024K)]
  0x000002970de0b7f0 JavaThread "SCR Component Registry"     daemon [_thread_blocked, id=1476, stack(0x000000abaa900000,0x000000abaaa00000) (1024K)]
  0x000002970d8b57f0 JavaThread "Worker-JM"                         [_thread_blocked, id=4868, stack(0x000000abaaa00000,0x000000abaab00000) (1024K)]
  0x000002970d8b7230 JavaThread "JNA Cleaner"                daemon [_thread_blocked, id=5600, stack(0x000000abaa300000,0x000000abaa400000) (1024K)]
  0x000002970d8b3db0 JavaThread "Worker-0: Updating Maven Dependencies"        [_thread_blocked, id=15208, stack(0x000000abaac00000,0x000000abaad00000) (1024K)]
  0x000002970d8b6ba0 JavaThread "Worker-1: Repository registry initialization"        [_thread_in_vm, id=11168, stack(0x000000abaab00000,0x000000abaac00000) (1024K)]
  0x000002970d8b6510 JavaThread "Worker-2"                          [_thread_blocked, id=12888, stack(0x000000abaae00000,0x000000abaaf00000) (1024K)]
  0x000002970d8b4440 JavaThread "Worker-3"                          [_thread_blocked, id=1520, stack(0x000000abaad00000,0x000000abaae00000) (1024K)]
  0x0000029714bab3a0 JavaThread "C2 CompilerThread1"         daemon [_thread_in_native, id=2848, stack(0x000000abaaf00000,0x000000abab000000) (1024K)]
Total: 25

Other Threads:
  0x00000296b4d5eba0 VMThread "VM Thread"                           [id=5512, stack(0x000000aba9400000,0x000000aba9500000) (1024K)]
  0x00000296b4d0b100 WatcherThread "VM Periodic Task Thread"        [id=10296, stack(0x000000aba9300000,0x000000aba9400000) (1024K)]
  0x00000296b4cc0650 WorkerThread "GC Thread#0"                     [id=8268, stack(0x000000aba9200000,0x000000aba9300000) (1024K)]
  0x000002970daa96c0 WorkerThread "GC Thread#1"                     [id=15048, stack(0x000000abaa000000,0x000000abaa100000) (1024K)]
  0x000002970daa9a60 WorkerThread "GC Thread#2"                     [id=11444, stack(0x000000abaa100000,0x000000abaa200000) (1024K)]
  0x000002970daa9e00 WorkerThread "GC Thread#3"                     [id=13992, stack(0x000000abaa200000,0x000000abaa300000) (1024K)]
Total: 6

Threads with active compile tasks:
C2 CompilerThread0  20535 4780       4       org.eclipse.osgi.internal.serviceregistry.ServiceRegistry::notifyHooksPrivileged (57 bytes)
C2 CompilerThread1  20535 4924       4       org.osgi.framework.Version::toString0 (102 bytes)
Total: 2

VM state: not at safepoint (normal execution)

VM Mutex/Monitor currently owned by a thread: None

Heap address: 0x0000000080000000, size: 2048 MB, Compressed Oops mode: 32-bit

CDS archive(s) mapped at: [0x00000296cc000000-0x00000296ccba0000-0x00000296ccba0000), size 12189696, SharedBaseAddress: 0x00000296cc000000, ArchiveRelocationMode: 1.
Compressed class space mapped at: 0x00000296cd000000-0x000002970d000000, reserved size: 1073741824
Narrow klass base: 0x00000296cc000000, Narrow klass shift: 0, Narrow klass range: 0x100000000

GC Precious Log:
 CardTable entry size: 512
 CPUs: 4 total, 4 available
 Memory: 7878M
 Large Page Support: Disabled
 NUMA Support: Disabled
 Compressed Oops: Enabled (32-bit)
 Alignments: Space 512K, Generation 512K, Heap 2M
 Heap Min Capacity: 100M
 Heap Initial Capacity: 100M
 Heap Max Capacity: 2G
 Pre-touch: Disabled
 Parallel Workers: 4

Heap:
 PSYoungGen      total 10752K, used 5567K [0x00000000d5580000, 0x00000000d6480000, 0x0000000100000000)
  eden space 9216K, 54% used [0x00000000d5580000,0x00000000d5a67e70,0x00000000d5e80000)
  from space 1536K, 35% used [0x00000000d6180000,0x00000000d6208000,0x00000000d6300000)
  to   space 1024K, 0% used [0x00000000d6380000,0x00000000d6380000,0x00000000d6480000)
 ParOldGen       total 68608K, used 38592K [0x0000000080000000, 0x0000000084300000, 0x00000000d5580000)
  object space 68608K, 56% used [0x0000000080000000,0x00000000825b0288,0x0000000084300000)
 Metaspace       used 31891K, committed 32832K, reserved 1114112K
  class space    used 3177K, committed 3584K, reserved 1048576K

Card table byte_map: [0x00000296b4650000,0x00000296b4a60000] _byte_map_base: 0x00000296b4250000

Marking Bits: (ParMarkBitMap*) 0x00007ffdc05831f0
 Begin Bits: [0x00000296c7150000, 0x00000296c9150000)
 End Bits:   [0x00000296c9150000, 0x00000296cb150000)

Polling page: 0x00000296b2a30000

Metaspace:

Usage:
  Non-class:     28.04 MB used.
      Class:      3.10 MB used.
       Both:     31.14 MB used.

Virtual space:
  Non-class space:       64.00 MB reserved,      28.56 MB ( 45%) committed,  1 nodes.
      Class space:        1.00 GB reserved,       3.50 MB ( <1%) committed,  1 nodes.
             Both:        1.06 GB reserved,      32.06 MB (  3%) committed. 

Chunk freelists:
   Non-Class:  2.61 MB
       Class:  12.45 MB
        Both:  15.06 MB

MaxMetaspaceSize: unlimited
CompressedClassSpaceSize: 1.00 GB
Initial GC threshold: 21.00 MB
Current GC threshold: 35.00 MB
CDS: on
 - commit_granule_bytes: 65536.
 - commit_granule_words: 8192.
 - virtual_space_node_default_size: 8388608.
 - enlarge_chunks_in_place: 1.
 - use_allocation_guard: 0.


Internal statistics:

num_allocs_failed_limit: 3.
num_arena_births: 692.
num_arena_deaths: 14.
num_vsnodes_births: 2.
num_vsnodes_deaths: 0.
num_space_committed: 513.
num_space_uncommitted: 0.
num_chunks_returned_to_freelist: 17.
num_chunks_taken_from_freelist: 2014.
num_chunk_merges: 7.
num_chunk_splits: 1274.
num_chunks_enlarged: 792.
num_inconsistent_stats: 0.

CodeHeap 'non-profiled nmethods': size=120000Kb used=2644Kb max_used=2644Kb free=117355Kb
 bounds [0x00000296bf970000, 0x00000296bfc10000, 0x00000296c6ea0000]
CodeHeap 'profiled nmethods': size=120000Kb used=10530Kb max_used=10530Kb free=109469Kb
 bounds [0x00000296b7ea0000, 0x00000296b88f0000, 0x00000296bf3d0000]
CodeHeap 'non-nmethods': size=5760Kb used=1335Kb max_used=1386Kb free=4424Kb
 bounds [0x00000296bf3d0000, 0x00000296bf640000, 0x00000296bf970000]
 total_blobs=5550 nmethods=4923 adapters=533
 compilation: enabled
              stopped_count=0, restarted_count=0
 full_count=0

Compilation events (20 events):
Event: 20.431 Thread 0x00000296b4c098f0 4922       3       java.lang.Class::getInterfaces (6 bytes)
Event: 20.431 Thread 0x00000296b4c098f0 nmethod 4922 0x00000296b88dea10 code [0x00000296b88debc0, 0x00000296b88ded00]
Event: 20.435 Thread 0x00000296b4c098f0 4925       3       java.util.concurrent.atomic.AtomicReferenceArray::get (12 bytes)
Event: 20.436 Thread 0x00000296b4c098f0 nmethod 4925 0x00000296b88ded90 code [0x00000296b88defe0, 0x00000296b88dfbb0]
Event: 20.437 Thread 0x00000296b4c098f0 4926       3       sun.reflect.annotation.AnnotationInvocationHandler::<init> (71 bytes)
Event: 20.438 Thread 0x00000296b4c098f0 nmethod 4926 0x00000296b88dff10 code [0x00000296b88e01a0, 0x00000296b88e0af8]
Event: 20.438 Thread 0x00000296b4c098f0 4927       3       java.lang.reflect.Proxy::newProxyInstance (35 bytes)
Event: 20.439 Thread 0x00000296b4c098f0 nmethod 4927 0x00000296b88e0f10 code [0x00000296b88e1100, 0x00000296b88e14d8]
Event: 20.439 Thread 0x00000296b4c098f0 4928       3       java.lang.reflect.Proxy::getProxyConstructor (92 bytes)
Event: 20.440 Thread 0x00000296b4c098f0 nmethod 4928 0x00000296b88e1690 code [0x00000296b88e1980, 0x00000296b88e2e38]
Event: 20.441 Thread 0x00000296b4c098f0 4929       3       java.lang.reflect.Proxy::<init> (15 bytes)
Event: 20.441 Thread 0x00000296b4c098f0 nmethod 4929 0x00000296b88e3410 code [0x00000296b88e35e0, 0x00000296b88e38c0]
Event: 20.441 Thread 0x00000296b4c098f0 4930   !   3       org.eclipse.osgi.storage.url.BundleResourceHandler::openConnection (153 bytes)
Event: 20.444 Thread 0x00000296b4c098f0 nmethod 4930 0x00000296b88e3a10 code [0x00000296b88e3da0, 0x00000296b88e5290]
Event: 20.444 Thread 0x00000296b4c098f0 4931       3       org.eclipse.osgi.storage.url.BundleURLConnection::<init> (26 bytes)
Event: 20.444 Thread 0x00000296b4c098f0 nmethod 4931 0x00000296b88e5b10 code [0x00000296b88e5cc0, 0x00000296b88e5e70]
Event: 20.445 Thread 0x00000296b4c098f0 4932       3       java.util.AbstractQueue::add (20 bytes)
Event: 20.446 Thread 0x00000296b4c098f0 nmethod 4932 0x00000296b88e5f10 code [0x00000296b88e60e0, 0x00000296b88e63c0]
Event: 20.457 Thread 0x0000029714bab3a0 nmethod 4921 0x00000296bfc03f90 code [0x00000296bfc04200, 0x00000296bfc04bc8]
Event: 20.457 Thread 0x0000029714bab3a0 4924       4       org.osgi.framework.Version::toString0 (102 bytes)

GC Heap History (20 events):
Event: 16.877 GC heap before
{Heap before GC invocations=17 (full 1):
 PSYoungGen      total 10240K, used 10211K [0x00000000d5580000, 0x00000000d6500000, 0x0000000100000000)
  eden space 9216K, 100% used [0x00000000d5580000,0x00000000d5e80000,0x00000000d5e80000)
  from space 1024K, 97% used [0x00000000d6380000,0x00000000d6478c58,0x00000000d6480000)
  to   space 512K, 0% used [0x00000000d6480000,0x00000000d6480000,0x00000000d6500000)
 ParOldGen       total 68608K, used 33547K [0x0000000080000000, 0x0000000084300000, 0x00000000d5580000)
  object space 68608K, 48% used [0x0000000080000000,0x00000000820c2d70,0x0000000084300000)
 Metaspace       used 23530K, committed 24448K, reserved 1114112K
  class space    used 2314K, committed 2752K, reserved 1048576K
}
Event: 16.879 GC heap after
{Heap after GC invocations=17 (full 1):
 PSYoungGen      total 9728K, used 512K [0x00000000d5580000, 0x00000000d6500000, 0x0000000100000000)
  eden space 9216K, 0% used [0x00000000d5580000,0x00000000d5580000,0x00000000d5e80000)
  from space 512K, 100% used [0x00000000d6480000,0x00000000d6500000,0x00000000d6500000)
  to   space 1536K, 0% used [0x00000000d6200000,0x00000000d6200000,0x00000000d6380000)
 ParOldGen       total 68608K, used 34120K [0x0000000080000000, 0x0000000084300000, 0x00000000d5580000)
  object space 68608K, 49% used [0x0000000080000000,0x00000000821522f8,0x0000000084300000)
 Metaspace       used 23530K, committed 24448K, reserved 1114112K
  class space    used 2314K, committed 2752K, reserved 1048576K
}
Event: 17.093 GC heap before
{Heap before GC invocations=18 (full 1):
 PSYoungGen      total 9728K, used 9695K [0x00000000d5580000, 0x00000000d6500000, 0x0000000100000000)
  eden space 9216K, 99% used [0x00000000d5580000,0x00000000d5e77f98,0x00000000d5e80000)
  from space 512K, 100% used [0x00000000d6480000,0x00000000d6500000,0x00000000d6500000)
  to   space 1536K, 0% used [0x00000000d6200000,0x00000000d6200000,0x00000000d6380000)
 ParOldGen       total 68608K, used 34120K [0x0000000080000000, 0x0000000084300000, 0x00000000d5580000)
  object space 68608K, 49% used [0x0000000080000000,0x00000000821522f8,0x0000000084300000)
 Metaspace       used 24964K, committed 25856K, reserved 1114112K
  class space    used 2443K, committed 2880K, reserved 1048576K
}
Event: 17.094 GC heap after
{Heap after GC invocations=18 (full 1):
 PSYoungGen      total 10752K, used 224K [0x00000000d5580000, 0x00000000d6500000, 0x0000000100000000)
  eden space 9216K, 0% used [0x00000000d5580000,0x00000000d5580000,0x00000000d5e80000)
  from space 1536K, 14% used [0x00000000d6200000,0x00000000d6238000,0x00000000d6380000)
  to   space 1024K, 0% used [0x00000000d6400000,0x00000000d6400000,0x00000000d6500000)
 ParOldGen       total 68608K, used 34584K [0x0000000080000000, 0x0000000084300000, 0x00000000d5580000)
  object space 68608K, 50% used [0x0000000080000000,0x00000000821c60c0,0x0000000084300000)
 Metaspace       used 24964K, committed 25856K, reserved 1114112K
  class space    used 2443K, committed 2880K, reserved 1048576K
}
Event: 17.331 GC heap before
{Heap before GC invocations=19 (full 1):
 PSYoungGen      total 10752K, used 9440K [0x00000000d5580000, 0x00000000d6500000, 0x0000000100000000)
  eden space 9216K, 100% used [0x00000000d5580000,0x00000000d5e80000,0x00000000d5e80000)
  from space 1536K, 14% used [0x00000000d6200000,0x00000000d6238000,0x00000000d6380000)
  to   space 1024K, 0% used [0x00000000d6400000,0x00000000d6400000,0x00000000d6500000)
 ParOldGen       total 68608K, used 34584K [0x0000000080000000, 0x0000000084300000, 0x00000000d5580000)
  object space 68608K, 50% used [0x0000000080000000,0x00000000821c60c0,0x0000000084300000)
 Metaspace       used 26309K, committed 27200K, reserved 1114112K
  class space    used 2588K, committed 3008K, reserved 1048576K
}
Event: 17.334 GC heap after
{Heap after GC invocations=19 (full 1):
 PSYoungGen      total 10240K, used 522K [0x00000000d5580000, 0x00000000d6500000, 0x0000000100000000)
  eden space 9216K, 0% used [0x00000000d5580000,0x00000000d5580000,0x00000000d5e80000)
  from space 1024K, 50% used [0x00000000d6400000,0x00000000d6482870,0x00000000d6500000)
  to   space 1024K, 0% used [0x00000000d6300000,0x00000000d6300000,0x00000000d6400000)
 ParOldGen       total 68608K, used 34728K [0x0000000080000000, 0x0000000084300000, 0x00000000d5580000)
  object space 68608K, 50% used [0x0000000080000000,0x00000000821ea0c0,0x0000000084300000)
 Metaspace       used 26309K, committed 27200K, reserved 1114112K
  class space    used 2588K, committed 3008K, reserved 1048576K
}
Event: 17.578 GC heap before
{Heap before GC invocations=20 (full 1):
 PSYoungGen      total 10240K, used 9738K [0x00000000d5580000, 0x00000000d6500000, 0x0000000100000000)
  eden space 9216K, 100% used [0x00000000d5580000,0x00000000d5e80000,0x00000000d5e80000)
  from space 1024K, 50% used [0x00000000d6400000,0x00000000d6482870,0x00000000d6500000)
  to   space 1024K, 0% used [0x00000000d6300000,0x00000000d6300000,0x00000000d6400000)
 ParOldGen       total 68608K, used 34728K [0x0000000080000000, 0x0000000084300000, 0x00000000d5580000)
  object space 68608K, 50% used [0x0000000080000000,0x00000000821ea0c0,0x0000000084300000)
 Metaspace       used 27574K, committed 28416K, reserved 1114112K
  class space    used 2752K, committed 3136K, reserved 1048576K
}
Event: 17.579 GC heap after
{Heap after GC invocations=20 (full 1):
 PSYoungGen      total 10240K, used 878K [0x00000000d5580000, 0x00000000d6480000, 0x0000000100000000)
  eden space 9216K, 0% used [0x00000000d5580000,0x00000000d5580000,0x00000000d5e80000)
  from space 1024K, 85% used [0x00000000d6300000,0x00000000d63dbac8,0x00000000d6400000)
  to   space 512K, 0% used [0x00000000d6400000,0x00000000d6400000,0x00000000d6480000)
 ParOldGen       total 68608K, used 35138K [0x0000000080000000, 0x0000000084300000, 0x00000000d5580000)
  object space 68608K, 51% used [0x0000000080000000,0x0000000082250878,0x0000000084300000)
 Metaspace       used 27574K, committed 28416K, reserved 1114112K
  class space    used 2752K, committed 3136K, reserved 1048576K
}
Event: 17.810 GC heap before
{Heap before GC invocations=21 (full 1):
 PSYoungGen      total 10240K, used 10094K [0x00000000d5580000, 0x00000000d6480000, 0x0000000100000000)
  eden space 9216K, 100% used [0x00000000d5580000,0x00000000d5e80000,0x00000000d5e80000)
  from space 1024K, 85% used [0x00000000d6300000,0x00000000d63dbac8,0x00000000d6400000)
  to   space 512K, 0% used [0x00000000d6400000,0x00000000d6400000,0x00000000d6480000)
 ParOldGen       total 68608K, used 35138K [0x0000000080000000, 0x0000000084300000, 0x00000000d5580000)
  object space 68608K, 51% used [0x0000000080000000,0x0000000082250878,0x0000000084300000)
 Metaspace       used 28775K, committed 29696K, reserved 1114112K
  class space    used 2861K, committed 3264K, reserved 1048576K
}
Event: 17.812 GC heap after
{Heap after GC invocations=21 (full 1):
 PSYoungGen      total 9728K, used 308K [0x00000000d5580000, 0x00000000d6480000, 0x0000000100000000)
  eden space 9216K, 0% used [0x00000000d5580000,0x00000000d5580000,0x00000000d5e80000)
  from space 512K, 60% used [0x00000000d6400000,0x00000000d644d2e0,0x00000000d6480000)
  to   space 1024K, 0% used [0x00000000d6280000,0x00000000d6280000,0x00000000d6380000)
 ParOldGen       total 68608K, used 35256K [0x0000000080000000, 0x0000000084300000, 0x00000000d5580000)
  object space 68608K, 51% used [0x0000000080000000,0x000000008226e130,0x0000000084300000)
 Metaspace       used 28775K, committed 29696K, reserved 1114112K
  class space    used 2861K, committed 3264K, reserved 1048576K
}
Event: 18.049 GC heap before
{Heap before GC invocations=22 (full 1):
 PSYoungGen      total 9728K, used 9524K [0x00000000d5580000, 0x00000000d6480000, 0x0000000100000000)
  eden space 9216K, 100% used [0x00000000d5580000,0x00000000d5e80000,0x00000000d5e80000)
  from space 512K, 60% used [0x00000000d6400000,0x00000000d644d2e0,0x00000000d6480000)
  to   space 1024K, 0% used [0x00000000d6280000,0x00000000d6280000,0x00000000d6380000)
 ParOldGen       total 68608K, used 35256K [0x0000000080000000, 0x0000000084300000, 0x00000000d5580000)
  object space 68608K, 51% used [0x0000000080000000,0x000000008226e130,0x0000000084300000)
 Metaspace       used 29297K, committed 30208K, reserved 1114112K
  class space    used 2897K, committed 3328K, reserved 1048576K
}
Event: 18.052 GC heap after
{Heap after GC invocations=22 (full 1):
 PSYoungGen      total 10240K, used 462K [0x00000000d5580000, 0x00000000d6480000, 0x0000000100000000)
  eden space 9216K, 0% used [0x00000000d5580000,0x00000000d5580000,0x00000000d5e80000)
  from space 1024K, 45% used [0x00000000d6280000,0x00000000d62f38b0,0x00000000d6380000)
  to   space 512K, 0% used [0x00000000d6400000,0x00000000d6400000,0x00000000d6480000)
 ParOldGen       total 68608K, used 36954K [0x0000000080000000, 0x0000000084300000, 0x00000000d5580000)
  object space 68608K, 53% used [0x0000000080000000,0x0000000082416b50,0x0000000084300000)
 Metaspace       used 29297K, committed 30208K, reserved 1114112K
  class space    used 2897K, committed 3328K, reserved 1048576K
}
Event: 18.214 GC heap before
{Heap before GC invocations=23 (full 1):
 PSYoungGen      total 10240K, used 9678K [0x00000000d5580000, 0x00000000d6480000, 0x0000000100000000)
  eden space 9216K, 100% used [0x00000000d5580000,0x00000000d5e80000,0x00000000d5e80000)
  from space 1024K, 45% used [0x00000000d6280000,0x00000000d62f38b0,0x00000000d6380000)
  to   space 512K, 0% used [0x00000000d6400000,0x00000000d6400000,0x00000000d6480000)
 ParOldGen       total 68608K, used 36954K [0x0000000080000000, 0x0000000084300000, 0x00000000d5580000)
  object space 68608K, 53% used [0x0000000080000000,0x0000000082416b50,0x0000000084300000)
 Metaspace       used 29557K, committed 30400K, reserved 1114112K
  class space    used 2929K, committed 3328K, reserved 1048576K
}
Event: 18.216 GC heap after
{Heap after GC invocations=23 (full 1):
 PSYoungGen      total 9728K, used 301K [0x00000000d5580000, 0x00000000d6480000, 0x0000000100000000)
  eden space 9216K, 0% used [0x00000000d5580000,0x00000000d5580000,0x00000000d5e80000)
  from space 512K, 58% used [0x00000000d6400000,0x00000000d644b670,0x00000000d6480000)
  to   space 512K, 0% used [0x00000000d6380000,0x00000000d6380000,0x00000000d6400000)
 ParOldGen       total 68608K, used 37220K [0x0000000080000000, 0x0000000084300000, 0x00000000d5580000)
  object space 68608K, 54% used [0x0000000080000000,0x0000000082459340,0x0000000084300000)
 Metaspace       used 29557K, committed 30400K, reserved 1114112K
  class space    used 2929K, committed 3328K, reserved 1048576K
}
Event: 19.073 GC heap before
{Heap before GC invocations=24 (full 1):
 PSYoungGen      total 9728K, used 9517K [0x00000000d5580000, 0x00000000d6480000, 0x0000000100000000)
  eden space 9216K, 100% used [0x00000000d5580000,0x00000000d5e80000,0x00000000d5e80000)
  from space 512K, 58% used [0x00000000d6400000,0x00000000d644b670,0x00000000d6480000)
  to   space 512K, 0% used [0x00000000d6380000,0x00000000d6380000,0x00000000d6400000)
 ParOldGen       total 68608K, used 37220K [0x0000000080000000, 0x0000000084300000, 0x00000000d5580000)
  object space 68608K, 54% used [0x0000000080000000,0x0000000082459340,0x0000000084300000)
 Metaspace       used 29928K, committed 30848K, reserved 1114112K
  class space    used 2974K, committed 3392K, reserved 1048576K
}
Event: 19.077 GC heap after
{Heap after GC invocations=24 (full 1):
 PSYoungGen      total 9728K, used 489K [0x00000000d5580000, 0x00000000d6480000, 0x0000000100000000)
  eden space 9216K, 0% used [0x00000000d5580000,0x00000000d5580000,0x00000000d5e80000)
  from space 512K, 95% used [0x00000000d6380000,0x00000000d63fa520,0x00000000d6400000)
  to   space 512K, 0% used [0x00000000d6400000,0x00000000d6400000,0x00000000d6480000)
 ParOldGen       total 68608K, used 37740K [0x0000000080000000, 0x0000000084300000, 0x00000000d5580000)
  object space 68608K, 55% used [0x0000000080000000,0x00000000824db320,0x0000000084300000)
 Metaspace       used 29928K, committed 30848K, reserved 1114112K
  class space    used 2974K, committed 3392K, reserved 1048576K
}
Event: 19.658 GC heap before
{Heap before GC invocations=25 (full 1):
 PSYoungGen      total 9728K, used 9697K [0x00000000d5580000, 0x00000000d6480000, 0x0000000100000000)
  eden space 9216K, 99% used [0x00000000d5580000,0x00000000d5e7dfb0,0x00000000d5e80000)
  from space 512K, 95% used [0x00000000d6380000,0x00000000d63fa520,0x00000000d6400000)
  to   space 512K, 0% used [0x00000000d6400000,0x00000000d6400000,0x00000000d6480000)
 ParOldGen       total 68608K, used 37794K [0x0000000080000000, 0x0000000084300000, 0x00000000d5580000)
  object space 68608K, 55% used [0x0000000080000000,0x00000000824e8870,0x0000000084300000)
 Metaspace       used 30547K, committed 31488K, reserved 1114112K
  class space    used 3036K, committed 3456K, reserved 1048576K
}
Event: 19.661 GC heap after
{Heap after GC invocations=25 (full 1):
 PSYoungGen      total 9728K, used 490K [0x00000000d5580000, 0x00000000d6480000, 0x0000000100000000)
  eden space 9216K, 0% used [0x00000000d5580000,0x00000000d5580000,0x00000000d5e80000)
  from space 512K, 95% used [0x00000000d6400000,0x00000000d647aaa0,0x00000000d6480000)
  to   space 1536K, 0% used [0x00000000d6180000,0x00000000d6180000,0x00000000d6300000)
 ParOldGen       total 68608K, used 38364K [0x0000000080000000, 0x0000000084300000, 0x00000000d5580000)
  object space 68608K, 55% used [0x0000000080000000,0x00000000825772b8,0x0000000084300000)
 Metaspace       used 30547K, committed 31488K, reserved 1114112K
  class space    used 3036K, committed 3456K, reserved 1048576K
}
Event: 20.138 GC heap before
{Heap before GC invocations=26 (full 1):
 PSYoungGen      total 9728K, used 9706K [0x00000000d5580000, 0x00000000d6480000, 0x0000000100000000)
  eden space 9216K, 100% used [0x00000000d5580000,0x00000000d5e80000,0x00000000d5e80000)
  from space 512K, 95% used [0x00000000d6400000,0x00000000d647aaa0,0x00000000d6480000)
  to   space 1536K, 0% used [0x00000000d6180000,0x00000000d6180000,0x00000000d6300000)
 ParOldGen       total 68608K, used 38368K [0x0000000080000000, 0x0000000084300000, 0x00000000d5580000)
  object space 68608K, 55% used [0x0000000080000000,0x0000000082578278,0x0000000084300000)
 Metaspace       used 31652K, committed 32576K, reserved 1114112K
  class space    used 3156K, committed 3584K, reserved 1048576K
}
Event: 20.141 GC heap after
{Heap after GC invocations=26 (full 1):
 PSYoungGen      total 10752K, used 544K [0x00000000d5580000, 0x00000000d6480000, 0x0000000100000000)
  eden space 9216K, 0% used [0x00000000d5580000,0x00000000d5580000,0x00000000d5e80000)
  from space 1536K, 35% used [0x00000000d6180000,0x00000000d6208000,0x00000000d6300000)
  to   space 1024K, 0% used [0x00000000d6380000,0x00000000d6380000,0x00000000d6480000)
 ParOldGen       total 68608K, used 38592K [0x0000000080000000, 0x0000000084300000, 0x00000000d5580000)
  object space 68608K, 56% used [0x0000000080000000,0x00000000825b0288,0x0000000084300000)
 Metaspace       used 31652K, committed 32576K, reserved 1114112K
  class space    used 3156K, committed 3584K, reserved 1048576K
}

Dll operation events (10 events):
Event: 0.024 Loaded shared library c:\Users\AJ\.vscode\extensions\redhat.java-1.43.1-win32-x64\jre\21.0.7-win32-x86_64\bin\java.dll
Event: 0.318 Loaded shared library c:\Users\AJ\.vscode\extensions\redhat.java-1.43.1-win32-x64\jre\21.0.7-win32-x86_64\bin\zip.dll
Event: 0.390 Loaded shared library C:\Users\AJ\.vscode\extensions\redhat.java-1.43.1-win32-x64\jre\21.0.7-win32-x86_64\bin\instrument.dll
Event: 0.400 Loaded shared library C:\Users\AJ\.vscode\extensions\redhat.java-1.43.1-win32-x64\jre\21.0.7-win32-x86_64\bin\net.dll
Event: 0.406 Loaded shared library C:\Users\AJ\.vscode\extensions\redhat.java-1.43.1-win32-x64\jre\21.0.7-win32-x86_64\bin\nio.dll
Event: 0.413 Loaded shared library C:\Users\AJ\.vscode\extensions\redhat.java-1.43.1-win32-x64\jre\21.0.7-win32-x86_64\bin\zip.dll
Event: 0.493 Loaded shared library C:\Users\AJ\.vscode\extensions\redhat.java-1.43.1-win32-x64\jre\21.0.7-win32-x86_64\bin\jimage.dll
Event: 0.820 Loaded shared library c:\Users\AJ\.vscode\extensions\redhat.java-1.43.1-win32-x64\jre\21.0.7-win32-x86_64\bin\verify.dll
Event: 5.956 Loaded shared library C:\Users\AJ\AppData\Roaming\Code\User\globalStorage\redhat.java\1.43.1\config_win\org.eclipse.equinox.launcher\org.eclipse.equinox.launcher.win32.win32.x86_64_1.2.1300.v20250331-1702\eclipse_11911.dll
Event: 12.698 Loaded shared library C:\Users\AJ\AppData\Local\Temp\jna-2089\jna1828574856451010064.dll

Deoptimization events (20 events):
Event: 19.823 Thread 0x000002970dad40f0 Uncommon trap: trap_request=0xffffffc6 fr.pc=0x00000296bfa2b608 relative=0x0000000000000b08
Event: 19.823 Thread 0x000002970dad40f0 Uncommon trap: reason=bimorphic_or_optimized_type_check action=maybe_recompile pc=0x00000296bfa2b608 method=java.util.HashMap.putVal(ILjava/lang/Object;Ljava/lang/Object;ZZ)Ljava/lang/Object; @ 253 c2
Event: 19.823 Thread 0x000002970dad40f0 DEOPT PACKING pc=0x00000296bfa2b608 sp=0x000000abaa6f93c0
Event: 19.823 Thread 0x000002970dad40f0 DEOPT UNPACKING pc=0x00000296bf423aa2 sp=0x000000abaa6f9350 mode 2
Event: 19.956 Thread 0x000002970dad40f0 Uncommon trap: trap_request=0xffffffde fr.pc=0x00000296bfb0ef84 relative=0x0000000000000ea4
Event: 19.956 Thread 0x000002970dad40f0 Uncommon trap: reason=class_check action=maybe_recompile pc=0x00000296bfb0ef84 method=com.sun.org.apache.xerces.internal.impl.XMLDocumentFragmentScannerImpl$FragmentContentDriver.next()I @ 2175 c2
Event: 19.956 Thread 0x000002970dad40f0 DEOPT PACKING pc=0x00000296bfb0ef84 sp=0x000000abaa6f9340
Event: 19.956 Thread 0x000002970dad40f0 DEOPT UNPACKING pc=0x00000296bf423aa2 sp=0x000000abaa6f92f8 mode 2
Event: 19.956 Thread 0x000002970dad40f0 Uncommon trap: trap_request=0xffffffde fr.pc=0x00000296bfb0ec40 relative=0x0000000000000b60
Event: 19.956 Thread 0x000002970dad40f0 Uncommon trap: reason=class_check action=maybe_recompile pc=0x00000296bfb0ec40 method=com.sun.org.apache.xerces.internal.impl.XMLDocumentFragmentScannerImpl$FragmentContentDriver.next()I @ 427 c2
Event: 19.956 Thread 0x000002970dad40f0 DEOPT PACKING pc=0x00000296bfb0ec40 sp=0x000000abaa6f93c0
Event: 19.956 Thread 0x000002970dad40f0 DEOPT UNPACKING pc=0x00000296bf423aa2 sp=0x000000abaa6f9368 mode 2
Event: 19.956 Thread 0x000002970dad40f0 Uncommon trap: trap_request=0xffffffde fr.pc=0x00000296bfb0ec40 relative=0x0000000000000b60
Event: 19.957 Thread 0x000002970dad40f0 Uncommon trap: reason=class_check action=maybe_recompile pc=0x00000296bfb0ec40 method=com.sun.org.apache.xerces.internal.impl.XMLDocumentFragmentScannerImpl$FragmentContentDriver.next()I @ 427 c2
Event: 19.957 Thread 0x000002970dad40f0 DEOPT PACKING pc=0x00000296bfb0ec40 sp=0x000000abaa6f93c0
Event: 19.957 Thread 0x000002970dad40f0 DEOPT UNPACKING pc=0x00000296bf423aa2 sp=0x000000abaa6f9368 mode 2
Event: 19.957 Thread 0x000002970dad40f0 Uncommon trap: trap_request=0xffffffde fr.pc=0x00000296bfb0ec40 relative=0x0000000000000b60
Event: 19.957 Thread 0x000002970dad40f0 Uncommon trap: reason=class_check action=maybe_recompile pc=0x00000296bfb0ec40 method=com.sun.org.apache.xerces.internal.impl.XMLDocumentFragmentScannerImpl$FragmentContentDriver.next()I @ 427 c2
Event: 19.957 Thread 0x000002970dad40f0 DEOPT PACKING pc=0x00000296bfb0ec40 sp=0x000000abaa6f93c0
Event: 19.957 Thread 0x000002970dad40f0 DEOPT UNPACKING pc=0x00000296bf423aa2 sp=0x000000abaa6f9368 mode 2

Classes loaded (20 events):
Event: 19.969 Loading class com/sun/org/apache/xerces/internal/impl/msg/XMLSerializerMessages_en
Event: 19.969 Loading class com/sun/org/apache/xerces/internal/impl/msg/XMLSerializerMessages_en done
Event: 19.969 Loading class com/sun/org/apache/xerces/internal/impl/msg/XMLSerializerMessages_en
Event: 19.969 Loading class com/sun/org/apache/xerces/internal/impl/msg/XMLSerializerMessages_en done
Event: 19.969 Loading class com/sun/org/apache/xerces/internal/impl/msg/XMLSerializerMessages_en_US
Event: 19.969 Loading class com/sun/org/apache/xerces/internal/impl/msg/XMLSerializerMessages_en_US done
Event: 19.969 Loading class com/sun/org/apache/xerces/internal/impl/msg/XMLSerializerMessages_en_US
Event: 19.969 Loading class com/sun/org/apache/xerces/internal/impl/msg/XMLSerializerMessages_en_US done
Event: 19.970 Loading class com/sun/org/apache/xerces/internal/impl/msg/XMLMessages
Event: 19.970 Loading class com/sun/org/apache/xerces/internal/impl/msg/XMLMessages done
Event: 19.970 Loading class com/sun/org/apache/xerces/internal/impl/msg/XMLMessages
Event: 19.970 Loading class com/sun/org/apache/xerces/internal/impl/msg/XMLMessages done
Event: 19.976 Loading class com/sun/org/apache/xerces/internal/impl/msg/XMLMessages_en
Event: 19.976 Loading class com/sun/org/apache/xerces/internal/impl/msg/XMLMessages_en done
Event: 19.976 Loading class com/sun/org/apache/xerces/internal/impl/msg/XMLMessages_en
Event: 19.976 Loading class com/sun/org/apache/xerces/internal/impl/msg/XMLMessages_en done
Event: 19.976 Loading class com/sun/org/apache/xerces/internal/impl/msg/XMLMessages_en_US
Event: 19.976 Loading class com/sun/org/apache/xerces/internal/impl/msg/XMLMessages_en_US done
Event: 19.976 Loading class com/sun/org/apache/xerces/internal/impl/msg/XMLMessages_en_US
Event: 19.976 Loading class com/sun/org/apache/xerces/internal/impl/msg/XMLMessages_en_US done

Classes unloaded (7 events):
Event: 15.820 Thread 0x00000296b4d5eba0 Unloading class 0x00000296cd1a5000 'java/lang/invoke/LambdaForm$MH+0x00000296cd1a5000'
Event: 15.820 Thread 0x00000296b4d5eba0 Unloading class 0x00000296cd1a4c00 'java/lang/invoke/LambdaForm$MH+0x00000296cd1a4c00'
Event: 15.820 Thread 0x00000296b4d5eba0 Unloading class 0x00000296cd1a4800 'java/lang/invoke/LambdaForm$MH+0x00000296cd1a4800'
Event: 15.820 Thread 0x00000296b4d5eba0 Unloading class 0x00000296cd1a4400 'java/lang/invoke/LambdaForm$MH+0x00000296cd1a4400'
Event: 15.820 Thread 0x00000296b4d5eba0 Unloading class 0x00000296cd1a4000 'java/lang/invoke/LambdaForm$BMH+0x00000296cd1a4000'
Event: 15.820 Thread 0x00000296b4d5eba0 Unloading class 0x00000296cd1a3c00 'java/lang/invoke/LambdaForm$DMH+0x00000296cd1a3c00'
Event: 15.820 Thread 0x00000296b4d5eba0 Unloading class 0x00000296cd1a2800 'java/lang/invoke/LambdaForm$DMH+0x00000296cd1a2800'

Classes redefined (0 events):
No events

Internal exceptions (20 events):
Event: 16.197 Thread 0x000002970dad40f0 Exception <a 'java/lang/NoSuchMethodError'{0x00000000d58c1c80}: 'double java.lang.invoke.DirectMethodHandle$Holder.invokeStatic(java.lang.Object, java.lang.Object)'> (0x00000000d58c1c80) 
thrown [s\src\hotspot\share\interpreter\linkResolver.cpp, line 773]
Event: 16.199 Thread 0x000002970dad40f0 Exception <a 'java/lang/NoSuchMethodError'{0x00000000d58c5310}: 'double java.lang.invoke.DirectMethodHandle$Holder.invokeStaticInit(java.lang.Object, java.lang.Object)'> (0x00000000d58c5310) 
thrown [s\src\hotspot\share\interpreter\linkResolver.cpp, line 773]
Event: 16.707 Thread 0x000002970d8b3db0 Exception <a 'java/lang/NoSuchMethodError'{0x00000000d59a0590}: 'java.lang.Object java.lang.invoke.DirectMethodHandle$Holder.invokeStaticInit(java.lang.Object, java.lang.Object, java.lang.Object, java.lang.Object, java.lang.Object, java.lang.Object, java.lang.Object)'> (0x00000000d59a0590) 
thrown [s\src\hotspot\share\interpreter\linkResolver.cpp, line 773]
Event: 16.708 Thread 0x000002970d8b3db0 Exception <a 'java/lang/NoSuchMethodError'{0x00000000d59ab7f0}: 'java.lang.Object java.lang.invoke.Invokers$Holder.invoke_MT(java.lang.Object, java.lang.Object, java.lang.Object, java.lang.Object, java.lang.Object, java.lang.Object, java.lang.Object, java.lang.Object, java.lang.Object)'> (0x00000000d59ab7f0) 
thrown [s\src\hotspot\share\interpreter\linkResolver.cpp, line 773]
Event: 16.742 Thread 0x000002970d8b3db0 Exception <a 'java/lang/NoSuchMethodError'{0x00000000d59ecd60}: 'int java.lang.invoke.DirectMethodHandle$Holder.invokeVirtual(java.lang.Object, java.lang.Object, java.lang.Object)'> (0x00000000d59ecd60) 
thrown [s\src\hotspot\share\interpreter\linkResolver.cpp, line 773]
Event: 16.750 Thread 0x000002970d8b3db0 Exception <a 'java/lang/NoSuchMethodError'{0x00000000d5a23bb0}: 'int java.lang.invoke.DirectMethodHandle$Holder.invokeStaticInit(java.lang.Object, int, int)'> (0x00000000d5a23bb0) 
thrown [s\src\hotspot\share\interpreter\linkResolver.cpp, line 773]
Event: 16.753 Thread 0x000002970d8b3db0 Exception <a 'java/lang/NoSuchMethodError'{0x00000000d5aa1bd8}: 'int java.lang.invoke.DirectMethodHandle$Holder.invokeStaticInit(java.lang.Object, long, long)'> (0x00000000d5aa1bd8) 
thrown [s\src\hotspot\share\interpreter\linkResolver.cpp, line 773]
Event: 16.763 Thread 0x000002970d8b3db0 Exception <a 'java/lang/NoSuchMethodError'{0x00000000d5b68cd8}: 'int java.lang.invoke.DirectMethodHandle$Holder.invokeStaticInit(java.lang.Object, float, float)'> (0x00000000d5b68cd8) 
thrown [s\src\hotspot\share\interpreter\linkResolver.cpp, line 773]
Event: 16.767 Thread 0x000002970d8b3db0 Exception <a 'java/lang/NoSuchMethodError'{0x00000000d5b6fb18}: 'int java.lang.invoke.DirectMethodHandle$Holder.invokeStaticInit(java.lang.Object, double, double)'> (0x00000000d5b6fb18) 
thrown [s\src\hotspot\share\interpreter\linkResolver.cpp, line 773]
Event: 16.768 Thread 0x000002970d8b3db0 Exception <a 'java/lang/NoSuchMethodError'{0x00000000d5b741b8}: 'int java.lang.invoke.DirectMethodHandle$Holder.invokeStatic(java.lang.Object, long)'> (0x00000000d5b741b8) 
thrown [s\src\hotspot\share\interpreter\linkResolver.cpp, line 773]
Event: 16.777 Thread 0x000002970d8b6ba0 Exception <a 'java/lang/NoSuchMethodError'{0x00000000d5c0a5c8}: 'int java.lang.invoke.Invokers$Holder.linkToTargetMethod(java.lang.Object, java.lang.Object)'> (0x00000000d5c0a5c8) 
thrown [s\src\hotspot\share\interpreter\linkResolver.cpp, line 773]
Event: 16.790 Thread 0x000002970d8b3db0 Exception <a 'java/lang/NoSuchMethodError'{0x00000000d5ca2e90}: 'int java.lang.invoke.DirectMethodHandle$Holder.invokeSpecial(java.lang.Object, java.lang.Object, java.lang.Object, java.lang.Object)'> (0x00000000d5ca2e90) 
thrown [s\src\hotspot\share\interpreter\linkResolver.cpp, line 773]
Event: 16.797 Thread 0x000002970d8b3db0 Exception <a 'java/lang/NoSuchMethodError'{0x00000000d5cb0c80}: 'java.lang.Object java.lang.invoke.DirectMethodHandle$Holder.invokeStatic(java.lang.Object, int, java.lang.Object, java.lang.Object)'> (0x00000000d5cb0c80) 
thrown [s\src\hotspot\share\interpreter\linkResolver.cpp, line 773]
Event: 16.798 Thread 0x000002970d8b3db0 Exception <a 'java/lang/NoSuchMethodError'{0x00000000d5cb4710}: 'java.lang.Object java.lang.invoke.DelegatingMethodHandle$Holder.delegate(java.lang.Object, int, java.lang.Object, java.lang.Object)'> (0x00000000d5cb4710) 
thrown [s\src\hotspot\share\interpreter\linkResolver.cpp, line 773]
Event: 16.830 Thread 0x000002970d8b3db0 Exception <a 'java/lang/NoSuchMethodError'{0x00000000d5d19508}: 'int java.lang.invoke.Invokers$Holder.linkToTargetMethod(java.lang.Object, java.lang.Object, java.lang.Object)'> (0x00000000d5d19508) 
thrown [s\src\hotspot\share\interpreter\linkResolver.cpp, line 773]
Event: 16.911 Thread 0x000002970d8b6ba0 Exception <a 'java/lang/NoSuchMethodError'{0x00000000d56b57f0}: 'java.lang.Object java.lang.invoke.DirectMethodHandle$Holder.invokeSpecialIFC(java.lang.Object, java.lang.Object, java.lang.Object, java.lang.Object)'> (0x00000000d56b57f0) 
thrown [s\src\hotspot\share\interpreter\linkResolver.cpp, line 773]
Event: 17.952 Thread 0x000002970d8b6ba0 Exception <a 'java/lang/NoClassDefFoundError'{0x00000000d5a38dd0}: javax/enterprise/inject/Typed> (0x00000000d5a38dd0) 
thrown [s\src\hotspot\share\classfile\systemDictionary.cpp, line 301]
Event: 19.964 Thread 0x000002970dad40f0 Exception <a 'java/lang/ClassNotFoundException'{0x00000000d5b0bbc0}: com/sun/org/apache/xerces/internal/impl/msg/spi/DOMMessagesProvider> (0x00000000d5b0bbc0) 
thrown [s\src\hotspot\share\classfile\systemDictionary.cpp, line 312]
Event: 19.968 Thread 0x000002970dad40f0 Exception <a 'java/lang/ClassNotFoundException'{0x00000000d5b8c5e0}: com/sun/org/apache/xerces/internal/impl/msg/spi/XMLSerializerMessagesProvider> (0x00000000d5b8c5e0) 
thrown [s\src\hotspot\share\classfile\systemDictionary.cpp, line 312]
Event: 19.970 Thread 0x000002970dad40f0 Exception <a 'java/lang/ClassNotFoundException'{0x00000000d5b99860}: com/sun/org/apache/xerces/internal/impl/msg/spi/XMLMessagesProvider> (0x00000000d5b99860) 
thrown [s\src\hotspot\share\classfile\systemDictionary.cpp, line 312]

ZGC Phase Switch (0 events):
No events

VM Operations (20 events):
Event: 17.798 Executing VM operation: ParallelGCFailedAllocation (Allocation Failure)
Event: 17.812 Executing VM operation: ParallelGCFailedAllocation (Allocation Failure) done
Event: 17.892 Executing VM operation: HandshakeAllThreads (Deoptimize)
Event: 17.936 Executing VM operation: HandshakeAllThreads (Deoptimize) done
Event: 18.049 Executing VM operation: ParallelGCFailedAllocation (Allocation Failure)
Event: 18.052 Executing VM operation: ParallelGCFailedAllocation (Allocation Failure) done
Event: 18.214 Executing VM operation: ParallelGCFailedAllocation (Allocation Failure)
Event: 18.216 Executing VM operation: ParallelGCFailedAllocation (Allocation Failure) done
Event: 19.052 Executing VM operation: ParallelGCFailedAllocation (Allocation Failure)
Event: 19.077 Executing VM operation: ParallelGCFailedAllocation (Allocation Failure) done
Event: 19.579 Executing VM operation: HandshakeAllThreads (Deoptimize)
Event: 19.642 Executing VM operation: HandshakeAllThreads (Deoptimize) done
Event: 19.658 Executing VM operation: ParallelGCFailedAllocation (Allocation Failure)
Event: 19.658 Executing VM operation: ParallelGCFailedAllocation (Allocation Failure) done
Event: 19.658 Executing VM operation: ParallelGCSystemGC (GCLocker Initiated GC)
Event: 19.661 Executing VM operation: ParallelGCSystemGC (GCLocker Initiated GC) done
Event: 20.138 Executing VM operation: ParallelGCFailedAllocation (Allocation Failure)
Event: 20.138 Executing VM operation: ParallelGCFailedAllocation (Allocation Failure) done
Event: 20.138 Executing VM operation: ParallelGCSystemGC (GCLocker Initiated GC)
Event: 20.141 Executing VM operation: ParallelGCSystemGC (GCLocker Initiated GC) done

Memory protections (0 events):
No events

Nmethod flushes (0 events):
No events

Events (20 events):
Event: 8.796 Thread 0x000002970dbfd170 Thread exited: 0x000002970dbfd170
Event: 9.593 Thread 0x00000296b4c098f0 Thread added: 0x000002970da51730
Event: 9.842 Thread 0x000002970dad40f0 Thread added: 0x000002970d8b57f0
Event: 9.859 Thread 0x000002970da51730 Thread exited: 0x000002970da51730
Event: 10.512 Thread 0x00000296b4c098f0 Thread added: 0x000002970dc1b110
Event: 11.141 Thread 0x000002970dc1b110 Thread exited: 0x000002970dc1b110
Event: 12.060 Thread 0x00000296b4c098f0 Thread added: 0x000002970d494250
Event: 12.701 Thread 0x000002970d494250 Thread exited: 0x000002970d494250
Event: 12.882 Thread 0x000002970dad40f0 Thread added: 0x000002970d8b7230
Event: 13.046 Thread 0x00000296b4c098f0 Thread added: 0x000002971242d4c0
Event: 13.459 Thread 0x000002970dad40f0 Thread added: 0x000002970d8b3db0
Event: 14.259 Thread 0x000002971242d4c0 Thread exited: 0x000002971242d4c0
Event: 14.378 Thread 0x000002970dad40f0 Thread added: 0x000002970d8b6ba0
Event: 16.513 Thread 0x00000296b4c098f0 Thread added: 0x0000029712865010
Event: 16.773 Thread 0x000002970d8b6ba0 Thread added: 0x000002970d8b6510
Event: 16.895 Thread 0x0000029712865010 Thread exited: 0x0000029712865010
Event: 17.231 Thread 0x000002970d8b6510 Thread added: 0x000002970d8b4440
Event: 17.417 Thread 0x00000296b4c098f0 Thread added: 0x00000297136e9980
Event: 19.818 Thread 0x00000297136e9980 Thread exited: 0x00000297136e9980
Event: 20.150 Thread 0x00000296b4c098f0 Thread added: 0x0000029714bab3a0


Dynamic libraries:
0x00007ff6a8280000 - 0x00007ff6a828e000 	c:\Users\AJ\.vscode\extensions\redhat.java-1.43.1-win32-x64\jre\21.0.7-win32-x86_64\bin\java.exe
0x00007ffe1d7f0000 - 0x00007ffe1d9e8000 	C:\WINDOWS\SYSTEM32\ntdll.dll
0x00007ffe1c860000 - 0x00007ffe1c922000 	C:\WINDOWS\System32\KERNEL32.DLL
0x00007ffe1b280000 - 0x00007ffe1b576000 	C:\WINDOWS\System32\KERNELBASE.dll
0x00007ffe1af80000 - 0x00007ffe1b080000 	C:\WINDOWS\System32\ucrtbase.dll
0x00007ffe177f0000 - 0x00007ffe17808000 	c:\Users\AJ\.vscode\extensions\redhat.java-1.43.1-win32-x64\jre\21.0.7-win32-x86_64\bin\jli.dll
0x00007ffe1b950000 - 0x00007ffe1baed000 	C:\WINDOWS\System32\USER32.dll
0x00007ffe1af00000 - 0x00007ffe1af22000 	C:\WINDOWS\System32\win32u.dll
0x00007ffe1d680000 - 0x00007ffe1d6ab000 	C:\WINDOWS\System32\GDI32.dll
0x00007ffe1b130000 - 0x00007ffe1b249000 	C:\WINDOWS\System32\gdi32full.dll
0x00007ffe1b610000 - 0x00007ffe1b6ad000 	C:\WINDOWS\System32\msvcp_win.dll
0x00007ffe13700000 - 0x00007ffe1371e000 	c:\Users\AJ\.vscode\extensions\redhat.java-1.43.1-win32-x64\jre\21.0.7-win32-x86_64\bin\VCRUNTIME140.dll
0x00007ffe0b190000 - 0x00007ffe0b42a000 	C:\WINDOWS\WinSxS\amd64_microsoft.windows.common-controls_6595b64144ccf1df_6.0.19041.5915_none_60b4b9d171f9c7c7\COMCTL32.dll
0x00007ffe1d4c0000 - 0x00007ffe1d55e000 	C:\WINDOWS\System32\msvcrt.dll
0x00007ffe1c280000 - 0x00007ffe1c2af000 	C:\WINDOWS\System32\IMM32.DLL
0x00007ffe18460000 - 0x00007ffe1846c000 	c:\Users\AJ\.vscode\extensions\redhat.java-1.43.1-win32-x64\jre\21.0.7-win32-x86_64\bin\vcruntime140_1.dll
0x00007ffe04170000 - 0x00007ffe041fd000 	c:\Users\AJ\.vscode\extensions\redhat.java-1.43.1-win32-x64\jre\21.0.7-win32-x86_64\bin\msvcp140.dll
0x00007ffdbf8d0000 - 0x00007ffdc0660000 	c:\Users\AJ\.vscode\extensions\redhat.java-1.43.1-win32-x64\jre\21.0.7-win32-x86_64\bin\server\jvm.dll
0x00007ffe1c610000 - 0x00007ffe1c6c1000 	C:\WINDOWS\System32\ADVAPI32.dll
0x00007ffe1c6d0000 - 0x00007ffe1c76f000 	C:\WINDOWS\System32\sechost.dll
0x00007ffe1c930000 - 0x00007ffe1ca53000 	C:\WINDOWS\System32\RPCRT4.dll
0x00007ffe1b250000 - 0x00007ffe1b277000 	C:\WINDOWS\System32\bcrypt.dll
0x00007ffe1d6b0000 - 0x00007ffe1d71b000 	C:\WINDOWS\System32\WS2_32.dll
0x00007ffe1a410000 - 0x00007ffe1a45b000 	C:\WINDOWS\SYSTEM32\POWRPROF.dll
0x00007ffe019a0000 - 0x00007ffe019c7000 	C:\WINDOWS\SYSTEM32\WINMM.dll
0x00007ffe12500000 - 0x00007ffe1250a000 	C:\WINDOWS\SYSTEM32\VERSION.dll
0x00007ffe1a280000 - 0x00007ffe1a292000 	C:\WINDOWS\SYSTEM32\UMPDC.dll
0x00007ffe18c20000 - 0x00007ffe18c32000 	C:\WINDOWS\SYSTEM32\kernel.appcore.dll
0x00007ffe177b0000 - 0x00007ffe177ba000 	c:\Users\AJ\.vscode\extensions\redhat.java-1.43.1-win32-x64\jre\21.0.7-win32-x86_64\bin\jimage.dll
0x00007ffe0b570000 - 0x00007ffe0b771000 	C:\WINDOWS\SYSTEM32\DBGHELP.DLL
0x00007ffe03320000 - 0x00007ffe03354000 	C:\WINDOWS\SYSTEM32\dbgcore.DLL
0x00007ffe1b580000 - 0x00007ffe1b602000 	C:\WINDOWS\System32\bcryptPrimitives.dll
0x00007ffe18470000 - 0x00007ffe1847f000 	c:\Users\AJ\.vscode\extensions\redhat.java-1.43.1-win32-x64\jre\21.0.7-win32-x86_64\bin\instrument.dll
0x00007ffe136e0000 - 0x00007ffe136ff000 	c:\Users\AJ\.vscode\extensions\redhat.java-1.43.1-win32-x64\jre\21.0.7-win32-x86_64\bin\java.dll
0x00007ffe1baf0000 - 0x00007ffe1c25e000 	C:\WINDOWS\System32\SHELL32.dll
0x00007ffe18f00000 - 0x00007ffe196a4000 	C:\WINDOWS\SYSTEM32\windows.storage.dll
0x00007ffe1c2b0000 - 0x00007ffe1c603000 	C:\WINDOWS\System32\combase.dll
0x00007ffe1a8b0000 - 0x00007ffe1a8db000 	C:\WINDOWS\SYSTEM32\Wldp.dll
0x00007ffe1d320000 - 0x00007ffe1d3ed000 	C:\WINDOWS\System32\OLEAUT32.dll
0x00007ffe1ca60000 - 0x00007ffe1cb0d000 	C:\WINDOWS\System32\SHCORE.dll
0x00007ffe1c7f0000 - 0x00007ffe1c84b000 	C:\WINDOWS\System32\shlwapi.dll
0x00007ffe1adb0000 - 0x00007ffe1add4000 	C:\WINDOWS\SYSTEM32\profapi.dll
0x00007ffe13680000 - 0x00007ffe13698000 	c:\Users\AJ\.vscode\extensions\redhat.java-1.43.1-win32-x64\jre\21.0.7-win32-x86_64\bin\zip.dll
0x00007ffe17120000 - 0x00007ffe17130000 	C:\Users\AJ\.vscode\extensions\redhat.java-1.43.1-win32-x64\jre\21.0.7-win32-x86_64\bin\net.dll
0x00007ffe12510000 - 0x00007ffe1261a000 	C:\WINDOWS\SYSTEM32\WINHTTP.dll
0x00007ffe1a610000 - 0x00007ffe1a67a000 	C:\WINDOWS\system32\mswsock.dll
0x00007ffe133b0000 - 0x00007ffe133c6000 	C:\Users\AJ\.vscode\extensions\redhat.java-1.43.1-win32-x64\jre\21.0.7-win32-x86_64\bin\nio.dll
0x00007ffe133a0000 - 0x00007ffe133b0000 	c:\Users\AJ\.vscode\extensions\redhat.java-1.43.1-win32-x64\jre\21.0.7-win32-x86_64\bin\verify.dll
0x00007ffe047d0000 - 0x00007ffe04815000 	C:\Users\AJ\AppData\Roaming\Code\User\globalStorage\redhat.java\1.43.1\config_win\org.eclipse.equinox.launcher\org.eclipse.equinox.launcher.win32.win32.x86_64_1.2.1300.v20250331-1702\eclipse_11911.dll
0x00007ffe1d140000 - 0x00007ffe1d26b000 	C:\WINDOWS\System32\ole32.dll
0x00007ffe1a800000 - 0x00007ffe1a818000 	C:\WINDOWS\SYSTEM32\CRYPTSP.dll
0x00007ffe19ec0000 - 0x00007ffe19ef8000 	C:\WINDOWS\system32\rsaenh.dll
0x00007ffe1ad30000 - 0x00007ffe1ad5e000 	C:\WINDOWS\SYSTEM32\USERENV.dll
0x00007ffe1a820000 - 0x00007ffe1a82c000 	C:\WINDOWS\SYSTEM32\CRYPTBASE.dll
0x00007ffe1a2a0000 - 0x00007ffe1a2db000 	C:\WINDOWS\SYSTEM32\IPHLPAPI.DLL
0x00007ffe1c850000 - 0x00007ffe1c858000 	C:\WINDOWS\System32\NSI.dll
0x00007ffe04500000 - 0x00007ffe04549000 	C:\Users\AJ\AppData\Local\Temp\jna-2089\jna1828574856451010064.dll
0x00007ffe1d3f0000 - 0x00007ffe1d3f8000 	C:\WINDOWS\System32\PSAPI.DLL

dbghelp: loaded successfully - version: 4.0.5 - missing functions: none
symbol engine: initialized successfully - sym options: 0x614 - pdb path: .;c:\Users\AJ\.vscode\extensions\redhat.java-1.43.1-win32-x64\jre\21.0.7-win32-x86_64\bin;C:\WINDOWS\SYSTEM32;C:\WINDOWS\WinSxS\amd64_microsoft.windows.common-controls_6595b64144ccf1df_6.0.19041.5915_none_60b4b9d171f9c7c7;c:\Users\AJ\.vscode\extensions\redhat.java-1.43.1-win32-x64\jre\21.0.7-win32-x86_64\bin\server;C:\Users\AJ\AppData\Roaming\Code\User\globalStorage\redhat.java\1.43.1\config_win\org.eclipse.equinox.launcher\org.eclipse.equinox.launcher.win32.win32.x86_64_1.2.1300.v20250331-1702;C:\Users\AJ\AppData\Local\Temp\jna-2089

VM Arguments:
jvm_args: --add-modules=ALL-SYSTEM --add-opens=java.base/java.util=ALL-UNNAMED --add-opens=java.base/java.lang=ALL-UNNAMED --add-opens=java.base/sun.nio.fs=ALL-UNNAMED -Declipse.application=org.eclipse.jdt.ls.core.id1 -Dosgi.bundles.defaultStartLevel=4 -Declipse.product=org.eclipse.jdt.ls.core.product -Djava.import.generatesMetadataFilesAtProjectRoot=false -DDetectVMInstallationsJob.disabled=true -Dfile.encoding=utf8 -XX:+UseParallelGC -XX:GCTimeRatio=4 -XX:AdaptiveSizePolicyWeight=90 -Dsun.zip.disableMemoryMapping=true -Xmx2G -Xms100m -Xlog:disable -javaagent:c:\Users\AJ\.vscode\extensions\redhat.java-1.43.1-win32-x64\lombok\lombok-1.18.39-4050.jar -XX:+HeapDumpOnOutOfMemoryError -XX:HeapDumpPath=c:\Users\AJ\AppData\Roaming\Code\User\workspaceStorage\42d3df7c00ac9b0f7d13d418ec405ff2\redhat.java -Daether.dependencyCollector.impl=bf 
java_command: c:\Users\AJ\.vscode\extensions\redhat.java-1.43.1-win32-x64\server\plugins\org.eclipse.equinox.launcher_1.7.0.v20250519-0528.jar -configuration c:\Users\AJ\AppData\Roaming\Code\User\globalStorage\redhat.java\1.43.1\config_win -data c:\Users\AJ\AppData\Roaming\Code\User\workspaceStorage\42d3df7c00ac9b0f7d13d418ec405ff2\redhat.java\jdt_ws --pipe=\\.\pipe\lsp-e7f880791132e3f02fd15ab2f67ebed0-sock
java_class_path (initial): c:\Users\AJ\.vscode\extensions\redhat.java-1.43.1-win32-x64\server\plugins\org.eclipse.equinox.launcher_1.7.0.v20250519-0528.jar
Launcher Type: SUN_STANDARD

[Global flags]
    uintx AdaptiveSizePolicyWeight                 = 90                                        {product} {command line}
     intx CICompilerCount                          = 3                                         {product} {ergonomic}
    uintx GCTimeRatio                              = 4                                         {product} {command line}
     bool HeapDumpOnOutOfMemoryError               = true                                   {manageable} {command line}
    ccstr HeapDumpPath                             = c:\Users\AJ\AppData\Roaming\Code\User\workspaceStorage\42d3df7c00ac9b0f7d13d418ec405ff2\redhat.java         {manageable} {command line}
   size_t InitialHeapSize                          = 104857600                                 {product} {command line}
   size_t MaxHeapSize                              = 2147483648                                {product} {command line}
   size_t MaxNewSize                               = 715653120                                 {product} {ergonomic}
   size_t MinHeapDeltaBytes                        = 524288                                    {product} {ergonomic}
   size_t MinHeapSize                              = 104857600                                 {product} {command line}
   size_t NewSize                                  = 34603008                                  {product} {ergonomic}
    uintx NonNMethodCodeHeapSize                   = 5832780                                {pd product} {ergonomic}
    uintx NonProfiledCodeHeapSize                  = 122912730                              {pd product} {ergonomic}
   size_t OldSize                                  = 70254592                                  {product} {ergonomic}
    uintx ProfiledCodeHeapSize                     = 122912730                              {pd product} {ergonomic}
    uintx ReservedCodeCacheSize                    = 251658240                              {pd product} {ergonomic}
     bool SegmentedCodeCache                       = true                                      {product} {ergonomic}
   size_t SoftMaxHeapSize                          = 2147483648                             {manageable} {ergonomic}
     bool UseCompressedOops                        = true                           {product lp64_product} {ergonomic}
     bool UseLargePagesIndividualAllocation        = false                                  {pd product} {ergonomic}
     bool UseParallelGC                            = true                                      {product} {command line}

Logging:
Log output configuration:
 #0: stdout all=off uptime,level,tags foldmultilines=false
 #1: stderr all=off uptime,level,tags foldmultilines=false

Environment Variables:
JAVA_HOME=C:\Program Files\OpenJDK\jdk-22.0.2
PATH=C:\Program Files\Common Files\Oracle\Java\javapath;C:\Program Files (x86)\OpenLogic\jre-8.0.382.05-hotspot\bin;C:\Program Files\Microsoft\jdk-11.0.18.10-hotspot\bin;C:\ProgramData\chocolatey\bin;C:\Users\AJ\AppData\Local\Android\Sdk\platform-tools;C:\WINDOWS\system32;C:\WINDOWS;C:\WINDOWS\System32\Wbem;C:\WINDOWS\System32\WindowsPowerShell\v1.0\;C:\WINDOWS\System32\OpenSSH\;C:\Users\AJ\AppData\Local\Programs\Python\Python312\;C:\Users\AJ\AppData\Local\Programs\Python\Python312\Scripts\;C:\Program Files\Git\cmd;C:\Program Files\Git\bin;C:\Program Files (x86)\Microsoft SQL Server\160\Tools\Binn\;C:\Program Files\Microsoft SQL Server\160\Tools\Binn\;C:\Program Files\Microsoft SQL Server\Client SDK\ODBC\170\Tools\Binn\;C:\Program Files\Microsoft SQL Server\160\DTS\Binn\;C:\Program Files\nodejs\;C:\Program Files (x86)\Microsoft SQL Server\160\DTS\Binn\;C:\Program Files\OpenJDK\jdk-22.0.2\bin;C:\Program Files (x86)\dotnet\;C:\Users\AJ\AppData\Local\Programs\Python\Python313\Scripts\;C:\Users\AJ\AppData\Local\Programs\Python\Python313\;C:\Users\AJ\AppData\Local\Programs\Python\Launcher\;C:\Users\AJ\AppData\Local\Microsoft\WindowsApps;C:\Users\AJ\AppData\Local\Programs\Microsoft VS Code\bin;C:\Users\AJ\AppData\Local\JetBrains\IntelliJ IDEA 2024.1.3\bin;C:\Users\AJ\AppData\Roaming\npm;C:\Users\AJ\AppData\Local\Programs\cursor\resources\app\bin
USERNAME=AJ
OS=Windows_NT
PROCESSOR_IDENTIFIER=Intel64 Family 6 Model 69 Stepping 1, GenuineIntel
TMP=C:\Users\AJ\AppData\Local\Temp
TEMP=C:\Users\AJ\AppData\Local\Temp




Periodic native trim disabled

---------------  S Y S T E M  ---------------

OS:
 Windows 10 , 64 bit Build 19041 (10.0.19041.5915)
OS uptime: 0 days 18:26 hours

CPU: total 4 (initial active 4) (2 cores per cpu, 2 threads per core) family 6 model 69 stepping 1 microcode 0x25, cx8, cmov, fxsr, ht, mmx, sse, sse2, sse3, ssse3, sse4.1, sse4.2, popcnt, lzcnt, tsc, tscinvbit, avx, avx2, aes, erms, clmul, bmi1, bmi2, fma, vzeroupper, clflush, rdtscp, f16c
Processor Information for the first 4 processors :
  Max Mhz: 2494, Current Mhz: 1895, Mhz Limit: 1895

Memory: 4k page, system-wide physical 7878M (878M free)
TotalPageFile size 13773M (AvailPageFile size 12M)
current process WorkingSet (physical memory assigned to process): 196M, peak: 198M
current process commit charge ("private bytes"): 289M, peak: 293M

vm_info: OpenJDK 64-Bit Server VM (21.0.7+6-LTS) for windows-amd64 JRE (21.0.7+6-LTS), built on 2025-04-15T00:00:00Z by "admin" with MS VC++ 17.7 (VS2022)

END.
