#
# There is insufficient memory for the Java Runtime Environment to continue.
# Native memory allocation (mmap) failed to map 35651584 bytes. Error detail: G1 virtual space
# Possible reasons:
#   The system is out of physical RAM or swap space
#   This process is running with CompressedOops enabled, and the Java Heap may be blocking the growth of the native heap
# Possible solutions:
#   Reduce memory load on the system
#   Increase physical memory or swap space
#   Check if swap backing store is full
#   Decrease Java heap size (-Xmx/-Xms)
#   Decrease number of Java threads
#   Decrease Java thread stack sizes (-Xss)
#   Set larger code cache with -XX:ReservedCodeCacheSize=
#   JVM is running with Unscaled Compressed Oops mode in which the Java heap is
#     placed in the first 4GB address space. The Java Heap base address is the
#     maximum limit for the native heap growth. Please use -XX:HeapBaseMinAddress
#     to set the Java Heap base and to place the Java Heap above 4GB virtual address.
# This output file may be truncated or incomplete.
#
#  Out of Memory Error (os_windows.cpp:3631), pid=2060, tid=6484
#
# JRE version: OpenJDK Runtime Environment (22.0.2+9) (build 22.0.2+9-70)
# Java VM: OpenJDK 64-Bit Server VM (22.0.2+9-70, mixed mode, sharing, tiered, compressed oops, compressed class ptrs, g1 gc, windows-amd64)
# No core dump will be written. Minidumps are not enabled by default on client versions of Windows
#

---------------  S U M M A R Y ------------

Command Line: -DkotlinLanguageServer.version=1.3.13 org.javacs.kt.MainKt

Host: Intel(R) Core(TM) i5-4300U CPU @ 1.90GHz, 4 cores, 7G,  Windows 10 , 64 bit Build 19041 (10.0.19041.5915)
Time: Wed Jul 30 14:42:18 2025 Pakistan Standard Time elapsed time: 298.361731 seconds (0d 0h 4m 58s)

---------------  T H R E A D  ---------------

Current thread (0x0000020824efaa50):  VMThread "VM Thread"          [id=6484, stack(0x000000a4c3b00000,0x000000a4c3c00000) (1024K)]

Stack: [0x000000a4c3b00000,0x000000a4c3c00000]
Native frames: (J=compiled Java code, j=interpreted, Vv=VM code, C=native code)
V  [jvm.dll+0x6e26e9]  (no source info available)
V  [jvm.dll+0x875753]  (no source info available)
V  [jvm.dll+0x877b7e]  (no source info available)
V  [jvm.dll+0x878253]  (no source info available)
V  [jvm.dll+0x27fc86]  (no source info available)
V  [jvm.dll+0x6ded85]  (no source info available)
V  [jvm.dll+0x6d388a]  (no source info available)
V  [jvm.dll+0x358b8a]  (no source info available)
V  [jvm.dll+0x3610b6]  (no source info available)
V  [jvm.dll+0x3b419e]  (no source info available)
V  [jvm.dll+0x3b4448]  (no source info available)
V  [jvm.dll+0x32c5ec]  (no source info available)
V  [jvm.dll+0x32f036]  (no source info available)
V  [jvm.dll+0x339371]  (no source info available)
V  [jvm.dll+0x370515]  (no source info available)
V  [jvm.dll+0x87e0f0]  (no source info available)
V  [jvm.dll+0x87f477]  (no source info available)
V  [jvm.dll+0x87f9f0]  (no source info available)
V  [jvm.dll+0x87fc93]  (no source info available)
V  [jvm.dll+0x81dc0b]  (no source info available)
V  [jvm.dll+0x6e0d85]  (no source info available)
C  [ucrtbase.dll+0x21bb2]  (no source info available)
C  [KERNEL32.DLL+0x17374]  (no source info available)
C  [ntdll.dll+0x4cc91]  (no source info available)

VM_Operation (0x000000a4c36ff6e0): G1PauseRemark, mode: safepoint, requested by thread 0x00000208090e7350


---------------  P R O C E S S  ---------------

Threads class SMR info:
_java_thread_list=0x00000208777507e0, length=21, elements={
0x0000020824f16c30, 0x0000020824f17b00, 0x0000020824f1dcb0, 0x0000020824f1e710,
0x0000020824f21520, 0x0000020824f1f250, 0x0000020824f1ffe0, 0x0000020824f22130,
0x000002086a1f27d0, 0x000002086a1f8690, 0x000002087463d630, 0x0000020806f0d180,
0x000002086acfbf40, 0x0000020874df67c0, 0x0000020874df5aa0, 0x0000020874df6130,
0x0000020874df6e50, 0x000002086ad52b50, 0x000002086ad53870, 0x000002086ad4f040,
0x000002086b6f3020
}

Java Threads: ( => current thread )
  0x0000020824f16c30 JavaThread "Reference Handler"          daemon [_thread_blocked, id=14224, stack(0x000000a4c3c00000,0x000000a4c3d00000) (1024K)]
  0x0000020824f17b00 JavaThread "Finalizer"                  daemon [_thread_blocked, id=6956, stack(0x000000a4c3d00000,0x000000a4c3e00000) (1024K)]
  0x0000020824f1dcb0 JavaThread "Signal Dispatcher"          daemon [_thread_blocked, id=4908, stack(0x000000a4c3e00000,0x000000a4c3f00000) (1024K)]
  0x0000020824f1e710 JavaThread "Attach Listener"            daemon [_thread_blocked, id=14440, stack(0x000000a4c3f00000,0x000000a4c4000000) (1024K)]
  0x0000020824f21520 JavaThread "Service Thread"             daemon [_thread_blocked, id=6184, stack(0x000000a4c4000000,0x000000a4c4100000) (1024K)]
  0x0000020824f1f250 JavaThread "Monitor Deflation Thread"   daemon [_thread_blocked, id=13816, stack(0x000000a4c4100000,0x000000a4c4200000) (1024K)]
  0x0000020824f1ffe0 JavaThread "C2 CompilerThread0"         daemon [_thread_blocked, id=3384, stack(0x000000a4c4200000,0x000000a4c4300000) (1024K)]
  0x0000020824f22130 JavaThread "C1 CompilerThread0"         daemon [_thread_blocked, id=16188, stack(0x000000a4c4300000,0x000000a4c4400000) (1024K)]
  0x000002086a1f27d0 JavaThread "Notification Thread"        daemon [_thread_blocked, id=12108, stack(0x000000a4c4400000,0x000000a4c4500000) (1024K)]
  0x000002086a1f8690 JavaThread "Common-Cleaner"             daemon [_thread_blocked, id=16240, stack(0x000000a4c4500000,0x000000a4c4600000) (1024K)]
  0x000002087463d630 JavaThread "client"                            [_thread_in_native, id=1692, stack(0x000000a4c4a00000,0x000000a4c4b00000) (1024K)]
  0x0000020806f0d180 JavaThread "DestroyJavaVM"                     [_thread_blocked, id=13064, stack(0x000000a4c3400000,0x000000a4c3500000) (1024K)]
  0x000002086acfbf40 JavaThread "async0"                            [_thread_blocked, id=15260, stack(0x000000a4c4b00000,0x000000a4c4c00000) (1024K)]
  0x0000020874df67c0 JavaThread "async1"                            [_thread_blocked, id=14332, stack(0x000000a4c3300000,0x000000a4c3400000) (1024K)]
  0x0000020874df5aa0 JavaThread "Thread-9"                          [_thread_in_native, id=13284, stack(0x000000a4c3200000,0x000000a4c3300000) (1024K)]
  0x0000020874df6130 JavaThread "Thread-10"                         [_thread_in_native, id=12036, stack(0x000000a4c4d00000,0x000000a4c4e00000) (1024K)]
  0x0000020874df6e50 JavaThread "debounce0"                         [_thread_blocked, id=3472, stack(0x000000a4c4900000,0x000000a4c4a00000) (1024K)]
  0x000002086ad52b50 JavaThread "async2"                            [_thread_blocked, id=18380, stack(0x000000a4c4c00000,0x000000a4c4d00000) (1024K)]
  0x000002086ad53870 JavaThread "ForkJoinPool.commonPool-worker-1" daemon [_thread_blocked, id=16116, stack(0x000000a4c4e00000,0x000000a4c4f00000) (1024K)]
  0x000002086ad4f040 JavaThread "async3"                            [_thread_blocked, id=14904, stack(0x000000a4c4f00000,0x000000a4c5000000) (1024K)]
  0x000002086b6f3020 JavaThread "C2 CompilerThread1"         daemon [_thread_blocked, id=5696, stack(0x000000a4c5000000,0x000000a4c5100000) (1024K)]
Total: 21

Other Threads:
=>0x0000020824efaa50 VMThread "VM Thread"                           [id=6484, stack(0x000000a4c3b00000,0x000000a4c3c00000) (1024K)]
  0x0000020824ee2350 WatcherThread "VM Periodic Task Thread"        [id=17056, stack(0x000000a4c3a00000,0x000000a4c3b00000) (1024K)]
  0x00000208090d6d20 WorkerThread "GC Thread#0"                     [id=8692, stack(0x000000a4c3500000,0x000000a4c3600000) (1024K)]
  0x0000020824efb910 WorkerThread "GC Thread#1"                     [id=16996, stack(0x000000a4c4600000,0x000000a4c4700000) (1024K)]
  0x0000020824efc070 WorkerThread "GC Thread#2"                     [id=3760, stack(0x000000a4c4700000,0x000000a4c4800000) (1024K)]
  0x0000020824efa6a0 WorkerThread "GC Thread#3"                     [id=13948, stack(0x000000a4c4800000,0x000000a4c4900000) (1024K)]
  0x00000208090e7350 ConcurrentGCThread "G1 Main Marker"            [id=10752, stack(0x000000a4c3600000,0x000000a4c3700000) (1024K)]
  0x00000208090e8010 WorkerThread "G1 Conc#0"                       [id=5880, stack(0x000000a4c3700000,0x000000a4c3800000) (1024K)]
  0x0000020824db0540 ConcurrentGCThread "G1 Refine#0"               [id=17112, stack(0x000000a4c3800000,0x000000a4c3900000) (1024K)]
  0x0000020824db2ee0 ConcurrentGCThread "G1 Service"                [id=5404, stack(0x000000a4c3900000,0x000000a4c3a00000) (1024K)]
Total: 10

Threads with active compile tasks:
C2 CompilerThread0  298583 8213       4       org.javacs.kt.index.SymbolEntity::<init> (63 bytes)
Total: 1

VM state: at safepoint (normal execution)

VM Mutex/Monitor currently owned by a thread:  ([mutex/lock_event])
[0x00007ffd8c9ecb80] Threads_lock - owner thread: 0x0000020824efaa50
[0x00007ffd8c9ecc80] Heap_lock - owner thread: 0x00000208090e7350

Heap address: 0x0000000084e00000, size: 1970 MB, Compressed Oops mode: 32-bit

CDS archive(s) mapped at: [0x0000020825000000-0x0000020825c60000-0x0000020825c60000), size 12976128, SharedBaseAddress: 0x0000020825000000, ArchiveRelocationMode: 1.
Compressed class space mapped at: 0x0000020826000000-0x0000020866000000, reserved size: 1073741824
Narrow klass base: 0x0000020825000000, Narrow klass shift: 0, Narrow klass range: 0x41000000

GC Precious Log:
 CardTable entry size: 512
 Card Set container configuration: InlinePtr #cards 5 size 8 Array Of Cards #cards 12 size 40 Howl #buckets 4 coarsen threshold 1843 Howl Bitmap #cards 512 size 80 coarsen threshold 460 Card regions per heap region 1 cards per card region 2048
 CPUs: 4 total, 4 available
 Memory: 7878M
 Large Page Support: Disabled
 NUMA Support: Disabled
 Compressed Oops: Enabled (32-bit)
 Heap Region Size: 1M
 Heap Min Capacity: 8M
 Heap Initial Capacity: 124M
 Heap Max Capacity: 1970M
 Pre-touch: Disabled
 Parallel Workers: 4
 Concurrent Workers: 1
 Concurrent Refinement Workers: 4
 Periodic GC: Disabled

Heap:
 garbage-first heap   total reserved 2017280K, committed 289792K, used 246784K [0x0000000084e00000, 0x0000000100000000)
  region size 1024K, 63 young (64512K), 11 survivors (11264K)
 Metaspace       used 63782K, committed 64768K, reserved 1114112K
  class space    used 7764K, committed 8256K, reserved 1048576K

Heap Regions: E=young(eden), S=young(survivor), O=old, HS=humongous(starts), HC=humongous(continues), CS=collection set, F=free, TAMS=top-at-mark-start, PB=parsable bottom
|   0|0x0000000084e00000, 0x0000000084f00000, 0x0000000084f00000|100%|HS|  |TAMS 0x0000000084f00000| PB 0x0000000084e00000| Complete |  0
|   1|0x0000000084f00000, 0x0000000085000000, 0x0000000085000000|100%|HC|  |TAMS 0x0000000085000000| PB 0x0000000084f00000| Complete |  0
|   2|0x0000000085000000, 0x0000000085100000, 0x0000000085100000|100%|HC|  |TAMS 0x0000000085100000| PB 0x0000000085000000| Complete |  0
|   3|0x0000000085100000, 0x0000000085200000, 0x0000000085200000|100%|HC|  |TAMS 0x0000000085200000| PB 0x0000000085100000| Complete |  0
|   4|0x0000000085200000, 0x0000000085300000, 0x0000000085300000|100%| O|  |TAMS 0x0000000085300000| PB 0x0000000085300000| Untracked |  0
|   5|0x0000000085300000, 0x0000000085400000, 0x0000000085400000|100%| O|  |TAMS 0x0000000085400000| PB 0x0000000085400000| Untracked |  0
|   6|0x0000000085400000, 0x0000000085500000, 0x0000000085500000|100%| O|  |TAMS 0x0000000085500000| PB 0x0000000085500000| Updating |  0
|   7|0x0000000085500000, 0x0000000085600000, 0x0000000085600000|100%| O|  |TAMS 0x0000000085600000| PB 0x0000000085600000| Updating |  0
|   8|0x0000000085600000, 0x0000000085700000, 0x0000000085700000|100%| O|  |TAMS 0x0000000085700000| PB 0x0000000085700000| Untracked |  0
|   9|0x0000000085700000, 0x0000000085800000, 0x0000000085800000|100%| O|  |TAMS 0x0000000085800000| PB 0x0000000085800000| Untracked |  0
|  10|0x0000000085800000, 0x0000000085900000, 0x0000000085900000|100%| O|  |TAMS 0x0000000085900000| PB 0x0000000085900000| Untracked |  0
|  11|0x0000000085900000, 0x0000000085a00000, 0x0000000085a00000|100%| O|  |TAMS 0x0000000085a00000| PB 0x0000000085a00000| Untracked |  0
|  12|0x0000000085a00000, 0x0000000085b00000, 0x0000000085b00000|100%| O|  |TAMS 0x0000000085b00000| PB 0x0000000085b00000| Untracked |  0
|  13|0x0000000085b00000, 0x0000000085c00000, 0x0000000085c00000|100%| O|  |TAMS 0x0000000085c00000| PB 0x0000000085c00000| Untracked |  0
|  14|0x0000000085c00000, 0x0000000085d00000, 0x0000000085d00000|100%| O|  |TAMS 0x0000000085d00000| PB 0x0000000085d00000| Untracked |  0
|  15|0x0000000085d00000, 0x0000000085e00000, 0x0000000085e00000|100%| O|  |TAMS 0x0000000085e00000| PB 0x0000000085e00000| Untracked |  0
|  16|0x0000000085e00000, 0x0000000085f00000, 0x0000000085f00000|100%| O|  |TAMS 0x0000000085f00000| PB 0x0000000085f00000| Untracked |  0
|  17|0x0000000085f00000, 0x0000000086000000, 0x0000000086000000|100%| O|  |TAMS 0x0000000086000000| PB 0x0000000086000000| Untracked |  0
|  18|0x0000000086000000, 0x0000000086100000, 0x0000000086100000|100%| O|  |TAMS 0x0000000086100000| PB 0x0000000086100000| Untracked |  0
|  19|0x0000000086100000, 0x0000000086200000, 0x0000000086200000|100%| O|  |TAMS 0x0000000086200000| PB 0x0000000086200000| Untracked |  0
|  20|0x0000000086200000, 0x0000000086300000, 0x0000000086300000|100%| O|  |TAMS 0x0000000086300000| PB 0x0000000086300000| Untracked |  0
|  21|0x0000000086300000, 0x0000000086400000, 0x0000000086400000|100%| O|  |TAMS 0x0000000086400000| PB 0x0000000086400000| Untracked |  0
|  22|0x0000000086400000, 0x0000000086500000, 0x0000000086500000|100%| O|  |TAMS 0x0000000086500000| PB 0x0000000086500000| Untracked |  0
|  23|0x0000000086500000, 0x0000000086600000, 0x0000000086600000|100%| O|  |TAMS 0x0000000086600000| PB 0x0000000086600000| Updating |  0
|  24|0x0000000086600000, 0x0000000086700000, 0x0000000086700000|100%| O|  |TAMS 0x0000000086700000| PB 0x0000000086700000| Untracked |  0
|  25|0x0000000086700000, 0x0000000086800000, 0x0000000086800000|100%| O|  |TAMS 0x0000000086800000| PB 0x0000000086800000| Updating |  0
|  26|0x0000000086800000, 0x0000000086900000, 0x0000000086900000|100%| O|  |TAMS 0x0000000086900000| PB 0x0000000086900000| Untracked |  0
|  27|0x0000000086900000, 0x0000000086a00000, 0x0000000086a00000|100%| O|  |TAMS 0x0000000086a00000| PB 0x0000000086a00000| Untracked |  0
|  28|0x0000000086a00000, 0x0000000086b00000, 0x0000000086b00000|100%| O|  |TAMS 0x0000000086b00000| PB 0x0000000086b00000| Untracked |  0
|  29|0x0000000086b00000, 0x0000000086c00000, 0x0000000086c00000|100%| O|  |TAMS 0x0000000086c00000| PB 0x0000000086c00000| Untracked |  0
|  30|0x0000000086c00000, 0x0000000086d00000, 0x0000000086d00000|100%| O|  |TAMS 0x0000000086d00000| PB 0x0000000086d00000| Untracked |  0
|  31|0x0000000086d00000, 0x0000000086e00000, 0x0000000086e00000|100%| O|  |TAMS 0x0000000086e00000| PB 0x0000000086e00000| Updating |  0
|  32|0x0000000086e00000, 0x0000000086f00000, 0x0000000086f00000|100%| O|  |TAMS 0x0000000086f00000| PB 0x0000000086f00000| Untracked |  0
|  33|0x0000000086f00000, 0x0000000087000000, 0x0000000087000000|100%| O|  |TAMS 0x0000000087000000| PB 0x0000000087000000| Untracked |  0
|  34|0x0000000087000000, 0x0000000087100000, 0x0000000087100000|100%| O|  |TAMS 0x0000000087100000| PB 0x0000000087100000| Untracked |  0
|  35|0x0000000087100000, 0x0000000087200000, 0x0000000087200000|100%| O|  |TAMS 0x0000000087200000| PB 0x0000000087200000| Untracked |  0
|  36|0x0000000087200000, 0x0000000087300000, 0x0000000087300000|100%| O|  |TAMS 0x0000000087300000| PB 0x0000000087300000| Updating |  0
|  37|0x0000000087300000, 0x0000000087400000, 0x0000000087400000|100%| O|  |TAMS 0x0000000087400000| PB 0x0000000087400000| Untracked |  0
|  38|0x0000000087400000, 0x0000000087500000, 0x0000000087500000|100%| O|  |TAMS 0x0000000087500000| PB 0x0000000087500000| Untracked |  0
|  39|0x0000000087500000, 0x0000000087600000, 0x0000000087600000|100%| O|  |TAMS 0x0000000087600000| PB 0x0000000087600000| Untracked |  0
|  40|0x0000000087600000, 0x0000000087700000, 0x0000000087700000|100%| O|  |TAMS 0x0000000087700000| PB 0x0000000087700000| Untracked |  0
|  41|0x0000000087700000, 0x0000000087800000, 0x0000000087800000|100%| O|  |TAMS 0x0000000087800000| PB 0x0000000087800000| Untracked |  0
|  42|0x0000000087800000, 0x0000000087900000, 0x0000000087900000|100%| O|  |TAMS 0x0000000087900000| PB 0x0000000087900000| Updating |  0
|  43|0x0000000087900000, 0x0000000087a00000, 0x0000000087a00000|100%| O|  |TAMS 0x0000000087a00000| PB 0x0000000087a00000| Untracked |  0
|  44|0x0000000087a00000, 0x0000000087b00000, 0x0000000087b00000|100%| O|  |TAMS 0x0000000087b00000| PB 0x0000000087b00000| Untracked |  0
|  45|0x0000000087b00000, 0x0000000087c00000, 0x0000000087c00000|100%| O|  |TAMS 0x0000000087c00000| PB 0x0000000087c00000| Untracked |  0
|  46|0x0000000087c00000, 0x0000000087d00000, 0x0000000087d00000|100%| O|  |TAMS 0x0000000087d00000| PB 0x0000000087d00000| Untracked |  0
|  47|0x0000000087d00000, 0x0000000087e00000, 0x0000000087e00000|100%| O|  |TAMS 0x0000000087e00000| PB 0x0000000087e00000| Untracked |  0
|  48|0x0000000087e00000, 0x0000000087f00000, 0x0000000087f00000|100%| O|  |TAMS 0x0000000087f00000| PB 0x0000000087f00000| Untracked |  0
|  49|0x0000000087f00000, 0x0000000088000000, 0x0000000088000000|100%| O|  |TAMS 0x0000000088000000| PB 0x0000000088000000| Untracked |  0
|  50|0x0000000088000000, 0x0000000088100000, 0x0000000088100000|100%| O|  |TAMS 0x0000000088100000| PB 0x0000000088100000| Untracked |  0
|  51|0x0000000088100000, 0x0000000088200000, 0x0000000088200000|100%| O|  |TAMS 0x0000000088200000| PB 0x0000000088200000| Untracked |  0
|  52|0x0000000088200000, 0x0000000088300000, 0x0000000088300000|100%| O|  |TAMS 0x0000000088300000| PB 0x0000000088300000| Untracked |  0
|  53|0x0000000088300000, 0x0000000088400000, 0x0000000088400000|100%| O|  |TAMS 0x0000000088400000| PB 0x0000000088400000| Untracked |  0
|  54|0x0000000088400000, 0x0000000088500000, 0x0000000088500000|100%| O|  |TAMS 0x0000000088500000| PB 0x0000000088500000| Untracked |  0
|  55|0x0000000088500000, 0x0000000088600000, 0x0000000088600000|100%| O|  |TAMS 0x0000000088600000| PB 0x0000000088600000| Untracked |  0
|  56|0x0000000088600000, 0x0000000088700000, 0x0000000088700000|100%| O|  |TAMS 0x0000000088700000| PB 0x0000000088700000| Untracked |  0
|  57|0x0000000088700000, 0x0000000088800000, 0x0000000088800000|100%| O|  |TAMS 0x0000000088800000| PB 0x0000000088800000| Untracked |  0
|  58|0x0000000088800000, 0x0000000088900000, 0x0000000088900000|100%| O|  |TAMS 0x0000000088900000| PB 0x0000000088900000| Untracked |  0
|  59|0x0000000088900000, 0x0000000088a00000, 0x0000000088a00000|100%| O|  |TAMS 0x0000000088a00000| PB 0x0000000088a00000| Untracked |  0
|  60|0x0000000088a00000, 0x0000000088b00000, 0x0000000088b00000|100%| O|  |TAMS 0x0000000088a00000| PB 0x0000000088a00000| Untracked |  0
|  61|0x0000000088b00000, 0x0000000088c00000, 0x0000000088c00000|100%| O|  |TAMS 0x0000000088c00000| PB 0x0000000088c00000| Untracked |  0
|  62|0x0000000088c00000, 0x0000000088d00000, 0x0000000088d00000|100%| O|  |TAMS 0x0000000088d00000| PB 0x0000000088d00000| Untracked |  0
|  63|0x0000000088d00000, 0x0000000088e00000, 0x0000000088e00000|100%| O|  |TAMS 0x0000000088e00000| PB 0x0000000088e00000| Untracked |  0
|  64|0x0000000088e00000, 0x0000000088f00000, 0x0000000088f00000|100%| O|  |TAMS 0x0000000088f00000| PB 0x0000000088f00000| Untracked |  0
|  65|0x0000000088f00000, 0x0000000089000000, 0x0000000089000000|100%| O|  |TAMS 0x0000000089000000| PB 0x0000000089000000| Untracked |  0
|  66|0x0000000089000000, 0x0000000089100000, 0x0000000089100000|100%| O|  |TAMS 0x0000000089100000| PB 0x0000000089100000| Untracked |  0
|  67|0x0000000089100000, 0x0000000089200000, 0x0000000089200000|100%| O|  |TAMS 0x0000000089200000| PB 0x0000000089200000| Untracked |  0
|  68|0x0000000089200000, 0x0000000089300000, 0x0000000089300000|100%| O|  |TAMS 0x0000000089300000| PB 0x0000000089300000| Untracked |  0
|  69|0x0000000089300000, 0x0000000089400000, 0x0000000089400000|100%| O|  |TAMS 0x0000000089400000| PB 0x0000000089400000| Untracked |  0
|  70|0x0000000089400000, 0x0000000089500000, 0x0000000089500000|100%| O|  |TAMS 0x0000000089500000| PB 0x0000000089500000| Updating |  0
|  71|0x0000000089500000, 0x0000000089600000, 0x0000000089600000|100%| O|  |TAMS 0x0000000089600000| PB 0x0000000089600000| Untracked |  0
|  72|0x0000000089600000, 0x0000000089700000, 0x0000000089700000|100%| O|  |TAMS 0x0000000089700000| PB 0x0000000089700000| Untracked |  0
|  73|0x0000000089700000, 0x0000000089800000, 0x0000000089800000|100%| O|  |TAMS 0x0000000089800000| PB 0x0000000089800000| Untracked |  0
|  74|0x0000000089800000, 0x0000000089900000, 0x0000000089900000|100%| O|  |TAMS 0x0000000089900000| PB 0x0000000089900000| Updating |  0
|  75|0x0000000089900000, 0x0000000089a00000, 0x0000000089a00000|100%| O|  |TAMS 0x0000000089a00000| PB 0x0000000089a00000| Updating |  0
|  76|0x0000000089a00000, 0x0000000089b00000, 0x0000000089b00000|100%| O|  |TAMS 0x0000000089b00000| PB 0x0000000089b00000| Untracked |  0
|  77|0x0000000089b00000, 0x0000000089c00000, 0x0000000089c00000|100%| O|  |TAMS 0x0000000089c00000| PB 0x0000000089c00000| Untracked |  0
|  78|0x0000000089c00000, 0x0000000089d00000, 0x0000000089d00000|100%| O|  |TAMS 0x0000000089d00000| PB 0x0000000089d00000| Untracked |  0
|  79|0x0000000089d00000, 0x0000000089e00000, 0x0000000089e00000|100%| O|  |TAMS 0x0000000089e00000| PB 0x0000000089e00000| Untracked |  0
|  80|0x0000000089e00000, 0x0000000089f00000, 0x0000000089f00000|100%| O|  |TAMS 0x0000000089f00000| PB 0x0000000089f00000| Untracked |  0
|  81|0x0000000089f00000, 0x000000008a000000, 0x000000008a000000|100%| O|  |TAMS 0x000000008a000000| PB 0x000000008a000000| Untracked |  0
|  82|0x000000008a000000, 0x000000008a100000, 0x000000008a100000|100%| O|  |TAMS 0x000000008a100000| PB 0x000000008a100000| Untracked |  0
|  83|0x000000008a100000, 0x000000008a200000, 0x000000008a200000|100%| O|  |TAMS 0x000000008a200000| PB 0x000000008a200000| Untracked |  0
|  84|0x000000008a200000, 0x000000008a300000, 0x000000008a300000|100%| O|  |TAMS 0x000000008a300000| PB 0x000000008a300000| Untracked |  0
|  85|0x000000008a300000, 0x000000008a400000, 0x000000008a400000|100%| O|  |TAMS 0x000000008a400000| PB 0x000000008a400000| Untracked |  0
|  86|0x000000008a400000, 0x000000008a500000, 0x000000008a500000|100%| O|  |TAMS 0x000000008a500000| PB 0x000000008a500000| Untracked |  0
|  87|0x000000008a500000, 0x000000008a600000, 0x000000008a600000|100%| O|  |TAMS 0x000000008a600000| PB 0x000000008a600000| Untracked |  0
|  88|0x000000008a600000, 0x000000008a700000, 0x000000008a700000|100%| O|  |TAMS 0x000000008a700000| PB 0x000000008a700000| Untracked |  0
|  89|0x000000008a700000, 0x000000008a800000, 0x000000008a800000|100%| O|  |TAMS 0x000000008a800000| PB 0x000000008a800000| Untracked |  0
|  90|0x000000008a800000, 0x000000008a900000, 0x000000008a900000|100%| O|  |TAMS 0x000000008a900000| PB 0x000000008a900000| Updating |  0
|  91|0x000000008a900000, 0x000000008aa00000, 0x000000008aa00000|100%| O|  |TAMS 0x000000008aa00000| PB 0x000000008aa00000| Untracked |  0
|  92|0x000000008aa00000, 0x000000008ab00000, 0x000000008ab00000|100%| O|  |TAMS 0x000000008ab00000| PB 0x000000008ab00000| Untracked |  0
|  93|0x000000008ab00000, 0x000000008ac00000, 0x000000008ac00000|100%| O|  |TAMS 0x000000008ac00000| PB 0x000000008ac00000| Untracked |  0
|  94|0x000000008ac00000, 0x000000008ad00000, 0x000000008ad00000|100%| O|  |TAMS 0x000000008ad00000| PB 0x000000008ad00000| Untracked |  0
|  95|0x000000008ad00000, 0x000000008ae00000, 0x000000008ae00000|100%| O|  |TAMS 0x000000008ae00000| PB 0x000000008ae00000| Untracked |  0
|  96|0x000000008ae00000, 0x000000008af00000, 0x000000008af00000|100%| O|  |TAMS 0x000000008af00000| PB 0x000000008af00000| Untracked |  0
|  97|0x000000008af00000, 0x000000008b000000, 0x000000008b000000|100%| O|  |TAMS 0x000000008b000000| PB 0x000000008b000000| Untracked |  0
|  98|0x000000008b000000, 0x000000008b100000, 0x000000008b100000|100%| O|  |TAMS 0x000000008b100000| PB 0x000000008b100000| Untracked |  0
|  99|0x000000008b100000, 0x000000008b200000, 0x000000008b200000|100%| O|  |TAMS 0x000000008b200000| PB 0x000000008b200000| Untracked |  0
| 100|0x000000008b200000, 0x000000008b300000, 0x000000008b300000|100%| O|  |TAMS 0x000000008b300000| PB 0x000000008b300000| Updating |  0
| 101|0x000000008b300000, 0x000000008b400000, 0x000000008b400000|100%| O|  |TAMS 0x000000008b400000| PB 0x000000008b400000| Untracked |  0
| 102|0x000000008b400000, 0x000000008b500000, 0x000000008b500000|100%| O|  |TAMS 0x000000008b500000| PB 0x000000008b500000| Untracked |  0
| 103|0x000000008b500000, 0x000000008b600000, 0x000000008b600000|100%| O|  |TAMS 0x000000008b600000| PB 0x000000008b600000| Untracked |  0
| 104|0x000000008b600000, 0x000000008b700000, 0x000000008b700000|100%| O|  |TAMS 0x000000008b700000| PB 0x000000008b700000| Untracked |  0
| 105|0x000000008b700000, 0x000000008b800000, 0x000000008b800000|100%| O|  |TAMS 0x000000008b800000| PB 0x000000008b800000| Untracked |  0
| 106|0x000000008b800000, 0x000000008b900000, 0x000000008b900000|100%| O|  |TAMS 0x000000008b900000| PB 0x000000008b900000| Untracked |  0
| 107|0x000000008b900000, 0x000000008ba00000, 0x000000008ba00000|100%| O|  |TAMS 0x000000008ba00000| PB 0x000000008ba00000| Untracked |  0
| 108|0x000000008ba00000, 0x000000008bb00000, 0x000000008bb00000|100%| O|  |TAMS 0x000000008bb00000| PB 0x000000008bb00000| Updating |  0
| 109|0x000000008bb00000, 0x000000008bc00000, 0x000000008bc00000|100%| O|  |TAMS 0x000000008bc00000| PB 0x000000008bc00000| Untracked |  0
| 110|0x000000008bc00000, 0x000000008bd00000, 0x000000008bd00000|100%| O|  |TAMS 0x000000008bc00000| PB 0x000000008bc00000| Untracked |  0
| 111|0x000000008bd00000, 0x000000008be00000, 0x000000008be00000|100%| O|  |TAMS 0x000000008be00000| PB 0x000000008be00000| Untracked |  0
| 112|0x000000008be00000, 0x000000008bf00000, 0x000000008bf00000|100%| O|  |TAMS 0x000000008bf00000| PB 0x000000008bf00000| Untracked |  0
| 113|0x000000008bf00000, 0x000000008c000000, 0x000000008c000000|100%| O|  |TAMS 0x000000008c000000| PB 0x000000008c000000| Untracked |  0
| 114|0x000000008c000000, 0x000000008c100000, 0x000000008c100000|100%| O|  |TAMS 0x000000008c100000| PB 0x000000008c100000| Untracked |  0
| 115|0x000000008c100000, 0x000000008c200000, 0x000000008c200000|100%| O|  |TAMS 0x000000008c200000| PB 0x000000008c200000| Untracked |  0
| 116|0x000000008c200000, 0x000000008c300000, 0x000000008c300000|100%| O|  |TAMS 0x000000008c300000| PB 0x000000008c300000| Untracked |  0
| 117|0x000000008c300000, 0x000000008c400000, 0x000000008c400000|100%| O|  |TAMS 0x000000008c400000| PB 0x000000008c400000| Untracked |  0
| 118|0x000000008c400000, 0x000000008c500000, 0x000000008c500000|100%| O|  |TAMS 0x000000008c500000| PB 0x000000008c500000| Updating |  0
| 119|0x000000008c500000, 0x000000008c600000, 0x000000008c600000|100%| O|  |TAMS 0x000000008c600000| PB 0x000000008c600000| Updating |  0
| 120|0x000000008c600000, 0x000000008c700000, 0x000000008c700000|100%| O|  |TAMS 0x000000008c700000| PB 0x000000008c700000| Untracked |  0
| 121|0x000000008c700000, 0x000000008c800000, 0x000000008c800000|100%| O|  |TAMS 0x000000008c800000| PB 0x000000008c800000| Untracked |  0
| 122|0x000000008c800000, 0x000000008c900000, 0x000000008c900000|100%| O|  |TAMS 0x000000008c900000| PB 0x000000008c900000| Untracked |  0
| 123|0x000000008c900000, 0x000000008ca00000, 0x000000008ca00000|100%| O|  |TAMS 0x000000008ca00000| PB 0x000000008ca00000| Untracked |  0
| 124|0x000000008ca00000, 0x000000008cb00000, 0x000000008cb00000|100%| O|  |TAMS 0x000000008cb00000| PB 0x000000008cb00000| Untracked |  0
| 125|0x000000008cb00000, 0x000000008cc00000, 0x000000008cc00000|100%| O|  |TAMS 0x000000008cc00000| PB 0x000000008cc00000| Untracked |  0
| 126|0x000000008cc00000, 0x000000008cd00000, 0x000000008cd00000|100%| O|  |TAMS 0x000000008cd00000| PB 0x000000008cd00000| Untracked |  0
| 127|0x000000008cd00000, 0x000000008ce00000, 0x000000008ce00000|100%| O|  |TAMS 0x000000008ce00000| PB 0x000000008ce00000| Untracked |  0
| 128|0x000000008ce00000, 0x000000008cf00000, 0x000000008cf00000|100%| O|  |TAMS 0x000000008cf00000| PB 0x000000008cf00000| Untracked |  0
| 129|0x000000008cf00000, 0x000000008d000000, 0x000000008d000000|100%| O|  |TAMS 0x000000008d000000| PB 0x000000008d000000| Untracked |  0
| 130|0x000000008d000000, 0x000000008d100000, 0x000000008d100000|100%| O|  |TAMS 0x000000008d000000| PB 0x000000008d000000| Untracked |  0
| 131|0x000000008d100000, 0x000000008d200000, 0x000000008d200000|100%| O|  |TAMS 0x000000008d200000| PB 0x000000008d200000| Updating |  0
| 132|0x000000008d200000, 0x000000008d300000, 0x000000008d300000|100%| O|  |TAMS 0x000000008d300000| PB 0x000000008d300000| Untracked |  0
| 133|0x000000008d300000, 0x000000008d400000, 0x000000008d400000|100%| O|  |TAMS 0x000000008d400000| PB 0x000000008d400000| Untracked |  0
| 134|0x000000008d400000, 0x000000008d500000, 0x000000008d500000|100%| O|  |TAMS 0x000000008d500000| PB 0x000000008d500000| Untracked |  0
| 135|0x000000008d500000, 0x000000008d600000, 0x000000008d600000|100%| O|  |TAMS 0x000000008d600000| PB 0x000000008d600000| Untracked |  0
| 136|0x000000008d600000, 0x000000008d700000, 0x000000008d700000|100%| O|  |TAMS 0x000000008d700000| PB 0x000000008d700000| Untracked |  0
| 137|0x000000008d700000, 0x000000008d800000, 0x000000008d800000|100%| O|  |TAMS 0x000000008d800000| PB 0x000000008d800000| Updating |  0
| 138|0x000000008d800000, 0x000000008d900000, 0x000000008d900000|100%| O|  |TAMS 0x000000008d900000| PB 0x000000008d900000| Updating |  0
| 139|0x000000008d900000, 0x000000008da00000, 0x000000008da00000|100%| O|  |TAMS 0x000000008da00000| PB 0x000000008da00000| Updating |  0
| 140|0x000000008da00000, 0x000000008db00000, 0x000000008db00000|100%| O|  |TAMS 0x000000008db00000| PB 0x000000008db00000| Untracked |  0
| 141|0x000000008db00000, 0x000000008dc00000, 0x000000008dc00000|100%| O|  |TAMS 0x000000008dc00000| PB 0x000000008dc00000| Untracked |  0
| 142|0x000000008dc00000, 0x000000008dd00000, 0x000000008dd00000|100%| O|  |TAMS 0x000000008dd00000| PB 0x000000008dd00000| Untracked |  0
| 143|0x000000008dd00000, 0x000000008de00000, 0x000000008de00000|100%| O|  |TAMS 0x000000008de00000| PB 0x000000008de00000| Untracked |  0
| 144|0x000000008de00000, 0x000000008df00000, 0x000000008df00000|100%| O|  |TAMS 0x000000008df00000| PB 0x000000008df00000| Untracked |  0
| 145|0x000000008df00000, 0x000000008e000000, 0x000000008e000000|100%| O|  |TAMS 0x000000008e000000| PB 0x000000008e000000| Untracked |  0
| 146|0x000000008e000000, 0x000000008e100000, 0x000000008e100000|100%| O|  |TAMS 0x000000008e100000| PB 0x000000008e100000| Untracked |  0
| 147|0x000000008e100000, 0x000000008e200000, 0x000000008e200000|100%| O|  |TAMS 0x000000008e200000| PB 0x000000008e200000| Untracked |  0
| 148|0x000000008e200000, 0x000000008e300000, 0x000000008e300000|100%| O|  |TAMS 0x000000008e300000| PB 0x000000008e300000| Updating |  0
| 149|0x000000008e300000, 0x000000008e400000, 0x000000008e400000|100%| O|  |TAMS 0x000000008e400000| PB 0x000000008e400000| Updating |  0
| 150|0x000000008e400000, 0x000000008e500000, 0x000000008e500000|100%| O|  |TAMS 0x000000008e500000| PB 0x000000008e500000| Untracked |  0
| 151|0x000000008e500000, 0x000000008e600000, 0x000000008e600000|100%| O|  |TAMS 0x000000008e600000| PB 0x000000008e600000| Untracked |  0
| 152|0x000000008e600000, 0x000000008e700000, 0x000000008e700000|100%| O|  |TAMS 0x000000008e700000| PB 0x000000008e700000| Untracked |  0
| 153|0x000000008e700000, 0x000000008e800000, 0x000000008e800000|100%| O|  |TAMS 0x000000008e800000| PB 0x000000008e800000| Untracked |  0
| 154|0x000000008e800000, 0x000000008e900000, 0x000000008e900000|100%| O|  |TAMS 0x000000008e900000| PB 0x000000008e900000| Untracked |  0
| 155|0x000000008e900000, 0x000000008ea00000, 0x000000008ea00000|100%| O|  |TAMS 0x000000008ea00000| PB 0x000000008ea00000| Untracked |  0
| 156|0x000000008ea00000, 0x000000008eb00000, 0x000000008eb00000|100%| O|  |TAMS 0x000000008eb00000| PB 0x000000008eb00000| Untracked |  0
| 157|0x000000008eb00000, 0x000000008ec00000, 0x000000008ec00000|100%| O|  |TAMS 0x000000008ec00000| PB 0x000000008ec00000| Untracked |  0
| 158|0x000000008ec00000, 0x000000008ed00000, 0x000000008ed00000|100%| O|  |TAMS 0x000000008ed00000| PB 0x000000008ed00000| Untracked |  0
| 159|0x000000008ed00000, 0x000000008ee00000, 0x000000008ee00000|100%| O|  |TAMS 0x000000008ee00000| PB 0x000000008ee00000| Untracked |  0
| 160|0x000000008ee00000, 0x000000008ef00000, 0x000000008ef00000|100%| O|  |TAMS 0x000000008ef00000| PB 0x000000008ef00000| Untracked |  0
| 161|0x000000008ef00000, 0x000000008f000000, 0x000000008f000000|100%| O|  |TAMS 0x000000008f000000| PB 0x000000008f000000| Untracked |  0
| 162|0x000000008f000000, 0x000000008f100000, 0x000000008f100000|100%| O|  |TAMS 0x000000008f100000| PB 0x000000008f100000| Untracked |  0
| 163|0x000000008f100000, 0x000000008f200000, 0x000000008f200000|100%| O|  |TAMS 0x000000008f200000| PB 0x000000008f200000| Updating |  0
| 164|0x000000008f200000, 0x000000008f300000, 0x000000008f300000|100%| O|  |TAMS 0x000000008f300000| PB 0x000000008f300000| Untracked |  0
| 165|0x000000008f300000, 0x000000008f400000, 0x000000008f400000|100%| O|  |TAMS 0x000000008f400000| PB 0x000000008f400000| Updating |  0
| 166|0x000000008f400000, 0x000000008f500000, 0x000000008f500000|100%| O|  |TAMS 0x000000008f400000| PB 0x000000008f400000| Untracked |  0
| 167|0x000000008f500000, 0x000000008f600000, 0x000000008f600000|100%| O|  |TAMS 0x000000008f500000| PB 0x000000008f500000| Untracked |  0
| 168|0x000000008f600000, 0x000000008f700000, 0x000000008f700000|100%| O|  |TAMS 0x000000008f600000| PB 0x000000008f600000| Untracked |  0
| 169|0x000000008f700000, 0x000000008f800000, 0x000000008f800000|100%| O|  |TAMS 0x000000008f700000| PB 0x000000008f700000| Untracked |  0
| 170|0x000000008f800000, 0x000000008f900000, 0x000000008f900000|100%| O|  |TAMS 0x000000008f800000| PB 0x000000008f800000| Untracked |  0
| 171|0x000000008f900000, 0x000000008fa00000, 0x000000008fa00000|100%| O|  |TAMS 0x000000008f900000| PB 0x000000008f900000| Untracked |  0
| 172|0x000000008fa00000, 0x000000008fb00000, 0x000000008fb00000|100%| O|  |TAMS 0x000000008fa00000| PB 0x000000008fa00000| Untracked |  0
| 173|0x000000008fb00000, 0x000000008fb00000, 0x000000008fc00000|  0%| F|  |TAMS 0x000000008fb00000| PB 0x000000008fb00000| Untracked |  0
| 174|0x000000008fc00000, 0x000000008fc00000, 0x000000008fd00000|  0%| F|  |TAMS 0x000000008fc00000| PB 0x000000008fc00000| Untracked |  0
| 175|0x000000008fd00000, 0x000000008fd00000, 0x000000008fe00000|  0%| F|  |TAMS 0x000000008fd00000| PB 0x000000008fd00000| Untracked |  0
| 176|0x000000008fe00000, 0x000000008ff00000, 0x000000008ff00000|100%| O|  |TAMS 0x000000008fe00000| PB 0x000000008fe00000| Untracked |  0
| 177|0x000000008ff00000, 0x0000000090000000, 0x0000000090000000|100%| O|  |TAMS 0x000000008ff00000| PB 0x000000008ff00000| Untracked |  0
| 178|0x0000000090000000, 0x0000000090100000, 0x0000000090100000|100%| O|  |TAMS 0x0000000090000000| PB 0x0000000090000000| Untracked |  0
| 179|0x0000000090100000, 0x0000000090200000, 0x0000000090200000|100%| O|  |TAMS 0x0000000090100000| PB 0x0000000090100000| Untracked |  0
| 180|0x0000000090200000, 0x0000000090300000, 0x0000000090300000|100%| O|  |TAMS 0x0000000090200000| PB 0x0000000090200000| Untracked |  0
| 181|0x0000000090300000, 0x0000000090400000, 0x0000000090400000|100%| O|  |TAMS 0x0000000090300000| PB 0x0000000090300000| Untracked |  0
| 182|0x0000000090400000, 0x0000000090400000, 0x0000000090500000|  0%| F|  |TAMS 0x0000000090400000| PB 0x0000000090400000| Untracked |  0
| 183|0x0000000090500000, 0x0000000090500000, 0x0000000090600000|  0%| F|  |TAMS 0x0000000090500000| PB 0x0000000090500000| Untracked |  0
| 184|0x0000000090600000, 0x0000000090600000, 0x0000000090700000|  0%| F|  |TAMS 0x0000000090600000| PB 0x0000000090600000| Untracked |  0
| 185|0x0000000090700000, 0x0000000090700000, 0x0000000090800000|  0%| F|  |TAMS 0x0000000090700000| PB 0x0000000090700000| Untracked |  0
| 186|0x0000000090800000, 0x0000000090800000, 0x0000000090900000|  0%| F|  |TAMS 0x0000000090800000| PB 0x0000000090800000| Untracked |  0
| 187|0x0000000090900000, 0x0000000090a00000, 0x0000000090a00000|100%| S|CS|TAMS 0x0000000090900000| PB 0x0000000090900000| Complete |  0
| 188|0x0000000090a00000, 0x0000000090b00000, 0x0000000090b00000|100%| S|CS|TAMS 0x0000000090a00000| PB 0x0000000090a00000| Complete |  0
| 189|0x0000000090b00000, 0x0000000090b00000, 0x0000000090c00000|  0%| F|  |TAMS 0x0000000090b00000| PB 0x0000000090b00000| Untracked |  0
| 190|0x0000000090c00000, 0x0000000090c00000, 0x0000000090d00000|  0%| F|  |TAMS 0x0000000090c00000| PB 0x0000000090c00000| Untracked |  0
| 191|0x0000000090d00000, 0x0000000090d00000, 0x0000000090e00000|  0%| F|  |TAMS 0x0000000090d00000| PB 0x0000000090d00000| Untracked |  0
| 192|0x0000000090e00000, 0x0000000090e00000, 0x0000000090f00000|  0%| F|  |TAMS 0x0000000090e00000| PB 0x0000000090e00000| Untracked |  0
| 193|0x0000000090f00000, 0x0000000090f00000, 0x0000000091000000|  0%| F|  |TAMS 0x0000000090f00000| PB 0x0000000090f00000| Untracked |  0
| 194|0x0000000091000000, 0x0000000091000000, 0x0000000091100000|  0%| F|  |TAMS 0x0000000091000000| PB 0x0000000091000000| Untracked |  0
| 195|0x0000000091100000, 0x0000000091100000, 0x0000000091200000|  0%| F|  |TAMS 0x0000000091100000| PB 0x0000000091100000| Untracked |  0
| 196|0x0000000091200000, 0x0000000091200000, 0x0000000091300000|  0%| F|  |TAMS 0x0000000091200000| PB 0x0000000091200000| Untracked |  0
| 197|0x0000000091300000, 0x0000000091300000, 0x0000000091400000|  0%| F|  |TAMS 0x0000000091300000| PB 0x0000000091300000| Untracked |  0
| 198|0x0000000091400000, 0x0000000091400000, 0x0000000091500000|  0%| F|  |TAMS 0x0000000091400000| PB 0x0000000091400000| Untracked |  0
| 199|0x0000000091500000, 0x0000000091600000, 0x0000000091600000|100%| S|CS|TAMS 0x0000000091500000| PB 0x0000000091500000| Complete |  0
| 200|0x0000000091600000, 0x0000000091700000, 0x0000000091700000|100%| S|CS|TAMS 0x0000000091600000| PB 0x0000000091600000| Complete |  0
| 201|0x0000000091700000, 0x0000000091800000, 0x0000000091800000|100%| S|CS|TAMS 0x0000000091700000| PB 0x0000000091700000| Complete |  0
| 202|0x0000000091800000, 0x0000000091900000, 0x0000000091900000|100%| S|CS|TAMS 0x0000000091800000| PB 0x0000000091800000| Complete |  0
| 203|0x0000000091900000, 0x0000000091a00000, 0x0000000091a00000|100%| S|CS|TAMS 0x0000000091900000| PB 0x0000000091900000| Complete |  0
| 204|0x0000000091a00000, 0x0000000091b00000, 0x0000000091b00000|100%| S|CS|TAMS 0x0000000091a00000| PB 0x0000000091a00000| Complete |  0
| 205|0x0000000091b00000, 0x0000000091c00000, 0x0000000091c00000|100%| S|CS|TAMS 0x0000000091b00000| PB 0x0000000091b00000| Complete |  0
| 206|0x0000000091c00000, 0x0000000091d00000, 0x0000000091d00000|100%| S|CS|TAMS 0x0000000091c00000| PB 0x0000000091c00000| Complete |  0
| 207|0x0000000091d00000, 0x0000000091e00000, 0x0000000091e00000|100%| S|CS|TAMS 0x0000000091d00000| PB 0x0000000091d00000| Complete |  0
| 208|0x0000000091e00000, 0x0000000091e00000, 0x0000000091f00000|  0%| F|  |TAMS 0x0000000091e00000| PB 0x0000000091e00000| Untracked |  0
| 209|0x0000000091f00000, 0x0000000091f00000, 0x0000000092000000|  0%| F|  |TAMS 0x0000000091f00000| PB 0x0000000091f00000| Untracked |  0
| 210|0x0000000092000000, 0x0000000092000000, 0x0000000092100000|  0%| F|  |TAMS 0x0000000092000000| PB 0x0000000092000000| Untracked |  0
| 211|0x0000000092100000, 0x0000000092100000, 0x0000000092200000|  0%| F|  |TAMS 0x0000000092100000| PB 0x0000000092100000| Untracked |  0
| 212|0x0000000092200000, 0x0000000092200000, 0x0000000092300000|  0%| F|  |TAMS 0x0000000092200000| PB 0x0000000092200000| Untracked |  0
| 213|0x0000000092300000, 0x0000000092300000, 0x0000000092400000|  0%| F|  |TAMS 0x0000000092300000| PB 0x0000000092300000| Untracked |  0
| 214|0x0000000092400000, 0x0000000092400000, 0x0000000092500000|  0%| F|  |TAMS 0x0000000092400000| PB 0x0000000092400000| Untracked |  0
| 215|0x0000000092500000, 0x0000000092500000, 0x0000000092600000|  0%| F|  |TAMS 0x0000000092500000| PB 0x0000000092500000| Untracked |  0
| 216|0x0000000092600000, 0x0000000092600000, 0x0000000092700000|  0%| F|  |TAMS 0x0000000092600000| PB 0x0000000092600000| Untracked |  0
| 217|0x0000000092700000, 0x0000000092700000, 0x0000000092800000|  0%| F|  |TAMS 0x0000000092700000| PB 0x0000000092700000| Untracked |  0
| 218|0x0000000092800000, 0x0000000092800000, 0x0000000092900000|  0%| F|  |TAMS 0x0000000092800000| PB 0x0000000092800000| Untracked |  0
| 219|0x0000000092900000, 0x0000000092900000, 0x0000000092a00000|  0%| F|  |TAMS 0x0000000092900000| PB 0x0000000092900000| Untracked |  0
| 220|0x0000000092a00000, 0x0000000092a00000, 0x0000000092b00000|  0%| F|  |TAMS 0x0000000092a00000| PB 0x0000000092a00000| Untracked |  0
| 221|0x0000000092b00000, 0x0000000092b00000, 0x0000000092c00000|  0%| F|  |TAMS 0x0000000092b00000| PB 0x0000000092b00000| Untracked |  0
| 222|0x0000000092c00000, 0x0000000092c00000, 0x0000000092d00000|  0%| F|  |TAMS 0x0000000092c00000| PB 0x0000000092c00000| Untracked |  0
| 223|0x0000000092d00000, 0x0000000092d00000, 0x0000000092e00000|  0%| F|  |TAMS 0x0000000092d00000| PB 0x0000000092d00000| Untracked |  0
| 224|0x0000000092e00000, 0x0000000092e00000, 0x0000000092f00000|  0%| F|  |TAMS 0x0000000092e00000| PB 0x0000000092e00000| Untracked |  0
| 225|0x0000000092f00000, 0x0000000092f00000, 0x0000000093000000|  0%| F|  |TAMS 0x0000000092f00000| PB 0x0000000092f00000| Untracked |  0
| 226|0x0000000093000000, 0x0000000093000000, 0x0000000093100000|  0%| F|  |TAMS 0x0000000093000000| PB 0x0000000093000000| Untracked |  0
| 227|0x0000000093100000, 0x0000000093100000, 0x0000000093200000|  0%| F|  |TAMS 0x0000000093100000| PB 0x0000000093100000| Untracked |  0
| 228|0x0000000093200000, 0x0000000093200000, 0x0000000093300000|  0%| F|  |TAMS 0x0000000093200000| PB 0x0000000093200000| Untracked |  0
| 229|0x0000000093300000, 0x0000000093300000, 0x0000000093400000|  0%| F|  |TAMS 0x0000000093300000| PB 0x0000000093300000| Untracked |  0
| 230|0x0000000093400000, 0x0000000093400000, 0x0000000093500000|  0%| F|  |TAMS 0x0000000093400000| PB 0x0000000093400000| Untracked |  0
| 231|0x0000000093500000, 0x0000000093600000, 0x0000000093600000|100%| E|  |TAMS 0x0000000093500000| PB 0x0000000093500000| Complete |  0
| 232|0x0000000093600000, 0x0000000093700000, 0x0000000093700000|100%| E|CS|TAMS 0x0000000093600000| PB 0x0000000093600000| Complete |  0
| 233|0x0000000093700000, 0x0000000093800000, 0x0000000093800000|100%| E|CS|TAMS 0x0000000093700000| PB 0x0000000093700000| Complete |  0
| 234|0x0000000093800000, 0x0000000093900000, 0x0000000093900000|100%| E|CS|TAMS 0x0000000093800000| PB 0x0000000093800000| Complete |  0
| 235|0x0000000093900000, 0x0000000093a00000, 0x0000000093a00000|100%| E|CS|TAMS 0x0000000093900000| PB 0x0000000093900000| Complete |  0
| 236|0x0000000093a00000, 0x0000000093b00000, 0x0000000093b00000|100%| E|CS|TAMS 0x0000000093a00000| PB 0x0000000093a00000| Complete |  0
| 237|0x0000000093b00000, 0x0000000093c00000, 0x0000000093c00000|100%| E|CS|TAMS 0x0000000093b00000| PB 0x0000000093b00000| Complete |  0
| 238|0x0000000093c00000, 0x0000000093d00000, 0x0000000093d00000|100%| E|CS|TAMS 0x0000000093c00000| PB 0x0000000093c00000| Complete |  0
| 239|0x0000000093d00000, 0x0000000093e00000, 0x0000000093e00000|100%| E|CS|TAMS 0x0000000093d00000| PB 0x0000000093d00000| Complete |  0
| 240|0x0000000093e00000, 0x0000000093f00000, 0x0000000093f00000|100%| E|CS|TAMS 0x0000000093e00000| PB 0x0000000093e00000| Complete |  0
| 241|0x0000000093f00000, 0x0000000094000000, 0x0000000094000000|100%| E|CS|TAMS 0x0000000093f00000| PB 0x0000000093f00000| Complete |  0
| 242|0x0000000094000000, 0x0000000094100000, 0x0000000094100000|100%| E|CS|TAMS 0x0000000094000000| PB 0x0000000094000000| Complete |  0
| 243|0x0000000094100000, 0x0000000094200000, 0x0000000094200000|100%| E|CS|TAMS 0x0000000094100000| PB 0x0000000094100000| Complete |  0
| 244|0x0000000094200000, 0x0000000094300000, 0x0000000094300000|100%| E|CS|TAMS 0x0000000094200000| PB 0x0000000094200000| Complete |  0
| 245|0x0000000094300000, 0x0000000094400000, 0x0000000094400000|100%| E|CS|TAMS 0x0000000094300000| PB 0x0000000094300000| Complete |  0
| 246|0x0000000094400000, 0x0000000094500000, 0x0000000094500000|100%| E|CS|TAMS 0x0000000094400000| PB 0x0000000094400000| Complete |  0
| 247|0x0000000094500000, 0x0000000094600000, 0x0000000094600000|100%| E|CS|TAMS 0x0000000094500000| PB 0x0000000094500000| Complete |  0
| 248|0x0000000094600000, 0x0000000094700000, 0x0000000094700000|100%| E|CS|TAMS 0x0000000094600000| PB 0x0000000094600000| Complete |  0
| 249|0x0000000094700000, 0x0000000094800000, 0x0000000094800000|100%| E|CS|TAMS 0x0000000094700000| PB 0x0000000094700000| Complete |  0
| 250|0x0000000094800000, 0x0000000094900000, 0x0000000094900000|100%| E|CS|TAMS 0x0000000094800000| PB 0x0000000094800000| Complete |  0
| 251|0x0000000094900000, 0x0000000094a00000, 0x0000000094a00000|100%| E|CS|TAMS 0x0000000094900000| PB 0x0000000094900000| Complete |  0
| 252|0x0000000094a00000, 0x0000000094b00000, 0x0000000094b00000|100%| E|CS|TAMS 0x0000000094a00000| PB 0x0000000094a00000| Complete |  0
| 253|0x0000000094b00000, 0x0000000094c00000, 0x0000000094c00000|100%| E|CS|TAMS 0x0000000094b00000| PB 0x0000000094b00000| Complete |  0
| 254|0x0000000094c00000, 0x0000000094d00000, 0x0000000094d00000|100%| E|CS|TAMS 0x0000000094c00000| PB 0x0000000094c00000| Complete |  0
| 255|0x0000000094d00000, 0x0000000094e00000, 0x0000000094e00000|100%| E|CS|TAMS 0x0000000094d00000| PB 0x0000000094d00000| Complete |  0
| 256|0x0000000094e00000, 0x0000000094f00000, 0x0000000094f00000|100%| E|CS|TAMS 0x0000000094e00000| PB 0x0000000094e00000| Complete |  0
| 257|0x0000000094f00000, 0x0000000095000000, 0x0000000095000000|100%| E|CS|TAMS 0x0000000094f00000| PB 0x0000000094f00000| Complete |  0
| 258|0x0000000095000000, 0x0000000095100000, 0x0000000095100000|100%| E|CS|TAMS 0x0000000095000000| PB 0x0000000095000000| Complete |  0
| 259|0x0000000095100000, 0x0000000095200000, 0x0000000095200000|100%| E|CS|TAMS 0x0000000095100000| PB 0x0000000095100000| Complete |  0
| 260|0x0000000095200000, 0x0000000095300000, 0x0000000095300000|100%| E|CS|TAMS 0x0000000095200000| PB 0x0000000095200000| Complete |  0
| 261|0x0000000095300000, 0x0000000095400000, 0x0000000095400000|100%| E|CS|TAMS 0x0000000095300000| PB 0x0000000095300000| Complete |  0
| 262|0x0000000095400000, 0x0000000095500000, 0x0000000095500000|100%| E|CS|TAMS 0x0000000095400000| PB 0x0000000095400000| Complete |  0
| 263|0x0000000095500000, 0x0000000095600000, 0x0000000095600000|100%| E|CS|TAMS 0x0000000095500000| PB 0x0000000095500000| Complete |  0
| 264|0x0000000095600000, 0x0000000095700000, 0x0000000095700000|100%| E|CS|TAMS 0x0000000095600000| PB 0x0000000095600000| Complete |  0
| 265|0x0000000095700000, 0x0000000095800000, 0x0000000095800000|100%| E|CS|TAMS 0x0000000095700000| PB 0x0000000095700000| Complete |  0
| 266|0x0000000095800000, 0x0000000095900000, 0x0000000095900000|100%| E|CS|TAMS 0x0000000095800000| PB 0x0000000095800000| Complete |  0
| 267|0x0000000095900000, 0x0000000095a00000, 0x0000000095a00000|100%| E|CS|TAMS 0x0000000095900000| PB 0x0000000095900000| Complete |  0
| 268|0x0000000095a00000, 0x0000000095b00000, 0x0000000095b00000|100%| E|CS|TAMS 0x0000000095a00000| PB 0x0000000095a00000| Complete |  0
| 269|0x0000000095b00000, 0x0000000095c00000, 0x0000000095c00000|100%| E|CS|TAMS 0x0000000095b00000| PB 0x0000000095b00000| Complete |  0
| 270|0x0000000095c00000, 0x0000000095d00000, 0x0000000095d00000|100%| E|CS|TAMS 0x0000000095c00000| PB 0x0000000095c00000| Complete |  0
| 271|0x0000000095d00000, 0x0000000095e00000, 0x0000000095e00000|100%| E|CS|TAMS 0x0000000095d00000| PB 0x0000000095d00000| Complete |  0
| 272|0x0000000095e00000, 0x0000000095f00000, 0x0000000095f00000|100%| E|CS|TAMS 0x0000000095e00000| PB 0x0000000095e00000| Complete |  0
| 273|0x0000000095f00000, 0x0000000096000000, 0x0000000096000000|100%| E|CS|TAMS 0x0000000095f00000| PB 0x0000000095f00000| Complete |  0
| 274|0x0000000096000000, 0x0000000096100000, 0x0000000096100000|100%| E|CS|TAMS 0x0000000096000000| PB 0x0000000096000000| Complete |  0
| 275|0x0000000096100000, 0x0000000096200000, 0x0000000096200000|100%| E|CS|TAMS 0x0000000096100000| PB 0x0000000096100000| Complete |  0
| 276|0x0000000096200000, 0x0000000096300000, 0x0000000096300000|100%| E|CS|TAMS 0x0000000096200000| PB 0x0000000096200000| Complete |  0
| 277|0x0000000096300000, 0x0000000096400000, 0x0000000096400000|100%| E|CS|TAMS 0x0000000096300000| PB 0x0000000096300000| Complete |  0
| 278|0x0000000096400000, 0x0000000096500000, 0x0000000096500000|100%| E|CS|TAMS 0x0000000096400000| PB 0x0000000096400000| Complete |  0
| 279|0x0000000096500000, 0x0000000096600000, 0x0000000096600000|100%| E|CS|TAMS 0x0000000096500000| PB 0x0000000096500000| Complete |  0
| 280|0x0000000096600000, 0x0000000096700000, 0x0000000096700000|100%| E|CS|TAMS 0x0000000096600000| PB 0x0000000096600000| Complete |  0
| 281|0x0000000096700000, 0x0000000096800000, 0x0000000096800000|100%| E|CS|TAMS 0x0000000096700000| PB 0x0000000096700000| Complete |  0
| 282|0x0000000096800000, 0x0000000096900000, 0x0000000096900000|100%| E|CS|TAMS 0x0000000096800000| PB 0x0000000096800000| Complete |  0

Card table byte_map: [0x00000208207a0000,0x0000020820b80000] _byte_map_base: 0x0000020820379000

Marking Bits: (CMBitMap*) 0x00000208090d7430
 Bits: [0x0000020820b80000, 0x0000020822a48000)

Polling page: 0x0000020806ec0000

Metaspace:

Usage:
  Non-class:     54.70 MB used.
      Class:      7.58 MB used.
       Both:     62.29 MB used.

Virtual space:
  Non-class space:       64.00 MB reserved,      55.19 MB ( 86%) committed,  1 nodes.
      Class space:        1.00 GB reserved,       8.06 MB ( <1%) committed,  1 nodes.
             Both:        1.06 GB reserved,      63.25 MB (  6%) committed. 

Chunk freelists:
   Non-Class:  8.27 MB
       Class:  7.98 MB
        Both:  16.25 MB

MaxMetaspaceSize: unlimited
CompressedClassSpaceSize: 1.00 GB
Initial GC threshold: 21.00 MB
Current GC threshold: 105.44 MB
CDS: on
 - commit_granule_bytes: 65536.
 - commit_granule_words: 8192.
 - virtual_space_node_default_size: 8388608.
 - enlarge_chunks_in_place: 1.
 - use_allocation_guard: 0.


Internal statistics:

num_allocs_failed_limit: 3.
num_arena_births: 1532.
num_arena_deaths: 0.
num_vsnodes_births: 2.
num_vsnodes_deaths: 0.
num_space_committed: 1011.
num_space_uncommitted: 0.
num_chunks_returned_to_freelist: 3.
num_chunks_taken_from_freelist: 3911.
num_chunk_merges: 3.
num_chunk_splits: 2863.
num_chunks_enlarged: 2095.
num_inconsistent_stats: 0.

CodeHeap 'non-profiled nmethods': size=120000Kb used=4431Kb max_used=4576Kb free=115568Kb
 bounds [0x0000020818e90000, 0x0000020819330000, 0x00000208203c0000]
CodeHeap 'profiled nmethods': size=120000Kb used=6228Kb max_used=12317Kb free=113771Kb
 bounds [0x00000208113c0000, 0x0000020811fd0000, 0x00000208188f0000]
CodeHeap 'non-nmethods': size=5760Kb used=1721Kb max_used=1790Kb free=4038Kb
 bounds [0x00000208188f0000, 0x0000020818b60000, 0x0000020818e90000]
 total_blobs=4039 nmethods=3293 adapters=648
 compilation: enabled
              stopped_count=0, restarted_count=0
 full_count=0

Compilation events (20 events):
Event: 298.026 Thread 0x0000020824f1ffe0 nmethod 8205 0x000002081903f990 code [0x000002081903fb20, 0x000002081903fcd8]
Event: 298.026 Thread 0x0000020824f1ffe0 8203   !   4       jdk.internal.reflect.DirectConstructorHandleAccessor::newInstance (130 bytes)
Event: 298.040 Thread 0x0000020824f1ffe0 nmethod 8203 0x0000020818ee4010 code [0x0000020818ee4280, 0x0000020818ee4970]
Event: 298.185 Thread 0x0000020824f1ffe0 8206   !   4       com.intellij.psi.impl.compiled.ClsFileImpl$1::findInnerClass (114 bytes)
Event: 298.291 Thread 0x0000020824f22130 8208       3       org.jetbrains.kotlin.load.java.structure.impl.JavaElementImpl::hashCode (8 bytes)
Event: 298.292 Thread 0x0000020824f22130 nmethod 8208 0x00000208116a3490 code [0x00000208116a3640, 0x00000208116a3890]
Event: 298.292 Thread 0x0000020824f22130 8210       3       com.intellij.psi.impl.compiled.ClsTypeParameterImpl::<init> (29 bytes)
Event: 298.293 Thread 0x0000020824f22130 nmethod 8210 0x000002081147c610 code [0x000002081147c880, 0x000002081147d2e8]
Event: 298.293 Thread 0x0000020824f22130 8209       3       org.jetbrains.kotlin.load.java.structure.impl.source.JavaElementPsiSourceWithFixedPsi::hashCode (8 bytes)
Event: 298.293 Thread 0x0000020824f22130 nmethod 8209 0x0000020811791290 code [0x0000020811791440, 0x0000020811791630]
Event: 298.293 Thread 0x0000020824f22130 8211       3       com.intellij.psi.impl.light.LightEmptyImplementsList::<init> (17 bytes)
Event: 298.293 Thread 0x0000020824f22130 nmethod 8211 0x0000020811adf290 code [0x0000020811adf440, 0x0000020811adf600]
Event: 298.294 Thread 0x0000020824f1ffe0 nmethod 8206 0x0000020819322f90 code [0x00000208193232c0, 0x0000020819325288]
Event: 298.294 Thread 0x0000020824f1ffe0 8207   !   4       com.intellij.psi.impl.compiled.ClsFileImpl$1::accept (88 bytes)
Event: 298.297 Thread 0x0000020824f1ffe0 nmethod 8207 0x0000020819069e90 code [0x000002081906a040, 0x000002081906a1b0]
Event: 298.310 Thread 0x0000020824f1ffe0 8212       4       java.lang.invoke.LambdaForm$MH/0x00000208267f9000::invoke (42 bytes)
Event: 298.335 Thread 0x0000020824f1ffe0 nmethod 8212 0x0000020819030210 code [0x0000020819030400, 0x0000020819030d90]
Event: 298.336 Thread 0x0000020824f1ffe0 8215       4       kotlin.properties.NotNullVar::setValue (18 bytes)
Event: 298.340 Thread 0x0000020824f1ffe0 nmethod 8215 0x000002081915e190 code [0x000002081915e320, 0x000002081915e4c0]
Event: 298.340 Thread 0x0000020824f1ffe0 8213       4       org.javacs.kt.index.SymbolEntity::<init> (63 bytes)

GC Heap History (20 events):
Event: 283.228 GC heap before
{Heap before GC invocations=88 (full 0):
 garbage-first heap   total reserved 2017280K, committed 128000K, used 114506K [0x0000000084e00000, 0x0000000100000000)
  region size 1024K, 33 young (33792K), 5 survivors (5120K)
 Metaspace       used 63626K, committed 64640K, reserved 1114112K
  class space    used 7762K, committed 8256K, reserved 1048576K
}
Event: 283.255 GC heap after
{Heap after GC invocations=89 (full 0):
 garbage-first heap   total reserved 2017280K, committed 210944K, used 91889K [0x0000000084e00000, 0x0000000100000000)
  region size 1024K, 5 young (5120K), 5 survivors (5120K)
 Metaspace       used 63626K, committed 64640K, reserved 1114112K
  class space    used 7762K, committed 8256K, reserved 1048576K
}
Event: 285.850 GC heap before
{Heap before GC invocations=90 (full 0):
 garbage-first heap   total reserved 2017280K, committed 210944K, used 172785K [0x0000000084e00000, 0x0000000100000000)
  region size 1024K, 84 young (86016K), 5 survivors (5120K)
 Metaspace       used 63697K, committed 64704K, reserved 1114112K
  class space    used 7763K, committed 8256K, reserved 1048576K
}
Event: 285.887 GC heap after
{Heap after GC invocations=91 (full 0):
 garbage-first heap   total reserved 2017280K, committed 210944K, used 103949K [0x0000000084e00000, 0x0000000100000000)
  region size 1024K, 11 young (11264K), 11 survivors (11264K)
 Metaspace       used 63697K, committed 64704K, reserved 1114112K
  class space    used 7763K, committed 8256K, reserved 1048576K
}
Event: 286.959 GC heap before
{Heap before GC invocations=91 (full 0):
 garbage-first heap   total reserved 2017280K, committed 210944K, used 171533K [0x0000000084e00000, 0x0000000100000000)
  region size 1024K, 77 young (78848K), 11 survivors (11264K)
 Metaspace       used 63721K, committed 64704K, reserved 1114112K
  class space    used 7763K, committed 8256K, reserved 1048576K
}
Event: 287.027 GC heap after
{Heap after GC invocations=92 (full 0):
 garbage-first heap   total reserved 2017280K, committed 210944K, used 113636K [0x0000000084e00000, 0x0000000100000000)
  region size 1024K, 10 young (10240K), 10 survivors (10240K)
 Metaspace       used 63721K, committed 64704K, reserved 1114112K
  class space    used 7763K, committed 8256K, reserved 1048576K
}
Event: 287.853 GC heap before
{Heap before GC invocations=92 (full 0):
 garbage-first heap   total reserved 2017280K, committed 210944K, used 178148K [0x0000000084e00000, 0x0000000100000000)
  region size 1024K, 73 young (74752K), 10 survivors (10240K)
 Metaspace       used 63735K, committed 64768K, reserved 1114112K
  class space    used 7763K, committed 8256K, reserved 1048576K
}
Event: 287.885 GC heap after
{Heap after GC invocations=93 (full 0):
 garbage-first heap   total reserved 2017280K, committed 210944K, used 122368K [0x0000000084e00000, 0x0000000100000000)
  region size 1024K, 9 young (9216K), 9 survivors (9216K)
 Metaspace       used 63735K, committed 64768K, reserved 1114112K
  class space    used 7763K, committed 8256K, reserved 1048576K
}
Event: 289.527 GC heap before
{Heap before GC invocations=94 (full 0):
 garbage-first heap   total reserved 2017280K, committed 210944K, used 183808K [0x0000000084e00000, 0x0000000100000000)
  region size 1024K, 69 young (70656K), 9 survivors (9216K)
 Metaspace       used 63737K, committed 64768K, reserved 1114112K
  class space    used 7764K, committed 8256K, reserved 1048576K
}
Event: 289.568 GC heap after
{Heap after GC invocations=95 (full 0):
 garbage-first heap   total reserved 2017280K, committed 210944K, used 132049K [0x0000000084e00000, 0x0000000100000000)
  region size 1024K, 9 young (9216K), 9 survivors (9216K)
 Metaspace       used 63737K, committed 64768K, reserved 1114112K
  class space    used 7764K, committed 8256K, reserved 1048576K
}
Event: 290.707 GC heap before
{Heap before GC invocations=95 (full 0):
 garbage-first heap   total reserved 2017280K, committed 210944K, used 187345K [0x0000000084e00000, 0x0000000100000000)
  region size 1024K, 63 young (64512K), 9 survivors (9216K)
 Metaspace       used 63754K, committed 64768K, reserved 1114112K
  class space    used 7764K, committed 8256K, reserved 1048576K
}
Event: 290.743 GC heap after
{Heap after GC invocations=96 (full 0):
 garbage-first heap   total reserved 2017280K, committed 210944K, used 140745K [0x0000000084e00000, 0x0000000100000000)
  region size 1024K, 8 young (8192K), 8 survivors (8192K)
 Metaspace       used 63754K, committed 64768K, reserved 1114112K
  class space    used 7764K, committed 8256K, reserved 1048576K
}
Event: 291.875 GC heap before
{Heap before GC invocations=96 (full 0):
 garbage-first heap   total reserved 2017280K, committed 210944K, used 189897K [0x0000000084e00000, 0x0000000100000000)
  region size 1024K, 56 young (57344K), 8 survivors (8192K)
 Metaspace       used 63754K, committed 64768K, reserved 1114112K
  class space    used 7764K, committed 8256K, reserved 1048576K
}
Event: 291.911 GC heap after
{Heap after GC invocations=97 (full 0):
 garbage-first heap   total reserved 2017280K, committed 289792K, used 150016K [0x0000000084e00000, 0x0000000100000000)
  region size 1024K, 7 young (7168K), 7 survivors (7168K)
 Metaspace       used 63754K, committed 64768K, reserved 1114112K
  class space    used 7764K, committed 8256K, reserved 1048576K
}
Event: 294.102 GC heap before
{Heap before GC invocations=98 (full 0):
 garbage-first heap   total reserved 2017280K, committed 289792K, used 246272K [0x0000000084e00000, 0x0000000100000000)
  region size 1024K, 101 young (103424K), 7 survivors (7168K)
 Metaspace       used 63773K, committed 64768K, reserved 1114112K
  class space    used 7764K, committed 8256K, reserved 1048576K
}
Event: 294.149 GC heap after
{Heap after GC invocations=99 (full 0):
 garbage-first heap   total reserved 2017280K, committed 289792K, used 165469K [0x0000000084e00000, 0x0000000100000000)
  region size 1024K, 13 young (13312K), 13 survivors (13312K)
 Metaspace       used 63773K, committed 64768K, reserved 1114112K
  class space    used 7764K, committed 8256K, reserved 1048576K
}
Event: 295.469 GC heap before
{Heap before GC invocations=99 (full 0):
 garbage-first heap   total reserved 2017280K, committed 289792K, used 251485K [0x0000000084e00000, 0x0000000100000000)
  region size 1024K, 97 young (99328K), 13 survivors (13312K)
 Metaspace       used 63782K, committed 64768K, reserved 1114112K
  class space    used 7764K, committed 8256K, reserved 1048576K
}
Event: 295.536 GC heap after
{Heap after GC invocations=100 (full 0):
 garbage-first heap   total reserved 2017280K, committed 289792K, used 180224K [0x0000000084e00000, 0x0000000100000000)
  region size 1024K, 13 young (13312K), 13 survivors (13312K)
 Metaspace       used 63782K, committed 64768K, reserved 1114112K
  class space    used 7764K, committed 8256K, reserved 1048576K
}
Event: 297.008 GC heap before
{Heap before GC invocations=100 (full 0):
 garbage-first heap   total reserved 2017280K, committed 289792K, used 257024K [0x0000000084e00000, 0x0000000100000000)
  region size 1024K, 88 young (90112K), 13 survivors (13312K)
 Metaspace       used 63782K, committed 64768K, reserved 1114112K
  class space    used 7764K, committed 8256K, reserved 1048576K
}
Event: 297.085 GC heap after
{Heap after GC invocations=101 (full 0):
 garbage-first heap   total reserved 2017280K, committed 289792K, used 194560K [0x0000000084e00000, 0x0000000100000000)
  region size 1024K, 11 young (11264K), 11 survivors (11264K)
 Metaspace       used 63782K, committed 64768K, reserved 1114112K
  class space    used 7764K, committed 8256K, reserved 1048576K
}

Dll operation events (8 events):
Event: 0.042 Loaded shared library C:\Program Files\OpenJDK\jdk-22.0.2\bin\java.dll
Event: 0.127 Loaded shared library C:\Program Files\OpenJDK\jdk-22.0.2\bin\jsvml.dll
Event: 0.563 Loaded shared library C:\Program Files\OpenJDK\jdk-22.0.2\bin\net.dll
Event: 0.570 Loaded shared library C:\Program Files\OpenJDK\jdk-22.0.2\bin\nio.dll
Event: 0.586 Loaded shared library C:\Program Files\OpenJDK\jdk-22.0.2\bin\zip.dll
Event: 1.087 Loaded shared library C:\Program Files\OpenJDK\jdk-22.0.2\bin\jimage.dll
Event: 5.597 Loaded shared library C:\Program Files\OpenJDK\jdk-22.0.2\bin\verify.dll
Event: 9.966 Loaded shared library C:\Users\AJ\AppData\Local\Temp\sqlite-3.41.2.1-18326e5c-e1c3-448b-8fdb-851d7199f538-sqlitejdbc.dll

Deoptimization events (20 events):
Event: 295.468 Thread 0x000002086ad53870 DEOPT PACKING pc=0x0000020818e909d4 sp=0x000000a4c4efdba0
Event: 295.468 Thread 0x000002086ad53870 DEOPT UNPACKING pc=0x00000208189446a2 sp=0x000000a4c4efdb38 mode 2
Event: 295.691 Thread 0x000002086ad53870 Uncommon trap: trap_request=0xffffffde fr.pc=0x000002081925bde8 relative=0x0000000000005568
Event: 295.691 Thread 0x000002086ad53870 Uncommon trap: reason=class_check action=maybe_recompile pc=0x000002081925bde8 method=org.jetbrains.kotlin.descriptors.DescriptorVisibilities.toDescriptorVisibility(Lorg/jetbrains/kotlin/descriptors/Visibility;)Lorg/jetbrains/kotlin/descriptors/Descriptor
Event: 295.691 Thread 0x000002086ad53870 DEOPT PACKING pc=0x000002081925bde8 sp=0x000000a4c4efe440
Event: 295.691 Thread 0x000002086ad53870 DEOPT UNPACKING pc=0x00000208189446a2 sp=0x000000a4c4efe030 mode 2
Event: 295.691 Thread 0x000002086ad53870 Uncommon trap: trap_request=0xffffffde fr.pc=0x000002081925bde8 relative=0x0000000000005568
Event: 295.691 Thread 0x000002086ad53870 Uncommon trap: reason=class_check action=maybe_recompile pc=0x000002081925bde8 method=org.jetbrains.kotlin.descriptors.DescriptorVisibilities.toDescriptorVisibility(Lorg/jetbrains/kotlin/descriptors/Visibility;)Lorg/jetbrains/kotlin/descriptors/Descriptor
Event: 295.691 Thread 0x000002086ad53870 DEOPT PACKING pc=0x000002081925bde8 sp=0x000000a4c4efe440
Event: 295.691 Thread 0x000002086ad53870 DEOPT UNPACKING pc=0x00000208189446a2 sp=0x000000a4c4efe030 mode 2
Event: 295.692 Thread 0x000002086ad53870 Uncommon trap: trap_request=0xffffffde fr.pc=0x000002081925bde8 relative=0x0000000000005568
Event: 295.692 Thread 0x000002086ad53870 Uncommon trap: reason=class_check action=maybe_recompile pc=0x000002081925bde8 method=org.jetbrains.kotlin.descriptors.DescriptorVisibilities.toDescriptorVisibility(Lorg/jetbrains/kotlin/descriptors/Visibility;)Lorg/jetbrains/kotlin/descriptors/Descriptor
Event: 295.692 Thread 0x000002086ad53870 DEOPT PACKING pc=0x000002081925bde8 sp=0x000000a4c4efe440
Event: 295.692 Thread 0x000002086ad53870 DEOPT UNPACKING pc=0x00000208189446a2 sp=0x000000a4c4efe030 mode 2
Event: 295.692 Thread 0x000002086ad53870 Uncommon trap: trap_request=0xffffffde fr.pc=0x000002081925bde8 relative=0x0000000000005568
Event: 295.692 Thread 0x000002086ad53870 Uncommon trap: reason=class_check action=maybe_recompile pc=0x000002081925bde8 method=org.jetbrains.kotlin.descriptors.DescriptorVisibilities.toDescriptorVisibility(Lorg/jetbrains/kotlin/descriptors/Visibility;)Lorg/jetbrains/kotlin/descriptors/Descriptor
Event: 295.692 Thread 0x000002086ad53870 DEOPT PACKING pc=0x000002081925bde8 sp=0x000000a4c4efe440
Event: 295.692 Thread 0x000002086ad53870 DEOPT UNPACKING pc=0x00000208189446a2 sp=0x000000a4c4efe030 mode 2
Event: 296.844 Thread 0x000002086ad53870 DEOPT PACKING pc=0x00000208117e3cdb sp=0x000000a4c4efb450
Event: 296.844 Thread 0x000002086ad53870 DEOPT UNPACKING pc=0x0000020818944e42 sp=0x000000a4c4efa950 mode 0

Classes loaded (20 events):
Event: 266.541 Loading class java/util/concurrent/ConcurrentLinkedQueue$Itr
Event: 266.541 Loading class java/util/concurrent/ConcurrentLinkedQueue$Itr done
Event: 266.690 Loading class java/util/AbstractList$RandomAccessSubList
Event: 266.690 Loading class java/util/AbstractList$RandomAccessSubList done
Event: 268.479 Loading class java/text/ChoiceFormat
Event: 268.484 Loading class java/text/ChoiceFormat done
Event: 268.637 Loading class java/lang/invoke/DirectMethodHandle$1
Event: 268.637 Loading class java/lang/invoke/DirectMethodHandle$1 done
Event: 269.100 Loading class java/util/stream/LongStream
Event: 269.101 Loading class java/util/stream/LongStream done
Event: 269.102 Loading class java/util/stream/DoubleStream
Event: 269.103 Loading class java/util/stream/DoubleStream done
Event: 269.388 Loading class java/lang/Character$UnicodeBlock
Event: 269.394 Loading class java/lang/Character$Subset
Event: 269.394 Loading class java/lang/Character$Subset done
Event: 269.398 Loading class java/lang/Character$UnicodeBlock done
Event: 285.098 Loading class java/util/concurrent/ConcurrentHashMap$TreeNode
Event: 285.101 Loading class java/util/concurrent/ConcurrentHashMap$TreeNode done
Event: 285.102 Loading class java/util/concurrent/ConcurrentHashMap$TreeBin
Event: 285.106 Loading class java/util/concurrent/ConcurrentHashMap$TreeBin done

Classes unloaded (0 events):
No events

Classes redefined (0 events):
No events

Internal exceptions (20 events):
Event: 265.305 Thread 0x0000020874df6e50 Exception <a 'java/lang/NoSuchMethodError'{0x000000008a0f9168}: 'java.lang.Object java.lang.invoke.DirectMethodHandle$Holder.invokeStaticInit(java.lang.Object, java.lang.Object, java.lang.Object, java.lang.Object)'> (0x000000008a0f9168) 
thrown [s\open\src\hotspot\share\interpreter\linkResolver.cpp, line 774]
Event: 266.036 Thread 0x0000020874df6e50 Exception <a 'java/lang/NoSuchMethodError'{0x0000000087408320}: 'java.lang.Object java.lang.invoke.DirectMethodHandle$Holder.newInvokeSpecial(java.lang.Object, java.lang.Object, java.lang.Object, java.lang.Object, java.lang.Object, java.lang.Object, java.lang.Object, int)'> (0x0000000087408320) 
thrown [s\open\src\hotspot\share\interpreter\linkResolver.cpp, line 774]
Event: 266.037 Thread 0x0000020874df6e50 Exception <a 'java/lang/NoSuchMethodError'{0x000000008740cc08}: 'java.lang.Object java.lang.invoke.DirectMethodHandle$Holder.invokeSpecial(java.lang.Object, java.lang.Object, java.lang.Object, java.lang.Object, java.lang.Object, java.lang.Object, java.lang.Object, java.lang.Object, int)'> (0x000000008740cc08) 
thrown [s\open\src\hotspot\share\interpreter\linkResolver.cpp, line 774]
Event: 266.082 Thread 0x0000020874df6e50 Implicit null exception at 0x0000020818f1f098 to 0x0000020818f1f274
Event: 266.416 Thread 0x000002086ad52b50 Exception <a 'java/lang/NoSuchMethodError'{0x00000000870c4fa8}: 'java.lang.Object java.lang.invoke.DirectMethodHandle$Holder.invokeStatic(java.lang.Object, java.lang.Object, java.lang.Object, java.lang.Object, long, java.lang.Object)'> (0x00000000870c4fa8) 
thrown [s\open\src\hotspot\share\interpreter\linkResolver.cpp, line 774]
Event: 266.417 Thread 0x000002086ad52b50 Exception <a 'java/lang/NoSuchMethodError'{0x00000000870cc398}: 'java.lang.Object java.lang.invoke.DirectMethodHandle$Holder.newInvokeSpecial(java.lang.Object, java.lang.Object, java.lang.Object, java.lang.Object, long)'> (0x00000000870cc398) 
thrown [s\open\src\hotspot\share\interpreter\linkResolver.cpp, line 774]
Event: 266.417 Thread 0x000002086ad52b50 Exception <a 'java/lang/NoSuchMethodError'{0x0000000086f02798}: 'java.lang.Object java.lang.invoke.DirectMethodHandle$Holder.invokeSpecial(java.lang.Object, java.lang.Object, java.lang.Object, java.lang.Object, java.lang.Object, long)'> (0x0000000086f02798) 
thrown [s\open\src\hotspot\share\interpreter\linkResolver.cpp, line 774]
Event: 266.418 Thread 0x000002086ad52b50 Exception <a 'java/lang/NoSuchMethodError'{0x0000000086f060f0}: 'java.lang.Object java.lang.invoke.Invokers$Holder.linkToTargetMethod(java.lang.Object, java.lang.Object, java.lang.Object, long, java.lang.Object)'> (0x0000000086f060f0) 
thrown [s\open\src\hotspot\share\interpreter\linkResolver.cpp, line 774]
Event: 266.504 Thread 0x0000020874df6e50 Exception <a 'java/lang/NoSuchMethodError'{0x0000000086e22b30}: 'java.lang.Object java.lang.invoke.DirectMethodHandle$Holder.invokeSpecial(java.lang.Object, java.lang.Object, java.lang.Object, java.lang.Object, java.lang.Object, java.lang.Object, int)'> (0x0000000086e22b30) 
thrown [s\open\src\hotspot\share\interpreter\linkResolver.cpp, line 774]
Event: 266.878 Thread 0x0000020874df6e50 Implicit null exception at 0x0000020819074ae3 to 0x0000020819074b75
Event: 266.895 Thread 0x0000020874df6e50 Exception <a 'java/lang/NoSuchMethodError'{0x0000000089fb6418}: 'java.lang.Object java.lang.invoke.DirectMethodHandle$Holder.newInvokeSpecial(java.lang.Object, java.lang.Object, java.lang.Object, java.lang.Object, int, java.lang.Object)'> (0x0000000089fb6418) 
thrown [s\open\src\hotspot\share\interpreter\linkResolver.cpp, line 774]
Event: 266.896 Thread 0x0000020874df6e50 Exception <a 'java/lang/NoSuchMethodError'{0x0000000089fbad00}: 'java.lang.Object java.lang.invoke.DirectMethodHandle$Holder.invokeSpecial(java.lang.Object, java.lang.Object, java.lang.Object, java.lang.Object, java.lang.Object, int, java.lang.Object)'> (0x0000000089fbad00) 
thrown [s\open\src\hotspot\share\interpreter\linkResolver.cpp, line 774]
Event: 266.896 Thread 0x0000020874df6e50 Exception <a 'java/lang/NoSuchMethodError'{0x0000000089fbebc0}: 'java.lang.Object java.lang.invoke.Invokers$Holder.linkToTargetMethod(java.lang.Object, java.lang.Object, java.lang.Object, int, java.lang.Object, java.lang.Object)'> (0x0000000089fbebc0) 
thrown [s\open\src\hotspot\share\interpreter\linkResolver.cpp, line 774]
Event: 267.353 Thread 0x0000020874df6e50 Exception <a 'java/lang/NoSuchMethodError'{0x00000000875d3ea0}: 'java.lang.Object java.lang.invoke.DirectMethodHandle$Holder.invokeStatic(java.lang.Object, int, int, java.lang.Object)'> (0x00000000875d3ea0) 
thrown [s\open\src\hotspot\share\interpreter\linkResolver.cpp, line 774]
Event: 267.489 Thread 0x0000020874df6e50 Exception <a 'java/lang/NoSuchMethodError'{0x000000008742f3c8}: 'java.lang.Object java.lang.invoke.DirectMethodHandle$Holder.invokeStatic(java.lang.Object, int, java.lang.Object)'> (0x000000008742f3c8) 
thrown [s\open\src\hotspot\share\interpreter\linkResolver.cpp, line 774]
Event: 268.545 Thread 0x000002086ad53870 Implicit null exception at 0x000002081916677e to 0x0000020819166850
Event: 275.698 Thread 0x000002087463d630 Exception <a 'java/lang/IncompatibleClassChangeError'{0x0000000088a8dca8}: Found class java.lang.Object, but interface was expected> (0x0000000088a8dca8) 
thrown [s\open\src\hotspot\share\interpreter\linkResolver.cpp, line 841]
Event: 275.722 Thread 0x000002087463d630 Exception <a 'java/lang/IncompatibleClassChangeError'{0x0000000088aa1f28}: Found class java.lang.Object, but interface was expected> (0x0000000088aa1f28) 
thrown [s\open\src\hotspot\share\interpreter\linkResolver.cpp, line 841]
Event: 275.724 Thread 0x000002087463d630 Exception <a 'java/lang/IncompatibleClassChangeError'{0x0000000088aa9fa8}: Found class java.lang.Object, but interface was expected> (0x0000000088aa9fa8) 
thrown [s\open\src\hotspot\share\interpreter\linkResolver.cpp, line 841]
Event: 289.810 Thread 0x000002086ad53870 Implicit null exception at 0x00000208191f849c to 0x00000208191feae0

ZGC Phase Switch (0 events):
No events

VM Operations (20 events):
Event: 291.773 Executing VM operation: Cleanup done
Event: 291.875 Executing VM operation: G1CollectForAllocation (G1 Evacuation Pause)
Event: 291.911 Executing VM operation: G1CollectForAllocation (G1 Evacuation Pause) done
Event: 292.754 Executing VM operation: G1PauseRemark
Event: 292.760 Executing VM operation: G1PauseRemark done
Event: 293.156 Executing VM operation: G1PauseCleanup
Event: 293.169 Executing VM operation: G1PauseCleanup done
Event: 294.102 Executing VM operation: G1CollectForAllocation (G1 Evacuation Pause)
Event: 294.150 Executing VM operation: G1CollectForAllocation (G1 Evacuation Pause) done
Event: 295.150 Executing VM operation: Cleanup
Event: 295.150 Executing VM operation: Cleanup done
Event: 295.469 Executing VM operation: G1CollectForAllocation (G1 Evacuation Pause)
Event: 295.536 Executing VM operation: G1CollectForAllocation (G1 Evacuation Pause) done
Event: 296.537 Executing VM operation: Cleanup
Event: 296.537 Executing VM operation: Cleanup done
Event: 297.008 Executing VM operation: G1CollectForAllocation (G1 Evacuation Pause)
Event: 297.085 Executing VM operation: G1CollectForAllocation (G1 Evacuation Pause) done
Event: 298.085 Executing VM operation: Cleanup
Event: 298.085 Executing VM operation: Cleanup done
Event: 298.340 Executing VM operation: G1PauseRemark

Memory protections (0 events):
No events

Nmethod flushes (20 events):
Event: 298.355 Thread 0x0000020824efaa50 flushing  nmethod 0x0000020811887490
Event: 298.355 Thread 0x0000020824efaa50 flushing  nmethod 0x00000208118af790
Event: 298.355 Thread 0x0000020824efaa50 flushing  nmethod 0x00000208118fdf90
Event: 298.355 Thread 0x0000020824efaa50 flushing  nmethod 0x0000020811b5ec10
Event: 298.355 Thread 0x0000020824efaa50 flushing  nmethod 0x0000020811d96590
Event: 298.355 Thread 0x0000020824efaa50 flushing  nmethod 0x0000020811d99b90
Event: 298.355 Thread 0x0000020824efaa50 flushing  nmethod 0x0000020811ec0190
Event: 298.355 Thread 0x0000020824efaa50 flushing  nmethod 0x0000020811ec3d90
Event: 298.355 Thread 0x0000020824efaa50 flushing  nmethod 0x00000208116bf010
Event: 298.355 Thread 0x0000020824efaa50 flushing  nmethod 0x0000020811898a90
Event: 298.355 Thread 0x0000020824efaa50 flushing  nmethod 0x000002081198aa10
Event: 298.355 Thread 0x0000020824efaa50 flushing  nmethod 0x0000020811c6d810
Event: 298.355 Thread 0x0000020824efaa50 flushing  nmethod 0x0000020811dd3490
Event: 298.355 Thread 0x0000020824efaa50 flushing  nmethod 0x0000020811dd8810
Event: 298.355 Thread 0x0000020824efaa50 flushing  nmethod 0x0000020811e80d90
Event: 298.355 Thread 0x0000020824efaa50 flushing  nmethod 0x0000020811f1f910
Event: 298.355 Thread 0x0000020824efaa50 flushing  nmethod 0x0000020811fb5e90
Event: 298.355 Thread 0x0000020824efaa50 flushing  nmethod 0x0000020811fb7a90
Event: 298.355 Thread 0x0000020824efaa50 flushing  nmethod 0x0000020811fc5390
Event: 298.355 Thread 0x0000020824efaa50 flushing  nmethod 0x0000020811fc7390

Events (20 events):
Event: 266.346 Thread 0x0000020874df6e50 Thread added: 0x000002086ad52b50
Event: 267.101 Thread 0x0000020824f22130 Thread added: 0x000002086b555050
Event: 267.358 Thread 0x000002086b555050 Thread exited: 0x000002086b555050
Event: 267.800 Thread 0x000002087463d630 Thread added: 0x000002086ad53870
Event: 268.101 Thread 0x0000020824f22130 Thread added: 0x0000020874e679e0
Event: 269.108 Thread 0x0000020874e679e0 Thread exited: 0x0000020874e679e0
Event: 270.238 Thread 0x0000020824f22130 Thread added: 0x000002086b6f36e0
Event: 275.563 Thread 0x000002086b6f36e0 Thread exited: 0x000002086b6f36e0
Event: 275.699 Thread 0x000002087463d630 Thread added: 0x000002086ad4f040
Event: 275.956 Thread 0x0000020824f22130 Thread added: 0x000002086b11c500
Event: 281.170 Thread 0x000002086b11c500 Thread exited: 0x000002086b11c500
Event: 284.343 Thread 0x0000020824f22130 Thread added: 0x000002086b0ed840
Event: 286.024 Thread 0x000002086b0ed840 Thread exited: 0x000002086b0ed840
Event: 288.983 Thread 0x0000020824f1ffe0 Thread added: 0x0000020874e871c0
Event: 289.957 Thread 0x0000020874e871c0 Thread exited: 0x0000020874e871c0
Event: 290.467 Thread 0x0000020824f22130 Thread added: 0x000002086b11c500
Event: 292.773 Thread 0x000002086b11c500 Thread exited: 0x000002086b11c500
Event: 294.820 Thread 0x0000020824f22130 Thread added: 0x000002086b11c500
Event: 295.598 Thread 0x000002086b11c500 Thread exited: 0x000002086b11c500
Event: 298.336 Thread 0x0000020824f1ffe0 Thread added: 0x000002086b6f3020


Dynamic libraries:
0x00007ff6baa20000 - 0x00007ff6baa2e000 	C:\Program Files\OpenJDK\jdk-22.0.2\bin\java.exe
0x00007ffdf0370000 - 0x00007ffdf0568000 	C:\WINDOWS\SYSTEM32\ntdll.dll
0x00007ffdeec80000 - 0x00007ffdeed42000 	C:\WINDOWS\System32\KERNEL32.DLL
0x00007ffdedcc0000 - 0x00007ffdedfb6000 	C:\WINDOWS\System32\KERNELBASE.dll
0x00007ffdee010000 - 0x00007ffdee110000 	C:\WINDOWS\System32\ucrtbase.dll
0x00007ffde98f0000 - 0x00007ffde9907000 	C:\Program Files\OpenJDK\jdk-22.0.2\bin\jli.dll
0x00007ffdefed0000 - 0x00007ffdf006d000 	C:\WINDOWS\System32\USER32.dll
0x00007ffdee190000 - 0x00007ffdee1b2000 	C:\WINDOWS\System32\win32u.dll
0x00007ffdee610000 - 0x00007ffdee63b000 	C:\WINDOWS\System32\GDI32.dll
0x00007ffdee270000 - 0x00007ffdee389000 	C:\WINDOWS\System32\gdi32full.dll
0x00007ffdeda30000 - 0x00007ffdedacd000 	C:\WINDOWS\System32\msvcp_win.dll
0x00007ffde5ff0000 - 0x00007ffde600b000 	C:\Program Files\OpenJDK\jdk-22.0.2\bin\VCRUNTIME140.dll
0x00007ffdddc70000 - 0x00007ffdddf0a000 	C:\WINDOWS\WinSxS\amd64_microsoft.windows.common-controls_6595b64144ccf1df_6.0.19041.5915_none_60b4b9d171f9c7c7\COMCTL32.dll
0x00007ffdf00a0000 - 0x00007ffdf013e000 	C:\WINDOWS\System32\msvcrt.dll
0x00007ffdf0070000 - 0x00007ffdf009f000 	C:\WINDOWS\System32\IMM32.DLL
0x00007ffde5fe0000 - 0x00007ffde5fec000 	C:\Program Files\OpenJDK\jdk-22.0.2\bin\vcruntime140_1.dll
0x00007ffda75d0000 - 0x00007ffda765e000 	C:\Program Files\OpenJDK\jdk-22.0.2\bin\msvcp140.dll
0x00007ffd8bd80000 - 0x00007ffd8cac9000 	C:\Program Files\OpenJDK\jdk-22.0.2\bin\server\jvm.dll
0x00007ffdef920000 - 0x00007ffdef9d1000 	C:\WINDOWS\System32\ADVAPI32.dll
0x00007ffdeee10000 - 0x00007ffdeeeaf000 	C:\WINDOWS\System32\sechost.dll
0x00007ffdeeb40000 - 0x00007ffdeec63000 	C:\WINDOWS\System32\RPCRT4.dll
0x00007ffdeda00000 - 0x00007ffdeda27000 	C:\WINDOWS\System32\bcrypt.dll
0x00007ffdf0260000 - 0x00007ffdf02cb000 	C:\WINDOWS\System32\WS2_32.dll
0x00007ffdecf40000 - 0x00007ffdecf8b000 	C:\WINDOWS\SYSTEM32\POWRPROF.dll
0x00007ffdde1d0000 - 0x00007ffdde1f7000 	C:\WINDOWS\SYSTEM32\WINMM.dll
0x00007ffde3990000 - 0x00007ffde399a000 	C:\WINDOWS\SYSTEM32\VERSION.dll
0x00007ffdece00000 - 0x00007ffdece12000 	C:\WINDOWS\SYSTEM32\UMPDC.dll
0x00007ffdeb7a0000 - 0x00007ffdeb7b2000 	C:\WINDOWS\SYSTEM32\kernel.appcore.dll
0x00007ffdd5730000 - 0x00007ffdd573a000 	C:\Program Files\OpenJDK\jdk-22.0.2\bin\jimage.dll
0x00007ffdddfc0000 - 0x00007ffdde1c1000 	C:\WINDOWS\SYSTEM32\DBGHELP.DLL
0x00007ffdd7310000 - 0x00007ffdd7344000 	C:\WINDOWS\SYSTEM32\dbgcore.DLL
0x00007ffdedc30000 - 0x00007ffdedcb2000 	C:\WINDOWS\System32\bcryptPrimitives.dll
0x00007ffdc9ce0000 - 0x00007ffdc9cfe000 	C:\Program Files\OpenJDK\jdk-22.0.2\bin\java.dll
0x00007ffdef1b0000 - 0x00007ffdef91e000 	C:\WINDOWS\System32\SHELL32.dll
0x00007ffdeeeb0000 - 0x00007ffdeefdb000 	C:\WINDOWS\System32\ole32.dll
0x00007ffdee7e0000 - 0x00007ffdeeb33000 	C:\WINDOWS\System32\combase.dll
0x00007ffdeba80000 - 0x00007ffdec224000 	C:\WINDOWS\SYSTEM32\windows.storage.dll
0x00007ffded430000 - 0x00007ffded45b000 	C:\WINDOWS\SYSTEM32\Wldp.dll
0x00007ffdee400000 - 0x00007ffdee4cd000 	C:\WINDOWS\System32\OLEAUT32.dll
0x00007ffdeed50000 - 0x00007ffdeedfd000 	C:\WINDOWS\System32\SHCORE.dll
0x00007ffdee4d0000 - 0x00007ffdee52b000 	C:\WINDOWS\System32\shlwapi.dll
0x00007ffded930000 - 0x00007ffded954000 	C:\WINDOWS\SYSTEM32\profapi.dll
0x00007ffda74f0000 - 0x00007ffda75c7000 	C:\Program Files\OpenJDK\jdk-22.0.2\bin\jsvml.dll
0x00007ffdd56c0000 - 0x00007ffdd56d0000 	C:\Program Files\OpenJDK\jdk-22.0.2\bin\net.dll
0x00007ffded190000 - 0x00007ffded1fa000 	C:\WINDOWS\system32\mswsock.dll
0x00007ffdc9710000 - 0x00007ffdc9726000 	C:\Program Files\OpenJDK\jdk-22.0.2\bin\nio.dll
0x00007ffdc96b0000 - 0x00007ffdc96c7000 	C:\Program Files\OpenJDK\jdk-22.0.2\bin\zip.dll
0x00007ffded380000 - 0x00007ffded398000 	C:\WINDOWS\SYSTEM32\CRYPTSP.dll
0x00007ffdeca40000 - 0x00007ffdeca78000 	C:\WINDOWS\system32\rsaenh.dll
0x00007ffded8f0000 - 0x00007ffded91e000 	C:\WINDOWS\SYSTEM32\USERENV.dll
0x00007ffded3a0000 - 0x00007ffded3ac000 	C:\WINDOWS\SYSTEM32\CRYPTBASE.dll
0x00007ffdece20000 - 0x00007ffdece5b000 	C:\WINDOWS\SYSTEM32\IPHLPAPI.DLL
0x00007ffdee390000 - 0x00007ffdee398000 	C:\WINDOWS\System32\NSI.dll
0x00007ffddcb80000 - 0x00007ffddcb90000 	C:\Program Files\OpenJDK\jdk-22.0.2\bin\verify.dll
0x00007ffda76c0000 - 0x00007ffda77a9000 	C:\Users\AJ\AppData\Local\Temp\sqlite-3.41.2.1-18326e5c-e1c3-448b-8fdb-851d7199f538-sqlitejdbc.dll

dbghelp: loaded successfully - version: 4.0.5 - missing functions: none
symbol engine: initialized successfully - sym options: 0x614 - pdb path: .;C:\Program Files\OpenJDK\jdk-22.0.2\bin;C:\WINDOWS\SYSTEM32;C:\WINDOWS\WinSxS\amd64_microsoft.windows.common-controls_6595b64144ccf1df_6.0.19041.5915_none_60b4b9d171f9c7c7;C:\Program Files\OpenJDK\jdk-22.0.2\bin\server;C:\Users\AJ\AppData\Local\Temp

VM Arguments:
jvm_args: -DkotlinLanguageServer.version=1.3.13 
java_command: org.javacs.kt.MainKt
java_class_path (initial): c:\Users\AJ\AppData\Roaming\Code\User\globalStorage\fwcd.kotlin\langServerInstall\server\lib\server-1.3.13.jar;c:\Users\AJ\AppData\Roaming\Code\User\globalStorage\fwcd.kotlin\langServerInstall\server\lib\shared-1.3.13.jar;c:\Users\AJ\AppData\Roaming\Code\User\globalStorage\fwcd.kotlin\langServerInstall\server\lib\kotlin-scripting-jvm-host-unshaded-2.1.0.jar;c:\Users\AJ\AppData\Roaming\Code\User\globalStorage\fwcd.kotlin\langServerInstall\server\lib\kotlin-scripting-compiler-2.1.0.jar;c:\Users\AJ\AppData\Roaming\Code\User\globalStorage\fwcd.kotlin\langServerInstall\server\lib\ktfmt-b5d31d1.jar;c:\Users\AJ\AppData\Roaming\Code\User\globalStorage\fwcd.kotlin\langServerInstall\server\lib\kotlin-compiler-2.1.0.jar;c:\Users\AJ\AppData\Roaming\Code\User\globalStorage\fwcd.kotlin\langServerInstall\server\lib\exposed-dao-0.37.3.jar;c:\Users\AJ\AppData\Roaming\Code\User\globalStorage\fwcd.kotlin\langServerInstall\server\lib\exposed-jdbc-0.37.3.jar;c:\Users\AJ\AppData\Roaming\Code\User\globalStorage\fwcd.kotlin\langServerInstall\server\lib\exposed-core-0.37.3.jar;c:\Users\AJ\AppData\Roaming\Code\User\globalStorage\fwcd.kotlin\langServerInstall\server\lib\kotlin-scripting-compiler-impl-2.1.0.jar;c:\Users\AJ\AppData\Roaming\Code\User\globalStorage\fwcd.kotlin\langServerInstall\server\lib\kotlin-reflect-2.1.0.jar;c:\Users\AJ\AppData\Roaming\Code\User\globalStorage\fwcd.kotlin\langServerInstall\server\lib\kotlin-scripting-jvm-2.1.0.jar;c:\Users\AJ\AppData\Roaming\Code\User\globalStorage\fwcd.kotlin\langServerInstall\server\lib\kotlin-scripting-common-2.1.0.jar;c:\Users\AJ\AppData\Roaming\Code\User\globalStorage\fwcd.kotlin\langServerInstall\server\lib\kotlinx-coroutines-core-jvm-1.6.4.jar;c:\Users\AJ\AppData\Roaming\Code\User\globalStorage\fwcd.kotlin\langServerInstall\server\lib\kotlin-stdlib-jdk8-2.1.0.jar;c:\Users\AJ\AppData\Roaming\Code\User\globalStorage\fwcd.kotlin\langServerInstall\server\lib\kotlin-stdlib-jdk7-2.1.0.jar;c:\Users\AJ\AppData\Roaming\Code\User\globalStorage\fwcd.kotlin\langServerInstall\server\lib\kotlin-stdlib-2.1.0.jar;c:\Users\AJ\AppData\Roaming\Code\User\globalStorage\fwcd.kotlin\langServerInstall\server\lib\org.eclipse.lsp4j-0.21.2.jar;c:\Users\AJ\AppData\Roaming\Code\User\globalStorage\fwcd.kotlin\langServerInstall\server\lib\org.eclipse.lsp4j.jsonrpc-0.21.2.jar;c:\Users\AJ\AppData\Roaming\Code\User\globalStorage\fwcd.kotlin\langServerInstall\server\lib\kotlin-sam-with-receiver-compiler-plugin-2.1.0.jar;c:\Users\AJ\AppData\Roaming\Code\User\globalStorage\fwcd.kotlin\langServerInstall\server\lib\fernflower-1.0.jar;c:\Users\AJ\AppData\Roaming\Code\User\globalStorage\fwcd.kotlin\langServerInstall\server\lib\h2-1.4.200.jar;c:\Users\AJ\AppData\Roaming\Code\User\globalStorage\fwcd.kotlin\langServerInstall\server\lib\jcommander-1.78.jar;c:\Users\AJ\AppData\Roaming\Code\User\globalStorage\fwcd.kotlin\langServerInstall\server\lib\sqlite-jdbc-3.41.2.1.jar;c:\Users\AJ\AppData\Roaming\Code\User\globalStorage\fwcd.kotlin\langServerInstall\server\lib\google-java-format-1.8.jar;c:\Users\AJ\AppData\Roaming\Code\User\globalStorage\fwcd.kotlin\langServerInstall\server\lib\guava-33.3.0-jre.jar;c:\Users\AJ\AppData\Roaming\Code\User\globalStorage\fwcd.kotlin\langServerInstall\server\lib\annotations-13.0.jar;c:\Users\AJ\AppData\Roaming\Code\User\globalStorage\fwcd.kotlin\langServerInstall\server\lib\gson-2.10.1.jar;c:\Users\AJ\AppData\Roaming\Code\User\globalStorage\fwcd.kotlin\langServerInstall\server\lib\kotlin-script-runtime-2.1.0.jar;c:\Users\AJ\AppData\Roaming\Code\User\globalStorage\fwcd.kotlin\langServerInstall\server\lib\trove4j-1.0.20200330.jar;c:\Users\AJ\AppData\Roaming\Code\User\globalStorage\fwcd.kotlin\langServerInstall\server\lib\jline-3.24.1.jar;c:\Users\AJ\AppData\Roaming\Code\User\globalStorage\fwcd.kotlin\langServerInstall\server\lib\slf4j-api-1.7.25.jar;c:\Users\AJ\AppData\Roaming\Code\User\globalStorage\fwcd.kotlin\langServerInstall\server\lib\jna-4.2.2.jar;c:\Users\AJ\AppData\Roaming\Code\User\globalStorage\fwcd.kotlin\langServerInstall\server\lib\failureaccess-1.0.2.jar;c:\Users\AJ\AppData\Roaming\Code\User\globalStorage\fwcd.kotlin\langServerInstall\server\lib\listenablefuture-9999.0-empty-to-avoid-conflict-with-guava.jar;c:\Users\AJ\AppData\Roaming\Code\User\globalStorage\fwcd.kotlin\langServerInstall\server\lib\jsr305-3.0.2.jar;c:\Users\AJ\AppData\Roaming\Code\User\globalStorage\fwcd.kotlin\langServerInstall\server\lib\checker-qual-3.43.0.jar;c:\Users\AJ\AppData\Roaming\Code\User\globalStorage\fwcd.kotlin\langServerInstall\server\lib\error_prone_annotations-2.28.0.jar
Launcher Type: SUN_STANDARD

[Global flags]
     intx CICompilerCount                          = 3                                         {product} {ergonomic}
     uint ConcGCThreads                            = 1                                         {product} {ergonomic}
     uint G1ConcRefinementThreads                  = 4                                         {product} {ergonomic}
   size_t G1HeapRegionSize                         = 1048576                                   {product} {ergonomic}
   size_t InitialHeapSize                          = 130023424                                 {product} {ergonomic}
   size_t MarkStackSize                            = 4194304                                   {product} {ergonomic}
   size_t MaxHeapSize                              = 2065694720                                {product} {ergonomic}
   size_t MaxNewSize                               = 1239416832                                {product} {ergonomic}
   size_t MinHeapDeltaBytes                        = 1048576                                   {product} {ergonomic}
   size_t MinHeapSize                              = 8388608                                   {product} {ergonomic}
    uintx NonNMethodCodeHeapSize                   = 5832780                                {pd product} {ergonomic}
    uintx NonProfiledCodeHeapSize                  = 122912730                              {pd product} {ergonomic}
    uintx ProfiledCodeHeapSize                     = 122912730                              {pd product} {ergonomic}
    uintx ReservedCodeCacheSize                    = 251658240                              {pd product} {ergonomic}
     bool SegmentedCodeCache                       = true                                      {product} {ergonomic}
   size_t SoftMaxHeapSize                          = 2065694720                             {manageable} {ergonomic}
     bool UseCompressedOops                        = true                           {product lp64_product} {ergonomic}
     bool UseG1GC                                  = true                                      {product} {ergonomic}
     bool UseLargePagesIndividualAllocation        = false                                  {pd product} {ergonomic}

Logging:
Log output configuration:
 #0: stdout all=warning uptime,level,tags foldmultilines=false
 #1: stderr all=off uptime,level,tags foldmultilines=false

Environment Variables:
JAVA_HOME=C:\Program Files\OpenJDK\jdk-22.0.2
CLASSPATH=c:\Users\AJ\AppData\Roaming\Code\User\globalStorage\fwcd.kotlin\langServerInstall\server\lib\server-1.3.13.jar;c:\Users\AJ\AppData\Roaming\Code\User\globalStorage\fwcd.kotlin\langServerInstall\server\lib\shared-1.3.13.jar;c:\Users\AJ\AppData\Roaming\Code\User\globalStorage\fwcd.kotlin\langServerInstall\server\lib\kotlin-scripting-jvm-host-unshaded-2.1.0.jar;c:\Users\AJ\AppData\Roaming\Code\User\globalStorage\fwcd.kotlin\langServerInstall\server\lib\kotlin-scripting-compiler-2.1.0.jar;c:\Users\AJ\AppData\Roaming\Code\User\globalStorage\fwcd.kotlin\langServerInstall\server\lib\ktfmt-b5d31d1.jar;c:\Users\AJ\AppData\Roaming\Code\User\globalStorage\fwcd.kotlin\langServerInstall\server\lib\kotlin-compiler-2.1.0.jar;c:\Users\AJ\AppData\Roaming\Code\User\globalStorage\fwcd.kotlin\langServerInstall\server\lib\exposed-dao-0.37.3.jar;c:\Users\AJ\AppData\Roaming\Code\User\globalStorage\fwcd.kotlin\langServerInstall\server\lib\exposed-jdbc-0.37.3.jar;c:\Users\AJ\AppData\Roaming\Code\User\globalStorage\fwcd.kotlin\langServerInstall\server\lib\exposed-core-0.37.3.jar;c:\Users\AJ\AppData\Roaming\Code\User\globalStorage\fwcd.kotlin\langServerInstall\server\lib\kotlin-scripting-compiler-impl-2.1.0.jar;c:\Users\AJ\AppData\Roaming\Code\User\globalStorage\fwcd.kotlin\langServerInstall\server\lib\kotlin-reflect-2.1.0.jar;c:\Users\AJ\AppData\Roaming\Code\User\globalStorage\fwcd.kotlin\langServerInstall\server\lib\kotlin-scripting-jvm-2.1.0.jar;c:\Users\AJ\AppData\Roaming\Code\User\globalStorage\fwcd.kotlin\langServerInstall\server\lib\kotlin-scripting-common-2.1.0.jar;c:\Users\AJ\AppData\Roaming\Code\User\globalStorage\fwcd.kotlin\langServerInstall\server\lib\kotlinx-coroutines-core-jvm-1.6.4.jar;c:\Users\AJ\AppData\Roaming\Code\User\globalStorage\fwcd.kotlin\langServerInstall\server\lib\kotlin-stdlib-jdk8-2.1.0.jar;c:\Users\AJ\AppData\Roaming\Code\User\globalStorage\fwcd.kotlin\langServerInstall\server\lib\kotlin-stdlib-jdk7-2.1.0.jar;c:\Users\AJ\AppData\Roaming\Code\User\globalStorage\fwcd.kotlin\langServerInstall\server\lib\kotlin-stdlib-2.1.0.jar;c:\Users\AJ\AppData\Roaming\Code\User\globalStorage\fwcd.kotlin\langServerInstall\server\lib\org.eclipse.lsp4j-0.21.2.jar;c:\Users\AJ\AppData\Roaming\Code\User\globalStorage\fwcd.kotlin\langServerInstall\server\lib\org.eclipse.lsp4j.jsonrpc-0.21.2.jar;c:\Users\AJ\AppData\Roaming\Code\User\globalStorage\fwcd.kotlin\langServerInstall\server\lib\kotlin-sam-with-receiver-compiler-plugin-2.1.0.jar;c:\Users\AJ\AppData\Roaming\Code\User\globalStorage\fwcd.kotlin\langServerInstall\server\lib\fernflower-1.0.jar;c:\Users\AJ\AppData\Roaming\Code\User\globalStorage\fwcd.kotlin\langServerInstall\server\lib\h2-1.4.200.jar;c:\Users\AJ\AppData\Roaming\Code\User\globalStorage\fwcd.kotlin\langServerInstall\server\lib\jcommander-1.78.jar;c:\Users\AJ\AppData\Roaming\Code\User\globalStorage\fwcd.kotlin\langServerInstall\server\lib\sqlite-jdbc-3.41.2.1.jar;c:\Users\AJ\AppData\Roaming\Code\User\globalStorage\fwcd.kotlin\langServerInstall\server\lib\google-java-format-1.8.jar;c:\Users\AJ\AppData\Roaming\Code\User\globalStorage\fwcd.kotlin\langServerInstall\server\lib\guava-33.3.0-jre.jar;c:\Users\AJ\AppData\Roaming\Code\User\globalStorage\fwcd.kotlin\langServerInstall\server\lib\annotations-13.0.jar;c:\Users\AJ\AppData\Roaming\Code\User\globalStorage\fwcd.kotlin\langServerInstall\server\lib\gson-2.10.1.jar;c:\Users\AJ\AppData\Roaming\Code\User\globalStorage\fwcd.kotlin\langServerInstall\server\lib\kotlin-script-runtime-2.1.0.jar;c:\Users\AJ\AppData\Roaming\Code\User\globalStorage\fwcd.kotlin\langServerInstall\server\lib\trove4j-1.0.20200330.jar;c:\Users\AJ\AppData\Roaming\Code\User\globalStorage\fwcd.kotlin\langServerInstall\server\lib\jline-3.24.1.jar;c:\Users\AJ\AppData\Roaming\Code\User\globalStorage\fwcd.kotlin\langServerInstall\server\lib\slf4j-api-1.7.25.jar;c:\Users\AJ\AppData\Roaming\Code\User\globalStorage\fwcd.kotlin\langServerInstall\server\lib\jna-4.2.2.jar;c:\Users\AJ\AppData\Roaming\Code\User\globalStorage\fwcd.kotlin\langServerInstall\server\lib\failureaccess-1.0.2.jar;c:\Users\AJ\AppData\Roaming\Code\User\globalStorage\fwcd.kotlin\langServerInstall\server\lib\listenablefuture-9999.0-empty-to-avoid-conflict-with-guava.jar;c:\Users\AJ\AppData\Roaming\Code\User\globalStorage\fwcd.kotlin\langServerInstall\server\lib\jsr305-3.0.2.jar;c:\Users\AJ\AppData\Roaming\Code\User\globalStorage\fwcd.kotlin\langServerInstall\server\lib\checker-qual-3.43.0.jar;c:\Users\AJ\AppData\Roaming\Code\User\globalStorage\fwcd.kotlin\langServerInstall\server\lib\error_prone_annotations-2.28.0.jar
PATH=C:\Program Files\Common Files\Oracle\Java\javapath;C:\Program Files (x86)\OpenLogic\jre-8.0.382.05-hotspot\bin;C:\Program Files\Microsoft\jdk-11.0.18.10-hotspot\bin;C:\ProgramData\chocolatey\bin;C:\Users\AJ\AppData\Local\Android\Sdk\platform-tools;C:\WINDOWS\system32;C:\WINDOWS;C:\WINDOWS\System32\Wbem;C:\WINDOWS\System32\WindowsPowerShell\v1.0\;C:\WINDOWS\System32\OpenSSH\;C:\Users\AJ\AppData\Local\Programs\Python\Python312\;C:\Users\AJ\AppData\Local\Programs\Python\Python312\Scripts\;C:\Program Files\Git\cmd;C:\Program Files\Git\bin;C:\Program Files (x86)\Microsoft SQL Server\160\Tools\Binn\;C:\Program Files\Microsoft SQL Server\160\Tools\Binn\;C:\Program Files\Microsoft SQL Server\Client SDK\ODBC\170\Tools\Binn\;C:\Program Files\Microsoft SQL Server\160\DTS\Binn\;C:\Program Files\nodejs\;C:\Program Files (x86)\Microsoft SQL Server\160\DTS\Binn\;C:\Program Files\OpenJDK\jdk-22.0.2\bin;C:\Program Files (x86)\dotnet\;C:\Users\AJ\AppData\Local\Programs\Python\Python313\Scripts\;C:\Users\AJ\AppData\Local\Programs\Python\Python313\;C:\Users\AJ\AppData\Local\Programs\Python\Launcher\;C:\Users\AJ\AppData\Local\Microsoft\WindowsApps;C:\Users\AJ\AppData\Local\Programs\Microsoft VS Code\bin;C:\Users\AJ\AppData\Local\JetBrains\IntelliJ IDEA 2024.1.3\bin;C:\Users\AJ\AppData\Roaming\npm;C:\Users\AJ\AppData\Local\Programs\cursor\resources\app\bin
USERNAME=AJ
OS=Windows_NT
PROCESSOR_IDENTIFIER=Intel64 Family 6 Model 69 Stepping 1, GenuineIntel
TMP=C:\Users\AJ\AppData\Local\Temp
TEMP=C:\Users\AJ\AppData\Local\Temp




Periodic native trim disabled

---------------  S Y S T E M  ---------------

OS:
 Windows 10 , 64 bit Build 19041 (10.0.19041.5915)
OS uptime: 0 days 0:59 hours

CPU: total 4 (initial active 4) (2 cores per cpu, 2 threads per core) family 6 model 69 stepping 1 microcode 0x25, cx8, cmov, fxsr, ht, mmx, sse, sse2, sse3, ssse3, sse4.1, sse4.2, popcnt, lzcnt, tsc, tscinvbit, avx, avx2, aes, erms, clmul, bmi1, bmi2, fma, vzeroupper, clflush, rdtscp, f16c
Processor Information for all 4 processors :
  Max Mhz: 2494, Current Mhz: 1895, Mhz Limit: 1895

Memory: 4k page, system-wide physical 7878M (443M free)
TotalPageFile size 12841M (AvailPageFile size 28M)
current process WorkingSet (physical memory assigned to process): 529M, peak: 529M
current process commit charge ("private bytes"): 503M, peak: 537M

vm_info: OpenJDK 64-Bit Server VM (22.0.2+9-70) for windows-amd64 JRE (22.0.2+9-70), built on 2024-06-04T16:52:23Z by "mach5one" with MS VC++ 17.6 (VS2022)

END.
