#
# There is insufficient memory for the Java Runtime Environment to continue.
# Native memory allocation (malloc) failed to allocate 1048576 bytes. Error detail: AllocateHeap
# Possible reasons:
#   The system is out of physical RAM or swap space
#   This process is running with CompressedOops enabled, and the Java Heap may be blocking the growth of the native heap
# Possible solutions:
#   Reduce memory load on the system
#   Increase physical memory or swap space
#   Check if swap backing store is full
#   Decrease Java heap size (-Xmx/-Xms)
#   Decrease number of Java threads
#   Decrease Java thread stack sizes (-Xss)
#   Set larger code cache with -XX:ReservedCodeCacheSize=
#   JVM is running with Unscaled Compressed Oops mode in which the Java heap is
#     placed in the first 4GB address space. The Java Heap base address is the
#     maximum limit for the native heap growth. Please use -XX:HeapBaseMinAddress
#     to set the Java Heap base and to place the Java Heap above 4GB virtual address.
# This output file may be truncated or incomplete.
#
#  Out of Memory Error (allocation.cpp:44), pid=7440, tid=1604
#
# JRE version: OpenJDK Runtime Environment Temurin-21.0.8+9 (21.0.8+9) (build 21.0.8+9-LTS)
# Java VM: OpenJDK 64-Bit Server VM Temurin-21.0.8+9 (21.0.8+9-LTS, mixed mode, sharing, tiered, compressed oops, compressed class ptrs, parallel gc, windows-amd64)
# No core dump will be written. Minidumps are not enabled by default on client versions of Windows
#

---------------  S U M M A R Y ------------

Command Line: --add-modules=ALL-SYSTEM --add-opens=java.base/java.util=ALL-UNNAMED --add-opens=java.base/java.lang=ALL-UNNAMED --add-opens=java.base/sun.nio.fs=ALL-UNNAMED -Declipse.application=org.eclipse.jdt.ls.core.id1 -Dosgi.bundles.defaultStartLevel=4 -Declipse.product=org.eclipse.jdt.ls.core.product -Djava.import.generatesMetadataFilesAtProjectRoot=false -DDetectVMInstallationsJob.disabled=true -Dfile.encoding=utf8 -XX:+UseParallelGC -XX:GCTimeRatio=4 -XX:AdaptiveSizePolicyWeight=90 -Dsun.zip.disableMemoryMapping=true -Xmx2G -Xms100m -Xlog:disable -javaagent:c:\Users\AJ\.vscode\extensions\redhat.java-1.44.0-win32-x64\lombok\lombok-1.18.39-4050.jar -XX:+HeapDumpOnOutOfMemoryError -XX:HeapDumpPath=c:\Users\AJ\AppData\Roaming\Code\User\workspaceStorage\42d3df7c00ac9b0f7d13d418ec405ff2\redhat.java -Daether.dependencyCollector.impl=bf c:\Users\AJ\.vscode\extensions\redhat.java-1.44.0-win32-x64\server\plugins\org.eclipse.equinox.launcher_1.7.0.v20250519-0528.jar -configuration c:\Users\AJ\AppData\Roaming\Code\User\globalStorage\redhat.java\1.44.0\config_win -data c:\Users\AJ\AppData\Roaming\Code\User\workspaceStorage\42d3df7c00ac9b0f7d13d418ec405ff2\redhat.java\jdt_ws --pipe=\\.\pipe\lsp-75242b67b935d528ccbbaf8439ee10af-sock

Host: Intel(R) Core(TM) i5-4300U CPU @ 1.90GHz, 4 cores, 7G,  Windows 10 , 64 bit Build 19041 (10.0.19041.5915)
Time: Sun Aug  3 01:22:36 2025 Pakistan Standard Time elapsed time: 5472.150698 seconds (0d 1h 31m 12s)

---------------  T H R E A D  ---------------

Current thread (0x000001d435d923c0):  JavaThread "Attach Listener" daemon [_thread_in_vm, id=1604, stack(0x0000007015c00000,0x0000007015d00000) (1024K)]

Stack: [0x0000007015c00000,0x0000007015d00000]
Native frames: (J=compiled Java code, j=interpreted, Vv=VM code, C=native code)
V  [jvm.dll+0x6d2449]
V  [jvm.dll+0x8ae341]
V  [jvm.dll+0x8b08be]
V  [jvm.dll+0x8b0fa3]
V  [jvm.dll+0x280c96]
V  [jvm.dll+0xc0347]
V  [jvm.dll+0x6d2cf9]
V  [jvm.dll+0x131116]
V  [jvm.dll+0x3f2d16]
V  [jvm.dll+0x857e6b]
V  [jvm.dll+0x6d0b0d]
C  [ucrtbase.dll+0x21bb2]
C  [KERNEL32.DLL+0x17374]
C  [ntdll.dll+0x4cc91]


---------------  P R O C E S S  ---------------

Threads class SMR info:
_java_thread_list=0x000001d4979622a0, length=31, elements={
0x000001d435ea1fa0, 0x000001d435d8b6a0, 0x000001d435d8ef10, 0x000001d435d914b0,
0x000001d435d923c0, 0x000001d435d96090, 0x000001d435d96ae0, 0x000001d435d97910,
0x000001d435e0a220, 0x000001d435f0dc20, 0x000001d48e5e1970, 0x000001d4936760c0,
0x000001d48e7b7560, 0x000001d48e625250, 0x000001d48e6258b0, 0x000001d4935fd030,
0x000001d4936312c0, 0x000001d48e67f7d0, 0x000001d48e681210, 0x000001d48e67fe60,
0x000001d48e6818a0, 0x000001d494191bb0, 0x000001d4941935f0, 0x000001d494190e90,
0x000001d494192240, 0x000001d494190170, 0x000001d494191520, 0x000001d4941928d0,
0x000001d49774f210, 0x000001d497752000, 0x000001d4977505c0
}

Java Threads: ( => current thread )
  0x000001d435ea1fa0 JavaThread "main"                              [_thread_blocked, id=5028, stack(0x0000007015500000,0x0000007015600000) (1024K)]
  0x000001d435d8b6a0 JavaThread "Reference Handler"          daemon [_thread_blocked, id=10064, stack(0x0000007015900000,0x0000007015a00000) (1024K)]
  0x000001d435d8ef10 JavaThread "Finalizer"                  daemon [_thread_blocked, id=3920, stack(0x0000007015a00000,0x0000007015b00000) (1024K)]
  0x000001d435d914b0 JavaThread "Signal Dispatcher"          daemon [_thread_blocked, id=5040, stack(0x0000007015b00000,0x0000007015c00000) (1024K)]
=>0x000001d435d923c0 JavaThread "Attach Listener"            daemon [_thread_in_vm, id=1604, stack(0x0000007015c00000,0x0000007015d00000) (1024K)]
  0x000001d435d96090 JavaThread "Service Thread"             daemon [_thread_blocked, id=12188, stack(0x0000007015d00000,0x0000007015e00000) (1024K)]
  0x000001d435d96ae0 JavaThread "Monitor Deflation Thread"   daemon [_thread_blocked, id=5564, stack(0x0000007015e00000,0x0000007015f00000) (1024K)]
  0x000001d435d97910 JavaThread "C2 CompilerThread0"         daemon [_thread_blocked, id=5796, stack(0x0000007015f00000,0x0000007016000000) (1024K)]
  0x000001d435e0a220 JavaThread "C1 CompilerThread0"         daemon [_thread_blocked, id=1184, stack(0x0000007016000000,0x0000007016100000) (1024K)]
  0x000001d435f0dc20 JavaThread "Common-Cleaner"             daemon [_thread_blocked, id=11732, stack(0x0000007016100000,0x0000007016200000) (1024K)]
  0x000001d48e5e1970 JavaThread "Notification Thread"        daemon [_thread_blocked, id=3976, stack(0x0000007016200000,0x0000007016300000) (1024K)]
  0x000001d4936760c0 JavaThread "Active Thread: Equinox Container: 8f397f07-83cd-4bb9-a938-a66c52008bdf"        [_thread_blocked, id=4328, stack(0x0000007016700000,0x0000007016800000) (1024K)]
  0x000001d48e7b7560 JavaThread "Refresh Thread: Equinox Container: 8f397f07-83cd-4bb9-a938-a66c52008bdf" daemon [_thread_blocked, id=3168, stack(0x0000007016600000,0x0000007016700000) (1024K)]
  0x000001d48e625250 JavaThread "Framework Event Dispatcher: Equinox Container: 8f397f07-83cd-4bb9-a938-a66c52008bdf" daemon [_thread_blocked, id=3336, stack(0x0000007016800000,0x0000007016900000) (1024K)]
  0x000001d48e6258b0 JavaThread "Start Level: Equinox Container: 8f397f07-83cd-4bb9-a938-a66c52008bdf" daemon [_thread_blocked, id=3404, stack(0x0000007016900000,0x0000007016a00000) (1024K)]
  0x000001d4935fd030 JavaThread "Bundle File Closer"         daemon [_thread_blocked, id=7676, stack(0x0000007016a00000,0x0000007016b00000) (1024K)]
  0x000001d4936312c0 JavaThread "SCR Component Actor"        daemon [_thread_blocked, id=3100, stack(0x0000007016b00000,0x0000007016c00000) (1024K)]
  0x000001d48e67f7d0 JavaThread "Worker-JM"                         [_thread_blocked, id=8912, stack(0x0000007016d00000,0x0000007016e00000) (1024K)]
  0x000001d48e681210 JavaThread "JNA Cleaner"                daemon [_thread_blocked, id=8360, stack(0x0000007016e00000,0x0000007016f00000) (1024K)]
  0x000001d48e67fe60 JavaThread "Worker-0"                          [_thread_blocked, id=3844, stack(0x0000007016f00000,0x0000007017000000) (1024K)]
  0x000001d48e6818a0 JavaThread "Worker-1"                          [_thread_blocked, id=3504, stack(0x0000007016c00000,0x0000007016d00000) (1024K)]
  0x000001d494191bb0 JavaThread "Java indexing"              daemon [_thread_blocked, id=6276, stack(0x0000007017500000,0x0000007017600000) (1024K)]
  0x000001d4941935f0 JavaThread "Thread-3"                   daemon [_thread_in_native, id=8556, stack(0x0000007017900000,0x0000007017a00000) (1024K)]
  0x000001d494190e90 JavaThread "Thread-4"                   daemon [_thread_in_native, id=7484, stack(0x0000007017a00000,0x0000007017b00000) (1024K)]
  0x000001d494192240 JavaThread "Thread-5"                   daemon [_thread_in_native, id=7496, stack(0x0000007017b00000,0x0000007017c00000) (1024K)]
  0x000001d494190170 JavaThread "Thread-6"                   daemon [_thread_in_native, id=11096, stack(0x0000007017c00000,0x0000007017d00000) (1024K)]
  0x000001d494191520 JavaThread "Thread-7"                   daemon [_thread_in_native, id=7620, stack(0x0000007017d00000,0x0000007017e00000) (1024K)]
  0x000001d4941928d0 JavaThread "pool-2-thread-1"                   [_thread_blocked, id=9944, stack(0x0000007017e00000,0x0000007017f00000) (1024K)]
  0x000001d49774f210 JavaThread "WorkspaceEventsHandler"            [_thread_blocked, id=5656, stack(0x0000007018000000,0x0000007018100000) (1024K)]
  0x000001d497752000 JavaThread "pool-1-thread-1"                   [_thread_blocked, id=5720, stack(0x0000007018100000,0x0000007018200000) (1024K)]
  0x000001d4977505c0 JavaThread "Timer-0"                           [_thread_blocked, id=10328, stack(0x0000007018200000,0x0000007018300000) (1024K)]
Total: 31

Other Threads:
  0x000001d435f5f780 VMThread "VM Thread"                           [id=7020, stack(0x0000007015800000,0x0000007015900000) (1024K)]
  0x000001d435f0cc40 WatcherThread "VM Periodic Task Thread"        [id=10088, stack(0x0000007015700000,0x0000007015800000) (1024K)]
  0x000001d435ec05d0 WorkerThread "GC Thread#0"                     [id=1308, stack(0x0000007015600000,0x0000007015700000) (1024K)]
  0x000001d493573730 WorkerThread "GC Thread#1"                     [id=9088, stack(0x0000007016300000,0x0000007016400000) (1024K)]
  0x000001d49357af20 WorkerThread "GC Thread#2"                     [id=5312, stack(0x0000007016400000,0x0000007016500000) (1024K)]
  0x000001d49357b2c0 WorkerThread "GC Thread#3"                     [id=8628, stack(0x0000007016500000,0x0000007016600000) (1024K)]
Total: 6

Threads with active compile tasks:
Total: 0

VM state: not at safepoint (normal execution)

VM Mutex/Monitor currently owned by a thread: None

Heap address: 0x0000000080000000, size: 2048 MB, Compressed Oops mode: 32-bit

CDS archive(s) mapped at: [0x000001d44d000000-0x000001d44dba0000-0x000001d44dba0000), size 12189696, SharedBaseAddress: 0x000001d44d000000, ArchiveRelocationMode: 1.
Compressed class space mapped at: 0x000001d44e000000-0x000001d48e000000, reserved size: 1073741824
Narrow klass base: 0x000001d44d000000, Narrow klass shift: 0, Narrow klass range: 0x100000000

GC Precious Log:
 CardTable entry size: 512
 CPUs: 4 total, 4 available
 Memory: 7878M
 Large Page Support: Disabled
 NUMA Support: Disabled
 Compressed Oops: Enabled (32-bit)
 Alignments: Space 512K, Generation 512K, Heap 2M
 Heap Min Capacity: 100M
 Heap Initial Capacity: 100M
 Heap Max Capacity: 2G
 Pre-touch: Disabled
 Parallel Workers: 4

Heap:
 PSYoungGen      total 3072K, used 2013K [0x00000000d5580000, 0x00000000d5980000, 0x0000000100000000)
  eden space 2560K, 74% used [0x00000000d5580000,0x00000000d575f5e8,0x00000000d5800000)
  from space 512K, 18% used [0x00000000d5900000,0x00000000d5918000,0x00000000d5980000)
  to   space 512K, 0% used [0x00000000d5880000,0x00000000d5880000,0x00000000d5900000)
 ParOldGen       total 869888K, used 473997K [0x0000000080000000, 0x00000000b5180000, 0x00000000d5580000)
  object space 869888K, 54% used [0x0000000080000000,0x000000009cee3468,0x00000000b5180000)
 Metaspace       used 65260K, committed 66816K, reserved 1114112K
  class space    used 7397K, committed 8064K, reserved 1048576K

Card table byte_map: [0x000001d435850000,0x000001d435c60000] _byte_map_base: 0x000001d435450000

Marking Bits: (ParMarkBitMap*) 0x00007ffc04b8a340
 Begin Bits: [0x000001d448350000, 0x000001d44a350000)
 End Bits:   [0x000001d44a350000, 0x000001d44c350000)

Polling page: 0x000001d433e60000

Metaspace:

Usage:
  Non-class:     56.51 MB used.
      Class:      7.22 MB used.
       Both:     63.73 MB used.

Virtual space:
  Non-class space:       64.00 MB reserved,      57.38 MB ( 90%) committed,  1 nodes.
      Class space:        1.00 GB reserved,       7.88 MB ( <1%) committed,  1 nodes.
             Both:        1.06 GB reserved,      65.25 MB (  6%) committed. 

Chunk freelists:
   Non-Class:  5.80 MB
       Class:  8.19 MB
        Both:  13.98 MB

MaxMetaspaceSize: unlimited
CompressedClassSpaceSize: 1.00 GB
Initial GC threshold: 21.00 MB
Current GC threshold: 97.31 MB
CDS: on
 - commit_granule_bytes: 65536.
 - commit_granule_words: 8192.
 - virtual_space_node_default_size: 8388608.
 - enlarge_chunks_in_place: 1.
 - use_allocation_guard: 0.


Internal statistics:

num_allocs_failed_limit: 9.
num_arena_births: 1164.
num_arena_deaths: 14.
num_vsnodes_births: 2.
num_vsnodes_deaths: 0.
num_space_committed: 1044.
num_space_uncommitted: 0.
num_chunks_returned_to_freelist: 23.
num_chunks_taken_from_freelist: 3993.
num_chunk_merges: 10.
num_chunk_splits: 2590.
num_chunks_enlarged: 1665.
num_inconsistent_stats: 0.

CodeHeap 'non-profiled nmethods': size=120000Kb used=12754Kb max_used=12754Kb free=107245Kb
 bounds [0x000001d440b70000, 0x000001d4417f0000, 0x000001d4480a0000]
CodeHeap 'profiled nmethods': size=120000Kb used=24681Kb max_used=24681Kb free=95318Kb
 bounds [0x000001d4390a0000, 0x000001d43a8c0000, 0x000001d4405d0000]
CodeHeap 'non-nmethods': size=5760Kb used=1413Kb max_used=1465Kb free=4346Kb
 bounds [0x000001d4405d0000, 0x000001d440840000, 0x000001d440b70000]
CodeCache: size=245760Kb, used=38848Kb, max_used=38900Kb, free=206909Kb
 total_blobs=12095, nmethods=11373, adapters=627, full_count=0
Compilation: enabled, stopped_count=0, restarted_count=0

Compilation events (20 events):
Event: 3176.809 Thread 0x000001d435e0a220 12399   !   3       org.eclipse.core.internal.jobs.JobManager::sleepHint (67 bytes)
Event: 3176.812 Thread 0x000001d435e0a220 nmethod 12399 0x000001d43a8b1590 code [0x000001d43a8b1800, 0x000001d43a8b22d0]
Event: 3271.102 Thread 0x000001d435d97910 12400       4       org.eclipse.buildship.core.internal.util.progress.RateLimitingProgressMonitor$1::run (55 bytes)
Event: 3271.162 Thread 0x000001d435d97910 nmethod 12400 0x000001d4417e3d10 code [0x000001d4417e3ec0, 0x000001d4417e4050]
Event: 3428.774 Thread 0x000001d435e0a220 12401       1       org.eclipse.osgi.internal.location.BasicLocation::isReadOnly (5 bytes)
Event: 3428.775 Thread 0x000001d435e0a220 nmethod 12401 0x000001d4417e4210 code [0x000001d4417e43a0, 0x000001d4417e4470]
Event: 3864.200 Thread 0x000001d435e0a220 12402       3       java.util.concurrent.ScheduledThreadPoolExecutor$ScheduledFutureTask::setNextRunTime (38 bytes)
Event: 3864.200 Thread 0x000001d435e0a220 nmethod 12402 0x000001d43a8b2790 code [0x000001d43a8b2940, 0x000001d43a8b2b50]
Event: 3864.200 Thread 0x000001d435e0a220 12403       3       java.util.concurrent.ScheduledThreadPoolExecutor::reExecutePeriodic (49 bytes)
Event: 3864.201 Thread 0x000001d435e0a220 nmethod 12403 0x000001d43a8b2c10 code [0x000001d43a8b2e40, 0x000001d43a8b34c0]
Event: 3894.232 Thread 0x000001d435e0a220 12404   !   3       org.eclipse.jdt.ls.core.internal.ParentProcessWatcher::parentProcessStillRunning (492 bytes)
Event: 3894.361 Thread 0x000001d435e0a220 nmethod 12404 0x000001d43a8b3710 code [0x000001d43a8b4020, 0x000001d43a8b7d30]
Event: 3917.366 Thread 0x000001d435e0a220 12405       1       com.sun.jna.internal.Cleaner::access$200 (5 bytes)
Event: 3917.372 Thread 0x000001d435e0a220 nmethod 12405 0x000001d4417e4510 code [0x000001d4417e46a0, 0x000001d4417e4750]
Event: 4436.855 Thread 0x000001d435e0a220 12406  s!   3       org.eclipse.core.internal.jobs.WorkerPool::sleep (124 bytes)
Event: 4436.857 Thread 0x000001d435e0a220 nmethod 12406 0x000001d43a8b9590 code [0x000001d43a8b97a0, 0x000001d43a8b9cb8]
Event: 4444.502 Thread 0x000001d435e0a220 12407       3       java.util.concurrent.TimeUnit::convert (73 bytes)
Event: 4444.508 Thread 0x000001d435e0a220 nmethod 12407 0x000001d43a8b9e90 code [0x000001d43a8ba0a0, 0x000001d43a8ba438]
Event: 5404.044 Thread 0x000001d435d97910 12408       4       java.util.concurrent.locks.LockSupport::setBlocker (12 bytes)
Event: 5404.046 Thread 0x000001d435d97910 nmethod 12408 0x000001d4417e4810 code [0x000001d4417e4980, 0x000001d4417e4a08]

GC Heap History (20 events):
Event: 193.613 GC heap before
{Heap before GC invocations=1762 (full 3):
 PSYoungGen      total 3072K, used 2736K [0x00000000d5580000, 0x00000000d5980000, 0x0000000100000000)
  eden space 2560K, 100% used [0x00000000d5580000,0x00000000d5800000,0x00000000d5800000)
  from space 512K, 34% used [0x00000000d5900000,0x00000000d592c010,0x00000000d5980000)
  to   space 512K, 0% used [0x00000000d5880000,0x00000000d5880000,0x00000000d5900000)
 ParOldGen       total 869888K, used 473309K [0x0000000080000000, 0x00000000b5180000, 0x00000000d5580000)
  object space 869888K, 54% used [0x0000000080000000,0x000000009ce37448,0x00000000b5180000)
 Metaspace       used 64832K, committed 66304K, reserved 1114112K
  class space    used 7366K, committed 8000K, reserved 1048576K
}
Event: 193.615 GC heap after
{Heap after GC invocations=1762 (full 3):
 PSYoungGen      total 3072K, used 192K [0x00000000d5580000, 0x00000000d5980000, 0x0000000100000000)
  eden space 2560K, 0% used [0x00000000d5580000,0x00000000d5580000,0x00000000d5800000)
  from space 512K, 37% used [0x00000000d5880000,0x00000000d58b0000,0x00000000d5900000)
  to   space 512K, 0% used [0x00000000d5900000,0x00000000d5900000,0x00000000d5980000)
 ParOldGen       total 869888K, used 473357K [0x0000000080000000, 0x00000000b5180000, 0x00000000d5580000)
  object space 869888K, 54% used [0x0000000080000000,0x000000009ce43448,0x00000000b5180000)
 Metaspace       used 64832K, committed 66304K, reserved 1114112K
  class space    used 7366K, committed 8000K, reserved 1048576K
}
Event: 194.228 GC heap before
{Heap before GC invocations=1763 (full 3):
 PSYoungGen      total 3072K, used 2752K [0x00000000d5580000, 0x00000000d5980000, 0x0000000100000000)
  eden space 2560K, 100% used [0x00000000d5580000,0x00000000d5800000,0x00000000d5800000)
  from space 512K, 37% used [0x00000000d5880000,0x00000000d58b0000,0x00000000d5900000)
  to   space 512K, 0% used [0x00000000d5900000,0x00000000d5900000,0x00000000d5980000)
 ParOldGen       total 869888K, used 473357K [0x0000000080000000, 0x00000000b5180000, 0x00000000d5580000)
  object space 869888K, 54% used [0x0000000080000000,0x000000009ce43448,0x00000000b5180000)
 Metaspace       used 64862K, committed 66368K, reserved 1114112K
  class space    used 7366K, committed 8000K, reserved 1048576K
}
Event: 194.230 GC heap after
{Heap after GC invocations=1763 (full 3):
 PSYoungGen      total 3072K, used 160K [0x00000000d5580000, 0x00000000d5980000, 0x0000000100000000)
  eden space 2560K, 0% used [0x00000000d5580000,0x00000000d5580000,0x00000000d5800000)
  from space 512K, 31% used [0x00000000d5900000,0x00000000d5928000,0x00000000d5980000)
  to   space 512K, 0% used [0x00000000d5880000,0x00000000d5880000,0x00000000d5900000)
 ParOldGen       total 869888K, used 473501K [0x0000000080000000, 0x00000000b5180000, 0x00000000d5580000)
  object space 869888K, 54% used [0x0000000080000000,0x000000009ce67448,0x00000000b5180000)
 Metaspace       used 64862K, committed 66368K, reserved 1114112K
  class space    used 7366K, committed 8000K, reserved 1048576K
}
Event: 194.937 GC heap before
{Heap before GC invocations=1764 (full 3):
 PSYoungGen      total 3072K, used 2720K [0x00000000d5580000, 0x00000000d5980000, 0x0000000100000000)
  eden space 2560K, 100% used [0x00000000d5580000,0x00000000d5800000,0x00000000d5800000)
  from space 512K, 31% used [0x00000000d5900000,0x00000000d5928000,0x00000000d5980000)
  to   space 512K, 0% used [0x00000000d5880000,0x00000000d5880000,0x00000000d5900000)
 ParOldGen       total 869888K, used 473501K [0x0000000080000000, 0x00000000b5180000, 0x00000000d5580000)
  object space 869888K, 54% used [0x0000000080000000,0x000000009ce67448,0x00000000b5180000)
 Metaspace       used 64862K, committed 66368K, reserved 1114112K
  class space    used 7366K, committed 8000K, reserved 1048576K
}
Event: 194.941 GC heap after
{Heap after GC invocations=1764 (full 3):
 PSYoungGen      total 3072K, used 96K [0x00000000d5580000, 0x00000000d5980000, 0x0000000100000000)
  eden space 2560K, 0% used [0x00000000d5580000,0x00000000d5580000,0x00000000d5800000)
  from space 512K, 18% used [0x00000000d5880000,0x00000000d5898000,0x00000000d5900000)
  to   space 512K, 0% used [0x00000000d5900000,0x00000000d5900000,0x00000000d5980000)
 ParOldGen       total 869888K, used 473589K [0x0000000080000000, 0x00000000b5180000, 0x00000000d5580000)
  object space 869888K, 54% used [0x0000000080000000,0x000000009ce7d468,0x00000000b5180000)
 Metaspace       used 64862K, committed 66368K, reserved 1114112K
  class space    used 7366K, committed 8000K, reserved 1048576K
}
Event: 197.119 GC heap before
{Heap before GC invocations=1765 (full 3):
 PSYoungGen      total 3072K, used 2656K [0x00000000d5580000, 0x00000000d5980000, 0x0000000100000000)
  eden space 2560K, 100% used [0x00000000d5580000,0x00000000d5800000,0x00000000d5800000)
  from space 512K, 18% used [0x00000000d5880000,0x00000000d5898000,0x00000000d5900000)
  to   space 512K, 0% used [0x00000000d5900000,0x00000000d5900000,0x00000000d5980000)
 ParOldGen       total 869888K, used 473589K [0x0000000080000000, 0x00000000b5180000, 0x00000000d5580000)
  object space 869888K, 54% used [0x0000000080000000,0x000000009ce7d468,0x00000000b5180000)
 Metaspace       used 64866K, committed 66368K, reserved 1114112K
  class space    used 7366K, committed 8000K, reserved 1048576K
}
Event: 197.121 GC heap after
{Heap after GC invocations=1765 (full 3):
 PSYoungGen      total 3072K, used 128K [0x00000000d5580000, 0x00000000d5980000, 0x0000000100000000)
  eden space 2560K, 0% used [0x00000000d5580000,0x00000000d5580000,0x00000000d5800000)
  from space 512K, 25% used [0x00000000d5900000,0x00000000d5920000,0x00000000d5980000)
  to   space 512K, 0% used [0x00000000d5880000,0x00000000d5880000,0x00000000d5900000)
 ParOldGen       total 869888K, used 473613K [0x0000000080000000, 0x00000000b5180000, 0x00000000d5580000)
  object space 869888K, 54% used [0x0000000080000000,0x000000009ce83468,0x00000000b5180000)
 Metaspace       used 64866K, committed 66368K, reserved 1114112K
  class space    used 7366K, committed 8000K, reserved 1048576K
}
Event: 197.845 GC heap before
{Heap before GC invocations=1766 (full 3):
 PSYoungGen      total 3072K, used 2688K [0x00000000d5580000, 0x00000000d5980000, 0x0000000100000000)
  eden space 2560K, 100% used [0x00000000d5580000,0x00000000d5800000,0x00000000d5800000)
  from space 512K, 25% used [0x00000000d5900000,0x00000000d5920000,0x00000000d5980000)
  to   space 512K, 0% used [0x00000000d5880000,0x00000000d5880000,0x00000000d5900000)
 ParOldGen       total 869888K, used 473613K [0x0000000080000000, 0x00000000b5180000, 0x00000000d5580000)
  object space 869888K, 54% used [0x0000000080000000,0x000000009ce83468,0x00000000b5180000)
 Metaspace       used 64870K, committed 66368K, reserved 1114112K
  class space    used 7366K, committed 8000K, reserved 1048576K
}
Event: 197.846 GC heap after
{Heap after GC invocations=1766 (full 3):
 PSYoungGen      total 3072K, used 128K [0x00000000d5580000, 0x00000000d5980000, 0x0000000100000000)
  eden space 2560K, 0% used [0x00000000d5580000,0x00000000d5580000,0x00000000d5800000)
  from space 512K, 25% used [0x00000000d5880000,0x00000000d58a0000,0x00000000d5900000)
  to   space 512K, 0% used [0x00000000d5900000,0x00000000d5900000,0x00000000d5980000)
 ParOldGen       total 869888K, used 473645K [0x0000000080000000, 0x00000000b5180000, 0x00000000d5580000)
  object space 869888K, 54% used [0x0000000080000000,0x000000009ce8b468,0x00000000b5180000)
 Metaspace       used 64870K, committed 66368K, reserved 1114112K
  class space    used 7366K, committed 8000K, reserved 1048576K
}
Event: 357.059 GC heap before
{Heap before GC invocations=1767 (full 3):
 PSYoungGen      total 3072K, used 2687K [0x00000000d5580000, 0x00000000d5980000, 0x0000000100000000)
  eden space 2560K, 99% used [0x00000000d5580000,0x00000000d57ffff0,0x00000000d5800000)
  from space 512K, 25% used [0x00000000d5880000,0x00000000d58a0000,0x00000000d5900000)
  to   space 512K, 0% used [0x00000000d5900000,0x00000000d5900000,0x00000000d5980000)
 ParOldGen       total 869888K, used 473645K [0x0000000080000000, 0x00000000b5180000, 0x00000000d5580000)
  object space 869888K, 54% used [0x0000000080000000,0x000000009ce8b468,0x00000000b5180000)
 Metaspace       used 64983K, committed 66496K, reserved 1114112K
  class space    used 7371K, committed 8000K, reserved 1048576K
}
Event: 357.078 GC heap after
{Heap after GC invocations=1767 (full 3):
 PSYoungGen      total 3072K, used 288K [0x00000000d5580000, 0x00000000d5980000, 0x0000000100000000)
  eden space 2560K, 0% used [0x00000000d5580000,0x00000000d5580000,0x00000000d5800000)
  from space 512K, 56% used [0x00000000d5900000,0x00000000d5948000,0x00000000d5980000)
  to   space 512K, 0% used [0x00000000d5880000,0x00000000d5880000,0x00000000d5900000)
 ParOldGen       total 869888K, used 473669K [0x0000000080000000, 0x00000000b5180000, 0x00000000d5580000)
  object space 869888K, 54% used [0x0000000080000000,0x000000009ce91468,0x00000000b5180000)
 Metaspace       used 64983K, committed 66496K, reserved 1114112K
  class space    used 7371K, committed 8000K, reserved 1048576K
}
Event: 357.974 GC heap before
{Heap before GC invocations=1768 (full 3):
 PSYoungGen      total 3072K, used 2848K [0x00000000d5580000, 0x00000000d5980000, 0x0000000100000000)
  eden space 2560K, 100% used [0x00000000d5580000,0x00000000d5800000,0x00000000d5800000)
  from space 512K, 56% used [0x00000000d5900000,0x00000000d5948000,0x00000000d5980000)
  to   space 512K, 0% used [0x00000000d5880000,0x00000000d5880000,0x00000000d5900000)
 ParOldGen       total 869888K, used 473669K [0x0000000080000000, 0x00000000b5180000, 0x00000000d5580000)
  object space 869888K, 54% used [0x0000000080000000,0x000000009ce91468,0x00000000b5180000)
 Metaspace       used 65170K, committed 66688K, reserved 1114112K
  class space    used 7393K, committed 8064K, reserved 1048576K
}
Event: 357.990 GC heap after
{Heap after GC invocations=1768 (full 3):
 PSYoungGen      total 3072K, used 128K [0x00000000d5580000, 0x00000000d5980000, 0x0000000100000000)
  eden space 2560K, 0% used [0x00000000d5580000,0x00000000d5580000,0x00000000d5800000)
  from space 512K, 25% used [0x00000000d5880000,0x00000000d58a0000,0x00000000d5900000)
  to   space 512K, 0% used [0x00000000d5900000,0x00000000d5900000,0x00000000d5980000)
 ParOldGen       total 869888K, used 473893K [0x0000000080000000, 0x00000000b5180000, 0x00000000d5580000)
  object space 869888K, 54% used [0x0000000080000000,0x000000009cec9468,0x00000000b5180000)
 Metaspace       used 65170K, committed 66688K, reserved 1114112K
  class space    used 7393K, committed 8064K, reserved 1048576K
}
Event: 541.771 GC heap before
{Heap before GC invocations=1769 (full 3):
 PSYoungGen      total 3072K, used 2687K [0x00000000d5580000, 0x00000000d5980000, 0x0000000100000000)
  eden space 2560K, 99% used [0x00000000d5580000,0x00000000d57fffd0,0x00000000d5800000)
  from space 512K, 25% used [0x00000000d5880000,0x00000000d58a0000,0x00000000d5900000)
  to   space 512K, 0% used [0x00000000d5900000,0x00000000d5900000,0x00000000d5980000)
 ParOldGen       total 869888K, used 473893K [0x0000000080000000, 0x00000000b5180000, 0x00000000d5580000)
  object space 869888K, 54% used [0x0000000080000000,0x000000009cec9468,0x00000000b5180000)
 Metaspace       used 65192K, committed 66688K, reserved 1114112K
  class space    used 7396K, committed 8064K, reserved 1048576K
}
Event: 541.779 GC heap after
{Heap after GC invocations=1769 (full 3):
 PSYoungGen      total 3072K, used 128K [0x00000000d5580000, 0x00000000d5980000, 0x0000000100000000)
  eden space 2560K, 0% used [0x00000000d5580000,0x00000000d5580000,0x00000000d5800000)
  from space 512K, 25% used [0x00000000d5900000,0x00000000d5920000,0x00000000d5980000)
  to   space 512K, 0% used [0x00000000d5880000,0x00000000d5880000,0x00000000d5900000)
 ParOldGen       total 869888K, used 473941K [0x0000000080000000, 0x00000000b5180000, 0x00000000d5580000)
  object space 869888K, 54% used [0x0000000080000000,0x000000009ced5468,0x00000000b5180000)
 Metaspace       used 65192K, committed 66688K, reserved 1114112K
  class space    used 7396K, committed 8064K, reserved 1048576K
}
Event: 2043.761 GC heap before
{Heap before GC invocations=1770 (full 3):
 PSYoungGen      total 3072K, used 2687K [0x00000000d5580000, 0x00000000d5980000, 0x0000000100000000)
  eden space 2560K, 99% used [0x00000000d5580000,0x00000000d57ffff0,0x00000000d5800000)
  from space 512K, 25% used [0x00000000d5900000,0x00000000d5920000,0x00000000d5980000)
  to   space 512K, 0% used [0x00000000d5880000,0x00000000d5880000,0x00000000d5900000)
 ParOldGen       total 869888K, used 473941K [0x0000000080000000, 0x00000000b5180000, 0x00000000d5580000)
  object space 869888K, 54% used [0x0000000080000000,0x000000009ced5468,0x00000000b5180000)
 Metaspace       used 65218K, committed 66752K, reserved 1114112K
  class space    used 7397K, committed 8064K, reserved 1048576K
}
Event: 2043.807 GC heap after
{Heap after GC invocations=1770 (full 3):
 PSYoungGen      total 3072K, used 128K [0x00000000d5580000, 0x00000000d5980000, 0x0000000100000000)
  eden space 2560K, 0% used [0x00000000d5580000,0x00000000d5580000,0x00000000d5800000)
  from space 512K, 25% used [0x00000000d5880000,0x00000000d58a0000,0x00000000d5900000)
  to   space 512K, 0% used [0x00000000d5900000,0x00000000d5900000,0x00000000d5980000)
 ParOldGen       total 869888K, used 473981K [0x0000000080000000, 0x00000000b5180000, 0x00000000d5580000)
  object space 869888K, 54% used [0x0000000080000000,0x000000009cedf468,0x00000000b5180000)
 Metaspace       used 65218K, committed 66752K, reserved 1114112K
  class space    used 7397K, committed 8064K, reserved 1048576K
}
Event: 2922.670 GC heap before
{Heap before GC invocations=1771 (full 3):
 PSYoungGen      total 3072K, used 2687K [0x00000000d5580000, 0x00000000d5980000, 0x0000000100000000)
  eden space 2560K, 99% used [0x00000000d5580000,0x00000000d57ffff0,0x00000000d5800000)
  from space 512K, 25% used [0x00000000d5880000,0x00000000d58a0000,0x00000000d5900000)
  to   space 512K, 0% used [0x00000000d5900000,0x00000000d5900000,0x00000000d5980000)
 ParOldGen       total 869888K, used 473981K [0x0000000080000000, 0x00000000b5180000, 0x00000000d5580000)
  object space 869888K, 54% used [0x0000000080000000,0x000000009cedf468,0x00000000b5180000)
 Metaspace       used 65249K, committed 66752K, reserved 1114112K
  class space    used 7397K, committed 8064K, reserved 1048576K
}
Event: 2922.711 GC heap after
{Heap after GC invocations=1771 (full 3):
 PSYoungGen      total 3072K, used 96K [0x00000000d5580000, 0x00000000d5980000, 0x0000000100000000)
  eden space 2560K, 0% used [0x00000000d5580000,0x00000000d5580000,0x00000000d5800000)
  from space 512K, 18% used [0x00000000d5900000,0x00000000d5918000,0x00000000d5980000)
  to   space 512K, 0% used [0x00000000d5880000,0x00000000d5880000,0x00000000d5900000)
 ParOldGen       total 869888K, used 473997K [0x0000000080000000, 0x00000000b5180000, 0x00000000d5580000)
  object space 869888K, 54% used [0x0000000080000000,0x000000009cee3468,0x00000000b5180000)
 Metaspace       used 65249K, committed 66752K, reserved 1114112K
  class space    used 7397K, committed 8064K, reserved 1048576K
}

Dll operation events (13 events):
Event: 0.018 Loaded shared library c:\Users\AJ\.vscode\extensions\redhat.java-1.44.0-win32-x64\jre\21.0.8-win32-x86_64\bin\java.dll
Event: 0.463 Loaded shared library c:\Users\AJ\.vscode\extensions\redhat.java-1.44.0-win32-x64\jre\21.0.8-win32-x86_64\bin\zip.dll
Event: 0.659 Loaded shared library C:\Users\AJ\.vscode\extensions\redhat.java-1.44.0-win32-x64\jre\21.0.8-win32-x86_64\bin\instrument.dll
Event: 0.666 Loaded shared library C:\Users\AJ\.vscode\extensions\redhat.java-1.44.0-win32-x64\jre\21.0.8-win32-x86_64\bin\net.dll
Event: 0.669 Loaded shared library C:\Users\AJ\.vscode\extensions\redhat.java-1.44.0-win32-x64\jre\21.0.8-win32-x86_64\bin\nio.dll
Event: 0.675 Loaded shared library C:\Users\AJ\.vscode\extensions\redhat.java-1.44.0-win32-x64\jre\21.0.8-win32-x86_64\bin\zip.dll
Event: 0.860 Loaded shared library C:\Users\AJ\.vscode\extensions\redhat.java-1.44.0-win32-x64\jre\21.0.8-win32-x86_64\bin\jimage.dll
Event: 1.484 Loaded shared library c:\Users\AJ\.vscode\extensions\redhat.java-1.44.0-win32-x64\jre\21.0.8-win32-x86_64\bin\verify.dll
Event: 24.484 Loaded shared library C:\Users\AJ\AppData\Roaming\Code\User\globalStorage\redhat.java\1.44.0\config_win\org.eclipse.equinox.launcher\org.eclipse.equinox.launcher.win32.win32.x86_64_1.2.1400.v20250730-1736\eclipse_11913.dll
Event: 52.146 Loaded shared library C:\Users\AJ\AppData\Local\Temp\jna-2089\jna8191250745969682247.dll
Event: 107.719 Loaded shared library C:\Users\AJ\.gradle\native\c067742578af261105cb4f569cf0c3c89f3d7b1fecec35dd04571415982c5e48\windows-amd64\native-platform.dll
Event: 135.114 Loaded shared library C:\Users\AJ\.vscode\extensions\redhat.java-1.44.0-win32-x64\jre\21.0.8-win32-x86_64\bin\management.dll
Event: 135.122 Loaded shared library C:\Users\AJ\.vscode\extensions\redhat.java-1.44.0-win32-x64\jre\21.0.8-win32-x86_64\bin\management_ext.dll

Deoptimization events (20 events):
Event: 357.797 Thread 0x000001d48e67fe60 DEOPT PACKING pc=0x000001d4414ee114 sp=0x0000007016ffee90
Event: 357.797 Thread 0x000001d48e67fe60 DEOPT UNPACKING pc=0x000001d440623aa2 sp=0x0000007016ffee20 mode 2
Event: 357.959 Thread 0x000001d48e67fe60 Uncommon trap: trap_request=0xffffffde fr.pc=0x000001d44170d718 relative=0x0000000000002e18
Event: 357.959 Thread 0x000001d48e67fe60 Uncommon trap: reason=class_check action=maybe_recompile pc=0x000001d44170d718 method=org.eclipse.core.internal.jobs.Worker.currentJob()Lorg/eclipse/core/runtime/jobs/Job; @ 4 c2
Event: 357.959 Thread 0x000001d48e67fe60 DEOPT PACKING pc=0x000001d44170d718 sp=0x0000007016fff0f0
Event: 357.959 Thread 0x000001d48e67fe60 DEOPT UNPACKING pc=0x000001d440623aa2 sp=0x0000007016fff028 mode 2
Event: 1256.685 Thread 0x000001d48e6818a0 Uncommon trap: trap_request=0xffffffde fr.pc=0x000001d441701e88 relative=0x0000000000003208
Event: 1256.686 Thread 0x000001d48e6818a0 Uncommon trap: reason=class_check action=maybe_recompile pc=0x000001d441701e88 method=org.eclipse.core.internal.jobs.Worker.currentJob()Lorg/eclipse/core/runtime/jobs/Job; @ 4 c2
Event: 1256.686 Thread 0x000001d48e6818a0 DEOPT PACKING pc=0x000001d441701e88 sp=0x0000007016cff2c0
Event: 1256.687 Thread 0x000001d48e6818a0 DEOPT UNPACKING pc=0x000001d440623aa2 sp=0x0000007016cff1a0 mode 2
Event: 1256.687 Thread 0x000001d48e6818a0 Uncommon trap: trap_request=0xffffff45 fr.pc=0x000001d4417b59f0 relative=0x0000000000000110
Event: 1256.687 Thread 0x000001d48e6818a0 Uncommon trap: reason=unstable_if action=reinterpret pc=0x000001d4417b59f0 method=org.eclipse.core.internal.dtree.DataTreeNode.storeStrings(Lorg/eclipse/core/internal/utils/StringPool;)V @ 14 c2
Event: 1256.687 Thread 0x000001d48e6818a0 DEOPT PACKING pc=0x000001d4417b59f0 sp=0x0000007016cff090
Event: 1256.687 Thread 0x000001d48e6818a0 DEOPT UNPACKING pc=0x000001d440623aa2 sp=0x0000007016cff028 mode 2
Event: 3056.784 Thread 0x000001d48e6818a0 DEOPT PACKING pc=0x000001d43a8659ab sp=0x0000007016cfed30
Event: 3056.787 Thread 0x000001d48e6818a0 DEOPT UNPACKING pc=0x000001d440624242 sp=0x0000007016cfe1a0 mode 0
Event: 3056.791 Thread 0x000001d48e6818a0 DEOPT PACKING pc=0x000001d43a8659ab sp=0x0000007016cfedf0
Event: 3056.794 Thread 0x000001d48e6818a0 DEOPT UNPACKING pc=0x000001d440624242 sp=0x0000007016cfe260 mode 0
Event: 3056.798 Thread 0x000001d48e6818a0 DEOPT PACKING pc=0x000001d43a8659ab sp=0x0000007016cfedf0
Event: 3056.798 Thread 0x000001d48e6818a0 DEOPT UNPACKING pc=0x000001d440624242 sp=0x0000007016cfe260 mode 0

Classes loaded (20 events):
Event: 192.589 Loading class java/util/TreeMap$NavigableSubMap$SubMapEntryIterator
Event: 192.589 Loading class java/util/TreeMap$NavigableSubMap$SubMapIterator
Event: 192.589 Loading class java/util/TreeMap$NavigableSubMap$SubMapIterator done
Event: 192.589 Loading class java/util/TreeMap$NavigableSubMap$SubMapEntryIterator done
Event: 357.304 Loading class java/util/stream/Nodes$CollectorTask$OfRef
Event: 357.305 Loading class java/util/stream/Nodes$CollectorTask
Event: 357.306 Loading class java/util/stream/Nodes$CollectorTask done
Event: 357.307 Loading class java/util/stream/Nodes$CollectorTask$OfRef done
Event: 357.313 Loading class java/util/function/LongFunction
Event: 357.313 Loading class java/util/function/LongFunction done
Event: 357.316 Loading class java/util/stream/Nodes$ConcNode
Event: 357.316 Loading class java/util/stream/Nodes$AbstractConcNode
Event: 357.320 Loading class java/util/stream/Nodes$AbstractConcNode done
Event: 357.320 Loading class java/util/stream/Nodes$ConcNode done
Event: 357.403 Loading class java/io/ObjectOutputStream$BlockDataOutputStream
Event: 357.410 Loading class java/io/ObjectOutputStream$BlockDataOutputStream done
Event: 357.410 Loading class java/io/ObjectOutputStream$HandleTable
Event: 357.410 Loading class java/io/ObjectOutputStream$HandleTable done
Event: 357.411 Loading class java/io/ObjectOutputStream$ReplaceTable
Event: 357.411 Loading class java/io/ObjectOutputStream$ReplaceTable done

Classes unloaded (7 events):
Event: 55.217 Thread 0x000001d435f5f780 Unloading class 0x000001d44e1ad000 'java/lang/invoke/LambdaForm$MH+0x000001d44e1ad000'
Event: 55.217 Thread 0x000001d435f5f780 Unloading class 0x000001d44e1acc00 'java/lang/invoke/LambdaForm$MH+0x000001d44e1acc00'
Event: 55.217 Thread 0x000001d435f5f780 Unloading class 0x000001d44e1ac800 'java/lang/invoke/LambdaForm$MH+0x000001d44e1ac800'
Event: 55.217 Thread 0x000001d435f5f780 Unloading class 0x000001d44e1ac400 'java/lang/invoke/LambdaForm$MH+0x000001d44e1ac400'
Event: 55.217 Thread 0x000001d435f5f780 Unloading class 0x000001d44e1ac000 'java/lang/invoke/LambdaForm$BMH+0x000001d44e1ac000'
Event: 55.217 Thread 0x000001d435f5f780 Unloading class 0x000001d44e1abc00 'java/lang/invoke/LambdaForm$DMH+0x000001d44e1abc00'
Event: 55.217 Thread 0x000001d435f5f780 Unloading class 0x000001d44e1aa800 'java/lang/invoke/LambdaForm$DMH+0x000001d44e1aa800'

Classes redefined (0 events):
No events

Internal exceptions (20 events):
Event: 196.985 Thread 0x000001d48e6818a0 Exception <a 'sun/nio/fs/WindowsException'{0x00000000d57dcf60}> (0x00000000d57dcf60) 
thrown [s\src\hotspot\share\prims\jni.cpp, line 520]
Event: 197.125 Thread 0x000001d48e6818a0 Exception <a 'sun/nio/fs/WindowsException'{0x00000000d55867a0}> (0x00000000d55867a0) 
thrown [s\src\hotspot\share\prims\jni.cpp, line 520]
Event: 197.232 Thread 0x000001d48e6818a0 Exception <a 'sun/nio/fs/WindowsException'{0x00000000d55afc30}> (0x00000000d55afc30) 
thrown [s\src\hotspot\share\prims\jni.cpp, line 520]
Event: 197.361 Thread 0x000001d48e6818a0 Exception <a 'sun/nio/fs/WindowsException'{0x00000000d55fb2a0}> (0x00000000d55fb2a0) 
thrown [s\src\hotspot\share\prims\jni.cpp, line 520]
Event: 197.399 Thread 0x000001d48e6818a0 Exception <a 'sun/nio/fs/WindowsException'{0x00000000d56264e8}> (0x00000000d56264e8) 
thrown [s\src\hotspot\share\prims\jni.cpp, line 520]
Event: 197.426 Thread 0x000001d48e6818a0 Exception <a 'sun/nio/fs/WindowsException'{0x00000000d5651cf8}> (0x00000000d5651cf8) 
thrown [s\src\hotspot\share\prims\jni.cpp, line 520]
Event: 197.458 Thread 0x000001d48e6818a0 Exception <a 'sun/nio/fs/WindowsException'{0x00000000d567dc48}> (0x00000000d567dc48) 
thrown [s\src\hotspot\share\prims\jni.cpp, line 520]
Event: 197.484 Thread 0x000001d48e6818a0 Exception <a 'sun/nio/fs/WindowsException'{0x00000000d56a9750}> (0x00000000d56a9750) 
thrown [s\src\hotspot\share\prims\jni.cpp, line 520]
Event: 197.545 Thread 0x000001d48e6818a0 Exception <a 'sun/nio/fs/WindowsException'{0x00000000d56fb0f8}> (0x00000000d56fb0f8) 
thrown [s\src\hotspot\share\prims\jni.cpp, line 520]
Event: 197.586 Thread 0x000001d48e6818a0 Exception <a 'sun/nio/fs/WindowsException'{0x00000000d5747670}> (0x00000000d5747670) 
thrown [s\src\hotspot\share\prims\jni.cpp, line 520]
Event: 197.618 Thread 0x000001d48e6818a0 Exception <a 'sun/nio/fs/WindowsException'{0x00000000d578de08}> (0x00000000d578de08) 
thrown [s\src\hotspot\share\prims\jni.cpp, line 520]
Event: 197.670 Thread 0x000001d48e6818a0 Exception <a 'sun/nio/fs/WindowsException'{0x00000000d57b61b8}> (0x00000000d57b61b8) 
thrown [s\src\hotspot\share\prims\jni.cpp, line 520]
Event: 197.724 Thread 0x000001d48e6818a0 Exception <a 'sun/nio/fs/WindowsException'{0x00000000d57de220}> (0x00000000d57de220) 
thrown [s\src\hotspot\share\prims\jni.cpp, line 520]
Event: 197.848 Thread 0x000001d48e6818a0 Exception <a 'sun/nio/fs/WindowsException'{0x00000000d5587c30}> (0x00000000d5587c30) 
thrown [s\src\hotspot\share\prims\jni.cpp, line 520]
Event: 197.873 Thread 0x000001d48e6818a0 Exception <a 'sun/nio/fs/WindowsException'{0x00000000d55af928}> (0x00000000d55af928) 
thrown [s\src\hotspot\share\prims\jni.cpp, line 520]
Event: 197.904 Thread 0x000001d48e6818a0 Exception <a 'sun/nio/fs/WindowsException'{0x00000000d55d7a88}> (0x00000000d55d7a88) 
thrown [s\src\hotspot\share\prims\jni.cpp, line 520]
Event: 197.993 Thread 0x000001d48e6818a0 Exception <a 'sun/nio/fs/WindowsException'{0x00000000d5601168}> (0x00000000d5601168) 
thrown [s\src\hotspot\share\prims\jni.cpp, line 520]
Event: 198.107 Thread 0x000001d48e6818a0 Exception <a 'sun/nio/fs/WindowsException'{0x00000000d5625c70}> (0x00000000d5625c70) 
thrown [s\src\hotspot\share\prims\jni.cpp, line 520]
Event: 198.107 Thread 0x000001d48e6818a0 Exception <a 'sun/nio/fs/WindowsException'{0x00000000d5626360}> (0x00000000d5626360) 
thrown [s\src\hotspot\share\prims\jni.cpp, line 520]
Event: 357.499 Thread 0x000001d48e67fe60 Exception <a 'java/lang/NoSuchMethodError'{0x00000000d569b3e8}: 'java.lang.Object java.lang.invoke.DirectMethodHandle$Holder.newInvokeSpecial(java.lang.Object, java.lang.Object, java.lang.Object, java.lang.Object, java.lang.Object, java.lang.Object, java.lang.Object, java.lang.Object)'> (0x00000000d569b3e8) 
thrown [s\src\hotspot\share\interpreter\linkResolver.cpp, line 773]

ZGC Phase Switch (0 events):
No events

VM Operations (20 events):
Event: 4930.594 Executing VM operation: HandshakeAllThreads (HandshakeForDeflation)
Event: 4930.594 Executing VM operation: HandshakeAllThreads (HandshakeForDeflation) done
Event: 4930.594 Executing VM operation: RendezvousGCThreads
Event: 4930.594 Executing VM operation: RendezvousGCThreads done
Event: 4990.791 Executing VM operation: HandshakeAllThreads (HandshakeForDeflation)
Event: 4990.791 Executing VM operation: HandshakeAllThreads (HandshakeForDeflation) done
Event: 4990.791 Executing VM operation: RendezvousGCThreads
Event: 4990.791 Executing VM operation: RendezvousGCThreads done
Event: 5051.028 Executing VM operation: HandshakeAllThreads (HandshakeForDeflation)
Event: 5051.028 Executing VM operation: HandshakeAllThreads (HandshakeForDeflation) done
Event: 5051.028 Executing VM operation: RendezvousGCThreads
Event: 5051.028 Executing VM operation: RendezvousGCThreads done
Event: 5111.261 Executing VM operation: HandshakeAllThreads (HandshakeForDeflation)
Event: 5111.261 Executing VM operation: HandshakeAllThreads (HandshakeForDeflation) done
Event: 5111.261 Executing VM operation: RendezvousGCThreads
Event: 5111.261 Executing VM operation: RendezvousGCThreads done
Event: 5291.663 Executing VM operation: HandshakeAllThreads (HandshakeForDeflation)
Event: 5291.663 Executing VM operation: HandshakeAllThreads (HandshakeForDeflation) done
Event: 5291.663 Executing VM operation: RendezvousGCThreads
Event: 5291.663 Executing VM operation: RendezvousGCThreads done

Memory protections (0 events):
No events

Nmethod flushes (20 events):
Event: 135.601 Thread 0x000001d435f5f780 flushing  nmethod 0x000001d439b9c290
Event: 135.601 Thread 0x000001d435f5f780 flushing  nmethod 0x000001d439b9c890
Event: 135.601 Thread 0x000001d435f5f780 flushing  nmethod 0x000001d439b9f810
Event: 135.601 Thread 0x000001d435f5f780 flushing  nmethod 0x000001d439b9fb90
Event: 135.601 Thread 0x000001d435f5f780 flushing  nmethod 0x000001d439ba3610
Event: 135.601 Thread 0x000001d435f5f780 flushing  nmethod 0x000001d439bbe010
Event: 135.601 Thread 0x000001d435f5f780 flushing osr nmethod 0x000001d439bcae10
Event: 135.601 Thread 0x000001d435f5f780 flushing  nmethod 0x000001d439bd9a90
Event: 135.601 Thread 0x000001d435f5f780 flushing  nmethod 0x000001d439bdae10
Event: 135.601 Thread 0x000001d435f5f780 flushing  nmethod 0x000001d439bfd290
Event: 135.601 Thread 0x000001d435f5f780 flushing  nmethod 0x000001d439c06310
Event: 135.601 Thread 0x000001d435f5f780 flushing  nmethod 0x000001d439c1bd10
Event: 135.601 Thread 0x000001d435f5f780 flushing  nmethod 0x000001d439c24410
Event: 135.601 Thread 0x000001d435f5f780 flushing  nmethod 0x000001d439c2c290
Event: 135.601 Thread 0x000001d435f5f780 flushing  nmethod 0x000001d439c4a210
Event: 135.601 Thread 0x000001d435f5f780 flushing  nmethod 0x000001d439c4ae10
Event: 135.601 Thread 0x000001d435f5f780 flushing  nmethod 0x000001d439c4b690
Event: 135.601 Thread 0x000001d435f5f780 flushing  nmethod 0x000001d439c4f510
Event: 135.601 Thread 0x000001d435f5f780 flushing  nmethod 0x000001d439c50490
Event: 135.601 Thread 0x000001d435f5f780 flushing  nmethod 0x000001d439c58190

Events (20 events):
Event: 192.528 Thread 0x000001d48e6818a0 Thread added: 0x000001d49729c3b0
Event: 192.563 Thread 0x000001d49729c3b0 Thread added: 0x000001d4972995c0
Event: 192.564 Thread 0x000001d49729c3b0 Thread added: 0x000001d497299c50
Event: 192.565 Thread 0x000001d49729c3b0 Thread added: 0x000001d497298210
Event: 193.212 Thread 0x000001d496ce59c0 Thread exited: 0x000001d496ce59c0
Event: 196.811 Thread 0x000001d497296140 Thread exited: 0x000001d497296140
Event: 196.811 Thread 0x000001d497295ab0 Thread exited: 0x000001d497295ab0
Event: 196.894 Thread 0x000001d48e6804f0 Thread exited: 0x000001d48e6804f0
Event: 208.692 Thread 0x000001d49729b000 Thread exited: 0x000001d49729b000
Event: 219.539 Thread 0x000001d48e67eab0 Thread exited: 0x000001d48e67eab0
Event: 249.266 Thread 0x000001d497752690 Thread exited: 0x000001d497752690
Event: 249.266 Thread 0x000001d49774d7d0 Thread exited: 0x000001d49774d7d0
Event: 256.344 Thread 0x000001d497298210 Thread exited: 0x000001d497298210
Event: 268.695 Thread 0x000001d49729bd20 Thread exited: 0x000001d49729bd20
Event: 316.403 Thread 0x000001d4972995c0 Thread exited: 0x000001d4972995c0
Event: 328.721 Thread 0x000001d49729b690 Thread exited: 0x000001d49729b690
Event: 357.283 Thread 0x000001d48e67fe60 Thread added: 0x000001d497295ab0
Event: 357.323 Thread 0x000001d497295ab0 Thread exited: 0x000001d497295ab0
Event: 376.430 Thread 0x000001d497299c50 Thread exited: 0x000001d497299c50
Event: 436.455 Thread 0x000001d49729c3b0 Thread exited: 0x000001d49729c3b0


Dynamic libraries:
0x00007ff735610000 - 0x00007ff73561e000 	c:\Users\AJ\.vscode\extensions\redhat.java-1.44.0-win32-x64\jre\21.0.8-win32-x86_64\bin\java.exe
0x00007ffc5f630000 - 0x00007ffc5f828000 	C:\WINDOWS\SYSTEM32\ntdll.dll
0x00007ffc5dd90000 - 0x00007ffc5de52000 	C:\WINDOWS\System32\KERNEL32.DLL
0x00007ffc5cf90000 - 0x00007ffc5d286000 	C:\WINDOWS\System32\KERNELBASE.dll
0x00007ffc5ce90000 - 0x00007ffc5cf90000 	C:\WINDOWS\System32\ucrtbase.dll
0x00007ffc59ee0000 - 0x00007ffc59ef8000 	c:\Users\AJ\.vscode\extensions\redhat.java-1.44.0-win32-x64\jre\21.0.8-win32-x86_64\bin\jli.dll
0x00007ffc5ede0000 - 0x00007ffc5ef7d000 	C:\WINDOWS\System32\USER32.dll
0x00007ffc5ce60000 - 0x00007ffc5ce82000 	C:\WINDOWS\System32\win32u.dll
0x00007ffc5e2e0000 - 0x00007ffc5e30b000 	C:\WINDOWS\System32\GDI32.dll
0x00007ffc5d3d0000 - 0x00007ffc5d4e9000 	C:\WINDOWS\System32\gdi32full.dll
0x00007ffc5cd70000 - 0x00007ffc5ce0d000 	C:\WINDOWS\System32\msvcp_win.dll
0x00007ffc522d0000 - 0x00007ffc522ee000 	c:\Users\AJ\.vscode\extensions\redhat.java-1.44.0-win32-x64\jre\21.0.8-win32-x86_64\bin\VCRUNTIME140.dll
0x00007ffc4ae40000 - 0x00007ffc4b0da000 	C:\WINDOWS\WinSxS\amd64_microsoft.windows.common-controls_6595b64144ccf1df_6.0.19041.5915_none_60b4b9d171f9c7c7\COMCTL32.dll
0x00007ffc5f040000 - 0x00007ffc5f0de000 	C:\WINDOWS\System32\msvcrt.dll
0x00007ffc5f010000 - 0x00007ffc5f03f000 	C:\WINDOWS\System32\IMM32.DLL
0x00007ffc5a2b0000 - 0x00007ffc5a2bc000 	c:\Users\AJ\.vscode\extensions\redhat.java-1.44.0-win32-x64\jre\21.0.8-win32-x86_64\bin\vcruntime140_1.dll
0x00007ffc314a0000 - 0x00007ffc3152d000 	c:\Users\AJ\.vscode\extensions\redhat.java-1.44.0-win32-x64\jre\21.0.8-win32-x86_64\bin\msvcp140.dll
0x00007ffc03ed0000 - 0x00007ffc04c67000 	c:\Users\AJ\.vscode\extensions\redhat.java-1.44.0-win32-x64\jre\21.0.8-win32-x86_64\bin\server\jvm.dll
0x00007ffc5d780000 - 0x00007ffc5d831000 	C:\WINDOWS\System32\ADVAPI32.dll
0x00007ffc5f4f0000 - 0x00007ffc5f58f000 	C:\WINDOWS\System32\sechost.dll
0x00007ffc5d650000 - 0x00007ffc5d773000 	C:\WINDOWS\System32\RPCRT4.dll
0x00007ffc5ccc0000 - 0x00007ffc5cce7000 	C:\WINDOWS\System32\bcrypt.dll
0x00007ffc5e270000 - 0x00007ffc5e2db000 	C:\WINDOWS\System32\WS2_32.dll
0x00007ffc5c250000 - 0x00007ffc5c29b000 	C:\WINDOWS\SYSTEM32\POWRPROF.dll
0x00007ffc3fe30000 - 0x00007ffc3fe57000 	C:\WINDOWS\SYSTEM32\WINMM.dll
0x00007ffc4b8a0000 - 0x00007ffc4b8aa000 	C:\WINDOWS\SYSTEM32\VERSION.dll
0x00007ffc5c0c0000 - 0x00007ffc5c0d2000 	C:\WINDOWS\SYSTEM32\UMPDC.dll
0x00007ffc5ab40000 - 0x00007ffc5ab52000 	C:\WINDOWS\SYSTEM32\kernel.appcore.dll
0x00007ffc576d0000 - 0x00007ffc576da000 	c:\Users\AJ\.vscode\extensions\redhat.java-1.44.0-win32-x64\jre\21.0.8-win32-x86_64\bin\jimage.dll
0x00007ffc4b5d0000 - 0x00007ffc4b7d1000 	C:\WINDOWS\SYSTEM32\DBGHELP.DLL
0x00007ffc44710000 - 0x00007ffc44744000 	C:\WINDOWS\SYSTEM32\dbgcore.DLL
0x00007ffc5d340000 - 0x00007ffc5d3c2000 	C:\WINDOWS\System32\bcryptPrimitives.dll
0x00007ffc522c0000 - 0x00007ffc522cf000 	c:\Users\AJ\.vscode\extensions\redhat.java-1.44.0-win32-x64\jre\21.0.8-win32-x86_64\bin\instrument.dll
0x00007ffc522a0000 - 0x00007ffc522bf000 	c:\Users\AJ\.vscode\extensions\redhat.java-1.44.0-win32-x64\jre\21.0.8-win32-x86_64\bin\java.dll
0x00007ffc5e5f0000 - 0x00007ffc5ed5e000 	C:\WINDOWS\System32\SHELL32.dll
0x00007ffc5ad40000 - 0x00007ffc5b4e4000 	C:\WINDOWS\SYSTEM32\windows.storage.dll
0x00007ffc5df10000 - 0x00007ffc5e263000 	C:\WINDOWS\System32\combase.dll
0x00007ffc5c6f0000 - 0x00007ffc5c71b000 	C:\WINDOWS\SYSTEM32\Wldp.dll
0x00007ffc5dcc0000 - 0x00007ffc5dd8d000 	C:\WINDOWS\System32\OLEAUT32.dll
0x00007ffc5e540000 - 0x00007ffc5e5ed000 	C:\WINDOWS\System32\SHCORE.dll
0x00007ffc5e400000 - 0x00007ffc5e45b000 	C:\WINDOWS\System32\shlwapi.dll
0x00007ffc5cbf0000 - 0x00007ffc5cc14000 	C:\WINDOWS\SYSTEM32\profapi.dll
0x00007ffc52270000 - 0x00007ffc52288000 	c:\Users\AJ\.vscode\extensions\redhat.java-1.44.0-win32-x64\jre\21.0.8-win32-x86_64\bin\zip.dll
0x00007ffc52250000 - 0x00007ffc52260000 	C:\Users\AJ\.vscode\extensions\redhat.java-1.44.0-win32-x64\jre\21.0.8-win32-x86_64\bin\net.dll
0x00007ffc53760000 - 0x00007ffc5386a000 	C:\WINDOWS\SYSTEM32\WINHTTP.dll
0x00007ffc5c450000 - 0x00007ffc5c4ba000 	C:\WINDOWS\system32\mswsock.dll
0x00007ffc400e0000 - 0x00007ffc400f6000 	C:\Users\AJ\.vscode\extensions\redhat.java-1.44.0-win32-x64\jre\21.0.8-win32-x86_64\bin\nio.dll
0x00007ffc48040000 - 0x00007ffc48050000 	c:\Users\AJ\.vscode\extensions\redhat.java-1.44.0-win32-x64\jre\21.0.8-win32-x86_64\bin\verify.dll
0x00007ffc35d60000 - 0x00007ffc35da5000 	C:\Users\AJ\AppData\Roaming\Code\User\globalStorage\redhat.java\1.44.0\config_win\org.eclipse.equinox.launcher\org.eclipse.equinox.launcher.win32.win32.x86_64_1.2.1400.v20250730-1736\eclipse_11913.dll
0x00007ffc5f0e0000 - 0x00007ffc5f20b000 	C:\WINDOWS\System32\ole32.dll
0x00007ffc5c640000 - 0x00007ffc5c658000 	C:\WINDOWS\SYSTEM32\CRYPTSP.dll
0x00007ffc5bd00000 - 0x00007ffc5bd38000 	C:\WINDOWS\system32\rsaenh.dll
0x00007ffc5cb70000 - 0x00007ffc5cb9e000 	C:\WINDOWS\SYSTEM32\USERENV.dll
0x00007ffc5c660000 - 0x00007ffc5c66c000 	C:\WINDOWS\SYSTEM32\CRYPTBASE.dll
0x00007ffc5c0e0000 - 0x00007ffc5c11b000 	C:\WINDOWS\SYSTEM32\IPHLPAPI.DLL
0x00007ffc5d840000 - 0x00007ffc5d848000 	C:\WINDOWS\System32\NSI.dll
0x00007ffc52340000 - 0x00007ffc52389000 	C:\Users\AJ\AppData\Local\Temp\jna-2089\jna8191250745969682247.dll
0x00007ffc5f4e0000 - 0x00007ffc5f4e8000 	C:\WINDOWS\System32\PSAPI.DLL
0x00007ffc53dc0000 - 0x00007ffc53dd7000 	C:\WINDOWS\SYSTEM32\dhcpcsvc6.DLL
0x00007ffc546d0000 - 0x00007ffc546ed000 	C:\WINDOWS\SYSTEM32\dhcpcsvc.DLL
0x00007ffc472c0000 - 0x00007ffc472e7000 	C:\Users\AJ\.gradle\native\c067742578af261105cb4f569cf0c3c89f3d7b1fecec35dd04571415982c5e48\windows-amd64\native-platform.dll
0x00007ffc46240000 - 0x00007ffc4624a000 	C:\Users\AJ\.vscode\extensions\redhat.java-1.44.0-win32-x64\jre\21.0.8-win32-x86_64\bin\management.dll
0x00007ffc44960000 - 0x00007ffc4496b000 	C:\Users\AJ\.vscode\extensions\redhat.java-1.44.0-win32-x64\jre\21.0.8-win32-x86_64\bin\management_ext.dll

JVMTI agents:
c:\Users\AJ\.vscode\extensions\redhat.java-1.44.0-win32-x64\lombok\lombok-1.18.39-4050.jar path:c:\Users\AJ\.vscode\extensions\redhat.java-1.44.0-win32-x64\jre\21.0.8-win32-x86_64\bin\instrument.dll, loaded, initialized, instrumentlib options:none

dbghelp: loaded successfully - version: 4.0.5 - missing functions: none
symbol engine: initialized successfully - sym options: 0x614 - pdb path: .;c:\Users\AJ\.vscode\extensions\redhat.java-1.44.0-win32-x64\jre\21.0.8-win32-x86_64\bin;C:\WINDOWS\SYSTEM32;C:\WINDOWS\WinSxS\amd64_microsoft.windows.common-controls_6595b64144ccf1df_6.0.19041.5915_none_60b4b9d171f9c7c7;c:\Users\AJ\.vscode\extensions\redhat.java-1.44.0-win32-x64\jre\21.0.8-win32-x86_64\bin\server;C:\Users\AJ\AppData\Roaming\Code\User\globalStorage\redhat.java\1.44.0\config_win\org.eclipse.equinox.launcher\org.eclipse.equinox.launcher.win32.win32.x86_64_1.2.1400.v20250730-1736;C:\Users\AJ\AppData\Local\Temp\jna-2089;C:\Users\AJ\.gradle\native\c067742578af261105cb4f569cf0c3c89f3d7b1fecec35dd04571415982c5e48\windows-amd64

VM Arguments:
jvm_args: --add-modules=ALL-SYSTEM --add-opens=java.base/java.util=ALL-UNNAMED --add-opens=java.base/java.lang=ALL-UNNAMED --add-opens=java.base/sun.nio.fs=ALL-UNNAMED -Declipse.application=org.eclipse.jdt.ls.core.id1 -Dosgi.bundles.defaultStartLevel=4 -Declipse.product=org.eclipse.jdt.ls.core.product -Djava.import.generatesMetadataFilesAtProjectRoot=false -DDetectVMInstallationsJob.disabled=true -Dfile.encoding=utf8 -XX:+UseParallelGC -XX:GCTimeRatio=4 -XX:AdaptiveSizePolicyWeight=90 -Dsun.zip.disableMemoryMapping=true -Xmx2G -Xms100m -Xlog:disable -javaagent:c:\Users\AJ\.vscode\extensions\redhat.java-1.44.0-win32-x64\lombok\lombok-1.18.39-4050.jar -XX:+HeapDumpOnOutOfMemoryError -XX:HeapDumpPath=c:\Users\AJ\AppData\Roaming\Code\User\workspaceStorage\42d3df7c00ac9b0f7d13d418ec405ff2\redhat.java -Daether.dependencyCollector.impl=bf 
java_command: c:\Users\AJ\.vscode\extensions\redhat.java-1.44.0-win32-x64\server\plugins\org.eclipse.equinox.launcher_1.7.0.v20250519-0528.jar -configuration c:\Users\AJ\AppData\Roaming\Code\User\globalStorage\redhat.java\1.44.0\config_win -data c:\Users\AJ\AppData\Roaming\Code\User\workspaceStorage\42d3df7c00ac9b0f7d13d418ec405ff2\redhat.java\jdt_ws --pipe=\\.\pipe\lsp-75242b67b935d528ccbbaf8439ee10af-sock
java_class_path (initial): c:\Users\AJ\.vscode\extensions\redhat.java-1.44.0-win32-x64\server\plugins\org.eclipse.equinox.launcher_1.7.0.v20250519-0528.jar
Launcher Type: SUN_STANDARD

[Global flags]
    uintx AdaptiveSizePolicyWeight                 = 90                                        {product} {command line}
     intx CICompilerCount                          = 3                                         {product} {ergonomic}
    uintx GCTimeRatio                              = 4                                         {product} {command line}
     bool HeapDumpOnOutOfMemoryError               = true                                   {manageable} {command line}
    ccstr HeapDumpPath                             = c:\Users\AJ\AppData\Roaming\Code\User\workspaceStorage\42d3df7c00ac9b0f7d13d418ec405ff2\redhat.java         {manageable} {command line}
   size_t InitialHeapSize                          = 104857600                                 {product} {command line}
   size_t MaxHeapSize                              = 2147483648                                {product} {command line}
   size_t MaxNewSize                               = 715653120                                 {product} {ergonomic}
   size_t MinHeapDeltaBytes                        = 524288                                    {product} {ergonomic}
   size_t MinHeapSize                              = 104857600                                 {product} {command line}
   size_t NewSize                                  = 34603008                                  {product} {ergonomic}
    uintx NonNMethodCodeHeapSize                   = 5832780                                {pd product} {ergonomic}
    uintx NonProfiledCodeHeapSize                  = 122912730                              {pd product} {ergonomic}
   size_t OldSize                                  = 70254592                                  {product} {ergonomic}
    uintx ProfiledCodeHeapSize                     = 122912730                              {pd product} {ergonomic}
    uintx ReservedCodeCacheSize                    = 251658240                              {pd product} {ergonomic}
     bool SegmentedCodeCache                       = true                                      {product} {ergonomic}
   size_t SoftMaxHeapSize                          = 2147483648                             {manageable} {ergonomic}
     bool UseCompressedOops                        = true                           {product lp64_product} {ergonomic}
     bool UseLargePagesIndividualAllocation        = false                                  {pd product} {ergonomic}
     bool UseParallelGC                            = true                                      {product} {command line}

Logging:
Log output configuration:
 #0: stdout all=off uptime,level,tags foldmultilines=false
 #1: stderr all=off uptime,level,tags foldmultilines=false

Environment Variables:
JAVA_HOME=C:\Program Files\OpenJDK\jdk-22.0.2
PATH=C:\Program Files\Common Files\Oracle\Java\javapath;C:\Program Files (x86)\OpenLogic\jre-8.0.382.05-hotspot\bin;C:\Program Files\Microsoft\jdk-11.0.18.10-hotspot\bin;C:\ProgramData\chocolatey\bin;C:\Users\AJ\AppData\Local\Android\Sdk\platform-tools;C:\WINDOWS\system32;C:\WINDOWS;C:\WINDOWS\System32\Wbem;C:\WINDOWS\System32\WindowsPowerShell\v1.0\;C:\WINDOWS\System32\OpenSSH\;C:\Users\AJ\AppData\Local\Programs\Python\Python312\;C:\Users\AJ\AppData\Local\Programs\Python\Python312\Scripts\;C:\Program Files\Git\cmd;C:\Program Files\Git\bin;C:\Program Files (x86)\Microsoft SQL Server\160\Tools\Binn\;C:\Program Files\Microsoft SQL Server\160\Tools\Binn\;C:\Program Files\Microsoft SQL Server\Client SDK\ODBC\170\Tools\Binn\;C:\Program Files\Microsoft SQL Server\160\DTS\Binn\;C:\Program Files\nodejs\;C:\Program Files (x86)\Microsoft SQL Server\160\DTS\Binn\;C:\Program Files\OpenJDK\jdk-22.0.2\bin;C:\Program Files (x86)\dotnet\;C:\Users\AJ\AppData\Local\Programs\Python\Python313\Scripts\;C:\Users\AJ\AppData\Local\Programs\Python\Python313\;C:\Users\AJ\AppData\Local\Programs\Python\Launcher\;C:\Users\AJ\AppData\Local\Microsoft\WindowsApps;C:\Users\AJ\AppData\Local\Programs\Microsoft VS Code\bin;C:\Users\AJ\AppData\Local\Android\Sdk\platform-tools;C:\Users\AJ\AppData\Local\JetBrains\IntelliJ IDEA 2024.1.3\bin;;C:\Users\AJ\AppData\Roaming\npm;C:\Users\AJ\AppData\Local\Programs\cursor\resources\app\bin
USERNAME=AJ
OS=Windows_NT
PROCESSOR_IDENTIFIER=Intel64 Family 6 Model 69 Stepping 1, GenuineIntel
TMP=C:\Users\AJ\AppData\Local\Temp
TEMP=C:\Users\AJ\AppData\Local\Temp




Periodic native trim disabled

---------------  S Y S T E M  ---------------

OS:
 Windows 10 , 64 bit Build 19041 (10.0.19041.5915)
OS uptime: 0 days 1:33 hours

CPU: total 4 (initial active 4) (2 cores per cpu, 2 threads per core) family 6 model 69 stepping 1 microcode 0x25, cx8, cmov, fxsr, ht, mmx, sse, sse2, sse3, ssse3, sse4.1, sse4.2, popcnt, lzcnt, tsc, tscinvbit, avx, avx2, aes, erms, clmul, bmi1, bmi2, fma, vzeroupper, clflush, rdtscp, f16c
Processor Information for the first 4 processors :
  Max Mhz: 2494, Current Mhz: 1895, Mhz Limit: 1895

Memory: 4k page, system-wide physical 7878M (1168M free)
TotalPageFile size 13761M (AvailPageFile size 68M)
current process WorkingSet (physical memory assigned to process): 68M, peak: 1359M
current process commit charge ("private bytes"): 1147M, peak: 1164M

vm_info: OpenJDK 64-Bit Server VM (21.0.8+9-LTS) for windows-amd64 JRE (21.0.8+9-LTS), built on 2025-07-15T00:00:00Z by "admin" with MS VC++ 17.7 (VS2022)

END.
