V  [jvm.dll+0x21564a]  (no source info available)
V  [jvm.dll+0x216071]  (no source info available)
V  [jvm.dll+0x20b3ae]  (no source info available)
V  [jvm.dll+0x5c4a8f]  (no source info available)
V  [jvm.dll+0x7ec826]  (no source info available)
V  [jvm.dll+0x47ce96]  (no source info available)
V  [jvm.dll+0x482d48]  (no source info available)
C  [java.dll+0x17e4]  (no source info available)

Java frames: (J=compiled Java code, j=interpreted, Vv=VM code)
J 919  java.lang.ClassLoader.defineClass1(Ljava/lang/ClassLoader;Ljava/lang/String;[BIILjava/security/ProtectionDomain;Ljava/lang/String;)Ljava/lang/Class; java.base@22.0.2 (0 bytes) @ 0x00000242659a3871 [0x00000242659a37a0+0x00000000000000d1]
J 1072 c1 java.lang.ClassLoader.defineClass(Ljava/lang/String;[BIILjava/security/ProtectionDomain;)Ljava/lang/Class; java.base@22.0.2 (43 bytes) @ 0x000002425e06e4f4 [0x000002425e06e1a0+0x0000000000000354]
J 1012 c1 java.security.SecureClassLoader.defineClass(Ljava/lang/String;[BIILjava/security/CodeSource;)Ljava/lang/Class; java.base@22.0.2 (16 bytes) @ 0x000002425e05251c [0x000002425e052440+0x00000000000000dc]
J 1069 c1 java.net.URLClassLoader.defineClass(Ljava/lang/String;Ljdk/internal/loader/Resource;)Ljava/lang/Class; java.base@22.0.2 (224 bytes) @ 0x000002425e06b594 [0x000002425e069b80+0x0000000000001a14]
J 915 c1 java.net.URLClassLoader$1.run()Ljava/lang/Class; java.base@22.0.2 (81 bytes) @ 0x000002425e0195cc [0x000002425e0189c0+0x0000000000000c0c]
J 827 c1 java.net.URLClassLoader$1.run()Ljava/lang/Object; java.base@22.0.2 (5 bytes) @ 0x000002425dfee454 [0x000002425dfee3c0+0x0000000000000094]
J 768 c1 java.security.AccessController.doPrivileged(Ljava/security/PrivilegedExceptionAction;Ljava/security/AccessControlContext;)Ljava/lang/Object; java.base@22.0.2 (26 bytes) @ 0x000002425dfc9e94 [0x000002425dfc9ca0+0x00000000000001f4]
J 825 c1 java.net.URLClassLoader.findClass(Ljava/lang/String;)Ljava/lang/Class; java.base@22.0.2 (47 bytes) @ 0x000002425dfed724 [0x000002425dfed580+0x00000000000001a4]
J 797 c1 java.lang.ClassLoader.loadClass(Ljava/lang/String;Z)Ljava/lang/Class; java.base@22.0.2 (121 bytes) @ 0x000002425dfd64a4 [0x000002425dfd5ee0+0x00000000000005c4]
J 774 c1 java.lang.ClassLoader.loadClass(Ljava/lang/String;)Ljava/lang/Class; java.base@22.0.2 (7 bytes) @ 0x000002425dfcce54 [0x000002425dfccd40+0x0000000000000114]
v  ~StubRoutines::call_stub 0x00000242653a100d
j  org.gradle.launcher.daemon.client.DaemonClientServicesSupport.createDaemonConnector(Lorg/gradle/launcher/daemon/registry/DaemonRegistry;Lorg/gradle/internal/remote/internal/OutgoingConnector;Lorg/gradle/launcher/daemon/client/DaemonStarter;Lorg/gradle/internal/event/ListenerManager;Lorg/gradle/internal/logging/progress/ProgressLoggerFactory;Lorg/gradle/internal/serialize/Serializer;)Lorg/gradle/launcher/daemon/client/DaemonConnector;+23
j  java.lang.invoke.LambdaForm$DMH+0x00000242010f8c00.invokeVirtual(Ljava/lang/Object;Ljava/lang/Object;Ljava/lang/Object;Ljava/lang/Object;Ljava/lang/Object;Ljava/lang/Object;Ljava/lang/Object;Ljava/lang/Object;)Ljava/lang/Object;+22 java.base@22.0.2
j  java.lang.invoke.LambdaForm$MH+0x0000024201109400.invoke(Ljava/lang/Object;Ljava/lang/Object;Ljava/lang/Object;)Ljava/lang/Object;+194 java.base@22.0.2
j  java.lang.invoke.Invokers$Holder.invokeExact_MT(Ljava/lang/Object;Ljava/lang/Object;Ljava/lang/Object;Ljava/lang/Object;)Ljava/lang/Object;+20 java.base@22.0.2
j  jdk.internal.reflect.DirectMethodHandleAccessor.invokeImpl(Ljava/lang/Object;[Ljava/lang/Object;)Ljava/lang/Object;+104 java.base@22.0.2
j  jdk.internal.reflect.DirectMethodHandleAccessor.invoke(Ljava/lang/Object;[Ljava/lang/Object;)Ljava/lang/Object;+23 java.base@22.0.2
j  java.lang.reflect.Method.invoke(Ljava/lang/Object;[Ljava/lang/Object;)Ljava/lang/Object;+102 java.base@22.0.2
j  org.gradle.internal.reflect.JavaMethod.invoke(Ljava/lang/Object;[Ljava/lang/Object;)Ljava/lang/Object;+6
j  org.gradle.internal.service.ReflectionBasedServiceMethod.invoke(Ljava/lang/Object;[Ljava/lang/Object;)Ljava/lang/Object;+6
j  org.gradle.internal.service.DefaultServiceRegistry$FactoryMethodService.invokeMethod([Ljava/lang/Object;)Ljava/lang/Object;+28
j  org.gradle.internal.service.DefaultServiceRegistry$FactoryService.createServiceInstance()Ljava/lang/Object;+7
j  org.gradle.internal.service.DefaultServiceRegistry$FactoryMethodService.createServiceInstance()Ljava/lang/Object;+1
j  org.gradle.internal.service.DefaultServiceRegistry$ManagedObjectServiceProvider.getInstance()Ljava/lang/Object;+24
j  org.gradle.internal.service.DefaultServiceRegistry$SingletonService.get()Ljava/lang/Object;+1
j  org.gradle.internal.service.DefaultServiceRegistry$FactoryService.assembleParameters()[Ljava/lang/Object;+44
j  org.gradle.internal.service.DefaultServiceRegistry$FactoryService.createServiceInstance()Ljava/lang/Object;+1
j  org.gradle.internal.service.DefaultServiceRegistry$FactoryMethodService.createServiceInstance()Ljava/lang/Object;+1
j  org.gradle.internal.service.DefaultServiceRegistry$ManagedObjectServiceProvider.getInstance()Ljava/lang/Object;+24
j  org.gradle.internal.service.DefaultServiceRegistry$SingletonService.get()Ljava/lang/Object;+1
j  org.gradle.internal.service.DefaultServiceRegistry.find(Ljava/lang/reflect/Type;)Ljava/lang/Object;+22
j  org.gradle.internal.service.DefaultServiceRegistry.get(Ljava/lang/reflect/Type;)Ljava/lang/Object;+2
j  org.gradle.internal.service.DefaultServiceRegistry.get(Ljava/lang/Class;)Ljava/lang/Object;+3
j  org.gradle.launcher.cli.BuildActionsFactory.runBuildWithDaemon(Lorg/gradle/api/internal/StartParameterInternal;Lorg/gradle/launcher/daemon/configuration/DaemonParameters;Lorg/gradle/launcher/daemon/context/DaemonRequestContext;)Ljava/lang/Runnable;+36
j  org.gradle.launcher.cli.BuildActionsFactory.createAction(Lorg/gradle/cli/CommandLineParser;Lorg/gradle/cli/ParsedCommandLine;Lorg/gradle/launcher/cli/Parameters;)Lorg/gradle/api/Action;+148
j  org.gradle.launcher.cli.DefaultCommandLineActionFactory$ParseAndBuildAction.createAction(Lorg/gradle/cli/CommandLineParser;Lorg/gradle/cli/ParsedCommandLine;Lorg/gradle/launcher/cli/Parameters;)Lorg/gradle/api/Action;+48
j  org.gradle.launcher.cli.DefaultCommandLineActionFactory$ParseAndBuildAction.execute(Lorg/gradle/launcher/bootstrap/ExecutionListener;)V+97
j  org.gradle.launcher.cli.DefaultCommandLineActionFactory$ParseAndBuildAction.execute(Ljava/lang/Object;)V+5
j  org.gradle.launcher.cli.DebugLoggerWarningAction.execute(Lorg/gradle/launcher/bootstrap/ExecutionListener;)V+9
j  org.gradle.launcher.cli.DebugLoggerWarningAction.execute(Ljava/lang/Object;)V+5
j  org.gradle.launcher.cli.WelcomeMessageAction.execute(Lorg/gradle/launcher/bootstrap/ExecutionListener;)V+218
j  org.gradle.launcher.cli.WelcomeMessageAction.execute(Ljava/lang/Object;)V+5
j  org.gradle.launcher.cli.NativeServicesInitializingAction.execute(Lorg/gradle/launcher/bootstrap/ExecutionListener;)V+38
j  org.gradle.launcher.cli.NativeServicesInitializingAction.execute(Ljava/lang/Object;)V+5
j  org.gradle.launcher.cli.ExceptionReportingAction.execute(Lorg/gradle/launcher/bootstrap/ExecutionListener;)V+5
j  org.gradle.launcher.cli.ExceptionReportingAction.execute(Ljava/lang/Object;)V+5
j  org.gradle.launcher.cli.DefaultCommandLineActionFactory$WithLogging.execute(Lorg/gradle/launcher/bootstrap/ExecutionListener;)V+309
j  org.gradle.launcher.Main.doAction([Ljava/lang/String;Lorg/gradle/launcher/bootstrap/ExecutionListener;)V+14
j  org.gradle.launcher.bootstrap.EntryPoint.run([Ljava/lang/String;)V+12
j  java.lang.invoke.DirectMethodHandle$Holder.invokeVirtual(Ljava/lang/Object;Ljava/lang/Object;Ljava/lang/Object;)V+11 java.base@22.0.2
j  java.lang.invoke.LambdaForm$MH+0x0000024201012800.invoke(Ljava/lang/Object;Ljava/lang/Object;Ljava/lang/Object;)Ljava/lang/Object;+52 java.base@22.0.2
j  java.lang.invoke.Invokers$Holder.invokeExact_MT(Ljava/lang/Object;Ljava/lang/Object;Ljava/lang/Object;Ljava/lang/Object;)Ljava/lang/Object;+20 java.base@22.0.2
j  jdk.internal.reflect.DirectMethodHandleAccessor.invokeImpl(Ljava/lang/Object;[Ljava/lang/Object;)Ljava/lang/Object;+55 java.base@22.0.2
j  jdk.internal.reflect.DirectMethodHandleAccessor.invoke(Ljava/lang/Object;[Ljava/lang/Object;)Ljava/lang/Object;+23 java.base@22.0.2
j  java.lang.reflect.Method.invoke(Ljava/lang/Object;[Ljava/lang/Object;)Ljava/lang/Object;+102 java.base@22.0.2
j  org.gradle.launcher.bootstrap.ProcessBootstrap.runNoExit(Ljava/lang/String;Ljava/lang/String;Ljava/lang/String;[Ljava/lang/String;)V+205
j  org.gradle.launcher.bootstrap.ProcessBootstrap.run(Ljava/lang/String;Ljava/lang/String;Ljava/lang/String;[Ljava/lang/String;)V+4
j  org.gradle.launcher.GradleMain.main([Ljava/lang/String;)V+68
j  java.lang.invoke.LambdaForm$DMH+0x0000024201004400.invokeStatic(Ljava/lang/Object;Ljava/lang/Object;)V+10 java.base@22.0.2
j  java.lang.invoke.LambdaForm$MH+0x0000024201008000.invoke(Ljava/lang/Object;Ljava/lang/Object;Ljava/lang/Object;)Ljava/lang/Object;+33 java.base@22.0.2
j  java.lang.invoke.Invokers$Holder.invokeExact_MT(Ljava/lang/Object;Ljava/lang/Object;Ljava/lang/Object;Ljava/lang/Object;)Ljava/lang/Object;+20 java.base@22.0.2
j  jdk.internal.reflect.DirectMethodHandleAccessor.invokeImpl(Ljava/lang/Object;[Ljava/lang/Object;)Ljava/lang/Object;+55 java.base@22.0.2
j  jdk.internal.reflect.DirectMethodHandleAccessor.invoke(Ljava/lang/Object;[Ljava/lang/Object;)Ljava/lang/Object;+23 java.base@22.0.2
j  java.lang.reflect.Method.invoke(Ljava/lang/Object;[Ljava/lang/Object;)Ljava/lang/Object;+102 java.base@22.0.2
j  org.gradle.wrapper.GradleWrapperMain.main([Ljava/lang/String;)V+1826
v  ~StubRoutines::call_stub 0x00000242653a100d

Compiled method (n/a) 3869  919     n 0       java.lang.ClassLoader::defineClass1 (native)
 total in heap  [0x00000242659a3610,0x00000242659a3c50] = 1600
 relocation     [0x00000242659a3768,0x00000242659a37a0] = 56
 main code      [0x00000242659a37a0,0x00000242659a3c4f] = 1199
 stub code      [0x00000242659a3c4f,0x00000242659a3c50] = 1

[Constant Pool (empty)]

[MachCode]
[Entry Point]
  # {method} {0x00000242003fde78} 'defineClass1' '(Ljava/lang/ClassLoader;Ljava/lang/String;[BIILjava/security/ProtectionDomain;Ljava/lang/String;)Ljava/lang/Class;' in 'java/lang/ClassLoader'
  # parm0:    rdx:rdx   = 'java/lang/ClassLoader'
  # parm1:    r8:r8     = 'java/lang/String'
  # parm2:    r9:r9     = '[B'
  # parm3:    rdi       = int
  # parm4:    rsi       = int
  # parm5:    rcx:rcx   = 'java/security/ProtectionDomain'
  # parm6:    [sp+0xa0]   = 'java/lang/String'  (sp of caller)
  0x00000242659a37a0: 448b 5208 | 49bb 0000 | 0000 4202 | 0000 4d03 | d349 3bc2 | 0f84 0600 

  0x00000242659a37b8: ;   {runtime_call ic_miss_stub}
  0x00000242659a37b8: 0000 e9c1 | afa4 ff90 
[Verified Entry Point]
  0x00000242659a37c0: 8984 2400 | 80ff ff55 | 488b ec48 | 81ec 9000 | 0000 6690 | 4181 7f20 | 0100 0000 

  0x00000242659a37dc: ;   {runtime_call StubRoutines (final stubs)}
  0x00000242659a37dc: 7405 e8fd | 14a3 ff48 | 837d 1000 | 488d 4510 | 480f 4445 | 1048 8944 | 2440 4889 | 4c24 7048 
  0x00000242659a37fc: 83f9 0048 | 8d44 2470 | 480f 4444 | 2470 4889 | 4424 3848 | 8974 2430 | 4889 7c24 | 284c 894c 
  0x00000242659a381c: 2458 4983 | f900 488d | 4424 5848 | 0f44 4424 | 5848 8944 | 2420 4c89 | 4424 5049 | 83f8 004c 
  0x00000242659a383c: 8d4c 2450 | 4c0f 444c | 2450 4889 | 5424 4848 | 83fa 004c | 8d44 2448 | 4c0f 4444 

  0x00000242659a3858: ;   {oop(a 'java/lang/Class'{0x00000000fe5ca9c8} = 'java/lang/ClassLoader')}
  0x00000242659a3858: 2448 49be | c8a9 5cfe | 0000 0000 | 4c89 7424 | 784c 8d74 | 2478 498b | d6c5 f877 

  0x00000242659a3874: ;   {internal_word}
  0x00000242659a3874: 49ba 7138 | 9a65 4202 | 0000 4d89 | 97a8 0300 | 0049 89a7 | a003 0000 

  0x00000242659a388c: ;   {external_word}
  0x00000242659a388c: 49ba 6c40 | 06a4 fa7f | 0000 4180 | 3a00 0f84 | 4e00 0000 | 5241 5041 

  0x00000242659a38a4: ;   {metadata({method} {0x00000242003fde78} 'defineClass1' '(Ljava/lang/ClassLoader;Ljava/lang/String;[BIILjava/security/ProtectionDomain;Ljava/lang/String;)Ljava/lang/Class;' in 'java/lang/ClassLoader')}
  0x00000242659a38a4: 5148 ba70 | de3f 0042 | 0200 0049 | 8bcf 4883 | ec20 40f6 | c40f 0f84 | 1900 0000 | 4883 ec08 
  0x00000242659a38c4: ;   {runtime_call}
  0x00000242659a38c4: 48b8 80b9 | b6a3 fa7f | 0000 ffd0 | 4883 c408 | e90c 0000 

  0x00000242659a38d8: ;   {runtime_call}
  0x00000242659a38d8: 0048 b880 | b9b6 a3fa | 7f00 00ff | d048 83c4 | 2041 5941 | 585a 498d | 8fc0 0300 | 0041 c787 
  0x00000242659a38f8: 5404 0000 | 0400 0000 

  0x00000242659a3900: ;   {runtime_call}
  0x00000242659a3900: 48b8 a416 | b4ed fa7f | 0000 ffd0 | c5f8 7741 | c787 5404 | 0000 0500 | 0000 f083 | 4424 c000 
  0x00000242659a3920: 493b af58 | 0400 000f | 870e 0000 | 0041 83bf | 5004 0000 | 000f 842b | 0000 00c5 | f877 4889 
  0x00000242659a3940: 45f8 498b | cf4c 8be4 | 4883 ec20 | 4883 e4f0 

  0x00000242659a3950: ;   {runtime_call}
  0x00000242659a3950: 48b8 4023 | 81a3 fa7f | 0000 ffd0 | 498b e44d | 33e4 488b | 45f8 41c7 | 8754 0400 | 0008 0000 
  0x00000242659a3970: 0041 83bf | d004 0000 | 020f 84a3 

  0x00000242659a397c: ;   {external_word}
  0x00000242659a397c: 0200 0049 | ba6c 4006 | a4fa 7f00 | 0041 803a | 000f 844c | 0000 0048 

  0x00000242659a3994: ;   {metadata({method} {0x00000242003fde78} 'defineClass1' '(Ljava/lang/ClassLoader;Ljava/lang/String;[BIILjava/security/ProtectionDomain;Ljava/lang/String;)Ljava/lang/Class;' in 'java/lang/ClassLoader')}
  0x00000242659a3994: 8945 f848 | ba70 de3f | 0042 0200 | 0049 8bcf | 4883 ec20 | 40f6 c40f | 0f84 1900 | 0000 4883 
  0x00000242659a39b4: ;   {runtime_call}
  0x00000242659a39b4: ec08 48b8 | 80b9 b6a3 | fa7f 0000 | ffd0 4883 | c408 e90c 

  0x00000242659a39c8: ;   {runtime_call}
  0x00000242659a39c8: 0000 0048 | b880 b9b6 | a3fa 7f00 | 00ff d048 | 83c4 2048 | 8b45 f849 | c787 a003 | 0000 0000 
  0x00000242659a39e8: 0000 49c7 | 87a8 0300 | 0000 0000 | 00c5 f877 | 4885 c00f | 84fe 0100 | 00a8 030f | 8508 0000 
  0x00000242659a3a08: 0048 8b00 | e9ee 0100 | 00a8 010f | 8509 0000 | 0048 8b40 | fee9 dd01 | 0000 488b | 40ff 4180 
  0x00000242659a3a28: 7f38 000f | 84ce 0100 | 0048 83f8 | 000f 84c4 | 0100 0049 | 8b4f 2848 | 83f9 000f | 8414 0000 
  0x00000242659a3a48: 0048 83e9 | 0849 894f | 2849 034f | 3048 8901 | e9a2 0100 | 0048 81ec | d000 0000 | 4889 0424 
  0x00000242659a3a68: 4889 4c24 | 0848 8954 | 2410 4889 | 7424 1848 | 897c 2420 | 4c89 4424 | 284c 894c | 2430 4c89 
  0x00000242659a3a88: 5424 384c | 895c 2440 | c5fb 1144 | 2450 c5fb | 114c 2458 | c5fb 1154 | 2460 c5fb | 115c 2468 
  0x00000242659a3aa8: c5fb 1164 | 2470 c5fb | 116c 2478 | c5fb 11b4 | 2480 0000 | 00c5 fb11 | bc24 8800 | 0000 c57b 
  0x00000242659a3ac8: ;   {no_reloc}
  0x00000242659a3ac8: 1184 2490 | 0000 00c5 | 7b11 8c24 | 9800 0000 | c57b 1194 | 24a0 0000 | 00c5 7b11 | 9c24 a800 
  0x00000242659a3ae8: 0000 c57b | 11a4 24b0 | 0000 00c5 | 7b11 ac24 | b800 0000 | c57b 11b4 | 24c0 0000 | 00c5 7b11 
  0x00000242659a3b08: bc24 c800 | 0000 498b | d748 8bc8 | 4883 ec20 | 40f6 c40f | 0f84 1900 | 0000 4883 

  0x00000242659a3b24: ;   {runtime_call}
  0x00000242659a3b24: ec08 48b8 | 303f 74a3 | fa7f 0000 | ffd0 4883 | c408 e90c 

  0x00000242659a3b38: ;   {runtime_call}
  0x00000242659a3b38: 0000 0048 | b830 3f74 | a3fa 7f00 | 00ff d048 | 83c4 20c5 | 7b10 bc24 | c800 0000 | c57b 10b4 
  0x00000242659a3b58: 24c0 0000 | 00c5 7b10 | ac24 b800 | 0000 c57b | 10a4 24b0 | 0000 00c5 | 7b10 9c24 | a800 0000 
  0x00000242659a3b78: c57b 1094 | 24a0 0000 | 00c5 7b10 | 8c24 9800 | 0000 c57b | 1084 2490 | 0000 00c5 | fb10 bc24 
  0x00000242659a3b98: 8800 0000 | c5fb 10b4 | 2480 0000 | 00c5 fb10 | 6c24 78c5 | fb10 6424 | 70c5 fb10 | 5c24 68c5 
  0x00000242659a3bb8: fb10 5424 | 60c5 fb10 | 4c24 58c5 | fb10 4424 | 504c 8b5c | 2440 4c8b | 5424 384c | 8b4c 2430 
  0x00000242659a3bd8: 4c8b 4424 | 2848 8b7c | 2420 488b | 7424 1848 | 8b54 2410 | 488b 4c24 | 0848 8b04 | 2448 81c4 
  0x00000242659a3bf8: d000 0000 | c5f8 7749 | 8b8f 3004 | 0000 c781 | 0001 0000 | 0000 0000 | c949 837f | 0800 0f85 
  0x00000242659a3c18: 0100 0000 

  0x00000242659a3c1c: ;   {runtime_call StubRoutines (initial stubs)}
  0x00000242659a3c1c: c3e9 ded2 | 9fff c5f8 | 7748 8945 | f84c 8be4 | 4883 ec20 | 4883 e4f0 

  0x00000242659a3c34: ;   {runtime_call}
  0x00000242659a3c34: 48b8 d0f1 | b6a3 fa7f | 0000 ffd0 | 498b e44d | 33e4 488b | 45f8 e930 | fdff fff4 
[/MachCode]


Compiled method (c1) 3888 1072       3       java.lang.ClassLoader::defineClass (43 bytes)
 total in heap  [0x000002425e06df90,0x000002425e06e8e0] = 2384
 relocation     [0x000002425e06e0e8,0x000002425e06e188] = 160
 main code      [0x000002425e06e1a0,0x000002425e06e638] = 1176
 stub code      [0x000002425e06e638,0x000002425e06e6b0] = 120
 metadata       [0x000002425e06e6b0,0x000002425e06e6e0] = 48
 scopes data    [0x000002425e06e6e0,0x000002425e06e7d0] = 240
 scopes pcs     [0x000002425e06e7d0,0x000002425e06e8b0] = 224
 dependencies   [0x000002425e06e8b0,0x000002425e06e8b8] = 8
 nul chk table  [0x000002425e06e8b8,0x000002425e06e8e0] = 40

[Constant Pool (empty)]

[MachCode]
[Entry Point]
  # {method} {0x00000242003fe1f8} 'defineClass' '(Ljava/lang/String;[BIILjava/security/ProtectionDomain;)Ljava/lang/Class;' in 'java/lang/ClassLoader'
  # this:     rdx:rdx   = 'java/lang/ClassLoader'
  # parm0:    r8:r8     = 'java/lang/String'
  # parm1:    r9:r9     = '[B'
  # parm2:    rdi       = int
  # parm3:    rsi       = int
  # parm4:    rcx:rcx   = 'java/security/ProtectionDomain'
  #           [sp+0xc0]  (sp of caller)
  0x000002425e06e1a0: 448b 5208 | 49bb 0000 | 0000 4202 | 0000 4d03 | d34c 3bd0 

  0x000002425e06e1b4: ;   {runtime_call ic_miss_stub}
  0x000002425e06e1b4: 0f85 c605 | 3807 660f | 1f44 0000 
[Verified Entry Point]
  0x000002425e06e1c0: 8984 2400 | 80ff ff55 | 4881 ecb0 | 0000 0090 | 4181 7f20 | 0100 0000 

  0x000002425e06e1d8: ;   {runtime_call StubRoutines (final stubs)}
  0x000002425e06e1d8: 7405 e801 | 6b36 0748 | 8954 2478 

  0x000002425e06e1e4: ;   {metadata(method data for {method} {0x00000242003fe1f8} 'defineClass' '(Ljava/lang/String;[BIILjava/security/ProtectionDomain;)Ljava/lang/Class;' in 'java/lang/ClassLoader')}
  0x000002425e06e1e4: 48bb c854 | 1d42 4202 | 0000 8b83 | cc00 0000 | 83c0 0289 | 83cc 0000 | 0025 fe07 | 0000 85c0 
  0x000002425e06e204: 0f84 5003 | 0000 89b4 | 2494 0000 | 0089 bc24 | 9000 0000 | 4c89 8c24 | 8800 0000 

  0x000002425e06e220: ;   {metadata(method data for {method} {0x00000242003fe1f8} 'defineClass' '(Ljava/lang/String;[BIILjava/security/ProtectionDomain;)Ljava/lang/Class;' in 'java/lang/ClassLoader')}
  0x000002425e06e220: 488b da48 | b8c8 541d | 4242 0200 | 0048 8380 | 1801 0000 | 0149 8bd8 | 4c8b c34c | 8bc9 488b 
  0x000002425e06e240: ca48 8bd1 | 4889 9c24 | 8000 0000 

  0x000002425e06e24c: ;   {optimized virtual_call}
  0x000002425e06e24c: 6666 90e8 

  0x000002425e06e250: ; ImmutableOopMap {[120]=Oop [128]=Oop [136]=Oop }
                      ;*invokevirtual preDefineClass {reexecute=0 rethrow=0 return_oop=0}
                      ; - java.lang.ClassLoader::defineClass@4 (line 1021)
  0x000002425e06e250: 4c83 feff 

  0x000002425e06e254: ;   {other}
  0x000002425e06e254: 0f1f 8400 | c402 0000 | 4889 8424 | 9800 0000 | 488b 5424 

  0x000002425e06e268: ;   {metadata(method data for {method} {0x00000242003fe1f8} 'defineClass' '(Ljava/lang/String;[BIILjava/security/ProtectionDomain;)Ljava/lang/Class;' in 'java/lang/ClassLoader')}
  0x000002425e06e268: 7849 b8c8 | 541d 4242 | 0200 0049 | 8380 4801 

  0x000002425e06e278: ;   {metadata(method data for {method} {0x00000242003fdee0} 'defineClassSourceLocation' '(Ljava/security/ProtectionDomain;)Ljava/lang/String;' in 'java/lang/ClassLoader')}
  0x000002425e06e278: 0000 0149 | b848 6a1d | 4242 0200 | 0041 8b90 | cc00 0000 | 83c2 0241 | 8990 cc00 | 0000 81e2 
  0x000002425e06e298: feff 1f00 | 85d2 0f84 | d702 0000 

  0x000002425e06e2a4: ; implicit exception: dispatches to 0x000002425e06e59c
  0x000002425e06e2a4: 483b 004c 

  0x000002425e06e2a8: ;   {metadata(method data for {method} {0x00000242003fdee0} 'defineClassSourceLocation' '(Ljava/security/ProtectionDomain;)Ljava/lang/String;' in 'java/lang/ClassLoader')}
  0x000002425e06e2a8: 8bc0 48ba | 486a 1d42 | 4202 0000 | 4883 8218 | 0100 0001 | 448b 4010 

  0x000002425e06e2c0: ;   {metadata(method data for {method} {0x00000242003fdee0} 'defineClassSourceLocation' '(Ljava/security/ProtectionDomain;)Ljava/lang/String;' in 'java/lang/ClassLoader')}
  0x000002425e06e2c0: 4d85 c048 | ba48 6a1d | 4242 0200 | 0048 c7c6 | 5801 0000 | 7507 48c7 | c648 0100 | 0048 8b3c 
  0x000002425e06e2e0: 3248 8d7f | 0148 893c | 320f 850f 

  0x000002425e06e2ec: ;   {oop(nullptr)}
  0x000002425e06e2ec: 0000 0048 | bb00 0000 | 0000 0000 | 00e9 a101 | 0000 493b | 0049 8bd0 

  0x000002425e06e304: ;   {metadata(method data for {method} {0x00000242003fdee0} 'defineClassSourceLocation' '(Ljava/security/ProtectionDomain;)Ljava/lang/String;' in 'java/lang/ClassLoader')}
  0x000002425e06e304: 48be 486a | 1d42 4202 | 0000 4883 | 8668 0100 | 0001 418b | 500c 4885 

  0x000002425e06e31c: ;   {metadata(method data for {method} {0x00000242003fdee0} 'defineClassSourceLocation' '(Ljava/security/ProtectionDomain;)Ljava/lang/String;' in 'java/lang/ClassLoader')}
  0x000002425e06e31c: d248 be48 | 6a1d 4242 | 0200 0048 | c7c7 a801 | 0000 7507 | 48c7 c798 | 0100 0048 | 8b1c 3e48 
  0x000002425e06e33c: 8d5b 0148 | 891c 3e0f | 850f 0000 

  0x000002425e06e348: ;   {oop(nullptr)}
  0x000002425e06e348: 0048 bb00 | 0000 0000 | 0000 00e9 | 4701 0000 

  0x000002425e06e358: ;   {metadata(method data for {method} {0x00000242003fdee0} 'defineClassSourceLocation' '(Ljava/security/ProtectionDomain;)Ljava/lang/String;' in 'java/lang/ClassLoader')}
  0x000002425e06e358: 48be 486a | 1d42 4202 | 0000 4883 | 86b8 0100 | 0001 483b | 024c 8bc2 

  0x000002425e06e370: ;   {metadata(method data for {method} {0x00000242003fdee0} 'defineClassSourceLocation' '(Ljava/security/ProtectionDomain;)Ljava/lang/String;' in 'java/lang/ClassLoader')}
  0x000002425e06e370: 48be 486a | 1d42 4202 | 0000 4883 | 86e8 0100 

  0x000002425e06e380: ;   {metadata(method data for {method} {0x000002420001a690} 'toString' '()Ljava/lang/String;' in 'java/net/URL')}
  0x000002425e06e380: 0001 49b8 | 8838 1442 | 4202 0000 | 418b b0cc | 0000 0083 | c602 4189 | b0cc 0000 | 0081 e6fe 
  0x000002425e06e3a0: ff1f 0085 | f60f 8400 | 0200 004c 

  0x000002425e06e3ac: ;   {metadata(method data for {method} {0x000002420001a690} 'toString' '()Ljava/lang/String;' in 'java/net/URL')}
  0x000002425e06e3ac: 8bc2 48be | 8838 1442 | 4202 0000 | 4883 8618 | 0100 0001 

  0x000002425e06e3c0: ;   {metadata(method data for {method} {0x00000242003f2ad8} 'toExternalForm' '()Ljava/lang/String;' in 'java/net/URL')}
  0x000002425e06e3c0: 49b8 103a | 1442 4202 | 0000 418b | b0cc 0000 | 0083 c602 | 4189 b0cc | 0000 0081 | e6fe ff1f 
  0x000002425e06e3e0: 0085 f60f | 84e3 0100 | 008b 7238 

  0x000002425e06e3ec: ; implicit exception: dispatches to 0x000002425e06e5ed
  0x000002425e06e3ec: 483b 064c 

  0x000002425e06e3f0: ;   {metadata(method data for {method} {0x00000242003f2ad8} 'toExternalForm' '()Ljava/lang/String;' in 'java/net/URL')}
  0x000002425e06e3f0: 8bc6 48bf | 103a 1442 | 4202 0000 | 458b 4008 | 49ba 0000 | 0000 4202 | 0000 4d03 | c24c 3b87 
  0x000002425e06e410: 2001 0000 | 750d 4883 | 8728 0100 | 0001 e960 | 0000 004c | 3b87 3001 | 0000 750d | 4883 8738 
  0x000002425e06e430: 0100 0001 | e94a 0000 | 0048 83bf | 2001 0000 | 0075 174c | 8987 2001 | 0000 48c7 | 8728 0100 
  0x000002425e06e450: 0001 0000 | 00e9 2900 | 0000 4883 | bf30 0100 | 0000 7517 | 4c89 8730 | 0100 0048 | c787 3801 
  0x000002425e06e470: 0000 0100 | 0000 e908 | 0000 0048 | 8387 1801 | 0000 014c | 8bc2 488b | d666 0f1f 

  0x000002425e06e48c: ;   {optimized virtual_call}
  0x000002425e06e48c: 4400 00e8 

  0x000002425e06e490: ; ImmutableOopMap {[120]=Oop [128]=Oop [136]=Oop [152]=Oop }
                      ;*invokevirtual toExternalForm {reexecute=0 rethrow=0 return_oop=0}
                      ; - java.net.URL::toExternalForm@5 (line 1203)
                      ; - java.net.URL::toString@1 (line 1189)
                      ; - java.lang.ClassLoader::defineClassSourceLocation@22 (line 925)
                      ; - java.lang.ClassLoader::defineClass@12 (line 1022)
  0x000002425e06e490: 0c27 f9ff 

  0x000002425e06e494: ;   {other}
  0x000002425e06e494: 0f1f 8400 | 0405 0001 | 488b d848 | 8b84 2498 | 0000 008b | b424 9400 | 0000 8bbc | 2490 0000 
  0x000002425e06e4b4: 004c 8b8c | 2488 0000 | 004c 8b84 | 2480 0000 | 0048 8b54 

  0x000002425e06e4c8: ;   {metadata(method data for {method} {0x00000242003fe1f8} 'defineClass' '(Ljava/lang/String;[BIILjava/security/ProtectionDomain;)Ljava/lang/Class;' in 'java/lang/ClassLoader')}
  0x000002425e06e4c8: 2478 48b9 | c854 1d42 | 4202 0000 | 4883 8178 | 0100 0001 | 4c8b da49 | 8bd3 488b | c848 891c 
  0x000002425e06e4e8: 2466 0f1f 

  0x000002425e06e4ec: ;   {static_call}
  0x000002425e06e4ec: 4400 00e8 

  0x000002425e06e4f0: ; ImmutableOopMap {[120]=Oop [152]=Oop }
                      ;*invokestatic defineClass1 {reexecute=0 rethrow=0 return_oop=0}
                      ; - java.lang.ClassLoader::defineClass@27 (line 1023)
  0x000002425e06e4f0: cc52 9307 

  0x000002425e06e4f4: ;   {other}
  0x000002425e06e4f4: 0f1f 8400 | 6405 0002 | 488b 5424 

  0x000002425e06e500: ;   {metadata(method data for {method} {0x00000242003fe1f8} 'defineClass' '(Ljava/lang/String;[BIILjava/security/ProtectionDomain;)Ljava/lang/Class;' in 'java/lang/ClassLoader')}
  0x000002425e06e500: 7849 b8c8 | 541d 4242 | 0200 0049 | 8380 8801 | 0000 014c | 8bc0 4c8b | 8c24 9800 | 0000 488b 
  0x000002425e06e520: 5424 7848 | 8984 24a0 | 0000 000f 

  0x000002425e06e52c: ;   {optimized virtual_call}
  0x000002425e06e52c: 1f40 00e8 

  0x000002425e06e530: ; ImmutableOopMap {[160]=Oop }
                      ;*invokevirtual postDefineClass {reexecute=0 rethrow=0 return_oop=0}
                      ; - java.lang.ClassLoader::defineClass@37 (line 1024)
  0x000002425e06e530: ec05 0000 

  0x000002425e06e534: ;   {other}
  0x000002425e06e534: 0f1f 8400 | a405 0003 | 488b 8424 | a000 0000 | 4881 c4b0 | 0000 005d 

  0x000002425e06e54c: ;   {poll_return}
  0x000002425e06e54c: 493b a758 | 0400 000f | 8799 0000 

  0x000002425e06e558: ;   {metadata({method} {0x00000242003fe1f8} 'defineClass' '(Ljava/lang/String;[BIILjava/security/ProtectionDomain;)Ljava/lang/Class;' in 'java/lang/ClassLoader')}
  0x000002425e06e558: 00c3 49ba | f0e1 3f00 | 4202 0000 | 4c89 5424 | 0848 c704 | 24ff ffff 

  0x000002425e06e570: ;   {runtime_call counter_overflow Runtime1 stub}
  0x000002425e06e570: ffe8 0ad5 

  0x000002425e06e574: ; ImmutableOopMap {rdx=Oop r8=Oop r9=Oop rcx=Oop [120]=Oop }
                      ;*synchronization entry
                      ; - java.lang.ClassLoader::defineClass@-1 (line 1021)
  0x000002425e06e574: 4407 e98f 

  0x000002425e06e578: ;   {metadata({method} {0x00000242003fdee0} 'defineClassSourceLocation' '(Ljava/security/ProtectionDomain;)Ljava/lang/String;' in 'java/lang/ClassLoader')}
  0x000002425e06e578: fcff ff49 | bad8 de3f | 0042 0200 | 004c 8954 | 2408 48c7 | 0424 ffff 

  0x000002425e06e590: ;   {runtime_call counter_overflow Runtime1 stub}
  0x000002425e06e590: ffff e8e9 

  0x000002425e06e594: ; ImmutableOopMap {rax=Oop [120]=Oop [128]=Oop [136]=Oop [152]=Oop }
                      ;*synchronization entry
                      ; - java.lang.ClassLoader::defineClassSourceLocation@-1 (line 922)
                      ; - java.lang.ClassLoader::defineClass@12 (line 1022)
  0x000002425e06e594: d444 07e9 | 08fd ffff 

  0x000002425e06e59c: ;   {runtime_call throw_null_pointer_exception Runtime1 stub}
  0x000002425e06e59c: e85f 7544 

  0x000002425e06e5a0: ; ImmutableOopMap {rax=Oop [120]=Oop [128]=Oop [136]=Oop [152]=Oop }
                      ;*invokevirtual getCodeSource {reexecute=0 rethrow=0 return_oop=0}
                      ; - java.lang.ClassLoader::defineClassSourceLocation@1 (line 922)
                      ; - java.lang.ClassLoader::defineClass@12 (line 1022)
                      ;   {runtime_call throw_null_pointer_exception Runtime1 stub}
  0x000002425e06e5a0: 07e8 5a75 

  0x000002425e06e5a4: ; ImmutableOopMap {rax=Oop r8=Oop [120]=Oop [128]=Oop [136]=Oop [152]=Oop }
                      ;*invokevirtual getLocation {reexecute=0 rethrow=0 return_oop=0}
                      ; - java.lang.ClassLoader::defineClassSourceLocation@12 (line 924)
                      ; - java.lang.ClassLoader::defineClass@12 (line 1022)
                      ;   {runtime_call throw_null_pointer_exception Runtime1 stub}
  0x000002425e06e5a4: 4407 e855 

  0x000002425e06e5a8: ; ImmutableOopMap {rdx=Oop [120]=Oop [128]=Oop [136]=Oop [152]=Oop }
                      ;*invokevirtual toString {reexecute=0 rethrow=0 return_oop=0}
                      ; - java.lang.ClassLoader::defineClassSourceLocation@22 (line 925)
                      ; - java.lang.ClassLoader::defineClass@12 (line 1022)
                      ;   {metadata({method} {0x000002420001a690} 'toString' '()Ljava/lang/String;' in 'java/net/URL')}
  0x000002425e06e5a8: 7544 0749 | ba88 a601 | 0042 0200 | 004c 8954 | 2408 48c7 | 0424 ffff 

  0x000002425e06e5c0: ;   {runtime_call counter_overflow Runtime1 stub}
  0x000002425e06e5c0: ffff e8b9 

  0x000002425e06e5c4: ; ImmutableOopMap {rdx=Oop [120]=Oop [128]=Oop [136]=Oop [152]=Oop }
                      ;*synchronization entry
                      ; - java.net.URL::toString@-1 (line 1189)
                      ; - java.lang.ClassLoader::defineClassSourceLocation@22 (line 925)
                      ; - java.lang.ClassLoader::defineClass@12 (line 1022)
  0x000002425e06e5c4: d444 07e9 | dffd ffff 

  0x000002425e06e5cc: ;   {metadata({method} {0x00000242003f2ad8} 'toExternalForm' '()Ljava/lang/String;' in 'java/net/URL')}
  0x000002425e06e5cc: 49ba d02a | 3f00 4202 | 0000 4c89 | 5424 0848 | c704 24ff 

  0x000002425e06e5e0: ;   {runtime_call counter_overflow Runtime1 stub}
  0x000002425e06e5e0: ffff ffe8 

  0x000002425e06e5e4: ; ImmutableOopMap {rdx=Oop [120]=Oop [128]=Oop [136]=Oop [152]=Oop }
                      ;*synchronization entry
                      ; - java.net.URL::toExternalForm@-1 (line 1203)
                      ; - java.net.URL::toString@1 (line 1189)
                      ; - java.lang.ClassLoader::defineClassSourceLocation@22 (line 925)
                      ; - java.lang.ClassLoader::defineClass@12 (line 1022)
  0x000002425e06e5e4: 98d4 4407 | e9fc fdff 

  0x000002425e06e5ec: ;   {runtime_call throw_null_pointer_exception Runtime1 stub}
  0x000002425e06e5ec: ffe8 0e75 

  0x000002425e06e5f0: ; ImmutableOopMap {rdx=Oop rsi=Oop [120]=Oop [128]=Oop [136]=Oop [152]=Oop }
                      ;*invokevirtual toExternalForm {reexecute=0 rethrow=0 return_oop=0}
                      ; - java.net.URL::toExternalForm@5 (line 1203)
                      ; - java.net.URL::toString@1 (line 1189)
                      ; - java.lang.ClassLoader::defineClassSourceLocation@22 (line 925)
                      ; - java.lang.ClassLoader::defineClass@12 (line 1022)
                      ;   {internal_word}
  0x000002425e06e5f0: 4407 49ba | 4ce5 065e | 4202 0000 | 4d89 9770 

  0x000002425e06e600: ;   {runtime_call SafepointBlob}
  0x000002425e06e600: 0400 00e9 | f870 3807 | 498b 8708 | 0500 0049 | c787 0805 | 0000 0000 | 0000 49c7 | 8710 0500 
  0x000002425e06e620: 0000 0000 | 0048 81c4 | b000 0000 

  0x000002425e06e62c: ;   {runtime_call unwind_exception Runtime1 stub}
  0x000002425e06e62c: 5de9 ce65 | 4407 f4f4 | f4f4 f4f4 
[Stub Code]
  0x000002425e06e638: ;   {no_reloc}
  0x000002425e06e638: 0f1f 4400 

  0x000002425e06e63c: ;   {static_stub}
  0x000002425e06e63c: 0048 bb00 | 0000 0000 

  0x000002425e06e644: ;   {runtime_call}
  0x000002425e06e644: 0000 00e9 | fbff ffff 

  0x000002425e06e64c: ;   {static_stub}
  0x000002425e06e64c: 48bb 0000 | 0000 0000 

  0x000002425e06e654: ;   {runtime_call}
  0x000002425e06e654: 0000 e9fb 

  0x000002425e06e658: ;   {static_stub}
  0x000002425e06e658: ffff ff48 | bb00 0000 | 0000 0000 

  0x000002425e06e664: ;   {runtime_call}
  0x000002425e06e664: 00e9 fbff 

  0x000002425e06e668: ;   {static_stub}
  0x000002425e06e668: ffff 48bb | 18de 3f00 | 4202 0000 

  0x000002425e06e674: ;   {runtime_call I2C/C2I adapters}
  0x000002425e06e674: e9f2 c637 

  0x000002425e06e678: ;   {runtime_call handle_exception_from_callee Runtime1 stub}
  0x000002425e06e678: 07e8 0297 

  0x000002425e06e67c: ;   {external_word}
  0x000002425e06e67c: 4407 48b9 | b028 dea3 | fa7f 0000 | 4883 e4f0 

  0x000002425e06e68c: ;   {runtime_call}
  0x000002425e06e68c: 48b8 3099 | a5a3 fa7f | 0000 ffd0 

  0x000002425e06e698: ;   {section_word}
  0x000002425e06e698: f449 ba99 | e606 5e42 | 0200 0041 

  0x000002425e06e6a4: ;   {runtime_call DeoptimizationBlob}
  0x000002425e06e6a4: 52e9 f662 | 3807 f4f4 | f4f4 f4f4 
[/MachCode]


Compiled method (c1) 3918 1012       3       java.security.SecureClassLoader::defineClass (16 bytes)
 total in heap  [0x000002425e052290,0x000002425e052690] = 1024
 relocation     [0x000002425e0523e8,0x000002425e052438] = 80
 main code      [0x000002425e052440,0x000002425e052598] = 344
 stub code      [0x000002425e052598,0x000002425e0525e8] = 80
 metadata       [0x000002425e0525e8,0x000002425e0525f0] = 8
 scopes data    [0x000002425e0525f0,0x000002425e052638] = 72
 scopes pcs     [0x000002425e052638,0x000002425e052688] = 80
 dependencies   [0x000002425e052688,0x000002425e052690] = 8

[Constant Pool (empty)]

[MachCode]
[Entry Point]
  # {method} {0x00000242000438c0} 'defineClass' '(Ljava/lang/String;[BIILjava/security/CodeSource;)Ljava/lang/Class;' in 'java/security/SecureClassLoader'
  # this:     rdx:rdx   = 'java/security/SecureClassLoader'
  # parm0:    r8:r8     = 'java/lang/String'
  # parm1:    r9:r9     = '[B'
  # parm2:    rdi       = int
  # parm3:    rsi       = int
  # parm4:    rcx:rcx   = 'java/security/CodeSource'
  #           [sp+0x80]  (sp of caller)
  0x000002425e052440: 448b 5208 | 49bb 0000 | 0000 4202 | 0000 4d03 | d34c 3bd0 

  0x000002425e052454: ;   {runtime_call ic_miss_stub}
  0x000002425e052454: 0f85 26c3 | 3907 660f | 1f44 0000 
[Verified Entry Point]
  0x000002425e052460: 8984 2400 | 80ff ff55 | 4883 ec70 | 4181 7f20 | 0100 0000 

  0x000002425e052474: ;   {runtime_call StubRoutines (final stubs)}
  0x000002425e052474: 7405 e865 

  0x000002425e052478: ;   {metadata(method data for {method} {0x00000242000438c0} 'defineClass' '(Ljava/lang/String;[BIILjava/security/CodeSource;)Ljava/lang/Class;' in 'java/security/SecureClassLoader')}
  0x000002425e052478: 2838 0748 | bb08 fe1a | 4242 0200 | 008b 83cc | 0000 0083 | c002 8983 | cc00 0000 | 25fe 0700 
  0x000002425e052498: 0085 c00f | 8496 0000 | 0089 7424 | 5c89 7c24 | 584c 894c | 2450 4c89 | 4424 4848 

  0x000002425e0524b4: ;   {metadata(method data for {method} {0x00000242000438c0} 'defineClass' '(Ljava/lang/String;[BIILjava/security/CodeSource;)Ljava/lang/Class;' in 'java/security/SecureClassLoader')}
  0x000002425e0524b4: 8bda 48b8 | 08fe 1a42 | 4202 0000 | 4883 8018 | 0100 0001 | 4c8b c148 | 8bc2 488b | d048 8944 
  0x000002425e0524d4: ;   {optimized virtual_call}
  0x000002425e0524d4: 2440 90e8 

  0x000002425e0524d8: ; ImmutableOopMap {[64]=Oop [72]=Oop [80]=Oop }
                      ;*invokevirtual getProtectionDomain {reexecute=0 rethrow=0 return_oop=0}
                      ; - java.security.SecureClassLoader::defineClass@9 (line 150)
  0x000002425e0524d8: 44b2 0100 

  0x000002425e0524dc: ;   {other}
  0x000002425e0524dc: 0f1f 8400 | 4c02 0000 | 488b 5424 

  0x000002425e0524e8: ;   {metadata(method data for {method} {0x00000242000438c0} 'defineClass' '(Ljava/lang/String;[BIILjava/security/CodeSource;)Ljava/lang/Class;' in 'java/security/SecureClassLoader')}
  0x000002425e0524e8: 4049 b808 | fe1a 4242 | 0200 0049 | 8380 4801 | 0000 014c | 8b44 2448 | 4c8b 4c24 | 508b 7c24 
  0x000002425e052508: 588b 7424 | 5c48 8bc8 | 488b 5424 

  0x000002425e052514: ;   {optimized virtual_call}
  0x000002425e052514: 4066 90e8 

  0x000002425e052518: ; ImmutableOopMap {}
                      ;*invokevirtual defineClass {reexecute=0 rethrow=0 return_oop=0}
                      ; - java.security.SecureClassLoader::defineClass@12 (line 150)
  0x000002425e052518: a4bc 0100 

  0x000002425e05251c: ;   {other}
  0x000002425e05251c: 0f1f 8400 | 8c02 0001 | 4883 c470 

  0x000002425e052528: ;   {poll_return}
  0x000002425e052528: 5d49 3ba7 | 5804 0000 | 0f87 2200 

  0x000002425e052534: ;   {metadata({method} {0x00000242000438c0} 'defineClass' '(Ljava/lang/String;[BIILjava/security/CodeSource;)Ljava/lang/Class;' in 'java/security/SecureClassLoader')}
  0x000002425e052534: 0000 c349 | bab8 3804 | 0042 0200 | 004c 8954 | 2408 48c7 | 0424 ffff 

  0x000002425e05254c: ;   {runtime_call counter_overflow Runtime1 stub}
  0x000002425e05254c: ffff e82d 

  0x000002425e052550: ; ImmutableOopMap {rdx=Oop r8=Oop r9=Oop rcx=Oop }
                      ;*synchronization entry
                      ; - java.security.SecureClassLoader::defineClass@-1 (line 150)
  0x000002425e052550: 9546 07e9 | 49ff ffff 

  0x000002425e052558: ;   {internal_word}
  0x000002425e052558: 49ba 2925 | 055e 4202 | 0000 4d89 | 9770 0400 

  0x000002425e052568: ;   {runtime_call SafepointBlob}
  0x000002425e052568: 00e9 9231 | 3a07 498b | 8708 0500 | 0049 c787 | 0805 0000 | 0000 0000 | 49c7 8710 | 0500 0000 
  0x000002425e052588: 0000 0048 | 83c4 705d 

  0x000002425e052590: ;   {runtime_call unwind_exception Runtime1 stub}
  0x000002425e052590: e96b 2646 | 07f4 f4f4 
[Stub Code]
  0x000002425e052598: ;   {no_reloc}
  0x000002425e052598: 48bb 0838 | 0400 4202 

  0x000002425e0525a0: ;   {runtime_call I2C/C2I adapters}
  0x000002425e0525a0: 0000 e940 

  0x000002425e0525a4: ;   {static_stub}
  0x000002425e0525a4: 1c3a 0748 | bbf0 e13f | 0042 0200 

  0x000002425e0525b0: ;   {runtime_call I2C/C2I adapters}
  0x000002425e0525b0: 00e9 bfeb 

  0x000002425e0525b4: ;   {runtime_call handle_exception_from_callee Runtime1 stub}
  0x000002425e0525b4: 3807 e8c5 

  0x000002425e0525b8: ;   {external_word}
  0x000002425e0525b8: 5746 0748 | b9b0 28de | a3fa 7f00 | 0048 83e4 

  0x000002425e0525c8: ;   {runtime_call}
  0x000002425e0525c8: f048 b830 | 99a5 a3fa | 7f00 00ff 

  0x000002425e0525d4: ;   {section_word}
  0x000002425e0525d4: d0f4 49ba | d625 055e | 4202 0000 

  0x000002425e0525e0: ;   {runtime_call DeoptimizationBlob}
  0x000002425e0525e0: 4152 e9b9 | 233a 07f4 
[/MachCode]


---------------  P R O C E S S  ---------------

Threads class SMR info:
_java_thread_list=0x00000242460e2050, length=12, elements={
0x0000024253991250, 0x0000024241107020, 0x00000242411080f0, 0x000002424110a070,
0x000002424110cae0, 0x000002424110d540, 0x000002424110dfa0, 0x000002424110ed30,
0x0000024241117030, 0x0000024241376fe0, 0x000002424137be80, 0x00000242460ee9b0
}

Java Threads: ( => current thread )
=>0x0000024253991250 JavaThread "main"                              [_thread_in_vm, id=4804, stack(0x000000525b400000,0x000000525b500000) (1024K)]
  0x0000024241107020 JavaThread "Reference Handler"          daemon [_thread_blocked, id=1112, stack(0x000000525bc00000,0x000000525bd00000) (1024K)]
  0x00000242411080f0 JavaThread "Finalizer"                  daemon [_thread_blocked, id=4400, stack(0x000000525bd00000,0x000000525be00000) (1024K)]
  0x000002424110a070 JavaThread "Signal Dispatcher"          daemon [_thread_blocked, id=11076, stack(0x000000525be00000,0x000000525bf00000) (1024K)]
  0x000002424110cae0 JavaThread "Attach Listener"            daemon [_thread_blocked, id=10948, stack(0x000000525bf00000,0x000000525c000000) (1024K)]
  0x000002424110d540 JavaThread "Service Thread"             daemon [_thread_blocked, id=12284, stack(0x000000525c000000,0x000000525c100000) (1024K)]
  0x000002424110dfa0 JavaThread "Monitor Deflation Thread"   daemon [_thread_blocked, id=10700, stack(0x000000525c100000,0x000000525c200000) (1024K)]
  0x000002424110ed30 JavaThread "C2 CompilerThread0"         daemon [_thread_in_native, id=9272, stack(0x000000525c200000,0x000000525c300000) (1024K)]
  0x0000024241117030 JavaThread "C1 CompilerThread0"         daemon [_thread_blocked, id=13236, stack(0x000000525c300000,0x000000525c400000) (1024K)]
  0x0000024241376fe0 JavaThread "Notification Thread"        daemon [_thread_blocked, id=10576, stack(0x000000525c400000,0x000000525c500000) (1024K)]
  0x000002424137be80 JavaThread "Common-Cleaner"             daemon [_thread_blocked, id=3628, stack(0x000000525c500000,0x000000525c600000) (1024K)]
  0x00000242460ee9b0 JavaThread "pool-1-thread-1"                   [_thread_blocked, id=11356, stack(0x000000525c900000,0x000000525ca00000) (1024K)]
Total: 12

Other Threads:
  0x00000242410eea70 VMThread "VM Thread"                           [id=12828, stack(0x000000525bb00000,0x000000525bc00000) (1024K)]
  0x0000024255be9210 WatcherThread "VM Periodic Task Thread"        [id=10132, stack(0x000000525ba00000,0x000000525bb00000) (1024K)]
  0x0000024255b3f780 WorkerThread "GC Thread#0"                     [id=7096, stack(0x000000525b500000,0x000000525b600000) (1024K)]
  0x0000024241532c20 WorkerThread "GC Thread#1"                     [id=13468, stack(0x000000525c600000,0x000000525c700000) (1024K)]
  0x00000242415c3510 WorkerThread "GC Thread#2"                     [id=10212, stack(0x000000525c700000,0x000000525c800000) (1024K)]
  0x00000242415490a0 WorkerThread "GC Thread#3"                     [id=6012, stack(0x000000525c800000,0x000000525c900000) (1024K)]
  0x0000024255b40f70 ConcurrentGCThread "G1 Main Marker"            [id=10284, stack(0x000000525b600000,0x000000525b700000) (1024K)]
  0x0000024255b41a80 WorkerThread "G1 Conc#0"                       [id=11188, stack(0x000000525b700000,0x000000525b800000) (1024K)]
  0x0000024255b99880 ConcurrentGCThread "G1 Refine#0"               [id=7912, stack(0x000000525b800000,0x000000525b900000) (1024K)]
  0x0000024255b9b410 ConcurrentGCThread "G1 Service"                [id=4040, stack(0x000000525b900000,0x000000525ba00000) (1024K)]
Total: 10

Threads with active compile tasks:
C2 CompilerThread0  3931 1374       4       jdk.internal.org.objectweb.asm.Frame::execute (2305 bytes)
Total: 1

VM state: not at safepoint (normal execution)

VM Mutex/Monitor currently owned by a thread:  ([mutex/lock_event])
[0x00007ffaa408ab00] Metaspace_lock - owner thread: 0x0000024253991250

Heap address: 0x00000000fc000000, size: 64 MB, Compressed Oops mode: 32-bit

CDS archive(s) mapped at: [0x0000024200000000-0x0000024200c60000-0x0000024200c60000), size 12976128, SharedBaseAddress: 0x0000024200000000, ArchiveRelocationMode: 1.
Compressed class space mapped at: 0x0000024201000000-0x0000024241000000, reserved size: 1073741824
Narrow klass base: 0x0000024200000000, Narrow klass shift: 0, Narrow klass range: 0x41000000

GC Precious Log:
 CardTable entry size: 512
 Card Set container configuration: InlinePtr #cards 5 size 8 Array Of Cards #cards 12 size 40 Howl #buckets 4 coarsen threshold 1843 Howl Bitmap #cards 512 size 80 coarsen threshold 460 Card regions per heap region 1 cards per card region 2048
 CPUs: 4 total, 4 available
 Memory: 7878M
 Large Page Support: Disabled
 NUMA Support: Disabled
 Compressed Oops: Enabled (32-bit)
 Heap Region Size: 1M
 Heap Min Capacity: 64M
 Heap Initial Capacity: 64M
 Heap Max Capacity: 64M
 Pre-touch: Disabled
 Parallel Workers: 4
 Concurrent Workers: 1
 Concurrent Refinement Workers: 4
 Periodic GC: Disabled

Heap:
 garbage-first heap   total reserved 65536K, committed 65536K, used 18404K [0x00000000fc000000, 0x0000000100000000)
  region size 1024K, 12 young (12288K), 4 survivors (4096K)
 Metaspace       used 7249K, committed 7488K, reserved 1114112K
  class space    used 1003K, committed 1152K, reserved 1048576K

Heap Regions: E=young(eden), S=young(survivor), O=old, HS=humongous(starts), HC=humongous(continues), CS=collection set, F=free, TAMS=top-at-mark-start, PB=parsable bottom
|   0|0x00000000fc000000, 0x00000000fc100000, 0x00000000fc100000|100%|HS|  |TAMS 0x00000000fc000000| PB 0x00000000fc000000| Complete |  0
|   1|0x00000000fc100000, 0x00000000fc200000, 0x00000000fc200000|100%|HC|  |TAMS 0x00000000fc100000| PB 0x00000000fc100000| Complete |  0
|   2|0x00000000fc200000, 0x00000000fc300000, 0x00000000fc300000|100%|HC|  |TAMS 0x00000000fc200000| PB 0x00000000fc200000| Complete |  0
|   3|0x00000000fc300000, 0x00000000fc400000, 0x00000000fc400000|100%|HC|  |TAMS 0x00000000fc300000| PB 0x00000000fc300000| Complete |  0
|   4|0x00000000fc400000, 0x00000000fc500000, 0x00000000fc500000|100%| O|  |TAMS 0x00000000fc400000| PB 0x00000000fc400000| Untracked |  0
|   5|0x00000000fc500000, 0x00000000fc600000, 0x00000000fc600000|100%| O|  |TAMS 0x00000000fc500000| PB 0x00000000fc500000| Untracked |  0
|   6|0x00000000fc600000, 0x00000000fc6f9048, 0x00000000fc700000| 97%| O|  |TAMS 0x00000000fc600000| PB 0x00000000fc600000| Untracked |  0
|   7|0x00000000fc700000, 0x00000000fc700000, 0x00000000fc800000|  0%| F|  |TAMS 0x00000000fc700000| PB 0x00000000fc700000| Untracked |  0
|   8|0x00000000fc800000, 0x00000000fc800000, 0x00000000fc900000|  0%| F|  |TAMS 0x00000000fc800000| PB 0x00000000fc800000| Untracked |  0
|   9|0x00000000fc900000, 0x00000000fc900000, 0x00000000fca00000|  0%| F|  |TAMS 0x00000000fc900000| PB 0x00000000fc900000| Untracked |  0
|  10|0x00000000fca00000, 0x00000000fca00000, 0x00000000fcb00000|  0%| F|  |TAMS 0x00000000fca00000| PB 0x00000000fca00000| Untracked |  0
|  11|0x00000000fcb00000, 0x00000000fcb00000, 0x00000000fcc00000|  0%| F|  |TAMS 0x00000000fcb00000| PB 0x00000000fcb00000| Untracked |  0
|  12|0x00000000fcc00000, 0x00000000fcc00000, 0x00000000fcd00000|  0%| F|  |TAMS 0x00000000fcc00000| PB 0x00000000fcc00000| Untracked |  0
|  13|0x00000000fcd00000, 0x00000000fcd00000, 0x00000000fce00000|  0%| F|  |TAMS 0x00000000fcd00000| PB 0x00000000fcd00000| Untracked |  0
|  14|0x00000000fce00000, 0x00000000fce00000, 0x00000000fcf00000|  0%| F|  |TAMS 0x00000000fce00000| PB 0x00000000fce00000| Untracked |  0
|  15|0x00000000fcf00000, 0x00000000fcf00000, 0x00000000fd000000|  0%| F|  |TAMS 0x00000000fcf00000| PB 0x00000000fcf00000| Untracked |  0
|  16|0x00000000fd000000, 0x00000000fd000000, 0x00000000fd100000|  0%| F|  |TAMS 0x00000000fd000000| PB 0x00000000fd000000| Untracked |  0
|  17|0x00000000fd100000, 0x00000000fd100000, 0x00000000fd200000|  0%| F|  |TAMS 0x00000000fd100000| PB 0x00000000fd100000| Untracked |  0
|  18|0x00000000fd200000, 0x00000000fd200000, 0x00000000fd300000|  0%| F|  |TAMS 0x00000000fd200000| PB 0x00000000fd200000| Untracked |  0
|  19|0x00000000fd300000, 0x00000000fd300000, 0x00000000fd400000|  0%| F|  |TAMS 0x00000000fd300000| PB 0x00000000fd300000| Untracked |  0
|  20|0x00000000fd400000, 0x00000000fd400000, 0x00000000fd500000|  0%| F|  |TAMS 0x00000000fd400000| PB 0x00000000fd400000| Untracked |  0
|  21|0x00000000fd500000, 0x00000000fd500000, 0x00000000fd600000|  0%| F|  |TAMS 0x00000000fd500000| PB 0x00000000fd500000| Untracked |  0
|  22|0x00000000fd600000, 0x00000000fd600000, 0x00000000fd700000|  0%| F|  |TAMS 0x00000000fd600000| PB 0x00000000fd600000| Untracked |  0
|  23|0x00000000fd700000, 0x00000000fd700000, 0x00000000fd800000|  0%| F|  |TAMS 0x00000000fd700000| PB 0x00000000fd700000| Untracked |  0
|  24|0x00000000fd800000, 0x00000000fd800000, 0x00000000fd900000|  0%| F|  |TAMS 0x00000000fd800000| PB 0x00000000fd800000| Untracked |  0
|  25|0x00000000fd900000, 0x00000000fd900000, 0x00000000fda00000|  0%| F|  |TAMS 0x00000000fd900000| PB 0x00000000fd900000| Untracked |  0
|  26|0x00000000fda00000, 0x00000000fda00000, 0x00000000fdb00000|  0%| F|  |TAMS 0x00000000fda00000| PB 0x00000000fda00000| Untracked |  0
|  27|0x00000000fdb00000, 0x00000000fdb00000, 0x00000000fdc00000|  0%| F|  |TAMS 0x00000000fdb00000| PB 0x00000000fdb00000| Untracked |  0
|  28|0x00000000fdc00000, 0x00000000fdc00000, 0x00000000fdd00000|  0%| F|  |TAMS 0x00000000fdc00000| PB 0x00000000fdc00000| Untracked |  0
|  29|0x00000000fdd00000, 0x00000000fdd00000, 0x00000000fde00000|  0%| F|  |TAMS 0x00000000fdd00000| PB 0x00000000fdd00000| Untracked |  0
|  30|0x00000000fde00000, 0x00000000fde00000, 0x00000000fdf00000|  0%| F|  |TAMS 0x00000000fde00000| PB 0x00000000fde00000| Untracked |  0
|  31|0x00000000fdf00000, 0x00000000fdf00000, 0x00000000fe000000|  0%| F|  |TAMS 0x00000000fdf00000| PB 0x00000000fdf00000| Untracked |  0
|  32|0x00000000fe000000, 0x00000000fe000000, 0x00000000fe100000|  0%| F|  |TAMS 0x00000000fe000000| PB 0x00000000fe000000| Untracked |  0
|  33|0x00000000fe100000, 0x00000000fe100000, 0x00000000fe200000|  0%| F|  |TAMS 0x00000000fe100000| PB 0x00000000fe100000| Untracked |  0
|  34|0x00000000fe200000, 0x00000000fe300000, 0x00000000fe300000|100%| S|CS|TAMS 0x00000000fe200000| PB 0x00000000fe200000| Complete |  0
|  35|0x00000000fe300000, 0x00000000fe400000, 0x00000000fe400000|100%| S|CS|TAMS 0x00000000fe300000| PB 0x00000000fe300000| Complete |  0
|  36|0x00000000fe400000, 0x00000000fe500000, 0x00000000fe500000|100%| S|CS|TAMS 0x00000000fe400000| PB 0x00000000fe400000| Complete |  0
|  37|0x00000000fe500000, 0x00000000fe600000, 0x00000000fe600000|100%| S|CS|TAMS 0x00000000fe500000| PB 0x00000000fe500000| Complete |  0
|  38|0x00000000fe600000, 0x00000000fe600000, 0x00000000fe700000|  0%| F|  |TAMS 0x00000000fe600000| PB 0x00000000fe600000| Untracked |  0
|  39|0x00000000fe700000, 0x00000000fe700000, 0x00000000fe800000|  0%| F|  |TAMS 0x00000000fe700000| PB 0x00000000fe700000| Untracked |  0
|  40|0x00000000fe800000, 0x00000000fe800000, 0x00000000fe900000|  0%| F|  |TAMS 0x00000000fe800000| PB 0x00000000fe800000| Untracked |  0
|  41|0x00000000fe900000, 0x00000000fe900000, 0x00000000fea00000|  0%| F|  |TAMS 0x00000000fe900000| PB 0x00000000fe900000| Untracked |  0
|  42|0x00000000fea00000, 0x00000000fea00000, 0x00000000feb00000|  0%| F|  |TAMS 0x00000000fea00000| PB 0x00000000fea00000| Untracked |  0
|  43|0x00000000feb00000, 0x00000000feb00000, 0x00000000fec00000|  0%| F|  |TAMS 0x00000000feb00000| PB 0x00000000feb00000| Untracked |  0
|  44|0x00000000fec00000, 0x00000000fec00000, 0x00000000fed00000|  0%| F|  |TAMS 0x00000000fec00000| PB 0x00000000fec00000| Untracked |  0
|  45|0x00000000fed00000, 0x00000000fed00000, 0x00000000fee00000|  0%| F|  |TAMS 0x00000000fed00000| PB 0x00000000fed00000| Untracked |  0
|  46|0x00000000fee00000, 0x00000000fee00000, 0x00000000fef00000|  0%| F|  |TAMS 0x00000000fee00000| PB 0x00000000fee00000| Untracked |  0
|  47|0x00000000fef00000, 0x00000000fef00000, 0x00000000ff000000|  0%| F|  |TAMS 0x00000000fef00000| PB 0x00000000fef00000| Untracked |  0
|  48|0x00000000ff000000, 0x00000000ff000000, 0x00000000ff100000|  0%| F|  |TAMS 0x00000000ff000000| PB 0x00000000ff000000| Untracked |  0
|  49|0x00000000ff100000, 0x00000000ff100000, 0x00000000ff200000|  0%| F|  |TAMS 0x00000000ff100000| PB 0x00000000ff100000| Untracked |  0
|  50|0x00000000ff200000, 0x00000000ff200000, 0x00000000ff300000|  0%| F|  |TAMS 0x00000000ff200000| PB 0x00000000ff200000| Untracked |  0
|  51|0x00000000ff300000, 0x00000000ff300000, 0x00000000ff400000|  0%| F|  |TAMS 0x00000000ff300000| PB 0x00000000ff300000| Untracked |  0
|  52|0x00000000ff400000, 0x00000000ff400000, 0x00000000ff500000|  0%| F|  |TAMS 0x00000000ff400000| PB 0x00000000ff400000| Untracked |  0
|  53|0x00000000ff500000, 0x00000000ff500000, 0x00000000ff600000|  0%| F|  |TAMS 0x00000000ff500000| PB 0x00000000ff500000| Untracked |  0
|  54|0x00000000ff600000, 0x00000000ff600000, 0x00000000ff700000|  0%| F|  |TAMS 0x00000000ff600000| PB 0x00000000ff600000| Untracked |  0
|  55|0x00000000ff700000, 0x00000000ff700000, 0x00000000ff800000|  0%| F|  |TAMS 0x00000000ff700000| PB 0x00000000ff700000| Untracked |  0
|  56|0x00000000ff800000, 0x00000000ff8dbc50, 0x00000000ff900000| 85%| E|  |TAMS 0x00000000ff800000| PB 0x00000000ff800000| Complete |  0
|  57|0x00000000ff900000, 0x00000000ffa00000, 0x00000000ffa00000|100%| E|CS|TAMS 0x00000000ff900000| PB 0x00000000ff900000| Complete |  0
|  58|0x00000000ffa00000, 0x00000000ffb00000, 0x00000000ffb00000|100%| E|CS|TAMS 0x00000000ffa00000| PB 0x00000000ffa00000| Complete |  0
|  59|0x00000000ffb00000, 0x00000000ffc00000, 0x00000000ffc00000|100%| E|CS|TAMS 0x00000000ffb00000| PB 0x00000000ffb00000| Complete |  0
|  60|0x00000000ffc00000, 0x00000000ffd00000, 0x00000000ffd00000|100%| E|CS|TAMS 0x00000000ffc00000| PB 0x00000000ffc00000| Complete |  0
|  61|0x00000000ffd00000, 0x00000000ffe00000, 0x00000000ffe00000|100%| E|CS|TAMS 0x00000000ffd00000| PB 0x00000000ffd00000| Complete |  0
|  62|0x00000000ffe00000, 0x00000000fff00000, 0x00000000fff00000|100%| E|CS|TAMS 0x00000000ffe00000| PB 0x00000000ffe00000| Complete |  0
|  63|0x00000000fff00000, 0x0000000100000000, 0x0000000100000000|100%| E|CS|TAMS 0x00000000fff00000| PB 0x00000000fff00000| Complete |  0

Card table byte_map: [0x0000024253aa0000,0x0000024253ac0000] _byte_map_base: 0x00000242532c0000

Marking Bits: (CMBitMap*) 0x0000024255b3fe90
 Bits: [0x0000024255910000, 0x0000024255a10000)

Polling page: 0x0000024253950000

Metaspace:

Usage:
  Non-class:      6.10 MB used.
      Class:   1003.68 KB used.
       Both:      7.08 MB used.

Virtual space:
  Non-class space:       64.00 MB reserved,       6.19 MB ( 10%) committed,  1 nodes.
      Class space:        1.00 GB reserved,       1.12 MB ( <1%) committed,  1 nodes.
             Both:        1.06 GB reserved,       7.31 MB ( <1%) committed. 

Chunk freelists:
   Non-Class:  8.36 MB
       Class:  14.70 MB
        Both:  23.06 MB

MaxMetaspaceSize: unlimited
CompressedClassSpaceSize: 1.00 GB
Initial GC threshold: 21.00 MB
Current GC threshold: 21.00 MB
CDS: on
 - commit_granule_bytes: 65536.
 - commit_granule_words: 8192.
 - virtual_space_node_default_size: 8388608.
 - enlarge_chunks_in_place: 1.
 - use_allocation_guard: 0.


Internal statistics:

num_allocs_failed_limit: 0.
num_arena_births: 218.
num_arena_deaths: 0.
num_vsnodes_births: 2.
num_vsnodes_deaths: 0.
num_space_committed: 117.
num_space_uncommitted: 0.
num_chunks_returned_to_freelist: 0.
num_chunks_taken_from_freelist: 442.
num_chunk_merges: 0.
num_chunk_splits: 283.
num_chunks_enlarged: 212.
num_inconsistent_stats: 0.

CodeHeap 'non-profiled nmethods': size=120000Kb used=570Kb max_used=570Kb free=119429Kb
 bounds [0x0000024265940000, 0x0000024265bb0000, 0x000002426ce70000]
CodeHeap 'profiled nmethods': size=120000Kb used=2543Kb max_used=2543Kb free=117456Kb
 bounds [0x000002425de70000, 0x000002425e0f0000, 0x00000242653a0000]
CodeHeap 'non-nmethods': size=5760Kb used=1365Kb max_used=1381Kb free=4394Kb
 bounds [0x00000242653a0000, 0x0000024265610000, 0x0000024265940000]
 total_blobs=1842 nmethods=1373 adapters=374
 compilation: enabled
              stopped_count=0, restarted_count=0
 full_count=0

Compilation events (20 events):
Event: 3.745 Thread 0x0000024241117030 nmethod 1364 0x000002425e0e1d90 code [0x000002425e0e2020, 0x000002425e0e3000]
Event: 3.746 Thread 0x0000024241117030 1365       3       jdk.internal.org.objectweb.asm.MethodWriter::visitMaxs (60 bytes)
Event: 3.746 Thread 0x0000024241117030 nmethod 1365 0x000002425e0e3510 code [0x000002425e0e36e0, 0x000002425e0e3998]
Event: 3.746 Thread 0x0000024241117030 1370       3       jdk.internal.org.objectweb.asm.Handler::putExceptionTable (63 bytes)
Event: 3.747 Thread 0x0000024241117030 nmethod 1370 0x000002425e0e3a90 code [0x000002425e0e3ca0, 0x000002425e0e4130]
Event: 3.747 Thread 0x0000024241117030 1369       3       jdk.internal.org.objectweb.asm.MethodWriter::putMethodInfo (1274 bytes)
Event: 3.752 Thread 0x000002424110ed30 1372       4       java.lang.invoke.LambdaForm$Name::useCount (51 bytes)
Event: 3.753 Thread 0x0000024241117030 nmethod 1369 0x000002425e0e4410 code [0x000002425e0e4b20, 0x000002425e0e7200]
Event: 3.754 Thread 0x0000024241117030 1371       3       java.lang.invoke.MethodHandleNatives::refKindIsGetter (32 bytes)
Event: 3.754 Thread 0x0000024241117030 nmethod 1371 0x000002425e0e8510 code [0x000002425e0e86a0, 0x000002425e0e87f0]
Event: 3.754 Thread 0x0000024241117030 1366       3       jdk.internal.org.objectweb.asm.MethodWriter::visitEnd (1 bytes)
Event: 3.754 Thread 0x0000024241117030 nmethod 1366 0x000002425e0e8890 code [0x000002425e0e8a20, 0x000002425e0e8b28]
Event: 3.754 Thread 0x0000024241117030 1367       3       jdk.internal.org.objectweb.asm.MethodWriter::computeMethodInfoSize (571 bytes)
Event: 3.756 Thread 0x000002424110ed30 nmethod 1372 0x00000242659ce710 code [0x00000242659ce8a0, 0x00000242659cea20]
Event: 3.756 Thread 0x0000024241117030 nmethod 1367 0x000002425e0e8b90 code [0x000002425e0e8ec0, 0x000002425e0e9d08]
Event: 3.756 Thread 0x0000024241117030 1368       3       jdk.internal.org.objectweb.asm.MethodWriter::hasFrames (13 bytes)
Event: 3.757 Thread 0x0000024241117030 nmethod 1368 0x000002425e0ea390 code [0x000002425e0ea520, 0x000002425e0ea680]
Event: 3.760 Thread 0x0000024241117030 1373       3       jdk.internal.org.objectweb.asm.Frame::merge (395 bytes)
Event: 3.760 Thread 0x000002424110ed30 1374       4       jdk.internal.org.objectweb.asm.Frame::execute (2305 bytes)
Event: 3.761 Thread 0x0000024241117030 nmethod 1373 0x000002425e0ea710 code [0x000002425e0ea9c0, 0x000002425e0eb758]

GC Heap History (4 events):
Event: 1.071 GC heap before
{Heap before GC invocations=0 (full 0):
 garbage-first heap   total reserved 65536K, committed 65536K, used 14336K [0x00000000fc000000, 0x0000000100000000)
  region size 1024K, 14 young (14336K), 0 survivors (0K)
 Metaspace       used 1540K, committed 1728K, reserved 1114112K
  class space    used 148K, committed 256K, reserved 1048576K
}
Event: 1.086 GC heap after
{Heap after GC invocations=1 (full 0):
 garbage-first heap   total reserved 65536K, committed 65536K, used 1536K [0x00000000fc000000, 0x0000000100000000)
  region size 1024K, 2 young (2048K), 2 survivors (2048K)
 Metaspace       used 1540K, committed 1728K, reserved 1114112K
  class space    used 148K, committed 256K, reserved 1048576K
}
Event: 2.950 GC heap before
{Heap before GC invocations=1 (full 0):
 garbage-first heap   total reserved 65536K, committed 65536K, used 29184K [0x00000000fc000000, 0x0000000100000000)
  region size 1024K, 26 young (26624K), 2 survivors (2048K)
 Metaspace       used 5184K, committed 5440K, reserved 1114112K
  class space    used 710K, committed 832K, reserved 1048576K
}
Event: 2.957 GC heap after
{Heap after GC invocations=2 (full 0):
 garbage-first heap   total reserved 65536K, committed 65536K, used 11236K [0x00000000fc000000, 0x0000000100000000)
  region size 1024K, 4 young (4096K), 4 survivors (4096K)
 Metaspace       used 5184K, committed 5440K, reserved 1114112K
  class space    used 710K, committed 832K, reserved 1048576K
}

Dll operation events (10 events):
Event: 0.019 Loaded shared library C:\Program Files\OpenJDK\jdk-22.0.2\bin\java.dll
Event: 0.167 Loaded shared library C:\Program Files\OpenJDK\jdk-22.0.2\bin\jsvml.dll
Event: 0.243 Loaded shared library C:\Program Files\OpenJDK\jdk-22.0.2\bin\net.dll
Event: 0.251 Loaded shared library C:\Program Files\OpenJDK\jdk-22.0.2\bin\nio.dll
Event: 0.257 Loaded shared library C:\Program Files\OpenJDK\jdk-22.0.2\bin\zip.dll
Event: 0.266 Loaded shared library C:\Program Files\OpenJDK\jdk-22.0.2\bin\verify.dll
Event: 1.233 Loaded shared library C:\Program Files\OpenJDK\jdk-22.0.2\bin\jimage.dll
Event: 2.613 Loaded shared library C:\Users\AJ\.gradle\native\c067742578af261105cb4f569cf0c3c89f3d7b1fecec35dd04571415982c5e48\windows-amd64\native-platform.dll
Event: 3.229 Loaded shared library C:\Program Files\OpenJDK\jdk-22.0.2\bin\management.dll
Event: 3.239 Loaded shared library C:\Program Files\OpenJDK\jdk-22.0.2\bin\management_ext.dll

Deoptimization events (20 events):
Event: 3.092 Thread 0x0000024253991250 DEOPT PACKING pc=0x000002426596acd8 sp=0x000000525b4fe830
Event: 3.092 Thread 0x0000024253991250 DEOPT UNPACKING pc=0x00000242653f46a2 sp=0x000000525b4fe7b0 mode 2
Event: 3.110 Thread 0x0000024253991250 Uncommon trap: trap_request=0xffffff45 fr.pc=0x00000242659bca4c relative=0x00000000000002ec
Event: 3.110 Thread 0x0000024253991250 Uncommon trap: reason=unstable_if action=reinterpret pc=0x00000242659bca4c method=java.util.HashMap.hash(Ljava/lang/Object;)I @ 1 c2
Event: 3.110 Thread 0x0000024253991250 DEOPT PACKING pc=0x00000242659bca4c sp=0x000000525b4fe760
Event: 3.110 Thread 0x0000024253991250 DEOPT UNPACKING pc=0x00000242653f46a2 sp=0x000000525b4fe658 mode 2
Event: 3.336 Thread 0x0000024253991250 Uncommon trap: trap_request=0xffffff45 fr.pc=0x000002426599fe68 relative=0x00000000000002a8
Event: 3.336 Thread 0x0000024253991250 Uncommon trap: reason=unstable_if action=reinterpret pc=0x000002426599fe68 method=jdk.internal.util.ArraysSupport.mismatch([BI[BII)I @ 55 c2
Event: 3.336 Thread 0x0000024253991250 DEOPT PACKING pc=0x000002426599fe68 sp=0x000000525b4fe2d0
Event: 3.337 Thread 0x0000024253991250 DEOPT UNPACKING pc=0x00000242653f46a2 sp=0x000000525b4fe1c8 mode 2
Event: 3.337 Thread 0x0000024253991250 Uncommon trap: trap_request=0xffffff45 fr.pc=0x000002426599f4a4 relative=0x0000000000000204
Event: 3.337 Thread 0x0000024253991250 Uncommon trap: reason=unstable_if action=reinterpret pc=0x000002426599f4a4 method=jdk.internal.util.ArraysSupport.mismatch([BI[BII)I @ 55 c2
Event: 3.337 Thread 0x0000024253991250 DEOPT PACKING pc=0x000002426599f4a4 sp=0x000000525b4fe540
Event: 3.337 Thread 0x0000024253991250 DEOPT UNPACKING pc=0x00000242653f46a2 sp=0x000000525b4fe508 mode 2
Event: 3.442 Thread 0x0000024253991250 DEOPT PACKING pc=0x000002425dfd579d sp=0x000000525b4fa260
Event: 3.442 Thread 0x0000024253991250 DEOPT UNPACKING pc=0x00000242653f4e42 sp=0x000000525b4f9768 mode 0
Event: 3.757 Thread 0x0000024253991250 Uncommon trap: trap_request=0xffffffc6 fr.pc=0x00000242659bc188 relative=0x00000000000003a8
Event: 3.757 Thread 0x0000024253991250 Uncommon trap: reason=bimorphic_or_optimized_type_check action=maybe_recompile pc=0x00000242659bc188 method=java.util.concurrent.ConcurrentHashMap.get(Ljava/lang/Object;)Ljava/lang/Object; @ 149 c2
Event: 3.757 Thread 0x0000024253991250 DEOPT PACKING pc=0x00000242659bc188 sp=0x000000525b4fd590
Event: 3.757 Thread 0x0000024253991250 DEOPT UNPACKING pc=0x00000242653f46a2 sp=0x000000525b4fd510 mode 2

Classes loaded (20 events):
Event: 3.574 Loading class java/net/SocketException
Event: 3.575 Loading class java/net/SocketException done
Event: 3.575 Loading class java/net/SocketAddress
Event: 3.576 Loading class java/net/SocketAddress done
Event: 3.576 Loading class java/net/InetSocketAddress
Event: 3.576 Loading class java/net/InetSocketAddress done
Event: 3.576 Loading class java/net/ConnectException
Event: 3.576 Loading class java/net/ConnectException done
Event: 3.590 Loading class java/nio/file/AtomicMoveNotSupportedException
Event: 3.591 Loading class java/nio/file/AtomicMoveNotSupportedException done
Event: 3.716 Loading class java/util/concurrent/atomic/Striped64$1
Event: 3.720 Loading class java/util/concurrent/atomic/Striped64$1 done
Event: 3.725 Loading class java/io/StreamCorruptedException
Event: 3.728 Loading class java/io/StreamCorruptedException done
Event: 3.735 Loading class java/util/concurrent/ConcurrentSkipListMap$EntrySet
Event: 3.738 Loading class java/util/concurrent/ConcurrentSkipListMap$EntrySet done
Event: 3.738 Loading class java/util/concurrent/ConcurrentSkipListMap$EntryIterator
Event: 3.738 Loading class java/util/concurrent/ConcurrentSkipListMap$Iter
Event: 3.738 Loading class java/util/concurrent/ConcurrentSkipListMap$Iter done
Event: 3.738 Loading class java/util/concurrent/ConcurrentSkipListMap$EntryIterator done

Classes unloaded (0 events):
No events

Classes redefined (0 events):
No events

Internal exceptions (19 events):
Event: 0.572 Thread 0x0000024253991250 Exception <a 'java/lang/NoSuchMethodError'{0x00000000ffc0c098}: 'void java.lang.invoke.DirectMethodHandle$Holder.invokeStatic(java.lang.Object, java.lang.Object)'> (0x00000000ffc0c098) 
thrown [s\open\src\hotspot\share\interpreter\linkResolver.cpp, line 774]
Event: 0.575 Thread 0x0000024253991250 Exception <a 'java/lang/NoSuchMethodError'{0x00000000ffc0fb50}: 'void java.lang.invoke.DirectMethodHandle$Holder.invokeSpecial(java.lang.Object, java.lang.Object, java.lang.Object)'> (0x00000000ffc0fb50) 
thrown [s\open\src\hotspot\share\interpreter\linkResolver.cpp, line 774]
Event: 0.605 Thread 0x0000024253991250 Exception <a 'java/lang/NoSuchMethodError'{0x00000000ffc63000}: 'int java.lang.invoke.DirectMethodHandle$Holder.invokeStaticInit(java.lang.Object, java.lang.Object)'> (0x00000000ffc63000) 
thrown [s\open\src\hotspot\share\interpreter\linkResolver.cpp, line 774]
Event: 2.043 Thread 0x0000024253991250 Exception <a 'java/lang/NoSuchMethodError'{0x00000000ff2810a8}: 'java.lang.Object java.lang.invoke.DirectMethodHandle$Holder.invokeVirtual(java.lang.Object, java.lang.Object, java.lang.Object)'> (0x00000000ff2810a8) 
thrown [s\open\src\hotspot\share\interpreter\linkResolver.cpp, line 774]
Event: 2.520 Thread 0x0000024253991250 Exception <a 'java/lang/NoClassDefFoundError'{0x00000000feb210f0}: org/slf4j/impl/StaticMarkerBinder> (0x00000000feb210f0) 
thrown [s\open\src\hotspot\share\classfile\systemDictionary.cpp, line 302]
Event: 2.560 Thread 0x0000024253991250 Exception <a 'java/lang/NoSuchMethodError'{0x00000000febed038}: 'java.lang.Object java.lang.invoke.DirectMethodHandle$Holder.invokeStatic(java.lang.Object, java.lang.Object, int)'> (0x00000000febed038) 
thrown [s\open\src\hotspot\share\interpreter\linkResolver.cpp, line 774]
Event: 2.562 Thread 0x0000024253991250 Exception <a 'java/lang/NoSuchMethodError'{0x00000000febf8a08}: 'void java.lang.invoke.DelegatingMethodHandle$Holder.delegate(java.lang.Object, java.lang.Object, int, java.lang.Object)'> (0x00000000febf8a08) 
thrown [s\open\src\hotspot\share\interpreter\linkResolver.cpp, line 774]
Event: 2.563 Thread 0x0000024253991250 Exception <a 'java/lang/NoSuchMethodError'{0x00000000febfc798}: 'int java.lang.invoke.DirectMethodHandle$Holder.invokeSpecial(java.lang.Object, java.lang.Object, java.lang.Object)'> (0x00000000febfc798) 
thrown [s\open\src\hotspot\share\interpreter\linkResolver.cpp, line 774]
Event: 2.787 Thread 0x0000024253991250 Exception <a 'java/lang/NoSuchMethodError'{0x00000000fe73abc0}: 'java.lang.Object java.lang.invoke.DirectMethodHandle$Holder.newInvokeSpecial(java.lang.Object, java.lang.Object, java.lang.Object, java.lang.Object, java.lang.Object)'> (0x00000000fe73abc0) 
thrown [s\open\src\hotspot\share\interpreter\linkResolver.cpp, line 774]
Event: 2.806 Thread 0x0000024253991250 Exception <a 'java/lang/NoSuchMethodError'{0x00000000fe78d0d0}: 'java.lang.Object java.lang.invoke.Invokers$Holder.invokeExact_MT(java.lang.Object, java.lang.Object, java.lang.Object, java.lang.Object, java.lang.Object)'> (0x00000000fe78d0d0) 
thrown [s\open\src\hotspot\share\interpreter\linkResolver.cpp, line 774]
Event: 2.818 Thread 0x0000024253991250 Exception <a 'java/lang/NoSuchMethodError'{0x00000000fe7bc4f0}: 'java.lang.Object java.lang.invoke.DirectMethodHandle$Holder.invokeVirtual(java.lang.Object, java.lang.Object, java.lang.Object, java.lang.Object, java.lang.Object, java.lang.Object, java.lang.Object)'> (0x00000000fe7bc4f0) 
thrown [s\open\src\hotspot\share\interpreter\linkResolver.cpp, line 774]
Event: 2.844 Thread 0x0000024253991250 Exception <a 'java/lang/NoSuchMethodError'{0x00000000fe602180}: 'java.lang.Object java.lang.invoke.DirectMethodHandle$Holder.invokeVirtual(java.lang.Object, java.lang.Object, java.lang.Object, java.lang.Object)'> (0x00000000fe602180) 
thrown [s\open\src\hotspot\share\interpreter\linkResolver.cpp, line 774]
Event: 2.938 Thread 0x0000024253991250 Exception <a 'java/lang/NoSuchMethodError'{0x00000000fe6c29b8}: 'java.lang.Object java.lang.invoke.DirectMethodHandle$Holder.invokeVirtual(java.lang.Object, java.lang.Object, java.lang.Object, java.lang.Object, java.lang.Object, java.lang.Object)'> (0x00000000fe6c29b8) 
thrown [s\open\src\hotspot\share\interpreter\linkResolver.cpp, line 774]
Event: 3.110 Thread 0x0000024253991250 Implicit null exception at 0x00000242659bc7c1 to 0x00000242659bca34
Event: 3.395 Thread 0x0000024253991250 Exception <a 'java/lang/NoSuchMethodError'{0x00000000ffcb19b0}: 'int java.lang.invoke.DirectMethodHandle$Holder.invokeVirtual(java.lang.Object, java.lang.Object, java.lang.Object)'> (0x00000000ffcb19b0) 
thrown [s\open\src\hotspot\share\interpreter\linkResolver.cpp, line 774]
Event: 3.538 Thread 0x0000024253991250 Exception <a 'java/lang/NoSuchMethodError'{0x00000000ffa3bfe8}: 'java.lang.Object java.lang.invoke.DirectMethodHandle$Holder.invokeVirtual(java.lang.Object, java.lang.Object, java.lang.Object, java.lang.Object, java.lang.Object)'> (0x00000000ffa3bfe8) 
thrown [s\open\src\hotspot\share\interpreter\linkResolver.cpp, line 774]
Event: 3.541 Thread 0x0000024253991250 Exception <a 'java/lang/NoSuchMethodError'{0x00000000ffa4ede8}: 'java.lang.Object java.lang.invoke.Invokers$Holder.invokeExact_MT(java.lang.Object, java.lang.Object, java.lang.Object, java.lang.Object, java.lang.Object, java.lang.Object)'> (0x00000000ffa4ede8) 
thrown [s\open\src\hotspot\share\interpreter\linkResolver.cpp, line 774]
Event: 3.606 Thread 0x0000024253991250 Exception <a 'java/lang/NoSuchMethodError'{0x00000000ffafa5c0}: 'java.lang.Object java.lang.invoke.DirectMethodHandle$Holder.invokeSpecialIFC(java.lang.Object, java.lang.Object, java.lang.Object, java.lang.Object)'> (0x00000000ffafa5c0) 
thrown [s\open\src\hotspot\share\interpreter\linkResolver.cpp, line 774]
Event: 3.612 Thread 0x0000024253991250 Exception <a 'java/lang/NoSuchMethodError'{0x00000000ff903b28}: 'java.lang.Object java.lang.invoke.DirectMethodHandle$Holder.invokeVirtual(java.lang.Object, java.lang.Object, java.lang.Object, java.lang.Object, java.lang.Object, java.lang.Object, java.lang.Object, java.lang.Object)'> (0x00000000ff903b28) 
thrown [s\open\src\hotspot\share\interpreter\linkResolver.cpp, line 774]

ZGC Phase Switch (0 events):
No events

VM Operations (20 events):
Event: 1.071 Executing VM operation: G1CollectForAllocation (G1 Evacuation Pause)
Event: 1.086 Executing VM operation: G1CollectForAllocation (G1 Evacuation Pause) done
Event: 2.053 Executing VM operation: HandshakeAllThreads (Deoptimize)
Event: 2.053 Executing VM operation: HandshakeAllThreads (Deoptimize) done
Event: 2.511 Executing VM operation: HandshakeAllThreads (Deoptimize)
Event: 2.511 Executing VM operation: HandshakeAllThreads (Deoptimize) done
Event: 2.511 Executing VM operation: Cleanup
Event: 2.511 Executing VM operation: Cleanup done
Event: 2.512 Executing VM operation: HandshakeAllThreads (Deoptimize)
Event: 2.512 Executing VM operation: HandshakeAllThreads (Deoptimize) done
Event: 2.560 Executing VM operation: HandshakeAllThreads (Deoptimize)
Event: 2.560 Executing VM operation: HandshakeAllThreads (Deoptimize) done
Event: 2.766 Executing VM operation: HandshakeAllThreads (Deoptimize)
Event: 2.766 Executing VM operation: HandshakeAllThreads (Deoptimize) done
Event: 2.811 Executing VM operation: HandshakeAllThreads (Deoptimize)
Event: 2.811 Executing VM operation: HandshakeAllThreads (Deoptimize) done
Event: 2.950 Executing VM operation: G1CollectForAllocation (G1 Evacuation Pause)
Event: 2.957 Executing VM operation: G1CollectForAllocation (G1 Evacuation Pause) done
Event: 3.338 Executing VM operation: HandshakeAllThreads (Deoptimize)
Event: 3.338 Executing VM operation: HandshakeAllThreads (Deoptimize) done

Memory protections (0 events):
No events

Nmethod flushes (0 events):
No events

Events (16 events):
Event: 0.070 Thread 0x0000024253991250 Thread added: 0x0000024253991250
Event: 0.117 Thread 0x0000024253991250 Thread added: 0x0000024241107020
Event: 0.118 Thread 0x0000024253991250 Thread added: 0x00000242411080f0
Event: 0.118 Thread 0x0000024253991250 Thread added: 0x000002424110a070
Event: 0.118 Thread 0x0000024253991250 Thread added: 0x000002424110cae0
Event: 0.118 Thread 0x0000024253991250 Thread added: 0x000002424110d540
Event: 0.118 Thread 0x0000024253991250 Thread added: 0x000002424110dfa0
Event: 0.119 Thread 0x0000024253991250 Thread added: 0x000002424110ed30
Event: 0.129 Thread 0x0000024253991250 Thread added: 0x0000024241117030
Event: 0.224 Thread 0x0000024253991250 Thread added: 0x0000024241376fe0
Event: 0.228 Thread 0x0000024253991250 Thread added: 0x000002424137be80
Event: 1.235 Thread 0x0000024241117030 Thread added: 0x000002424154eaa0
Event: 1.748 Thread 0x000002424154eaa0 Thread exited: 0x000002424154eaa0
Event: 1.752 Thread 0x000002424110ed30 Thread added: 0x0000024241549d50
Event: 2.217 Thread 0x0000024241549d50 Thread exited: 0x0000024241549d50
Event: 2.685 Thread 0x0000024253991250 Thread added: 0x00000242460ee9b0


Dynamic libraries:
0x00007ff62ad90000 - 0x00007ff62ad9e000 	C:\Program Files\OpenJDK\jdk-22.0.2\bin\java.exe
0x00007ffb05ad0000 - 0x00007ffb05cc8000 	C:\WINDOWS\SYSTEM32\ntdll.dll
0x00007ffb05620000 - 0x00007ffb056e2000 	C:\WINDOWS\System32\KERNEL32.DLL
0x00007ffb03520000 - 0x00007ffb03816000 	C:\WINDOWS\System32\KERNELBASE.dll
0x00007ffb03820000 - 0x00007ffb03920000 	C:\WINDOWS\System32\ucrtbase.dll
0x00007ffaf9310000 - 0x00007ffaf9327000 	C:\Program Files\OpenJDK\jdk-22.0.2\bin\jli.dll
0x00007ffb03af0000 - 0x00007ffb03c8d000 	C:\WINDOWS\System32\USER32.dll
0x00007ffb03920000 - 0x00007ffb03942000 	C:\WINDOWS\System32\win32u.dll
0x00007ffb05950000 - 0x00007ffb0597b000 	C:\WINDOWS\System32\GDI32.dll
0x00007ffb039d0000 - 0x00007ffb03ae9000 	C:\WINDOWS\System32\gdi32full.dll
0x00007ffb03480000 - 0x00007ffb0351d000 	C:\WINDOWS\System32\msvcp_win.dll
0x00007ffaef0c0000 - 0x00007ffaef0db000 	C:\Program Files\OpenJDK\jdk-22.0.2\bin\VCRUNTIME140.dll
0x00007ffaf2760000 - 0x00007ffaf29fa000 	C:\WINDOWS\WinSxS\amd64_microsoft.windows.common-controls_6595b64144ccf1df_6.0.19041.5915_none_60b4b9d171f9c7c7\COMCTL32.dll
0x00007ffb04070000 - 0x00007ffb0410e000 	C:\WINDOWS\System32\msvcrt.dll
0x00007ffb04940000 - 0x00007ffb0496f000 	C:\WINDOWS\System32\IMM32.DLL
0x00007ffaf0b60000 - 0x00007ffaf0b6c000 	C:\Program Files\OpenJDK\jdk-22.0.2\bin\vcruntime140_1.dll
0x00007ffaef030000 - 0x00007ffaef0be000 	C:\Program Files\OpenJDK\jdk-22.0.2\bin\msvcp140.dll
0x00007ffaa3420000 - 0x00007ffaa4169000 	C:\Program Files\OpenJDK\jdk-22.0.2\bin\server\jvm.dll
0x00007ffb04110000 - 0x00007ffb041c1000 	C:\WINDOWS\System32\ADVAPI32.dll
0x00007ffb05120000 - 0x00007ffb051bf000 	C:\WINDOWS\System32\sechost.dll
0x00007ffb04f90000 - 0x00007ffb050b3000 	C:\WINDOWS\System32\RPCRT4.dll
0x00007ffb03210000 - 0x00007ffb03237000 	C:\WINDOWS\System32\bcrypt.dll
0x00007ffb05520000 - 0x00007ffb0558b000 	C:\WINDOWS\System32\WS2_32.dll
0x00007ffb026a0000 - 0x00007ffb026eb000 	C:\WINDOWS\SYSTEM32\POWRPROF.dll
0x00007ffaf5a20000 - 0x00007ffaf5a2a000 	C:\WINDOWS\SYSTEM32\VERSION.dll
0x00007ffaf31d0000 - 0x00007ffaf31f7000 	C:\WINDOWS\SYSTEM32\WINMM.dll
0x00007ffb02560000 - 0x00007ffb02572000 	C:\WINDOWS\SYSTEM32\UMPDC.dll
0x00007ffb00f00000 - 0x00007ffb00f12000 	C:\WINDOWS\SYSTEM32\kernel.appcore.dll
0x00007ffaef020000 - 0x00007ffaef02a000 	C:\Program Files\OpenJDK\jdk-22.0.2\bin\jimage.dll
0x00007ffaf2e80000 - 0x00007ffaf3081000 	C:\WINDOWS\SYSTEM32\DBGHELP.DLL
0x00007ffaed9b0000 - 0x00007ffaed9e4000 	C:\WINDOWS\SYSTEM32\dbgcore.DLL
0x00007ffb033a0000 - 0x00007ffb03422000 	C:\WINDOWS\System32\bcryptPrimitives.dll
0x00007ffaedb40000 - 0x00007ffaedb5e000 	C:\Program Files\OpenJDK\jdk-22.0.2\bin\java.dll
0x00007ffb041d0000 - 0x00007ffb0493e000 	C:\WINDOWS\System32\SHELL32.dll
0x00007ffb053e0000 - 0x00007ffb0550b000 	C:\WINDOWS\System32\ole32.dll
0x00007ffb03d10000 - 0x00007ffb04063000 	C:\WINDOWS\System32\combase.dll
0x00007ffb011e0000 - 0x00007ffb01984000 	C:\WINDOWS\SYSTEM32\windows.storage.dll
0x00007ffb02b90000 - 0x00007ffb02bbb000 	C:\WINDOWS\SYSTEM32\Wldp.dll
0x00007ffb056f0000 - 0x00007ffb057bd000 	C:\WINDOWS\System32\OLEAUT32.dll
0x00007ffb051c0000 - 0x00007ffb0526d000 	C:\WINDOWS\System32\SHCORE.dll
0x00007ffb03cb0000 - 0x00007ffb03d0b000 	C:\WINDOWS\System32\shlwapi.dll
0x00007ffb03090000 - 0x00007ffb030b5000 	C:\WINDOWS\SYSTEM32\profapi.dll
0x00007ffac55c0000 - 0x00007ffac5697000 	C:\Program Files\OpenJDK\jdk-22.0.2\bin\jsvml.dll
0x00007ffaedb30000 - 0x00007ffaedb40000 	C:\Program Files\OpenJDK\jdk-22.0.2\bin\net.dll
0x00007ffb028f0000 - 0x00007ffb0295a000 	C:\WINDOWS\system32\mswsock.dll
0x00007ffaedb10000 - 0x00007ffaedb26000 	C:\Program Files\OpenJDK\jdk-22.0.2\bin\nio.dll
0x00007ffaedaf0000 - 0x00007ffaedb07000 	C:\Program Files\OpenJDK\jdk-22.0.2\bin\zip.dll
0x00007ffaedae0000 - 0x00007ffaedaf0000 	C:\Program Files\OpenJDK\jdk-22.0.2\bin\verify.dll
0x00007ffaea840000 - 0x00007ffaea867000 	C:\Users\AJ\.gradle\native\c067742578af261105cb4f569cf0c3c89f3d7b1fecec35dd04571415982c5e48\windows-amd64\native-platform.dll
0x00007ffaead50000 - 0x00007ffaead5a000 	C:\Program Files\OpenJDK\jdk-22.0.2\bin\management.dll
0x00007ffaead20000 - 0x00007ffaead2b000 	C:\Program Files\OpenJDK\jdk-22.0.2\bin\management_ext.dll
0x00007ffb05510000 - 0x00007ffb05518000 	C:\WINDOWS\System32\PSAPI.DLL

dbghelp: loaded successfully - version: 4.0.5 - missing functions: none
symbol engine: initialized successfully - sym options: 0x614 - pdb path: .;C:\Program Files\OpenJDK\jdk-22.0.2\bin;C:\WINDOWS\SYSTEM32;C:\WINDOWS\WinSxS\amd64_microsoft.windows.common-controls_6595b64144ccf1df_6.0.19041.5915_none_60b4b9d171f9c7c7;C:\Program Files\OpenJDK\jdk-22.0.2\bin\server;C:\Users\AJ\.gradle\native\c067742578af261105cb4f569cf0c3c89f3d7b1fecec35dd04571415982c5e48\windows-amd64

VM Arguments:
jvm_args: -Xmx64m -Xms64m -Dorg.gradle.appname=gradlew 
java_command: org.gradle.wrapper.GradleWrapperMain -I C:\Users\AJ\AppData\Local\Temp\classpath3691070197787317061.gradle kotlinLSPProjectDeps --console=plain
java_class_path (initial): e:\React native\MyApp\android\\gradle\wrapper\gradle-wrapper.jar
Launcher Type: SUN_STANDARD

[Global flags]
     intx CICompilerCount                          = 3                                         {product} {ergonomic}
     uint ConcGCThreads                            = 1                                         {product} {ergonomic}
     uint G1ConcRefinementThreads                  = 4                                         {product} {ergonomic}
   size_t G1HeapRegionSize                         = 1048576                                   {product} {ergonomic}
   size_t InitialHeapSize                          = 67108864                                  {product} {command line}
   size_t MarkStackSize                            = 4194304                                   {product} {ergonomic}
   size_t MaxHeapSize                              = 67108864                                  {product} {command line}
   size_t MaxNewSize                               = 39845888                                  {product} {ergonomic}
   size_t MinHeapDeltaBytes                        = 1048576                                   {product} {ergonomic}
   size_t MinHeapSize                              = 67108864                                  {product} {command line}
    uintx NonNMethodCodeHeapSize                   = 5832780                                {pd product} {ergonomic}
    uintx NonProfiledCodeHeapSize                  = 122912730                              {pd product} {ergonomic}
    uintx ProfiledCodeHeapSize                     = 122912730                              {pd product} {ergonomic}
    uintx ReservedCodeCacheSize                    = 251658240                              {pd product} {ergonomic}
     bool SegmentedCodeCache                       = true                                      {product} {ergonomic}
   size_t SoftMaxHeapSize                          = 67108864                               {manageable} {ergonomic}
     bool UseCompressedOops                        = true                           {product lp64_product} {ergonomic}
     bool UseG1GC                                  = true                                      {product} {ergonomic}
     bool UseLargePagesIndividualAllocation        = false                                  {pd product} {ergonomic}

Logging:
Log output configuration:
 #0: stdout all=warning uptime,level,tags foldmultilines=false
 #1: stderr all=off uptime,level,tags foldmultilines=false

Environment Variables:
JAVA_HOME=C:\Program Files\OpenJDK\jdk-22.0.2
CLASSPATH=e:\React native\MyApp\android\\gradle\wrapper\gradle-wrapper.jar
PATH=C:\Program Files\Common Files\Oracle\Java\javapath;C:\Program Files (x86)\OpenLogic\jre-8.0.382.05-hotspot\bin;C:\Program Files\Microsoft\jdk-11.0.18.10-hotspot\bin;C:\ProgramData\chocolatey\bin;C:\Users\AJ\AppData\Local\Android\Sdk\platform-tools;C:\WINDOWS\system32;C:\WINDOWS;C:\WINDOWS\System32\Wbem;C:\WINDOWS\System32\WindowsPowerShell\v1.0\;C:\WINDOWS\System32\OpenSSH\;C:\Users\AJ\AppData\Local\Programs\Python\Python312\;C:\Users\AJ\AppData\Local\Programs\Python\Python312\Scripts\;C:\Program Files\Git\cmd;C:\Program Files\Git\bin;C:\Program Files (x86)\Microsoft SQL Server\160\Tools\Binn\;C:\Program Files\Microsoft SQL Server\160\Tools\Binn\;C:\Program Files\Microsoft SQL Server\Client SDK\ODBC\170\Tools\Binn\;C:\Program Files\Microsoft SQL Server\160\DTS\Binn\;C:\Program Files\nodejs\;C:\Program Files (x86)\Microsoft SQL Server\160\DTS\Binn\;C:\Program Files\OpenJDK\jdk-22.0.2\bin;C:\Program Files (x86)\dotnet\;C:\Users\AJ\AppData\Local\Programs\Python\Python313\Scripts\;C:\Users\AJ\AppData\Local\Programs\Python\Python313\;C:\Users\AJ\AppData\Local\Programs\Python\Launcher\;C:\Users\AJ\AppData\Local\Microsoft\WindowsApps;C:\Users\AJ\AppData\Local\Programs\Microsoft VS Code\bin;C:\Users\AJ\AppData\Local\JetBrains\IntelliJ IDEA 2024.1.3\bin;C:\Users\AJ\AppData\Roaming\npm
USERNAME=AJ
OS=Windows_NT
PROCESSOR_IDENTIFIER=Intel64 Family 6 Model 69 Stepping 1, GenuineIntel
TMP=C:\Users\AJ\AppData\Local\Temp
TEMP=C:\Users\AJ\AppData\Local\Temp




Periodic native trim disabled

---------------  S Y S T E M  ---------------

OS:
 Windows 10 , 64 bit Build 19041 (10.0.19041.5915)
OS uptime: 0 days 1:22 hours

CPU: total 4 (initial active 4) (2 cores per cpu, 2 threads per core) family 6 model 69 stepping 1 microcode 0x25, cx8, cmov, fxsr, ht, mmx, sse, sse2, sse3, ssse3, sse4.1, sse4.2, popcnt, lzcnt, tsc, tscinvbit, avx, avx2, aes, erms, clmul, bmi1, bmi2, fma, vzeroupper, clflush, rdtscp, f16c
Processor Information for all 4 processors :
  Max Mhz: 2494, Current Mhz: 1895, Mhz Limit: 1895

Memory: 4k page, system-wide physical 7878M (481M free)
TotalPageFile size 13223M (AvailPageFile size 76M)
current process WorkingSet (physical memory assigned to process): 96M, peak: 96M
current process commit charge ("private bytes"): 158M, peak: 159M

vm_info: OpenJDK 64-Bit Server VM (22.0.2+9-70) for windows-amd64 JRE (22.0.2+9-70), built on 2024-06-04T16:52:23Z by "mach5one" with MS VC++ 17.6 (VS2022)

END.
