#
# There is insufficient memory for the Java Runtime Environment to continue.
# Native memory allocation (mmap) failed to map 67108864 bytes. Error detail: G1 virtual space
# Possible reasons:
#   The system is out of physical RAM or swap space
#   This process is running with CompressedOops enabled, and the Java Heap may be blocking the growth of the native heap
# Possible solutions:
#   Reduce memory load on the system
#   Increase physical memory or swap space
#   Check if swap backing store is full
#   Decrease Java heap size (-Xmx/-Xms)
#   Decrease number of Java threads
#   Decrease Java thread stack sizes (-Xss)
#   Set larger code cache with -XX:ReservedCodeCacheSize=
#   JVM is running with Unscaled Compressed Oops mode in which the Java heap is
#     placed in the first 4GB address space. The Java Heap base address is the
#     maximum limit for the native heap growth. Please use -XX:HeapBaseMinAddress
#     to set the Java Heap base and to place the Java Heap above 4GB virtual address.
# This output file may be truncated or incomplete.
#
#  Out of Memory Error (os_windows.cpp:3631), pid=3444, tid=9116
#
# JRE version:  (22.0.2+9) (build )
# Java VM: OpenJDK 64-Bit Server VM (22.0.2+9-70, mixed mode, sharing, tiered, compressed oops, compressed class ptrs, g1 gc, windows-amd64)
# No core dump will be written. Minidumps are not enabled by default on client versions of Windows
#

---------------  S U M M A R Y ------------

Command Line: -Xmx64m -Xms64m -Dorg.gradle.appname=gradlew org.gradle.wrapper.GradleWrapperMain -I C:\Users\AJ\AppData\Local\Temp\classpath10607961279472040974.gradle kotlinLSPProjectDeps --console=plain

Host: Intel(R) Core(TM) i5-4300U CPU @ 1.90GHz, 4 cores, 7G,  Windows 10 , 64 bit Build 19041 (10.0.19041.5915)
Time: Wed Jul 30 14:44:55 2025 Pakistan Standard Time elapsed time: 0.098415 seconds (0d 0h 0m 0s)

---------------  T H R E A D  ---------------

Current thread (0x000001eee6ebc7a0):  JavaThread "Unknown thread" [_thread_in_vm, id=9116, stack(0x0000009bdfe00000,0x0000009bdff00000) (1024K)]

Stack: [0x0000009bdfe00000,0x0000009bdff00000]
Native frames: (J=compiled Java code, j=interpreted, Vv=VM code, C=native code)
V  [jvm.dll+0x6e26e9]  (no source info available)
V  [jvm.dll+0x875753]  (no source info available)
V  [jvm.dll+0x877b7e]  (no source info available)
V  [jvm.dll+0x878253]  (no source info available)
V  [jvm.dll+0x27fc86]  (no source info available)
V  [jvm.dll+0x6ded85]  (no source info available)
V  [jvm.dll+0x6d388a]  (no source info available)
V  [jvm.dll+0x358b8a]  (no source info available)
V  [jvm.dll+0x3610b6]  (no source info available)
V  [jvm.dll+0x3b419e]  (no source info available)
V  [jvm.dll+0x3b4448]  (no source info available)
V  [jvm.dll+0x32c5ec]  (no source info available)
V  [jvm.dll+0x32d258]  (no source info available)
V  [jvm.dll+0x83d5ac]  (no source info available)
V  [jvm.dll+0x3c10d1]  (no source info available)
V  [jvm.dll+0x8264cc]  (no source info available)
V  [jvm.dll+0x45bd5e]  (no source info available)
V  [jvm.dll+0x45dbe1]  (no source info available)
C  [jli.dll+0x52a3]  (no source info available)
C  [ucrtbase.dll+0x21bb2]  (no source info available)
C  [KERNEL32.DLL+0x17374]  (no source info available)
C  [ntdll.dll+0x4cc91]  (no source info available)


---------------  P R O C E S S  ---------------

Threads class SMR info:
_java_thread_list=0x00007ffd8c96c1c8, length=0, elements={
}

Java Threads: ( => current thread )
Total: 0

Other Threads:
  0x000001eee90ef750 WorkerThread "GC Thread#0"                     [id=9800, stack(0x0000009bdff00000,0x0000009be0000000) (1024K)]
  0x000001eee90f0f40 ConcurrentGCThread "G1 Main Marker"            [id=12672, stack(0x0000009be0000000,0x0000009be0100000) (1024K)]
  0x000001eee90f1c00 WorkerThread "G1 Conc#0"                       [id=8300, stack(0x0000009be0100000,0x0000009be0200000) (1024K)]

[error occurred during error reporting (printing all threads), id 0xc0000005, EXCEPTION_ACCESS_VIOLATION (0xc0000005) at pc=0x00007ffd8c0bf517]
VM state: not at safepoint (not fully initialized)

VM Mutex/Monitor currently owned by a thread:  ([mutex/lock_event])
[0x00007ffd8c9ecc80] Heap_lock - owner thread: 0x000001eee6ebc7a0

Heap address: 0x00000000fc000000, size: 64 MB, Compressed Oops mode: 32-bit

CDS archive(s) mapped at: [0x0000000000000000-0x0000000000000000-0x0000000000000000), size 0, SharedBaseAddress: 0x0000000800000000, ArchiveRelocationMode: 1.
Narrow klass base: 0x0000000000000000, Narrow klass shift: 0, Narrow klass range: 0x0

GC Precious Log:
 CardTable entry size: 512
 Card Set container configuration: InlinePtr #cards 5 size 8 Array Of Cards #cards 12 size 40 Howl #buckets 4 coarsen threshold 1843 Howl Bitmap #cards 512 size 80 coarsen threshold 460 Card regions per heap region 1 cards per card region 2048

Heap:
 garbage-first heap   total reserved 65536K, committed 0K, used 0K [0x00000000fc000000, 0x0000000100000000)
  region size 1024K, 0 young (0K), 0 survivors (0K)

[error occurred during error reporting (printing heap information), id 0xc0000005, EXCEPTION_ACCESS_VIOLATION (0xc0000005) at pc=0x00007ffd8c4be869]
GC Heap History (0 events):
No events

Dll operation events (1 events):
Event: 0.024 Loaded shared library C:\Program Files\OpenJDK\jdk-22.0.2\bin\java.dll

Deoptimization events (0 events):
No events

Classes loaded (0 events):
No events

Classes unloaded (0 events):
No events

Classes redefined (0 events):
No events

Internal exceptions (0 events):
No events

ZGC Phase Switch (0 events):
No events

VM Operations (0 events):
No events

Memory protections (0 events):
No events

Nmethod flushes (0 events):
No events

Events (0 events):
No events


Dynamic libraries:
0x00007ff6baa20000 - 0x00007ff6baa2e000 	C:\Program Files\OpenJDK\jdk-22.0.2\bin\java.exe
0x00007ffdf0370000 - 0x00007ffdf0568000 	C:\WINDOWS\SYSTEM32\ntdll.dll
0x00007ffdeec80000 - 0x00007ffdeed42000 	C:\WINDOWS\System32\KERNEL32.DLL
0x00007ffdedcc0000 - 0x00007ffdedfb6000 	C:\WINDOWS\System32\KERNELBASE.dll
0x00007ffdee010000 - 0x00007ffdee110000 	C:\WINDOWS\System32\ucrtbase.dll
0x00007ffde98f0000 - 0x00007ffde9907000 	C:\Program Files\OpenJDK\jdk-22.0.2\bin\jli.dll
0x00007ffdefed0000 - 0x00007ffdf006d000 	C:\WINDOWS\System32\USER32.dll
0x00007ffdee190000 - 0x00007ffdee1b2000 	C:\WINDOWS\System32\win32u.dll
0x00007ffdee610000 - 0x00007ffdee63b000 	C:\WINDOWS\System32\GDI32.dll
0x00007ffdee270000 - 0x00007ffdee389000 	C:\WINDOWS\System32\gdi32full.dll
0x00007ffdeda30000 - 0x00007ffdedacd000 	C:\WINDOWS\System32\msvcp_win.dll
0x00007ffde5ff0000 - 0x00007ffde600b000 	C:\Program Files\OpenJDK\jdk-22.0.2\bin\VCRUNTIME140.dll
0x00007ffdddc70000 - 0x00007ffdddf0a000 	C:\WINDOWS\WinSxS\amd64_microsoft.windows.common-controls_6595b64144ccf1df_6.0.19041.5915_none_60b4b9d171f9c7c7\COMCTL32.dll
0x00007ffdf00a0000 - 0x00007ffdf013e000 	C:\WINDOWS\System32\msvcrt.dll
0x00007ffdf0070000 - 0x00007ffdf009f000 	C:\WINDOWS\System32\IMM32.DLL
0x00007ffde5fe0000 - 0x00007ffde5fec000 	C:\Program Files\OpenJDK\jdk-22.0.2\bin\vcruntime140_1.dll
0x00007ffda75d0000 - 0x00007ffda765e000 	C:\Program Files\OpenJDK\jdk-22.0.2\bin\msvcp140.dll
0x00007ffd8bd80000 - 0x00007ffd8cac9000 	C:\Program Files\OpenJDK\jdk-22.0.2\bin\server\jvm.dll
0x00007ffdef920000 - 0x00007ffdef9d1000 	C:\WINDOWS\System32\ADVAPI32.dll
0x00007ffdeee10000 - 0x00007ffdeeeaf000 	C:\WINDOWS\System32\sechost.dll
0x00007ffdeeb40000 - 0x00007ffdeec63000 	C:\WINDOWS\System32\RPCRT4.dll
0x00007ffdeda00000 - 0x00007ffdeda27000 	C:\WINDOWS\System32\bcrypt.dll
0x00007ffdf0260000 - 0x00007ffdf02cb000 	C:\WINDOWS\System32\WS2_32.dll
0x00007ffdecf40000 - 0x00007ffdecf8b000 	C:\WINDOWS\SYSTEM32\POWRPROF.dll
0x00007ffdde1d0000 - 0x00007ffdde1f7000 	C:\WINDOWS\SYSTEM32\WINMM.dll
0x00007ffde3990000 - 0x00007ffde399a000 	C:\WINDOWS\SYSTEM32\VERSION.dll
0x00007ffdece00000 - 0x00007ffdece12000 	C:\WINDOWS\SYSTEM32\UMPDC.dll
0x00007ffdeb7a0000 - 0x00007ffdeb7b2000 	C:\WINDOWS\SYSTEM32\kernel.appcore.dll
0x00007ffdd5730000 - 0x00007ffdd573a000 	C:\Program Files\OpenJDK\jdk-22.0.2\bin\jimage.dll
0x00007ffdddfc0000 - 0x00007ffdde1c1000 	C:\WINDOWS\SYSTEM32\DBGHELP.DLL
0x00007ffdd7310000 - 0x00007ffdd7344000 	C:\WINDOWS\SYSTEM32\dbgcore.DLL
0x00007ffdedc30000 - 0x00007ffdedcb2000 	C:\WINDOWS\System32\bcryptPrimitives.dll
0x00007ffdc9ce0000 - 0x00007ffdc9cfe000 	C:\Program Files\OpenJDK\jdk-22.0.2\bin\java.dll
0x00007ffdef1b0000 - 0x00007ffdef91e000 	C:\WINDOWS\System32\SHELL32.dll
0x00007ffdeeeb0000 - 0x00007ffdeefdb000 	C:\WINDOWS\System32\ole32.dll
0x00007ffdee7e0000 - 0x00007ffdeeb33000 	C:\WINDOWS\System32\combase.dll

dbghelp: loaded successfully - version: 4.0.5 - missing functions: none
symbol engine: initialized successfully - sym options: 0x614 - pdb path: .;C:\Program Files\OpenJDK\jdk-22.0.2\bin;C:\WINDOWS\SYSTEM32;C:\WINDOWS\WinSxS\amd64_microsoft.windows.common-controls_6595b64144ccf1df_6.0.19041.5915_none_60b4b9d171f9c7c7;C:\Program Files\OpenJDK\jdk-22.0.2\bin\server

VM Arguments:
jvm_args: -Xmx64m -Xms64m -Dorg.gradle.appname=gradlew 
java_command: org.gradle.wrapper.GradleWrapperMain -I C:\Users\AJ\AppData\Local\Temp\classpath10607961279472040974.gradle kotlinLSPProjectDeps --console=plain
java_class_path (initial): e:\React native\MyApp\android\\gradle\wrapper\gradle-wrapper.jar
Launcher Type: SUN_STANDARD

[Global flags]
     intx CICompilerCount                          = 3                                         {product} {ergonomic}
     uint ConcGCThreads                            = 1                                         {product} {ergonomic}
     uint G1ConcRefinementThreads                  = 4                                         {product} {ergonomic}
   size_t G1HeapRegionSize                         = 1048576                                   {product} {ergonomic}
   size_t InitialHeapSize                          = 67108864                                  {product} {command line}
   size_t MarkStackSize                            = 4194304                                   {product} {ergonomic}
   size_t MaxHeapSize                              = 67108864                                  {product} {command line}
   size_t MinHeapDeltaBytes                        = 1048576                                   {product} {ergonomic}
   size_t MinHeapSize                              = 67108864                                  {product} {command line}
    uintx NonNMethodCodeHeapSize                   = 5832780                                {pd product} {ergonomic}
    uintx NonProfiledCodeHeapSize                  = 122912730                              {pd product} {ergonomic}
    uintx ProfiledCodeHeapSize                     = 122912730                              {pd product} {ergonomic}
    uintx ReservedCodeCacheSize                    = 251658240                              {pd product} {ergonomic}
     bool SegmentedCodeCache                       = true                                      {product} {ergonomic}
   size_t SoftMaxHeapSize                          = 67108864                               {manageable} {ergonomic}
     bool UseCompressedOops                        = true                           {product lp64_product} {ergonomic}
     bool UseG1GC                                  = true                                      {product} {ergonomic}
     bool UseLargePagesIndividualAllocation        = false                                  {pd product} {ergonomic}

Logging:
Log output configuration:
 #0: stdout all=warning uptime,level,tags foldmultilines=false
 #1: stderr all=off uptime,level,tags foldmultilines=false

Environment Variables:
JAVA_HOME=C:\Program Files\OpenJDK\jdk-22.0.2
CLASSPATH=e:\React native\MyApp\android\\gradle\wrapper\gradle-wrapper.jar
PATH=C:\Program Files\Common Files\Oracle\Java\javapath;C:\Program Files (x86)\OpenLogic\jre-8.0.382.05-hotspot\bin;C:\Program Files\Microsoft\jdk-11.0.18.10-hotspot\bin;C:\ProgramData\chocolatey\bin;C:\Users\AJ\AppData\Local\Android\Sdk\platform-tools;C:\WINDOWS\system32;C:\WINDOWS;C:\WINDOWS\System32\Wbem;C:\WINDOWS\System32\WindowsPowerShell\v1.0\;C:\WINDOWS\System32\OpenSSH\;C:\Users\AJ\AppData\Local\Programs\Python\Python312\;C:\Users\AJ\AppData\Local\Programs\Python\Python312\Scripts\;C:\Program Files\Git\cmd;C:\Program Files\Git\bin;C:\Program Files (x86)\Microsoft SQL Server\160\Tools\Binn\;C:\Program Files\Microsoft SQL Server\160\Tools\Binn\;C:\Program Files\Microsoft SQL Server\Client SDK\ODBC\170\Tools\Binn\;C:\Program Files\Microsoft SQL Server\160\DTS\Binn\;C:\Program Files\nodejs\;C:\Program Files (x86)\Microsoft SQL Server\160\DTS\Binn\;C:\Program Files\OpenJDK\jdk-22.0.2\bin;C:\Program Files (x86)\dotnet\;C:\Users\AJ\AppData\Local\Programs\Python\Python313\Scripts\;C:\Users\AJ\AppData\Local\Programs\Python\Python313\;C:\Users\AJ\AppData\Local\Programs\Python\Launcher\;C:\Users\AJ\AppData\Local\Microsoft\WindowsApps;C:\Users\AJ\AppData\Local\Programs\Microsoft VS Code\bin;C:\Users\AJ\AppData\Local\JetBrains\IntelliJ IDEA 2024.1.3\bin;C:\Users\AJ\AppData\Roaming\npm;C:\Users\AJ\AppData\Local\Programs\cursor\resources\app\bin
USERNAME=AJ
OS=Windows_NT
PROCESSOR_IDENTIFIER=Intel64 Family 6 Model 69 Stepping 1, GenuineIntel
TMP=C:\Users\AJ\AppData\Local\Temp
TEMP=C:\Users\AJ\AppData\Local\Temp




Periodic native trim disabled

---------------  S Y S T E M  ---------------

OS:
 Windows 10 , 64 bit Build 19041 (10.0.19041.5915)
OS uptime: 0 days 1:02 hours

CPU: total 4 (initial active 4) (2 cores per cpu, 2 threads per core) family 6 model 69 stepping 1 microcode 0x25, cx8, cmov, fxsr, ht, mmx, sse, sse2, sse3, ssse3, sse4.1, sse4.2, popcnt, lzcnt, tsc, tscinvbit, avx, avx2, aes, erms, clmul, bmi1, bmi2, fma, vzeroupper, clflush, rdtscp, f16c
Processor Information for all 4 processors :
  Max Mhz: 2494, Current Mhz: 1895, Mhz Limit: 1895

Memory: 4k page, system-wide physical 7878M (642M free)
TotalPageFile size 12841M (AvailPageFile size 48M)
current process WorkingSet (physical memory assigned to process): 11M, peak: 11M
current process commit charge ("private bytes"): 51M, peak: 115M

vm_info: OpenJDK 64-Bit Server VM (22.0.2+9-70) for windows-amd64 JRE (22.0.2+9-70), built on 2024-06-04T16:52:23Z by "mach5one" with MS VC++ 17.6 (VS2022)

END.
